Record_Type|Year_Record|State_Code|Station_Id|Travel_Dir|Travel_Lane|F_System|Num_Lanes|Sample_Type_Volume|Num_Lanes_Volume|Method_Volume|Sample_Type_Class|Num_Lanes_Class|Method_Class|Algorithm_Volume|Num_Classes|Sample_Type_Truck|Num_Lanes_Truck|Method_Truck|Calibration|Data_Retrieval|Type_Sensor_1|Type_Sensor_2|Primary_Purpose|LRS_Id|LRS_Point|Latitude|Longitude|SHRP_Id|Prev_Station_Id|Year_Established|Year_Discontinued|County_Code|Is_Sample|Sample_Id|NHS|Posted_Route_Signing|Posted_Signed_Route|Con_Route_Signing|Con_Signed_Route|Station_Location
S|02|000101|1|1|22|1R|1|T|1|3|H|1|0| |15| |0|0| |2|A| |P|01140000I000| 82005|62351350|150251910|    |      |99|00|170|N|170000008007|Y|0|00000000|0|        |Parks Hwy MP 117.25 @ Chulitna (Volum             
S|02|000101|5|1|22|1R|1|T|1|3|H|1|0| |15| |0|0| |2|A| |P|01140000I000| 82005|62351350|150251910|    |      |99|00|170|N|170000008007|Y|0|00000000|0|        |Parks Hwy MP 117.25 @ Chulitna (Volum             
S|02|000102|1|1|22|1R|2|T|2|3| |0|0| |13| |0|0| |2|A| |P|01060000I000| 58013|61732750|148779690|    |      |99|00|170|N|135000053556|Y|0|00000000|0|        |Glenn Hwy MP 65.5 @ Kings River (Volu             
S|02|000102|1|2|22|1R|2|T|2|3| |0|0| |13| |0|0| |2|A| |P|01060000I000| 58013|61732750|148779690|    |      |99|00|170|N|135000053556|Y|0|00000000|0|        |Glenn Hwy MP 65.5 @ Kings River (Volu             
S|02|000102|5|1|22|1R|2|T|2|3| |0|0| |13| |0|0| |2|A| |P|01060000I000| 58013|61732750|148779690|    |      |99|00|170|N|135000053556|Y|0|00000000|0|        |Glenn Hwy MP 65.5 @ Kings River (Volu             
S|02|000102|5|2|22|1R|2|T|2|3| |0|0| |13| |0|0| |2|A| |P|01060000I000| 58013|61732750|148779690|    |      |99|00|170|N|135000053556|Y|0|00000000|0|        |Glenn Hwy MP 65.5 @ Kings River (Volu             
S|02|000103|3|1|22|3U|2|T|2|3|H|2|3|G|15|T|2|5|A|2|B|L|P|  1338990000|      |61180770|149753116|    |      |03|00|000|N|            |N|0|       0|0|        |TUDOR ROAD BETWEEN PATTERSON S                    
S|02|000103|3|2|22|3U|2|T|2|3|H|2|3|G|15|T|2|5|A|2|B|L|P|  1338990000|      |61180770|149753116|    |      |03|00|000|N|            |N|0|       0|0|        |TUDOR ROAD BETWEEN PATTERSON S                    
S|02|000103|7|1|22|3U|2|T|2|3|H|2|3|G|15|T|2|5|A|2|B|L|P|  1338990000|      |61180770|149753116|    |      |03|00|000|N|            |N|0|       0|0|        |TUDOR ROAD BETWEEN PATTERSON S                    
S|02|000103|7|2|22|3U|2|T|2|3|H|2|3|G|15|T|2|5|A|2|B|L|P|  1338990000|      |61180770|149753116|    |      |03|00|000|N|            |N|0|       0|0|        |TUDOR ROAD BETWEEN PATTERSON S                    
S|02|000104|1|1|22|1R|1|T|1|3|H|1|0| |15| |0|0| |2|A| |P|01020000X000|115846|61076360|149829440|    |      |99|00|020|N|130000116075|Y|0|00000000|0|        |Seward Hwy MP 117.5 @ Potter Marsh (V             
S|02|000104|5|1|22|1R|1|T|1|3|H|1|0| |15| |0|0| |2|A| |P|01020000X000|115846|61076360|149829440|    |      |99|00|020|N|130000116075|Y|0|00000000|0|        |Seward Hwy MP 117.5 @ Potter Marsh (V             
S|02|000105|1|1|22|3R|1|T|1|3| |0|0| |13| |0|0| |2|A| |P|01000000X000|114637|59804090|151837810|    |      |99|00|122|N|110000002290|Y|0|00000000|0|        |Sterling Hwy MP 154.9 @ Anchor Point              
S|02|000105|5|1|22|3R|1|T|1|3| |0|0| |13| |0|0| |2|A| |P|01000000X000|114637|59804090|151837810|    |      |99|00|122|N|110000002290|Y|0|00000000|0|        |Sterling Hwy MP 154.9 @ Anchor Point              
S|02|000106|3|1|22|3U|1|T|1|3|H|1|0| |15| |0|0| |2|A| |P|02381092X000|  2965|61599530|149229250|    |      |99|00|170|N|BADB9D7F0120|Y|0|00000000|0|        |Palmer Wasilla Hwy @ Trunk Rd (Volume             
S|02|000106|7|1|22|3U|1|T|1|3|H|1|0| |15| |0|0| |2|A| |P|02381092X000|  2965|61599530|149229250|    |      |99|00|170|N|BADB9D7F0120|Y|0|00000000|0|        |Palmer Wasilla Hwy @ Trunk Rd (Volume             
S|02|000107|3|1|22|1R|1|T|1|3|H|1|0| |15| |0|0| |2|A| |P|01000000X000| 51433|60511510|150906980|    |      |99|00|122|N|5A4066B825C2|Y|0|00000000|0|        |Sterling Hwy MP 88.5 CCS (Volume, Cla             
S|02|000107|7|1|22|1R|1|T|1|3|H|1|0| |15| |0|0| |2|A| |P|01000000X000| 51433|60511510|150906980|    |      |99|00|122|N|5A4066B825C2|Y|0|00000000|0|        |Sterling Hwy MP 88.5 CCS (Volume, Cla             
S|02|000108|1|1|22|1R|4|T|4|3| |0|0| |13| |0|0| |2|A| |P|01060000I000|  9289|61284160|149606690|    |      |99|00|020|N|135000006318|Y|0|00000000|0|        |Glenn Hwy MP 10.75 @ Scalehouse (Volu             
S|02|000108|1|2|22|1R|4|T|4|3| |0|0| |13| |0|0| |2|A| |P|01060000I000|  9289|61284160|149606690|    |      |99|00|020|N|135000006318|Y|0|00000000|0|        |Glenn Hwy MP 10.75 @ Scalehouse (Volu             
S|02|000108|1|3|22|1R|4|T|4|3| |0|0| |13| |0|0| |2|A| |P|01060000I000|  9289|61284160|149606690|    |      |99|00|020|N|135000006318|Y|0|00000000|0|        |Glenn Hwy MP 10.75 @ Scalehouse (Volu             
S|02|000108|1|4|22|1R|4|T|4|3| |0|0| |13| |0|0| |2|A| |P|01060000I000|  9289|61284160|149606690|    |      |99|00|020|N|135000006318|Y|0|00000000|0|        |Glenn Hwy MP 10.75 @ Scalehouse (Volu             
S|02|000108|5|1|22|1R|4|T|4|3| |0|0| |13| |0|0| |2|A| |P|01060000I000|  9289|61284160|149606690|    |      |99|00|020|N|135000006318|Y|0|00000000|0|        |Glenn Hwy MP 10.75 @ Scalehouse (Volu             
S|02|000108|5|2|22|1R|4|T|4|3| |0|0| |13| |0|0| |2|A| |P|01060000I000|  9289|61284160|149606690|    |      |99|00|020|N|135000006318|Y|0|00000000|0|        |Glenn Hwy MP 10.75 @ Scalehouse (Volu             
S|02|000108|5|3|22|1R|4|T|4|3| |0|0| |13| |0|0| |2|A| |P|01060000I000|  9289|61284160|149606690|    |      |99|00|020|N|135000006318|Y|0|00000000|0|        |Glenn Hwy MP 10.75 @ Scalehouse (Volu             
S|02|000108|5|4|22|1R|4|T|4|3| |0|0| |13| |0|0| |2|A| |P|01060000I000|  9289|61284160|149606690|    |      |99|00|020|N|135000006318|Y|0|00000000|0|        |Glenn Hwy MP 10.75 @ Scalehouse (Volu             
S|02|000109|3|1|22|3U|2|T|2|3|H|2|0| |15| |0|0| |2|A| |P|02281107X000|  4155|61180930|149798800|    |      |99|00|020|N|4E2F000F26EA|Y|0|00000000|0|        |Tudor Rd @ Tudor Center Dr. (Volume,              
S|02|000109|3|2|22|3U|2|T|2|3|H|2|0| |15| |0|0| |2|A| |P|02281107X000|  4155|61180930|149798800|    |      |99|00|020|N|4E2F000F26EA|Y|0|00000000|0|        |Tudor Rd @ Tudor Center Dr. (Volume,              
S|02|000109|7|1|22|3U|2|T|2|3|H|2|0| |15| |0|0| |2|A| |P|02281107X000|  4155|61180930|149798800|    |      |99|00|020|N|4E2F000F26EA|Y|0|00000000|0|        |Tudor Rd @ Tudor Center Dr. (Volume,              
S|02|000109|7|2|22|3U|2|T|2|3|H|2|0| |15| |0|0| |2|A| |P|02281107X000|  4155|61180930|149798800|    |      |99|00|020|N|4E2F000F26EA|Y|0|00000000|0|        |Tudor Rd @ Tudor Center Dr. (Volume,              
S|02|000110|1|1|22|7R|1|T|1|3|H|1|0| |15| |0|0| |2|A| |P|001140000I00|    18|61772160|150068460|    |      |99|00|170|N|            |N|0|00000000|0|        |Parks Hwy MP 71.9 @ Willow (Volume, C             
S|02|000110|5|1|22|7R|1|T|1|3|H|1|0| |15| |0|0| |2|A| |P|001140000I00|    18|61772160|150068460|    |      |99|00|170|N|            |N|0|00000000|0|        |Parks Hwy MP 71.9 @ Willow (Volume, C             
S|02|000111|1|1|22|3R|1|T|1|3|H|1|0| |15| |0|0| |2|A| |P|01000000X000|134344|59631480|151492970|    |      |99|00|122|N|110000000000|Y|0|00000000|0|        |Sterling Hwy MP 175 @ Homer Spit (Vol             
S|02|000111|5|1|22|3R|1|T|1|3|H|1|0| |15| |0|0| |2|A| |P|01000000X000|134344|59631480|151492970|    |      |99|00|122|N|110000000000|Y|0|00000000|0|        |Sterling Hwy MP 175 @ Homer Spit (Vol             
S|02|000112|1|1|22|3U|2|T|2|3|H|2|0| |15| |0|0| |2|A| |P|02281130X000|  3811|61153360|149833900|    |      |99|00|020|N|134140000002|Y|0|00000000|0|        |Lake Otis Parkway @ 74th Ave (Volume,             
S|02|000112|1|2|22|3U|2|T|2|3|H|2|0| |15| |0|0| |2|A| |P|02281130X000|  3811|61153360|149833900|    |      |99|00|020|N|134140000002|Y|0|00000000|0|        |Lake Otis Parkway @ 74th Ave (Volume,             
S|02|000112|5|1|22|3U|2|T|2|3|H|2|0| |15| |0|0| |2|A| |P|02281130X000|  3811|61153360|149833900|    |      |99|00|020|N|134140000002|Y|0|00000000|0|        |Lake Otis Parkway @ 74th Ave (Volume,             
S|02|000112|5|2|22|3U|2|T|2|3|H|2|0| |15| |0|0| |2|A| |P|02281130X000|  3811|61153360|149833900|    |      |99|00|020|N|134140000002|Y|0|00000000|0|        |Lake Otis Parkway @ 74th Ave (Volume,             
S|02|000113|3|1|22|4R|1|T|1|3| |0|0| |13| |0|0| |2|A| |P|02061072X000|   379|59650790|151517890|    |      |99|00|122|N|110300000000|N|0|00000000|0|        |East End Rd @ Homer (Volume, Speed)               
S|02|000113|7|1|22|4R|1|T|1|3| |0|0| |13| |0|0| |2|A| |P|02061072X000|   379|59650790|151517890|    |      |99|00|122|N|110300000000|N|0|00000000|0|        |East End Rd @ Homer (Volume, Speed)               
S|02|000114|1|1|22|4U|1|T|1|3|H|1|3|G|14| |0|0| |2|P|L|P|000680000000|  6525|57772825|152470214|    |      |89|00|150|Y|068500000145|Y|0|00000000|0|        |REZANOF DRIVE - WEST OF GIBSON                    
S|02|000114|5|1|22|4U|1|T|1|3|H|1|3|G|14| |0|0| |2|P|L|P|000680000000|  6525|57772825|152470214|    |      |89|00|150|Y|068500000145|Y|0|00000000|0|        |REZANOF DRIVE - WEST OF GIBSON                    
S|02|000115|3|1|22|4R|1|T|1|3|H|1|0| |15| |0|0| |2|A| |P|01021005X000|  2851|60795870|148910260|    |      |99|00|020|N|132300000000|Y|0|00000000|0|        |Portage Glacier Rd MP 3 (Volume, Clas             
S|02|000115|7|1|22|4R|1|T|1|3|H|1|0| |15| |0|0| |2|A| |P|01021005X000|  2851|60795870|148910260|    |      |99|00|020|N|132300000000|Y|0|00000000|0|        |Portage Glacier Rd MP 3 (Volume, Clas             
S|02|000116|3|1|22|3U|2|T|2|3|H|2|0| |15| |0|0| |2|A| |P|02281016X000|   304|61123170|149843460|    |      |99|00|020|N|133500000282|Y|0|00000000|0|        |O'Malley Rd @ Independence Dr (Volume             
S|02|000116|3|2|22|3U|2|T|2|3|H|2|0| |15| |0|0| |2|A| |P|02281016X000|   304|61123170|149843460|    |      |99|00|020|N|133500000282|Y|0|00000000|0|        |O'Malley Rd @ Independence Dr (Volume             
S|02|000116|7|1|22|3U|2|T|2|3|H|2|0| |15| |0|0| |2|A| |P|02281016X000|   304|61123170|149843460|    |      |99|00|020|N|133500000282|Y|0|00000000|0|        |O'Malley Rd @ Independence Dr (Volume             
S|02|000116|7|2|22|3U|2|T|2|3|H|2|0| |15| |0|0| |2|A| |P|02281016X000|   304|61123170|149843460|    |      |99|00|020|N|133500000282|Y|0|00000000|0|        |O'Malley Rd @ Independence Dr (Volume             
S|02|000117|1|1|22|3U|3|T|3|3|H|3|0| |15| |0|0| |2|A| |P|02281101X000|  1518|61202280|149883280|    |      |99|00|020|N|134342001234|Y|0|00000000|0|        |A Street @ Chester Creek (Volume, Cla             
S|02|000117|1|2|22|3U|3|T|3|3|H|3|0| |15| |0|0| |2|A| |P|02281101X000|  1518|61202280|149883280|    |      |99|00|020|N|134342001234|Y|0|00000000|0|        |A Street @ Chester Creek (Volume, Cla             
S|02|000117|1|3|22|3U|3|T|3|3|H|3|0| |15| |0|0| |2|A| |P|02281101X000|  1518|61202280|149883280|    |      |99|00|020|N|134342001234|Y|0|00000000|0|        |A Street @ Chester Creek (Volume, Cla             
S|02|000117|5|1|22|3U|3|T|3|3| |0|0| |13| |0|0| |2|A| |P|02281321X000|  2193|61204090|149887110|    |      |99|00|020|N|134341000192|Y|0|00000000|0|        |C Street @ Chester Creek (Volume)                 
S|02|000117|5|2|22|3U|3|T|3|3| |0|0| |13| |0|0| |2|A| |P|02281321X000|  2193|61204090|149887110|    |      |99|00|020|N|134341000192|Y|0|00000000|0|        |C Street @ Chester Creek (Volume)                 
S|02|000117|5|3|22|3U|3|T|3|3| |0|0| |13| |0|0| |2|A| |P|02281321X000|  2193|61204090|149887110|    |      |99|00|020|N|134341000192|Y|0|00000000|0|        |C Street @ Chester Creek (Volume)                 
S|02|000118|3|1|22|3U|2|T|2|3|H|2|0| |15| |0|0| |2|A| |P|02281235X000|  3206|61173750|149873670|    |      |99|00|020|N|133800000034|Y|0|00000000|0|        |International Airport Rd @ Fairbanks              
S|02|000118|3|2|22|3U|2|T|2|3|H|2|0| |15| |0|0| |2|A| |P|02281235X000|  3206|61173750|149873670|    |      |99|00|020|N|133800000034|Y|0|00000000|0|        |International Airport Rd @ Fairbanks              
S|02|000118|7|1|22|3U|2|T|2|3|H|2|0| |15| |0|0| |2|A| |P|02281235X000|  3206|61173750|149873670|    |      |99|00|020|N|133800000034|Y|0|00000000|0|        |International Airport Rd @ Fairbanks              
S|02|000118|7|2|22|3U|2|T|2|3|H|2|0| |15| |0|0| |2|A| |P|02281235X000|  3206|61173750|149873670|    |      |99|00|020|N|133800000034|Y|0|00000000|0|        |International Airport Rd @ Fairbanks              
S|02|000119|3|1|22|3U|2|T|2|3| |0|0| |13| |0|0| |2|A| |P|02281163X000|  6728|61195430|149929360|    |      |99|00|020|N|134750006731|Y|0|00000000|0|        |Northern Lights Blvd @ Forest Park Dr             
S|02|000119|3|2|22|3U|2|T|2|3| |0|0| |13| |0|0| |2|A| |P|02281163X000|  6728|61195430|149929360|    |      |99|00|020|N|134750006731|Y|0|00000000|0|        |Northern Lights Blvd @ Forest Park Dr             
S|02|000119|7|1|22|3U|2|T|2|3| |0|0| |13| |0|0| |2|A| |P|02281163X000|  6728|61195430|149929360|    |      |99|00|020|N|134750006731|Y|0|00000000|0|        |Northern Lights Blvd @ Forest Park Dr             
S|02|000119|7|2|22|3U|2|T|2|3| |0|0| |13| |0|0| |2|A| |P|02281163X000|  6728|61195430|149929360|    |      |99|00|020|N|134750006731|Y|0|00000000|0|        |Northern Lights Blvd @ Forest Park Dr             
S|02|000121|3|1|22|3U|3|T|3|3|H|3|0| |15| |0|0| |2|A| |P|02281232X000|  1533|61141990|149901020|    |      |99|00|020|N|133700001263|Y|0|00000000|0|        |Dimond Blvd @ Arctic Blvd (Volume, Cl             
S|02|000121|3|2|22|3U|3|T|3|3|H|3|0| |15| |0|0| |2|A| |P|02281232X000|  1533|61141990|149901020|    |      |99|00|020|N|133700001263|Y|0|00000000|0|        |Dimond Blvd @ Arctic Blvd (Volume, Cl             
S|02|000121|3|3|22|3U|3|T|3|3|H|3|0| |15| |0|0| |2|A| |P|02281232X000|  1533|61141990|149901020|    |      |99|00|020|N|133700001263|Y|0|00000000|0|        |Dimond Blvd @ Arctic Blvd (Volume, Cl             
S|02|000121|7|1|22|3U|3|T|3|3|H|3|0| |15| |0|0| |2|A| |P|02281232X000|  1533|61141990|149901020|    |      |99|00|020|N|133700001263|Y|0|00000000|0|        |Dimond Blvd @ Arctic Blvd (Volume, Cl             
S|02|000121|7|2|22|3U|3|T|3|3|H|3|0| |15| |0|0| |2|A| |P|02281232X000|  1533|61141990|149901020|    |      |99|00|020|N|133700001263|Y|0|00000000|0|        |Dimond Blvd @ Arctic Blvd (Volume, Cl             
S|02|000121|7|3|22|3U|3|T|3|3|H|3|0| |15| |0|0| |2|A| |P|02281232X000|  1533|61141990|149901020|    |      |99|00|020|N|133700001263|Y|0|00000000|0|        |Dimond Blvd @ Arctic Blvd (Volume, Cl             
S|02|000122|1|1|22|1U|4|T|4|3| |0|0| |13| |0|0| |2|A| |P|02281126X000|    15|61202060|149867660|    |      |99|00|020|N|130000012725|Y|0|00000000|0|        |Seward Hwy MP 126 @ Ingra/Gambell (Vo             
S|02|000122|1|2|22|1U|4|T|4|3| |0|0| |13| |0|0| |2|A| |P|02281126X000|    15|61202060|149867660|    |      |99|00|020|N|130000012725|Y|0|00000000|0|        |Seward Hwy MP 126 @ Ingra/Gambell (Vo             
S|02|000122|1|3|22|1U|4|T|4|3| |0|0| |13| |0|0| |2|A| |P|02281126X000|    15|61202060|149867660|    |      |99|00|020|N|130000012725|Y|0|00000000|0|        |Seward Hwy MP 126 @ Ingra/Gambell (Vo             
S|02|000122|1|4|22|1U|4|T|4|3| |0|0| |13| |0|0| |2|A| |P|02281126X000|    15|61202060|149867660|    |      |99|00|020|N|130000012725|Y|0|00000000|0|        |Seward Hwy MP 126 @ Ingra/Gambell (Vo             
S|02|000122|5|1|22|1U|4|T|4|3| |0|0| |13| |0|0| |2|A| |P|02281126X000|    15|61202060|149867660|    |      |99|00|020|N|130000012725|Y|0|00000000|0|        |Seward Hwy MP 126 @ Ingra/Gambell (Vo             
S|02|000122|5|2|22|1U|4|T|4|3| |0|0| |13| |0|0| |2|A| |P|02281126X000|    15|61202060|149867660|    |      |99|00|020|N|130000012725|Y|0|00000000|0|        |Seward Hwy MP 126 @ Ingra/Gambell (Vo             
S|02|000122|5|3|22|1U|4|T|4|3| |0|0| |13| |0|0| |2|A| |P|02281126X000|    15|61202060|149867660|    |      |99|00|020|N|130000012725|Y|0|00000000|0|        |Seward Hwy MP 126 @ Ingra/Gambell (Vo             
S|02|000122|5|4|22|1U|4|T|4|3| |0|0| |13| |0|0| |2|A| |P|02281126X000|    15|61202060|149867660|    |      |99|00|020|N|130000012725|Y|0|00000000|0|        |Seward Hwy MP 126 @ Ingra/Gambell (Vo             
S|02|000123|1|1|22|1R|1|T|1|3| |0|0| |13| |0|0| |2|A| |P|01060000I000| 44640|61671250|149070860|    |      |99|00|170|N|001350017999|Y|0|00000000|0|        |Glenn Hwy MP 53 CCS  (Volume)                     
S|02|000123|5|1|22|1R|1|T|1|3| |0|0| |13| |0|0| |2|A| |P|01060000I000| 44640|61671250|149070860|    |      |99|00|170|N|001350017999|Y|0|00000000|0|        |Glenn Hwy MP 53 CCS  (Volume)                     
S|02|000125|3|1|22|1U|4|T|4|3| |0|0| |13| |0|0| |2|A| |P|01060000I000|   410|61219120|149814910|    |      |99|00|020|N|130000012924|Y|0|00000000|0|        |Glenn Hwy MP 1.5 @ Bragaw (Volume, Sp             
S|02|000125|3|2|22|1U|4|T|4|3| |0|0| |13| |0|0| |2|A| |P|01060000I000|   410|61219120|149814910|    |      |99|00|020|N|130000012924|Y|0|00000000|0|        |Glenn Hwy MP 1.5 @ Bragaw (Volume, Sp             
S|02|000125|3|3|22|1U|4|T|4|3| |0|0| |13| |0|0| |2|A| |P|01060000I000|   410|61219120|149814910|    |      |99|00|020|N|130000012924|Y|0|00000000|0|        |Glenn Hwy MP 1.5 @ Bragaw (Volume, Sp             
S|02|000125|3|4|22|1U|4|T|4|3| |0|0| |13| |0|0| |2|A| |P|01060000I000|   410|61219120|149814910|    |      |99|00|020|N|130000012924|Y|0|00000000|0|        |Glenn Hwy MP 1.5 @ Bragaw (Volume, Sp             
S|02|000125|7|1|22|1U|3|T|3|3| |0|0| |13| |0|0| |2|A| |P|01060000I000|   410|61219120|149814910|    |      |99|00|020|N|130000012924|Y|0|00000000|0|        |Glenn Hwy MP 1.5 @ Bragaw (Volume, Sp             
S|02|000125|7|2|22|1U|3|T|3|3| |0|0| |13| |0|0| |2|A| |P|01060000I000|   410|61219120|149814910|    |      |99|00|020|N|130000012924|Y|0|00000000|0|        |Glenn Hwy MP 1.5 @ Bragaw (Volume, Sp             
S|02|000125|7|3|22|1U|3|T|3|3| |0|0| |13| |0|0| |2|A| |P|01060000I000|   410|61219120|149814910|    |      |99|00|020|N|130000012924|Y|0|00000000|0|        |Glenn Hwy MP 1.5 @ Bragaw (Volume, Sp             
S|02|000126|1|1|22|3U|4|T|4|3|H|4|0| |15| |0|0| |2|A| |P|02281216I000|  4315|61166110|149914630|    |      |99|00|020|N|000105440000|Y|0|00000000|0|        |Minnesota Dr @ International Airport              
S|02|000126|1|2|22|3U|4|T|4|3|H|4|0| |15| |0|0| |2|A| |P|02281216I000|  4315|61166110|149914630|    |      |99|00|020|N|000105440000|Y|0|00000000|0|        |Minnesota Dr @ International Airport              
S|02|000126|1|3|22|3U|4|T|4|3|H|4|0| |15| |0|0| |2|A| |P|02281216I000|  4315|61166110|149914630|    |      |99|00|020|N|000105440000|Y|0|00000000|0|        |Minnesota Dr @ International Airport              
S|02|000126|1|4|22|3U|4|T|4|3|H|4|0| |15| |0|0| |2|A| |P|02281216I000|  4315|61166110|149914630|    |      |99|00|020|N|000105440000|Y|0|00000000|0|        |Minnesota Dr @ International Airport              
S|02|000126|5|1|22|3U|4|T|4|3|H|4|0| |15| |0|0| |2|A| |P|02281216I000|  4315|61166110|149914630|    |      |99|00|020|N|000105440000|Y|0|00000000|0|        |Minnesota Dr @ International Airport              
S|02|000126|5|2|22|3U|4|T|4|3|H|4|0| |15| |0|0| |2|A| |P|02281216I000|  4315|61166110|149914630|    |      |99|00|020|N|000105440000|Y|0|00000000|0|        |Minnesota Dr @ International Airport              
S|02|000126|5|3|22|3U|4|T|4|3|H|4|0| |15| |0|0| |2|A| |P|02281216I000|  4315|61166110|149914630|    |      |99|00|020|N|000105440000|Y|0|00000000|0|        |Minnesota Dr @ International Airport              
S|02|000126|5|4|22|3U|4|T|4|3|H|4|0| |15| |0|0| |2|A| |P|02281216I000|  4315|61166110|149914630|    |      |99|00|020|N|000105440000|Y|0|00000000|0|        |Minnesota Dr @ International Airport              
S|02|000127|3|1|22|3R|2|T|2|3|H|2|0| |15| |0|0| |2|A| |P|02141077X000|  7162|60567070|151150380|    |      |99|00|122|N|117600000624|Y|0|00000000|0|        |Kenai Spur Hwy MP 7.5 (Volume, Class,             
S|02|000127|3|2|22|3R|2|T|2|3|H|2|0| |15| |0|0| |2|A| |P|02141077X000|  7162|60567070|151150380|    |      |99|00|122|N|117600000624|Y|0|00000000|0|        |Kenai Spur Hwy MP 7.5 (Volume, Class,             
S|02|000127|7|1|22|3R|2|T|2|3|H|2|0| |15| |0|0| |2|A| |P|02141077X000|  7162|60567070|151150380|    |      |99|00|122|N|117600000624|Y|0|00000000|0|        |Kenai Spur Hwy MP 7.5 (Volume, Class,             
S|02|000127|7|2|22|3R|2|T|2|3|H|2|0| |15| |0|0| |2|A| |P|02141077X000|  7162|60567070|151150380|    |      |99|00|122|N|117600000624|Y|0|00000000|0|        |Kenai Spur Hwy MP 7.5 (Volume, Class,             
S|02|000128|1|1|22|1R|1|T|1|3| |0|0| |13| |0|0| |2|A| |P|01020000X000| 77822|60818020|148977550|    |      |99|00|020|N|130000007916|Y|0|00000000|0|        |Seward Hwy MP 78.75 @ Placer River (V             
S|02|000128|5|1|22|1R|1|T|1|3| |0|0| |13| |0|0| |2|A| |P|01020000X000| 77822|60818020|148977550|    |      |99|00|020|N|130000007916|Y|0|00000000|0|        |Seward Hwy MP 78.75 @ Placer River (V             
S|02|000129|1|1|22|5U|1|T|1|3|H|1|0| |15| |0|0| |2|A| |P|02281229X000|   429|61147600|149981840|    |      |99|00|020|N|133700001577|N|0|00000000|0|        |Sand Lake Rd @ 80th (Volume, Class, S             
S|02|000129|5|1|22|5U|1|T|1|3|H|1|0| |15| |0|0| |2|A| |P|02281229X000|   429|61147600|149981840|    |      |99|00|020|N|133700001577|N|0|00000000|0|        |Sand Lake Rd @ 80th (Volume, Class, S             
S|02|000131|3|1|22|3U|3|T|3|3|H|3|0| |15| |0|0| |2|A| |P|02281163X000|  4159|61195180|149854250|    |      |99|00|020|N|134750000372|Y|0|00000000|0|        |Northern Lights Blvd @ Rogers Park El             
S|02|000131|3|2|22|3U|3|T|3|3|H|3|0| |15| |0|0| |2|A| |P|02281163X000|  4159|61195180|149854250|    |      |99|00|020|N|134750000372|Y|0|00000000|0|        |Northern Lights Blvd @ Rogers Park El             
S|02|000131|3|3|22|3U|3|T|3|3|H|3|0| |15| |0|0| |2|A| |P|02281163X000|  4159|61195180|149854250|    |      |99|00|020|N|134750000372|Y|0|00000000|0|        |Northern Lights Blvd @ Rogers Park El             
S|02|000131|7|1|22|3U|3|T|3|3|H|3|0| |15| |0|0| |2|A| |P|02281163X000|  4159|61195180|149854250|    |      |99|00|020|N|134750000372|Y|0|00000000|0|        |Northern Lights Blvd @ Rogers Park El             
S|02|000131|7|2|22|3U|3|T|3|3|H|3|0| |15| |0|0| |2|A| |P|02281163X000|  4159|61195180|149854250|    |      |99|00|020|N|134750000372|Y|0|00000000|0|        |Northern Lights Blvd @ Rogers Park El             
S|02|000131|7|3|22|3U|3|T|3|3|H|3|0| |15| |0|0| |2|A| |P|02281163X000|  4159|61195180|149854250|    |      |99|00|020|N|134750000372|Y|0|00000000|0|        |Northern Lights Blvd @ Rogers Park El             
S|02|000132|3|1|22|4U|1|T|1|3|H|1|0| |15| |0|0| |2|A| |P|02301061X000|  1355|61310740|149555810|    |      |99|00|020|N|135225000207|N|0|00000000|0|        |Eagle River Rd @ Baffin St (Volume, C             
S|02|000132|7|1|22|4U|1|T|1|3|H|1|0| |15| |0|0| |2|A| |P|02301061X000|  1355|61310740|149555810|    |      |99|00|020|N|135225000207|N|0|00000000|0|        |Eagle River Rd @ Baffin St (Volume, C             
S|02|000134|3|1|22|4R|1|T|1|3| |0|0| |13| |0|0| |2|A| |P|07421001X000|   139|60790510|161771310|    |      |99|00|050|N|YGZEMYPMWPZH|N|0|00000000|0|        |Chief Eddie Hoffman Hwy @ Bethel (Vol             
S|02|000134|7|1|22|4R|1|T|1|3| |0|0| |13| |0|0| |2|A| |P|07421001X000|   139|60790510|161771310|    |      |99|00|050|N|YGZEMYPMWPZH|N|0|00000000|0|        |Chief Eddie Hoffman Hwy @ Bethel (Vol             
S|02|000143|1|1|22|1U|3|T|3|3|H|3|0| |15| |0|0| |2|A| |P|01020000X000|121594|61153930|149855200|    |      |99|00|020|N|130000012301|Y|0|00000000|0|        |Seward Hwy MP 123 @ Lore (Volume, Cla             
S|02|000143|1|2|22|1U|3|T|3|3|H|3|0| |15| |0|0| |2|A| |P|01020000X000|121594|61153930|149855200|    |      |99|00|020|N|130000012301|Y|0|00000000|0|        |Seward Hwy MP 123 @ Lore (Volume, Cla             
S|02|000143|1|3|22|1U|3|T|3|3|H|3|0| |15| |0|0| |2|A| |P|01020000X000|121594|61153930|149855200|    |      |99|00|020|N|130000012301|Y|0|00000000|0|        |Seward Hwy MP 123 @ Lore (Volume, Cla             
S|02|000143|5|1|22|1U|3|T|3|3|H|3|0| |15| |0|0| |2|A| |P|01020000X000|121594|61153930|149855200|    |      |99|00|020|N|130000012301|Y|0|00000000|0|        |Seward Hwy MP 123 @ Lore (Volume, Cla             
S|02|000143|5|2|22|1U|3|T|3|3|H|3|0| |15| |0|0| |2|A| |P|01020000X000|121594|61153930|149855200|    |      |99|00|020|N|130000012301|Y|0|00000000|0|        |Seward Hwy MP 123 @ Lore (Volume, Cla             
S|02|000143|5|3|22|1U|3|T|3|3|H|3|0| |15| |0|0| |2|A| |P|01020000X000|121594|61153930|149855200|    |      |99|00|020|N|130000012301|Y|0|00000000|0|        |Seward Hwy MP 123 @ Lore (Volume, Cla             
S|02|000144|1|1|22|1U|1|T|1|3| |0|0| |13| |0|0| |2|A| |P|01060000I000| 34167|61555470|149173270|    |      |99|00|170|N|B12E1E707EDD|Y|0|00000000|0|        |Glenn Hwy MP 38.5 @ Kepler (Volume, S             
S|02|000144|5|1|22|1U|1|T|1|3| |0|0| |13| |0|0| |2|A| |P|01060000I000| 34167|61555470|149173270|    |      |99|00|170|N|B12E1E707EDD|Y|0|00000000|0|        |Glenn Hwy MP 38.5 @ Kepler (Volume, S             
S|02|000151|3|1|22|3U|3|T|3|3|H|3|3|G|15| |0|0| |2|P|L|P|001547500000|  4474|61195237|149861109|    |      |92|00|001|Y|155000000000|Y|0|00000000|0|00000000|NORTHERN LIGHTS BLVD - EAST OF LATOUCHE STREET - E
S|02|000151|7|1|22|3U|3|T|3|3|H|3|3|G|15| |0|0| |2|P|L|P|001547500000|  4474|61195237|149861109|    |      |92|00|001|Y|155000000000|Y|0|00000000|0|00000000|NORTHERN LIGHTS BLVD - EAST OF LATOUCHE STREET - W
S|02|000152|3|1|22|4U|1|T|1|3| |0|0| |15| |0|0| |2|L| |P|001552250000|  1560|61510638|149546087|    |      |92|00|001|Y|155000000000|N|0|00000000|0|00000000|EAGLE RIVER ROAD AT CARIBOU STREET (WAVETRONIX) - 
S|02|000152|7|1|22|4U|1|T|1|3| |0|0| |15| |0|0| |2|L| |P|001552250000|  1560|61510638|149546087|    |      |92|00|001|Y|155000000000|N|0|00000000|0|00000000|EAGLE RIVER ROAD AT CARIBOU STREET (WAVETRONIX) - 
S|02|000154|3|1|22|4R|1|T|1|3|H|1|3|G|15| |0|0| |2|P|L|P|000800000000|  1080|60791653|161770415|    |      |92|00|001|Y|080000000000|N|0|00000000|0|00000000|CHIEF EDDIE HOFFMAN HWY - N OF 1ST AVE ACCESS RD -
S|02|000154|7|1|22|4R|1|T|1|3|H|1|3|G|15| |0|0| |2|P|L|P|000800000000|  1080|60791653|161770415|    |      |92|00|001|Y|080000000000|N|0|00000000|0|00000000|CHIEF EDDIE HOFFMAN HWY - N OF 1ST AVE ACCESS RD -
S|02|000179|1|1|22|4R|1|T|1|3|H|1|0| |15| |0|0| |2|A| |P|02141069X000|  3001|60521690|151206520|    |      |99|00|122|N|117626000129|N|0|00000000|0|        |Bridge Access Rd @ Kenai River Crossi             
S|02|000179|5|1|22|4R|1|T|1|3|H|1|0| |15| |0|0| |2|A| |P|02141069X000|  3001|60521690|151206520|    |      |99|00|122|N|117626000129|N|0|00000000|0|        |Bridge Access Rd @ Kenai River Crossi             
S|02|000180|1|1|22|3R|1|T|1|3| |0|0| |13| |0|0| |2|A| |P|01020000X000| 31671|60501490|149422120|    |      |99|00|122|N|130000002915|Y|0|00000000|0|        |Seward Hwy MP 32.5 @ Moose Pass at Tr             
S|02|000180|5|1|22|3R|1|T|1|3| |0|0| |13| |0|0| |2|A| |P|01020000X000| 31671|60501490|149422120|    |      |99|00|122|N|130000002915|Y|0|00000000|0|        |Seward Hwy MP 32.5 @ Moose Pass at Tr             
S|02|000183|1|1|22|1R|1|T|1|3|H|1|0| |15| |0|0| |2|A| |P|01000000X000| 42712|60527060|150680500|    |      |99|00|122|N|CA6D4B319EF2|Y|0|00000000|0|        |Sterling Hwy MP 79.25 @ Kenai Keys (V             
S|02|000183|5|1|22|1R|1|T|1|3|H|1|0| |15| |0|0| |2|A| |P|01000000X000| 42712|60527060|150680500|    |      |99|00|122|N|CA6D4B319EF2|Y|0|00000000|0|        |Sterling Hwy MP 79.25 @ Kenai Keys (V             
S|02|000189|3|1|22|3R|1|T|1|3|H|1|0| |15| |0|0| |2|A| |P|01000000X000|132177|59641920|151539930|    |      |99|00|122|N|YKKYDBOWLEZX|Y|0|00000000|0|        |Sterling Hwy MP 173 @ Homer Bypass (V             
S|02|000189|7|1|22|3R|1|T|1|3|H|1|0| |15| |0|0| |2|A| |P|01000000X000|132177|59641920|151539930|    |      |99|00|122|N|YKKYDBOWLEZX|Y|0|00000000|0|        |Sterling Hwy MP 173 @ Homer Bypass (V             
S|02|000220|1|1|22|1R|2|T|2|3|H|2|0| |15| |0|0| |2|A| |P|01060000I000| 27372|61469400|149287010|    |      |99|00|020|N|130000015404|Y|0|00000000|0|        |Glenn Hwy MP 29 @ Eklutna Flats (Volu             
S|02|000220|1|2|22|1R|2|T|2|3|H|2|0| |15| |0|0| |2|A| |P|01060000I000| 27372|61469400|149287010|    |      |99|00|020|N|130000015404|Y|0|00000000|0|        |Glenn Hwy MP 29 @ Eklutna Flats (Volu             
S|02|000220|5|1|22|1R|2|T|2|3|H|2|0| |15| |0|0| |2|A| |P|01060000I000| 27372|61469400|149287010|    |      |99|00|020|N|130000015404|Y|0|00000000|0|        |Glenn Hwy MP 29 @ Eklutna Flats (Volu             
S|02|000220|5|2|22|1R|2|T|2|3|H|2|0| |15| |0|0| |2|A| |P|01060000I000| 27372|61469400|149287010|    |      |99|00|020|N|130000015404|Y|0|00000000|0|        |Glenn Hwy MP 29 @ Eklutna Flats (Volu             
S|02|000230|3|1|22|3U|2|T|2|3|H|2|0| |15| |0|0| |2|A| |P|02281273X000|   829|61209910|149814320|    |      |99|00|020|N|            |Y|0|00000000|0|        |Debarr Rd @ Northway Dr (Volume, Clas             
S|02|000230|3|2|22|3U|2|T|2|3|H|2|0| |15| |0|0| |2|A| |P|02281273X000|   829|61209910|149814320|    |      |99|00|020|N|            |Y|0|00000000|0|        |Debarr Rd @ Northway Dr (Volume, Clas             
S|02|000230|7|1|22|3U|2|T|2|3|H|2|0| |15| |0|0| |2|A| |P|02281273X000|   829|61209910|149814320|    |      |99|00|020|N|            |Y|0|00000000|0|        |Debarr Rd @ Northway Dr (Volume, Clas             
S|02|000230|7|2|22|3U|2|T|2|3|H|2|0| |15| |0|0| |2|A| |P|02281273X000|   829|61209910|149814320|    |      |99|00|020|N|            |Y|0|00000000|0|        |Debarr Rd @ Northway Dr (Volume, Clas             
S|02|000237|1|1|22|3U|2|T|2|3|H|2|0| |15| |0|0| |2|A| |P|02281216I000|  7015|61204560|149911380|    |      |99|00|020|N|860954D74B96|Y|0|00000000|0|        |Minnesota Dr @ Chester Creek (Volume,             
S|02|000237|1|2|22|3U|2|T|2|3|H|2|0| |15| |0|0| |2|A| |P|02281216I000|  7015|61204560|149911380|    |      |99|00|020|N|860954D74B96|Y|0|00000000|0|        |Minnesota Dr @ Chester Creek (Volume,             
S|02|000237|5|1|22|3U|4|T|4|3|H|4|0| |15| |0|0| |2|A| |P|02281216I000|  7015|61204560|149911380|    |      |99|00|020|N|860954D74B96|Y|0|00000000|0|        |Minnesota Dr @ Chester Creek (Volume,             
S|02|000237|5|2|22|3U|4|T|4|3|H|4|0| |15| |0|0| |2|A| |P|02281216I000|  7015|61204560|149911380|    |      |99|00|020|N|860954D74B96|Y|0|00000000|0|        |Minnesota Dr @ Chester Creek (Volume,             
S|02|000237|5|3|22|3U|4|T|4|3|H|4|0| |15| |0|0| |2|A| |P|02281216I000|  7015|61204560|149911380|    |      |99|00|020|N|860954D74B96|Y|0|00000000|0|        |Minnesota Dr @ Chester Creek (Volume,             
S|02|000237|5|4|22|3U|4|T|4|3|H|4|0| |15| |0|0| |2|A| |P|02281216I000|  7015|61204560|149911380|    |      |99|00|020|N|860954D74B96|Y|0|00000000|0|        |Minnesota Dr @ Chester Creek (Volume,             
S|02|000238|1|1|22|3U|2|T|2|3|H|2|0| |15| |0|0| |2|A| |P|02281251X000|  3964|61133440|149863720|    |      |99|00|020|N|            |Y|0|00000000|0|        |Old Seward Hwy @ Sundown Ct (Volume,              
S|02|000238|1|2|22|3U|2|T|2|3|H|2|0| |15| |0|0| |2|A| |P|02281251X000|  3964|61133440|149863720|    |      |99|00|020|N|            |Y|0|00000000|0|        |Old Seward Hwy @ Sundown Ct (Volume,              
S|02|000238|5|1|22|3U|2|T|2|3|H|2|0| |15| |0|0| |2|A| |P|02281251X000|  3964|61133440|149863720|    |      |99|00|020|N|            |Y|0|00000000|0|        |Old Seward Hwy @ Sundown Ct (Volume,              
S|02|000238|5|2|22|3U|2|T|2|3|H|2|0| |15| |0|0| |2|A| |P|02281251X000|  3964|61133440|149863720|    |      |99|00|020|N|            |Y|0|00000000|0|        |Old Seward Hwy @ Sundown Ct (Volume,              
S|02|000242|1|1|22|4U|1|T|1|3|H|1|0| |15| |0|0| |2|A| |P|02281326X000|  3807|61151130|149892390|    |      |99|00|020|N|            |N|0|00000000|0|        |Arctic Blvd @ 76th (Volume, Class, Sp             
S|02|000242|5|1|22|4U|1|T|1|3|H|1|0| |15| |0|0| |2|A| |P|02281326X000|  3807|61151130|149892390|    |      |99|00|020|N|            |N|0|00000000|0|        |Arctic Blvd @ 76th (Volume, Class, Sp             
S|02|000270|1|1|22|3U|2|T|2|3|H|2|3|G|15|T|2|5|A|2|E|P|P|  1343000000|      |61141192|149907885|    |      |01|01|000|N|            |N|0|       0|0|        |Minnesota@ Strawberry & Dimond                    
S|02|000270|1|2|22|3U|2|T|2|3|H|2|3|G|15|T|2|5|A|2|E|P|P|  1343000000|      |61141192|149907885|    |      |01|01|000|N|            |N|0|       0|0|        |Minnesota@ Strawberry & Dimond                    
S|02|000270|5|1|22|3U|3|T|3|3|H|3|3|G|15|T|3|5|A|2|E|P|P|  1343000000|      |61141192|149907885|    |      |01|01|000|N|            |N|0|       0|0|        |Minnesota@ Strawberry & Dimond                    
S|02|000270|5|2|22|3U|3|T|3|3|H|3|3|G|15|T|3|5|A|2|E|P|P|  1343000000|      |61141192|149907885|    |      |01|01|000|N|            |N|0|       0|0|        |Minnesota@ Strawberry & Dimond                    
S|02|000270|5|3|22|3U|3|T|3|3|H|3|3|G|15|T|3|5|A|2|E|P|P|  1343000000|      |61141192|149907885|    |      |01|01|000|N|            |N|0|       0|0|        |Minnesota@ Strawberry & Dimond                    
S|02|000271|1|1|22|3U|1|T|1|3|H|1|3|G|15|T|1|5|A|2|P|L|P|  1343440000|      |61227983|149890681|    |      |01|00|000|N|301A04C4D6A9|N|0|       0|0|        |OCEAN DOCK RD - PORT OF ANCHOR                    
S|02|000271|5|1|22|3U|1|T|1|3|H|1|3|G|15|T|1|5|A|2|P|L|P|  1343440000|      |61227983|149890681|    |      |01|00|000|N|301A04C4D6A9|N|0|       0|0|        |OCEAN DOCK RD - PORT OF ANCHOR                    
S|02|000272|3|1|22|4U|1|T|1|3|H|1|0| |15| |0|0| |2|A| |P|02141074X000| 20968|60473090|151111700|    |      |99|00|122|N|            |N|0|00000000|0|        |Kalifornsky Beach Rd MP 21.25 (Volume             
S|02|000272|7|1|22|4U|1|T|1|3|H|1|0| |15| |0|0| |2|A| |P|02141074X000| 20968|60473090|151111700|    |      |99|00|122|N|            |N|0|00000000|0|        |Kalifornsky Beach Rd MP 21.25 (Volume             
S|02|000273|1|1|22|1R|1|T|1|3|H|1|0| |15| |0|0| |2|A| |P|01000000X000|  6633|60495540|149697100|    |      |99|00|122|N|110000013056|Y|0|00000000|0|        |Sterling Hwy MP 43.5 @ Cooper Landing             
S|02|000273|5|1|22|1R|2|T|2|3|H|2|0| |15| |0|0| |2|A| |P|01000000X000|  6633|60495540|149697100|    |      |99|00|122|N|110000013056|Y|0|00000000|0|        |Sterling Hwy MP 43.5 @ Cooper Landing             
S|02|000273|5|2|22|1R|2|T|2|3|H|2|0| |15| |0|0| |2|A| |P|01000000X000|  6633|60495540|149697100|    |      |99|00|122|N|110000013056|Y|0|00000000|0|        |Sterling Hwy MP 43.5 @ Cooper Landing             
S|02|000276|1|1|22|1U|2|T|2|3|H|2|0| |15| |0|0| |2|A| |P|01140000I000|  4648|61571110|149374560|    |      |99|00|170|N|170000000137|Y|0|00000000|0|        |Parks Hwy MP 39.9 @ Broadview Ave (Vo             
S|02|000276|1|2|22|1U|2|T|2|3|H|2|0| |15| |0|0| |2|A| |P|01140000I000|  4648|61571110|149374560|    |      |99|00|170|N|170000000137|Y|0|00000000|0|        |Parks Hwy MP 39.9 @ Broadview Ave (Vo             
S|02|000276|3|1|22|1U|2|T|2|3|H|2|3|G|14| |0|0| |2|P|L|P|001700000000|  4646|61571404|149374453|    |      |07|00|170|Y|170000000137|Y|3|00000003|0|        |PARKS HIGHWAY AT BROADVIEW AVE                    
S|02|000276|3|2|22|1U|2|T|2|3|H|2|3|G|14| |0|0| |2|P|L|P|001700000000|  4646|61571404|149374453|    |      |07|00|170|Y|170000000137|Y|3|00000003|0|        |PARKS HIGHWAY AT BROADVIEW AVE                    
S|02|000276|5|1|22|1U|2|T|2|3|H|2|0| |15| |0|0| |2|A| |P|01140000I000|  4648|61571110|149374560|    |      |99|00|170|N|170000000137|Y|0|00000000|0|        |Parks Hwy MP 39.9 @ Broadview Ave (Vo             
S|02|000276|5|2|22|1U|2|T|2|3|H|2|0| |15| |0|0| |2|A| |P|01140000I000|  4648|61571110|149374560|    |      |99|00|170|N|170000000137|Y|0|00000000|0|        |Parks Hwy MP 39.9 @ Broadview Ave (Vo             
S|02|000276|7|1|22|1U|2|T|2|3|H|2|3|G|14| |0|0| |2|P|L|P|001700000000|  4646|61571404|149374453|    |      |07|00|170|Y|170000000137|Y|3|00000003|0|        |PARKS HIGHWAY AT BROADVIEW AVE                    
S|02|000276|7|2|22|1U|2|T|2|3|H|2|3|G|14| |0|0| |2|P|L|P|001700000000|  4646|61571404|149374453|    |      |07|00|170|Y|170000000137|Y|3|00000003|0|        |PARKS HIGHWAY AT BROADVIEW AVE                    
S|02|000281|1|1|22|4U|2|T|2|3| |0|0| |13| |0|0| |2|A| |P|02301006X000|  2852|61296750|149540980|    |      |99|00|020|N|            |N|0|00000000|0|        |Eagle River Loop @ Briggs Bridge (Vol             
S|02|000281|1|2|22|4U|2|T|2|3| |0|0| |13| |0|0| |2|A| |P|02301006X000|  2852|61296750|149540980|    |      |99|00|020|N|            |N|0|00000000|0|        |Eagle River Loop @ Briggs Bridge (Vol             
S|02|000281|5|1|22|4U|2|T|2|3| |0|0| |13| |0|0| |2|A| |P|02301006X000|  2852|61296750|149540980|    |      |99|00|020|N|            |N|0|00000000|0|        |Eagle River Loop @ Briggs Bridge (Vol             
S|02|000281|5|2|22|4U|2|T|2|3| |0|0| |13| |0|0| |2|A| |P|02301006X000|  2852|61296750|149540980|    |      |99|00|020|N|            |N|0|00000000|0|        |Eagle River Loop @ Briggs Bridge (Vol             
S|02|000299|1|1|22|5R|1|T|1|3| |0|0| |13| |0|0| |2|A| |P|02381089X000|  8460|61709960|149231080|    |      |99|00|170|N|            |N|0|00000000|0|        |Hatcher Pass Road @ Little Su Bridge              
S|02|000299|5|1|22|5R|1|T|1|3| |0|0| |13| |0|0| |2|A| |P|02381089X000|  8460|61709960|149231080|    |      |99|00|170|N|            |N|0|00000000|0|        |Hatcher Pass Road @ Little Su Bridge              
S|02|000305|1|1|22|1R|3|T|3|3|H|1|3|G|14|T|1|5|A|2|E|P|P|001350000000|  8385|61277843|149630855|    |      |03|00|020|Y|135000006336|Y|3|00000001|0|        |Glenn Hwy northbound lane appr                    
S|02|000305|1|2|22|1R|3|T|3|3|H|1|3|G|14|T|1|5|A|2|E|P|P|001350000000|  8385|61277843|149630855|    |      |03|00|020|Y|135000006336|Y|3|00000001|0|        |Glenn Hwy northbound lane appr                    
S|02|000305|1|3|22|1R|3|T|3|3|H|1|3|G|14|T|1|5|A|2|E|P|P|001350000000|  8385|61277843|149630855|    |      |03|00|020|Y|135000006336|Y|3|00000001|0|        |Glenn Hwy northbound lane appr                    
S|02|000306|1|1|22|1R|3|T|3|3|H|3|3|G|15|T|3|5|A|2|E|P|P|  1350000000|      |61280523|149623126|    |   305|18|00|000|N|    1.35E+11|N|3|       1|0|        |Glenn Hwy North Mainline                          
S|02|000306|1|2|22|1R|3|T|3|3|H|3|3|G|15|T|3|0| |2|P|L|P|  1350000000|      |61280523|149623126|    |   305|18|00|000|N|    1.35E+11|N|3|       1|0|        |Glenn Hwy North Mainline                          
S|02|000306|1|3|22|1R|3|T|3|3|H|3|3|G|15|T|3|0| |2|P|L|P|  1350000000|      |61280523|149623126|    |   305|18|00|000|N|    1.35E+11|N|3|       1|0|        |Glenn Hwy North Mainline                          
S|02|000306|5|1|22|1R|4|T|3|3|H|3|3|G|15|T|4|0| |2|P|L|P|  1350000000|      |61280523|149623126|    |   305|18|00|000|N|    1.35E+11|N|3|       1|0|        |Glenn Hwy South Compliance                        
S|02|000306|5|2|22|1R|4|T|3|3|H|3|3|G|15|T|4|0| |2|P|L|P|  1350000000|      |61280523|149623126|    |   305|18|00|000|N|    1.35E+11|N|3|       1|0|        |Glenn Hwy South Compliance                        
S|02|000306|5|3|22|1R|4|T|3|3|H|3|3|G|15|T|4|0| |2|P|L|P|  1350000000|      |61280523|149623126|    |   305|18|00|000|N|    1.35E+11|N|3|       1|0|        |Glenn Hwy South Compliance                        
S|02|000306|5|4|22|1R|4|T|3|3|H|3|3|G|15|T|4|0| |2|P|L|P|  1350000000|      |61280523|149623126|    |   305|18|00|000|N|    1.35E+11|N|3|       1|0|        |Glenn Hwy South Compliance                        
S|02|000343|3|1|22|3U|2|T|2|3| |0|0| |13| |0|0| |2|A| |P|02281107X000|  5540|61180950|149753130|    |      |99|00|020|N|            |Y|0|00000000|0|        |Tudor Rd CCS @ Patterson (Volume)                 
S|02|000343|3|2|22|3U|2|T|2|3| |0|0| |13| |0|0| |2|A| |P|02281107X000|  5540|61180950|149753130|    |      |99|00|020|N|            |Y|0|00000000|0|        |Tudor Rd CCS @ Patterson (Volume)                 
S|02|000343|7|1|22|3U|2|T|2|3| |0|0| |13| |0|0| |2|A| |P|02281107X000|  5540|61180950|149753130|    |      |99|00|020|N|            |Y|0|00000000|0|        |Tudor Rd CCS @ Patterson (Volume)                 
S|02|000343|7|2|22|3U|2|T|2|3| |0|0| |13| |0|0| |2|A| |P|02281107X000|  5540|61180950|149753130|    |      |99|00|020|N|            |Y|0|00000000|0|        |Tudor Rd CCS @ Patterson (Volume)                 
S|02|000443|1|1|22|1R|1|T|1|3|H|1|3|G|15|T|1|5|A|2|E|P|P|  1100000000|      |60511505|150907884|    |      |11|00|122|N|5A4066B825C2|N|3|       1|0|        |STERLING HIGHWAY between Lake                     
S|02|000443|5|1|22|1R|1|T|1|3|H|1|3|G|15|T|1|5|A|2|E|P|P|  1100000000|      |60511505|150907884|    |      |11|00|122|N|5A4066B825C2|N|3|       1|0|        |STERLING HIGHWAY between Lake                     
S|02|000444|1|1|22|1R|1|T|1|3|H|1|3|G|15|T|1|5|A|2|B|P|P|  1350000000|      |61671299|149070900|    |      |11|00|170|N|  1350017999|N|3|       1|0|        |GLENN HIGHWAY between Soapston                    
S|02|000444|5|1|22|1R|1|T|1|3|H|1|3|G|15|T|1|5|A|2|B|P|P|  1350000000|      |61671299|149070900|    |      |11|00|170|N|  1350017999|N|3|       1|0|        |GLENN HIGHWAY between Soapston                    
S|02|000445|1|1|22|3U|2|T|2|3| |0|0| |13| |0|0| |2|A| |P|02281216I000|  2550|61149480|149907150|    |      |99|00|020|N|            |Y|0|00000000|0|        |Minnesota Dr CCS @ 76th (Volume)                  
S|02|000445|1|2|22|3U|2|T|2|3| |0|0| |13| |0|0| |2|A| |P|02281216I000|  2550|61149480|149907150|    |      |99|00|020|N|            |Y|0|00000000|0|        |Minnesota Dr CCS @ 76th (Volume)                  
S|02|000445|5|1|22|3U|3|T|3|3| |0|0| |13| |0|0| |2|A| |P|02281216I000|  2550|61149480|149907150|    |      |99|00|020|N|            |Y|0|00000000|0|        |Minnesota Dr CCS @ 76th (Volume)                  
S|02|000445|5|2|22|3U|3|T|3|3| |0|0| |13| |0|0| |2|A| |P|02281216I000|  2550|61149480|149907150|    |      |99|00|020|N|            |Y|0|00000000|0|        |Minnesota Dr CCS @ 76th (Volume)                  
S|02|000445|5|3|22|3U|3|T|3|3| |0|0| |13| |0|0| |2|A| |P|02281216I000|  2550|61149480|149907150|    |      |99|00|020|N|            |Y|0|00000000|0|        |Minnesota Dr CCS @ 76th (Volume)                  
S|02|000503|3|1|22|1R|1|T|1|3| |0|0| |13| |0|0| |2|L|N|P|001800000000| 33997|62962247|141631534|    |      |61|00|240|Y|1EBB36E8FA19|Y|3|00000002|0|        |ALASKA HIGHWAY AT GARDINER CRE                    
S|02|000503|7|1|22|1R|1|T|1|3| |0|0| |13| |0|0| |2|L|N|P|001800000000| 33997|62962247|141631534|    |      |61|00|240|Y|1EBB36E8FA19|Y|3|00000002|0|        |ALASKA HIGHWAY AT GARDINER CRE                    
S|02|000504|1|1|22|3U|2|T|2|3| |0|0| |13| |0|0| |2|P|L|P|001520000000|   470|64841439|147704671|    |      |77|00|090|Y|152000000352|Y|3|00000002|0|        |STEESE EXPRESSWAY* CHENA BRIDG                    
S|02|000504|1|2|22|3U|2|T|2|3| |0|0| |13| |0|0| |2|P|L|P|001520000000|   470|64841439|147704671|    |      |77|00|090|Y|152000000352|Y|3|00000002|0|        |STEESE EXPRESSWAY* CHENA BRIDG                    
S|02|000504|5|1|22|3U|2|T|2|3| |0|0| |13| |0|0| |2|P|L|P|001520000000|   470|64841439|147704671|    |      |77|00|090|Y|152000000352|Y|3|00000002|0|        |STEESE EXPRESSWAY* CHENA BRIDG                    
S|02|000504|5|2|22|3U|2|T|2|3| |0|0| |13| |0|0| |2|P|L|P|001520000000|   470|64841439|147704671|    |      |77|00|090|Y|152000000352|Y|3|00000002|0|        |STEESE EXPRESSWAY* CHENA BRIDG                    
S|02|000505|1|1|22|1R|1|T|1|3| |1|0| |14| |0|0| |2|P|L|P|001900000000|121341|62159203|145462535|    |      |59|00|261|Y|BCA7BC3D1D10|Y|3|00000001|0|        |RICHARDSON HIGHWAY AT GULKANA                     
S|02|000505|5|1|22|1R|1|T|1|3| |1|0| |14| |0|0| |2|P|L|P|001900000000|121341|62159203|145462535|    |      |59|00|261|Y|BCA7BC3D1D10|Y|3|00000001|0|        |RICHARDSON HIGHWAY AT GULKANA                     
S|02|000506|3|1|22|4R|1|T|1|3|H|1|3|G|14| |0|0| |2|L|N|P|001520000000| 11181|64959803|147615949|    |      |79|00|090|Y|152000011139|N|3|00000006|0|        |STEESE HIGHWAY* NORTH OF FOX (                    
S|02|000506|7|1|22|4R|1|T|1|3|H|1|3|G|14| |0|0| |2|L|N|P|001520000000| 11181|64959803|147615949|    |      |79|00|090|Y|152000011139|N|3|00000006|0|        |STEESE HIGHWAY* NORTH OF FOX (                    
S|02|000507|3|1|22|4U|2|T|2|3|H|2|3|G|14| |0|0| |2|P|L|P|001501000000|   539|64852075|147709308|    |      |59|00|090|Y|150100000009|N|0|00000000|0|        |COLLEGE ROAD AT BENTLEY MALL (                    
S|02|000507|3|2|22|4U|2|T|2|3|H|2|3|G|14| |0|0| |2|P|L|P|001501000000|   539|64852075|147709308|    |      |59|00|090|Y|150100000009|N|0|00000000|0|        |COLLEGE ROAD AT BENTLEY MALL (                    
S|02|000507|7|1|22|4U|2|T|2|3|H|2|3|G|14| |0|0| |2|P|L|P|001501000000|   539|64852075|147709308|    |      |59|00|090|Y|150100000009|N|0|00000000|0|        |COLLEGE ROAD AT BENTLEY MALL (                    
S|02|000507|7|2|22|4U|2|T|2|3|H|2|3|G|14| |0|0| |2|P|L|P|001501000000|   539|64852075|147709308|    |      |59|00|090|Y|150100000009|N|0|00000000|0|        |COLLEGE ROAD AT BENTLEY MALL (                    
S|02|000510|1|1|22|3R|2|T|2|3| |2|0| |14| |0|0| |2|L|N|P|  1530000000|      |64960134|147618424|    |      |79|00|000|N|     1.5E+11|N|3|       2|0|        |ELLIOTT HIGHWAY* NORTH OF FOX                     
S|02|000510|1|2|22|3R|2|T|2|3| |2|0| |14| |0|0| |2|L|N|P|  1530000000|      |64960134|147618424|    |      |79|00|000|N|     1.5E+11|N|3|       2|0|        |ELLIOTT HIGHWAY* NORTH OF FOX                     
S|02|000510|5|1|22|3R|2|T|2|3| |2|0| |14| |0|0| |2|L|N|P|  1530000000|      |64960134|147618424|    |      |79|00|000|N|     1.5E+11|N|3|       2|0|        |ELLIOTT HIGHWAY* NORTH OF FOX                     
S|02|000510|5|2|22|3R|2|T|2|3| |2|0| |14| |0|0| |2|L|N|P|  1530000000|      |64960134|147618424|    |      |79|00|000|N|     1.5E+11|N|3|       2|0|        |ELLIOTT HIGHWAY* NORTH OF FOX                     
S|02|000511|3|1|22|5R|1|T|1|3|H|1|3|G|14|N|0|1|A|2|P|L|P|000000198000|  1852|61708719|145160100|    |      |19|00|261|Y|ABKQAUTIZMMQ|N|0|  198000|9|        |Edgerton Hwy East Of Richardson Hwy 13100000      
S|02|000511|7|1|22|5R|1|T|1|3|H|1|3|G|14|N|0|1|A|2|P|L|P|000000198000|  1852|61708719|145160100|    |      |19|00|261|Y|ABKQAUTIZMMQ|N|0|  198000|9|        |Edgerton Hwy East Of Richardson Hwy 13100000      
S|02|000512|1|1|22|1R|1|T|1|3| |0|0| |13| |0|0| |2|L|N|P|001700000000|267670|64528925|149070930|    |      |87|00|290|Y|170000261132|Y|3|00000003|0|        |PARKS HIGHWAY AT NENANA (NB)                      
S|02|000512|5|1|22|1R|1|T|1|3| |0|0| |13| |0|0| |2|L|N|P|001700000000|267670|64528925|149070930|    |      |87|00|290|Y|170000261132|Y|3|00000003|0|        |PARKS HIGHWAY AT NENANA (SB)                      
S|02|000513|1|1|22|1R|1|T|1|3|H|1|3|G|14| |0|0| |2|L|N|P|001350000000|132471|61981694|146840678|    |      |90|00|261|Y|130000024056|Y|3|00000001|0|        |GLENN HIGHWAY AT NELCHINA MAIN                    
S|02|000513|5|1|22|1R|1|T|1|3|H|1|3|G|14| |0|0| |2|L|N|P|001350000000|132471|61981694|146840678|    |      |90|00|261|Y|130000024056|Y|3|00000001|0|        |GLENN HIGHWAY AT NELCHINA MAIN                    
S|02|000514|3|1|22|1U|2|T|2|3|H|2|3|G|14| |0|0| |2|L|N|P|001900000000|360383|64815495|147634405|    |      |85|00|090|Y|190000359849|Y|1|00000001|0|        |RICHARDSON HIGHWAY AT 3 MILE (                    
S|02|000514|3|2|22|1U|2|T|2|3|H|2|3|G|14| |0|0| |2|L|N|P|001900000000|360383|64815495|147634405|    |      |85|00|090|Y|190000359849|Y|1|00000001|0|        |RICHARDSON HIGHWAY AT 3 MILE (                    
S|02|000514|7|1|22|1U|2|T|2|3|H|2|3|G|14| |0|0| |2|L|N|P|001900000000|360383|64815495|147634405|    |      |85|00|090|Y|190000359849|Y|1|00000001|0|        |RICHARDSON HIGHWAY AT 3 MILE (                    
S|02|000514|7|2|22|1U|2|T|2|3|H|2|3|G|14| |0|0| |2|L|N|P|001900000000|360383|64815495|147634405|    |      |85|00|090|Y|190000359849|Y|1|00000001|0|        |RICHARDSON HIGHWAY AT 3 MILE (                    
S|02|000515|1|1|22|1R|1|T|1|3| |1|0| |14| |0|0| |2|P|L|P|001700000000|312329|64833032|148014898|    |      |66|00|090|Y|170000030716|Y|3|00000003|0|        |PARKS HIGHWAY AT ESTER (NB)                       
S|02|000515|5|1|22|1R|1|T|1|3| |1|0| |14| |0|0| |2|P|L|P|001700000000|312329|64833032|148014898|    |      |66|00|090|Y|170000030716|Y|3|00000003|0|        |PARKS HIGHWAY AT ESTER (SB)                       
S|02|000516|1|1|22|1U|2|T|2|3| |2|0| |14| |0|0| |2|L|N|P|  1700000000|318796|64842409|147850131|    |      |77|00|000|N|     1.7E+11|N|3|       3|0|        |PARKS HIGHWAY* CHENA BRIDGE (N                    
S|02|000516|1|2|22|1U|2|T|2|3| |2|0| |14| |0|0| |2|L|N|P|  1700000000|318796|64842409|147850131|    |      |77|00|000|N|     1.7E+11|N|3|       3|0|        |PARKS HIGHWAY* CHENA BRIDGE (N                    
S|02|000516|5|1|22|1U|2|T|2|3| |2|0| |14| |0|0| |2|L|N|P|  1700000000|318796|64842409|147850131|    |      |77|00|000|N|     1.7E+11|N|3|       3|0|        |PARKS HIGHWAY* CHENA BRIDGE (S                    
S|02|000516|5|2|22|1U|2|T|2|3| |2|0| |14| |0|0| |2|L|N|P|  1700000000|318796|64842409|147850131|    |      |77|00|000|N|     1.7E+11|N|3|       3|0|        |PARKS HIGHWAY* CHENA BRIDGE (S                    
S|02|000517|3|1|22|1U|2|T|2|3|H|2|3|G|14| |0|0| |2|P|L|P|001700000000|322333|64821867|147756616|    |      |88|00|090|Y|170000032233|Y|3|00000003|0|        |PARKS HIGHWAY AT LATHROP STREE                    
S|02|000517|3|2|22|1U|2|T|2|3|H|2|3|G|14| |0|0| |2|P|L|P|001700000000|322333|64821867|147756616|    |      |88|00|090|Y|170000032233|Y|3|00000003|0|        |PARKS HIGHWAY AT LATHROP STREE                    
S|02|000517|7|1|22|1U|2|T|2|3|H|2|3|G|14| |0|0| |2|P|L|P|001700000000|322333|64821867|147756616|    |      |88|00|090|Y|170000032233|Y|3|00000003|0|        |PARKS HIGHWAY AT LATHROP STREE                    
S|02|000517|7|2|22|1U|2|T|2|3|H|2|3|G|14| |0|0| |2|P|L|P|001700000000|322333|64821867|147756616|    |      |88|00|090|Y|170000032233|Y|3|00000003|0|        |PARKS HIGHWAY AT LATHROP STREE                    
S|02|000518|3|1|22|3U|2|T|2|3| |2|0| |14| |0|0| |2|L|N|P|  1757000000|      |64836800|147748438|    |      |73|00|000|N|     1.7E+11|N|0|     000|0|        |AIRPORT WAY BETWEEN LATHROP ST                    
S|02|000518|3|2|22|3U|2|T|2|3| |2|0| |14| |0|0| |2|L|N|P|  1757000000|      |64836800|147748438|    |      |73|00|000|N|     1.7E+11|N|0|       0|0|        |AIRPORT WAY BETWEEN LATHROP ST                    
S|02|000518|7|1|22|3U|2|T|2|3| |2|0| |14| |0|0| |2|L|N|P|  1757000000|      |64836800|147748438|    |      |73|00|000|N|     1.7E+11|N|0|       0|0|        |AIRPORT WAY BETWEEN LATHROP ST                    
S|02|000518|7|2|22|3U|2|T|2|3| |2|0| |14| |0|0| |2|L|N|P|  1757000000|      |64836800|147748438|    |      |07|00|000|N|     1.7E+11|N|0|       0|0|        |AIRPORT WAY BETWEEN LATHROP ST                    
S|02|000519|1|1|22|3R|1|T|1|3|H|1|3|G|14| |0|0| |2|P|L|P|001900000000|   349|61132217|146342571|    |      |75|00|261|Y|190000000224|Y|3|00000004|0|        |*** VALDEZ *** RICHARDSON HIGH                    
S|02|000519|5|1|22|3R|1|T|1|3|H|1|3|G|14| |0|0| |2|P|L|P|001900000000|   349|61132217|146342571|    |      |75|00|261|Y|190000000224|Y|3|00000004|0|        |*** VALDEZ *** RICHARDSON HIGH                    
S|02|000520|1|1|22|4R|2|T|2|3|H|2|3|G|14| |0|0| |2|L|N|P|001502000000|   465|64874714|147675339|    |      |70|00|090|Y|150100001111|N|0|00000000|0|        |FARMERS LOOP ROAD WEST OF STEE                    
S|02|000520|1|2|22|4R|2|T|2|3|H|2|3|G|14| |0|0| |2|L|N|P|001502000000|   465|64874714|147675339|    |      |70|00|090|Y|150100001111|N|0|00000000|0|        |FARMERS LOOP ROAD WEST OF STEE                    
S|02|000520|5|1|22|4R|2|T|2|3|H|2|3|G|14| |0|0| |2|L|N|P|001502000000|   465|64874714|147675339|    |      |70|00|090|Y|150100001111|N|0|00000000|0|        |FARMERS LOOP ROAD WEST OF STEE                    
S|02|000520|5|2|22|4R|2|T|2|3|H|2|3|G|14| |0|0| |2|L|N|P|001502000000|   465|64874714|147675339|    |      |70|00|090|Y|150100001111|N|0|00000000|0|        |FARMERS LOOP ROAD WEST OF STEE                    
S|02|000521|1|1|22|5U|1|T|1|3|H|1|3|G|14| |0|0| |2|P|L|P|001888130000|  2193|64844070|147410339|    |      |81|00|090|Y|188813002290|N|0|00000000|0|        |NORDALE ROAD* CHENA BRIDGE (NB                    
S|02|000521|5|1|22|5U|1|T|1|3|H|1|3|G|14| |0|0| |2|P|L|P|001888130000|  2193|64844070|147410339|    |      |81|00|090|Y|188813002290|N|0|00000000|0|        |NORDALE ROAD* CHENA BRIDGE (SB                    
S|02|000522|1|1|22|3U|2|T|2|3| |2|0| |13| |0|0| |2|L|N|P|  1759000000|      |64841439|147812609|    |      |74|00|000|N|   1.758E+11|N|0|       0|0|        |UNIVERSITY AVENUE* CHENA BRIDG                    
S|02|000522|1|2|22|3U|2|T|2|3| |2|0| |13| |0|0| |2|L|N|P|  1759000000|      |64841439|147812609|    |      |74|00|000|N|   1.758E+11|N|0|       0|0|        |UNIVERSITY AVENUE* CHENA BRIDG                    
S|02|000522|5|1|22|3U|2|T|2|3| |2|0| |13| |0|0| |2|L|N|P|  1759000000|      |64841439|147812609|    |      |74|00|000|N|   1.758E+11|N|0|       0|0|        |UNIVERSITY AVENUE* CHENA BRIDG                    
S|02|000522|5|2|22|3U|2|T|2|3| |2|0| |13| |0|0| |2|L|N|P|  1759000000|      |64841439|147812609|    |      |74|00|000|N|   1.758E+11|N|0|       0|0|        |UNIVERSITY AVENUE* CHENA BRIDG                    
S|02|000523|1|1|22|4U|2|T|2|3|H|2|3|G|14| |0|0| |2|P|L|P|001761200000|   688|64840652|147778566|    |      |74|00|090|Y|150125000158|N|0|00000000|0|        |PEGER ROAD* CHENA BRIDGE (NB)                     
S|02|000523|1|2|22|4U|2|T|2|3|H|2|3|G|14| |0|0| |2|P|L|P|001761200000|   688|64840652|147778566|    |      |74|00|090|Y|150125000158|N|0|00000000|0|        |PEGER ROAD* CHENA BRIDGE (NB)                     
S|02|000523|5|1|22|4U|2|T|2|3|H|2|3|G|14| |0|0| |2|P|L|P|001761200000|   688|64840652|147778566|    |      |74|00|090|Y|150125000158|N|0|00000000|0|        |PEGER ROAD* CHENA BRIDGE (SB)                     
S|02|000523|5|2|22|4U|2|T|2|3|H|2|3|G|14| |0|0| |2|P|L|P|001761200000|   688|64840652|147778566|    |      |74|00|090|Y|150125000158|N|0|00000000|0|        |PEGER ROAD* CHENA BRIDGE (SB)                     
S|02|000524|1|1|22|4U|3|T|3|3|H|3|3|G|14| |0|0| |2|L|P|P|001763000000|  3283|64844500|147721870|    |      |73|00|090|Y|176300000153|N|0|00000000|0|        |CUSHMAN STREET* CHENA BRIDGE (                    
S|02|000524|1|2|22|4U|3|T|3|3|H|3|3|G|14| |0|0| |2|L|P|P|001763000000|  3283|64844500|147721870|    |      |73|00|090|Y|176300000153|N|0|00000000|0|        |CUSHMAN STREET* CHENA BRIDGE (                    
S|02|000524|1|3|22|4U|3|T|3|3|H|3|3|G|14| |0|0| |2|L|P|P|001763000000|  3283|64844500|147721870|    |      |73|00|090|Y|176300000153|N|0|00000000|0|        |CUSHMAN STREET* CHENA BRIDGE (                    
S|02|000525|1|1|22|4U|1|T|1|3| |1|0| |13| |0|0| |2|L|N|P|  1501100000|      |64846883|147707666|    |      |73|00|000|N|0BFEB9ED3788|N|0|       0|0|        |WENDELL STREET* CHENA BRIDGE (                    
S|02|000525|5|1|22|4U|1|T|1|3| |1|0| |13| |0|0| |2|L|N|P|  1501100000|      |64846883|147707666|    |      |73|00|000|N|0BFEB9ED3788|N|0|       0|0|        |WENDELL STREET* CHENA BRIDGE (                    
S|02|000526|3|1|22|3U|2|T|2|3|H|2|3|G|14| |0|0| |2|P|L|P|001757000000|   121|64835476|147709886|    |      |78|00|090|Y|170000032467|Y|0|00000000|0|        |AIRPORT WAY BETWEEN STEESE EXP                    
S|02|000526|3|2|22|3U|2|T|2|3|H|2|3|G|14| |0|0| |2|P|L|P|001757000000|   121|64835476|147709886|    |      |78|00|090|Y|170000032467|Y|0|00000000|0|        |AIRPORT WAY BETWEEN STEESE EXP                    
S|02|000526|7|1|22|3U|2|T|2|3|H|2|3|G|14| |0|0| |2|P|L|P|001757000000|   121|64835476|147709886|    |      |78|00|090|Y|170000032467|Y|0|00000000|0|        |AIRPORT WAY BETWEEN STEESE EXP                    
S|02|000526|7|2|22|3U|2|T|2|3|H|2|3|G|14| |0|0| |2|P|L|P|001757000000|   121|64835476|147709886|    |      |78|00|090|Y|170000032467|Y|0|00000000|0|        |AIRPORT WAY BETWEEN STEESE EXP                    
S|02|000527|3|1|22|4U|2|T|2|3|H|2|3|G|14| |0|0| |2|L|N|P|001501000000|  3722|64857418|147800710|    |      |74|00|090|Y|150100003238|N|0|00000000|0|        |COLLEGE ROAD EAST OF HAYES STR                    
S|02|000527|3|2|22|4U|2|T|2|3|H|2|3|G|14| |0|0| |2|L|N|P|001501000000|  3722|64857418|147800710|    |      |74|00|090|Y|150100003238|N|0|00000000|0|        |COLLEGE ROAD EAST OF HAYES STR                    
S|02|000527|7|1|22|4U|2|T|2|3|H|2|3|G|14| |0|0| |2|L|N|P|001501000000|  3722|64857418|147800710|    |      |74|00|090|Y|150100003238|N|0|00000000|0|        |COLLEGE ROAD EAST OF HAYES STR                    
S|02|000527|7|2|22|4U|2|T|2|3|H|2|3|G|14| |0|0| |2|L|N|P|001501000000|  3722|64857418|147800710|    |      |74|00|090|Y|150100003238|N|0|00000000|0|        |COLLEGE ROAD EAST OF HAYES STR                    
S|02|000528|3|1|22|1U|2|T|2|3| |0|0| |13| |0|0| |2|P|L|P|001900000000|347891|64731128|147271721|    |      |81|00|090|Y|4ED8E1EE9522|Y|3|00000002|0|        |RICHARDSON HIGHWAY AT MOOSE CR                    
S|02|000528|3|2|22|1U|2|T|2|3| |0|0| |13| |0|0| |2|P|L|P|001900000000|347891|64731128|147271721|    |      |81|00|090|Y|4ED8E1EE9522|Y|3|00000002|0|        |RICHARDSON HIGHWAY AT MOOSE CR                    
S|02|000528|7|1|22|1U|2|T|2|3| |0|0| |13| |0|0| |2|P|L|P|001900000000|347891|64731128|147271721|    |      |81|00|090|Y|4ED8E1EE9522|Y|3|00000002|0|        |RICHARDSON HIGHWAY AT MOOSE CR                    
S|02|000528|7|2|22|1U|2|T|2|3| |0|0| |13| |0|0| |2|P|L|P|001900000000|347891|64731128|147271721|    |      |81|00|090|Y|4ED8E1EE9522|Y|3|00000002|0|        |RICHARDSON HIGHWAY AT MOOSE CR                    
S|02|000529|1|1|22|4U|1|T|1|3| |0|0| |13| |0|0| |2|L|N|P|001888000000| 10565|64767239|147344942|    |      |81|00|090|Y|188800000660|N|0|00000000|0|        |EAST END BADGER LOOP ROAD (NB)                    
S|02|000529|5|1|22|4U|1|T|1|3| |0|0| |13| |0|0| |2|L|N|P|001888000000| 10565|64767239|147344942|    |      |81|00|090|Y|188800000660|N|0|00000000|0|        |EAST END BADGER LOOP ROAD (SB)                    
S|02|000530|3|1|22|3U|2|T|2|3| |2|0| |14| |0|0| |2|L|N|P|  1757000000|      |64836836|147797566|    |      |85|00|000|N|     1.7E+11|N|0|       0|0|        |AIRPORT WAY BETWEEN WASHINGTON                    
S|02|000530|3|2|22|3U|2|T|2|3| |2|0| |14| |0|0| |2|L|N|P|  1757000000|      |64836836|147797566|    |      |85|00|000|N|     1.7E+11|N|0|       0|0|        |AIRPORT WAY BETWEEN WASHINGTON                    
S|02|000530|7|1|22|3U|2|T|2|3| |2|0| |14| |0|0| |2|L|N|P|  1757000000|      |64836836|147797566|    |      |85|00|000|N|     1.7E+11|N|0|       0|0|        |AIRPORT WAY BETWEEN WASHINGTON                    
S|02|000530|7|2|22|3U|2|T|2|3| |2|0| |14| |0|0| |2|L|N|P|  1757000000|      |64836836|147797566|    |      |85|00|000|N|     1.7E+11|N|0|       0|0|        |AIRPORT WAY BETWEEN WASHINGTON                    
S|02|000531|1|1|22|4U|3|T|3|3| |0|0| |13| |0|0| |2|L|N|P|001888000000|   223|64810463|147572703|    |      |04|00|090|Y|188800000220|N|0|00000000|0|        |WEST END BADGER LOOP ROAD (NB)                    
S|02|000531|1|2|22|4U|3|T|3|3| |0|0| |13| |0|0| |2|L|N|P|001888000000|   223|64810463|147572703|    |      |04|00|090|Y|188800000220|N|0|00000000|0|        |WEST END BADGER LOOP ROAD (NB)                    
S|02|000531|1|3|22|4U|3|T|3|3| |0|0| |13| |0|0| |2|L|N|P|001888000000|   223|64810463|147572703|    |      |04|00|090|Y|188800000220|N|0|00000000|0|        |WEST END BADGER LOOP ROAD (NB)                    
S|02|000531|5|1|22|4U|2|T|2|3| |0|0| |13| |0|0| |2|L|N|P|001888000000|   223|64810463|147572703|    |      |04|00|090|Y|188800000220|N|0|00000000|0|        |WEST END BADGER LOOP ROAD (SB)                    
S|02|000531|5|2|22|4U|2|T|2|3| |0|0| |13| |0|0| |2|L|N|P|001888000000|   223|64810463|147572703|    |      |04|00|090|Y|188800000220|N|0|00000000|0|        |WEST END BADGER LOOP ROAD (SB)                    
S|02|000532|3|1|22|3U|2|T|2|3| |0|0| |13| |0|0| |2|L|N|P|001772000000|    87|64849231|147809647|    |      |93|00|090|Y|177200000221|Y|0|00000000|0|        |JOHANSEN EXPRESSWAY EAST OF UN                    
S|02|000532|3|2|22|3U|2|T|2|3| |0|0| |13| |0|0| |2|L|N|P|001772000000|    87|64849231|147809647|    |      |93|00|090|Y|177200000221|Y|0|00000000|0|        |JOHANSEN EXPRESSWAY EAST OF UN                    
S|02|000532|7|1|22|3U|2|T|2|3| |0|0| |13| |0|0| |2|L|N|P|001772000000|    87|64849231|147809647|    |      |93|00|090|Y|177200000221|Y|0|00000000|0|        |JOHANSEN EXPRESSWAY EAST OF UN                    
S|02|000532|7|2|22|3U|2|T|2|3| |0|0| |13| |0|0| |2|L|N|P|001772000000|    87|64849231|147809647|    |      |93|00|090|Y|177200000221|Y|0|00000000|0|        |JOHANSEN EXPRESSWAY EAST OF UN                    
S|02|000546|3|1|22|1R|1|T|1|3|H|1|3|G|14|B|0|1|A|2|P|L|P|000000190000|497688|64315927|146692443|    |      |64|00|090|Y|180000024082|Y|0|  190000|9|        |Richardson Hwy @ Birch Lake Maint Camp 13300307   
S|02|000546|7|1|22|1R|1|T|1|3|H|1|3|G|14|B|0|1|A|2|P|L|P|000000190000|497688|64315927|146692443|    |      |64|00|090|Y|180000024082|Y|0|  190000|9|        |Richardson Hwy @ Birch Lake Maint Camp 13300307   
S|02|000550|1|1|22|4R|1|T|1|3| |0|0| |13| |0|0| |2|P|L|P|001900000000|221047|63415488|145748385|    |      |10|00|240|Y|190000021166|Y|3|00000004|0|        |RICH HWY @ TRIMS MAINT STATION                    
S|02|000550|5|1|22|4R|1|T|1|3| |0|0| |13| |0|0| |2|P|L|P|001900000000|221047|63415488|145748385|    |      |10|00|240|Y|190000021166|Y|3|00000004|0|        |RICH HWY @ TRIMS MAINT STATION                    
S|02|000553|3|1|22|1R|1|T|1|3|H|1|3|G|14| |0|0| |2|P|L|P|002300000000|121938|63282101|143021876|    |      |05|00|240|Y|230000009867|Y|3|00000001|0|        |TOK CUTOFF MP119 AVC_(EB)                         
S|02|000553|7|1|22|1R|1|T|1|3|H|1|3|G|14| |0|0| |2|P|L|P|002300000000|121938|63282101|143021876|    |      |05|00|240|Y|230000009867|Y|3|00000001|0|        |TOK CUTOFF MP119 AVC_(WB)                         
S|02|000554|1|1|22|3R|1|T|1|3|H|1|3|G|14| |0|0| |2|P|L|P|001900000000| 65814|61442310|145111594|    |      |10|00|261|Y|190000060316|Y|3|00000004|0|        |RICH HWY @ ERNESTINE MAINT STA                    
S|02|000554|5|1|22|3R|1|T|1|3|H|1|3|G|14| |0|0| |2|P|L|P|001900000000| 65814|61442310|145111594|    |      |10|00|261|Y|190000060316|Y|3|00000004|0|        |RICH HWY @ ERNESTINE MAINT STA                    
S|02|000555|3|1|22|1R|1|T|1|3|H|1|3|G|14| |0|0| |2|P|L|P|001800000000| 85941|63326464|142856223|    |      |05|00|240|Y|180000008745|Y|3|00000002|0|        |ALASKA HIGHWAY MP1310                             
S|02|000555|7|1|22|1R|1|T|1|3|H|1|3|G|14| |0|0| |2|P|L|P|001800000000| 85941|63326464|142856223|    |      |05|00|240|Y|180000008745|Y|3|00000002|0|        |ALASKA HIGHWAY MP1310                             
S|02|000556|1|1|22|3R|1|T|1|3|H|1|3|G|14| |0|0| |2|P|L|P|001520000000| 10550|64952349|147622069|    |      |06|00|090|Y|150000000953|Y|3|00000002|0|        |Steese Hwy between Goldstream                     
S|02|000556|5|1|22|3R|1|T|1|3|H|1|3|G|14| |0|0| |2|P|L|P|001520000000| 10550|64952349|147622069|    |      |06|00|090|Y|150000000953|Y|3|00000002|0|        |Steese Hwy between Goldstream                     
S|02|000572|1|1|22|3R|1|T|1|3|H|1|3|G|15|T|1|5|A|2|B|P|P|001520000000| 10550|64952352|147622062|    |      |06|00|090|Y|150000000953|Y|3|00000002|0|        |Steese Hwy between Goldstream                     
S|02|000572|5|1|22|3R|1|T|1|3|H|1|3|G|15|T|1|5|A|2|B|P|P|001520000000| 10550|64952352|147622062|    |      |06|00|090|Y|150000000953|Y|3|00000002|0|        |Steese Hwy between Goldstream                     
S|02|000574|1|1|22|1R|1|T|1|3|H|1|3|G|15|T|1|5|A|2|B|P|P|  1800000000|      |63326465|142856229|    |      |05|00|240|N|     1.8E+11|N|3|       2|0|        |Alaska Hwy at Milepost 1310 or                    
S|02|000574|5|1|22|1R|1|T|1|3|H|1|3|G|15|T|1|5|A|2|B|P|P|  1800000000|      |63326465|142856229|    |      |05|00|240|N|     1.8E+11|N|3|       2|0|        |Alaska Hwy at Milepost 1310 or                    
S|02|000666|3|1|22|6U|1|T|1|3|H|1|3|G|14|N|0|1|A|2|P|L|P|      188500|      |64776855|147349385|    |      |19|00|000|N|   1.885E+11|N|0|  188500|9|        |Plack Rd East Of Badger Rd 13220000               
S|02|000666|7|1|22|6U|1|T|1|3|H|1|3|G|14|N|0|1|A|2|P|L|P|      188500|      |64776855|147349385|    |      |19|00|000|N|   1.885E+11|N|0|  188500|9|        |Plack Rd East Of Badger Rd 13220000               
S|02|000672|5|1|22|4U|3|T|3|3|H|3|3|G|14| |0|0| |2|L|N|P|001764230000|   131|64843950|147723724|    |      |13|00|090|N|            |N|0|00000000|0|        |BARNETTE STREET BRIDGE                            
S|02|000672|5|2|22|4U|3|T|3|3|H|3|3|G|14| |0|0| |2|L|N|P|001764230000|   131|64843950|147723724|    |      |15|00|090|N|            |N|0|00000000|0|        |BARNETTE STREET BRIDGE                            
S|02|000672|5|3|22|4U|3|T|3|3|H|3|3|G|14| |0|0| |2|L|N|P|001764230000|   131|64843950|147723724|    |      |15|00|090|N|            |N|0|00000000|0|        |BARNETTE STREET BRIDGE                            
S|02|000673|1|1|22|1R|1|T|1|3|H|1|3|G|15|N|0|0| |2|L|N|P|001700000000|209800|63388814|148904273|    |      |14|00|068|Y|170000207275|Y|3|00000003|0|        |PARKS HWY @ CANTWELL                              
S|02|000673|5|1|22|1R|1|T|1|3|H|1|3|G|15|N|0|0| |2|L|N|P|001700000000|209800|63388814|148904273|    |      |14|00|068|Y|170000207275|Y|3|00000003|0|        |PARKS HWY @ CANTWELL                              
S|02|000674|1|1|22|5R|1|T|1|3|H|1|3|G|14| |0|0| |2|L|N|P|001670000000|   506|64511652|165392937|    |      |14|00|180|Y|160000057114|N|0|00000000|0|        |NOME/TELLER RD NORTH OF NOME B                    
S|02|000674|5|1|22|5R|1|T|1|3|H|1|3|G|14| |0|0| |2|L|N|P|001670000000|   506|64511652|165392937|    |      |14|00|180|Y|160000057114|N|0|00000000|0|        |NOME/TELLER HWY NORTH OF NOME                     
S|02|000675|3|1|22|5U|2|T|2|3|H|2|3|G|14| |0|0| |2|L|N|P|001758000000|   987|64849210|147846024|    |      |14|00|090|Y|175800001760|Y|0|00000000|0|        |GEIST RD WEST OF THOMPSON DR                      
S|02|000675|3|2|22|5U|2|T|2|3|H|2|3|G|14| |0|0| |2|L|N|P|001758000000|   987|64849210|147846024|    |      |15|00|090|Y|175800001760|Y|0|00000000|0|        |GEIST RD WEST OF THOMPSON DR                      
S|02|000675|7|1|22|5U|2|T|2|3|H|2|3|G|14| |0|0| |2|L|N|P|001758000000|   987|64849210|147846024|    |      |14|00|090|Y|175800001760|Y|0|00000000|0|        |GEIST RD WEST OF THOMPSON DRIV                    
S|02|000675|7|2|22|5U|2|T|2|3|H|2|3|G|14| |0|0| |2|L|N|P|001758000000|   987|64849210|147846024|    |      |15|00|090|Y|175800001760|Y|0|00000000|0|        |GEIST RD WEST OF THOMPSON DRIV                    
S|02|000676|1|1|22|3U|1|T|1|3| |0|0| |13| |0|0| |2|L|N|P|001758700000|   227|64848076|147829605|    |      |15|00|090|Y|175870000000|N|0|00000000|0|        |FAIRBANKS ST NORTH OF GEIST RD                    
S|02|000676|5|1|22|3U|2|T|2|3| |0|0| |13| |0|0| |2|L|N|P|001758700000|   227|64848076|147829605|    |      |14|00|090|Y|175870000000|N|0|00000000|0|        |FAIRBANKS ST NORTH OF GEIST RD                    
S|02|000676|5|2|22|3U|2|T|2|3| |0|0| |13| |0|0| |2|L|N|P|001758700000|   227|64848076|147829605|    |      |15|00|090|Y|175870000000|N|0|00000000|0|        |FAIRBANKS ST NORTH OF GEIST RD                    
S|02|000677|1|1|22|1R|1|T|1|3| |0|0| |13| |0|0| |2|L|N|P|001700000000|245200|63822419|148988619|    |      |14|00|068|Y|CC6784C892EA|Y|3|00000003|0|        |PARKS @ HEALY_MP 245                              
S|02|000677|5|1|22|1R|1|T|1|3| |0|0| |13| |0|0| |2|L|N|P|001700000000|245200|63822419|148988619|    |      |14|00|068|Y|CC6784C892EA|Y|3|00000003|0|        |PARKS @ HEALY_MP 245                              
S|02|000678|1|1|22|1R|1|T|1|3|H|1|3|G|14| |0|0| |2|L|N|P|001700000000|266529|64528969|149070986|    |      |14|00|290|Y|170000261132|Y|3|00000003|0|        |PARKS HWY @ NENANA CLASS                          
S|02|000678|5|1|22|1R|1|T|1|3|H|1|3|G|14| |0|0| |2|L|N|P|001700000000|266529|64528969|149070986|    |      |14|00|290|Y|170000261132|Y|3|00000003|0|        |PARKS HWY @ NENANA CLASS                          
S|02|000679|3|1|22|1R|1|T|1|3|H|1|3|G|14| |0|0| |2|L|N|P|001800000000| 77650|63311227|142602130|    |      |14|00|240|Y|180000004206|Y|3|00000002|0|        |ALASKA HWY EAST OF TAYLOR HWY                     
S|02|000679|7|1|22|1R|1|T|1|3|H|1|3|G|14| |0|0| |2|L|N|P|001800000000| 77650|63311227|142602130|    |      |14|00|240|Y|180000004206|Y|3|00000002|0|        |ALASKA HWY EAST OF TAYLOR HWY                     
S|02|000680|3|1|22|1R|1|T|1|3|H|1|3|G|14| |0|0| |2|L|N|P|  1800000000|      |64030901|145707003|    |      |14|00|240|N|1EBB36E8FA19|N|3|       2|0|        |ALASKA HWY @ DELTA                                
S|02|000680|7|1|22|1R|1|T|1|3|H|1|3|G|14| |0|0| |2|L|N|P|  1800000000|      |64030901|145707003|    |      |14|00|240|N|1EBB36E8FA19|N|3|       2|0|        |ALASKA HWY @ DELTA                                
S|02|000681|1|1|22|4U|1|T|1|3|H|1|3|G|14| |0|0| |2|L|N|P|001888000000| 10514|64767191|147344926|    |      |14|00|090|Y|188800000660|N|0|00000000|0|        |BADGER ROAD WEST OF BEULAH CT                     
S|02|000681|5|1|22|4U|1|T|1|3|H|1|3|G|14| |0|0| |2|L|N|P|001888000000| 10514|64767191|147344926|    |      |14|00|090|Y|188800000660|N|0|00000000|0|        |BADGER ROAD WEST OF BEULAH CT                     
S|02|000802|3|1|22|5R|1|T|1|3| |0|0| |13| |0|0| |2|L|N|P|002920000000|  6576|55550459|133096771|    |      |92|00|198|Y|B808028B8744|N|0|00000000|0|        |CRAIG/KLAWOCK/HOLLIS HWY BTW K                    
S|02|000802|7|1|22|5R|1|T|1|3| |0|0| |13| |0|0| |2|L|N|P|002920000000|  6576|55550459|133096771|    |      |92|00|198|Y|B808028B8744|N|0|00000000|0|        |CRAIG/KLAWOCK/HOLLIS HWY BTW K                    
S|02|000803|1|1|22|5R|1|T|1|3| |0|0| |13| |0|0| |2|L|N|P|002933000000|   771|56460244|132379257|    |      |92|00|275|Y|293300000580|N|0|00000000|0|        |WRANGELL PTR: ZIMOVIA HWY BTW                     
S|02|000803|5|1|22|5R|1|T|1|3| |0|0| |13| |0|0| |2|L|N|P|002933000000|   771|56460244|132379257|    |      |92|00|275|Y|293300000580|N|0|00000000|0|        |WRANGELL PTR: ZIMOVIA HWY BTW                     
S|02|000804|1|1|22|5R|1|T|1|3| |0|0| |13| |0|0| |2|L|N|P|002940000000|  2451|56776455|132964964|    |      |92|00|195|Y|9D2B970EFC3F|Y|3|00000007|0|        |MITKOF HWY PTR* S JCT SCOW BAY                    
S|02|000804|5|1|22|5R|1|T|1|3| |0|0| |13| |0|0| |2|L|N|P|002940000000|  2451|56776455|132964964|    |      |92|00|195|Y|9D2B970EFC3F|Y|3|00000007|0|        |MITKOF HWY* S JCT SCOW BAY LOO                    
S|02|000805|1|1|22|4U|1|T|1|3| |0|0| |13| |0|0| |2|L|N|P|002960000000| 15758|58387834|134744263|    |      |08|00|110|Y|UYILVTJQDIYN|N|3|00000007|0|        |GLACIER HWY BTW N LENA & AUKE                     
S|02|000805|5|1|22|4U|1|T|1|3| |0|0| |13| |0|0| |2|L|N|P|002960000000| 15758|58387834|134744263|    |      |08|00|110|Y|UYILVTJQDIYN|N|3|00000007|0|        |GLACIER HWY BTW N LENA & AUKE                     
S|02|000806|1|1|22|3U|2|T|2|3| |0|0| |13| |0|0| |2|L|N|P|  2960000000|      |58321306|134456026|    |      |10|00|110|N|    2.96E+11|N|3|       7|0|        |EGAN BTW TWIN LKS DR & GLACIER                    
S|02|000806|1|2|22|3U|2|T|2|3| |0|0| |13| |0|0| |2|L|N|P|  2960000000|      |58321306|134456026|    |      |10|00|110|N|    2.96E+11|N|3|       7|0|        |EGAN BTW TWIN LKS DR & GLACIER                    
S|02|000806|1|3|22|3U|2|T|2|3| |0|0| |13| |0|0| |2|L| |P|  2960000000|      |58321306|134456026|    |      |10|00|000|N|    2.96E+11|N|3|       7|0|       0|EGAN BTW TWIN LKS DR & GLACIER AVE @ 3 MILEPOST EG
S|02|000806|5|1|22|3U|2|T|2|3| |0|0| |13| |0|0| |2|L|N|P|  2960000000|      |58321306|134456026|    |      |10|00|110|N|    2.96E+11|N|3|       7|0|        |EGAN BTW TWIN LKS DR & GLACIER                    
S|02|000806|5|2|22|3U|2|T|2|3| |0|0| |13| |0|0| |2|L|N|P|  2960000000|      |58321306|134456026|    |      |10|00|110|N|    2.96E+11|N|3|       7|0|        |EGAN BTW TWIN LKS DR & GLACIER                    
S|02|000807|1|1|22|4U|1|T|1|3|N|1|0| |13|N|0|0| |2|L|N|P|  2965000000|      |58390305|134583430|    |      |91|00|110|N|   2.965E+11|N|0|       0|0|        |RIVERSIDE PTR CEMETARY ACCESS 16070807            
S|02|000807|5|1|22|4U|1|T|1|3|N|1|0| |13|N|0|0| |2|L|N|P|  2965000000|      |58390305|134583430|    |      |91|00|110|N|   2.965E+11|N|0|       0|0|        |RIVERSIDE PTR CEMETARY ACCESS 16070807            
S|02|000808|1|1|22|4U|1|T|1|3| |0|0| |13| |0|0| |2|L|N|P|002954000000|      |57056926|135344992|    |      |98|00|220|Y|296400006070|Y|0|00000000|0|        |HALIBUT PT RD BTW KATLIAN & MA                    
S|02|000808|1|2|22|4U|1|T|1|3| |0|0| |13| |0|0| |2|L|N|P|002954000000|      |57056926|135344992|    |      |98|00|220|Y|296400006070|Y|0|00000000|0|        |HALIBUT PT RD BTW KATLIAN & MA                    
S|02|000808|5|1|22|4U|1|T|1|3| |0|0| |13| |0|0| |2|L|N|P|002954000000|      |57056926|135344992|    |      |98|00|220|Y|296400006070|Y|0|00000000|0|        |HALIBUT PT RD BTW KATLIAN & MA                    
S|02|000808|5|2|22|4U|1|T|1|3| |0|0| |13| |0|0| |2|L|N|P|002954000000|      |57056926|135344992|    |      |98|00|220|Y|296400006070|Y|0|00000000|0|        |HALIBUT PT RD BTW KATLIAN & MA                    
S|02|000809|1|1|22|3R|1|T|1|3|H|1|3|G|14| |0|0| |2|P|L|P|002980000000|  1576|59242413|135484338|    |      |08|00|100|Y|298000000525|Y|3|00000007|0|        |HAINES HWY BTW SAWMILL & AIRPO                    
S|02|000809|5|1|22|3R|1|T|1|3|H|1|3|G|14| |0|0| |2|P|L|P|002980000000|  1576|59242413|135484338|    |      |08|00|100|Y|298000000525|Y|3|00000007|0|        |HAINES HWY BTW SAWMILL & AIRPO                    
S|02|000896|1|1|22|3U|2|T|2|3|H|2|3|G|14| |0|0| |1|P|L|P|  2960000000|      |58358602|134532023|    |      |99|00|110|N|            |N|3|       7|0|        |EGAN BTW YANDUKIN & SUNNY PT A                    
S|02|000896|1|2|22|3U|2|T|2|3|H|2|3|G|14| |0|0| |1|P|L|P|  2960000000|      |58358602|134532023|    |      |99|00|110|N|            |N|3|       7|0|        |EGAN BTW YANDUKIN & SUNNY PT A                    
S|02|000896|5|1|22|3U|2|T|2|3|H|2|3|G|14| |0|0| |1|P|L|P|  2960000000|      |58358602|134532023|    |      |99|00|110|N|            |N|3|       7|0|        |EGAN BTW YANDUKIN & SUNNY PT A                    
S|02|000896|5|2|22|3U|2|T|2|3|H|2|3|G|14| |0|0| |1|P|L|P|  2960000000|      |58358602|134532023|    |      |99|00|110|N|            |N|3|       7|0|        |EGAN BTW YANDUKIN & SUNNY PT A                    
S|02|000918|1|1|22|5U|1|T|1|3| |0|0| |13| |0|0| |2|L|N|P|002961100000|  1070|58290015|134421634|    |      |04|00|110|Y|296110005410|N|0|00000000|0|        |DOUGLAS HIGHWAY AT JOHN STREET                    
S|02|000918|5|1|22|5U|1|T|1|3| |0|0| |13| |0|0| |2|L|N|P|002961100000|  1070|58290015|134421634|    |      |04|00|110|Y|296110005410|N|0|00000000|0|        |DOUGLAS HIGHWAY AT JOHN STREET                    
S|02|000935|1|1|22|3R|1|T|1|3|H|1|3|G|14| |0|0| |2|P|L|P|002995000000|   837|59477732|135294421|    |      |01|00|230|Y|MDLZFCPOEDKG|Y|3|00000098|0|        |KLONDIKE HWY BTW DYEA & SANITO                    
S|02|000935|5|1|22|3R|1|T|1|3|H|1|3|G|14| |0|0| |2|P|L|P|002995000000|   837|59477732|135294421|    |      |01|00|230|Y|MDLZFCPOEDKG|Y|3|00000098|0|        |KLONDIKE HWY BTW DYEA & SANITO                    
S|02|000936|3|1|22|4U|1|T|1|3| |0|0| |13| |0|0| |2|L|N|P|002955000000|   723|57051827|135317277|    |      |03|00|220|Y|296445000041|N|0|00000000|0|        |SAWMILL CREEK RD @ INDIAN RIVE                    
S|02|000936|7|1|22|4U|1|T|1|3| |0|0| |13| |0|0| |2|L|N|P|002955000000|   723|57051827|135317277|    |      |03|00|220|Y|296445000041|N|0|00000000|0|        |SAWMILL CREEK RD @ INDIAN RIVE                    
S|02|000937|1|1|22|4U|1|T|1|3|H|1|3|G|14| |0|0| |2|P|L|P|002915000000|  1330|55368019|131716219|    |      |03|00|130|N|            |N|3|00000007|0|        |NORTH TONGASS PTR @ ROSES CABO                    
S|02|000937|5|1|22|4U|1|T|1|3|H|1|3|G|14| |0|0| |2|P|L|P|002915000000|  1330|55368019|131716219|    |      |03|00|130|N|            |N|3|00000007|0|        |NORTH TONGASS PTR @ ROSES CABO                    
S|02|000938|1|1|22|4U|1|T|1|3| |0|0| |13| |0|0| |2|L|N|P|002914000000|  3081|55334755|131627436|    |      |03|00|130|N|            |N|3|00000007|0|        |SOUTH TONGASS @ CEMETERY ROAD                     
S|02|000938|5|1|22|4U|1|T|1|3| |0|0| |13| |0|0| |2|L|N|P|002914000000|  3081|55334755|131627436|    |      |03|00|130|N|            |N|3|00000007|0|        |SOUTH TONGASS @ CEMETERY ROAD                     
S|02|000942|3|1|22|4U|1|T|1|3| |0|0| |13| |0|0| |2|L|N|P|002954640000|      |57049359|135349160|    |      |04|00|220|N|            |Y|0|00000000|0|        |HARBOR DRIVE BTW SEWARD AVE &                     
S|02|000942|7|1|22|4U|1|T|1|3| |0|0| |13| |0|0| |2|L|N|P|002954640000|      |57049359|135349160|    |      |04|00|220|N|            |Y|0|00000000|0|        |HARBOR DRIVE BTW SEWARD AVE &                     
S|02|000945|3|1|22|5U|1|T|1|3| |0|0| |13| |0|0| |2|L|N|P|002914330000|   539|55351260|131668774|    |      |04|00|130|N|            |N|0|00000000|0|        |THIRD AVENUE EXTENSION - KETCH                    
S|02|000945|7|1|22|5U|1|T|1|3| |0|0| |13| |0|0| |2|L|N|P|002914330000|   539|55351260|131668774|    |      |04|00|130|N|            |N|0|00000000|0|        |THIRD AVENUE EXTENSION - KETCH                    
S|02|111400|1|1|22|5R|1|T|1|3|H|1|3|G|14| |0|0| |2|P|N|P|002114000000|   321|60537100|145761000|    |      |14|00|261|Y|211400000000|Y|0|00000010|0|        |PT WHITESHED ROAD MP 0.4 CORDOVA                  
S|02|111400|5|1|22|5R|1|T|1|3|H|1|3|G|14| |0|0| |2|P|N|P|002114000000|   321|60537100|145761000|    |      |14|00|261|Y|211400000000|Y|0|00000010|0|        |PT WHITESHED ROAD MP 0.4 CORDOVA                  
S|02|113130|1|1|22|1U|3|T|3|3| |0|0| |13| |0|0| |2|A| |P|01020000X000|124246|61189700|149866500|    |      |99|00|020|N|130000012585|Y|0|00000000|0|        |Seward Hwy MP 125 NB @ Mooses Tooth (             
S|02|113130|1|2|22|1U|3|T|3|3| |0|0| |13| |0|0| |2|A| |P|01020000X000|124246|61189700|149866500|    |      |99|00|020|N|130000012585|Y|0|00000000|0|        |Seward Hwy MP 125 NB @ Mooses Tooth (             
S|02|113130|1|3|22|1U|3|T|3|3| |0|0| |13| |0|0| |2|A| |P|01020000X000|124246|61189700|149866500|    |      |99|00|020|N|130000012585|Y|0|00000000|0|        |Seward Hwy MP 125 NB @ Mooses Tooth (             
S|02|113530|5|1|22|1U|3|T|3|3| |0|0| |13| |0|0| |2|A| |P|01020000D000|   833|61189880|149867710|    |      |99|00|020|N|            |Y|0|00000000|0|        |Seward Hwy MP 125 SB @ Mooses Tooth (             
S|02|113530|5|2|22|1U|3|T|3|3| |0|0| |13| |0|0| |2|A| |P|01020000D000|   833|61189880|149867710|    |      |99|00|020|N|            |Y|0|00000000|0|        |Seward Hwy MP 125 SB @ Mooses Tooth (             
S|02|113530|5|3|22|1U|3|T|3|3| |0|0| |13| |0|0| |2|A| |P|01020000D000|   833|61189880|149867710|    |      |99|00|020|N|            |Y|0|00000000|0|        |Seward Hwy MP 125 SB @ Mooses Tooth (             
S|02|113930|1|1|22|1U|3|T|3|3| |0|0| |13| |0|0| |2|A| |P|01020000X000|124246|61189730|149867010|    |      |99|00|020|N|130000012585|Y|0|00000000|0|        |Seward Hwy MP 125 Combo NB/SB @ Moose             
S|02|113930|1|2|22|1U|3|T|3|3| |0|0| |13| |0|0| |2|A| |P|01020000X000|124246|61189730|149867010|    |      |99|00|020|N|130000012585|Y|0|00000000|0|        |Seward Hwy MP 125 Combo NB/SB @ Moose             
S|02|113930|1|3|22|1U|3|T|3|3| |0|0| |13| |0|0| |2|A| |P|01020000X000|124246|61189730|149867010|    |      |99|00|020|N|130000012585|Y|0|00000000|0|        |Seward Hwy MP 125 Combo NB/SB @ Moose             
S|02|113930|5|1|22|1U|3|T|3|3| |0|0| |13| |0|0| |2|A| |P|01020000X000|124246|61189730|149867010|    |      |99|00|020|N|130000012585|Y|0|00000000|0|        |Seward Hwy MP 125 Combo NB/SB @ Moose             
S|02|113930|5|2|22|1U|3|T|3|3| |0|0| |13| |0|0| |2|A| |P|01020000X000|124246|61189730|149867010|    |      |99|00|020|N|130000012585|Y|0|00000000|0|        |Seward Hwy MP 125 Combo NB/SB @ Moose             
S|02|113930|5|3|22|1U|3|T|3|3| |0|0| |13| |0|0| |2|A| |P|01020000X000|124246|61189730|149867010|    |      |99|00|020|N|130000012585|Y|0|00000000|0|        |Seward Hwy MP 125 Combo NB/SB @ Moose             
S|02|131200|3|1|22|5U|1|T|1|3|H|1|3|G|14|N|0|0| |2|P|L|P|      176350|      |64848495|147731820|    |      |18|00|000|N|  1.7635E+11|N|0|  176350|9|        |Phillips Field Rd West of Driveway St             
S|02|131200|7|1|22|5U|1|T|1|3|H|1|3|G|14|N|0|0| |2|P|L|P|      176350|      |64848495|147731820|    |      |18|00|000|N|  1.7635E+11|N|0|  176350|9|        |Phillips Field Rd West of Driveway St             
S|02|133724|3|1|22|4U|1|T|1|3|H|1|0| |15| |0|0| |2|A| |P|02281038X000|  1930|61137630|149810850|    |      |99|00|020|N|            |N|0|00000000|0|        |Abbott Road @ Elmore St (Volume, Clas             
S|02|133724|7|1|22|4U|1|T|1|3|H|1|0| |15| |0|0| |2|A| |P|02281038X000|  1930|61137630|149810850|    |      |99|00|020|N|            |N|0|00000000|0|        |Abbott Road @ Elmore St (Volume, Clas             
S|02|134340|3|1|22|3U|3|T|3|3|H|3|0| |15| |0|0| |2|A| |P|02281324X000|  4899|61159380|149917980|    |      |99|00|020|N|            |Y|0|00000000|0|        |Raspberry Rd @ Northwood St (Volume,              
S|02|134340|3|2|22|3U|3|T|3|3|H|3|0| |15| |0|0| |2|A| |P|02281324X000|  4899|61159380|149917980|    |      |99|00|020|N|            |Y|0|00000000|0|        |Raspberry Rd @ Northwood St (Volume,              
S|02|134340|3|3|22|3U|3|T|3|3|H|3|0| |15| |0|0| |2|A| |P|02281324X000|  4899|61159380|149917980|    |      |99|00|020|N|            |Y|0|00000000|0|        |Raspberry Rd @ Northwood St (Volume,              
S|02|134340|7|1|22|3U|2|T|2|3|H|2|0| |15| |0|0| |2|A| |P|02281324X000|  4899|61159380|149917980|    |      |99|00|020|N|            |Y|0|00000000|0|        |Raspberry Rd @ Northwood St (Volume,              
S|02|134340|7|2|22|3U|2|T|2|3|H|2|0| |15| |0|0| |2|A| |P|02281324X000|  4899|61159380|149917980|    |      |99|00|020|N|            |Y|0|00000000|0|        |Raspberry Rd @ Northwood St (Volume,              
S|02|141000|1|1|22|1R|1|T|1|3| |0|0| |13| |0|0| |2|A| |P|01020000X000| 45292|60640440|149500640|    |      |99|00|122|N|130000003922|Y|0|00000000|0|        |Seward Hwy MP 45 @ Summit Lake (Volum             
S|02|141000|5|1|22|1R|1|T|1|3| |0|0| |13| |0|0| |2|A| |P|01020000X000| 45292|60640440|149500640|    |      |99|00|122|N|130000003922|Y|0|00000000|0|        |Seward Hwy MP 45 @ Summit Lake (Volum             
S|02|141001|1|1|22|1R|1|T|1|3| |0|0| |13| |0|0| |2|W| |P|01020000X000| 98945|60961150|149429950|    |      |21|00|020|N|            |Y|0|00000001|0|        |Seward Hwy MP 100 @ Bird (Volume, Spe             
S|02|141001|5|1|22|1R|1|T|1|3| |0|0| |13| |0|0| |2|W| |P|01020000X000| 98945|60961150|149429950|    |      |21|00|020|N|            |Y|0|00000001|0|        |Seward Hwy MP 100 @ Bird (Volume, Spe             
S|02|160000|3|1|22|7R|1|T|1|3|H|1|3|G|14|N|0|0| |2|L|P|P|      293311|      |56474887|132367342|    |      |19|00|275|N|            |N|9|4261000X|9|        |Spear Road Wrangell 16000001                      
S|02|160000|7|1|22|7R|1|T|1|3|H|1|3|G|14|N|0|0| |2|L|P|P|      293311|      |56474887|132367342|    |      |19|00|275|N|            |N|9|4261000X|9|        |Spear Road Wrangell 16000001                      
S|02|160708|1|1|22|5R|1|T|1|3|N|0|0|G|14|N|0|0| |2|L| |P|000000296401|     0|58404106|134584573|    |      |19|00|110|N|            |N|9|4441120X|9|  296401|Back Loop - Near Mendenhall River Bridge 16070809 
S|02|160708|5|1|22|5R|1|T|1|3|N|0|0|G|14|N|0|0| |2|L| |P|000000296401|     0|58404106|134584573|    |      |19|00|110|N|            |N|9|4441120X|9|  296401|Back Loop - Near Mendenhall River Bridge 16070809 
S|02|161800|3|1|22|6U|1|T|1|3|H|1|3|G|14|N|0|0| |2|L|P|P|      291567|      |55471659|131808242|    |      |19|00|130|N|            |N|9|4041081X|9|  291567|North Point Higgins 16180935                      
S|02|161800|7|1|22|6U|1|T|1|3|H|1|3|G|14|N|0|0| |2|L|P|P|      291567|      |55471659|131808242|    |      |19|00|130|N|            |N|9|4041081X|9|  291567|North Point Higgins 16180935                      
S|02|161809|3|1|22|7R|1|T|1|3|H|1|3|G|14|N|0|0| |2|L|P|P|000000291553|     0|55409713|131720079|    |      |19|00|130|N|            |N|9|4041036X|9|  291553|Revilla Rd 16180936                               
S|02|161809|7|1|22|7R|1|T|1|3|H|1|3|G|14|N|0|0| |2|L|P|P|000000291553|     0|55409713|131720079|    |      |19|00|130|N|            |N|9|4041036X|9|  291553|Revilla Rd 16180936                               
S|02|170004|1|1|22|3U|1|T|1|3| |0|0| |13| |0|0| |2|A| |P|02381037X000|  2241|61558930|149480190|    |      |99|00|170|N|170044001198|Y|0|00000000|0|        |Knik Goose Bay Rd MP 2.25 @ Iditarod              
S|02|170004|5|1|22|3U|1|T|1|3| |0|0| |13| |0|0| |2|A| |P|02381037X000|  2241|61558930|149480190|    |      |99|00|170|N|170044001198|Y|0|00000000|0|        |Knik Goose Bay Rd MP 2.25 @ Iditarod              
S|02|170005|1|1|22|3U|1|T|1|3| |0|0| |13| |0|0| |2|A| |P|02381037X000|  4433|61549120|149541510|    |      |99|00|170|N|170044004087|Y|0|00000000|0|        |Knik Goose Bay Rd MP 4.5 @ Clapp (Vol             
S|02|170005|5|1|22|3U|1|T|1|3| |0|0| |13| |0|0| |2|A| |P|02381037X000|  4433|61549120|149541510|    |      |99|00|170|N|170044004087|Y|0|00000000|0|        |Knik Goose Bay Rd MP 4.5 @ Clapp (Vol             
S|02|170040|1|1|22|1U|2|T|2|3|H|2|0| |15| |0|0| |2|A| |P|01140000I000|  9085|61579360|149504130|    |      |99|00|170|N|            |Y|0|00000000|0|        |Parks Hwy MP 44.25 @  Church Rd (Volu             
S|02|170040|1|2|22|1U|2|T|2|3|H|2|0| |15| |0|0| |2|A| |P|01140000I000|  9085|61579360|149504130|    |      |99|00|170|N|            |Y|0|00000000|0|        |Parks Hwy MP 44.25 @  Church Rd (Volu             
S|02|170040|5|1|22|1U|2|T|2|3|H|2|0| |15| |0|0| |2|A| |P|01140000I000|  9085|61579360|149504130|    |      |99|00|170|N|            |Y|0|00000000|0|        |Parks Hwy MP 44.25 @  Church Rd (Volu             
S|02|170040|5|2|22|1U|2|T|2|3|H|2|0| |15| |0|0| |2|A| |P|01140000I000|  9085|61579360|149504130|    |      |99|00|170|N|            |Y|0|00000000|0|        |Parks Hwy MP 44.25 @  Church Rd (Volu             
S|02|170700|3|1|22|4U|1|T|1|3| |0|0| |13| |0|0| |2|A| |P|02381095X000|  2344|61609640|149188760|    |      |99|00|170|N|            |N|0|00000000|0|        |Bogard Rd @ 49th State St (Volume, Sp             
S|02|170700|7|1|22|4U|1|T|1|3| |0|0| |13| |0|0| |2|A| |P|02381095X000|  2344|61609640|149188760|    |      |99|00|170|N|            |N|0|00000000|0|        |Bogard Rd @ 49th State St (Volume, Sp             
S|02|171350|1|1|22|1U|2|T|2|3| |0|0| |13| |0|0| |2|A| |P|01140000I000|    99|61554470|149247480|    |      |99|00|170|N|1FE6AC735811|Y|0|00000000|0|        |Parks Hwy MP 35 @ Parks/Glenn Interch             
S|02|171350|1|2|22|1U|2|T|2|3| |0|0| |13| |0|0| |2|A| |P|01140000I000|    99|61554470|149247480|    |      |99|00|170|N|1FE6AC735811|Y|0|00000000|0|        |Parks Hwy MP 35 @ Parks/Glenn Interch             
S|02|171350|5|1|22|1U|2|T|2|3| |0|0| |13| |0|0| |2|A| |P|01140000I000|    99|61554470|149247480|    |      |99|00|170|N|1FE6AC735811|Y|0|00000000|0|        |Parks Hwy MP 35 @ Parks/Glenn Interch             
S|02|171350|5|2|22|1U|2|T|2|3| |0|0| |13| |0|0| |2|A| |P|01140000I000|    99|61554470|149247480|    |      |99|00|170|N|1FE6AC735811|Y|0|00000000|0|        |Parks Hwy MP 35 @ Parks/Glenn Interch             
S|02|177200|3|1|22|3R|3|T|3|3|H|3|3|F|14| |0|0| |2|P|X|P|001772000000|   285|64849400|147803000|    |      |16|00|090|Y|177200000000|N|0|00000000|0|        |JOHANSEN EXPY EAST OF UNIVERSITY                  
S|02|177200|3|2|22|3R|3|T|3|3|H|3|3|F|14| |0|0| |2|P|X|P|001772000000|   285|64849400|147803000|    |      |16|00|090|Y|177200000000|N|0|00000000|0|        |JOHANSEN EXPY EAST OF UNIVERSITY                  
S|02|177200|3|3|22|3R|3|T|3|3|H|3|3|F|14| |0|0| |2|P|X|P|001772000000|   285|64849400|147803000|    |      |16|00|090|Y|177200000000|N|0|00000000|0|        |JOHANSEN EXPY EAST OF UNIVERSITY                  
S|02|177200|7|1|22|3R|2|T|2|3|H|2|3|F|14| |0|0| |2|P|X|P|001772000000|   285|64849400|147803000|    |      |16|00|090|Y|177200000000|N|0|00000000|0|        |JOHANSEN EXPY EAST OF UNIVERSITY                  
S|02|177200|7|2|22|3R|2|T|2|3|H|2|3|F|14| |0|0| |2|P|X|P|001772000000|   285|64849400|147803000|    |      |16|00|090|Y|177200000000|N|0|00000000|0|        |JOHANSEN EXPY EAST OF UNIVERSITY                  
S|02|312900|3|1|22|6U|1|T|1|3|H|1|3|G|14|N|0|0| |2|P|L|P|      175726|      |64837713|147804833|    |      |19|00|000|N| 1.75276E+11|N|0|  175726|9|        |Geraghty Ave West Of Washington Dr 13120002       
S|02|312900|7|1|22|6U|1|T|1|3|H|1|3|G|14|N|0|0| |2|P|L|P|      175726|      |64837713|147804833|    |      |19|00|000|N| 1.75276E+11|N|0|  175726|9|        |Geraghty Ave West Of Washington Dr 13120002       
S|02|316650|3|1|22|1R|1|T|1|3|H|1|3|G|14|N|0|0| |2|P|L|P|000000180000|163694|63362200|143360000|    |      |19|00|240|Y|9D5E4733AD27|Y|0|  180000|9|        |Alaska Hwy Northwest Of New Tanacross Rd 13101325 
S|02|316650|7|1|22|1R|1|T|1|3|H|1|3|G|14|N|0|0| |2|P|L|P|000000180000|163694|63362200|143360000|    |      |19|00|240|Y|9D5E4733AD27|Y|0|  180000|9|        |Alaska Hwy Northwest Of New Tanacross Rd 13101325 
S|02|319880|1|1|22|4U|2|T|2|3|H|1|3|G|14|N|0|0| |2|P|L|P|000000188800|   505|64813765|147570846|    |      |19|00|090|N|            |N|0|  188800|9|        |Badger Rd N Of Old Richardson Hwy (CCS)   13420001
S|02|319880|1|2|22|4U|2|T|2|3|H|1|3|G|14|N|0|0| |2|P|L|P|000000188800|   505|64813765|147570846|    |      |19|00|090|N|            |N|0|  188800|9|        |Badger Rd N Of Old Richardson Hwy (CCS)   13420001
S|02|319880|5|1|22|4U|2|T|2|3|H|1|3|G|14|N|0|0| |2|P|L|P|000000188800|   505|64813765|147570846|    |      |19|00|090|N|            |N|0|  188800|9|        |Badger Rd N Of Old Richardson Hwy (CCS)   13420001
S|02|319880|5|2|22|4U|2|T|2|3|H|1|3|G|14|N|0|0| |2|P|L|P|000000188800|   505|64813765|147570846|    |      |19|00|090|N|            |N|0|  188800|9|        |Badger Rd N Of Old Richardson Hwy (CCS)   13420001
S|02|321980|1|1|22|4R|1|T|1|3|H|1|3|G|14|N|0|0| |2|P|L|P|000000190000|302891|63025600|145495000|    |      |19|00|261|Y|190000187382|Y|0|  190000|9|        |Richardson Hwy South Of Denali Hwy 13100185       
S|02|321980|5|1|22|4R|1|T|1|3|H|1|3|G|14|N|0|0| |2|P|L|P|000000190000|302891|63025600|145495000|    |      |19|00|261|Y|190000187382|Y|0|  190000|9|        |Richardson Hwy South Of Denali Hwy 13100185       
S|02|322600|1|1|22|4R|1|T|1|3|H|1|3|G|14|N|0|0| |2|P|L|P|000000190000|430951|64007973|145733251|    |      |19|00|240|Y|84B360DF48EE|Y|0|  190000|9|        |Richardson Hwy @ Jarvis Creek Bridge 13100263     
S|02|322600|5|1|22|4R|1|T|1|3|H|1|3|G|14|N|0|0| |2|P|L|P|000000190000|430951|64007973|145733251|    |      |19|00|240|Y|84B360DF48EE|Y|0|  190000|9|        |Richardson Hwy @ Jarvis Creek Bridge 13100263     
S|02|370111|1|1|22|3R|1|T|1|3|H|1|3|G|14|N|0|0| |2|P|L|P|000000150000|282990|67273336|150170115|    |      |19|00|290|Y|WCVBFDZTKFUT|Y|0|  150000|9|        |Dalton Hwy @ Coldfoot (MP 175) 13100175           
S|02|370111|5|1|22|3R|1|T|1|3|H|1|3|G|14|N|0|0| |2|P|L|P|000000150000|282990|67273336|150170115|    |      |19|00|290|Y|WCVBFDZTKFUT|Y|0|  150000|9|        |Dalton Hwy @ Coldfoot (MP 175) 13100175           
S|02|559650|1|1|22|1U|2|T|2|3|H|2|0| |15| |0|0| |2|A| |P|01140000I000|   992|61581470|149610120|    |      |99|00|170|N|            |Y|0|00000000|0|        |Parks Hwy MP 48 @ Vine Rd (Volume, Cl             
S|02|559650|1|2|22|1U|2|T|2|3|H|2|0| |15| |0|0| |2|A| |P|01140000I000|   992|61581470|149610120|    |      |99|00|170|N|            |Y|0|00000000|0|        |Parks Hwy MP 48 @ Vine Rd (Volume, Cl             
S|02|559650|5|1|22|1U|2|T|2|3|H|2|0| |15| |0|0| |2|A| |P|01140000I000|   992|61581470|149610120|    |      |99|00|170|N|            |Y|0|00000000|0|        |Parks Hwy MP 48 @ Vine Rd (Volume, Cl             
S|02|559650|5|2|22|1U|2|T|2|3|H|2|0| |15| |0|0| |2|A| |P|01140000I000|   992|61581470|149610120|    |      |99|00|170|N|            |Y|0|00000000|0|        |Parks Hwy MP 48 @ Vine Rd (Volume, Cl             
S|02|574150|3|1|22|6R|1|T|1|3| |0|0| |13| |0|0| |2|L|N|P|001700220000|   300|61498330|149677960|    |      |16|00|170|N|            |N|0|00000000|0|        |KNIK KNACK MUD SHACK RD BTWN TURNSTONE&SANDERLIN  
S|02|574150|7|1|22|6R|1|T|1|3| |0|0| |13| |0|0| |2|L|N|P|001700220000|   300|61498330|149677960|    |      |16|00|170|N|            |N|0|00000000|0|        |KNIK KNACK MUD SHACK RD BTWN TURNSTONE&SANDERLIN  
S|02|576900|3|1|22|6R|1|T|1|3| |0|0| |13| |0|0| |2|L|N|P|001701420000|     0|61526650|149873900|    |      |16|00|170|N|            |N|0|00000000|0|        |WEST SUSITNA PARKWAY                              
S|02|576900|7|1|22|6R|1|T|1|3| |0|0| |13| |0|0| |2|L|N|P|001701420000|     0|61526650|149873900|    |      |16|00|170|N|            |N|0|00000000|0|        |WEST SUSITNA PARKWAY                              
