Record_Type|Year_Record|State_Code|Station_Id|Travel_Dir|Travel_Lane|F_System|Num_Lanes|Sample_Type_Volume|Num_Lanes_Volume|Method_Volume|Sample_Type_Class|Num_Lanes_Class|Method_Class|Algorithm_Volume|Num_Classes|Sample_Type_Truck|Num_Lanes_Truck|Method_Truck|Calibration|Data_Retrieval|Type_Sensor_1|Type_Sensor_2|Primary_Purpose|LRS_Id|LRS_Point|Latitude|Longitude|SHRP_Id|Prev_Station_Id|Year_Established|Year_Discontinued|County_Code|Is_Sample|Sample_Id|NHS|Posted_Route_Signing|Posted_Signed_Route|Con_Route_Signing|Con_Signed_Route|Station_Location
S|08|000001|3|1|22|4R|1|T|1|3|H|1|3|M|13|T|1|5|T|2|P|L|P|00000000006J|439500|40629710|102572141|    |      |99|00|095|N|            |N|2|00000006|2|00000006|ON US 6 - 1.9 MI E/O SH 59  HA                    
S|08|000001|7|1|22|4R|1|T|1|3|H|1|3|M|13|T|1|5|T|2|P|L|P|00000000006J|439500|40629710|102572141|    |      |99|00|095|N|            |N|2|00000006|2|00000006|ON US 6 - 1.9 MI E/O SH 59  HA                    
S|08|000002|3|0|22|1R|2|T|2|3|H|2|3|F|13| |0|0|U|2|P|L|P|00000000070A|291200|39739875|104671758|7776|      |01|00|001|Y|005-0062-070|Y|1|00000070|1|00000070|ON I-70 - 0.9 MI W/O US 36  AI                    
S|08|000002|7|0|22|1R|2|T|2|3|H|2|3|F|13| |0|0|U|2|P|L|P|00000000070A|291200|39739875|104671758|7776|      |01|00|001|Y|005-0062-070|Y|1|00000070|1|00000070|ON I-70 - 0.9 MI W/O US 36  AI                    
S|08|000003|3|0|22|2U|2|T|2|3|H|2|3|F|13| |0|0|U|2|P|L|P|00000000470A|160000|39567108|105054139|    |      |00|00|035|N|            |Y|3|00000470|3|00000470|ON C-470 - 1.0 MI W/O US 85  S                    
S|08|000003|7|0|22|2U|3|T|3|3|H|3|3|F|13| |0|0|U|2|P|L|P|00000000470A|160000|39567108|105054139|    |      |00|00|035|N|            |Y|3|00000470|3|00000470|ON C-470 - 1.0 MI W/O US 85  S                    
S|08|000004|3|0|22|2U|2|T|2|3|H|2|3|F|13| |0|0|U|2|P|L|P|00000000036B|444000|39946916|105148988|    |      |00|00|013|Y|013A9914-036|Y|2|00000036|2|00000036|ON US 36 - 1.2 MI SE/O SH 170                     
S|08|000004|7|0|22|2U|2|T|2|3|H|2|3|F|13| |0|0|U|2|P|L|P|00000000036B|444000|39946916|105148988|    |      |00|00|013|Y|013A9914-036|Y|2|00000036|2|00000036|ON US 36 - 1.2 MI SE/O SH 170                     
S|08|000005|1|0|22|2R|1|T|1|3|H|1|3|M|13|T|1|5|T|2|P|L|P|00000000287B|108900|38449236|102730467|    |      |00|00|061|N|            |Y|2|00000287|2|00000287|ON US 287 - 0.1 MI S/O SH 96                      
S|08|000005|5|0|22|2R|1|T|1|3|H|1|3|M|13|T|1|5|T|2|P|L|P|00000000287B|108900|38449236|102730467|    |      |00|00|061|N|            |Y|2|00000287|2|00000287|ON US 287 - 0.1 MI S/O SH 96                      
S|08|000006|1|0|22|3R|2|T|2|3|H|2|3|F|13| |0|0|U|2|P|L|P|00000000285D|243500|39584729|105224124|    |      |00|00|059|N|            |Y|2|00000285|2|00000285|ON US 285 - 4.9 MI  W/O SH 8                      
S|08|000006|5|0|22|3R|2|T|2|3|H|2|3|F|13| |0|0|U|2|P|L|P|00000000285D|243500|39584729|105224124|    |      |00|00|059|N|            |Y|2|00000285|2|00000285|ON US 285 - 4.9 MI  W/O SH 8                      
S|08|000007|3|1|22|3R|1|T|1|3|H|1|3|M|14|T|1|5|T|2|P|L|P|00000000014C|152500|40582532|104747863|    |      |01|00|123|N|            |N|3|00000014|3|00000014|ON SH 14 - 1.4 MI W/O US 85  A                    
S|08|000007|7|1|22|3R|1|T|1|3|H|1|3|M|14|T|1|5|T|2|P|L|P|00000000014C|152500|40582532|104747863|    |      |01|00|123|N|            |N|3|00000014|3|00000014|ON SH 14 - 1.4 MI W/O US 85  A                    
S|08|000008|1|0|22|3R|1|T|1|3|H|1|3|M|15|T|1|5|T|2|P|L|P|00000000287C|353200|40654088|105142373|    |      |00|00|069|N|            |Y|2|00000287|2|00000287|ON US 287 - 2.7 MI S/O SH 14                      
S|08|000008|1|1|22|3R|1|T|1|3|H|1|3|M|15|T|1|5|T|2|P|L|P|00000000287C|353200|40654088|105142373|    |      |00|00|069|N|            |Y|2|00000287|2|00000287|ON US 287 - 2.7 MI S/O SH 14                      
S|08|000008|5|0|22|3R|1|T|1|3|H|1|3|M|15|T|1|5|T|2|P|L|P|00000000287C|353200|40654088|105142373|    |      |00|00|069|N|            |Y|2|00000287|2|00000287|ON US 287 - 2.7 MI S/O SH 14                      
S|08|000008|5|1|22|3R|1|T|1|3|H|1|3|M|15|T|1|5|T|2|P|L|P|00000000287C|353200|40654088|105142373|    |      |00|00|069|N|            |Y|2|00000287|2|00000287|ON US 287 - 2.7 MI S/O SH 14                      
S|08|000009|1|0|22|1R|2|T|2|3|H|2|3|F|13| |0|0|U|2|P|L|P|00000000025A|119400|38561963|104652036|6002|      |01|00|041|Y|041-2006-170|Y|1|00000025|1|00000025|ON I-25 - 8.5 MI S/O US 85  MI                    
S|08|000009|5|0|22|1R|2|T|2|3|H|2|3|F|13| |0|0|U|2|P|L|P|00000000025A|119400|38561963|104652036|6002|      |01|00|041|Y|041-2006-170|Y|1|00000025|1|00000025|ON I-25 - 8.5 MI S/O US 85  MI                    
S|08|000010|3|0|22|1R|2|T|2|3|H|2|3|F|13| |0|0|U|2|P|L|P|00000000076A|397000|40117957|104509892|    |      |01|00|123|Y|123-2006-181|Y|1|00000076|1|00000076|ON I-76 - 0.8 MI E/O I-76 SPUR                    
S|08|000010|7|0|22|1R|2|T|2|3|H|2|3|F|13| |0|0|U|2|P|L|P|00000000076A|397000|40117957|104509892|    |      |01|00|123|Y|123-2006-181|Y|1|00000076|1|00000076|ON I-76 - 0.8 MI E/O I-76 SPUR                    
S|08|000011|3|0|22|1R|2|T|2|3|H|2|3|F|13| |0|0|U|2|P|L|P|00000000070A|156900|39690678|106663292|    |      |01|00|037|N|            |Y|1|00000070|1|00000070|ON I-70 NE/O SH 131, WOLCOTT                      
S|08|000011|7|0|22|1R|2|T|2|3|H|2|3|F|13| |0|0|U|2|P|L|P|00000000070A|156900|39690678|106663292|    |      |01|00|037|N|            |Y|1|00000070|1|00000070|ON I-70 NE/O SH 131, WOLCOTT                      
S|08|000012|1|0|22|1R|4|T|4|3|H|4|3|D|00| |0|0|U|2|P|L|P|00000000025A|191300|39512192|104870379|    |      |01|00|035|Y|035-2005-026|Y|1|00000025|1|00000025|ON I-25 S/O RIDGEGATE PKWY, LONE TREE             
S|08|000012|5|0|22|1R|4|T|4|3|H|4|3|D|00| |0|0|U|2|P|L|P|00000000025A|191300|39512192|104870379|    |      |01|00|035|Y|035-2005-026|Y|1|00000025|1|00000025|ON I-25 S/O RIDGEGATE PKWY, LONE TREE             
S|08|000013|3|1|22|3R|1|T|1|3|H|1|3|M|15|T|1|5|T|2|P|L|P|00000000040H|388500|39233435|103618857|    |      |01|00|073|Y|073-0067-040|Y|2|00000040|2|00000040|ON US 40 - 2.6 MI SE/O I-70  L                    
S|08|000013|7|1|22|3R|1|T|1|3|H|1|3|M|15|T|1|5|T|2|P|L|P|00000000040H|388500|39233435|103618857|    |      |01|00|073|Y|073-0067-040|Y|2|00000040|2|00000040|ON US 40 - 2.6 MI SE/O I-70  L                    
S|08|000014|3|0|22|1R|2|T|2|3|H|2|3|F|13| |0|0|U|2|P|L|P|00000000070A|365300|39266509|103605098|    |      |01|00|073|N|            |Y|1|00000070|1|00000070|ON I-70 - 2.3 MI E/O US 40  LI                    
S|08|000014|7|0|22|1R|2|T|2|3|H|2|3|F|13| |0|0|U|2|P|L|P|00000000070A|365300|39266509|103605098|    |      |01|00|073|N|            |Y|1|00000070|1|00000070|ON I-70 - 2.3 MI E/O US 40  LI                    
S|08|000015|3|0|22|3R|2|T|2|3|H|2|3|F|13| |0|0|U|2|P|L|P|00000000050A|457000|38940368|108402765|1053|      |02|00|077|N|            |Y|2|00000050|2|00000050|ON US 50 - 7.2 MI SE/O SH 141                     
S|08|000015|7|0|22|3R|2|T|2|3|H|2|3|F|13| |0|0|U|2|P|L|P|00000000050A|457000|38940368|108402765|1053|      |02|00|077|N|            |Y|2|00000050|2|00000050|ON US 50 - 7.2 MI SE/O SH 141                     
S|08|000016|1|0|22|1U|2|T|2|3|H|2|3|F|13| |0|0|U|2|P|L|P|00000000025A|256100|40391024|104993216|9020|      |01|00|069|N|            |Y|1|00000025|1|00000025|ON I-25 - 1.9 MI S/O US 34  LO                    
S|08|000016|5|0|22|1U|2|T|2|3|H|2|3|F|13| |0|0|U|2|P|L|P|00000000025A|256100|40391024|104993216|9020|      |01|00|069|N|            |Y|1|00000025|1|00000025|ON I-25 - 1.9 MI S/O US 34  LO                    
S|08|000101|1|0|22|1R|2|T|2|3|H|2|3|F|13| |0|0|U|2|P|L|P|00000000025A|107000|37128193|104520761|    |      |91|00|071|Y|035-2005-027|Y|1|00000025|1|00000025|ON I-25 - 3.0 MI S/O SH 12  TR                    
S|08|000101|5|0|22|1R|2|T|2|3|H|2|3|F|13| |0|0|U|2|P|L|P|00000000025A|107000|37128193|104520761|    |      |91|00|071|Y|035-2005-027|Y|1|00000025|1|00000025|ON I-25 - 3.0 MI S/O SH 12  TR                    
S|08|000103|1|0|22|1R|3|T|3|3|H|3|3|F|13| |0|0|U|2|P|L|P|00000000025A|229900|40021592|104980910|    |      |91|00|014|Y|014-2005-186|Y|1|00000025|1|00000025|ON I-25 - 0.8 MI N/O SH 7  N/O                    
S|08|000103|5|0|22|1R|3|T|3|3|H|3|3|F|13| |0|0|U|2|P|L|P|00000000025A|229900|40021592|104980910|    |      |91|00|014|Y|014-2005-186|Y|1|00000025|1|00000025|ON I-25 - 0.8 MI N/O SH 7  N/O                    
S|08|000104|3|0|22|1R|2|T|2|3|H|2|3|F|13| |0|0|U|2|P|L|P|00000000070A|105000|39218190|108877344|    |      |91|00|077|Y|077-2005-034|Y|1|00000070|1|00000070|ON I-70 - 1.1 MI W/O US 6  S/O                    
S|08|000104|7|0|22|1R|2|T|2|3|H|2|3|F|13| |0|0|U|2|P|L|P|00000000070A|105000|39218190|108877344|    |      |91|00|077|Y|077-2005-034|Y|1|00000070|1|00000070|ON I-70 - 1.1 MI W/O US 6  S/O                    
S|08|000105|3|0|22|1U|2|T|2|3|H|2|3|F|13| |0|0|U|2|P|L|P|00000000070A|118000|39561943|107298682|3032|      |91|00|045|Y|045-9313-070|Y|1|00000070|1|00000070|ON I-70 E/O SH 82, GLENWOOD SP                    
S|08|000105|7|0|22|1U|2|T|2|3|H|2|3|F|13| |0|0|U|2|P|L|P|00000000070A|118000|39561943|107298682|3032|      |91|00|045|Y|045-9313-070|Y|1|00000070|1|00000070|ON I-70 E/O SH 82, GLENWOOD SP                    
S|08|000106|3|0|22|1R|2|T|2|3|H|2|3|F|13| |0|0|U|2|P|L|P|00000000070A|213600|39678705|105935154|    |      |91|00|117|N|            |Y|1|00000070|1|00000070|ON I-70 - 8.2 MI E/O SH 9  EIS                    
S|08|000106|7|0|22|1R|2|T|2|3|H|2|3|F|13| |0|0|U|2|P|L|P|00000000070A|213600|39678705|105935154|    |      |91|00|117|N|            |Y|1|00000070|1|00000070|ON I-70 - 8.2 MI E/O SH 9  EIS                    
S|08|000107|3|0|22|1U|3|T|3|3|H|3|3|F|13| |0|0|U|2|P|L|P|00000000070A|253700|39708895|105287368|    |      |91|00|059|N|            |Y|1|00000070|1|00000070|ON I-70 - 2.4 MI E/O SH 74  EV                    
S|08|000107|7|0|22|1U|3|T|3|3|H|3|3|F|13| |0|0|U|2|P|L|P|00000000070A|253700|39708895|105287368|    |      |91|00|059|N|            |Y|1|00000070|1|00000070|ON I-70 - 2.4 MI E/O SH 74  EV                    
S|08|000108|3|0|22|1R|2|T|2|3|H|2|3|F|13| |0|0|U|2|P|L|P|00000000070A|314500|39721943|104247422|    |      |91|00|005|N|            |Y|1|00000070|1|00000070|ON I-70 - 0.3 MI E/O SH 70 SPU                    
S|08|000108|7|0|22|1R|2|T|2|3|H|2|3|F|13| |0|0|U|2|P|L|P|00000000070A|314500|39721943|104247422|    |      |91|00|005|N|            |Y|1|00000070|1|00000070|ON I-70 - 0.3 MI E/O SH 70 SPU                    
S|08|000109|3|0|22|1R|2|T|2|3|H|2|3|F|13| |0|0|U|2|P|L|P|00000000070A|438700|39306858|102247197|    |      |91|00|063|Y|063-2005-028|Y|1|00000070|1|00000070|ON I-70 - 0.3 MI E/O SH 70 SPU                    
S|08|000109|7|0|22|1R|2|T|2|3|H|2|3|F|13| |0|0|U|2|P|L|P|00000000070A|438700|39306858|102247197|    |      |91|00|063|Y|063-2005-028|Y|1|00000070|1|00000070|ON I-70 - 0.3 MI E/O SH 70 SPU                    
S|08|000115|3|0|22|1R|2|T|2|3|H|2|3|F|13| |0|0|U|2|P|L|P|00000000070A|128700|40667456|103126302|    |      |02|00|075|Y|075-0123-076|Y|1|00000076|1|00000076|ON I-76 - 4.0 MI NE/O SH 6 INT                    
S|08|000115|7|0|22|1R|2|T|2|3|H|2|3|F|13| |0|0|U|2|P|L|P|00000000070A|128700|40667456|103126302|    |      |02|00|075|Y|075-0123-076|Y|1|00000076|1|00000076|ON I-76 - 4.0 MI NE/O SH 6 INT                    
S|08|000119|3|0|22|1R|2|T|2|3|H|2|3|F|13| |0|0|U|2|P|L|P|00000000070A|195500|39503080|106150063|    |      |96|00|037|Y|117-0047-070|Y|1|00000070|1|00000070|ON I-70  - 0.2 MI W/O SH 91  C                    
S|08|000119|7|0|22|1R|2|T|2|3|H|2|3|F|13| |0|0|U|2|P|L|P|00000000070A|195500|39503080|106150063|    |      |96|00|037|Y|117-0047-070|Y|1|00000070|1|00000070|ON I-70  - 0.2 MI W/O SH 91  C                    
S|08|000120|3|0|22|1R|2|T|2|3|H|2|3|F|13| |0|0|U|2|P|L|P|00000000070A|242200|39744558|105476260|    |      |96|00|019|Y|019-2005-190|Y|1|00000070|1|00000070|ON I-70 - 1.1 MI E/O E. JCT. S                    
S|08|000120|7|0|22|1R|2|T|2|3|H|2|3|F|13| |0|0|U|2|P|L|P|00000000070A|242200|39744558|105476260|    |      |96|00|019|Y|019-2005-190|Y|1|00000070|1|00000070|ON I-70 - 1.1 MI E/O E. JCT. S                    
S|08|000124|1|0|22|1R|3|T|3|3|H|3|3|F|13| |0|0|U|2|P|L|P|00000000025A|180100|39355090|104869351|    |      |98|00|035|Y|035-9487-025|Y|1|00000025|1|00000025|ON I-25 - 4.1 MI S/O US 85  CA                    
S|08|000124|5|0|22|1R|3|T|3|3|H|3|3|F|13| |0|0|U|2|P|L|P|00000000025A|180100|39355090|104869351|    |      |98|00|035|Y|035-9487-025|Y|1|00000025|1|00000025|ON I-25 - 4.1 MI S/O US 85  CA                    
S|08|000126|3|0|22|1R|2|T|2|3|H|2|3|F|13| |0|0|U|2|P|L|P|00000000070A|173200|39624520|106424598|    |      |99|00|037|N|            |Y|1|00000070|1|00000070|ON I-70 - 2.1 MI E/O US 24  MI                    
S|08|000126|7|0|22|1R|3|T|3|3|H|3|3|F|13| |0|0|U|2|P|L|P|00000000070A|173200|39624520|106424598|    |      |99|00|037|N|            |Y|1|00000070|1|00000070|ON I-70 - 2.1 MI E/O US 24  MI                    
S|08|000127|1|0|22|1R|2|T|2|3|H|2|3|F|13| |0|0|U|2|P|L|P|00000000025A|272300|40624784|105001144|    |      |00|00|069|Y|069-9958-025|Y|1|00000025|1|00000025|ON I-25 - 3 MI N/O SH 14  FORT                    
S|08|000127|5|0|22|1R|2|T|2|3|H|2|3|F|13| |0|0|U|2|P|L|P|00000000025A|272300|40624784|105001144|    |      |00|00|069|Y|069-9958-025|Y|1|00000025|1|00000025|ON I-25 - 3 MI N/O SH 14  FORT                    
S|08|000201|1|0|22|4R|2|T|2|3|H|2|3|F|13| |0|0|U|2|P|L|P|00000000009D|104200|39662118|106085181|    |      |98|00|117|N|            |N|3|00000009|3|00000009|ON SH 9 - 2.5 MI N/O I-70  SIL                    
S|08|000201|5|0|22|4R|2|T|2|3|H|2|3|F|13| |0|0|U|2|P|L|P|00000000009D|104200|39662118|106085181|    |      |98|00|117|N|            |N|3|00000009|3|00000009|ON SH 9 - 2.5 MI N/O I-70  SIL                    
S|08|000202|3|0|22|4R|1|T|1|3|H|1|3|D|13| |0|0|U|2|L| |P|00000000010A| 50000|37633028|104765496|    |      |91|00|055|N|            |N|3|00000010|3|00000010|ON SH 10 - 0.5 MI E/O I-25  WA                    
S|08|000202|7|0|22|4R|1|T|1|3|H|1|3|D|13| |0|0|U|2|L| |P|00000000010A| 50000|37633028|104765496|    |      |91|00|055|N|            |N|3|00000010|3|00000010|ON SH 10 - 0.5 MI E/O I-25  WA                    
S|08|000205|3|0|22|3R|1|T|1|3|H|1|3|F|13| |0|0|U|2|P|L|P|00000000034A|650000|40376882|105480305|    |      |91|00|069|N|            |Y|2|00000034|2|00000034|ON US 34 - 2.5 MI E/O E JCT US                    
S|08|000205|7|0|22|3R|1|T|1|3|H|1|3|F|13| |0|0|U|2|P|L|P|00000000034A|650000|40376882|105480305|    |      |91|00|069|N|            |Y|2|00000034|2|00000034|ON US 34 - 2.5 MI E/O E JCT US                    
S|08|000206|3|0|22|3R|1|T|1|3|H|1|3|F|13| |0|0|U|2|P|L|P|00000000034B|257000|40080132|102093201|    |      |91|00|125|Y|125-0086-034|N|2|00000034|2|00000034|ON US 34 - 2.5 MI W/O COLORADO                    
S|08|000206|7|0|22|3R|1|T|1|3|H|1|3|F|13| |0|0|U|2|P|L|P|00000000034B|257000|40080132|102093201|    |      |91|00|125|Y|125-0086-034|N|2|00000034|2|00000034|ON US 34 - 2.5 MI W/O COLORADO                    
S|08|000208|3|0|22|3R|1|T|1|3|H|1|3|D|13| |0|0|U|2|L| |P|00000000040A|180000|40255883|109026818|    |      |91|00|081|Y|081-2006-199|Y|2|00000040|2|00000040|ON US 40 - 2.2 MI E/O UTAH-COL                    
S|08|000208|7|0|22|3R|1|T|1|3|H|1|3|D|13| |0|0|U|2|L| |P|00000000040A|180000|40255883|109026818|    |      |91|00|081|Y|081-2006-199|Y|2|00000040|2|00000040|ON US 40 - 2.2 MI E/O UTAH-COL                    
S|08|000209|3|0|22|3R|1|T|1|3|H|1|3|F|13| |0|0|U|2|P|L|P|00000000040A|946000|40519215|107480278|    |      |91|00|081|N|            |Y|2|00000040|2|00000040|ON US 40 - 6.6 MI E/O E JCT SH                    
S|08|000209|7|0|22|3R|1|T|1|3|H|1|3|F|13| |0|0|U|2|P|L|P|00000000040A|946000|40519215|107480278|    |      |91|00|081|N|            |Y|2|00000040|2|00000040|ON US 40 - 6.6 MI E/O E JCT SH                    
S|08|000211|3|0|22|3R|1|T|1|3|H|1|3|D|13| |0|0|U|2|P|L|P|00000000050A|164750|38524279|106800700|    |      |91|00|051|N|            |Y|2|00000050|2|00000050|ON US 50 - 0.9 MI W/O SH 114                      
S|08|000211|7|0|22|3R|1|T|1|3|H|1|3|D|13| |0|0|U|2|P|L|P|00000000050A|164750|38524279|106800700|    |      |91|00|051|N|            |Y|2|00000050|2|00000050|ON US 50 - 0.9 MI W/O SH 114                      
S|08|000212|3|0|22|3R|2|T|2|3|H|2|3|F|13| |0|0|U|2|P|L|P|00000000050B|382830|37994768|103487842|    |      |91|00|089|N|            |Y|2|00000050|2|00000050|ON US 50 - 2.4 MI E/O SH 109                      
S|08|000212|7|0|22|3R|2|T|2|3|H|2|3|F|13| |0|0|U|2|P|L|P|00000000050B|382830|37994768|103487842|    |      |91|00|089|N|            |Y|2|00000050|2|00000050|ON US 50 - 2.4 MI E/O SH 109                      
S|08|000213|1|0|22|3R|1|T|1|3|H|1|3|F|13| |0|0|U|2|P|L|P|00000000071D|173300|40245615|103604186|    |      |91|00|087|N|            |Y|3|00000071|3|00000071|ON SH 71 - 1.2 MI S/O US 34  B                    
S|08|000213|5|0|22|3R|1|T|1|3|H|1|3|F|13| |0|0|U|2|P|L|P|00000000071D|173300|40245615|103604186|    |      |91|00|087|N|            |Y|3|00000071|3|00000071|ON SH 71 - 1.2 MI S/O US 34  B                    
S|08|000214|3|0|22|3U|2|T|2|3|H|2|3|D|13| |0|0|U|2|L| |P|00000000082A|241000|39517880|107319131|    |      |91|00|045|N|            |Y|3|00000082|3|00000082|ON SH 82 - 2.2 MI S/O I-70  GL                    
S|08|000214|7|0|22|3U|2|T|2|3|H|2|3|D|13| |0|0|U|2|L| |P|00000000082A|241000|39517880|107319131|    |      |91|00|045|N|            |Y|3|00000082|3|00000082|ON SH 82 - 2.2 MI S/O I-70  GL                    
S|08|000215|1|0|22|3R|1|T|1|3|H|1|3|F|13| |0|0|U|2|P|L|P|00000000085L|293400|40771962|104791460|    |      |91|00|123|N|            |N|2|00000085|2|00000085|ON US 85 - 13.3 MI N/O SH 14                      
S|08|000215|5|0|22|3R|1|T|1|3|H|1|3|F|13| |0|0|U|2|P|L|P|00000000085L|293400|40771962|104791460|    |      |91|00|123|N|            |N|2|00000085|2|00000085|ON US 85 - 13.3 MI N/O SH 14                      
S|08|000216|1|0|22|4R|1|T|1|3|H|1|3|D|13| |0|0|U|2|P|L|P|00000000125A| 40000|40113756|105986373|    |      |91|00|049|N|            |N|3|00000125|3|00000125|ON SH 125 - 1.0 MI N/O US 40                      
S|08|000216|5|0|22|4R|1|T|1|3|H|1|3|D|13| |0|0|U|2|P|L|P|00000000125A| 40000|40113756|105986373|    |      |91|00|049|N|            |N|3|00000125|3|00000125|ON SH 125 - 1.0 MI N/O US 40                      
S|08|000217|3|0|22|3R|1|T|1|3|H|1|3|F|13| |0|0|U|2|P|L|P|00000000160A|101000|37220299|107631791|    |      |91|00|067|N|            |Y|2|00000160|2|00000160|ON US 160 - 0.4 MI W/O W JCT S                    
S|08|000217|7|0|22|3R|1|T|1|3|H|1|3|F|13| |0|0|U|2|P|L|P|00000000160A|101000|37220299|107631791|    |      |91|00|067|N|            |Y|2|00000160|2|00000160|ON US 160 - 0.4 MI W/O W JCT S                    
S|08|000218|3|0|22|3R|1|T|1|3|H|1|3|D|13| |0|0|U|2|P|L|P|00000000160A|219800|37554802|106082590|    |      |91|00|105|N|            |Y|2|00000160|2|00000160|ON US 160 - 4.7 MI E/O W JCT U                    
S|08|000218|7|0|22|3R|1|T|1|3|H|1|3|D|13| |0|0|U|2|P|L|P|00000000160A|219800|37554802|106082590|    |      |91|00|105|N|            |Y|2|00000160|2|00000160|ON US 160 - 4.7 MI E/O W JCT U                    
S|08|000219|1|0|22|3R|1|T|1|3|H|1|3|F|13| |0|0|U|2|P|L|P|00000000024A|147970|38806005|106115077|    |      |91|00|015|N|            |Y|2|00000285|2|00000285|ON US 285 - 0.2 MI S/O SW JCT                     
S|08|000219|5|0|22|3R|1|T|1|3|H|1|3|F|13| |0|0|U|2|P|L|P|00000000024A|147970|38806005|106115077|    |      |91|00|015|N|            |Y|2|00000285|2|00000285|ON US 285 - 0.2 MI S/O SW JCT                     
S|08|000220|1|0|22|3R|1|T|1|3|H|1|3|F|13| |0|0|U|2|P|L|P|00000000491B|423500|37540851|108730853|    |      |01|00|083|Y|083-0131-666|Y|2|00000491|2|00000491|ON SH (666) 491 - 5.5 MI N/O S                    
S|08|000220|5|0|22|3R|1|T|1|3|H|1|3|F|13| |0|0|U|2|P|L|P|00000000491B|423500|37540851|108730853|    |      |01|00|083|Y|083-0131-666|Y|2|00000491|2|00000491|ON SH (666) 491 - 5.5 MI N/O S                    
S|08|000221|1|0|22|3R|1|T|1|3|H|1|3|F|13| |0|0|U|2|P|L|P|00000000385C|189370|39310660|102260163|    |      |91|00|063|N|            |N|2|00000385|2|00000385|ON US 385 - 2.0 MI N/O I-70 IN                    
S|08|000221|5|0|22|3R|1|T|1|3|H|1|3|F|13| |0|0|U|2|P|L|P|00000000385C|189370|39310660|102260163|    |      |91|00|063|N|            |N|2|00000385|2|00000385|ON US 385 - 2.0 MI N/O I-70 IN                    
S|08|000222|1|0|22|3R|1|T|1|3|H|1|3|F|13| |0|0|U|2|P|L|P|00000000550B|119490|38356600|107800180|    |      |01|00|085|N|            |Y|2|00000550|2|00000550|ON SH 550 - 9.8 MI S/O US 50                      
S|08|000222|5|0|22|3R|1|T|1|3|H|1|3|F|13| |0|0|U|2|P|L|P|00000000550B|119490|38356600|107800180|    |      |01|00|085|N|            |Y|2|00000550|2|00000550|ON SH 550 - 9.8 MI S/O US 50                      
S|08|000223|3|0|22|3R|1|T|1|3|H|1|3|F|13| |0|0|U|2|P|L|P|00000000040A|255800|39761509|105690172|    |      |91|00|019|N|            |Y|2|00000040|2|00000040|ON US 40 - 8.3 MI W/O I-70 INT                    
S|08|000223|7|0|22|3R|2|T|2|3|H|2|3|F|13| |0|0|U|2|P|L|P|00000000040A|255800|39761509|105690172|    |      |91|00|019|N|            |Y|2|00000040|2|00000040|ON US 40 - 8.3 MI W/O I-70 INT                    
S|08|000227|3|0|22|3R|1|T|1|3|H|1|3|F|13| |0|0|U|2|P|L|P|00000000160A|316000|37265600|108637600|    |      |91|00|083|N|            |Y|2|00000160|2|00000160|ON US 160 - 6.3 MI S/O N JCT U                    
S|08|000227|7|0|22|3R|1|T|1|3|H|1|3|F|13| |0|0|U|2|P|L|P|00000000160A|316000|37265600|108637600|    |      |91|00|083|N|            |Y|2|00000160|2|00000160|ON US 160 - 6.3 MI S/O N JCT U                    
S|08|000228|3|0|22|3R|2|T|2|3|H|2|3|F|13| |0|0|U|2|P|L|P|00000000024A|279050|38949030|105140941|    |      |92|00|119|N|            |Y|2|00000024|2|00000024|ON US 24 - 1.0 MI E/O SH 67  D                    
S|08|000228|7|0|22|3R|2|T|2|3|H|2|3|F|13| |0|0|U|2|P|L|P|00000000024A|279050|38949030|105140941|    |      |92|00|119|N|            |Y|2|00000024|2|00000024|ON US 24 - 1.0 MI E/O SH 67  D                    
S|08|000229|3|0|22|3U|2|T|2|3|H|2|3|F|13| |0|0|U|2|P|L|P|00000000024A|289300|38940612|105013906|    |      |93|00|041|N|            |Y|2|00000024|2|00000024|ON US 24 4.5 MI E/O E JCT SH 6                    
S|08|000229|7|0|22|3U|2|T|2|3|H|2|3|F|13| |0|0|U|2|P|L|P|00000000024A|289300|38940612|105013906|    |      |93|00|041|N|            |Y|2|00000024|2|00000024|ON US 24 4.5 MI E/O E JCT SH 6                    
S|08|000231|3|0|22|3R|1|T|1|3|H|1|3|D|13| |0|0|U|2|P|L|P|00000000040A|136000|40434658|106815809|    |      |92|00|107|N|            |Y|2|00000040|2|00000040|ON US 40 - 0.5 MI N/O SH 131                      
S|08|000231|7|0|22|3R|1|T|1|3|H|1|3|D|13| |0|0|U|2|P|L|P|00000000040A|136000|40434658|106815809|    |      |92|00|107|N|            |Y|2|00000040|2|00000040|ON US 40 - 0.5 MI N/O SH 131                      
S|08|000235|3|0|22|4R|1|T|1|3|H|1|3|D|13| |0|0|U|2|L| |P|00000000064A|166000|40100479|108838055|    |      |93|00|103|N|            |N|3|00000064|3|00000064|ON SH 64 3.2 MI W/O SH 139  RA                    
S|08|000235|7|0|22|4R|1|T|1|3|H|1|3|D|13| |0|0|U|2|L| |P|00000000064A|166000|40100479|108838055|    |      |93|00|103|N|            |N|3|00000064|3|00000064|ON SH 64 3.2 MI W/O SH 139  RA                    
S|08|000236|3|0|22|3R|2|T|2|3|H|2|3|F|13| |0|0|U|2|P|L|P|00000000082A|265000|39331526|106987363|    |      |93|00|097|N|            |Y|3|00000082|3|00000082|ON SH 82 14.8 MI E/O SH 133 W/                    
S|08|000236|7|0|22|3R|2|T|2|3|H|2|3|F|13| |0|0|U|2|P|L|P|00000000082A|265000|39331526|106987363|    |      |93|00|097|N|            |Y|3|00000082|3|00000082|ON SH 82 14.8 MI E/O SH 133 W/                    
S|08|000238|1|0|22|3R|1|T|1|3|H|1|3|F|13| |0|0|U|2|P|L|P|00000000285A|285000|37392732|105910606|    |      |01|00|003|N|            |Y|2|00000285|2|00000285|ON SH 285 - 5.5 MI S/O US 160                     
S|08|000238|5|0|22|3R|1|T|1|3|H|1|3|F|13| |0|0|U|2|P|L|P|00000000285A|285000|37392732|105910606|    |      |01|00|003|N|            |Y|2|00000285|2|00000285|ON SH 285 - 5.5 MI S/O US 160                     
S|08|000239|1|0|22|3R|1|T|1|3|H|1|3|D|13| |0|0|U|2|P|L|P|00000000285B|635000|37756330|106149044|    |      |01|00|109|Y|109-0033-285|Y|2|00000285|2|00000285|ON SH 285 - 0.6 MI N/O SH 112                     
S|08|000239|5|0|22|3R|1|T|1|3|H|1|3|D|13| |0|0|U|2|P|L|P|00000000285B|635000|37756330|106149044|    |      |01|00|109|Y|109-0033-285|Y|2|00000285|2|00000285|ON SH 285 - 0.6 MI N/O SH 112                     
S|08|000240|1|0|22|3R|2|T|2|3|H|2|3|F|13| |0|0|U|2|P|L|P|00000000009C|901000|39530757|106044309|    |      |95|00|117|N|            |N|3|00000009|3|00000009|ON SH 9 - 6.9 MI S/O I-70 N/O                     
S|08|000240|5|0|22|3R|2|T|2|3|H|2|3|F|13| |0|0|U|2|P|L|P|00000000009C|901000|39530757|106044309|    |      |95|00|117|N|            |N|3|00000009|3|00000009|ON SH 9 - 6.9 MI S/O I-70 N/O                     
S|08|000244|3|0|22|3R|1|T|1|3|H|1|3|F|13| |0|0|U|2|P|L|P|00000000036B|150000|40373326|105489628|    |      |98|00|069|N|            |N|2|00000036|2|00000036|ON US 36 1.1 MI E/O SH 7  ESTE                    
S|08|000244|7|0|22|3R|1|T|1|3|H|1|3|F|13| |0|0|U|2|P|L|P|00000000036B|150000|40373326|105489628|    |      |98|00|069|N|            |N|2|00000036|2|00000036|ON US 36 1.1 MI E/O SH 7  ESTE                    
S|08|000245|3|0|22|3R|2|T|2|3|H|2|3|F|13| |0|0|U|2|P|L|P|00000000034A|993000|40406650|104935902|    |      |00|00|123|Y|123-2005-118|Y|2|00000034|2|00000034|ON SH 34 - 3.1 MI E/O I-25  KE                    
S|08|000245|7|0|22|3R|2|T|2|3|H|2|3|F|13| |0|0|U|2|P|L|P|00000000034A|993000|40406650|104935902|    |      |00|00|123|Y|123-2005-118|Y|2|00000034|2|00000034|ON SH 34 - 3.1 MI E/O I-25  KE                    
S|08|000247|1|0|22|4U|1|T|1|3|H|1|3|F|13| |0|0|U|2|P|L|P|00000000257A|560000|40413757|104869888|    |      |00|00|123|Y|123-0699-257|N|3|00000257|3|00000257|ON SH 257 - 0.2 MI N/O US 34 B                    
S|08|000247|5|0|22|4U|1|T|1|3|H|1|3|F|13| |0|0|U|2|P|L|P|00000000257A|560000|40413757|104869888|    |      |00|00|123|Y|123-0699-257|N|3|00000257|3|00000257|ON SH 257 - 0.2 MI N/O US 34 B                    
S|08|000248|3|0|22|3R|1|T|1|3|H|1|3|F|13| |0|0|U|2|P|L|P|00000000050A|239600|38386241|105770659|    |      |01|00|043|N|            |Y|2|00000050|2|00000050|ON SH 50 - 13.7 MI W/O SH 69                      
S|08|000248|7|0|22|3R|1|T|1|3|H|1|3|F|13| |0|0|U|2|P|L|P|00000000050A|239600|38386241|105770659|    |      |01|00|043|N|            |Y|2|00000050|2|00000050|ON SH 50 - 13.7 MI W/O SH 69                      
S|08|000249|3|0|22|3R|2|T|2|3|H|2|3|F|13| |0|0|U|2|P|L|P|00000000050A|301500|38356044|104846885|    |      |00|00|101|N|            |Y|2|00000050|2|00000050|ON SH 50 - 7.2 MI E/O 120 W/O                     
S|08|000249|7|0|22|3R|2|T|2|3|H|2|3|F|13| |0|0|U|2|P|L|P|00000000050A|301500|38356044|104846885|    |      |00|00|101|N|            |Y|2|00000050|2|00000050|ON SH 50 - 7.2 MI E/O 120 W/O                     
S|08|000256|1|0|22|2R|2|T|2|3|H|2|3|F|13| |0|0|U|2|P|L|P|00000000287C|319100|40214497|105102414|    |      |01|00|013|N|            |Y|2|00000287|2|00000287|ON US 287 - 0.8 MI N/O SH 66                      
S|08|000256|5|0|22|2R|2|T|2|3|H|2|3|F|13| |0|0|U|2|P|L|P|00000000287C|319100|40214497|105102414|    |      |01|00|013|N|            |Y|2|00000287|2|00000287|ON US 287 - 0.8 MI N/O SH 66                      
S|08|000257|1|0|22|3R|2|T|2|3|H|2|3|F|13| |0|0|U|2|P|L|P|00000000550A|140000|37019246|107876467|    |      |02|00|067|N|            |Y|2|00000550|2|00000550|ON US 550 - 3.0 MI N/O COLORAD                    
S|08|000257|5|0|22|3R|2|T|2|3|H|2|3|F|13| |0|0|U|2|P|L|P|00000000550A|140000|37019246|107876467|    |      |02|00|067|N|            |Y|2|00000550|2|00000550|ON US 550 - 3.0 MI N/O COLORAD                    
S|08|000260|3|0|22|3R|1|T|1|3|H|1|3|F|13| |0|0|U|2|P|L|P|00000000160A|256400|37430739|105465424|    |      |01|00|023|N|            |Y|2|00000160|2|00000160|ON SH 160 - 1.9 MI W/O SH 159                     
S|08|000260|7|0|22|3R|1|T|1|3|H|1|3|F|13| |0|0|U|2|P|L|P|00000000160A|256400|37430739|105465424|    |      |01|00|023|N|            |Y|2|00000160|2|00000160|ON SH 160 - 1.9 MI W/O SH 159                     
S|08|000302|1|0|22|5R|1|T|1|3|H|1|3|D|13| |0|0|U|2|L| |P|00000000067E|126500|39430691|104966383|    |      |91|00|035|Y|035-2006-124|N|3|00000067|3|00000067|ON SH 67 - 0.2 MI SW/O SH 105                     
S|08|000302|3|0|22|5R|1|T|1|3|H|1|3|D|13| |0|0|U|2|L| |P|00000000067E|126500|39430691|104966383|    |      |91|00|035|Y|035-2006-124|N|3|00000067|3|00000067|ON SH 67 - 0.2 MI SW/O SH 105                     
S|08|000302|5|0|22|5R|1|T|1|3|H|1|3|D|13| |0|0|U|2|L| |P|00000000067E|126500|39430691|104966383|    |      |91|00|035|Y|035-2006-124|N|3|00000067|3|00000067|ON SH 67 - 0.2 MI SW/O SH 105                     
S|08|000302|7|0|22|5R|1|T|1|3|H|1|3|D|13| |0|0|U|2|L| |P|00000000067E|126500|39430691|104966383|    |      |91|00|035|Y|035-2006-124|N|3|00000067|3|00000067|ON SH 67 - 0.2 MI SW/O SH 105                     
S|08|000304|3|0|22|4R|1|T|1|3|H|1|3|D|13| |0|0|U|2|L| |P|00000000092A|780000|38779413|107952175|    |      |91|00|029|N|            |N|3|00000092|3|00000092|ON SH 92 - 4.0 MI E/O SH 65  A                    
S|08|000304|7|0|22|4R|1|T|1|3|H|1|3|D|13| |0|0|U|2|L| |P|00000000092A|780000|38779413|107952175|    |      |91|00|029|N|            |N|3|00000092|3|00000092|ON SH 92 - 4.0 MI E/O SH 65  A                    
S|08|000305|3|0|22|4R|1|T|1|3|H|1|3|D|13| |0|0|U|2|L| |P|00000000096B|103500|38208950|103787724|    |      |91|00|025|Y|025-0019-096|N|3|00000096|3|00000096|ON SH 96 - 2.3 MI W/O S JCT SH                    
S|08|000305|7|0|22|4R|1|T|1|3|H|1|3|D|13| |0|0|U|2|L| |P|00000000096B|103500|38208950|103787724|    |      |91|00|025|Y|025-0019-096|N|3|00000096|3|00000096|ON SH 96 - 2.3 MI W/O S JCT SH                    
S|08|000307|1|0|22|4R|1|T|1|3|H|1|3|D|13| |0|0|U|2|L| |P|00000000067C|700000|38934235|105157882|    |      |91|00|119|N|            |N|3|00000067|3|00000067|ON SH 67 - 0.2 MI S/O W JCT US                    
S|08|000307|5|0|22|4R|1|T|1|3|H|1|3|D|13| |0|0|U|2|L| |P|00000000067C|700000|38934235|105157882|    |      |91|00|119|N|            |N|3|00000067|3|00000067|ON SH 67 - 0.2 MI S/O W JCT US                    
S|08|000308|1|0|22|4R|1|T|1|3|H|1|3|F|13| |0|0|U|2|P|L|P|00000000135A|370000|38593646|106914386|    |      |91|00|051|Y|051-8801-135|N|3|00000135|3|00000135|ON SH 135 - 3.5 MI N/O US 50                      
S|08|000308|5|0|22|4R|1|T|1|3|H|1|3|F|13| |0|0|U|2|P|L|P|00000000135A|370000|38593646|106914386|    |      |91|00|051|Y|051-8801-135|N|3|00000135|3|00000135|ON SH 135 - 3.5 MI N/O US 50                      
S|08|000310|3|0|22|4U|2|T|2|3|H|2|3|F|13| |0|0|U|2|P|L|P|00000000006F|213000|39603969|106009183|    |      |01|00|117|N|            |N|2|00000006|2|00000006|ON US 6 4.5 MI E/O I-70  DILLO                    
S|08|000310|7|0|22|4U|2|T|2|3|H|2|3|F|13| |0|0|U|2|P|L|P|00000000006F|213000|39603969|106009183|    |      |01|00|117|N|            |N|2|00000006|2|00000006|ON US 6 4.5 MI E/O I-70  DILLO                    
S|08|000311|1|0|22|4R|1|T|1|3|H|1|3|F|13| |0|0|U|2|P|L|P|00000000119A| 30000|39749978|105399055|    |      |91|00|047|N|            |N|3|00000119|3|00000119|ON SH 119 - 0.1 MI N/O US 6                       
S|08|000311|5|0|22|4R|1|T|1|3|H|1|3|F|13| |0|0|U|2|P|L|P|00000000119A| 30000|39749978|105399055|    |      |91|00|047|N|            |N|3|00000119|3|00000119|ON SH 119 - 0.1 MI N/O US 6                       
S|08|000312|1|0|22|4R|1|T|1|3|H|1|3|F|13| |0|0|U|2|P|L|P|00000000119A|215000|39924811|105503147|    |      |91|00|047|N|            |N|3|00000119|3|00000119|ON SH 119 - 1.2 MI S/O S JCT S                    
S|08|000312|5|0|22|4R|1|T|1|3|H|1|3|F|13| |0|0|U|2|P|L|P|00000000119A|215000|39924811|105503147|    |      |91|00|047|N|            |N|3|00000119|3|00000119|ON SH 119 - 1.2 MI S/O S JCT S                    
S|08|000314|1|0|22|4R|1|T|1|3|H|1|3|F|13| |0|0|U|2|P|L|P|00000000131B|662000|40398958|106825610|    |      |92|00|107|N|            |N|3|00000131|3|00000131|ON SH 131 - 4.5 MI S/O US 40                      
S|08|000314|5|0|22|4R|1|T|1|3|H|1|3|F|13| |0|0|U|2|P|L|P|00000000131B|662000|40398958|106825610|    |      |92|00|107|N|            |N|3|00000131|3|00000131|ON SH 131 - 4.5 MI S/O US 40                      
S|08|000316|1|0|22|4R|1|T|1|3|H|1|3|F|13| |0|0|U|2|P|L|P|00000000115A|283000|38578056|104928242|    |      |01|00|041|N|            |N|3|00000115|3|00000115|ON SH 115 - 14.3 MI N/O US 50                     
S|08|000316|5|0|22|4R|1|T|1|3|H|1|3|F|13| |0|0|U|2|P|L|P|00000000115A|283000|38578056|104928242|    |      |01|00|041|N|            |N|3|00000115|3|00000115|ON SH 115 - 14.3 MI N/O US 50                     
S|08|000501|1|0|22|1U|5|T|5|3|H|5|3|D|13| |0|0|U|2|L| |P|00000000025A|208500|39718188|105005286|    |      |91|00|031|N|            |Y|1|00000025|1|00000025|ON I-25 - 0.6 MI S/O US 6 INTE                    
S|08|000501|5|0|22|1U|4|T|4|3|H|4|3|D|13| |0|0|U|2|L| |P|00000000025A|208500|39718188|105005286|    |      |91|00|031|N|            |Y|1|00000025|1|00000025|ON I-25 - 0.6 MI S/O US 6 INTE                    
S|08|000503|3|0|22|2U|4|T|4|3|H|4|3|D|13| |0|0|U|2|L| |P|00000000006G|283300|39725656|105030606|    |      |91|00|031|Y|031-0016-006|Y|2|00000006|2|00000006|ON US 6 - 0.5 MI W/O SH 88 FED                    
S|08|000503|7|0|22|2U|4|T|4|3|H|4|3|D|13| |0|0|U|2|L| |P|00000000006G|283300|39725656|105030606|    |      |91|00|031|Y|031-0016-006|Y|2|00000006|2|00000006|ON US 6 - 0.5 MI W/O SH 88 FED                    
S|08|000504|3|0|22|2U|2|T|2|3|H|2|3|F|13| |0|0|U|2|P|L|P|00000000036B|490000|39901473|105081482|    |      |91|00|059|Y|014-2004-005|Y|2|00000036|2|00000036|ON US 36 - 1.0 MI SE/O SH 121                     
S|08|000504|7|0|22|2U|2|T|2|3|H|2|3|F|13| |0|0|U|2|P|L|P|00000000036B|490000|39901473|105081482|    |      |91|00|059|Y|014-2004-005|Y|2|00000036|2|00000036|ON US 36 - 1.0 MI SE/O SH 121                     
S|08|000506|1|0|22|2U|2|T|2|3|H|2|3|F|13| |0|0|U|2|P|L|P|00000000285D|256200|39653383|105059810|    |      |12|00|031|N|            |Y|3|00000285|3|00000285|ON US 285 West of Sheridan                        
S|08|000506|5|0|22|2U|2|T|2|3|H|2|3|F|13| |0|0|U|2|P|L|P|00000000285D|256200|39653383|105059810|    |      |12|00|031|N|            |Y|3|00000285|3|00000285|ON US 285 West of Sheridan                        
S|08|000507|3|0|22|1U|2|T|2|3|H|2|3|F|13| |0|0|U|2|P|L|P|00000000270A| 90000|39815360|104953385|    |      |92|00|001|N|            |Y|1|00000270|1|00000270|ON I-270 - 0.4 MI SE/O YORK ST                    
S|08|000507|7|0|22|1U|2|T|2|3|H|2|3|F|13| |0|0|U|2|P|L|P|00000000270A| 90000|39815360|104953385|    |      |92|00|001|N|            |Y|1|00000270|1|00000270|ON I-270 - 0.4 MI SE/O YORK ST                    
S|08|000508|3|0|22|3U|2|T|2|3|H|2|3|F|13| |0|0|U|2|P|L|P|00000000014C|137950|40580984|105021041|    |      |01|00|069|Y|069-9948-014|Y|3|00000014|3|00000014|ON SH 14 - 1.2 MI W/O I-25  RI                    
S|08|000508|7|0|22|3U|2|T|2|3|H|2|3|F|13| |0|0|U|2|P|L|P|00000000014C|137950|40580984|105021041|    |      |01|00|069|Y|069-9948-014|Y|3|00000014|3|00000014|ON SH 14 - 1.2 MI W/O I-25  RI                    
S|08|000510|3|0|22|1U|3|T|3|3|H|3|3|D|13| |0|0|U|2|L| |P|00000000070A|270900|39784776|105046922|    |      |91|00|031|N|            |Y|1|00000070|1|00000070|ON I-70 - 0.1 MI E/O SH 95 (SH                    
S|08|000510|7|0|22|1U|3|T|3|3|H|3|3|D|13| |0|0|U|2|L| |P|00000000070A|270900|39784776|105046922|    |      |91|00|031|N|            |Y|1|00000070|1|00000070|ON I-70 - 0.1 MI E/O SH 95 (SH                    
S|08|000511|3|0|22|1U|3|T|3|3|H|3|3|D|13| |0|0|U|2|L| |P|00000000070A|277500|39778933|104925646|    |      |01|00|031|N|            |Y|1|00000070|1|00000070|ON I-70 - 0.9 MI E/O SH 2 (COL                    
S|08|000511|7|0|22|1U|3|T|3|3|H|3|3|D|13| |0|0|U|2|L| |P|00000000070A|277500|39778933|104925646|    |      |01|00|031|N|            |Y|1|00000070|1|00000070|ON I-70 - 0.9 MI E/O SH 2 (COL                    
S|08|000512|3|0|22|1U|3|T|3|3|H|3|3|F|13| |0|0|U|2|P|L|P|00000000470A|310000|39664121|105185970|    |      |01|00|059|N|            |Y|3|00000470|3|00000470|ON SH 470 - 1.1 MI N/O SH 8                       
S|08|000512|7|0|22|1U|3|T|3|3|H|3|3|F|13| |0|0|U|2|P|L|P|00000000470A|310000|39664121|105185970|    |      |01|00|059|N|            |Y|3|00000470|3|00000470|ON SH 470 - 1.1 MI N/O SH 8                       
S|08|000520|1|0|22|1U|3|T|3|3|H|3|3|D|13| |0|0|U|2|L| |P|00000000025A|142400|38844855|104830770|    |      |91|00|041|Y|041-0130-025|Y|1|00000025|1|00000025|ON I-25 - 1.0 MI N/O US 24  CO                    
S|08|000520|5|0|22|1U|3|T|3|3|H|3|3|D|13| |0|0|U|2|L| |P|00000000025A|142400|38844855|104830770|    |      |91|00|041|Y|041-0130-025|Y|1|00000025|1|00000025|ON I-25 - 1.0 MI N/O US 24  CO                    
S|08|000609|3|0|22|3U|1|T|1|3|H|1|3|F|13| |0|0|U|2|P|L|P|00000000044A|230000|39885265|104891152|    |      |94|00|001|N|            |Y|3|00000044|3|00000044|ON SH 44 (104TH AVE) - 0.5 MI                     
S|08|000609|7|0|22|3U|1|T|1|3|H|1|3|F|13| |0|0|U|2|P|L|P|00000000044A|230000|39885265|104891152|    |      |94|00|001|N|            |Y|3|00000044|3|00000044|ON SH 44 (104TH AVE) - 0.5 MI                     
S|08|000660|3|0|22|3U|1|T|1|3|H|1|3|F|13| |0|0|U|2|P|L|P|00000000014C|233900|40623692|103264049|    |      |91|00|075|N|            |N|3|00000014|3|00000014|ON SH 14 - 2.9 MI W/O US 6  ST                    
S|08|000660|7|0|22|3U|1|T|1|3|H|1|3|F|13| |0|0|U|2|P|L|P|00000000014C|233900|40623692|103264049|    |      |91|00|075|N|            |N|3|00000014|3|00000014|ON SH 14 - 2.9 MI W/O US 6  ST                    
S|08|000661|1|0|22|3U|2|T|2|3|H|2|3|F|13| |0|0|U|2|P|L|P|00000000121A|226200|39870860|105090427|    |      |16|00|059|N|            |N|3|00000121|3|00000121|ON SH 121 Wadsworth N/O 94th Ave                  
S|08|000661|5|0|22|3U|2|T|2|3|H|2|3|F|13| |0|0|U|2|P|L|P|00000000121A|226200|39870860|105090427|    |      |16|00|059|N|            |N|3|00000121|3|00000121|ON SH 121 Wadsworth N/O 94th Ave                  
S|08|100331|3|0|22|2U|3|T|3|3|H|3|3|F|13| |0|0| |2|L|L|P|00000000006G|      |39725595|105140389|    |      |20|00|059|N|            |Y|2|00000006|2|00000006|ON SH 6, 6TH AVE E/O INDIANA ST, LAKEWOOD         
S|08|100331|7|0|22|2U|3|T|3|3|H|3|3|F|13| |0|0| |2|L|L|P|00000000006G|      |39725595|105140389|    |      |20|00|059|N|            |Y|2|00000006|2|00000006|ON SH 6, 6TH AVE E/O INDIANA ST, LAKEWOOD         
S|08|100499|1|0|22|4R|1|T|1|3|H|1|3|F|13| |0|0|U|2|P|L|P|           0|390000|39471436|106042072|    |      |22|00|000|N|            |N|3|      13|3|      13|S Main street near broken lance Dr                
S|08|100499|5|0|22|4R|1|T|1|3|H|1|3|F|13| |0|0|U|2|P|L|P|           0|390000|39471436|106042072|    |      |22|00|000|N|            |N|3|      13|3|      13|S Main street near broken lance Dr                
S|08|100571|1|0|22|3R|1|T|1|3|H|1|3|F|13| |0|0|U|2|P|L|P|00000000013A|390000|39570751|107771834|    |      |09|00|045|N|            |Y|3|00000013|3|00000013|ON SH 13 N/O Rifle                                
S|08|100571|5|0|22|3R|1|T|1|3|H|1|3|F|13| |0|0|U|2|P|L|P|00000000013A|390000|39570751|107771834|    |      |09|00|045|N|            |Y|3|00000013|3|00000013|ON SH 13 N/O Rifle                                
S|08|100851|3|0|22|2U|2|T|2|3|H|2|3|D|13| |0|0|U|2|L| |P|00000000024G|312920|38848323|104685395|    |      |04|00|041|Y|041-2006-165|Y|2|00000024|2|00000024|ON US 24 - 0.7 MI E/O SH 94  C                    
S|08|100851|7|0|22|2U|2|T|2|3|H|2|3|D|13| |0|0|U|2|L| |P|00000000024G|312920|38848323|104685395|    |      |04|00|041|Y|041-2006-165|Y|2|00000024|2|00000024|ON US 24 - 0.7 MI E/O SH 94  C                    
S|08|100950|1|0|22|1U|3|T|3|3|H|3|3|D|13| |0|0|U|2|L| |P|00000000025A|993000|38283044|104605293|    |      |02|00|101|Y|101-0196-025|Y|1|00000025|1|00000025|ON I-25 - 0.6 MI S/O S JCT US                     
S|08|100950|5|0|22|1U|3|T|3|3|H|3|3|D|13| |0|0|U|2|L| |P|00000000025A|993000|38283044|104605293|    |      |02|00|101|Y|101-0196-025|Y|1|00000025|1|00000025|ON I-25 - 0.6 MI S/O S JCT US                     
S|08|100974|1|0|22|1U|4|T|4|3|H|4|3|F|13| |0|0| |2|L|L|P|00000000025A|      |38977556|104808651|    |      |20|00|041|N|            |Y|1|00000025|1|00000025|ON I-25 N/O BRIARGATE PKWY, COLORADO SPRINGS      
S|08|100974|5|0|22|1U|4|T|4|3|H|4|3|F|13| |0|0| |2|L|L|P|00000000025A|      |38977556|104808651|    |      |20|00|041|N|            |Y|1|00000025|1|00000025|ON I-25 N/O BRIARGATE PKWY, COLORADO SPRINGS      
S|08|101015|1|0|22|1U|6|T|6|3|H|0|0|F|01| |0|0|U|2|P|L|P|00000000025A|      |39784319|104989328|    |      |07|00|031|Y|031-0085-025|Y|1|00000025|1|00000025|ON I-25 N/O I-70  DENVER                          
S|08|101015|5|0|22|1U|5|T|5|3|H|0|0|F|01| |0|0|U|2|P|L|P|00000000025A|      |39784319|104989328|    |      |07|00|031|Y|031-0085-025|Y|1|00000025|1|00000025|ON I-25 N/O I-70  DENVER                          
S|08|101018|1|0|22|1U|5|T|5|3|H|5|3|C|13| |0|0|U|2|W| |P|00000000025A|218120|39844024|104984654|    |      |10|00|001|N|            |Y|1|00000025|1|00000025|ON I-25 - S/O 84TH AVE                            
S|08|101018|5|0|22|1U|5|T|5|3|H|5|3|C|13| |0|0|U|2|W| |P|00000000025A|218120|39844024|104984654|    |      |10|00|001|N|            |Y|1|00000025|1|00000025|ON I-25 - S/O 84TH AVE                            
S|08|101434|3|0|22|3U|3|T|3|3|N|0|0|F|01| |0|0|U|2|W| |P|00000000034A|961000|40407191|104996418|    |      |03|00|069|N|            |Y|2|00000034|2|00000034|ON US 34 - 0.2 MI W/O I-25  LO                    
S|08|101434|7|0|22|3U|3|T|3|3|N|0|0|F|01| |0|0|U|2|W| |P|00000000034A|961000|40407191|104996418|    |      |03|00|069|N|            |Y|2|00000034|2|00000034|ON US 34 - 0.2 MI W/O I-25  LO                    
S|08|101702|3|1|22|4R|1|T|1|3|H|1|3|M|15|T|1|5|T|2|P|L|P|00000000036D|128300|39739798|103729037|    |      |04|00|121|N|            |N|2|      36|2|      36|ON US 36 - 7.3 MI W/O SH 71  L                    
S|08|101702|7|1|22|4R|1|T|1|3|H|1|3|M|15|T|1|5|T|2|P|L|P|00000000036D|128300|39739798|103729037|    |      |04|00|121|N|            |N|2|      36|2|      36|ON US 36 - 7.3 MI W/O SH 71  L                    
S|08|102324|3|0|22|2U|2|T|2|3|N|0|0|F|01| |0|0|U|2|W| |P|00000000050B|318400|38276997|104562228|    |      |04|00|101|Y|101-0218-050|Y|2|00000050|2|00000050|ON US 50 - 0.2 MI W/O SH 47 AN                    
S|08|102324|7|0|22|2U|2|T|2|3|N|0|0|F|01| |0|0|U|2|W| |P|00000000050B|318400|38276997|104562228|    |      |04|00|101|Y|101-0218-050|Y|2|00000050|2|00000050|ON US 50 - 0.2 MI W/O SH 47 AN                    
S|08|102333|3|0|22|3R|1|T|1|3|H|1|3|D|13| |0|0|U|2|L| |P|00000000050B|332400|38232627|104319144|    |      |03|00|101|N|            |Y|2|00000050|2|00000050|ON US 50 - 0.4 MI E/O US 50 BU                    
S|08|102333|7|0|22|3R|1|T|1|3|H|1|3|D|13| |0|0|U|2|L| |P|00000000050B|332400|38232627|104319144|    |      |03|00|101|N|            |Y|2|00000050|2|00000050|ON US 50 - 0.4 MI E/O US 50 BU                    
S|08|102801|1|1|22|5R|1|T|1|3|H|1|3|M|14|T|1|5|T|2|P|L|P|00000000063A|529000|40494930|103257655|    |      |03|00|075|Y|075-9383-063|N|3|00000063|3|00000063|ON SH 63 - 0.1 MI S/O I-76                        
S|08|102801|5|1|22|5R|1|T|1|3|H|1|3|M|14|T|1|5|T|2|P|L|P|00000000063A|529000|40494930|103257655|    |      |03|00|075|Y|075-9383-063|N|3|00000063|3|00000063|ON SH 63 - 0.1 MI S/O I-76                        
S|08|103011|3|0|22|1R|2|T|2|3|H|2|3|F|13| |0|0|U|2|P|L|P|00000000070A|970000|39545419|107661510|    |      |02|00|045|N|            |Y|1|00000070|1|00000070|ON I-70 - 0.4 MI W/O I-70 SPUR                    
S|08|103011|7|0|22|1R|2|T|2|3|H|2|3|F|13| |0|0|U|2|P|L|P|00000000070A|970000|39545419|107661510|    |      |02|00|045|N|            |Y|1|00000070|1|00000070|ON I-70 - 0.4 MI W/O I-70 SPUR                    
S|08|103078|3|0|22|1U|2|T|2|3|H|2|3|F|13| |0|0|U|2|P|L|P|00000000070A|970000|39775709|104867092|    |      |22|00|000|N|            |N|1|      70|1|      70|ON I-70 W/O HAVANA                                
S|08|103078|7|0|22|1U|2|T|2|3|H|2|3|F|13| |0|0|U|2|P|L|P|00000000070A|970000|39775709|104867092|    |      |22|00|000|N|            |N|1|      70|1|      70|ON I-70 W/O HAVANA                                
S|08|103380|3|0|22|1U|2|T|2|3|H|2|3|F|13| |0|0| |2|L|L|P|00000000076A|      |39799146|105038143|    |      |20|00|001|N|            |Y|1|00000076|1|00000076|ON I-76 W/O SH 287, FEDERAL BLVD                  
S|08|103380|7|0|22|1U|2|T|2|3|H|2|3|F|13| |0|0| |2|L|L|P|00000000076A|      |39799146|105038143|    |      |20|00|001|N|            |Y|1|00000076|1|00000076|ON I-76 W/O SH 287, FEDERAL BLVD                  
S|08|103387|3|0|22|1U|3|T|3|3|H|3|3|F|13| |0|0|U|2|P|L|P|00000000076A|115000|39853353|104917366|    |      |04|00|001|Y|001-0173-076|Y|1|00000076|1|00000076|ON I-76 - 0.3 MI SW/O 88TH AVE                    
S|08|103387|7|0|22|1U|3|T|3|3|H|3|3|F|13| |0|0|U|2|P|L|P|00000000076A|115000|39853353|104917366|    |      |04|00|001|Y|001-0173-076|Y|1|00000076|1|00000076|ON I-76 - 0.3 MI SW/O 88TH AVE                    
S|08|103608|1|0|22|2U|2|T|2|3|H|2|3|F|13| |0|0|U|2|P|L|P|00000000083A|673000|39619877|104820091|    |      |04|00|005|N|            |Y|3|00000083|3|00000083|ON SH 83 - 2.4 MI S/O SH 88  N                    
S|08|103608|5|0|22|2U|2|T|2|3|H|2|3|F|13| |0|0|U|2|P|L|P|00000000083A|673000|39619877|104820091|    |      |04|00|005|N|            |Y|3|00000083|3|00000083|ON SH 83 - 2.4 MI S/O SH 88  N                    
S|08|103648|1|0|22|4U|2|T|2|3|H|2|3|F|13| |0|0|U|2|P|L|P|00000000085A|136960|38776392|104783326|    |      |16|00|041|N|            |Y|1|00000085|1|00000085|ON SH 85 SE/O B ST, COLORADO SPRINGS              
S|08|103648|5|0|22|4U|2|T|2|3|H|2|3|F|13| |0|0|U|2|P|L|P|00000000085A|136960|38776392|104783326|    |      |16|00|041|N|            |Y|1|00000085|1|00000085|ON SH 85 SE/O B ST, COLORADO SPRINGS              
S|08|103684|1|0|22|2U|2|T|2|3|H|2|3|F|13| |0|0| |2|L|L|P|00000000085C|      |39886813|104880113|    |      |20|00|001|N|            |Y|2|00000085|2|00000085|ON SH 85 NE/O SH 44, 104TH AVE, COMMERCE CITY     
S|08|103684|5|0|22|2U|2|T|2|3|H|2|3|F|13| |0|0| |2|L|L|P|00000000085C|      |39886813|104880113|    |      |20|00|001|N|            |Y|2|00000085|2|00000085|ON SH 85 NE/O SH 44, 104TH AVE, COMMERCE CITY     
S|08|103694|1|0|22|2R|2|T|2|3|H|2|3|F|13| |0|0|U|2|P|L|P|00000000085C|244900|40126522|104810826|    |      |02|00|123|N|            |Y|2|00000085|2|00000085|ON US 85 - 1.4 MI N/O SH 52  F                    
S|08|103694|5|0|22|2R|2|T|2|3|H|2|3|F|13| |0|0|U|2|P|L|P|00000000085C|244900|40126522|104810826|    |      |02|00|123|N|            |Y|2|00000085|2|00000085|ON US 85 - 1.4 MI N/O SH 52  F                    
S|08|103712|1|0|22|2U|2|T|2|3|H|2|3|F|13| |0|0|U|2|P|L|P|00000000085L|266900|40406454|104679805|    |      |03|00|123|Y|123-0233-085|N|2|00000085|2|00000085|ON US 85 - 0.9 MI N/O US 34  G                    
S|08|103712|5|0|22|2U|2|T|2|3|H|2|3|F|13| |0|0|U|2|P|L|P|00000000085L|266900|40406454|104679805|    |      |03|00|123|Y|123-0233-085|N|2|00000085|2|00000085|ON US 85 - 0.9 MI N/O US 34  G                    
S|08|103926|1|0|22|3U|1|T|1|3|H|1|3|F|13| |0|0| |2|L|L|P|00000000093A|      |39780310|105231466|    |      |20|00|059|N|            |Y|2|00000093|2|00000093|ON SH 93, FOOTHILLS RD N/O PINE RIDGE RD, GOLDEN  
S|08|103926|5|0|22|3U|1|T|1|3|H|1|3|F|13| |0|0| |2|L|L|P|00000000093A|      |39780310|105231466|    |      |20|00|059|N|            |Y|2|00000093|2|00000093|ON SH 93, FOOTHILLS RD N/O PINE RIDGE RD, GOLDEN  
S|08|104376|1|0|22|2U|2|T|2|3|H|2|3|F|13| |0|0|U|2|P|L|P|00000000121A| 34200|39558709|105082619|    |      |06|00|059|N|            |Y|3|00000121|3|00000121|ON SH 121- 0.54 MI N/O C-470                      
S|08|104376|5|0|22|2U|2|T|2|3|H|2|3|F|13| |0|0|U|2|P|L|P|00000000121A| 34200|39558709|105082619|    |      |06|00|059|N|            |Y|3|00000121|3|00000121|ON SH 121- 0.54 MI N/O C-470                      
S|08|104809|3|0|22|3U|2|T|2|3|H|2|3|F|13| |0|0|U|2|P|L|P|00000000160A|842000|37257868|107876505|    |      |10|00|067|N|            |Y|3|00000160|3|00000160|ON SH 160 SE/O SH 550 N JCT, D                    
S|08|104809|7|0|22|3U|2|T|2|3|H|2|3|F|13| |0|0|U|2|P|L|P|00000000160A|842000|37257868|107876505|    |      |10|00|067|N|            |Y|3|00000160|3|00000160|ON SH 160 SE/O SH 550 N JCT, D                    
S|08|105029|1|0|22|1U|3|T|3|3|N|0|0|F|01| |0|0|U|2|W| |P|00000000225A|112000|39758004|104827525|    |      |04|00|001|N|            |Y|1|00000225|1|00000225|ON I-225 - 0.8 MI S/O I-70                        
S|08|105029|5|0|22|1U|3|T|3|3|N|0|0|F|01| |0|0|U|2|W| |P|00000000225A|112000|39758004|104827525|    |      |04|00|001|N|            |Y|1|00000225|1|00000225|ON I-225 - 0.8 MI S/O I-70                        
S|08|105178|1|0|22|3R|1|T|1|3|H|1|3|F|13| |0|0|U|2|P|L|P|00000000287A|268000|37354462|102615480|    |      |07|00|009|N|            |Y|2|00000287|2|00000287|ON SH 287 S/O SH 160, S/O SPRI                    
S|08|105178|5|0|22|3R|1|T|1|3|H|1|3|F|13| |0|0|U|2|P|L|P|00000000287A|268000|37354462|102615480|    |      |07|00|009|N|            |Y|2|00000287|2|00000287|ON SH 287 S/O SH 160, S/O SPRI                    
S|08|105548|3|0|22|2U|5|T|5|3|H|5|3|F|13| |0|0|U|2|P|L|P|00000000470A|251000|39563126|104887086|    |      |02|00|000|N|            |Y|3|     470|3|     470|ON C-470 - 1.1 MI E/O QUEBEC                      
S|08|105548|7|0|22|2U|5|T|5|3|H|5|3|F|13| |0|0|U|2|P|L|P|00000000470A|251000|39563126|104887086|    |      |02|00|000|N|            |Y|3|     470|3|     470|ON C-470 - 1.1 MI E/O QUEBEC                      
S|08|105550|1|0|22|1U|4|T|4|3|H|4|3|C|13| |0|0| |2|W| |P|00000000025A|480517|39844024|104984654|    |      |10|00|001|N|            |Y|1|00000025|1|00000025|ON I-25 - S/O 84TH AVE                            
S|08|105550|5|0|22|1U|4|T|4|3|H|4|3|C|13| |0|0| |2|W| |P|00000000025A|480517|39844024|104984654|    |      |10|00|001|N|            |Y|1|00000025|1|00000025|ON I-25 - S/O 84TH AVE                            
S|08|107556|1|1|22|2U|2|T|2|3|H|2|3|M|13|T|2|5|T|2|P|L|P|00000000083A|152100|38977977|104756082|    |      |06|00|000|N|            |N|0|      83|0|      83|ON SH 83  POWERS BLVD S/O OLD                     
S|08|107556|1|2|22|2U|2|T|2|3|H|2|3|M|13|T|2|5|T|2|P|L|P|00000000083A|152100|38977977|104756082|    |      |06|00|000|N|            |N|0|      83|0|      83|ON SH 83  POWERS BLVD S/O OLD                     
S|08|107556|5|1|22|2U|2|T|2|3|H|2|3|M|13|T|2|5|T|2|P|L|P|00000000083A|152100|38977977|104756082|    |      |06|00|000|N|            |N|0|      83|0|      83|ON SH 83  POWERS BLVD S/O OLD                     
S|08|107556|5|2|22|2U|2|T|2|3|H|2|3|M|13|T|2|5|T|2|P|L|P|00000000083A|152100|38977977|104756082|    |      |06|00|000|N|            |N|0|      83|0|      83|ON SH 83  POWERS BLVD S/O OLD                     
S|08|107900|3|1|22|3R|2|T|2|3|H|2|3|M|15|T|2|5|T|2|P|L|P|00000000024G|315300|38871310|104656821|    |      |05|00|041|Y|041-9951-024|Y|2|00000024|2|00000024|ON US 24 - NE/O CONSTITUTION                      
S|08|107900|3|2|22|3R|2|T|2|3|H|2|3|M|15|T|2|5|T|2|P|L|P|00000000024G|315300|38871310|104656821|    |      |05|00|041|Y|041-9951-024|Y|2|00000024|2|00000024|ON US 24 - NE/O CONSTITUTION                      
S|08|107900|7|1|22|3R|2|T|2|3|H|2|3|M|15|T|2|5|T|2|P|L|P|00000000024G|315300|38871310|104656821|    |      |05|00|041|Y|041-9951-024|Y|2|00000024|2|00000024|ON US 24 - NE/O CONSTITUTION                      
S|08|107900|7|2|22|3R|2|T|2|3|H|2|3|M|15|T|2|5|T|2|P|L|P|00000000024G|315300|38871310|104656821|    |      |05|00|041|Y|041-9951-024|Y|2|00000024|2|00000024|ON US 24 - NE/O CONSTITUTION                      
S|08|202376|1|0|22|7R|1|T|1|3|H|1|3|F|13| |0|0| |2|L|L|P|           0|      |39747156|105462746|    |      |22|00|000|N|            |N|2|       6|2|       6|Central City Parkway off I-70                     
S|08|202376|5|0|22|7R|1|T|1|3|H|1|3|F|13| |0|0| |2|L|L|P|           0|      |39747156|105462746|    |      |22|00|000|N|            |N|2|       6|2|       6|Central City Parkway off I-70                     
S|08|N0101N|1|1|22|5U|1|T|1|3| |0|0| |13| |0|0| |2|L| |P|00000000COLM|  3819|39035010|108631050|    |      |15|00|077|N|            |N|8|    0010|0|        |From Grand Junction Entrance To East              
S|08|N0101N|5|1|22|5U|1|T|1|3| |0|0| |13| |0|0| |2|L| |P|00000000COLM|  3819|39035010|108631050|    |      |15|00|077|N|            |N|8|    0010|0|        |From Grand Junction Entrance To East              
S|08|N0102N|1|1|22|5U|1|T|1|3| |0|0| |13| |0|0| |2|L| |P|00000000COLM|  4319|39118610|108731380|    |      |15|00|077|N|            |N|8|    0010|0|        |From Fruita Entrance To Saddlehorn Lo             
S|08|N0102N|5|1|22|5U|1|T|1|3| |0|0| |13| |0|0| |2|L| |P|00000000COLM|  4319|39118610|108731380|    |      |15|00|077|N|            |N|8|    0010|0|        |From Fruita Entrance To Saddlehorn Lo             
S|08|N0201S|1|1|22|4R|1|T|1|3| |0|0| |13| |0|0| |2|L| |P|00000000MEVE|  6348|37331186|108416468|    |      |94|00|083|N|            |N|9|    0010|9|        |From Park Boundary To Morefield Campground Access 
S|08|N0201S|5|1|22|4R|1|T|1|3| |0|0| |13| |0|0| |2|L| |P|00000000MEVE|  6348|37331186|108416468|    |      |94|00|083|N|            |N|9|    0010|9|        |From Park Boundary To Morefield Campground Access 
