Record_Type|Year_Record|State_Code|Station_Id|Travel_Dir|Travel_Lane|F_System|Num_Lanes|Sample_Type_Volume|Num_Lanes_Volume|Method_Volume|Sample_Type_Class|Num_Lanes_Class|Method_Class|Algorithm_Volume|Num_Classes|Sample_Type_Truck|Num_Lanes_Truck|Method_Truck|Calibration|Data_Retrieval|Type_Sensor_1|Type_Sensor_2|Primary_Purpose|LRS_Id|LRS_Point|Latitude|Longitude|SHRP_Id|Prev_Station_Id|Year_Established|Year_Discontinued|County_Code|Is_Sample|Sample_Id|NHS|Posted_Route_Signing|Posted_Signed_Route|Con_Route_Signing|Con_Signed_Route|Station_Location
S|09|000149|1|1|22|2U|2|Y|2|3|2|3|0|1|15|5|1|1|P|0|P| | |            |      |41914980| 73055630|    |      |00|00|002|Y|63692  05786|Y|4|19149880|7|30556310|0000041072000    005Y00000162P211N0400000008Route 
S|09|000149|1|2|22|2U|2|Y|2|3|2|3|0|1|15|5|1|1|P|0|P| | |            |      |41914980| 73055630|    |      |00|00|002|Y|63692  05786|Y|4|19149880|7|30556310|0000041072000    005Y00000162P211N0400000008Route 
S|09|000149|5|1|22|2U|2|N|2|3|N|3|3|F|15|T|1|1|U|1|P| |P|000002263692|      |41914980| 73055630|    |      |00|00|002|Y|63692  05786|Y|4|19149880|7|30556310|0000041072000    005N00000162P211Y0400000008Route 
S|09|000149|5|2|22|2U|2|N|2|3|N|3|3|F|15|T|1|1|U|1|P| |P|000002263692|      |41914980| 73055630|    |      |00|00|002|Y|63692  05786|Y|4|19149880|7|30556310|0000041072000    005N00000162P211Y0400000008Route 
S|09|000169|5|1|22|1U|2|T|2|3|H|2|3|F|15|T|2|5|U|1|P|L|P|000002263367|546700|41293928| 72793393|0000|004198|00|00|009|Y|00000014G012|Y|1|00000095|0|        |I-95 between exits 54 and 55.  MIPT 5             
S|09|000169|5|2|22|1U|2|T|2|3|H|2|3|F|15|T|2|5|U|1|P|L|P|000002263367|546700|41293928| 72793393|0000|004198|00|00|009|Y|00000014G012|Y|1|00000095|0|        |I-95 between exits 54 and 55.  MIPT 5             
S|09|000268|1|1|22|2U|2|N|2|3|H|3|3|F|15|N|2|1|U|1|P| |P|000002262102|      |41625142| 72717370|    |      |14|00|002|N|63573  03321|Y|4|16251420|7|27173790|0000042021998    003NNone        Y0400000009Rt 9 S
S|09|000268|1|2|22|2U|2|N|2|3|H|3|3|F|15|N|2|1|U|1|P| |P|000002262102|      |41625142| 72717370|    |      |14|00|002|N|63573  03321|Y|4|16251420|7|27173790|0000042021998    003NNone        Y0400000009Rt 9 S
S|09|000473|3|1|22|2U|2|N|2|3|N|3|3|F|15|T|4|1|U|1|P| |P|000002263491|348000|41735490| 72626150|    |      |16|00|002|N|63491  00348|Y|4|17354950|7|26261580|0000000000016    003N000000000000Y0400000002Route 
S|09|000473|3|2|22|2U|2|N|2|3|N|3|3|F|15|T|4|1|U|1|P| |P|000002263491|348000|41735490| 72626150|    |      |16|00|002|N|63491  00348|Y|4|17354950|7|26261580|0000000000016    003N000000000000Y0400000002Route 
S|09|000473|7|1|22|2U|2|N|2|3|N|3|3|F|15|T|4|1|U|1|P| |P|000002263491|348000|41735490| 72626150|    |      |16|00|002|N|63491  00348|Y|4|17354950|7|26261580|0000000000016    003N000000000000Y0400000002Route 
S|09|000473|7|2|22|2U|2|N|2|3|N|3|3|F|15|T|4|1|U|1|P| |P|000002263491|348000|41735490| 72626150|    |      |16|00|002|N|63491  00348|Y|4|17354950|7|26261580|0000000000016    003N000000000000Y0400000002Route 
S|09|004105|1|1|22|1R|2|T|2|2|N|2|2|M|13|T|2|4|T|1|Q|L|P|00000000A395|540000|42022317| 71860086|1070|000943|19|79|601|N|N           |N|0|10000039|5|0       | THOMPSON,I-395,NB,AT MASS.STATE LINE,Mi.Pt.54.56 
S|09|004105|1|2|22|1R|2|T|2|2|N|2|2|M|13|T|2|4|T|1|Q|L|P|00000000A395|540000|42022317| 71860086|1070|000943|19|79|601|N|N           |N|0|10000039|5|0       | THOMPSON,I-395,NB,AT MASS.STATE LINE,Mi.Pt.54.56 
S|09|004107|1|1|22|2U|2|T|2|2|H|2|2|M|13|T|2|4|T|1|Q|L|P|00000000A008|578600|41543718| 73033675|6700|      |97|00|005|Y|162P211     |Y|3|00000008|0|        |WINCHESTER,RT.8,NB,1/4 MI.SO.OF RT.44,MI.PT.57.86 
S|09|004107|1|2|22|2U|2|T|2|2|H|2|2|M|13|T|2|4|T|1|Q|L|P|00000000A008|578600|41543718| 73033675|6700|      |97|00|005|Y|162P211     |Y|3|00000008|0|        |WINCHESTER,RT.8,NB,1/4 MI.SO.OF RT.44,MI.PT.57.86 
S|09|004108|5|1|22|2U|2|T|2|2|H|2|2|M|13|T|2|4|T|1|Q|L|P|00000000A008|579000|41544034| 73033709|6600|      |97|00|005|Y|162P211     |Y|3|00000008|0|        |WINCHESTER,SB.RT.8,1/4 MI.SO.OF RT.44,MI.PT.57.90 
S|09|004108|5|2|22|2U|2|T|2|2|H|2|2|M|13|T|2|4|T|1|Q|L|P|00000000A008|579000|41544034| 73033709|6600|      |97|00|005|Y|162P211     |Y|3|00000008|0|        |WINCHESTER,SB.RT.8,1/4 MI.SO.OF RT.44,MI.PT.57.90 
S|09|004109|3|1|22|1U|2|N|2|2|H|2|2|M|13|T|2|4|T|1|Q|L|P|00000000A691|768000|41333021| 72541006|9000|009453|97|96|009|Y|025A385     |Y|1|00000691|0|        |I-691,BETWEEN EXITS 2&3 AT PECK LANE              
S|09|004109|3|2|22|1U|2|N|2|2|H|2|2|M|13|T|2|4|T|1|Q|L|P|00000000A691|768000|41333021| 72541006|9000|009453|97|96|009|Y|025A385     |Y|1|00000691|0|        |I-691,BETWEEN EXITS 2&3 AT PECK LANE              
S|09|004110|7|1|22|1U|2|N|2|2|H|2|2|M|13|T|2|4|T|1|Q|L|P|00000000A691|768000|41333021| 72541006|8000|009457|97|96|009|Y|025A385     |Y|1|00000691|0|        |BETWEEN EXITS 2&3 AT PECK LANE                    
S|09|004110|7|2|22|1U|2|N|2|2|H|2|2|M|13|T|2|4|T|1|Q|L|P|00000000A691|768000|41333021| 72541006|8000|009457|97|96|009|Y|025A385     |Y|1|00000691|0|        |BETWEEN EXITS 2&3 AT PECK LANE                    
S|09|004112|7|1|22|1R|2|T|2|2|H|2|2|M|13|T|2|4|T|1|Q|L|P|00000000A084|260100|41501725| 73151168|7900|000954|97|96|009|Y|080X503     |Y|1|00000084|0|        |MIDDLEBURY,I-84 WB,BETWEEN EX.16 & 17,MI.PT.26.01 
S|09|004112|7|2|22|1R|2|T|2|2|H|2|2|M|13|T|2|4|T|1|Q|L|P|00000000A084|260100|41501725| 73151168|7900|000954|97|96|009|Y|080X503     |Y|1|00000084|0|        |MIDDLEBURY,I-84 WB,BETWEEN EX.16 & 17,MI.PT.26.01 
S|09|004115|1|1|22|2U|2|N|2|2|H|2|2|M|13|T|2|4|T|1|Q|L|P|000000000000|957000|41286364| 73229535|5800|      |97|00|001|Y|000000000000|Y|2|00000025|0|        |TRUMBULL,RTE.25,NB.,APPROX 1000 FT.SO. OF RTE. 111
S|09|004115|1|2|22|2U|2|N|2|2|H|2|2|M|13|T|2|4|T|1|Q|L|P|000000000000|957000|41286364| 73229535|5800|      |97|00|001|Y|000000000000|Y|2|00000025|0|        |TRUMBULL,RTE.25,NB.,APPROX 1000 FT.SO. OF RTE. 111
S|09|004201|1|1|22|2U|2|T|2|2|H|2|2|M|13|T|2|4|T|1|Q|L|4|9TEL-4PM/D  |      |41635636| 72752661|1400|009441|98|96|003|Y|007F163     |Y|3|00000009|0|        |BERLIN,RT.9,NB,BETWEEN EXITS 22 & 23,Mi.Pt.33.21  
S|09|004201|1|2|22|2U|2|T|2|2|H|2|2|M|13|T|2|4|T|1|Q|L|4|9TEL-4PM/D  |      |41635636| 72752661|1400|009441|98|96|003|Y|007F163     |Y|3|00000009|0|        |BERLIN,RT.9,NB,BETWEEN EXITS 22 & 23,Mi.Pt.33.21  
S|09|004202|5|1|22|2U|2|N|2|3|H|2|3|M|13|T|2|5|T|1|Q|L|4|9TEL-4PM/D  |      |41375562| 72450722|1400|009445|98|96|003|Y|007F163     |Y|3|00000009|0|        |BERLIN,RT.9,SB,BETWEEN EXITS 22 & 23,Mi.Pt.32.95  
S|09|004202|5|2|22|2U|2|N|2|3|H|2|3|M|13|T|2|5|T|1|Q|L|4|9TEL-4PM/D  |      |41375562| 72450722|1400|009445|98|96|003|Y|007F163     |Y|3|00000009|0|        |BERLIN,RT.9,SB,BETWEEN EXITS 22 & 23,Mi.Pt.32.95  
S|09|004204|7|1|22|2U|2|T|2|2|H|2|2|M|13|T|2|4|T|1|Q|L|4|9RAKTEL/F   |      |41784930| 72455197|3000|009637|98|96|013|Y|012X485     |Y|1|00000384|0|        |BOLTON,I-384,WB,BETWEEN US44 AND RT.85,Mi.Pt.8.22 
S|09|004204|7|2|22|2U|2|T|2|2|H|2|2|M|13|T|2|4|T|1|Q|L|4|9RAKTEL/F   |      |41784930| 72455197|3000|009637|98|96|013|Y|012X485     |Y|1|00000384|0|        |BOLTON,I-384,WB,BETWEEN US44 AND RT.85,Mi.Pt.8.22 
S|09|004214|5|1|22|2U|2|T|2|2|N|2|2|M|13|T|2|4|T|1|Q|L|4|9RAKTEL/F   |      |41742610| 73113097|8100|      |98|96|005|N|            |Y|3|00000008|0|        |HARWINTON,RT.8,SB,BET.EXITS 41 & 42,Mi.Pt.45.38   
S|09|004214|5|2|22|2U|2|T|2|2|N|2|2|M|13|T|2|4|T|1|Q|L|4|9RAKTEL/F   |      |41742610| 73113097|8100|      |98|96|005|N|            |Y|3|00000008|0|        |HARWINTON,RT.8,SB,BET.EXITS 41 & 42,Mi.Pt.45.38   
S|09|004215|1|1|22|1R|2|T|2|2|N|2|2|M|13|T|2|4|T|1|Q|L|4|9RAKTEL/F   |      |41288460| 72635703|5200|      |96|98|009|N|            |Y|1|00000095|0|        |MADISON,I-95,NB,BETWEEN EXITS 59 & 60,MI.PT.62.99 
S|09|004215|1|2|22|1R|2|T|2|2|N|2|2|M|13|T|2|4|T|1|Q|L|4|9RAKTEL/F   |      |41288460| 72635703|5200|      |96|98|009|N|            |Y|1|00000095|0|        |MADISON,I-95,NB,BETWEEN EXITS 59 & 60,MI.PT.62.99 
S|09|004231|3|1|22|1U|2|T|2|2|N|2|2|M|13|T|2|4|T|1|Q|L|P|000000000A84|110000|41232282| 73322218|5400|      |98|00|001|N|            |Y|0|00000084|0|        |DANBURY,I-84,EB,AT THE NY STATE LINE,Mi.Pt..11    
S|09|004231|3|2|22|1U|2|T|2|2|N|2|2|M|13|T|2|4|T|1|Q|L|P|000000000A84|110000|41232282| 73322218|5400|      |98|00|001|N|            |Y|0|00000084|0|        |DANBURY,I-84,EB,AT THE NY STATE LINE,Mi.Pt..11    
S|09|004232|7|1|22|1U|2|T|2|2|N|2|2|M|13|T|2|4|T|1|Q|L|P|00000000A084|150000|41232486| 73321993|5700|009757|98|97|001|N|            |Y|1|00000084|0|        |DANBURY,I-84,WB,AT NY STATE LINE,Mi.Pt..15        
S|09|004232|7|2|22|1U|2|T|2|2|N|2|2|M|13|T|2|4|T|1|Q|L|P|00000000A084|150000|41232486| 73321993|5700|009757|98|97|001|N|            |Y|1|00000084|0|        |DANBURY,I-84,WB,AT NY STATE LINE,Mi.Pt..15        
S|09|004307|1|1|22|2U|2|N|2|3|H|2|3|M|13|T|2|5|T|1|Q|L|4|9TEL-4PM/D  |      |41361418| 72402395|4000|009231|99|97|007|Y|033D008     |Y|3|00000009|0|        |CROMWELL,RTE.9,NB,AT THE 372 OVERPASS             
S|09|004307|1|2|22|2U|2|N|2|3|H|2|3|M|13|T|2|5|T|1|Q|L|4|9TEL-4PM/D  |      |41361418| 72402395|4000|009231|99|97|007|Y|033D008     |Y|3|00000009|0|        |CROMWELL,RTE.9,NB,AT THE 372 OVERPASS             
S|09|004308|5|1|22|2U|2|N|2|3|H|2|3|M|13|T|2|5|T|1|Q|L|4|9TEL-4PM/D  |      |41361418| 72402395|4000|009235|99|97|007|Y|033D008     |Y|3|00000009|0|        |CROMWELL,RTE.9,SB,AT THE RTE.372 OVERPASS         
S|09|004308|5|2|22|2U|2|N|2|3|H|2|3|M|13|T|2|5|T|1|Q|L|4|9TEL-4PM/D  |      |41361418| 72402395|4000|009235|99|97|007|Y|033D008     |Y|3|00000009|0|        |CROMWELL,RTE.9,SB,AT THE RTE.372 OVERPASS         
S|09|004321|3|1|22|1U|3|N|3|3|H|3|3|M|13|T|3|5|T|1|Q|L|P|00000000A084|471600|41383173| 72514795|    |      |99|00|003|Y|00000000F086|Y|1|00000084|0|        |I-84,EB, BETWEEN EXITS 32 & 33, MI.PT 47.16       
S|09|004321|3|2|22|1U|3|N|3|3|H|3|3|M|13|T|3|5|T|1|Q|L|P|00000000A084|471600|41383173| 72514795|    |      |99|00|003|Y|00000000F086|Y|1|00000084|0|        |I-84,EB, BETWEEN EXITS 32 & 33, MI.PT 47.16       
S|09|004321|3|3|22|1U|3|N|3|3|H|3|3|M|13|T|3|5|T|1|Q|L|P|00000000A084|471600|41383173| 72514795|    |      |99|00|003|Y|00000000F086|Y|1|00000084|0|        |I-84,EB, BETWEEN EXITS 32 & 33, MI.PT 47.16       
S|09|004322|7|1|22|1U|3|N|3|3|H|3|3|M|13|T|3|5|T|1|Q|L|P|00000000A084|476900|41385632| 72513069|2000|      |99|00|003|Y|00000000F086|Y|1|00000084|0|        |I-84,WB,BETWEEN EXITS 32 & 33, MI.PT 47.69        
S|09|004322|7|2|22|1U|3|N|3|3|H|3|3|M|13|T|3|5|T|1|Q|L|P|00000000A084|476900|41385632| 72513069|2000|      |99|00|003|Y|00000000F086|Y|1|00000084|0|        |I-84,WB,BETWEEN EXITS 32 & 33, MI.PT 47.69        
S|09|004322|7|3|22|1U|3|N|3|3|H|3|3|M|13|T|3|5|T|1|Q|L|P|00000000A084|476900|41385632| 72513069|2000|      |99|00|003|Y|00000000F086|Y|1|00000084|0|        |I-84,WB,BETWEEN EXITS 32 & 33, MI.PT 47.69        
S|09|004323|3|1|22|1U|2|N|2|3|H|2|3|M|13|T|2|5|T|1|Q|L|P|00000000A291|449000|41480375| 72350564|2000|009093|99|99|003|Y|000000000000|Y|1|000I-291|0|        |I-291,EB,AT THE SO.WINDSOR/MANCHESTER T/L MI.PT. 4
S|09|004323|3|2|22|1U|2|N|2|3|H|2|3|M|13|T|2|5|T|1|Q|L|P|00000000A291|449000|41480375| 72350567|2000|009093|99|99|003|Y|000000000000|Y|1|000I-291|0|        |I-291,EB,AT THE SO.WINDSOR/MANCHESTER T/L MI.PT. 4
S|09|004324|7|1|22|1U|2|N|2|3|H|2|3|M|13|T|2|5|T|1|Q|L|P|00000000A291|452000|41480554| 72350490|8900|009097|99|95|132|Y|000000000000|Y|1|000I-291|0|        |I-291,WB,AT THE SO.WINDSOR\MANCHESTER T\L MI.PT. 4
S|09|004324|7|2|22|1U|2|N|2|3|H|2|3|M|13|T|2|5|T|1|Q|L|P|00000000A291|452000|41480554| 72350490|8900|009097|99|95|132|Y|000000000000|Y|1|000I-291|0|        |I-291,WB,AT THE SO.WINDSOR\MANCHESTER T\L MI.PT. 4
S|09|004325|3|1|22|1R|3|N|3|3|H|3|3|M|13|T|3|5|T|1|Q|L|P|00000000A084|973880|42024879| 72142928|9100|009253|98|96|013|Y|145X408     |Y|1|00000084|0|        |UNION,I-84,EB,AT MASS.STATE LINE,Mi.Pt.97.39      
S|09|004325|3|2|22|1R|3|N|3|3|H|3|3|M|13|T|3|5|T|1|Q|L|P|00000000A084|973880|42024879| 72142928|9100|009253|98|96|013|Y|145X408     |Y|1|00000084|0|        |UNION,I-84,EB,AT MASS.STATE LINE,Mi.Pt.97.39      
S|09|004325|3|3|22|1R|3|N|3|3|H|3|3|M|13|T|3|5|T|1|Q|L|P|00000000A084|973880|42024879| 72142928|9100|009253|98|96|013|Y|145X408     |Y|1|00000084|0|        |UNION,I-84,EB,AT MASS.STATE LINE,Mi.Pt.97.39      
S|09|004333|3|1|22|1U|3|T|3|2|H|3|2|M|13|T|3|4|T|1|Q|L|P|131F08000000|437000|41599960| 72902400|    |      |99|00|003|Y|1131F080    |Y|1|0000I-84|0|        |SOUTHINGTON,I-84,EB,BETWEEN EXITS 30 AND 31       
S|09|004333|3|2|22|1U|3|T|3|2|H|3|2|M|13|T|3|4|T|1|Q|L|P|131F08000000|437000|41599960| 72902400|    |      |99|00|003|Y|1131F080    |Y|1|0000I-84|0|        |SOUTHINGTON,I-84,EB,BETWEEN EXITS 30 AND 31       
S|09|004333|3|3|22|1U|3|T|3|2|H|3|2|M|13|T|3|4|T|1|Q|L|P|131F08000000|437000|41599960| 72902400|    |      |99|00|003|Y|1131F080    |Y|1|0000I-84|0|        |SOUTHINGTON,I-84,EB,BETWEEN EXITS 30 AND 31       
S|09|004341|1|1|22|1U|4|N|4|3|N|4|3|M|13|T|4|5|T|1|Q|L|P|00000000A091|451900|41514372| 72394427|5000|008914|02|01|003|N|            |Y|1|00000091|0|        |WINDSOR,I-91,NB,BETWEEN EXITS 37 & 38             
S|09|004341|1|2|22|1U|4|N|4|3|N|4|3|M|13|T|4|5|T|1|Q|L|P|00000000A091|451900|41514372| 72394427|5000|008914|02|01|003|N|            |Y|1|00000091|0|        |WINDSOR,I-91,NB,BETWEEN EXITS 37 & 38             
S|09|004341|1|3|22|1U|4|N|4|3|N|4|3|M|13|T|4|5|T|1|Q|L|P|00000000A091|451900|41514372| 72394427|5000|008914|02|01|003|N|            |Y|1|00000091|0|        |WINDSOR,I-91,NB,BETWEEN EXITS 37 & 38             
S|09|004341|1|4|22|1U|4|N|4|3|N|4|3|M|13|T|4|5|T|1|Q|L|P|00000000A091|451900|41514372| 72394427|5000|008914|02|01|003|N|            |Y|1|00000091|0|        |WINDSOR,I-91,NB,BETWEEN EXITS 37 & 38             
S|09|004342|5|1|22|1U|4|N|4|3|N|4|3|M|13|T|4|5|T|1|Q|L|P|00000000A091|454800|41515890| 72394536|5000|008901|02|01|003|N|            |Y|1|00000091|0|        |WINDSOR,I-91,SB,BETWEEN EXITS 37 & 38             
S|09|004342|5|2|22|1U|4|N|4|3|N|4|3|M|13|T|4|5|T|1|Q|L|P|00000000A091|454800|41515890| 72394536|5000|008901|02|01|003|N|            |Y|1|00000091|0|        |WINDSOR,I-91,SB,BETWEEN EXITS 37 & 38             
S|09|004342|5|3|22|1U|4|N|4|3|N|4|3|M|13|T|4|5|T|1|Q|L|P|00000000A091|454800|41515890| 72394536|5000|008901|02|01|003|N|            |Y|1|00000091|0|        |WINDSOR,I-91,SB,BETWEEN EXITS 37 & 38             
S|09|004342|5|4|22|1U|4|N|4|3|N|4|3|M|13|T|4|5|T|1|Q|L|P|00000000A091|454800|41515890| 72394536|5000|008901|02|01|003|N|            |Y|1|00000091|0|        |WINDSOR,I-91,SB,BETWEEN EXITS 37 & 38             
S|09|004344|5|1|22|1U|4|N|4|3|N|4|3|M|13|T|4|5|T|1|Q|L|P|00000000A091|482900|41540070| 72381835|2500|008917|02|01|003|N|            |N|1|00000091|0|        |WINDSOR,I-91,AT THE RT.20 OVERPASS                
S|09|004344|5|2|22|1U|4|N|4|3|N|4|3|M|13|T|4|5|T|1|Q|L|P|00000000A091|482900|41540070| 72381835|2500|008917|02|01|003|N|            |N|1|00000091|0|        |WINDSOR,I-91,AT THE RT.20 OVERPASS                
S|09|004344|5|3|22|1U|4|N|4|3|N|4|3|M|13|T|4|5|T|1|Q|L|P|00000000A091|482900|41540070| 72381835|2500|008917|02|01|003|N|            |N|1|00000091|0|        |WINDSOR,I-91,AT THE RT.20 OVERPASS                
S|09|004344|5|4|22|1U|4|N|4|3|N|4|3|M|13|T|4|5|T|1|Q|L|P|00000000A091|482900|41540070| 72381835|2500|008917|02|01|003|N|            |N|1|00000091|0|        |WINDSOR,I-91,AT THE RT.20 OVERPASS                
S|09|004347|1|1|22|2U|2|T|2|2|N|2|2|M|13|T|2|4|T|1|Q|L|P|00000000A009|309000|41372946| 72430859|0200|      |03|00|003|N|            |Y|3|00000009|0|        |BERLIN,RT.9,NB,BETWEEN EXITS 20 & 21,Mi.Pt.30.9   
S|09|004347|1|2|22|2U|2|T|2|2|N|2|2|M|13|T|2|4|T|1|Q|L|P|00000000A009|309000|41372946| 72430859|0200|      |03|00|003|N|            |Y|3|00000009|0|        |BERLIN,RT.9,NB,BETWEEN EXITS 20 & 21,Mi.Pt.30.9   
S|09|004348|5|1|22|2U|2|T|2|2|N|2|2|M|13|T|2|4|T|1|Q|L|P|00000000A009|311800|41372258| 72432657|9500|      |00|00|003|N|            |Y|3|00000009|0|        |BERLIN,RT.9,SB,BETWEEN EXITS 20 & 21,Mi.Pt.33.2   
S|09|004348|5|2|22|2U|2|T|2|2|N|2|2|M|13|T|2|4|T|1|Q|L|P|00000000A009|311800|41372258| 72432657|9500|      |00|00|003|N|            |Y|3|00000009|0|        |BERLIN,RT.9,SB,BETWEEN EXITS 20 & 21,Mi.Pt.33.2   
S|09|004933|3|1|22|1U|3|T|3|2|N|3|2|M|13|T|3|5|T|1|Q|L|P|00000000A084|647400|41455102| 72374396|0250|      |13|00|003|N|            |Y|1|00000084|0|        |E.HARTFORD,I-84,EB, AT THE JUNCTION OF RT 15 NB   
S|09|004933|3|2|22|1U|3|T|3|2|N|3|2|M|13|T|3|5|T|1|Q|L|P|00000000A084|647400|41455102| 72374396|0250|      |13|00|003|N|            |Y|1|00000084|0|        |E.HARTFORD,I-84,EB, AT THE JUNCTION OF RT 15 NB   
S|09|004933|3|3|22|1U|3|T|3|2|N|3|2|M|13|T|3|5|T|1|Q|L|P|00000000A084|647400|41455102| 72374396|0250|      |13|00|003|N|            |Y|1|00000084|0|        |E.HARTFORD,I-84,EB, AT THE JUNCTION OF RT 15 NB   
S|09|004934|7|1|22|1U|3|T|3|2|N|3|2|M|13|T|3|5|T|1|Q|L|P|00000000A084|644500|41454723| 72380331|0250|      |13|00|003|N|            |Y|1|00000084|0|        |EAST HARTFORD,84 WB, AT THE JUNCTION OF RT 15,SB  
S|09|004934|7|2|22|1U|3|T|3|2|N|3|2|M|13|T|3|5|T|1|Q|L|P|00000000A084|644500|41454723| 72380331|0250|      |13|00|003|N|            |Y|1|00000084|0|        |EAST HARTFORD,84 WB, AT THE JUNCTION OF RT 15,SB  
S|09|004934|7|3|22|1U|3|T|3|2|N|3|2|M|13|T|3|5|T|1|Q|L|P|00000000A084|644500|41454723| 72380331|0250|      |13|00|003|N|            |Y|1|00000084|0|        |EAST HARTFORD,84 WB, AT THE JUNCTION OF RT 15,SB  
S|09|004935|1|1|22|2U|2|T|2|2|N|2|2|M|13|T|2|4|T|1|Q|L|P|00000000A015|833800|41454883| 72380291|9400|      |13|00|003|N|00000000    |Y|3|00000015|0|        |EAST HARTFORD,RT,15,NB @ JUNCT,I-84, MI PT. 83.38 
S|09|004935|1|2|22|2U|2|T|2|2|N|2|2|M|13|T|2|4|T|1|Q|L|P|00000000A015|833800|41454883| 72380291|9400|      |13|00|003|N|00000000    |Y|3|00000015|0|        |EAST HARTFORD,RT,15,NB @ JUNCT,I-84, MI PT. 83.38 
S|09|004936|5|1|22|2U|2|T|2|2|N|2|2|M|13|T|2|4|T|1|Q|L|4|9TEL-4PM/D  |      |41454883| 72380291|9400|      |12|00|003|N|0000000     |Y|3|00000015|0|        |E.HARTFORD,SB.RT.15 @ JUNCT I-84 WB, MI PT. 83.11 
S|09|004936|5|2|22|2U|2|T|2|2|N|2|2|M|13|T|2|4|T|1|Q|L|4|9TEL-4PM/D  |      |41454883| 72380291|9400|      |12|00|003|N|0000000     |Y|3|00000015|0|        |E.HARTFORD,SB.RT.15 @ JUNCT I-84 WB, MI PT. 83.11 
S|09|004951|1|1|22|1U|3|T|3|2|N|3|2|M|13|T|3|4|T|1|Q|L|4|9RAKTEL/F   |      |41067972| 73496320|    |      |05|00|001|N|            |Y|1|00000095|0|        |DARIEN,I-95,NB,BETWEEN EXITS 9 & 10,MI.PT. 10.34  
S|09|004951|1|2|22|1U|3|T|3|2|N|3|2|M|13|T|3|4|T|1|Q|L|4|9RAKTEL/F   |      |41067972| 73496320|    |      |05|00|001|N|            |Y|1|00000095|0|        |DARIEN,I-95,NB,BETWEEN EXITS 9 & 10,MI.PT. 10.34  
S|09|004951|1|3|22|1U|3|T|3|2|N|3|2|M|13|T|3|4|T|1|Q|L|4|9RAKTEL/F   |      |41067972| 73496320|    |      |05|00|001|N|            |Y|1|00000095|0|        |DARIEN,I-95,NB,BETWEEN EXITS 9 & 10,MI.PT. 10.34  
S|09|007266|1|1|22|3U|2|T|4|3|H|4|3|G|15|T|4|5|M|1|P|L|P|00000000015N|116319|41634869| 72736539|    |      |00|00|003|Y|00000007F002|Y|3|00000015|2|00000005|Between Woodlawn Road and Route 160 Deming Road   
S|09|007266|1|2|22|3U|2|T|4|3|H|4|3|G|15|T|4|5|M|1|P|L|P|00000000015N|116319|41634869| 72736539|    |      |00|00|003|Y|00000007F002|Y|3|00000015|2|00000005|Between Woodlawn Road and Route 160 Deming Road   
S|09|007266|5|1|22|3U|2|T|4|3|H|4|3|G|15|T|4|5|M|1|P|L|P|00000000015N|116319|41634869| 72736539|    |      |00|00|003|Y|00000007F002|Y|3|00000015|2|00000005|Between Woodlawn Road and Route 160 Deming Road   
S|09|007266|5|2|22|3U|2|T|4|3|H|4|3|G|15|T|4|5|M|1|P|L|P|00000000015N|116319|41634869| 72736539|    |      |00|00|003|Y|00000007F002|Y|3|00000015|2|00000005|Between Woodlawn Road and Route 160 Deming Road   
S|09|007268|1|1|22|2U|2|T|4|2|N|0|3|F|01|N|0|0| |1|L|N|P|00000000009N|534130|41625142| 72717379|    |      |00|00|003|N|000000000000|N|3|00000009|0|        |Between Exits 20-21                               
S|09|007268|1|2|22|2U|2|T|4|2|N|0|3|F|01|N|0|0| |1|L|N|P|00000000009N|534130|41625142| 72717379|    |      |00|00|003|N|000000000000|N|3|00000009|0|        |Between Exits 20-21                               
S|09|007268|5|1|22|2U|2|T|4|2|N|0|3|F|01|N|0|0| |1|L|N|P|00000000009N|534130|41625142| 72717379|    |      |00|00|003|N|000000000000|N|3|00000009|0|        |Between Exits 20-21                               
S|09|007268|5|2|22|2U|2|T|4|2|N|0|3|F|01|N|0|0| |1|L|N|P|00000000009N|534130|41625142| 72717379|    |      |00|00|003|N|000000000000|N|3|00000009|0|        |Between Exits 20-21                               
S|09|007292|1|1|22|2U|2|T|4|2|N|0|2|F|01|N|0|0| |1|L|N|P|00000000009N|497070|41635615| 72752805|    |      |00|00|003|N|000000000000|Y|3|00000009|0|        |Between Exits 22-23                               
S|09|007292|1|2|22|2U|2|T|4|2|N|0|2|F|01|N|0|0| |1|L|N|P|00000000009N|497070|41635615| 72752805|    |      |00|00|003|N|000000000000|Y|3|00000009|0|        |Between Exits 22-23                               
S|09|007292|5|1|22|2U|2|T|4|2|N|0|2|F|01|N|0|0| |1|L|N|P|00000000009N|497070|41635615| 72752805|    |      |00|00|003|N|000000000000|Y|3|00000009|0|        |Between Exits 22-23                               
S|09|007292|5|2|22|2U|2|T|4|2|N|0|2|F|01|N|0|0| |1|L|N|P|00000000009N|497070|41635615| 72752805|    |      |00|00|003|N|000000000000|Y|3|00000009|0|        |Between Exits 22-23                               
S|09|008079|5|1|22|2U|3|T|3|2|H|3|2|M|13|T|0|0|T|1|Q|L|4|9RAKTEL/F   |      |41378740| 73474040|    |      |99|00|001|Y|034C133     |Y|0|00000007|0|        |DANBURY,RT.7,BET.PARK AVE & AIRPORT RD.Mi.Pt.20.93
S|09|008079|5|2|22|2U|3|T|3|2|H|3|2|M|13|T|0|0|T|1|Q|L|4|9RAKTEL/F   |      |41378740| 73474040|    |      |99|00|001|Y|034C133     |Y|0|00000007|0|        |DANBURY,RT.7,BET.PARK AVE & AIRPORT RD.Mi.Pt.20.93
S|09|008079|5|3|22|2U|3|T|3|2|H|3|2|M|13|T|0|0|T|1|Q|L|4|9RAKTEL/F   |      |41378740| 73474040|    |      |99|00|001|Y|034C133     |Y|0|00000007|0|        |DANBURY,RT.7,BET.PARK AVE & AIRPORT RD.Mi.Pt.20.93
S|09|008952|5|1|22|1U|4|T|4|2|N|4|2|M|13|T|4|4|T|1|Q|L|P|035J10600000|103310|41068376| 73498226|0000|      |02|00|001|N|            |Y|1|00000095|0|        |DARIEN,I-95,SB,BETWEEN EXIT 9 & 10,MI.PT.10.59    
S|09|008952|5|2|22|1U|4|T|4|2|N|4|2|M|13|T|4|4|T|1|Q|L|P|035J10600000|103310|41068376| 73498226|0000|      |02|00|001|N|            |Y|1|00000095|0|        |DARIEN,I-95,SB,BETWEEN EXIT 9 & 10,MI.PT.10.59    
S|09|008952|5|3|22|1U|4|T|4|2|N|4|2|M|13|T|4|4|T|1|Q|L|P|035J10600000|103310|41068376| 73498226|0000|      |02|00|001|N|            |Y|1|00000095|0|        |DARIEN,I-95,SB,BETWEEN EXIT 9 & 10,MI.PT.10.59    
S|09|008952|5|4|22|1U|4|T|4|2|N|4|2|M|13|T|4|4|T|1|Q|L|P|035J10600000|103310|41068376| 73498226|0000|      |02|00|001|N|            |Y|1|00000095|0|        |DARIEN,I-95,SB,BETWEEN EXIT 9 & 10,MI.PT.10.59    
S|09|009001|1|1|22|4R|1|T|2|3|N|0|3|Z|01|N|0|0| |2|L|N|P|00000000007N|      |41776482| 73418912|    |      |40|00|005|N|000000000000|N|2|00000007|0|        |7                                                 
S|09|009001|5|1|22|4R|1|T|2|3|N|0|3|Z|01|N|0|0| |2|L|N|P|00000000007N|      |41776482| 73418912|    |      |40|00|005|N|000000000000|N|2|00000007|0|        |7                                                 
S|09|009004|1|1|22|4U|1|T|1|3|N|1|3|Z|15|N|0|0| |2|L|N|P|00000000081N|      |41315284| 72540444|    |      |40|00|007|N|000000000000|N|3|00000081|0|        |Route 81 Between Egypt Lane an                    
S|09|009004|5|1|22|4U|1|T|1|3|N|1|3|Z|15|N|0|0| |2|P|N|P|00000000081N|      |41315284| 72540444|    |      |40|00|007|N|000000000000|N|3|00000081|0|        |Route 81 Between Egypt Lane an                    
S|09|009005|1|1|22|4U|1|T|2|3|N|0|3|Z|01|N|0|0| |2|L|N|P|00000000032N|      |41450504| 72106834|    |      |97|00|011|N|000000000000|N|3|00000032|0|        |32                                                
S|09|009005|5|1|22|4U|1|T|2|3|N|0|3|Z|01|N|0|0| |2|L|N|P|00000000032N|      |41450504| 72106834|    |      |97|00|011|N|000000000000|N|3|00000032|0|        |32                                                
S|09|009007|1|1|22|1U|2|T|4|3|H|4|3|G|15|N|2|5|M|2|P|L|P|00000000395N|      |41517996| 72119590|    |      |96|00|011|Y|00000000H095|Y|1|00000395|0|        |395                                               
S|09|009007|1|2|22|1U|2|T|4|3|H|4|3|G|15|N|2|5|M|2|P|L|P|00000000395N|      |41517996| 72119590|    |      |96|00|011|Y|00000000H095|Y|1|00000395|0|        |395                                               
S|09|009007|5|1|22|1U|2|T|4|3|H|4|3|G|15|N|2|5|M|2|P|L|P|00000000395N|      |41517996| 72119590|    |      |96|00|011|Y|00000000H095|Y|1|00000395|0|        |395                                               
S|09|009007|5|2|22|1U|2|T|4|3|H|4|3|G|15|N|2|5|M|2|P|L|P|00000000395N|      |41517996| 72119590|    |      |96|00|011|Y|00000000H095|Y|1|00000395|0|        |395                                               
S|09|009008|1|1|22|3U|2|T|5|3|H|5|3|D|04|N|0|0| |2|L|L|P|00000000001N|      |41137532| 73340501|    |      |00|00|001|N|000000000000|Y|2|00000001|0|        |1                                                 
S|09|009008|1|2|22|3U|2|T|5|3|H|5|3|D|04|N|0|0| |2|L|L|P|00000000001N|      |41137532| 73340501|    |      |00|00|001|N|000000000000|Y|2|00000001|0|        |1                                                 
S|09|009008|5|1|22|3U|3|T|5|3|H|5|3|D|04|N|0|0| |2|L|L|P|00000000001N|      |41137532| 73340501|    |      |00|00|001|N|000000000000|Y|2|00000001|0|        |1                                                 
S|09|009008|5|2|22|3U|3|T|5|3|H|5|3|D|04|N|0|0| |2|L|L|P|00000000001N|      |41137532| 73340501|    |      |00|00|001|N|000000000000|Y|2|00000001|0|        |1                                                 
S|09|009008|5|3|22|3U|3|T|5|3|H|5|3|D|04|N|0|0| |2|L|L|P|00000000001N|      |41137532| 73340501|    |      |00|00|001|N|000000000000|Y|2|00000001|0|        |1                                                 
S|09|009009|1|1|22|3U|1|T|2|3|N|0|3|Z|01|N|0|0| |2|L|N|P|00000000124N|      |41114767| 73485695|    |      |40|00|001|N|000000000000|Y|3|00000124|0|        |124                                               
S|09|009009|5|1|22|3U|1|T|2|3|N|0|3|Z|01|N|0|0| |2|L|N|P|00000000124N|      |41114767| 73485695|    |      |40|00|001|N|000000000000|Y|3|00000124|0|        |124                                               
S|09|009010|3|1|22|4U|1|T|1|3|H|1|3|D|04|N|0|0| |2|L|L|P|00000000006E|      |41522848| 73202245|    |      |40|00|005|N|000000000000|N|3|00000006|0|        |6                                                 
S|09|009010|7|1|22|4U|1|T|1|3|H|1|3|D|04|N|0|0| |2|L|L|P|00000000006E|      |41522848| 73202245|    |      |40|00|005|N|000000000000|N|3|00000006|0|        |6                                                 
S|09|009011|1|1|22|3U|1|T|3|3|H|3|3|D|04|N|0|0| |2|L|L|P|00000000005N|      |41923144| 72606385|    |      |40|00|003|N|000000000000|Y|2|00000005|0|        |Half mile South of Rt 140 Bridge St               
S|09|009011|5|1|22|3U|2|T|3|3|H|3|3|D|04|N|0|0| |2|L|L|P|00000000005N|      |41923144| 72606385|    |      |40|00|003|N|000000000000|Y|2|00000005|0|        |Half mile South of Rt 140 Bridge St               
S|09|009011|5|2|22|3U|2|T|3|3|H|3|3|D|04|N|0|0| |2|L|L|P|00000000005N|      |41923144| 72606385|    |      |40|00|003|N|000000000000|Y|2|00000005|0|        |Half mile South of Rt 140 Bridge St               
S|09|009012|1|1|22|1U|2|T|4|3|N|0|3|Z|01|N|0|0| |2|L|N|P|00000000395N|      |41833182| 71875080|    |      |85|00|015|N|000000000000|Y|1|00000395|0|        |395                                               
S|09|009012|1|2|22|1U|2|T|4|3|N|0|3|Z|01|N|0|0| |2|L|N|P|00000000395N|      |41833182| 71875080|    |      |85|00|015|N|000000000000|Y|1|00000395|0|        |395                                               
S|09|009012|5|1|22|1U|2|T|4|3|N|0|3|Z|01|N|0|0| |2|L|N|P|00000000395N|      |41833182| 71875080|    |      |85|00|015|N|000000000000|Y|1|00000395|0|        |395                                               
S|09|009012|5|2|22|1U|2|T|4|3|N|0|3|Z|01|N|0|0| |2|L|N|P|00000000395N|      |41833182| 71875080|    |      |85|00|015|N|000000000000|Y|1|00000395|0|        |395                                               
S|09|009014|1|0|22|1U|4|T|4|3|H|4|3|D|03|N|0|0| |2|V|A|P|00000000091N|518810|41687649| 72649634|    |      |01|00|003|N|000000000000|Y|1|00000091|1|        |.2 Miles North of Rocky Hill Town Line            
S|09|009014|5|0|22|1U|4|T|4|3|H|4|3|D|03|N|0|0| |2|V|A|P|00000000091N|518810|41687649| 72649634|    |      |01|00|003|N|000000000000|Y|1|00000091|1|        |.2 Miles North of Rocky Hill Town Line            
S|09|009015|1|1|22|2U|2|T|4|3|H|4|3|D|04|N|0|0| |2|L|L|P|00000000015N|      |41229981| 73238499|    |      |85|00|001|N|000000000000|Y|3|00000015|0|        |15                                                
S|09|009015|1|2|22|2U|2|T|4|3|H|4|3|D|04|N|0|0| |2|L|L|P|00000000015N|      |41229981| 73238499|    |      |85|00|001|N|000000000000|Y|3|00000015|0|        |15                                                
S|09|009015|5|1|22|2U|2|T|4|3|H|4|3|D|04|N|0|0| |2|L|L|P|00000000015N|      |41229981| 73238499|    |      |85|00|001|N|000000000000|Y|3|00000015|0|        |15                                                
S|09|009015|5|2|22|2U|2|T|4|3|H|4|3|D|04|N|0|0| |2|L|L|P|00000000015N|      |41229981| 73238499|    |      |85|00|001|N|000000000000|Y|3|00000015|0|        |15                                                
S|09|009017|1|1|22|2U|2|T|4|3|H|4|3|D|04|N|0|0| |2|L|L|P|00000000015N|      |41364241| 72928827|    |      |86|00|009|N|000000000000|Y|3|00000015|0|        |15                                                
S|09|009017|1|2|22|2U|2|T|4|3|H|4|3|D|04|N|0|0| |2|L|L|P|00000000015N|      |41364241| 72928827|    |      |86|00|009|N|000000000000|Y|3|00000015|0|        |15                                                
S|09|009017|5|1|22|2U|2|T|4|3|H|4|3|D|04|N|0|0| |2|L|L|P|00000000015N|      |41364241| 72928827|    |      |86|00|009|N|000000000000|Y|3|00000015|0|        |15                                                
S|09|009017|5|2|22|2U|2|T|4|3|H|4|3|D|04|N|0|0| |2|L|L|P|00000000015N|      |41364241| 72928827|    |      |86|00|009|N|000000000000|Y|3|00000015|0|        |15                                                
S|09|009018|1|1|22|2R|1|T|1|2|H|1|2|D|04|N|0|0| |1|X|N|P|00000000008N|102647|41989619| 73046860|    |      |40|00|005|N|000000000000|N|3|00000008|0|        |8                                                 
S|09|009018|5|1|22|2R|1|T|1|2|H|1|2|D|04|N|0|0| |1|X|N|P|00000000008N|102647|41989619| 73046860|    |      |40|00|005|N|000000000000|N|3|00000008|0|        |8                                                 
S|09|009019|1|1|22|2U|3|T|3|3|N|0|3|Z|01|N|0|0| |2|L|N|P|00000000008N|      |41183350| 73193459|    |      |85|00|001|Y|00000000A012|Y|3|00000008|0|        |8                                                 
S|09|009019|1|2|22|2U|3|T|3|3|N|0|3|Z|01|N|0|0| |2|L|N|P|00000000008N|      |41183350| 73193459|    |      |85|00|001|Y|00000000A012|Y|3|00000008|0|        |8                                                 
S|09|009019|1|3|22|2U|3|T|3|3|N|0|3|Z|01|N|0|0| |2|L|N|P|00000000008N|      |41183350| 73193459|    |      |85|00|001|Y|00000000A012|Y|3|00000008|0|        |8                                                 
S|09|009019|5|1|22|2U|3|T|3|3|N|0|3|Z|01|N|0|0| |2|L|N|P|00000000008N|      |41183350| 73193459|    |      |85|00|001|Y|00000000A012|Y|3|00000008|0|        |8                                                 
S|09|009019|5|2|22|2U|3|T|3|3|N|0|3|Z|01|N|0|0| |2|L|N|P|00000000008N|      |41183350| 73193459|    |      |85|00|001|Y|00000000A012|Y|3|00000008|0|        |8                                                 
S|09|009019|5|3|22|2U|3|T|3|3|N|0|3|Z|01|N|0|0| |2|L|N|P|00000000008N|      |41183350| 73193459|    |      |85|00|001|Y|00000000A012|Y|3|00000008|0|        |8                                                 
S|09|009020|3|1|22|3R|1|T|2|3|H|2|3|D|04|N|0|0| |2|L|L|P|00000000066E|      |41651880| 72389424|    |      |40|00|013|Y|00000000X459|Y|3|00000066|0|        |66                                                
S|09|009020|7|1|22|3R|1|T|2|3|H|2|3|D|04|N|0|0| |2|L|L|P|00000000066E|      |41651880| 72389424|    |      |40|00|013|Y|00000000X459|Y|3|00000066|0|        |66                                                
S|09|009022|1|1|22|4U|1|T|2|3|H|2|3|D|04|N|0|0| |2|L|L|P|00000000217N|      |41579157| 72701815|    |      |40|00|007|N|000000000000|N|3|00000217|0|        |217                                               
S|09|009022|5|1|22|4U|1|T|2|3|H|2|3|D|04|N|0|0| |2|L|L|P|00000000217N|      |41579157| 72701815|    |      |40|00|007|N|000000000000|N|3|00000217|0|        |217                                               
S|09|009023|1|1|22|2U|2|T|5|3|H|5|3|G|15|T|5|5|M|2|P|L|P|00000000008N|      |41606129| 73063885|    |      |98|00|005|Y|00000000K100|N|3|00000008|0|        |8                                                 
S|09|009023|1|2|22|2U|2|T|5|3|H|5|3|G|15|T|5|5|M|2|P|L|P|00000000008N|      |41606129| 73063885|    |      |98|00|005|Y|00000000K100|N|3|00000008|0|        |8                                                 
S|09|009023|5|1|22|2U|3|T|5|3|H|5|3|G|15|T|5|5|M|2|P|L|P|00000000008N|      |41606129| 73063885|    |      |98|00|005|Y|00000000K100|N|3|00000008|0|        |8                                                 
S|09|009023|5|2|22|2U|3|T|5|3|H|5|3|G|15|T|5|5|M|2|P|L|P|00000000008N|      |41606129| 73063885|    |      |98|00|005|Y|00000000K100|N|3|00000008|0|        |8                                                 
S|09|009023|5|3|22|2U|1|T|5|3|H|5|3|G|15|T|5|5|M|2|P|L|P|00000000008N|      |41606129| 73063885|    |      |98|00|005|Y|00000000K100|N|3|00000008|0|        |8                                                 
S|09|009024|3|1|22|1U|2|T|4|3|H|4|3|G|15|T|4|5|M|2|P|L|P|00000000084E|      |41423019| 73366707|    |      |98|00|001|Y|00000000C094|Y|1|00000084|0|        |84                                                
S|09|009024|3|2|22|1U|2|T|4|3|H|4|3|G|15|T|4|5|M|2|P|L|P|00000000084E|      |41423019| 73366707|    |      |98|00|001|Y|00000000C094|Y|1|00000084|0|        |84                                                
S|09|009024|7|1|22|1U|2|T|4|3|H|4|3|G|15|T|4|5|M|2|P|L|P|00000000084E|      |41423019| 73366707|    |      |98|00|001|Y|00000000C094|Y|1|00000084|0|        |84                                                
S|09|009024|7|2|22|1U|2|T|4|3|H|4|3|G|15|T|4|5|M|2|P|L|P|00000000084E|      |41423019| 73366707|    |      |98|00|001|Y|00000000C094|Y|1|00000084|0|        |84                                                
S|09|009026|3|1|22|1U|4|T|8|3|H|8|3|G|15|T|8|5|M|2|P|L|P|00000000084E|114010|41806134| 72533773|    |      |98|00|000|N|           0|N|1|      84|0|        |                                                84
S|09|009026|3|2|22|1U|4|T|8|3|H|8|3|G|15|T|8|5|M|2|P|L|P|00000000084E|114010|41806134| 72533773|    |      |98|00|000|N|           0|N|1|      84|0|        |                                                84
S|09|009026|3|3|22|1U|4|T|8|3|H|8|3|G|15|T|8|5|M|2|P|L|P|00000000084E|114010|41806134| 72533773|    |      |98|00|000|N|           0|N|1|      84|0|        |                                                84
S|09|009026|3|4|22|1U|4|T|8|3|H|8|3|G|15|T|8|5|M|2|P|L|P|00000000084E|114010|41806134| 72533773|    |      |98|00|000|N|           0|N|1|      84|0|        |                                                84
S|09|009026|7|1|22|1U|4|T|8|3|H|8|3|G|15|T|8|5|M|2|P|L|P|00000000084E|114010|41806134| 72533773|    |      |98|00|000|N|           0|N|1|      84|0|        |                                                84
S|09|009026|7|2|22|1U|4|T|8|3|H|8|3|G|15|T|8|5|M|2|P|L|P|00000000084E|114010|41806134| 72533773|    |      |98|00|000|N|           0|N|1|      84|0|        |                                                84
S|09|009026|7|3|22|1U|4|T|8|3|H|8|3|G|15|T|8|5|M|2|P|L|P|00000000084E|114010|41806134| 72533773|    |      |98|00|000|N|           0|N|1|      84|0|        |                                                84
S|09|009026|7|4|22|1U|4|T|8|3|H|8|3|G|15|T|8|5|M|2|P|L|P|00000000084E|114010|41806134| 72533773|    |      |98|00|000|N|           0|N|1|      84|0|        |                                                84
S|09|009027|3|1|22|1R|3|T|6|3|H|6|3|G|15|T|6|5|M|2|P|L|P|00000000084E|156730|42025050| 72143019|    |      |98|00|013|Y|00000000X408|Y|1|00000084|0|        |84                                                
S|09|009027|3|2|22|1R|3|T|6|3|H|6|3|G|15|T|6|5|M|2|P|L|P|00000000084E|156730|42025050| 72143019|    |      |98|00|013|Y|00000000X408|Y|1|00000084|0|        |84                                                
S|09|009027|3|3|22|1R|3|T|6|3|H|6|3|G|15|T|6|5|M|2|P|L|P|00000000084E|156730|42025050| 72143019|    |      |98|00|013|Y|00000000X408|Y|1|00000084|0|        |84                                                
S|09|009027|7|1|22|1R|3|T|6|3|H|6|3|G|15|T|6|5|M|2|P|L|P|00000000084E|156730|42025050| 72143019|    |      |98|00|013|Y|00000000X408|Y|1|00000084|0|        |84                                                
S|09|009027|7|2|22|1R|3|T|6|3|H|6|3|G|15|T|6|5|M|2|P|L|P|00000000084E|156730|42025050| 72143019|    |      |98|00|013|Y|00000000X408|Y|1|00000084|0|        |84                                                
S|09|009027|7|3|22|1R|3|T|6|3|H|6|3|G|15|T|6|5|M|2|P|L|P|00000000084E|156730|42025050| 72143019|    |      |98|00|013|Y|00000000X408|Y|1|00000084|0|        |84                                                
S|09|009028|3|1|22|3U|2|T|4|3|H|4|3|G|15|T|4|5|M|2|P|L|P|00000000034N|      |41311544| 73053765|    |      |40|00|009|Y|00000000G054|Y|3|00000034|0|        |34                                                
S|09|009028|3|2|22|3U|2|T|4|3|H|4|3|G|15|T|4|5|M|2|P|L|P|00000000034N|      |41311544| 73053765|    |      |40|00|009|Y|00000000G054|Y|3|00000034|0|        |34                                                
S|09|009028|7|1|22|3U|2|T|4|3|H|4|3|G|15|T|4|5|M|2|P|L|P|00000000034N|      |41311544| 73053765|    |      |40|00|009|Y|00000000G054|Y|3|00000034|0|        |34                                                
S|09|009028|7|2|22|3U|2|T|4|3|H|4|3|G|15|T|4|5|M|2|P|L|P|00000000034N|      |41311544| 73053765|    |      |40|00|009|Y|00000000G054|Y|3|00000034|0|        |34                                                
S|09|009030|1|1|22|1U|3|T|6|3|H|6|3|F|14|T|6|5|M|2|P|L|P|00000000095N|      |41101314| 73435676|    |      |86|00|001|Y|00000000A136|Y|1|00000095|0|        |95                                                
S|09|009030|1|2|22|1U|3|T|6|3|H|6|3|F|14|T|6|5|M|2|P|L|P|00000000095N|      |41101314| 73435676|    |      |86|00|001|Y|00000000A136|Y|1|00000095|0|        |95                                                
S|09|009030|1|3|22|1U|3|T|6|3|H|6|3|F|14|T|6|5|M|2|P|L|P|00000000095N|      |41101314| 73435676|    |      |86|00|001|Y|00000000A136|Y|1|00000095|0|        |95                                                
S|09|009030|5|1|22|1U|3|T|6|3|H|6|3|F|14|T|6|5|M|2|P|L|P|00000000095N|      |41101314| 73435676|    |      |86|00|001|Y|00000000A136|Y|1|00000095|0|        |95                                                
S|09|009030|5|2|22|1U|3|T|6|3|H|6|3|F|14|T|6|5|M|2|P|L|P|00000000095N|      |41101314| 73435676|    |      |86|00|001|Y|00000000A136|Y|1|00000095|0|        |95                                                
S|09|009030|5|3|22|1U|3|T|6|3|H|6|3|F|14|T|6|5|M|2|P|L|P|00000000095N|      |41101314| 73435676|    |      |86|00|001|Y|00000000A136|Y|1|00000095|0|        |95                                                
S|09|009031|1|1|22|1U|3|T|6|3|H|6|3|F|14|T|6|5|M|2|P|L|P|00000000095N|      |41237146| 73060137|    |      |86|00|009|N|000000000000|Y|1|00000095|0|        |95                                                
S|09|009031|1|2|22|1U|3|T|6|3|H|6|3|F|14|T|6|5|M|2|P|L|P|00000000095N|      |41237146| 73060137|    |      |86|00|009|N|000000000000|Y|1|00000095|0|        |95                                                
S|09|009031|1|3|22|1U|3|T|6|3|H|6|3|F|14|T|6|5|M|2|P|L|P|00000000095N|      |41237146| 73060137|    |      |86|00|009|N|000000000000|Y|1|00000095|0|        |95                                                
S|09|009031|5|1|22|1U|3|T|6|3|H|6|3|F|14|T|6|5|M|2|P|L|P|00000000095N|      |41237146| 73060137|    |      |86|00|009|N|000000000000|Y|1|00000095|0|        |95                                                
S|09|009031|5|2|22|1U|3|T|6|3|H|6|3|F|14|T|6|5|M|2|P|L|P|00000000095N|      |41237146| 73060137|    |      |86|00|009|N|000000000000|Y|1|00000095|0|        |95                                                
S|09|009031|5|3|22|1U|3|T|6|3|H|6|3|F|14|T|6|5|M|2|P|L|P|00000000095N|      |41237146| 73060137|    |      |86|00|009|N|000000000000|Y|1|00000095|0|        |95                                                
S|09|009032|1|1|22|1U|2|T|4|3|H|4|3|D|04|N|0|0| |2|L|L|P|00000000095N|      |41293393| 72796736|    |      |86|00|009|N|000000000000|Y|1|00000095|0|        |95                                                
S|09|009032|1|2|22|1U|2|T|4|3|H|4|3|D|04|N|0|0| |2|L|L|P|00000000095N|      |41293393| 72796736|    |      |86|00|009|N|000000000000|Y|1|00000095|0|        |95                                                
S|09|009032|5|1|22|1U|2|T|4|3|H|4|3|D|04|N|0|0| |2|L|L|P|00000000095N|      |41293393| 72796736|    |      |86|00|009|N|000000000000|Y|1|00000095|0|        |95                                                
S|09|009032|5|2|22|1U|2|T|4|3|H|4|3|D|04|N|0|0| |2|L|L|P|00000000095N|      |41293393| 72796736|    |      |86|00|009|N|000000000000|Y|1|00000095|0|        |95                                                
S|09|009033|1|1|22|1U|2|T|4|3|H|4|3|F|15|T|4|5|M|2|P|L|P|00000000095N|136730|41344884| 72228725|    |      |98|00|000|N|           0|N|1|      95|0|        |                                                95
S|09|009033|1|2|22|1U|2|T|4|3|H|4|3|F|15|T|4|5|M|2|P|L|P|00000000095N|136730|41344884| 72228725|    |      |98|00|000|N|           0|N|1|      95|0|        |                                                95
S|09|009033|5|1|22|1U|2|T|4|3|H|4|3|F|15|T|4|5|M|2|P|L|P|00000000095N|136730|41344884| 72228725|    |      |98|00|000|N|           0|N|1|      95|0|        |                                                95
S|09|009033|5|2|22|1U|2|T|4|3|H|4|3|F|15|T|4|5|M|2|P|L|P|00000000095N|136730|41344884| 72228725|    |      |98|00|000|N|           0|N|1|      95|0|        |                                                95
S|09|009044|1|1|22|1U|3|T|6|3|H|6|3|G|15|T|6|5|M|2|P|L|P|00000000095N|159780|41371951| 71994106|    |      |86|00|011|N|000000000000|Y|1|00000095|0|        |95                                                
S|09|009044|1|2|22|1U|3|T|6|3|H|6|3|G|15|T|6|5|M|2|P|L|P|00000000095N|159780|41371951| 71994106|    |      |86|00|011|N|000000000000|Y|1|00000095|0|        |95                                                
S|09|009044|1|3|22|1U|3|T|6|3|H|6|3|G|15|T|6|5|M|2|P|L|P|00000000095N|159780|41371951| 71994106|    |      |86|00|011|N|000000000000|Y|1|00000095|0|        |95                                                
S|09|009044|5|1|22|1U|3|T|6|3|H|6|3|G|15|T|6|5|M|2|P|L|P|00000000095N|159780|41371951| 71994106|    |      |86|00|011|N|000000000000|Y|1|00000095|0|        |95                                                
S|09|009044|5|2|22|1U|3|T|6|3|H|6|3|G|15|T|6|5|M|2|P|L|P|00000000095N|159780|41371951| 71994106|    |      |86|00|011|N|000000000000|Y|1|00000095|0|        |95                                                
S|09|009044|5|3|22|1U|3|T|6|3|H|6|3|G|15|T|6|5|M|2|P|L|P|00000000095N|159780|41371951| 71994106|    |      |86|00|011|N|000000000000|Y|1|00000095|0|        |95                                                
S|09|009045|3|1|22|1U|2|T|4|3|H|4|3|G|15|T|4|5|M|2|P|L|P|00000000691W|      |41558069| 72903023|    |      |98|00|009|Y|00000000X467|Y|1|00000691|0|        |691                                               
S|09|009045|3|2|22|1U|2|T|4|3|H|4|3|G|15|T|4|5|M|2|P|L|P|00000000691W|      |41558069| 72903023|    |      |98|00|009|Y|00000000X467|Y|1|00000691|0|        |691                                               
S|09|009045|7|1|22|1U|2|T|4|3|H|4|3|G|15|T|4|5|M|2|P|L|P|00000000691W|      |41558069| 72903023|    |      |98|00|009|Y|00000000X467|Y|1|00000691|0|        |691                                               
S|09|009045|7|2|22|1U|2|T|4|3|H|4|3|G|15|T|4|5|M|2|P|L|P|00000000691W|      |41558069| 72903023|    |      |98|00|009|Y|00000000X467|Y|1|00000691|0|        |691                                               
S|09|009046|3|1|22|3R|1|T|2|3|H|2|3|G|15|T|2|5|M|2|P|L|P|0000000002AE|      |41465798| 71933182|    |      |98|00|011|N|000000000000|Y|3|0000002A|0|        |2                                                 
S|09|009046|7|1|22|3R|1|T|2|3|H|2|3|G|15|T|2|5|M|2|P|L|P|0000000002AE|      |41465798| 71933182|    |      |98|00|011|N|000000000000|Y|3|0000002A|0|        |2                                                 
S|09|009047|1|1|22|3U|1|T|2|3|H|2|3|G|15|T|2|5|M|2|P|L|P|00000000010N|      |41893897| 72788490|    |      |00|00|003|Y|000000075.09|Y|3|00000010|0|        |10                                                
S|09|009047|5|1|22|3U|1|T|2|3|H|2|3|G|15|T|2|5|M|2|P|L|P|00000000010N|      |41893897| 72788490|    |      |00|00|003|Y|000000075.09|Y|3|00000010|0|        |10                                                
S|09|009048|1|1|22|3U|2|T|4|3|H|4|3|G|15|T|4|5|M|2|P|L|P|00000000015N|114520|41619141| 72742276|    |      |00|00|003|Y|00000000F130|Y|3|00000015|2|00000005|South of Route 9 Southbound on ramp               
S|09|009048|1|2|22|3U|2|T|4|3|H|4|3|G|15|T|4|5|M|2|P|L|P|00000000015N|114520|41619141| 72742276|    |      |00|00|003|Y|00000000F130|Y|3|00000015|2|00000005|South of Route 9 Southbound on ramp               
S|09|009048|5|1|22|3U|2|T|4|3|H|4|3|G|15|T|4|5|M|2|P|L|P|00000000015N|114520|41619141| 72742276|    |      |00|00|003|Y|00000000F130|Y|3|00000015|2|00000005|South of Route 9 Southbound on ramp               
S|09|009048|5|2|22|3U|2|T|4|3|H|4|3|G|15|T|4|5|M|2|P|L|P|00000000015N|114520|41619141| 72742276|    |      |00|00|003|Y|00000000F130|Y|3|00000015|2|00000005|South of Route 9 Southbound on ramp               
S|09|009049|3|1|22|1U|3|T|6|3|H|6|3|G|15|T|6|5|M|2|P|L|P|00000000084E|      |41750043| 72722603|    |      |02|00|003|Y|00000000D296|Y|1|00000084|0|        |84                                                
S|09|009049|3|2|22|1U|3|T|6|3|H|6|3|G|15|T|6|5|M|2|P|L|P|00000000084E|      |41750043| 72722603|    |      |02|00|003|Y|00000000D296|Y|1|00000084|0|        |84                                                
S|09|009049|3|3|22|1U|3|T|6|3|H|6|3|G|15|T|6|5|M|2|P|L|P|00000000084E|      |41750043| 72722603|    |      |02|00|003|Y|00000000D296|Y|1|00000084|0|        |84                                                
S|09|009049|7|1|22|1U|3|T|6|3|H|6|3|G|15|T|6|5|M|2|P|L|P|00000000084E|      |41750043| 72722603|    |      |02|00|003|Y|00000000D296|Y|1|00000084|0|        |84                                                
S|09|009049|7|2|22|1U|3|T|6|3|H|6|3|G|15|T|6|5|M|2|P|L|P|00000000084E|      |41750043| 72722603|    |      |02|00|003|Y|00000000D296|Y|1|00000084|0|        |84                                                
S|09|009049|7|3|22|1U|3|T|6|3|H|6|3|G|15|T|6|5|M|2|P|L|P|00000000084E|      |41750043| 72722603|    |      |02|00|003|Y|00000000D296|Y|1|00000084|0|        |84                                                
S|09|009050|3|1|22|2U|2|T|4|3|H|4|3|G|15|T|4|5|M|2|P|L|P|00000000002E|      |41583739| 72378446|    |      |70|00|011|Y|00000000P231|Y|3|00000002|0|        |2                                                 
S|09|009050|3|2|22|2U|2|T|4|3|H|4|3|G|15|T|4|5|M|2|P|L|P|00000000002E|      |41583739| 72378446|    |      |70|00|011|Y|00000000P231|Y|3|00000002|0|        |2                                                 
S|09|009050|7|1|22|2U|2|T|4|3|H|4|3|G|15|T|4|5|M|2|P|L|P|00000000002E|      |41583739| 72378446|    |      |70|00|011|Y|00000000P231|Y|3|00000002|0|        |2                                                 
S|09|009050|7|2|22|2U|2|T|4|3|H|4|3|G|15|T|4|5|M|2|P|L|P|00000000002E|      |41583739| 72378446|    |      |70|00|011|Y|00000000P231|Y|3|00000002|0|        |2                                                 
S|09|009051|1|1|22|2U|2|T|4|3|H|4|3|G|15|T|4|5|M|2|P|L|P|00000000009N|      |41493970| 72569337|    |      |98|00|007|Y|00000000X131|Y|3|00000009|0|        |9                                                 
S|09|009051|1|2|22|2U|2|T|4|3|H|4|3|G|15|T|4|5|M|2|P|L|P|00000000009N|      |41493970| 72569337|    |      |98|00|007|Y|00000000X131|Y|3|00000009|0|        |9                                                 
S|09|009051|5|1|22|2U|2|T|4|1|H|4|3|G|15|T|4|5|M|2|P|L|P|00000000009N|      |41493970| 72569337|    |      |98|00|007|Y|00000000X131|Y|3|00000009|0|        |9                                                 
S|09|009051|5|2|22|2U|2|T|4|1|H|4|3|G|15|T|4|5|M|2|P|L|P|00000000009N|      |41493970| 72569337|    |      |98|00|007|Y|00000000X131|Y|3|00000009|0|        |9                                                 
S|09|009052|1|0|22|3U|2|T|4|3|H|4|3|D|04|N|0|0| |2|L|L|P|      920666|143900|41322759| 72917403|    |      |71|00|000|N|           0|N|0|        |0|        |New Haven Street- Whitney Avenue- South of Willow 
S|09|009052|1|1|22|3U|2|T|4|3|H|4|3|D|04|N|0|0| |2|L|L|P|      920666|143900|41322759| 72917403|    |      |71|00|000|N|           0|N|0|        |0|        |New Haven Street- Whitney Avenue- South of Willow 
S|09|009052|1|2|22|3U|2|T|4|3|H|4|3|D|04|N|0|0| |2|L|L|P|      920666|143900|41322759| 72917403|    |      |71|00|000|N|           0|N|0|        |0|        |New Haven Street- Whitney Avenue- South of Willow 
S|09|009052|5|0|22|3U|2|T|4|3|H|4|3|D|04|N|0|0| |2|L|L|P|      920666|143900|41322759| 72917403|    |      |71|00|000|N|           0|N|0|        |0|        |New Haven Street- Whitney Avenue- South of Willow 
S|09|009052|5|1|22|3U|2|T|4|3|H|4|3|D|04|N|0|0| |2|L|L|P|      920666|143900|41322759| 72917403|    |      |71|00|000|N|           0|N|0|        |0|        |New Haven Street- Whitney Avenue- South of Willow 
S|09|009052|5|2|22|3U|2|T|4|3|H|4|3|D|04|N|0|0| |2|L|L|P|      920666|143900|41322759| 72917403|    |      |71|00|000|N|           0|N|0|        |0|        |New Haven Street- Whitney Avenue- South of Willow 
S|09|009053|1|1|22|1U|3|T|6|3|H|6|3|G|15|T|6|5|M|2|P|L|P|00000000091N|      |41942744| 72606196|    |      |76|00|003|Y|00000000D031|Y|1|00000091|0|        |91                                                
S|09|009053|1|2|22|1U|3|T|6|3|H|6|3|G|15|T|6|5|M|2|P|L|P|00000000091N|      |41942744| 72606196|    |      |76|00|003|Y|00000000D031|Y|1|00000091|0|        |91                                                
S|09|009053|1|3|22|1U|3|T|6|3|H|6|3|G|15|T|6|5|M|2|P|L|P|00000000091N|      |41942744| 72606196|    |      |76|00|003|Y|00000000D031|Y|1|00000091|0|        |91                                                
S|09|009053|5|1|22|1U|3|T|6|3|H|6|3|G|15|T|6|5|M|2|P|L|P|00000000091N|      |41942744| 72606196|    |      |76|00|003|Y|00000000D031|Y|1|00000091|0|        |91                                                
S|09|009053|5|2|22|1U|3|T|6|3|H|6|3|G|15|T|6|5|M|2|P|L|P|00000000091N|      |41942744| 72606196|    |      |76|00|003|Y|00000000D031|Y|1|00000091|0|        |91                                                
S|09|009053|5|3|22|1U|3|T|6|3|H|6|3|G|15|T|6|5|M|2|P|L|P|00000000091N|      |41942744| 72606196|    |      |76|00|003|Y|00000000D031|Y|1|00000091|0|        |91                                                
S|09|009054|3|1|22|1U|2|T|4|3|H|4|3|G|15|T|4|5|M|2|P|L|P|00000000084E|      |41501714| 73151281|    |      |98|00|009|N|000000000000|Y|1|00000084|0|        |84                                                
S|09|009054|3|2|22|1U|2|T|4|3|H|4|3|G|15|T|4|5|M|2|P|L|P|00000000084E|      |41501714| 73151281|    |      |98|00|009|N|000000000000|Y|1|00000084|0|        |84                                                
S|09|009054|7|1|22|1U|2|T|4|3|H|4|3|G|15|T|4|5|M|2|P|L|P|00000000084E|      |41501714| 73151281|    |      |98|00|009|N|000000000000|Y|1|00000084|0|        |84                                                
S|09|009054|7|2|22|1U|2|T|4|3|H|4|3|G|15|T|4|5|M|2|P|L|P|00000000084E|      |41501714| 73151281|    |      |98|00|009|N|000000000000|Y|1|00000084|0|        |84                                                
S|09|009055|1|1|22|1U|3|T|6|3|H|6|3|G|15|T|6|5|M|2|P|L|P|00000000091N|      |41467217| 72774973|    |      |98|00|009|Y|00000000A187|Y|1|00000091|0|        |91                                                
S|09|009055|1|2|22|1U|3|T|6|3|H|6|3|G|15|T|6|5|M|2|P|L|P|00000000091N|      |41467217| 72774973|    |      |98|00|009|Y|00000000A187|Y|1|00000091|0|        |91                                                
S|09|009055|1|3|22|1U|3|T|6|3|H|6|3|G|15|T|6|5|M|2|P|L|P|00000000091N|      |41467217| 72774973|    |      |98|00|009|Y|00000000A187|Y|1|00000091|0|        |91                                                
S|09|009055|5|1|22|1U|3|T|6|3|H|6|3|G|15|T|6|5|M|2|P|L|P|00000000091N|      |41467217| 72774973|    |      |98|00|009|Y|00000000A187|Y|1|00000091|0|        |91                                                
S|09|009055|5|2|22|1U|3|T|6|3|H|6|3|G|15|T|6|5|M|2|P|L|P|00000000091N|      |41467217| 72774973|    |      |98|00|009|Y|00000000A187|Y|1|00000091|0|        |91                                                
S|09|009055|5|3|22|1U|3|T|6|3|H|6|3|G|15|T|6|5|M|2|P|L|P|00000000091N|      |41467217| 72774973|    |      |98|00|009|Y|00000000A187|Y|1|00000091|0|        |91                                                
S|09|012068|3|1|22|1U|2|T|4|2|H|4|2|G|15|T|4|5|M|1|P|L|P|00000000384E|132170|41784680| 72455226|    |004204|98|00|013|Y|00000000X485|Y|1|00000384|0|        |Between US 44 and Rte 84                          
S|09|012068|3|2|22|1U|2|T|4|2|H|4|2|G|15|T|4|5|M|1|P|L|P|00000000384E|132170|41784680| 72455226|    |004204|98|00|013|Y|00000000X485|Y|1|00000384|0|        |Between US 44 and Rte 84                          
S|09|012068|7|1|22|1U|2|T|4|2|H|4|2|G|15|T|4|5|M|1|P|L|P|00000000384E|132170|41784680| 72455226|    |004204|98|00|013|Y|00000000X485|Y|1|00000384|0|        |Between US 44 and Rte 84                          
S|09|012068|7|2|22|1U|2|T|4|2|H|4|2|G|15|T|4|5|M|1|P|L|P|00000000384E|132170|41784680| 72455226|    |004204|98|00|013|Y|00000000X485|Y|1|00000384|0|        |Between US 44 and Rte 84                          
S|09|030005|3|1|22|3R|1|T|2|3|H|2|3|C|03|N|0|0| |2|A|N|P|00000000066E|491170|41701593| 72302591|    |      |19|00|013|N|000000000000|Y|3|00000066|0|        |Route 66 West of Route 87 Intersection            
S|09|030005|7|1|22|3R|1|T|2|3|H|2|3|C|03|N|0|0| |2|A|N|P|00000000066E|491170|41701593| 72302591|    |      |19|00|013|N|000000000000|Y|3|00000066|0|        |Route 66 West of Route 87 Intersection            
S|09|035185|1|1|22|1U|3|T|3|2|H|3|2|G|15|T|3|5|M|1|P|L|P|00000000095N|167850|41068163| 73497005|    |      |00|00|001|Y|00000000J106|Y|1|00000095|0|        |Between Exits 9-10                                
S|09|035185|1|2|22|1U|3|T|3|2|H|3|2|G|15|T|3|5|M|1|P|L|P|00000000095N|167850|41068163| 73497005|    |      |00|00|001|Y|00000000J106|Y|1|00000095|0|        |Between Exits 9-10                                
S|09|035185|1|3|22|1U|3|T|3|2|H|3|2|G|15|T|3|5|M|1|P|L|P|00000000095N|167850|41068163| 73497005|    |      |00|00|001|Y|00000000J106|Y|1|00000095|0|        |Between Exits 9-10                                
S|09|035185|5|1|22|1U|4|T|4|2|H|4|2|G|15|T|4|5|M|1|P|L|P|00000000095N|167850|41068163| 73497005|    |      |00|00|001|Y|00000000J106|Y|1|00000095|0|        |Between Exits 9-10                                
S|09|035185|5|2|22|1U|4|T|4|2|H|4|2|G|15|T|4|5|M|1|P|L|P|00000000095N|167850|41068163| 73497005|    |      |00|00|001|Y|00000000J106|Y|1|00000095|0|        |Between Exits 9-10                                
S|09|035185|5|3|22|1U|4|T|4|2|H|4|2|G|15|T|4|5|M|1|P|L|P|00000000095N|167850|41068163| 73497005|    |      |00|00|001|Y|00000000J106|Y|1|00000095|0|        |Between Exits 9-10                                
S|09|035185|5|4|22|1U|1|T|4|2|H|4|2|G|15|T|4|5|M|1|P|L|P|00000000095N|167850|41068163| 73497005|    |      |00|00|001|Y|00000000J106|Y|1|00000095|0|        |Between Exits 9-10                                
S|09|042341|3|1|22|1U|4|T|8|2|H|8|2|D|04|N|0|0| |1|L|L|P|00000000084E|101127|41769424| 72663491|    |      |14|00|003|N|000000000000|Y|1|00000084|0|        |At Bulkeley Bridge                                
S|09|042341|3|2|22|1U|4|T|8|2|H|8|2|D|04|N|0|0| |1|L|L|P|00000000084E|101127|41769424| 72663491|    |      |14|00|003|N|000000000000|Y|1|00000084|0|        |At Bulkeley Bridge                                
S|09|042341|3|3|22|1U|4|T|8|2|H|8|2|D|04|N|0|0| |1|L|L|P|00000000084E|101127|41769424| 72663491|    |      |14|00|003|N|000000000000|Y|1|00000084|0|        |At Bulkeley Bridge                                
S|09|042341|3|4|22|1U|4|T|8|2|H|8|2|D|04|N|0|0| |1|L|L|P|00000000084E|101127|41769424| 72663491|    |      |14|00|003|N|000000000000|Y|1|00000084|0|        |At Bulkeley Bridge                                
S|09|042341|7|1|22|1U|4|T|8|2|H|8|2|D|04|N|0|0| |1|L|L|P|00000000084E|101127|41769424| 72663491|    |      |14|00|003|N|000000000000|Y|1|00000084|0|        |At Bulkeley Bridge                                
S|09|042341|7|2|22|1U|4|T|8|2|H|8|2|D|04|N|0|0| |1|L|L|P|00000000084E|101127|41769424| 72663491|    |      |14|00|003|N|000000000000|Y|1|00000084|0|        |At Bulkeley Bridge                                
S|09|042341|7|3|22|1U|4|T|8|2|H|8|2|D|04|N|0|0| |1|L|L|P|00000000084E|101127|41769424| 72663491|    |      |14|00|003|N|000000000000|Y|1|00000084|0|        |At Bulkeley Bridge                                
S|09|042341|7|4|22|1U|4|T|8|2|H|8|2|D|04|N|0|0| |1|L|L|P|00000000084E|101127|41769424| 72663491|    |      |14|00|003|N|000000000000|Y|1|00000084|0|        |At Bulkeley Bridge                                
S|09|042471|7|1|22|1U|1|T|3|2|H|3|3|G|15|T|3|5|M|1|P|L|P|00000000084E|101969|41767064| 72653848|    |008847|99|00|003|N|000000000000|Y|1|00000084|0|        |84                                                
S|09|042471|7|2|22|1U|1|T|3|2|H|3|3|G|15|T|3|5|M|1|P|L|P|00000000084E|101969|41767064| 72653848|    |008847|99|00|003|N|000000000000|Y|1|00000084|0|        |84                                                
S|09|042471|7|3|22|1U|1|T|3|2|H|3|3|G|15|T|3|5|M|1|P|L|P|00000000084E|101969|41767064| 72653848|    |008847|99|00|003|N|000000000000|Y|1|00000084|0|        |84                                                
S|09|042473|3|1|22|2U|2|T|4|3|H|4|2|G|15|T|4|5|M|1|P|L|P|00000000002E|563600|41734407| 72624790|    |008020|00|00|003|N|000000000000|Y|3|00000002|0|        |Between Exits 5B-5C                               
S|09|042473|3|2|22|2U|2|T|4|3|H|4|2|G|15|T|4|5|M|1|P|L|P|00000000002E|563600|41734407| 72624790|    |008020|00|00|003|N|000000000000|Y|3|00000002|0|        |Between Exits 5B-5C                               
S|09|042473|7|1|22|2U|2|T|4|3|H|4|2|G|15|T|4|5|M|1|P|L|P|00000000002E|563600|41734407| 72624790|    |008020|00|00|003|N|000000000000|Y|3|00000002|0|        |Between Exits 5B-5C                               
S|09|042473|7|2|22|2U|2|T|4|3|H|4|2|G|15|T|4|5|M|1|P|L|P|00000000002E|563600|41734407| 72624790|    |008020|00|00|003|N|000000000000|Y|3|00000002|0|        |Between Exits 5B-5C                               
S|09|050303|1|1|22|1U|3|T|6|2|H|6|3|G|15|T|6|5|M|1|P|L|P|00000000095N|423250|41162465| 73240654|    |      |00|00|001|N|000000000000|Y|1|00000095|0|        |Between Exits 23-24                               
S|09|050303|1|2|22|1U|3|T|6|2|H|6|3|G|15|T|6|5|M|1|P|L|P|00000000095N|423250|41162465| 73240654|    |      |00|00|001|N|000000000000|Y|1|00000095|0|        |Between Exits 23-24                               
S|09|050303|1|3|22|1U|3|T|6|2|H|6|3|G|15|T|6|5|M|1|P|L|P|00000000095N|423250|41162465| 73240654|    |      |00|00|001|N|000000000000|Y|1|00000095|0|        |Between Exits 23-24                               
S|09|050303|5|1|22|1U|3|T|6|2|H|6|3|G|15|T|6|5|M|1|P|L|P|00000000095N|423250|41162465| 73240654|    |      |00|00|001|N|000000000000|Y|1|00000095|0|        |Between Exits 23-24                               
S|09|050303|5|2|22|1U|3|T|6|2|H|6|3|G|15|T|6|5|M|1|P|L|P|00000000095N|423250|41162465| 73240654|    |      |00|00|001|N|000000000000|Y|1|00000095|0|        |Between Exits 23-24                               
S|09|050303|5|3|22|1U|3|T|6|2|H|6|3|G|15|T|6|5|M|1|P|L|P|00000000095N|423250|41162465| 73240654|    |      |00|00|001|N|000000000000|Y|1|00000095|0|        |Between Exits 23-24                               
S|09|051189|1|1|22|2U|2|T|4|2|H|4|3|G|15|T|4|5|M|1|P|L|P|00000000009N|642600|41718031| 72770107|    |      |00|00|003|Y|00000051D352|Y|3|00000009|0|        |Between Exits 30-31                               
S|09|051189|1|2|22|2U|2|T|4|2|H|4|3|G|15|T|4|5|M|1|P|L|P|00000000009N|642600|41718031| 72770107|    |      |00|00|003|Y|00000051D352|Y|3|00000009|0|        |Between Exits 30-31                               
S|09|051189|5|1|22|2U|2|T|4|2|H|4|3|G|15|T|4|5|M|1|P|L|P|00000000009N|642600|41718031| 72770107|    |      |00|00|003|Y|00000051D352|Y|3|00000009|0|        |Between Exits 30-31                               
S|09|051189|5|2|22|2U|2|T|4|2|H|4|3|G|15|T|4|5|M|1|P|L|P|00000000009N|642600|41718031| 72770107|    |      |00|00|003|Y|00000051D352|Y|3|00000009|0|        |Between Exits 30-31                               
S|09|051219|3|1|22|1U|1|T|3|3|H|0|2|G|15|T|0|5|M|1|P|L|P|00000000084E|522400|41694133| 72810422|    |004205|98|00|003|N|000000000000|Y|1|00000084|0|        |Between exits 30-31                               
S|09|051219|3|2|22|1U|3|T|3|3|H|0|2|G|15|T|0|5|M|1|P|L|P|00000000084E|522400|41694133| 72810422|    |004205|98|00|003|N|000000000000|Y|1|00000084|0|        |Between exits 30-31                               
S|09|051219|3|3|22|1U|3|T|3|3|H|0|2|G|15|T|0|5|M|1|P|L|P|00000000084E|522400|41694133| 72810422|    |004205|98|00|003|N|000000000000|Y|1|00000084|0|        |Between exits 30-31                               
S|09|051219|7|1|22|1U|3|T|3|3|H|3|2|G|15|T|3|5|M|1|P|L|P|00000000084E|522400|41694133| 72810422|    |004206|98|00|003|N|000000000000|Y|1|00000084|0|        |Between exits 30-31                               
S|09|051219|7|2|22|1U|3|T|3|3|H|3|2|G|15|T|3|5|M|1|P|L|P|00000000084E|522400|41694133| 72810422|    |004206|98|00|003|N|000000000000|Y|1|00000084|0|        |Between exits 30-31                               
S|09|051219|7|3|22|1U|3|T|3|3|H|3|2|G|15|T|3|5|M|1|P|L|P|00000000084E|522400|41694133| 72810422|    |004206|98|00|003|N|000000000000|Y|1|00000084|0|        |Between exits 30-31                               
S|09|053275|3|1|22|2U|2|T|5|2|H|5|2|D|04|N|0|0| |1|L|L|P|00000000002E|835400|       0|        0|    |      |00|00|003|Y|00000000D048|Y|3|00000002|0|        |2                                                 
S|09|053275|3|2|22|2U|2|T|5|2|H|5|2|D|04|N|0|0| |1|L|L|P|00000000002E|835400|       0|        0|    |      |00|00|003|Y|00000000D048|Y|3|00000002|0|        |2                                                 
S|09|053275|7|1|22|2U|3|T|5|2|H|5|2|D|04|N|0|0| |1|L|L|P|00000000002E|835400|       0|        0|    |      |00|00|003|Y|00000000D048|Y|3|00000002|0|        |2                                                 
S|09|053275|7|2|22|2U|3|T|5|2|H|5|2|D|04|N|0|0| |1|L|L|P|00000000002E|835400|       0|        0|    |      |00|00|003|Y|00000000D048|Y|3|00000002|0|        |2                                                 
S|09|053275|7|3|22|2U|3|T|5|2|H|5|2|D|04|N|0|0| |1|L|L|P|00000000002E|835400|       0|        0|    |      |00|00|003|Y|00000000D048|Y|3|00000002|0|        |2                                                 
S|09|056587|1|1|22|2U|2|T|4|2|H|4|2|D|04|N|0|0| |1|L|L|P|00000000015N|248000|41057229| 73675044|    |      |00|00|001|Y|00000000J021|Y|3|00000015|0|        |At New York State Line                            
S|09|056587|1|2|22|2U|2|T|4|2|H|4|2|D|04|N|0|0| |1|L|L|P|00000000015N|248000|41057229| 73675044|    |      |00|00|001|Y|00000000J021|Y|3|00000015|0|        |At New York State Line                            
S|09|056587|5|1|22|2U|1|T|4|2|H|4|2|D|04|N|0|0| |1|L|L|P|00000000015N|248000|41057229| 73675044|    |      |00|00|001|Y|00000000J021|Y|3|00000015|0|        |At New York State Line                            
S|09|056587|5|2|22|2U|2|T|4|2|H|4|2|D|04|N|0|0| |1|L|L|P|00000000015N|248000|41057229| 73675044|    |      |00|00|001|Y|00000000J021|Y|3|00000015|0|        |At New York State Line                            
S|09|058089|1|0|22|3U|2|T|5|3|H|5|3|C|03|N|0|0| |1|V|N|P|00000000012N|  2830|41386871| 72078789|    |      |19|00|011|N|000000000000|Y|3|00000012|0|        |North of Gungywamp Road                           
S|09|058089|5|0|22|3U|3|T|5|3|H|5|3|C|03|N|0|0| |1|V|N|P|00000000012N|  2830|41386871| 72078789|    |      |19|00|011|N|000000000000|Y|3|00000012|0|        |North of Gungywamp Road                           
S|09|063698|1|1|22|1U|4|T|4|2|H|4|2|G|15|T|4|5|M|1|P|L|P|00000000091N|649660|41794398| 72654984|    |      |00|00|003|N|000000000000|Y|1|00000091|0|        |I91 Hartford between exits 33-34                  
S|09|063698|1|2|22|1U|4|T|4|2|H|4|2|G|15|T|4|5|M|1|P|L|P|00000000091N|649660|41794398| 72654984|    |      |00|00|003|N|000000000000|Y|1|00000091|0|        |I91 Hartford between exits 33-34                  
S|09|063698|1|3|22|1U|4|T|4|2|H|4|2|G|15|T|4|5|M|1|P|L|P|00000000091N|649660|41794398| 72654984|    |      |00|00|003|N|000000000000|Y|1|00000091|0|        |I91 Hartford between exits 33-34                  
S|09|063698|1|4|22|1U|4|T|4|2|H|4|2|G|15|T|4|5|M|1|P|L|P|00000000091N|649660|41794398| 72654984|    |      |00|00|003|N|000000000000|Y|1|00000091|0|        |I91 Hartford between exits 33-34                  
S|09|063698|5|1|22|1U|4|T|4|2|H|4|2|G|15|T|4|5|M|1|P|L|P|00000000091N|649660|41794398| 72654984|    |      |00|00|003|N|000000000000|Y|1|00000091|0|        |I91 Hartford between exits 33-34                  
S|09|063698|5|2|22|1U|4|T|4|2|H|4|2|G|15|T|4|5|M|1|P|L|P|00000000091N|649660|41794398| 72654984|    |      |00|00|003|N|000000000000|Y|1|00000091|0|        |I91 Hartford between exits 33-34                  
S|09|063698|5|3|22|1U|4|T|4|2|H|4|2|G|15|T|4|5|M|1|P|L|P|00000000091N|649660|41794398| 72654984|    |      |00|00|003|N|000000000000|Y|1|00000091|0|        |I91 Hartford between exits 33-34                  
S|09|063698|5|4|22|1U|4|T|4|2|H|4|2|G|15|T|4|5|M|1|P|L|P|00000000091N|649660|41794398| 72654984|    |      |00|00|003|N|000000000000|Y|1|00000091|0|        |I91 Hartford between exits 33-34                  
S|09|063720|5|1|22|1U|1|T|1|2|H|1|2|D|04|N|0|0| |1|L|L|P|0000091S-832|246000|41746932| 72660625|    |      |00|00|003|N|000000000000|Y|1|00000091|0|        |I-91 SB on ramp from Route 15 SB Mainline -Exit 86
S|09|063721|1|1|22|2U|2|T|2|2|H|2|2|D|04|N|0|0| |1|L|L|P|00000000015N|130719|41745354| 72660543|    |      |00|00|003|N|000000000000|Y|3|00000015|1|        |On Ramp to I-91 NB from Route 15 NB               
S|09|063721|1|2|22|2U|2|T|2|2|H|2|2|D|04|N|0|0| |1|L|L|P|00000000015N|130719|41745354| 72660543|    |      |00|00|003|N|000000000000|Y|3|00000015|1|        |On Ramp to I-91 NB from Route 15 NB               
S|09|063729|5|1|22|2U|2|T|2|2|H|2|3|D|04|N|0|0| |1|L|L|P|00000000015S|130776|41746642| 72660540|    |      |00|00|003|N|000000000000|Y|3|00000015|0|        |Mainline 15 After Exit to I-91 SB (Exit 86)       
S|09|063729|5|2|22|2U|2|T|2|2|H|2|3|D|04|N|0|0| |1|L|L|P|00000000015S|130776|41746642| 72660540|    |      |00|00|003|N|000000000000|Y|3|00000015|0|        |Mainline 15 After Exit to I-91 SB (Exit 86)       
S|09|063730|1|1|22|2U|2|T|2|2|H|2|2|D|04|N|0|0| |1|L|L|P|00000000015N|130719|41745343| 72660641|    |      |00|00|003|N|000000000000|Y|3|00000015|0|        |Mainline 15 At Split with I-91 NB                 
S|09|063730|1|2|22|2U|2|T|2|2|H|2|2|D|04|N|0|0| |1|L|L|P|00000000015N|130719|41745343| 72660641|    |      |00|00|003|N|000000000000|Y|3|00000015|0|        |Mainline 15 At Split with I-91 NB                 
S|09|065083|1|1|22|2R|2|T|4|2|H|4|2|G|15|T|4|5|M|1|P|L|P|00000000008N|730080|41742567| 73112800|    |      |00|00|005|N|000000000000|Y|3|00000008|0|        |Between Exits 41-42                               
S|09|065083|1|2|22|2R|2|T|4|2|H|4|2|G|15|T|4|5|M|1|P|L|P|00000000008N|730080|41742567| 73112800|    |      |00|00|005|N|000000000000|Y|3|00000008|0|        |Between Exits 41-42                               
S|09|065083|5|1|22|2R|2|T|4|2|H|4|2|G|15|T|4|5|M|1|P|L|P|00000000008N|730080|41742567| 73112800|    |      |00|00|005|N|000000000000|Y|3|00000008|0|        |Between Exits 41-42                               
S|09|065083|5|2|22|2R|2|T|4|2|H|4|2|G|15|T|4|5|M|1|P|L|P|00000000008N|730080|41742567| 73112800|    |      |00|00|005|N|000000000000|Y|3|00000008|0|        |Between Exits 41-42                               
S|09|075113|1|1|22|1U|2|T|4|2|H|4|2|G|15|T|4|5|M|1|P|L|P|00000000095N|101370|41288465| 72635949|    |      |00|00|009|N|000000000000|Y|1|00000095|0|        |Between Exits 59-60                               
S|09|075113|1|2|22|1U|2|T|4|2|H|4|2|G|15|T|4|5|M|1|P|L|P|00000000095N|101370|41288465| 72635949|    |      |00|00|009|N|000000000000|Y|1|00000095|0|        |Between Exits 59-60                               
S|09|075113|5|1|22|1U|2|T|4|3|H|4|3|F|15|T|4|5|M|1|P|L|P|00000000095N|101370|41288465| 72635949|    |      |00|00|009|N|000000000000|Y|1|00000095|0|        |Between Exits 59-60                               
S|09|075113|5|2|22|1U|2|T|4|3|H|4|3|F|15|T|4|5|M|1|P|L|P|00000000095N|101370|41288465| 72635949|    |      |00|00|009|N|000000000000|Y|1|00000095|0|        |Between Exits 59-60                               
S|09|076419|7|1|22|1U|4|T|8|2|H|8|3|G|15|B|8|5|M|1|P|L|P|00000000384E|274600|41764770| 72557323|    |008380|00|00|003|Y|00000076D079|Y|1|00000384|0|        |Between Exit 1-2                                  
S|09|076419|7|2|22|1U|4|T|8|2|H|8|3|G|15|B|8|5|M|1|P|L|P|00000000384E|274600|41764770| 72557323|    |008380|00|00|003|Y|00000076D079|Y|1|00000384|0|        |Between Exit 1-2                                  
S|09|076419|7|3|22|1U|4|T|8|2|H|8|3|G|15|B|8|5|M|1|P|L|P|00000000384E|274600|41764770| 72557323|    |008380|00|00|003|Y|00000076D079|Y|1|00000384|0|        |Between Exit 1-2                                  
S|09|076419|7|4|22|1U|4|T|8|2|H|8|3|G|15|B|8|5|M|1|P|L|P|00000000384E|274600|41764770| 72557323|    |008380|00|00|003|Y|00000076D079|Y|1|00000384|0|        |Between Exit 1-2                                  
S|09|079413|1|1|22|2U|2|T|4|2|H|4|2|D|04|N|0|0| |1|L|L|P|00000000015N|103102|41523129| 72770368|    |      |00|00|009|N|000000000000|Y|3|00000015|0|        |South of Off Ramp to I-91 SB                      
S|09|079413|1|2|22|2U|2|T|4|2|H|4|2|D|04|N|0|0| |1|L|L|P|00000000015N|103102|41523129| 72770368|    |      |00|00|009|N|000000000000|Y|3|00000015|0|        |South of Off Ramp to I-91 SB                      
S|09|079413|5|1|22|2U|2|T|4|2|H|4|2|D|04|N|0|0| |1|L|L|P|00000000015N|103102|41523129| 72770368|    |      |00|00|009|N|000000000000|Y|3|00000015|0|        |South of Off Ramp to I-91 SB                      
S|09|079413|5|2|22|2U|2|T|4|2|H|4|2|D|04|N|0|0| |1|L|L|P|00000000015N|103102|41523129| 72770368|    |      |00|00|009|N|000000000000|Y|3|00000015|0|        |South of Off Ramp to I-91 SB                      
S|09|082121|3|0|22|3U|3|T|5|3|H|5|3|C|03|N|0|0| |2|A|N|P|00000000066E|982300|41558866| 72661602|    |      |19|00|007|N|000000000000|Y|3|00000066|0|        |Route 66 West of Route 3                          
S|09|082121|7|0|22|3U|2|T|5|3|H|5|3|C|03|N|0|0| |2|A|N|P|00000000066E|982300|41558866| 72661602|    |      |19|00|007|N|000000000000|Y|3|00000066|0|        |Route 66 West of Route 3                          
S|09|082123|3|0|22|3U|2|T|5|3|H|5|3|C|03|N|0|0| |1|A|N|P|00000000066E|988900|41559076| 72660604|    |      |19|00|007|N|000000000000|Y|3|00000066|0|        |Route 66 Mainline East of Route 3                 
S|09|082123|7|0|22|3U|3|T|5|3|H|5|3|C|03|N|0|0| |1|A|N|P|00000000066E|988900|41559076| 72660604|    |      |19|00|007|N|000000000000|Y|3|00000066|0|        |Route 66 Mainline East of Route 3                 
S|09|082376|1|1|22|2U|3|T|6|2|H|6|2|D|04|N|0|0| |1|L|L|P|00000000009N|384640|41562676| 72647566|    |      |00|00|007|N|000000000000|Y|3|00000009|0|        |Between Exits 14 and 15                           
S|09|082376|1|2|22|2U|3|T|6|2|H|6|2|D|04|N|0|0| |1|L|L|P|00000000009N|384640|41562676| 72647566|    |      |00|00|007|N|000000000000|Y|3|00000009|0|        |Between Exits 14 and 15                           
S|09|082376|1|3|22|2U|3|T|6|2|H|6|2|D|04|N|0|0| |1|L|L|P|00000000009N|384640|41562676| 72647566|    |      |00|00|007|N|000000000000|Y|3|00000009|0|        |Between Exits 14 and 15                           
S|09|082376|5|1|22|2U|3|T|6|2|H|6|2|D|04|N|0|0| |1|L|L|P|00000000009N|384640|41562676| 72647566|    |      |00|00|007|N|000000000000|Y|3|00000009|0|        |Between Exits 14 and 15                           
S|09|082376|5|2|22|2U|3|T|6|2|H|6|2|D|04|N|0|0| |1|L|L|P|00000000009N|384640|41562676| 72647566|    |      |00|00|007|N|000000000000|Y|3|00000009|0|        |Between Exits 14 and 15                           
S|09|082376|5|3|22|2U|3|T|6|2|H|6|2|D|04|N|0|0| |1|L|L|P|00000000009N|384640|41562676| 72647566|    |      |00|00|007|N|000000000000|Y|3|00000009|0|        |Between Exits 14 and 15                           
S|09|082377|1|1|22|3U|3|T|6|2|H|6|2|D|04|N|0|0| |1|L|L|P|00000000009N|387540|41565061| 72649117|    |      |00|00|007|Y|00000000D356|Y|3|00000009|0|        |Between Exits 15-16                               
S|09|082377|1|2|22|3U|3|T|6|2|H|6|2|D|04|N|0|0| |1|L|L|P|00000000009N|387540|41565061| 72649117|    |      |00|00|007|Y|00000000D356|Y|3|00000009|0|        |Between Exits 15-16                               
S|09|082377|1|3|22|3U|3|T|6|2|H|6|2|D|04|N|0|0| |1|L|L|P|00000000009N|387540|41565061| 72649117|    |      |00|00|007|Y|00000000D356|Y|3|00000009|0|        |Between Exits 15-16                               
S|09|082377|5|1|22|3U|3|T|6|2|H|6|2|D|04|N|0|0| |1|L|L|P|00000000009N|387540|41565061| 72649117|    |      |00|00|007|Y|00000000D356|Y|3|00000009|0|        |Between Exits 15-16                               
S|09|082377|5|2|22|3U|3|T|6|2|H|6|2|D|04|N|0|0| |1|L|L|P|00000000009N|387540|41565061| 72649117|    |      |00|00|007|Y|00000000D356|Y|3|00000009|0|        |Between Exits 15-16                               
S|09|082377|5|3|22|3U|3|T|6|2|H|6|2|D|04|N|0|0| |1|L|L|P|00000000009N|387540|41565061| 72649117|    |      |00|00|007|Y|00000000D356|Y|3|00000009|0|        |Between Exits 15-16                               
S|09|085186|1|1|22|1U|2|T|2|3|H|2|3|G|15|T|2|4|M|1|P|L|P|00000000395N|146670|41481670| 72116135|    |      |00|00|011|Y|00000000H282|Y|1|00000395|0|        |395                                               
S|09|085186|1|2|22|1U|1|T|2|3|H|2|3|G|15|T|2|4|M|1|P|L|P|00000000395N|146670|41481670| 72116135|    |      |00|00|011|Y|00000000H282|Y|1|00000395|0|        |395                                               
S|09|085186|5|1|22|1U|1|T|2|3|H|2|3|G|15|T|2|4|M|1|P|L|P|00000000395N|146670|41481670| 72116135|    |      |00|00|011|Y|00000000H282|Y|1|00000395|0|        |395                                               
S|09|085186|5|2|22|1U|1|T|2|3|H|2|3|G|15|T|2|4|M|1|P|L|P|00000000395N|146670|41481670| 72116135|    |      |00|00|011|Y|00000000H282|Y|1|00000395|0|        |395                                               
S|09|088494|1|1|22|2U|2|T|4|2|H|4|3|D|04|N|0|0| |1|L|L|P|00000000009N|577430|41667884| 72773598|    |      |00|00|003|N|000000000000|Y|3|00000009|0|        |Route 9 Mainline- At Route 72 Southern Junction   
S|09|088494|1|2|22|2U|2|T|4|2|H|4|3|D|04|N|0|0| |1|L|L|P|00000000009N|577430|41667884| 72773598|    |      |00|00|003|N|000000000000|Y|3|00000009|0|        |Route 9 Mainline- At Route 72 Southern Junction   
S|09|088494|5|1|22|2U|2|T|4|2|H|4|3|D|04|N|0|0| |1|V|L|P|00000000009N|577430|41667884| 72773598|    |      |00|00|003|N|000000000000|Y|3|00000009|0|        |Route 9 Mainline- At Route 72 Southern Junction   
S|09|088494|5|2|22|2U|2|T|4|2|H|4|3|D|04|N|0|0| |1|V|L|P|00000000009N|577430|41667884| 72773598|    |      |00|00|003|N|000000000000|Y|3|00000009|0|        |Route 9 Mainline- At Route 72 Southern Junction   
S|09|088504|5|1|22|2U|2|T|2|3|N|0|3|C|01|N|0|0| |2|A|N|P|00000000072S|      |41667304| 72774180|    |      |00|00|003|N|000000000000|Y|3|00000072|0|        |Route 72 SB Mainline- to Route 9 SB Mainline      
S|09|088504|5|2|22|2U|2|T|2|3|N|0|3|C|01|N|0|0| |2|A|N|P|00000000072S|      |41667304| 72774180|    |      |00|00|003|N|000000000000|Y|3|00000072|0|        |Route 72 SB Mainline- to Route 9 SB Mainline      
S|09|088505|1|1|22|2U|2|T|2|2|N|0|3|F|01|N|0|0| |1|L|N|P|00000000072N|      |41668106| 72773227|    |      |00|00|003|N|000000000000|Y|3|00000072|0|        |Route 72 NB Mainline- From Route 9 NB             
S|09|088505|1|2|22|2U|2|T|2|2|N|0|3|F|01|N|0|0| |1|L|N|P|00000000072N|      |41668106| 72773227|    |      |00|00|003|N|000000000000|Y|3|00000072|0|        |Route 72 NB Mainline- From Route 9 NB             
S|09|100201|1|1|22|1U|4|T|4|2|H|4|3|G|15|T|4|5|M|1|P|L|P|00000000091N|589900|41335307| 72875425|    |      |00|00|009|Y|00000000G182|Y|1|00000091|0|        |I-91 North Haven Between exits 8-9                
S|09|100201|1|2|22|1U|4|T|4|2|H|4|3|G|15|T|4|5|M|1|P|L|P|00000000091N|589900|41335307| 72875425|    |      |00|00|009|Y|00000000G182|Y|1|00000091|0|        |I-91 North Haven Between exits 8-9                
S|09|100201|1|3|22|1U|4|T|4|2|H|4|3|G|15|T|4|5|M|1|P|L|P|00000000091N|589900|41335307| 72875425|    |      |00|00|009|Y|00000000G182|Y|1|00000091|0|        |I-91 North Haven Between exits 8-9                
S|09|100201|1|4|22|1U|4|T|4|2|H|4|3|G|15|T|4|5|M|1|P|L|P|00000000091N|589900|41335307| 72875425|    |      |00|00|009|Y|00000000G182|Y|1|00000091|0|        |I-91 North Haven Between exits 8-9                
S|09|100201|5|1|22|1U|4|T|4|2|N|0|3|G|15|N|0|5|M|1|L|N|P|00000000091N|589900|41335307| 72875425|    |      |00|00|009|Y|00000000G182|Y|1|00000091|0|        |I-91 North Haven Between exits 8-9                
S|09|100201|5|2|22|1U|4|T|4|2|N|0|3|G|15|N|0|5|M|1|L|N|P|00000000091N|589900|41335307| 72875425|    |      |00|00|009|Y|00000000G182|Y|1|00000091|0|        |I-91 North Haven Between exits 8-9                
S|09|100201|5|3|22|1U|4|T|4|2|N|0|3|G|15|N|0|5|M|1|L|N|P|00000000091N|589900|41335307| 72875425|    |      |00|00|009|Y|00000000G182|Y|1|00000091|0|        |I-91 North Haven Between exits 8-9                
S|09|100201|5|4|22|1U|4|T|4|2|N|0|3|G|15|N|0|5|M|1|L|N|P|00000000091N|589900|41335307| 72875425|    |      |00|00|009|Y|00000000G182|Y|1|00000091|0|        |I-91 North Haven Between exits 8-9                
S|09|101136|1|1|22|1U|2|T|2|2|H|2|2|D|04|N|0|0| |1|X|N|P|00000000095N|179532|41442332| 71796722|    |      |00|00|011|N|000000000000|Y|1|00000095|0|        |Interstate 95 Connecticut and Rhode Island Border 
S|09|101136|1|2|22|1U|2|T|2|2|H|2|2|D|04|N|0|0| |1|X|N|P|00000000095N|179532|41442332| 71796722|    |      |00|00|011|N|000000000000|Y|1|00000095|0|        |Interstate 95 Connecticut and Rhode Island Border 
S|09|101136|5|1|22|1U|2|T|2|2|H|2|2|D|04|N|0|0| |1|X|N|P|00000000095N|179532|41442332| 71796722|    |      |00|00|011|N|000000000000|Y|1|00000095|0|        |Interstate 95 Connecticut and Rhode Island Border 
S|09|101136|5|2|22|1U|2|T|2|2|H|2|2|D|04|N|0|0| |1|X|N|P|00000000095N|179532|41442332| 71796722|    |      |00|00|011|N|000000000000|Y|1|00000095|0|        |Interstate 95 Connecticut and Rhode Island Border 
S|09|108146|1|1|22|1U|2|T|2|3|N|0|3|F|01|N|0|0| |1|L|N|P|00000000395N| 52910|41728891| 71889352|    |      |00|00|015|Y|000000000000|Y|1|00000395|0|        |Between Exits 32-35                               
S|09|108146|1|2|22|1U|2|T|2|3|N|0|3|F|01|N|0|0| |1|L|N|P|00000000395N| 52910|41728891| 71889352|    |      |00|00|015|Y|000000000000|Y|1|00000395|0|        |Between Exits 32-35                               
S|09|108146|5|1|22|1U|2|T|2|3|N|0|3|F|01|N|0|0| |1|L|N|P|00000000395N| 52910|41728891| 71889352|    |      |00|00|015|Y|000000000000|Y|1|00000395|0|        |Between Exits 32-35                               
S|09|108146|5|2|22|1U|2|T|2|3|N|0|3|F|01|N|0|0| |1|L|N|P|00000000395N| 52910|41728891| 71889352|    |      |00|00|015|Y|000000000000|Y|1|00000395|0|        |Between Exits 32-35                               
S|09|109162|7|1|22|1U|1|T|3|3|H|3|2|D|04|N|0|0| |1|L|L|P|00000000072N|794860|41670341| 72841928|    |      |05|00|003|Y|00000000F169|Y|1|00000084|0|        |At Route 72 NB split                              
S|09|109162|7|2|22|1U|3|T|3|3|H|3|2|D|04|N|0|0| |1|L|L|P|00000000072N|794860|41670341| 72841928|    |      |05|00|003|Y|00000000F169|Y|1|00000084|0|        |At Route 72 NB split                              
S|09|109162|7|3|22|1U|3|T|3|3|H|3|2|D|04|N|0|0| |1|L|L|P|00000000072N|794860|41670341| 72841928|    |      |05|00|003|Y|00000000F169|Y|1|00000084|0|        |At Route 72 NB split                              
S|09|109163|3|0|22|2U|1|T|3|3|N|0|3|F|01|N|0|0| |1|A|N|P|00000000084E|795010|41669785| 72841675|    |      |17|00|003|Y|00000000F169|Y|0|        |0|        |I 84                                              
S|09|116443|1|1|22|1U|3|N|3|3|N|3|3|M|13|T|3|5|T|1|Q|L|P|000000000000|483000|41901042| 72637230|6000|008916|02|01|003|N|            |Y|1|00000091|0|        |WINDSOR,ATTHE RT.20 OVERPASS Mi Pt. 48.300        
S|09|116443|1|2|22|1U|3|N|3|3|N|3|3|M|13|T|3|5|T|1|Q|L|P|000000000000|483000|41901042| 72637230|6000|008916|02|01|003|N|            |Y|1|00000091|0|        |WINDSOR,ATTHE RT.20 OVERPASS Mi Pt. 48.300        
S|09|116443|1|3|22|1U|3|N|3|3|N|3|3|M|13|T|3|5|T|1|Q|L|P|000000000000|483000|41901042| 72637230|6000|008916|02|01|003|N|            |Y|1|00000091|0|        |WINDSOR,ATTHE RT.20 OVERPASS Mi Pt. 48.300        
S|09|131227|3|1|22|1U|1|N|3|3|N|0|3|G|15|N|0|0| |1|P|L|P|00000000084E|703280|41603366| 72902395|    |      |00|00|003|Y|00000000F081|Y|1|00000084|0|        |Between Exits 30-31                               
S|09|131227|3|2|22|1U|3|N|3|3|N|0|3|G|15|N|0|0| |1|P|L|P|00000000084E|703280|41603366| 72902395|    |      |00|00|003|Y|00000000F081|Y|1|00000084|0|        |Between Exits 30-31                               
S|09|131227|3|3|22|1U|3|N|3|3|N|0|3|G|15|N|0|0| |1|P|L|P|00000000084E|703280|41603366| 72902395|    |      |00|00|003|Y|00000000F081|Y|1|00000084|0|        |Between Exits 30-31                               
S|09|131227|7|1|22|1U|3|T|3|2|H|3|2|G|15|T|3|5|M|1|P|L|P|00000000084E|703280|41603366| 72902395|    |      |00|00|003|Y|00000000F081|Y|1|00000084|0|        |Between Exits 30-31                               
S|09|131227|7|2|22|1U|3|T|3|2|H|3|2|G|15|T|3|5|M|1|P|L|P|00000000084E|703280|41603366| 72902395|    |      |00|00|003|Y|00000000F081|Y|1|00000084|0|        |Between Exits 30-31                               
S|09|131227|7|3|22|1U|3|T|3|2|H|3|2|G|15|T|3|5|M|1|P|L|P|00000000084E|703280|41603366| 72902395|    |      |00|00|003|Y|00000000F081|Y|1|00000084|0|        |Between Exits 30-31                               
S|09|131229|3|1|22|1U|3|T|6|2|N|0|2|A|01|N|0|0| |1|L|N|P|00000000084E|758800|41645567| 72860988|    |      |00|00|003|N|000000000000|Y|1|00000084|0|        |Between Exits 32-33                               
S|09|131229|3|2|22|1U|3|T|6|2|N|0|2|A|01|N|0|0| |1|L|N|P|00000000084E|758800|41645567| 72860988|    |      |00|00|003|N|000000000000|Y|1|00000084|0|        |Between Exits 32-33                               
S|09|131229|3|3|22|1U|3|T|6|2|N|0|2|A|01|N|0|0| |1|L|N|P|00000000084E|758800|41645567| 72860988|    |      |00|00|003|N|000000000000|Y|1|00000084|0|        |Between Exits 32-33                               
S|09|131229|7|1|22|1U|3|T|6|2|N|0|2|A|01|N|0|0| |1|L|N|P|00000000084E|758800|41645567| 72860988|    |      |00|00|003|N|000000000000|Y|1|00000084|0|        |Between Exits 32-33                               
S|09|131229|7|2|22|1U|3|T|6|2|N|0|2|A|01|N|0|0| |1|L|N|P|00000000084E|758800|41645567| 72860988|    |      |00|00|003|N|000000000000|Y|1|00000084|0|        |Between Exits 32-33                               
S|09|131229|7|3|22|1U|3|T|6|2|N|0|2|A|01|N|0|0| |1|L|N|P|00000000084E|758800|41645567| 72860988|    |      |00|00|003|N|000000000000|Y|1|00000084|0|        |Between Exits 32-33                               
S|09|132164|3|1|22|1U|2|T|4|3|H|4|3|G|15|T|4|5|M|1|P|L|P|00000000291E|732700|41801333| 72584374|    |004323|99|00|003|N|000000000000|Y|1|00000291|0|        |Between Exits 4-5                                 
S|09|132164|3|2|22|1U|1|T|4|3|H|4|3|G|15|T|4|5|M|1|P|L|P|00000000291E|732700|41801333| 72584374|    |004323|99|00|003|N|000000000000|Y|1|00000291|0|        |Between Exits 4-5                                 
S|09|132164|7|1|22|1U|2|T|4|3|H|4|3|G|15|T|4|5|M|1|P|L|P|00000000291E|732700|41801333| 72584374|    |004323|99|00|003|N|000000000000|Y|1|00000291|0|        |Between Exits 4-5                                 
S|09|132164|7|2|22|1U|2|T|4|3|H|4|3|G|15|T|4|5|M|1|P|L|P|00000000291E|732700|41801333| 72584374|    |004324|99|00|003|N|000000000000|Y|1|00000291|0|        |Between Exits 4-5                                 
S|09|141137|1|1|22|1U|2|T|4|2|H|4|2|F|15|N|0|0| |1|P|L|P|00000000395N| 87789|42022310| 71860378|    |      |97|00|015|N|000000000000|Y|1|00000395|0|        |At Massachusetts State Line                       
S|09|141137|1|2|22|1U|2|T|4|2|H|4|2|F|15|N|0|0| |1|P|L|P|00000000395N| 87789|42022310| 71860378|    |      |97|00|015|N|000000000000|Y|1|00000395|0|        |At Massachusetts State Line                       
S|09|141137|5|1|22|1U|2|T|4|2|H|4|2|F|15|N|0|0| |1|P|L|P|00000000395N| 87789|42022310| 71860378|    |      |97|00|015|N|000000000000|Y|1|00000395|0|        |At Massachusetts State Line                       
S|09|141137|5|2|22|1U|2|T|4|2|H|4|2|F|15|N|0|0| |1|P|L|P|00000000395N| 87789|42022310| 71860378|    |      |97|00|015|N|000000000000|Y|1|00000395|0|        |At Massachusetts State Line                       
S|09|144209|1|1|22|2U|2|T|4|2|H|4|2|D|04|N|0|0| |1|L|L|P|00000000008N|  8191|41228345| 73161570|    |      |00|00|001|N|000000000000|Y|3|00000008|0|        |At off ramp to Rt 108                             
S|09|144209|1|2|22|2U|2|T|2|2|H|2|2|D|04|N|0|0| |1|L|L|P|00000000008N|  8191|41228345| 73161570|    |      |00|00|001|N|000000000000|Y|3|00000008|0|        |At off ramp to Rt 108                             
S|09|144209|5|1|22|2U|2|T|2|2|H|2|2|D|04|N|0|0| |1|L|L|P|00000000008N|  8191|41228345| 73161570|    |      |00|00|001|N|000000000000|Y|3|00000008|0|        |At off ramp to Rt 108                             
S|09|144209|5|2|22|2U|2|T|2|2|H|2|2|D|04|N|0|0| |1|L|L|P|00000000008N|  8191|41228345| 73161570|    |      |00|00|001|N|000000000000|Y|3|00000008|0|        |At off ramp to Rt 108                             
S|09|144210|1|1|22|2U|2|T|2|2|H|2|2|D|04|N|0|0| |1|L|L|P|00000000008N| 10113|41242978| 73151192|    |      |00|00|001|N|000000000000|Y|3|00000008|0|        |South of on ramp from Rt 15 NB and SB             
S|09|144210|1|2|22|2U|2|T|2|2|H|2|2|D|04|N|0|0| |1|L|L|P|00000000008N| 10113|41242978| 73151192|    |      |00|00|001|N|000000000000|Y|3|00000008|0|        |South of on ramp from Rt 15 NB and SB             
S|09|151837|3|0|22|1U|1|T|2|3|H|0|3|C|03|N|0|0| |1|A|N|P|00000000084E|548060|41542274| 73023190|    |      |19|00|009|N|000000000000|Y|1|00000084|0|        |At Route 69 (Hamilton Avenue) Overpass            
S|09|151837|7|0|22|1U|1|T|2|3|H|0|3|C|03|N|0|0| |1|A|N|P|00000000084E|548060|41542274| 73023190|    |      |19|00|009|N|000000000000|Y|1|00000084|0|        |At Route 69 (Hamilton Avenue) Overpass            
S|09|159264|1|1|22|3U|2|T|4|3|H|4|2|D|04|N|0|0| |1|L|L|P|00000000015N|126850|41717408| 72683918|    |      |00|00|003|N|000000000000|Y|3|00000015|0|        |Between Berlin Turnpike and Rt 99                 
S|09|159264|1|2|22|3U|1|T|4|3|H|4|2|D|04|N|0|0| |1|L|L|P|00000000015N|126850|41717408| 72683918|    |      |00|00|003|N|000000000000|Y|3|00000015|0|        |Between Berlin Turnpike and Rt 99                 
S|09|159264|5|1|22|3U|2|T|4|3|H|4|2|D|04|N|0|0| |1|L|L|P|00000000015N|126850|41717408| 72683918|    |      |00|00|003|N|000000000000|Y|3|00000015|0|        |Between Berlin Turnpike and Rt 99                 
S|09|159264|5|2|22|3U|2|T|4|3|H|4|2|D|04|N|0|0| |1|L|L|P|00000000015N|126850|41717408| 72683918|    |      |00|00|003|N|000000000000|Y|3|00000015|0|        |Between Berlin Turnpike and Rt 99                 
S|09|164279|1|1|22|1U|3|T|7|2|H|7|2|G|15|T|7|5|M|1|P|L|P|00000000091N|780940|41898716| 72639184|    |004343|02|00|003|N|000000000000|Y|1|00000091|0|        |At route 20 overpass                              
S|09|164279|1|2|22|1U|3|T|7|2|H|7|2|G|15|T|7|5|M|1|P|L|P|00000000091N|780940|41898716| 72639184|    |004343|02|00|003|N|000000000000|Y|1|00000091|0|        |At route 20 overpass                              
S|09|164279|1|3|22|1U|3|T|7|2|H|7|2|G|15|T|7|5|M|1|P|L|P|00000000091N|780940|41898716| 72639184|    |004343|02|00|003|N|000000000000|Y|1|00000091|0|        |At route 20 overpass                              
S|09|164279|5|1|22|1U|4|T|7|2|H|7|2|G|15|T|7|5|M|1|P|L|P|00000000091N|780940|41898716| 72639184|    |004344|02|00|003|N|000000000000|Y|1|00000091|0|        |At route 20 overpass                              
S|09|164279|5|2|22|1U|4|T|7|2|H|7|2|G|15|T|7|5|M|1|P|L|P|00000000091N|780940|41898716| 72639184|    |004344|02|00|003|N|000000000000|Y|1|00000091|0|        |At route 20 overpass                              
S|09|164279|5|3|22|1U|4|T|7|2|H|7|2|G|15|T|7|5|M|1|P|L|P|00000000091N|780940|41898716| 72639184|    |004344|02|00|003|N|000000000000|Y|1|00000091|0|        |At route 20 overpass                              
S|09|164279|5|4|22|1U|4|T|7|2|H|7|2|G|15|T|7|5|M|1|P|L|P|00000000091N|780940|41898716| 72639184|    |004344|02|00|003|N|000000000000|Y|1|00000091|0|        |At route 20 overpass                              
S|09|165257|3|1|22|3U|2|T|4|2|H|4|2|G|15|T|4|5|M|1|P|L|P|00000000020E|455870|41918085| 72686627|    |      |00|00|003|Y|000000000000|Y|3|00000020|0|        |East of WB Hamilton Road S on ramp                
S|09|165257|3|2|22|3U|2|T|4|2|H|4|2|G|15|T|4|5|M|1|P|L|P|00000000020E|455870|41918085| 72686627|    |      |00|00|003|Y|000000000000|Y|3|00000020|0|        |East of WB Hamilton Road S on ramp                
S|09|165257|7|1|22|3U|2|T|4|2|H|4|2|G|15|T|4|5|M|1|P|L|P|00000000020E|455870|41918085| 72686627|    |      |00|00|003|Y|000000000000|Y|3|00000020|0|        |East of WB Hamilton Road S on ramp                
S|09|165257|7|2|22|3U|2|T|4|2|H|4|2|G|15|T|4|5|M|1|P|L|P|00000000020E|455870|41918085| 72686627|    |      |00|00|003|Y|000000000000|Y|3|00000020|0|        |East of WB Hamilton Road S on ramp                
S|09|165259|3|1|22|3U|2|T|4|2|H|4|2|G|15|T|4|4|M|1|P|L|P|00000000020E|489520|41905550| 72656231|    |      |00|00|003|Y|00000000T109|Y|3|00000020|0|        |At Old County Road Overpass                       
S|09|165259|3|2|22|3U|2|T|4|2|H|4|2|G|15|T|4|4|M|1|P|L|P|00000000020E|489520|41905550| 72656231|    |      |00|00|003|Y|00000000T109|Y|3|00000020|0|        |At Old County Road Overpass                       
S|09|165259|7|1|22|3U|2|T|4|2|H|4|2|G|15|T|4|4|M|1|P|L|P|00000000020E|489520|41905550| 72656231|    |      |00|00|003|Y|00000000T109|Y|3|00000020|0|        |At Old County Road Overpass                       
S|09|165259|7|2|22|3U|2|T|4|2|H|4|2|G|15|T|4|4|M|1|P|L|P|00000000020E|489520|41905550| 72656231|    |      |00|00|003|Y|00000000T109|Y|3|00000020|0|        |At Old County Road Overpass                       
