Record_Type|Year_Record|State_Code|Station_Id|Travel_Dir|Travel_Lane|F_System|Num_Lanes|Sample_Type_Volume|Num_Lanes_Volume|Method_Volume|Sample_Type_Class|Num_Lanes_Class|Method_Class|Algorithm_Volume|Num_Classes|Sample_Type_Truck|Num_Lanes_Truck|Method_Truck|Calibration|Data_Retrieval|Type_Sensor_1|Type_Sensor_2|Primary_Purpose|LRS_Id|LRS_Point|Latitude|Longitude|SHRP_Id|Prev_Station_Id|Year_Established|Year_Discontinued|County_Code|Is_Sample|Sample_Id|NHS|Posted_Route_Signing|Posted_Signed_Route|Con_Route_Signing|Con_Signed_Route|Station_Location
S|11|000050|3|1|22|2U|3|T|3|3|H|3|3|K|15|T|3|5|T|2|E|L|P|            |      |38918060| 76944910|    |   112|02|00|000|N|        2502|N|2|     050|0|        |New York East 050                                 
S|11|000050|3|2|22|2U|3|T|3|3|H|3|3|K|15|T|3|5|T|2|E|L|P|            |      |38918060| 76944910|    |   112|02|00|000|N|        2502|N|2|      50|0|        |New York East 050                                 
S|11|000050|3|3|22|2U|3|T|3|3|H|3|3|K|15|T|3|5|T|2|E|L|P|            |      |38918060| 76944910|    |   112|02|00|000|N|        2502|N|2|      50|0|        |New York East 050                                 
S|11|000050|7|1|22|2U|3|T|3|3|H|3|3|K|15|T|3|5|T|2|E|L|P|            |      |38918060| 76944910|    |   116|02|00|000|N|        2502|N|2|      50|0|        |New York West 050                                 
S|11|000050|7|2|22|2U|3|T|3|3|H|3|3|K|15|T|3|5|T|2|E|L|P|            |      |38918060| 76944910|    |   116|02|00|000|N|        2502|N|2|      50|0|        |New York West 050                                 
S|11|000050|7|3|22|2U|3|T|3|3|H|3|3|K|15|T|3|5|T|2|E|L|P|            |      |38918060| 76944910|    |   116|02|00|000|N|        2502|N|2|      50|0|        |New York West 050                                 
S|11|001295|1|0|22|1U|3|N|3|3|H|3|3|K|15|T|3|5|T|2|E|N|P|           0|124552|38814200| 77019630|    | 41528|07|00|000|N|        1203|N|1|000I-295|0|       0|I-295@DC Line                                     
S|11|001295|1|1|22|1U|3|T|3|3|H|3|3|K|15|T|3|5|T|2|E|L|P|            |      |38814200| 77019630|    |      |05|00|000|N|        1203|N|1|     295|0|        |Anacostia North ANN                               
S|11|001295|1|2|22|1U|3|T|3|3|H|3|3|K|15|T|3|5|T|2|E|L|P|            |      |38814200| 77019630|    |      |05|00|000|N|        1203|N|1|     295|0|        |Anacostia North ANN                               
S|11|001295|1|3|22|1U|3|T|3|3|H|3|3|K|15|T|3|5|T|2|E|L|P|            |      |38814200| 77019630|    |      |05|00|000|N|        1203|N|1|     295|0|        |Anacostia North ANN                               
S|11|001295|7|1|22|1U|1|N|3|3|H|3|3|K|13|T|3|5|T|2|E|N|P|           0|124552|38814200| 77019630|    | 41528|05|00|000|N|        1203|N|1|000I-295|0|       0|I-295@DC Line                                     
S|11|001295|9|5|22|1U|4|N|3|3|H|3|3|K|13|T|3|5|T|2|E|N|P|           0|124552|38814200| 77019630|    | 41528|05|00|000|N|        1203|N|1|000I-295|0|       0|I-295@DC Line                                     
S|11|001295|9|6|22|1U|4|N|3|3|H|3|3|K|13|T|3|5|T|2|E|N|P|           0|124552|38814200| 77019630|    | 41528|07|00|000|N|        1203|N|1|000I-295|0|       0|I-295@DC Line                                     
S|11|001295|9|7|22|1U|4|N|3|3|H|3|3|K|13|T|3|5|T|2|E|N|P|           0|124552|38814200| 77019630|    | 41528|07|00|000|N|        1203|N|1|000I-295|0|       0|I-295@DC Line                                     
S|11|001295|9|8|22|1U|4|N|3|3|H|3|3|K|13|T|3|5|T|2|E|N|P|           0|124552|38814200| 77019630|    | 41528|07|00|000|N|        1203|N|1|000I-295|0|       0|I-295@DC Line                                     
S|11|002295|5|0|22|1U|3|T|3|3|H|3|3|K|15|T|3|5|T|2|E|N|P|           0|124552|38817260| 77018580|    |      |07|00|000|N|        1203|N|1|000I-295|0|       0|I-295@ DC Line                                    
S|11|002295|5|1|22|1U|3|T|3|3|H|3|3|K|15|T|3|5|T|2|E|L|P|            |      |38817260| 77018580|    |      |05|00|000|N|        1203|N|1|     295|0|        |Anacostia South ANS                               
S|11|002295|5|2|22|1U|3|T|3|3|H|3|3|K|15|T|3|5|T|2|E|L|P|            |      |38817260| 77018580|    |      |05|00|000|N|        1203|N|1|     295|0|        |Anacostia South ANS                               
S|11|002295|5|3|22|1U|3|T|3|3|H|3|3|K|15|T|3|5|T|2|E|L|P|            |      |38817260| 77018580|    |      |05|00|000|N|        1203|N|1|     295|0|        |Anacostia South ANS                               
S|11|002295|7|1|22|1U|1|T|3|3|H|3|3|K|13|T|3|5|T|2|E|N|P|           0|124552|38817260| 77018580|    |      |05|00|000|N|        1203|N|1|000I-295|0|       0|I-295@ DC Line                                    
S|11|002295|9|5|22|1U|4|T|3|3|H|3|3|K|13|T|3|5|T|2|E|N|P|           0|124552|38817260| 77018580|    |      |07|00|000|N|        1203|N|1|000I-295|0|       0|I-295@ DC Line                                    
S|11|002295|9|6|22|1U|4|T|3|3|H|3|3|K|13|T|3|5|T|2|E|N|P|           0|124552|38817260| 77018580|    |      |07|00|000|N|        1203|N|1|000I-295|0|       0|I-295@ DC Line                                    
S|11|002295|9|7|22|1U|4|T|3|3|H|3|3|K|13|T|3|5|T|2|E|N|P|           0|      |38817260| 77018580|    |      |07|00|000|N|        1203|N|1|000I-295|0|       0|I-295@ DC Line                                    
S|11|002295|9|8|22|1U|4|T|3|3|H|3|3|K|13|T|3|5|T|2|E|N|P|           0|      |38817260| 77018580|    |      |07|00|000|N|        1203|N|1|000I-295|0|       0|I-295@ DC Line                                    
