Record_Type|Year_Record|State_Code|Station_Id|Travel_Dir|Travel_Lane|F_System|Num_Lanes|Sample_Type_Volume|Num_Lanes_Volume|Method_Volume|Sample_Type_Class|Num_Lanes_Class|Method_Class|Algorithm_Volume|Num_Classes|Sample_Type_Truck|Num_Lanes_Truck|Method_Truck|Calibration|Data_Retrieval|Type_Sensor_1|Type_Sensor_2|Primary_Purpose|LRS_Id|LRS_Point|Latitude|Longitude|SHRP_Id|Prev_Station_Id|Year_Established|Year_Discontinued|County_Code|Is_Sample|Sample_Id|NHS|Posted_Route_Signing|Posted_Signed_Route|Con_Route_Signing|Con_Signed_Route|Station_Location
S|10|000267|3|0|22|1U|4|T|4|3|N|0|0| |03|B|0|0| |2|W|N|P|           0|      |39653510| 75708070|    |      |19|00|000|N|            |N|1|      95|0|       0|I95 JOHN F KENNEDY MEMORIAL HIGHWAY               
S|10|000267|3|1|22|1U|4|T|4|3|N|4|0| |03|B|0|0| |2|W|N|P|           0|      |39653510| 75708070|    |      |19|00|000|N|            |N|1|      95|0|       0|I95 JOHN F KENNEDY MEMORIAL HIGHWAY               
S|10|000267|3|2|22|1U|4|T|4|3|N|4|0| |03|B|0|0| |2|W|N|P|           0|      |39653510| 75708070|    |      |19|00|000|N|            |N|1|      95|0|       0|I95 JOHN F KENNEDY MEMORIAL HIGHWAY               
S|10|000267|3|3|22|1U|4|T|4|3|N|4|0| |03|B|0|0| |2|W|N|P|           0|      |39653510| 75708070|    |      |19|00|000|N|            |N|1|      95|0|       0|I95 JOHN F KENNEDY MEMORIAL HIGHWAY               
S|10|000267|3|4|22|1U|4|T|4|3|N|4|0| |03|B|0|0| |2|W|N|P|           0|      |39653510| 75708070|    |      |19|00|000|N|            |N|1|      95|0|       0|I95 JOHN F KENNEDY MEMORIAL HIGHWAY               
S|10|000267|7|0|22|1U|4|T|4|3|N|0|0| |03|B|0|0| |2|W|N|P|           0|      |39653510| 75708070|    |      |19|00|000|N|            |N|1|      95|0|       0|I95 JOHN F KENNEDY MEMORIAL HIGHWAY               
S|10|000267|7|1|22|1U|4|T|4|3|N|4|0| |03|B|0|0| |2|W|N|P|           0|      |39653510| 75708070|    |      |19|00|000|N|            |N|1|      95|0|       0|I95 JOHN F KENNEDY MEMORIAL HIGHWAY               
S|10|000267|7|2|22|1U|4|T|4|3|N|4|0| |03|B|0|0| |2|W|N|P|           0|      |39653510| 75708070|    |      |19|00|000|N|            |N|1|      95|0|       0|I95 JOHN F KENNEDY MEMORIAL HIGHWAY               
S|10|000267|7|3|22|1U|4|T|4|3|N|4|0| |03|B|0|0| |2|W|N|P|           0|      |39653510| 75708070|    |      |19|00|000|N|            |N|1|      95|0|       0|I95 JOHN F KENNEDY MEMORIAL HIGHWAY               
S|10|000267|7|4|22|1U|4|T|4|3|N|4|0| |03|B|0|0| |2|W|N|P|           0|      |39653510| 75708070|    |      |19|00|000|N|            |N|1|      95|0|       0|I95 JOHN F KENNEDY MEMORIAL HIGHWAY               
S|10|000268|3|0|22|1U|4|T|4|3|N|0|0| |03|B|0|0| |2|W|N|P|           0|      |39678790| 75666670|    |      |19|00|000|N|            |N|1|      95|0|       0|I95 JOHN F KENNEDY MEMORIAL HIGHWAY               
S|10|000268|3|1|22|1U|4|T|4|3|N|4|0| |03|B|0|0| |2|W|N|P|           0|      |39678790| 75666670|    |      |19|00|000|N|            |N|1|      95|0|       0|I95 JOHN F KENNEDY MEMORIAL HIGHWAY               
S|10|000268|3|2|22|1U|4|T|4|3|N|4|0| |03|B|0|0| |2|W|N|P|           0|      |39678790| 75666670|    |      |19|00|000|N|            |N|1|      95|0|       0|I95 JOHN F KENNEDY MEMORIAL HIGHWAY               
S|10|000268|3|3|22|1U|4|T|4|3|N|4|0| |03|B|0|0| |2|W|N|P|           0|      |39678790| 75666670|    |      |19|00|000|N|            |N|1|      95|0|       0|I95 JOHN F KENNEDY MEMORIAL HIGHWAY               
S|10|000268|3|4|22|1U|4|T|4|3|N|4|0| |03|B|0|0| |2|W|N|P|           0|      |39678790| 75666670|    |      |19|00|000|N|            |N|1|      95|0|       0|I95 JOHN F KENNEDY MEMORIAL HIGHWAY               
S|10|000268|7|0|22|1U|4|T|4|3|N|0|0| |03|B|0|0| |2|W|N|P|           0|      |39678790| 75666670|    |      |19|00|000|N|            |N|1|      95|0|       0|I95 JOHN F KENNEDY MEMORIAL HIGHWAY               
S|10|000268|7|1|22|1U|4|T|4|3|N|4|0| |03|B|0|0| |2|W|N|P|           0|      |39678790| 75666670|    |      |19|00|000|N|            |N|1|      95|0|       0|I95 JOHN F KENNEDY MEMORIAL HIGHWAY               
S|10|000268|7|2|22|1U|4|T|4|3|N|4|0| |03|B|0|0| |2|W|N|P|           0|      |39678790| 75666670|    |      |19|00|000|N|            |N|1|      95|0|       0|I95 JOHN F KENNEDY MEMORIAL HIGHWAY               
S|10|000268|7|3|22|1U|4|T|4|3|N|4|0| |03|B|0|0| |2|W|N|P|           0|      |39678790| 75666670|    |      |19|00|000|N|            |N|1|      95|0|       0|I95 JOHN F KENNEDY MEMORIAL HIGHWAY               
S|10|000268|7|4|22|1U|4|T|4|3|N|4|0| |03|B|0|0| |2|W|N|P|           0|      |39678790| 75666670|    |      |19|00|000|N|            |N|1|      95|0|       0|I95 JOHN F KENNEDY MEMORIAL HIGHWAY               
S|10|000269|3|0|22|1U|5|T|5|3|N|5|0| |03|B|0|0| |2|W|N|P|           0|      |39690850| 75633960|    |      |19|00|000|N|            |N|1|      95|0|       0|I95 JOHN F KENNEDY MEMORIAL HIGHWAY               
S|10|000269|3|1|22|1U|5|T|5|3|N|5|0| |03|B|0|0| |2|W|N|P|           0|      |39690850| 75633960|    |      |19|00|000|N|            |N|1|      95|0|       0|I95 JOHN F KENNEDY MEMORIAL HIGHWAY               
S|10|000269|3|2|22|1U|5|T|5|3|N|5|0| |03|B|0|0| |2|W|N|P|           0|      |39690850| 75633960|    |      |19|00|000|N|            |N|1|      95|0|       0|I95 JOHN F KENNEDY MEMORIAL HIGHWAY               
S|10|000269|3|3|22|1U|5|T|5|3|N|5|0| |03|B|0|0| |2|W|N|P|           0|      |39690850| 75633960|    |      |19|00|000|N|            |N|1|      95|0|       0|I95 JOHN F KENNEDY MEMORIAL HIGHWAY               
S|10|000269|3|4|22|1U|5|T|5|3|N|5|0| |03|B|0|0| |2|W|N|P|           0|      |39690850| 75633960|    |      |19|00|000|N|            |N|1|      95|0|       0|I95 JOHN F KENNEDY MEMORIAL HIGHWAY               
S|10|000269|3|5|22|1U|5|T|5|3|N|5|0| |03|B|0|0| |2|W|N|P|           0|      |39690850| 75633960|    |      |19|00|000|N|            |N|1|      95|0|       0|I95 JOHN F KENNEDY MEMORIAL HIGHWAY               
S|10|000269|7|0|22|1U|5|T|5|3|N|5|0| |03|B|0|0| |2|W|N|P|           0|      |39690850| 75633960|    |      |19|00|000|N|            |N|1|      95|0|       0|I95 JOHN F KENNEDY MEMORIAL HIGHWAY               
S|10|000269|7|1|22|1U|5|T|5|3|N|5|0| |03|B|0|0| |2|W|N|P|           0|      |39690850| 75633960|    |      |19|00|000|N|            |N|1|      95|0|       0|I95 JOHN F KENNEDY MEMORIAL HIGHWAY               
S|10|000269|7|2|22|1U|5|T|5|3|N|5|0| |03|B|0|0| |2|W|N|P|           0|      |39690850| 75633960|    |      |19|00|000|N|            |N|1|      95|0|       0|I95 JOHN F KENNEDY MEMORIAL HIGHWAY               
S|10|000269|7|3|22|1U|5|T|5|3|N|5|0| |03|B|0|0| |2|W|N|P|           0|      |39690850| 75633960|    |      |19|00|000|N|            |N|1|      95|0|       0|I95 JOHN F KENNEDY MEMORIAL HIGHWAY               
S|10|000269|7|4|22|1U|5|T|5|3|N|5|0| |03|B|0|0| |2|W|N|P|           0|      |39690850| 75633960|    |      |19|00|000|N|            |N|1|      95|0|       0|I95 JOHN F KENNEDY MEMORIAL HIGHWAY               
S|10|000269|7|5|22|1U|5|T|5|3|N|5|0| |03|B|0|0| |2|W|N|P|           0|      |39690850| 75633960|    |      |19|00|000|N|            |N|1|      95|0|       0|I95 JOHN F KENNEDY MEMORIAL HIGHWAY               
S|10|000277|1|0|22|1U|6|T|6|3|N|6|0| |03|B|0|0| |2|W|N|P|           0|      |39701800| 75592860|    |      |19|00|000|N|            |N|1|      95|0|       0|I95 I-95                                          
S|10|000277|1|1|22|1U|6|T|6|3|N|6|0| |03|B|0|0| |2|W|N|P|           0|      |39701800| 75592860|    |      |19|00|000|N|            |N|1|      95|0|       0|I95 I-95                                          
S|10|000277|1|2|22|1U|6|T|6|3|N|6|0| |03|B|0|0| |2|W|N|P|           0|      |39701800| 75592860|    |      |19|00|000|N|            |N|1|      95|0|       0|I95 I-95                                          
S|10|000277|1|3|22|1U|6|T|6|3|N|6|0| |03|B|0|0| |2|W|N|P|           0|      |39701800| 75592860|    |      |19|00|000|N|            |N|1|      95|0|       0|I95 I-95                                          
S|10|000277|1|4|22|1U|6|T|6|3|N|6|0| |03|B|0|0| |2|W|N|P|           0|      |39701800| 75592860|    |      |19|00|000|N|            |N|1|      95|0|       0|I95 I-95                                          
S|10|000277|1|5|22|1U|6|T|6|3|N|6|0| |03|B|0|0| |2|W|N|P|           0|      |39701800| 75592860|    |      |19|00|000|N|            |N|1|      95|0|       0|I95 I-95                                          
S|10|000277|1|6|22|1U|6|T|6|3|N|6|0| |03|B|0|0| |2|W|N|P|           0|      |39701800| 75592860|    |      |19|00|000|N|            |N|1|      95|0|       0|I95 I-95                                          
S|10|000277|5|0|22|1U|6|T|6|3|N|6|0| |01|B|0|0| |2|W|N|P|           0|      |39701800| 75592860|    |      |19|00|000|N|            |N|1|      95|0|       0|I95 I-95                                          
S|10|000279|1|0|22|1U|3|T|3|3|N|0|0| |01|B|0|0| |2|W|N|P|           0|      |39725340| 75572030|    |      |19|00|000|N|            |N|1|      95|0|       0|I95 I-95                                          
S|10|000279|5|0|22|1U|3|T|3|3|N|0|0| |01|B|0|0| |2|W|N|P|           0|      |39725340| 75572030|    |      |19|00|000|N|            |N|1|      95|0|       0|I95 I-95                                          
S|10|000280|1|0|22|1U|2|T|2|3|N|0|0| |03|B|0|0| |2|W|N|P|           0|      |39738780| 75562440|    |      |19|00|000|N|            |N|1|      95|0|       0|I95 I-95                                          
S|10|000280|1|1|22|1U|2|T|2|3|N|2|0| |03|B|0|0| |2|W|N|P|           0|      |39738780| 75562440|    |      |19|00|000|N|            |N|1|      95|0|       0|I95 I-95                                          
S|10|000280|1|2|22|1U|2|T|2|3|N|2|0| |03|B|0|0| |2|W|N|P|           0|      |39738780| 75562440|    |      |19|00|000|N|            |N|1|      95|0|       0|I95 I-95                                          
S|10|000280|5|0|22|1U|2|T|2|3|N|0|0| |03|B|0|0| |2|W|N|P|           0|      |39738780| 75562440|    |      |19|00|000|N|            |N|1|      95|0|       0|I95 I-95                                          
S|10|000280|5|1|22|1U|2|T|2|3|N|2|0| |03|B|0|0| |2|W|N|P|           0|      |39738780| 75562440|    |      |19|00|000|N|            |N|1|      95|0|       0|I95 I-95                                          
S|10|000280|5|2|22|1U|2|T|2|3|N|2|0| |03|B|0|0| |2|W|N|P|           0|      |39738780| 75562440|    |      |19|00|000|N|            |N|1|      95|0|       0|I95 I-95                                          
S|10|000282|1|0|22|1U|2|T|2|3|N|0|0| |03|B|0|0| |2|A|W|P|           0|      |39746000| 75558760|    |      |19|00|000|N|            |N|1|      95|0|       0|I95 I-95                                          
S|10|000282|1|1|22|1U|2|T|2|3|N|2|0| |03|B|0|0| |2|A|W|P|           0|      |39746000| 75558760|    |      |19|00|000|N|            |N|1|      95|0|       0|I95 I-95                                          
S|10|000282|1|2|22|1U|2|T|2|3|N|2|0| |03|B|0|0| |2|A|W|P|           0|      |39746000| 75558760|    |      |19|00|000|N|            |N|1|      95|0|       0|I95 I-95                                          
S|10|000282|5|0|22|1U|2|T|2|3|N|0|0| |03|B|0|0| |2|A|W|P|           0|      |39746000| 75558760|    |      |19|00|000|N|            |N|1|      95|0|       0|I95 I-95                                          
S|10|000282|5|1|22|1U|2|T|2|3|N|2|0| |03|B|0|0| |2|A|W|P|           0|      |39746000| 75558760|    |      |19|00|000|N|            |N|1|      95|0|       0|I95 I-95                                          
S|10|000282|5|2|22|1U|2|T|2|3|N|2|0| |03|B|0|0| |2|A|W|P|           0|      |39746000| 75558760|    |      |19|00|000|N|            |N|1|      95|0|       0|I95 I-95                                          
S|10|000284|1|0|22|1U|3|T|3|3|N|0|0| |01|B|0|0| |2|W|N|P|           0|      |39758210| 75552110|    |      |19|00|000|N|            |N|1|      95|0|       0|I95 I-95                                          
S|10|000284|5|0|22|1U|3|T|3|3|N|0|0| |01|B|0|0| |2|W|N|P|           0|      |39758210| 75552110|    |      |19|00|000|N|            |N|1|      95|0|       0|I95 I-95                                          
S|10|000285|1|0|22|1U|2|T|2|3|N|0|0| |03|B|0|0| |2|W|N|P|           0|      |39765830| 75545500|    |      |19|00|000|N|            |N|1|      95|0|       0|I95 I-95                                          
S|10|000285|1|1|22|1U|2|T|2|3|N|2|0| |03|B|0|0| |2|W|N|P|           0|      |39765830| 75545500|    |      |19|00|000|N|            |N|1|      95|0|       0|I95 I-95                                          
S|10|000285|1|2|22|1U|2|T|2|3|N|2|0| |03|B|0|0| |2|W|N|P|           0|      |39765830| 75545500|    |      |19|00|000|N|            |N|1|      95|0|       0|I95 I-95                                          
S|10|000285|5|0|22|1U|2|T|2|3|N|0|0| |03|B|0|0| |2|W|N|P|           0|      |39765830| 75545500|    |      |19|00|000|N|            |N|1|      95|0|       0|I95 I-95                                          
S|10|000285|5|1|22|1U|2|T|2|3|N|2|0| |03|B|0|0| |2|W|N|P|           0|      |39765830| 75545500|    |      |19|00|000|N|            |N|1|      95|0|       0|I95 I-95                                          
S|10|000285|5|2|22|1U|2|T|2|3|N|2|0| |03|B|0|0| |2|W|N|P|           0|      |39765830| 75545500|    |      |19|00|000|N|            |N|1|      95|0|       0|I95 I-95                                          
S|10|000286|1|0|22|1U|2|T|2|3|N|0|0| |03|B|0|0| |2|W|N|P|           0|      |39775210| 75525360|    |      |19|00|000|N|            |N|1|      95|1|       0|I95 I-95                                          
S|10|000286|1|1|22|1U|2|T|2|3|N|2|0| |03|B|0|0| |2|W|N|P|           0|      |39775210| 75525360|    |      |19|00|000|N|            |N|1|      95|1|       0|I95 I-95                                          
S|10|000286|1|2|22|1U|2|T|2|3|N|2|0| |03|B|0|0| |2|W|N|P|           0|      |39775210| 75525360|    |      |19|00|000|N|            |N|1|      95|1|       0|I95 I-95                                          
S|10|000286|5|0|22|1U|2|T|2|3|N|0|0| |03|B|0|0| |2|W|N|P|           0|      |39775210| 75525360|    |      |19|00|000|N|            |N|1|      95|1|       0|I95 I-95                                          
S|10|000286|5|1|22|1U|2|T|2|3|N|2|0| |03|B|0|0| |2|W|N|P|           0|      |39775210| 75525360|    |      |19|00|000|N|            |N|1|      95|1|       0|I95 I-95                                          
S|10|000286|5|2|22|1U|2|T|2|3|N|2|0| |03|B|0|0| |2|W|N|P|           0|      |39775210| 75525360|    |      |19|00|000|N|            |N|1|      95|1|       0|I95 I-95                                          
S|10|000287|1|0|22|1U|2|T|2|3|N|0|0| |03|B|0|0| |2|W|N|P|           0|      |39790170| 75492320|    |      |19|00|000|N|            |N|1|      95|0|       0|I95 I-95                                          
S|10|000287|1|1|22|1U|2|T|2|3|N|2|0| |03|B|0|0| |2|W|N|P|           0|      |39790170| 75492320|    |      |19|00|000|N|            |N|1|      95|0|       0|I95 I-95                                          
S|10|000287|1|2|22|1U|2|T|2|3|N|2|0| |03|B|0|0| |2|W|N|P|           0|      |39790170| 75492320|    |      |19|00|000|N|            |N|1|      95|0|       0|I95 I-95                                          
S|10|000287|5|0|22|1U|2|T|2|3|N|0|0| |03|B|0|0| |2|W|N|P|           0|      |39790170| 75492320|    |      |19|00|000|N|            |N|1|      95|0|       0|I95 I-95                                          
S|10|000287|5|1|22|1U|2|T|2|3|N|2|0| |03|B|0|0| |2|W|N|P|           0|      |39790170| 75492320|    |      |19|00|000|N|            |N|1|      95|0|       0|I95 I-95                                          
S|10|000287|5|2|22|1U|2|T|2|3|N|2|0| |03|B|0|0| |2|W|N|P|           0|      |39790170| 75492320|    |      |19|00|000|N|            |N|1|      95|0|       0|I95 I-95                                          
S|10|000288|1|0|22|1U|2|T|2|3|N|0|0| |03|B|0|0| |2|W|N|P|           0|      |39805110| 75465160|    |      |19|00|000|N|            |N|1|      95|0|       0|I95 I-95                                          
S|10|000288|1|1|22|1U|2|T|2|3|N|2|0| |03|B|0|0| |2|W|N|P|           0|      |39805110| 75465160|    |      |19|00|000|N|            |N|1|      95|0|       0|I95 I-95                                          
S|10|000288|1|2|22|1U|2|T|2|3|N|2|0| |03|B|0|0| |2|W|N|P|           0|      |39805110| 75465160|    |      |19|00|000|N|            |N|1|      95|0|       0|I95 I-95                                          
S|10|000288|5|0|22|1U|2|T|2|3|N|0|0| |03|B|0|0| |2|W|N|P|           0|      |39805110| 75465160|    |      |19|00|000|N|            |N|1|      95|0|       0|I95 I-95                                          
S|10|000288|5|1|22|1U|2|T|2|3|N|2|0| |03|B|0|0| |2|W|N|P|           0|      |39805110| 75465160|    |      |19|00|000|N|            |N|1|      95|0|       0|I95 I-95                                          
S|10|000288|5|2|22|1U|2|T|2|3|N|2|0| |03|B|0|0| |2|W|N|P|           0|      |39805110| 75465160|    |      |19|00|000|N|            |N|1|      95|0|       0|I95 I-95                                          
S|10|000289|1|0|22|1U|2|T|2|3|N|0|0| |01|B|0|0| |2|W|N|P|           0|      |39817140| 75451560|    |      |19|00|000|N|            |N|1|      95|0|       0|I95 I-95                                          
S|10|000289|5|0|22|1U|2|T|2|3|N|0|0| |01|B|0|0| |2|W|N|P|           0|      |39817140| 75451560|    |      |19|00|000|N|            |N|1|      95|0|       0|I95 I-95                                          
S|10|000290|1|0|22|1U|4|T|4|3|N|4|0| |03|B|0|0| |2|W|N|P|           0|      |39706280| 75587660|    |      |19|00|000|N|            |N|1|     495|0|       0|I495 I-495                                        
S|10|000290|1|1|22|1U|4|T|4|3|N|4|0| |03|B|0|0| |2|W|N|P|           0|      |39706280| 75587660|    |      |19|00|000|N|            |N|1|     495|0|       0|I495 I-495                                        
S|10|000290|1|2|22|1U|4|T|4|3|N|4|0| |03|B|0|0| |2|W|N|P|           0|      |39706280| 75587660|    |      |19|00|000|N|            |N|1|     495|0|       0|I495 I-495                                        
S|10|000290|1|3|22|1U|4|T|4|3|N|4|0| |03|B|0|0| |2|W|N|P|           0|      |39706280| 75587660|    |      |19|00|000|N|            |N|1|     495|0|       0|I495 I-495                                        
S|10|000290|1|4|22|1U|4|T|4|3|N|4|0| |03|B|0|0| |2|W|N|P|           0|      |39706280| 75587660|    |      |19|00|000|N|            |N|1|     495|0|       0|I495 I-495                                        
S|10|000290|5|0|22|1U|4|T|4|3|N|4|0| |03|B|0|0| |2|W|N|P|           0|      |39706280| 75587660|    |      |19|00|000|N|            |N|1|     495|0|       0|I495 I-495                                        
S|10|000292|1|0|22|1U|4|T|4|3|N|4|0| |03|B|0|0| |2|W|N|P|           0|      |39716990| 75549220|    |      |19|00|000|N|            |N|1|     495|0|       0|I495 I-495                                        
S|10|000292|1|1|22|1U|4|T|4|3|N|4|0| |03|B|0|0| |2|W|N|P|           0|      |39716990| 75549220|    |      |19|00|000|N|            |N|1|     495|0|       0|I495 I-495                                        
S|10|000292|1|2|22|1U|4|T|4|3|N|4|0| |03|B|0|0| |2|W|N|P|           0|      |39716990| 75549220|    |      |19|00|000|N|            |N|1|     495|0|       0|I495 I-495                                        
S|10|000292|1|3|22|1U|4|T|4|3|N|4|0| |03|B|0|0| |2|W|N|P|           0|      |39716990| 75549220|    |      |19|00|000|N|            |N|1|     495|0|       0|I495 I-495                                        
S|10|000292|1|4|22|1U|4|T|4|3|N|4|0| |03|B|0|0| |2|W|N|P|           0|      |39716990| 75549220|    |      |19|00|000|N|            |N|1|     495|0|       0|I495 I-495                                        
S|10|000292|5|0|22|1U|4|T|4|3|N|4|0| |03|B|0|0| |2|W|N|P|           0|      |39716990| 75549220|    |      |19|00|000|N|            |N|1|     495|0|       0|I495 I-495                                        
S|10|000292|5|1|22|1U|4|T|4|3|N|4|0| |03|B|0|0| |2|W|N|P|           0|      |39716990| 75549220|    |      |19|00|000|N|            |N|1|     495|0|       0|I495 I-495                                        
S|10|000292|5|2|22|1U|4|T|4|3|N|4|0| |03|B|0|0| |2|W|N|P|           0|      |39716990| 75549220|    |      |19|00|000|N|            |N|1|     495|0|       0|I495 I-495                                        
S|10|000292|5|3|22|1U|4|T|4|3|N|4|0| |03|B|0|0| |2|W|N|P|           0|      |39716990| 75549220|    |      |19|00|000|N|            |N|1|     495|0|       0|I495 I-495                                        
S|10|000292|5|4|22|1U|4|T|4|3|N|4|0| |03|B|0|0| |2|W|N|P|           0|      |39716990| 75549220|    |      |19|00|000|N|            |N|1|     495|0|       0|I495 I-495                                        
S|10|000293|1|0|22|1U|3|T|3|3|N|3|0| |03|B|0|0| |2|W|N|P|           0|      |39720350| 75539880|    |      |19|00|000|N|            |N|1|     495|0|       0|I495 I-495 VIETNAM VETERANS MEM.HIGHWAY           
S|10|000293|1|1|22|1U|3|T|3|3|N|3|0| |03|B|0|0| |2|W|N|P|           0|      |39720350| 75539880|    |      |19|00|000|N|            |N|1|     495|0|       0|I495 I-495 VIETNAM VETERANS MEM.HIGHWAY           
S|10|000293|1|2|22|1U|3|T|3|3|N|3|0| |03|B|0|0| |2|W|N|P|           0|      |39720350| 75539880|    |      |19|00|000|N|            |N|1|     495|0|       0|I495 I-495 VIETNAM VETERANS MEM.HIGHWAY           
S|10|000293|1|3|22|1U|3|T|3|3|N|3|0| |03|B|0|0| |2|W|N|P|           0|      |39720350| 75539880|    |      |19|00|000|N|            |N|1|     495|0|       0|I495 I-495 VIETNAM VETERANS MEM.HIGHWAY           
S|10|000293|5|0|22|1U|3|T|3|3|N|3|0| |03|B|0|0| |2|W|N|P|           0|      |39720350| 75539880|    |      |19|00|000|N|            |N|1|     495|0|       0|I495 I-495 VIETNAM VETERANS MEM.HIGHWAY           
S|10|000293|5|1|22|1U|3|T|3|3|N|3|0| |03|B|0|0| |2|W|N|P|           0|      |39720350| 75539880|    |      |19|00|000|N|            |N|1|     495|0|       0|I495 I-495 VIETNAM VETERANS MEM.HIGHWAY           
S|10|000293|5|2|22|1U|3|T|3|3|N|3|0| |03|B|0|0| |2|W|N|P|           0|      |39720350| 75539880|    |      |19|00|000|N|            |N|1|     495|0|       0|I495 I-495 VIETNAM VETERANS MEM.HIGHWAY           
S|10|000293|5|3|22|1U|3|T|3|3|N|3|0| |03|B|0|0| |2|W|N|P|           0|      |39720350| 75539880|    |      |19|00|000|N|            |N|1|     495|0|       0|I495 I-495 VIETNAM VETERANS MEM.HIGHWAY           
S|10|000294|1|0|22|1U|3|T|3|3|N|3|0| |03|B|0|0| |2|W|N|P|           0|      |39741558| 75516603|    |      |19|00|000|N|            |N|1|     495|0|       0|I495 I-495 VIETNAM VETERANS MEM.HIGHWAY           
S|10|000294|1|1|22|1U|3|T|3|3|N|3|0| |03|B|0|0| |2|W|N|P|           0|      |39741558| 75516603|    |      |19|00|000|N|            |N|1|     495|0|       0|I495 I-495 VIETNAM VETERANS MEM.HIGHWAY           
S|10|000294|1|2|22|1U|3|T|3|3|N|3|0| |03|B|0|0| |2|W|N|P|           0|      |39741558| 75516603|    |      |19|00|000|N|            |N|1|     495|0|       0|I495 I-495 VIETNAM VETERANS MEM.HIGHWAY           
S|10|000294|1|3|22|1U|3|T|3|3|N|3|0| |03|B|0|0| |2|W|N|P|           0|      |39741558| 75516603|    |      |19|00|000|N|            |N|1|     495|0|       0|I495 I-495 VIETNAM VETERANS MEM.HIGHWAY           
S|10|000294|5|0|22|1U|3|T|3|3|N|3|0| |03|B|0|0| |2|W|N|P|           0|      |39741558| 75516603|    |      |19|00|000|N|            |N|1|     495|0|       0|I495 I-495 VIETNAM VETERANS MEM.HIGHWAY           
S|10|000294|5|1|22|1U|3|T|3|3|N|3|0| |03|B|0|0| |2|W|N|P|           0|      |39741558| 75516603|    |      |19|00|000|N|            |N|1|     495|0|       0|I495 I-495 VIETNAM VETERANS MEM.HIGHWAY           
S|10|000294|5|2|22|1U|3|T|3|3|N|3|0| |03|B|0|0| |2|W|N|P|           0|      |39741558| 75516603|    |      |19|00|000|N|            |N|1|     495|0|       0|I495 I-495 VIETNAM VETERANS MEM.HIGHWAY           
S|10|000294|5|3|22|1U|3|T|3|3|N|3|0| |03|B|0|0| |2|W|N|P|           0|      |39741558| 75516603|    |      |19|00|000|N|            |N|1|     495|0|       0|I495 I-495 VIETNAM VETERANS MEM.HIGHWAY           
S|10|003637|1|1|22|3R|2|T|2|3|N|2|0| |03|B|2|0| |2|W|N|P|           0|      |38967920| 75432830|    |      |22|00|000|N|            |N|1|      95|0|       0|State Road 1 south of Rd 402                      
S|10|003637|1|2|22|3R|2|T|2|3|N|2|0| |03|B|2|0| |2|W|N|P|           0|      |38967920| 75432830|    |      |22|00|000|N|            |N|1|      95|0|       0|State Road 1 south of Rd 402                      
S|10|003637|5|1|22|3R|2|T|2|3|N|2|0| |03|B|2|0| |2|W|N|P|           0|      |38967920| 75432830|    |      |22|00|000|N|            |N|1|      95|0|       0|State Road 1 south of Rd 402                      
S|10|003637|5|2|22|3R|2|T|2|3|N|2|0| |03|B|2|0| |2|W|N|P|           0|      |38967920| 75432830|    |      |22|00|000|N|            |N|1|      95|0|       0|State Road 1 south of Rd 402                      
S|10|003897|1|0|22|1U|3|T|3|3|N|3|0| |03|B|0|0| |2|W|N|P|           0|      |39715370| 75574850|    |      |19|00|000|N|            |N|1|     495|0|       0|I495 I-495                                        
S|10|003897|1|1|22|1U|3|T|3|3|N|3|0| |03|B|0|0| |2|W|N|P|           0|      |39715370| 75574850|    |      |19|00|000|N|            |N|1|     495|0|       0|I495 I-495                                        
S|10|003897|1|2|22|1U|3|T|3|3|N|3|0| |03|B|0|0| |2|W|N|P|           0|      |39715370| 75574850|    |      |19|00|000|N|            |N|1|     495|0|       0|I495 I-495                                        
S|10|003897|1|3|22|1U|3|T|3|3|N|3|0| |03|B|0|0| |2|W|N|P|           0|      |39715370| 75574850|    |      |19|00|000|N|            |N|1|     495|0|       0|I495 I-495                                        
S|10|003897|5|0|22|1U|3|T|3|3|N|3|0| |03|B|0|0| |2|W|N|P|           0|      |39715370| 75574850|    |      |19|00|000|N|            |N|1|     495|0|       0|I495 I-495                                        
S|10|003897|5|1|22|1U|3|T|3|3|N|3|0| |03|B|0|0| |2|W|N|P|           0|      |39715370| 75574850|    |      |19|00|000|N|            |N|1|     495|0|       0|I495 I-495                                        
S|10|003897|5|2|22|1U|3|T|3|3|N|3|0| |03|B|0|0| |2|W|N|P|           0|      |39715370| 75574850|    |      |19|00|000|N|            |N|1|     495|0|       0|I495 I-495                                        
S|10|003897|5|3|22|1U|3|T|3|3|N|3|0| |03|B|0|0| |2|W|N|P|           0|      |39715370| 75574850|    |      |19|00|000|N|            |N|1|     495|0|       0|I495 I-495                                        
S|10|006053|3|1|22|6U|1|T|1|3|N|1|0| |03|B|1|0| |2|W|N|P|           0|      |39572590| 75713070|    |      |22|00|000|N|            |N|1|      95|0|       0|Howell School Road                                
S|10|006053|7|1|22|6U|1|T|1|3|N|1|0| |03|B|1|0| |2|W|N|P|           0|      |39572590| 75713070|    |      |22|00|000|N|            |N|1|      95|0|       0|Howell School Road                                
S|10|006161|1|0|22|1U|3|T|3|3|N|2|0| |03|B|2|0| |2|W|N|P|           0|      |39711990| 75585870|    |      |19|00|000|N|            |N|1|      95|0|       0|I95 I-95                                          
S|10|006161|1|1|22|1U|3|T|3|3|N|2|0| |03|B|2|0| |2|W|N|P|           0|      |39711990| 75585870|    |      |19|00|000|N|            |N|1|      95|0|       0|I95 I-95                                          
S|10|006161|1|2|22|1U|3|T|3|3|N|2|0| |03|B|2|0| |2|W|N|P|           0|      |39711990| 75585870|    |      |19|00|000|N|            |N|1|      95|0|       0|I95 I-95                                          
S|10|006161|5|0|22|1U|3|T|3|3|N|2|0| |03|B|2|0| |2|W|N|P|           0|      |39711990| 75585870|    |      |19|00|000|N|            |N|1|      95|0|       0|I95 I-95                                          
S|10|006161|5|1|22|1U|3|T|3|3|N|2|0| |03|B|2|0| |2|W|N|P|           0|      |39711990| 75585870|    |      |19|00|000|N|            |N|1|      95|0|       0|I95 I-95                                          
S|10|006161|5|2|22|1U|3|T|3|3|N|2|0| |03|B|2|0| |2|W|N|P|           0|      |39711990| 75585870|    |      |19|00|000|N|            |N|1|      95|0|       0|I95 I-95                                          
S|10|006221|3|0|22|1U|5|T|5|3|N|5|0| |03|B|0|0| |2|W|N|P|           0|      |39686770| 75646790|    |      |19|00|000|N|            |N|1|      95|0|       0|I95 JOHN F KENNEDY MEMORIAL HIGHWAY               
S|10|006221|3|1|22|1U|5|T|5|3|N|5|0| |03|B|0|0| |2|W|N|P|           0|      |39686770| 75646790|    |      |19|00|000|N|            |N|1|      95|0|       0|I95 JOHN F KENNEDY MEMORIAL HIGHWAY               
S|10|006221|3|2|22|1U|5|T|5|3|N|5|0| |03|B|0|0| |2|W|N|P|           0|      |39686770| 75646790|    |      |19|00|000|N|            |N|1|      95|0|       0|I95 JOHN F KENNEDY MEMORIAL HIGHWAY               
S|10|006221|3|3|22|1U|5|T|5|3|N|5|0| |03|B|0|0| |2|W|N|P|           0|      |39686770| 75646790|    |      |19|00|000|N|            |N|1|      95|0|       0|I95 JOHN F KENNEDY MEMORIAL HIGHWAY               
S|10|006221|3|4|22|1U|5|T|5|3|N|5|0| |03|B|0|0| |2|W|N|P|           0|      |39686770| 75646790|    |      |19|00|000|N|            |N|1|      95|0|       0|I95 JOHN F KENNEDY MEMORIAL HIGHWAY               
S|10|006221|3|5|22|1U|5|T|5|3|N|5|0| |03|B|0|0| |2|W|N|P|           0|      |39686770| 75646790|    |      |19|00|000|N|            |N|1|      95|0|       0|I95 JOHN F KENNEDY MEMORIAL HIGHWAY               
S|10|006221|7|0|22|1U|6|T|6|3|N|6|0| |03|B|0|0| |2|W|N|P|           0|      |39686770| 75646790|    |      |19|00|000|N|            |N|1|      95|0|       0|I95 JOHN F KENNEDY MEMORIAL HIGHWAY               
S|10|006221|7|1|22|1U|6|T|6|3|N|6|0| |03|B|0|0| |2|W|N|P|           0|      |39686770| 75646790|    |      |19|00|000|N|            |N|1|      95|0|       0|I95 JOHN F KENNEDY MEMORIAL HIGHWAY               
S|10|006221|7|2|22|1U|6|T|6|3|N|6|0| |03|B|0|0| |2|W|N|P|           0|      |39686770| 75646790|    |      |19|00|000|N|            |N|1|      95|0|       0|I95 JOHN F KENNEDY MEMORIAL HIGHWAY               
S|10|006221|7|3|22|1U|6|T|6|3|N|6|0| |03|B|0|0| |2|W|N|P|           0|      |39686770| 75646790|    |      |19|00|000|N|            |N|1|      95|0|       0|I95 JOHN F KENNEDY MEMORIAL HIGHWAY               
S|10|006221|7|4|22|1U|6|T|6|3|N|6|0| |03|B|0|0| |2|W|N|P|           0|      |39686770| 75646790|    |      |19|00|000|N|            |N|1|      95|0|       0|I95 JOHN F KENNEDY MEMORIAL HIGHWAY               
S|10|006221|7|5|22|1U|6|T|6|3|N|6|0| |03|B|0|0| |2|W|N|P|           0|      |39686770| 75646790|    |      |19|00|000|N|            |N|1|      95|0|       0|I95 JOHN F KENNEDY MEMORIAL HIGHWAY               
S|10|006221|7|6|22|1U|6|T|6|3|N|6|0| |03|B|0|0| |2|W|N|P|           0|      |39686770| 75646790|    |      |19|00|000|N|            |N|1|      95|0|       0|I95 JOHN F KENNEDY MEMORIAL HIGHWAY               
S|10|008005|3|1|22|6R|2|T|2|3|H|2|3|Z|13|N|0|0|Z|2|Z|Z|P|00NC-00019-F|      |39707967| 75549480|    |      |03|00|000|N|            |N|3|       9|0|        |U.S. 13 C&D Canal                                 
S|10|008005|3|2|22|6R|2|T|2|3|H|2|3|Z|13|N|0|0|Z|2|Z|Z|P|00NC-00019-F|      |39707967| 75549480|    |      |03|00|000|N|            |N|3|       9|0|        |U.S. 13 C&D Canal                                 
S|10|008005|7|1|22|6R|2|T|2|3|H|2|3|Z|13|N|0|0|Z|2|Z|Z|P|00NC-00019-F|      |39707967| 75549480|    |      |03|00|000|N|            |N|3|       9|0|        |PORT PENN RD.                                     
S|10|008005|7|2|22|6R|2|T|2|3|H|2|3|Z|13|N|0|0|Z|2|Z|Z|P|00NC-00019-F|      |39707967| 75549480|    |      |03|00|000|N|            |N|3|       9|0|        |PORT PENN RD.                                     
S|10|008006|1|1|22|6R|2|T|2|3|H|2|3|Z|13|T|2|5|Z|2|Z|Z|P|00NC-00019-F|      |39716783| 75546700|    |      |09|00|000|N|            |N|3|       9|0|        |DEL.ROUTES 896 & 4                                
S|10|008006|1|2|22|6R|2|T|2|3|H|2|3|Z|13|T|2|5|Z|2|Z|Z|P|00NC-00019-F|      |39716783| 75546700|    |      |09|00|000|N|            |N|3|       9|0|        |DEL.ROUTES 896 & 4                                
S|10|008006|5|1|22|6R|2|T|2|3|H|2|3|Z|13|T|2|5|Z|2|Z|Z|P|00NC-00019-F|      |39716783| 75546700|    |      |09|00|000|N|            |N|3|       9|0|        |DEL.ROUTES 896 & 4                                
S|10|008006|5|2|22|6R|2|T|2|3|H|2|3|Z|13|T|2|5|Z|2|Z|Z|P|00NC-00019-F|      |39716783| 75546700|    |      |09|00|000|N|            |N|3|       9|0|        |DEL.ROUTES 896 & 4                                
S|10|008011|1|1|22|3U|3|T|3|3|H|3|3|Z|13|N|3|0|Z|2|Z|Z|P|00NC-00004-F|      |39816217| 75549360|    |      |99|00|000|N|            |N|2|     202|0|        |DEL.ROUTES 896 & 4                                
S|10|008011|1|2|22|3U|3|T|3|3|H|3|3|Z|13|N|3|0|Z|2|Z|Z|P|00NC-00004-F|      |39816217| 75549360|    |      |99|00|000|N|            |N|2|     202|0|        |DEL.ROUTES 896 & 4                                
S|10|008011|1|3|22|3U|3|T|3|3|H|3|3|Z|13|N|3|0|Z|2|Z|Z|P|00NC-00004-F|      |39816217| 75549360|    |      |99|00|000|N|            |N|2|     202|0|        |DEL. 273 NOTTINGHAM                               
S|10|008011|5|1|22|3U|3|T|3|3|H|3|3|Z|13|N|3|0|Z|2|Z|Z|P|00NC-00004-F|      |39816217| 75549360|    |      |99|00|000|N|            |N|2|     202|0|        |DEL. 273 NOTTINGHAM                               
S|10|008011|5|2|22|3U|3|T|3|3|H|3|3|Z|13|N|3|0|Z|2|Z|Z|P|00NC-00004-F|      |39816217| 75549360|    |      |99|00|000|N|            |N|2|     202|0|        |DEL. 7 LIMESTONE RD                               
S|10|008011|5|3|22|3U|3|T|3|3|H|3|3|Z|13|N|3|0|Z|2|Z|Z|P|00NC-00004-F|      |39816217| 75549360|    |      |99|00|000|N|            |N|2|     202|0|        |DEL. 7 LIMESTONE RD                               
S|10|008012|1|1|22|3U|2|T|2|3|H|2|3|Z|13|N|2|0|Z|2|Z|Z|P|00NC-00203-F|      |39783233| 75538830|    |      |99|00|000|N|            |N|3|     261|0|        |DEL. 52 KENNETT PIK                               
S|10|008012|1|2|22|3U|2|T|2|3|H|2|3|Z|13|N|2|0|Z|2|Z|Z|P|00NC-00203-F|      |39783233| 75538830|    |      |99|00|000|N|            |N|3|     261|0|        |DEL. 52 KENNETT PIK                               
S|10|008012|5|1|22|3U|2|T|2|3|H|2|3|Z|13|N|2|0|Z|2|Z|Z|P|00NC-00203-F|      |39783233| 75538830|    |      |99|00|000|N|            |N|3|     261|0|        |CEDAR LN. RD.                                     
S|10|008012|5|2|22|3U|2|T|2|3|H|2|3|Z|13|N|2|0|Z|2|Z|Z|P|00NC-00203-F|      |39783233| 75538830|    |      |99|00|000|N|            |N|3|     261|0|        |CEDAR LN. RD.                                     
S|10|008013|1|1|22|3U|2|T|2|3|H|2|3|Z|13|N|0|0|Z|2|Z|Z|P|00NC-00031-F|      |39733700| 75672450|    |      |02|00|000|N|            |N|3|       7|0|        |DEL. 7 LIMESTONE RD                               
S|10|008013|1|2|22|3U|2|T|2|3|H|2|3|Z|13|N|0|0|Z|2|Z|Z|P|00NC-00031-F|      |39733700| 75672450|    |      |02|00|000|N|            |N|3|       7|0|        |DEL. 7 LIMESTONE RD                               
S|10|008013|5|1|22|3U|2|T|2|3|H|2|3|Z|13|N|0|0|Z|2|Z|Z|P|00NC-00031-F|      |39733700| 75672450|    |      |02|00|000|N|            |N|3|       7|0|        |DEL. 7 LIMESTONE RD                               
S|10|008013|5|2|22|3U|2|T|2|3|H|2|3|Z|13|N|0|0|Z|2|Z|Z|P|00NC-00031-F|      |39733700| 75672450|    |      |02|00|000|N|            |N|3|       7|0|        |DEL. 7 LIMESTONE RD                               
S|10|008014|1|1|22|3U|2|T|2|3|H|2|3|Z|13|N|2|0|Z|2|Z|Z|P|00NC-00011-F|      |39693350| 75722930|    |      |99|00|000|N|            |N|3|       2|0|        |US. 13 DUPONT PKY.                                
S|10|008014|1|2|22|3U|2|T|2|3|H|2|3|Z|13|N|2|0|Z|2|Z|Z|P|00NC-00011-F|      |39693350| 75722930|    |      |99|00|000|N|            |N|3|       2|0|        |US. 13 DUPONT PKY.                                
S|10|008014|5|1|22|3U|2|T|2|3|H|2|3|Z|13|N|2|0|Z|2|Z|Z|P|00NC-00011-F|      |39693350| 75722930|    |      |99|00|000|N|            |N|3|       2|0|        |US. 202 CONCORD PIK                               
S|10|008014|5|2|22|3U|2|T|2|3|H|2|3|Z|13|N|2|0|Z|2|Z|Z|P|00NC-00011-F|      |39693350| 75722930|    |      |99|00|000|N|            |N|3|       2|0|        |US. 202 CONCORD PIK                               
S|10|008015|3|1|22|3U|2|T|2|3|H|2|3|Z|13|T|2|5|Z|2|Z|Z|P|00NC-00032-F|      |39606117| 75781160|    |      |99|00|000|N|            |N|2|      40|0|        |US. 202 CONCORD PIK                               
S|10|008015|3|2|22|3U|2|T|2|3|H|2|3|Z|13|T|2|5|Z|2|Z|Z|P|00NC-00032-F|      |39606117| 75781160|    |      |99|00|000|N|            |N|2|      40|0|        |US. 202 CONCORD PIK                               
S|10|008015|7|1|22|3U|2|T|2|3|H|2|3|Z|13|T|2|5|Z|2|Z|Z|P|00NC-00032-F|      |39606117| 75781160|    |      |99|00|000|N|            |N|2|      40|0|        |DEL. 92 NAAMANS RD.                               
S|10|008015|7|2|22|3U|2|T|2|3|H|2|3|Z|13|T|2|5|Z|2|Z|Z|P|00NC-00032-F|      |39606117| 75781160|    |      |99|00|000|N|            |N|2|      40|0|        |DEL. 92 NAAMANS RD.                               
S|10|008016|1|1|22|3R|1|T|1|3|H|1|3|Z|13|T|1|5|Z|2|Z|Z|P|00NC-00443-F|      |39429783| 75760080|    |      |99|00|000|N|            |N|2|     301|0|        |DEL. 92 NAAMANS RD.                               
S|10|008016|5|1|22|3R|1|T|1|3|H|1|3|Z|13|T|1|5|Z|2|Z|Z|P|00NC-00443-F|      |39429783| 75760080|    |      |99|00|000|N|            |N|2|     301|0|        |DEL. 92 NAAMANS RD.                               
S|10|008017|1|1|22|3R|2|T|2|3|H|2|3|Z|13|N|2|0|Z|2|Z|Z|P|00NC-00016-F|      |39548567| 75738660|    |      |99|00|000|N|            |N|2|     301|0|        |DEL. 92 NAAMANS RD.                               
S|10|008017|1|2|22|3R|2|T|2|3|H|2|3|Z|13|N|2|0|Z|2|Z|Z|P|00NC-00016-F|      |39548567| 75738660|    |      |99|00|000|N|            |N|2|     301|0|        |DEL. 92 NAAMANS RD.                               
S|10|008017|5|1|22|3R|2|T|2|3|H|2|3|Z|13|N|2|0|Z|2|Z|Z|P|00NC-00016-F|      |39548567| 75738660|    |      |99|00|000|N|            |N|2|     301|0|        |DEL. 92 NAAMANS RD.                               
S|10|008017|5|2|22|3R|2|T|2|3|H|2|3|Z|13|N|2|0|Z|2|Z|Z|P|00NC-00016-F|      |39548567| 75738660|    |      |99|00|000|N|            |N|2|     301|0|        |DEL.896 & US. 301                                 
S|10|008018|1|1|22|3U|3|T|3|3|H|3|3|Z|13|T|3|5|Z|2|Z|Z|P|00NC-00082-F|      |39559383| 75663380|    |      |02|00|000|N|            |N|3|       1|0|        |DEL.896 & US. 301                                 
S|10|008018|1|2|22|3U|3|T|3|3|H|3|3|Z|13|T|3|5|Z|2|Z|Z|P|00NC-00082-F|      |39559383| 75663380|    |      |02|00|000|N|            |N|3|       1|0|        |DEL.896 & US. 301                                 
S|10|008018|1|3|22|3U|3|T|3|3|H|3|3|Z|13|T|3|5|Z|2|Z|Z|P|00NC-00082-F|      |39559383| 75663380|    |      |02|00|000|N|            |N|3|       1|0|        |DEL.896 & US. 301                                 
S|10|008018|5|1|22|3U|3|T|3|3|H|3|3|Z|13|T|3|5|Z|2|Z|Z|P|00NC-00082-F|      |39559383| 75663380|    |      |02|00|000|N|            |N|3|       1|0|        |DEL.896 & US. 301                                 
S|10|008018|5|2|22|3U|3|T|3|3|H|3|3|Z|13|T|3|5|Z|2|Z|Z|P|00NC-00082-F|      |39559383| 75663380|    |      |02|00|000|N|            |N|3|       1|0|        |DEL.896 & US. 301                                 
S|10|008018|5|3|22|3U|3|T|3|3|H|3|3|Z|13|T|3|5|Z|2|Z|Z|P|00NC-00082-F|      |39559383| 75663380|    |      |02|00|000|N|            |N|3|       1|0|        |BOYDS CNR. RD.                                    
S|10|008019|1|1|22|5R|1|T|1|3|H|1|3|Z|13|N|1|0|Z|2|Z|Z|P|00NC-00002-F|      |39569333| 75589510|    |      |99|00|000|N|            |N|3|       9|0|        |BOYDS CNR. RD.                                    
S|10|008019|5|1|22|5R|1|T|1|3|H|1|3|Z|13|N|1|0|Z|2|Z|Z|P|00NC-00002-F|      |39569333| 75589510|    |      |99|00|000|N|            |N|3|       9|0|        |BOYDS CNR. RD.                                    
S|10|008020|3|1|22|3U|3|T|3|3|H|3|3|Z|13|N|0|0|Z|2|Z|Z|P|00NC-00366-F|      |39658400| 75756960|    |      |99|00|000|N|            |N|3|       4|0|        |BOYDS CNR. RD.                                    
S|10|008020|3|2|22|3U|3|T|3|3|H|3|3|Z|13|N|0|0|Z|2|Z|Z|P|00NC-00366-F|      |39658400| 75756960|    |      |99|00|000|N|            |N|3|       4|0|        |BOYDS CNR. RD.                                    
S|10|008020|3|3|22|3U|3|T|3|3|H|3|3|Z|13|N|0|0|Z|2|Z|Z|P|00NC-00366-F|      |39658400| 75756960|    |      |99|00|000|N|            |N|3|       4|0|        |BOYDS CNR. RD.                                    
S|10|008020|7|1|22|3U|3|T|3|3|H|3|3|Z|13|N|0|0|Z|2|Z|Z|P|00NC-00366-F|      |39658400| 75756960|    |      |99|00|000|N|            |N|3|       4|0|        |US. 13 DUPONT PKY                                 
S|10|008020|7|2|22|3U|3|T|3|3|H|3|3|Z|13|N|0|0|Z|2|Z|Z|P|00NC-00366-F|      |39658400| 75756960|    |      |99|00|000|N|            |N|3|       4|0|        |US. 13 DUPONT PKY                                 
S|10|008020|7|3|22|3U|3|T|3|3|H|3|3|Z|13|N|0|0|Z|2|Z|Z|P|00NC-00366-F|      |39658400| 75756960|    |      |99|00|000|N|            |N|3|       4|0|        |US. 13 DUPONT PKY                                 
S|10|008021|1|1|22|3U|1|T|1|3|H|1|3|Z|13|N|1|0|Z|2|Z|Z|P|00NC-00041-F|      |39695150| 75788010|    |      |99|00|000|N|            |N|3|     273|0|        |US. 13 DUPONT PKY                                 
S|10|008021|5|1|22|3U|1|T|1|3|H|1|3|Z|13|N|1|0|Z|2|Z|Z|P|00NC-00041-F|      |39695150| 75788010|    |      |99|00|000|N|            |N|3|     273|0|        |SUMMIT BRIDGE RD.                                 
S|10|008022|1|1|22|3U|1|T|1|3|H|1|3|Z|13|N|1|0|Z|2|Z|Z|P|00NC-00031-F|      |39783517| 75720460|    |      |99|00|000|N|            |N|3|       7|0|        |SUMMIT BRIDGE RD.                                 
S|10|008022|5|1|22|3U|1|T|1|3|H|1|3|Z|13|N|1|0|Z|2|Z|Z|P|00NC-00031-F|      |39783517| 75720460|    |      |99|00|000|N|            |N|3|       7|0|        |U.S. 13 SMYRNA REST AREA                          
S|10|008023|3|1|22|3R|1|T|1|3|H|1|3|Z|13|N|1|0|Z|2|Z|Z|P|00NC-00009-F|      |39831483| 75626980|    |      |99|00|000|N|            |N|3|      52|0|        |U.S. 13 SMYRNA REST AREA                          
S|10|008023|7|1|22|3R|1|T|1|3|H|1|3|Z|13|N|1|0|Z|2|Z|Z|P|00NC-00009-F|      |39831483| 75626980|    |      |99|00|000|N|            |N|3|      52|0|        |U.S. 13 SMYRNA REST AREA                          
S|10|008024|1|1|22|6R|1|T|1|3|H|1|3|Z|13|N|0|0|Z|2|Z|Z|P|00NC-00427-F|      |39548567| 75738660|    |      |99|00|000|N|            |N|4|     427|0|        |U.S. 13 SMYRNA REST AREA                          
S|10|008024|5|1|22|6R|1|T|1|3|H|1|3|Z|13|N|0|0|Z|2|Z|Z|P|00NC-00427-F|      |39548567| 75738660|    |      |99|00|000|N|            |N|4|     427|0|        |U.S. 13 SMYRNA REST AREA                          
S|10|008026|1|1|22|3U|2|T|2|3|H|2|3|Z|13|N|2|0|Z|2|Z|Z|P|00NC-00031-F|      |39763450| 75705000|    |      |99|00|000|N|            |N|3|       7|0|        |DE RT 1 @ PADDOCK RD SMYRNA                       
S|10|008026|1|2|22|3U|2|T|2|3|H|2|3|Z|13|N|2|0|Z|2|Z|Z|P|00NC-00031-F|      |39763450| 75705000|    |      |99|00|000|N|            |N|3|       7|0|        |DE RT 1 @ PADDOCK RD SMYRNA                       
S|10|008026|5|1|22|3U|2|T|2|3|H|2|3|Z|13|N|2|0|Z|2|Z|Z|P|00NC-00031-F|      |39763450| 75705000|    |      |99|00|000|N|            |N|3|       7|0|        |DE RT 1 @ PADDOCK RD SMYRNA                       
S|10|008026|5|2|22|3U|2|T|2|3|H|2|3|Z|13|N|2|0|Z|2|Z|Z|P|00NC-00031-F|      |39763450| 75705000|    |      |99|00|000|N|            |N|3|       7|0|        |DE RT 1 @ PADDOCK RD SMYRNA                       
S|10|008028|1|1|22|4R|1|T|1|3|H|1|3|Z|13|N|1|0|Z|2|Z|Z|P|00NC-00034-F|      |39544900| 75648410|    |      |00|00|000|N|            |N|4|      34|0|        |I 95 - just south of PA line                      
S|10|008028|5|1|22|4R|1|T|1|3|H|1|3|Z|13|N|1|0|Z|2|Z|Z|P|00NC-00034-F|      |39544900| 75648410|    |      |00|00|000|N|            |N|4|      34|0|        |I 95 - just south of PA line                      
S|10|008030|1|1|22|3U|2|T|2|3|H|2|3|Z|13|T|2|5|Z|2|Z|Z|P|00NC-00004-F|      |39836883| 75541330|    |      |99|00|000|N|            |N|2|     202|0|        |I 95 - just south of PA line                      
S|10|008030|1|2|22|3U|2|T|2|3|H|2|3|Z|13|T|2|5|Z|2|Z|Z|P|00NC-00004-F|      |39836883| 75541330|    |      |99|00|000|N|            |N|2|     202|0|        |I 95 - just south of PA line                      
S|10|008030|5|1|22|3U|2|T|2|3|H|2|3|Z|13|T|2|5|Z|2|Z|Z|P|00NC-00004-F|      |39836883| 75541330|    |      |99|00|000|N|            |N|2|     202|0|        |I 495                                             
S|10|008030|5|2|22|3U|2|T|2|3|H|2|3|Z|13|T|2|5|Z|2|Z|Z|P|00NC-00004-F|      |39836883| 75541330|    |      |99|00|000|N|            |N|2|     202|0|        |I 495                                             
S|10|008031|1|1|22|3U|2|T|2|3|H|2|3|Z|13|N|2|0|Z|2|Z|Z|P|00NC-00017-F|      |39828983| 75543900|    |      |99|00|000|N|            |N|3|      92|0|        |I 495                                             
S|10|008031|1|2|22|3U|2|T|2|3|H|2|3|Z|13|N|2|0|Z|2|Z|Z|P|00NC-00017-F|      |39828983| 75543900|    |      |99|00|000|N|            |N|3|      92|0|        |I 495                                             
S|10|008031|5|1|22|3U|5|T|5|3|H|5|3|Z|13|N|5|0|Z|2|Z|Z|P|00NC-00017-F|      |39828983| 75543900|    |      |99|00|000|N|            |N|3|      92|0|        |I 495                                             
S|10|008031|5|2|22|3U|5|T|5|3|H|5|3|Z|13|N|5|0|Z|2|Z|Z|P|00NC-00017-F|      |39828983| 75543900|    |      |99|00|000|N|            |N|3|      92|0|        |I 495                                             
S|10|008031|5|3|22|3U|5|T|5|3|H|5|3|Z|13|N|5|0|Z|2|Z|Z|P|00NC-00017-F|      |39828983| 75543900|    |      |99|00|000|N|            |N|3|      92|0|        |US. 13 N. DUPONT HW                               
S|10|008031|5|4|22|3U|5|T|5|3|H|5|3|Z|13|N|5|0|Z|2|Z|Z|P|00NC-00017-F|      |39828983| 75543900|    |      |99|00|000|N|            |N|3|      92|0|        |US. 13 N. DUPONT HW                               
S|10|008031|5|5|22|3U|5|T|5|3|H|5|3|Z|13|N|5|0|Z|2|Z|Z|P|00NC-00017-F|      |39828983| 75543900|    |      |99|00|000|N|            |N|3|      92|0|        |US. 13 N. DUPONT HW                               
S|10|008032|1|1|22|3R|4|T|4|3|H|4|3|Z|13|N|4|0|Z|2|Z|Z|P|00NC-00016-F|      |39510933| 75711280|    |      |99|00|000|N|            |N|2|     301|3|     896|US. 13 N. DUPONT HW                               
S|10|008032|1|2|22|3R|4|T|4|3|H|4|3|Z|13|N|4|0|Z|2|Z|Z|P|00NC-00016-F|      |39510933| 75711280|    |      |99|00|000|N|            |N|2|     301|3|     896|US. 13 N. DUPONT HW                               
S|10|008032|1|3|22|3R|4|T|4|3|H|4|3|Z|13|N|4|0|Z|2|Z|Z|P|00NC-00016-F|      |39510933| 75711280|    |      |99|00|000|N|            |N|2|     301|3|     896|US. 13 N. DUPONT HW                               
S|10|008032|1|4|22|3R|4|T|4|3|H|4|3|Z|13|N|4|0|Z|2|Z|Z|P|00NC-00016-F|      |39510933| 75711280|    |      |99|00|000|N|            |N|2|     301|3|     896|KENT COUNTY RD 88                                 
S|10|008032|5|1|22|3R|2|T|2|3|H|2|3|Z|13|N|2|0|Z|2|Z|Z|P|00NC-00016-F|      |39510933| 75711280|    |      |99|00|000|N|            |N|2|     301|3|     896|KENT COUNTY RD 88                                 
S|10|008032|5|2|22|3R|2|T|2|3|H|2|3|Z|13|N|2|0|Z|2|Z|Z|P|00NC-00016-F|      |39510933| 75711280|    |      |99|00|000|N|            |N|2|     301|3|     896|WYOMING MILL RD.                                  
S|10|008033|1|1|22|3R|2|T|2|3|H|2|3|Z|13|N|2|0|Z|2|Z|Z|P|00NC-00015-F|      |39510933| 75711280|    |      |99|00|000|N|            |N|3|     896|0|        |WYOMING MILL RD.                                  
S|10|008033|1|2|22|3R|2|T|2|3|H|2|3|Z|13|N|2|0|Z|2|Z|Z|P|00NC-00015-F|      |39510933| 75711280|    |      |99|00|000|N|            |N|3|     896|0|        |DE RT 8 WEST OF DOVER                             
S|10|008033|5|1|22|3R|4|T|4|3|H|4|3|Z|13|N|4|0|Z|2|Z|Z|P|00NC-00015-F|      |39510933| 75711280|    |      |99|00|000|N|            |N|3|     896|0|        |DE RT 8 WEST OF DOVER                             
S|10|008033|5|2|22|3R|4|T|4|3|H|4|3|Z|13|N|4|0|Z|2|Z|Z|P|00NC-00015-F|      |39510933| 75711280|    |      |99|00|000|N|            |N|3|     896|0|        |FRONT ST. LEIPSIC                                 
S|10|008033|5|3|22|3R|4|T|4|3|H|4|3|Z|13|N|4|0|Z|2|Z|Z|P|00NC-00015-F|      |39510933| 75711280|    |      |99|00|000|N|            |N|3|     896|0|        |FRONT ST. LEIPSIC                                 
S|10|008033|5|4|22|3R|4|T|4|3|H|4|3|Z|13|N|4|0|Z|2|Z|Z|P|00NC-00015-F|      |39510933| 75711280|    |      |99|00|000|N|            |N|3|     896|0|        |DEL. 9 SMYRNA-LEIPS                               
S|10|008034|1|1|22|3R|2|T|2|3|H|2|3|Z|13|N|2|0|Z|2|Z|Z|P|00NC-00001-F|      |39381250| 75665450|    |      |99|00|000|N|            |N|2|      13|0|        |DEL. 9 SMYRNA-LEIPS                               
S|10|008034|1|2|22|3R|2|T|2|3|H|2|3|Z|13|N|2|0|Z|2|Z|Z|P|00NC-00001-F|      |39381250| 75665450|    |      |99|00|000|N|            |N|2|      13|0|        |DEL.RT.1 RELIEF RT.                               
S|10|008034|5|1|22|3R|2|T|2|3|H|2|3|Z|13|N|2|0|Z|2|Z|Z|P|00NC-00001-F|      |39381250| 75665450|    |      |99|00|000|N|            |N|2|      13|0|        |DEL.RT.1 RELIEF RT.                               
S|10|008034|5|2|22|3R|2|T|2|3|H|2|3|Z|13|N|2|0|Z|2|Z|Z|P|00NC-00001-F|      |39381250| 75665450|    |      |99|00|000|N|            |N|2|      13|0|        |DEL.RT.1 RELIEF RT.                               
S|10|008035|1|1|22|3R|1|T|1|3|H|1|3|Z|13|N|1|0|Z|2|Z|Z|P|00NC-00014-F|      |39381250| 75665450|    |      |99|00|000|N|            |N|3|      71|0|        |DEL.RT.1 RELIEF RT.                               
S|10|008035|5|1|22|3R|1|T|1|3|H|1|3|Z|13|N|1|0|Z|2|Z|Z|P|00NC-00014-F|      |39381250| 75665450|    |      |99|00|000|N|            |N|3|      71|0|        |DE RT 1 near DE RT 42                             
S|10|008036|1|1|22|3R|3|T|3|3|H|3|3|Z|13|N|0|0|Z|2|Z|Z|P|00NC-00001-F|      |39323967| 75621060|    |      |99|00|000|N|            |N|2|      13|0|        |DE RT 1 near DE RT 42                             
S|10|008036|1|2|22|3R|3|T|3|3|H|3|3|Z|13|N|0|0|Z|2|Z|Z|P|00NC-00001-F|      |39323967| 75621060|    |      |99|00|000|N|            |N|2|      13|0|        |DE RT 1 near DE RT 42                             
S|10|008036|1|3|22|3R|3|T|3|3|H|3|3|Z|13|N|0|0|Z|2|Z|Z|P|00NC-00001-F|      |39323967| 75621060|    |      |99|00|000|N|            |N|2|      13|0|        |DE RT 1 near DE RT 42                             
S|10|008036|5|1|22|3R|2|T|2|3|H|2|3|Z|13|N|0|0|Z|2|Z|Z|P|00NC-00001-F|      |39323967| 75621060|    |      |99|00|000|N|            |N|2|      13|0|        |Scarborough Road Dover                            
S|10|008036|5|2|22|3R|2|T|2|3|H|2|3|Z|13|N|0|0|Z|2|Z|Z|P|00NC-00001-F|      |39323967| 75621060|    |      |99|00|000|N|            |N|2|      13|0|        |Scarborough Road Dover                            
S|10|008037|1|1|22|3R|2|T|2|3|H|2|3|Z|13|T|2|5|Z|2|Z|Z|P|00NC-00080-F|      |39319733| 75605680|    |      |99|00|000|N|            |N|3|       1|0|        |Puncheon Run Dover                                
S|10|008037|1|2|22|3R|2|T|2|3|H|2|3|Z|13|T|2|5|Z|2|Z|Z|P|00NC-00080-F|      |39319733| 75605680|    |      |99|00|000|N|            |N|3|       1|0|        |Puncheon Run Dover                                
S|10|008037|5|1|22|3R|2|T|2|3|H|2|3|Z|13|T|2|5|Z|2|Z|Z|P|00NC-00080-F|      |39319733| 75605680|    |      |99|00|000|N|            |N|3|       1|0|        |Puncheon Run Dover                                
S|10|008037|5|2|22|3R|2|T|2|3|H|2|3|Z|13|T|2|5|Z|2|Z|Z|P|00NC-00080-F|      |39319733| 75605680|    |      |99|00|000|N|            |N|3|       1|0|        |Puncheon Run Dover                                
S|10|008038|1|1|22|1U|2|T|2|3|H|2|3|Z|13|N|2|0|Z|2|Z|Z|P|00NC-00059-F|      |39816200| 75452930|    |      |99|00|000|N|            |N|1|      95|0|        |Puncheon Run Dover                                
S|10|008038|1|2|22|1U|2|T|2|3|H|2|3|Z|13|N|2|0|Z|2|Z|Z|P|00NC-00059-F|      |39816200| 75452930|    |      |99|00|000|N|            |N|1|      95|0|        |TOWER HILL RD.                                    
S|10|008038|5|1|22|1U|2|T|2|3|H|2|3|Z|13|N|2|0|Z|2|Z|Z|P|00NC-00059-F|      |39816200| 75452930|    |      |99|00|000|N|            |N|1|      95|0|        |TOWER HILL RD.                                    
S|10|008038|5|2|22|1U|2|T|2|3|H|2|3|Z|13|N|2|0|Z|2|Z|Z|P|00NC-00059-F|      |39816200| 75452930|    |      |99|00|000|N|            |N|1|      95|0|        |US 13 N. DUPONT HWY                               
S|10|008039|1|0|22|1U|2|T|2|3|H|2|3|Z|13|N|0|0|Z|2|Z|Z|P|00NC-00060-F|      |39816200| 75452930|    |      |99|00|000|N|            |N|1|     495|0|        |US 13 N. DUPONT HWY                               
S|10|008039|1|1|22|1U|2|T|2|3|H|2|3|Z|13|N|0|0|Z|2|Z|Z|P|00NC-00060-F|      |39816200| 75452930|    |      |99|00|000|N|            |N|1|     495|0|        |US 13 N. DUPONT HWY                               
S|10|008039|1|2|22|1U|2|T|2|3|H|2|3|Z|13|N|0|0|Z|2|Z|Z|P|00NC-00060-F|      |39816200| 75452930|    |      |99|00|000|N|            |N|1|     495|0|        |US 13 N. DUPONT HWY                               
S|10|008039|5|0|22|1U|2|T|2|3|H|2|3|Z|13|N|0|0|Z|2|Z|Z|P|00NC-00060-F|      |39816200| 75452930|    |      |99|00|000|N|            |N|1|     495|0|        |Del. RT 11  Near Maryland Line                    
S|10|008039|5|1|22|1U|2|T|2|3|H|2|3|Z|13|N|0|0|Z|2|Z|Z|P|00NC-00060-F|      |39816200| 75452930|    |      |99|00|000|N|            |N|1|     495|0|        |Del. RT 11  Near Maryland Line                    
S|10|008039|5|2|22|1U|2|T|2|3|H|2|3|Z|13|N|0|0|Z|2|Z|Z|P|00NC-00060-F|      |39816200| 75452930|    |      |99|00|000|N|            |N|1|     495|0|        |Del. 300 Sudlersville Rd.Near Maryland Line       
S|10|008040|1|1|22|3U|3|T|3|3|H|3|3|Z|13|N|0|0|Z|2|Z|Z|P|00KC-00002-F|      |39184517| 75534700|    |      |99|00|000|N|            |N|2|      13|0|        |Del. 300 Sudlersville Rd.Near Maryland Line       
S|10|008040|1|2|22|3U|3|T|3|3|H|3|3|Z|13|N|0|0|Z|2|Z|Z|P|00KC-00002-F|      |39184517| 75534700|    |      |99|00|000|N|            |N|2|      13|0|        |US. 13 S. DUPONT HW                               
S|10|008040|1|3|22|3U|3|T|3|3|H|3|3|Z|13|N|0|0|Z|2|Z|Z|P|00KC-00002-F|      |39184517| 75534700|    |      |99|00|000|N|            |N|2|      13|0|        |US. 13 S. DUPONT HW                               
S|10|008040|5|1|22|3U|3|T|3|3|H|3|3|Z|13|N|0|0|Z|2|Z|Z|P|00KC-00002-F|      |39184517| 75534700|    |      |99|00|000|N|            |N|2|      13|0|        |US. 13 S. DUPONT HW                               
S|10|008040|5|2|22|3U|3|T|3|3|H|3|3|Z|13|N|0|0|Z|2|Z|Z|P|00KC-00002-F|      |39184517| 75534700|    |      |99|00|000|N|            |N|2|      13|0|        |US. 13 S. DUPONT HW                               
S|10|008040|5|3|22|3U|3|T|3|3|H|3|3|Z|13|N|0|0|Z|2|Z|Z|P|00KC-00002-F|      |39184517| 75534700|    |      |99|00|000|N|            |N|2|      13|0|        |BAY RD.                                           
S|10|008041|1|1|22|5R|1|T|1|3|H|1|3|Z|13|N|0|0|Z|2|Z|Z|P|00KC-00088-F|      |39196000| 75527960|    |      |99|00|000|N|            |N|4|      88|0|        |BAY RD.                                           
S|10|008041|5|1|22|5R|1|T|1|3|H|1|3|Z|13|N|0|0|Z|2|Z|Z|P|00KC-00088-F|      |39196000| 75527960|    |      |99|00|000|N|            |N|4|      88|0|        |BAY RD.                                           
S|10|008042|1|1|22|5U|1|T|1|3|H|1|3|Z|13|N|0|0|Z|2|Z|Z|P|00KC-00195-F|      |39143683| 75557100|    |      |99|00|000|N|            |N|4|     195|0|        |BAY RD.                                           
S|10|008042|5|1|22|5U|1|T|1|3|H|1|3|Z|13|N|0|0|Z|2|Z|Z|P|00KC-00195-F|      |39143683| 75557100|    |      |99|00|000|N|            |N|4|     195|0|        |DEL.1                                             
S|10|008043|3|1|22|3U|1|T|1|3|H|1|3|Z|13|N|0|0|Z|2|Z|Z|P|00KC-00051-F|      |39158567| 75573960|    |      |99|00|000|N|            |N|3|       8|0|        |DEL.1                                             
S|10|008043|7|1|22|3U|1|T|1|3|H|1|3|Z|13|N|0|0|Z|2|Z|Z|P|00KC-00051-F|      |39158567| 75573960|    |      |99|00|000|N|            |N|3|       8|0|        |Del. RT 8  Near Maryland Line                     
S|10|008044|1|1|22|5R|1|T|1|3|H|1|3|Z|13|N|0|0|Z|2|Z|Z|P|00KC-00013-F|      |39266467| 75520760|    |      |99|00|000|N|            |N|4|      12|0|        |Del. RT 8  Near Maryland Line                     
S|10|008044|5|1|22|5R|1|T|1|3|H|1|3|Z|13|N|0|0|Z|2|Z|Z|P|00KC-00013-F|      |39266467| 75520760|    |      |99|00|000|N|            |N|4|      12|0|        |Del. RT 6                                         
S|10|008045|1|1|22|6R|1|T|1|3|H|1|3|Z|13|N|0|0|Z|2|Z|Z|P|00KC-00012-F|      |39266467| 75520760|    |      |99|00|000|N|            |N|3|       9|0|        |Del. RT 6                                         
S|10|008045|5|1|22|6R|1|T|1|3|H|1|3|Z|13|N|0|0|Z|2|Z|Z|P|00KC-00012-F|      |39266467| 75520760|    |      |99|00|000|N|            |N|3|       9|0|        |Clayton Dulaney Rd                                
S|10|008046|1|1|22|3R|2|T|2|3|H|2|3|Z|13|N|2|0|Z|2|Z|Z|P|00KC-00150-F|      |39307033| 75594510|    |      |99|00|000|N|            |N|3|       1|0|        |Clayton Dulaney Rd                                
S|10|008046|1|2|22|3R|2|T|2|3|H|2|3|Z|13|N|2|0|Z|2|Z|Z|P|00KC-00150-F|      |39307033| 75594510|    |      |99|00|000|N|            |N|3|       1|0|        |DRAPER MILL RD.                                   
S|10|008046|5|1|22|3R|2|T|2|3|H|2|3|Z|13|N|2|0|Z|2|Z|Z|P|00KC-00150-F|      |39307033| 75594510|    |      |99|00|000|N|            |N|3|       1|0|        |DRAPER MILL RD.                                   
S|10|008046|5|2|22|3R|2|T|2|3|H|2|3|Z|13|N|2|0|Z|2|Z|Z|P|00KC-00150-F|      |39307033| 75594510|    |      |99|00|000|N|            |N|3|       1|0|        |Rt. 12 Burnite Mill Rd                            
S|10|008047|1|1|22|3R|2|T|2|2|H|2|2|Z|13|N|2|0|Z|2|Z|Z|P|00KC-00150-F|      |39227250| 75572900|    |      |99|00|000|N|            |N|3|       1|0|        |Rt. 12 Burnite Mill Rd                            
S|10|008047|1|2|22|3R|2|T|2|2|H|2|2|Z|13|N|2|0|Z|2|Z|Z|P|00KC-00150-F|      |39227250| 75572900|    |      |99|00|000|N|            |N|3|       1|0|        |RT. 14 Burrsville near Knife Box Road             
S|10|008047|5|1|22|3R|2|T|2|2|H|2|2|Z|13|N|2|0|Z|2|Z|Z|P|00KC-00150-F|      |39227250| 75572900|    |      |99|00|000|N|            |N|3|       1|0|        |RT. 14 Burrsville near Knife Box Road             
S|10|008047|5|2|22|3R|2|T|2|2|H|2|2|Z|13|N|2|0|Z|2|Z|Z|P|00KC-00150-F|      |39227250| 75572900|    |      |99|00|000|N|            |N|3|       1|0|        |DEL. 404 SEASHORE H                               
S|10|008048|3|1|22|5U|1|T|1|3|H|1|3|Z|13|N|0|0|Z|2|Z|Z|P|00KC-00294-F|      |39193600| 75558260|    |      |00|00|000|N|            |N|4|     294|0|        |DEL. 404 SEASHORE H                               
S|10|008048|7|1|22|5U|1|T|1|3|H|1|3|Z|13|N|0|0|Z|2|Z|Z|P|00KC-00294-F|      |39193600| 75558260|    |      |00|00|000|N|            |N|4|     294|0|        |DEL. 36                                           
S|10|008049|3|1|22|3R|2|T|2|3|H|2|3|Z|13|N|0|0|Z|2|Z|Z|P|0KC-00150A-F|      |39137200| 75525080|    |      |01|00|000|N|            |N|4|    150A|0|        |DEL. 36                                           
S|10|008049|3|2|22|3R|2|T|2|3|H|2|3|Z|13|N|0|0|Z|2|Z|Z|P|0KC-00150A-F|      |39137200| 75525080|    |      |01|00|000|N|            |N|4|    150A|0|        |DEL. 404                                          
S|10|008049|7|1|22|3R|3|T|3|3|H|3|3|Z|13|N|0|0|Z|2|Z|Z|P|0KC-00150A-F|      |39137200| 75525080|    |      |01|00|000|N|            |N|4|    150A|0|        |DEL. 404                                          
S|10|008049|7|2|22|3R|3|T|3|3|H|3|3|Z|13|N|0|0|Z|2|Z|Z|P|0KC-00150A-F|      |39137200| 75525080|    |      |01|00|000|N|            |N|4|    150A|0|        |U.S. 13 SUSSEX HWY                                
S|10|008049|7|3|22|3R|3|T|3|3|H|3|3|Z|13|N|0|0|Z|2|Z|Z|P|0KC-00150A-F|      |39137200| 75525080|    |      |01|00|000|N|            |N|4|    150A|0|        |U.S. 13 SUSSEX HWY                                
S|10|008053|3|1|22|5R|1|T|1|3|H|1|3|Z|13|N|0|0|Z|2|Z|Z|P|00KC-00315-F|      |38854317| 75438994|    |      |10|00|000|N|            |N|3|     315|0|        |U.S. 13 SUSSEX HWY                                
S|10|008053|7|1|22|5R|1|T|1|3|H|1|3|Z|13|N|0|0|Z|2|Z|Z|P|00KC-00315-F|      |38854317| 75438994|    |      |10|00|000|N|            |N|3|     315|0|        |U.S. 13 SUSSEX HWY                                
S|10|008054|1|1|22|5U|2|T|2|3|H|2|3|Z|13|L|2|0|Z|2|Z|Z|P|00KC-00002-F|      |39236717| 75583760|4002|      |08|00|000|N|            |N|3|      13|0|        |DEL. 18                                           
S|10|008054|1|2|22|5U|2|T|2|3|H|2|3|Z|13|L|2|0|Z|2|Z|Z|P|00KC-00002-F|      |39236717| 75583760|4002|      |08|00|000|N|            |N|3|      13|0|        |DEL. 18                                           
S|10|008054|5|1|22|5U|2|T|2|3|H|2|3|Z|13|L|2|0|Z|2|Z|Z|P|00KC-00002-F|      |39236717| 75583760|4002|      |08|00|000|N|            |N|3|      13|0|        |US. 113 DUPONT BLVD                               
S|10|008054|5|2|22|5U|2|T|2|3|H|2|3|Z|13|L|2|0|Z|2|Z|Z|P|00KC-00002-F|      |39236717| 75583760|4002|      |08|00|000|N|            |N|3|      13|0|        |US. 113 DUPONT BLVD                               
S|10|008058|1|1|22|3R|1|T|1|3|H|1|3|Z|13|N|1|0|Z|2|Z|Z|P|00KC-00047-F|      |39143421| 75747460|    |      |13|00|000|N|            |N|3|      11|0|        |US. 113 DUPONT BLVD                               
S|10|008058|5|1|22|3R|1|T|1|3|H|1|3|Z|13|N|1|0|Z|2|Z|Z|P|00KC-00047-F|      |39143421| 75747460|    |      |13|00|000|N|            |N|3|      11|0|        |US. 113 DUPONT BLVD                               
S|10|008059|1|1|22|3R|1|T|1|3|H|1|3|Z|13|N|1|0|Z|2|Z|Z|P|00KC-00041-F|      |39199608| 75750440|    |      |13|00|000|N|            |N|3|     300|0|        |DEL. 1  COASTAL HWY.                              
S|10|008059|5|1|22|3R|1|T|1|3|H|1|3|Z|13|N|1|0|Z|2|Z|Z|P|00KC-00041-F|      |39199608| 75750440|    |      |13|00|000|N|            |N|3|     300|0|        |DEL. 1  COASTAL HWY.                              
S|10|008060|1|1|22|3U|2|T|2|3|H|2|3|Z|13|N|2|0|Z|2|Z|Z|P|00KC-00024-F|      |39158750| 75511650|    |      |99|00|000|N|            |N|2|      13|0|        |DEL. 1  COASTAL HWY.                              
S|10|008060|1|2|22|3U|2|T|2|3|H|2|3|Z|13|N|2|0|Z|2|Z|Z|P|00KC-00024-F|      |39158750| 75511650|    |      |99|00|000|N|            |N|2|      13|0|        |DEL. 1  COASTAL HWY.                              
S|10|008060|5|1|22|3U|2|T|2|3|H|2|3|Z|13|N|2|0|Z|2|Z|Z|P|00KC-00024-F|      |39158750| 75511650|    |      |99|00|000|N|            |N|2|      13|0|        |DEL. 1  COASTAL HWY.                              
S|10|008060|5|2|22|3U|2|T|2|3|H|2|3|Z|13|N|2|0|Z|2|Z|Z|P|00KC-00024-F|      |39158750| 75511650|    |      |99|00|000|N|            |N|2|      13|0|        |DEL. 1  COASTAL HWY.                              
S|10|008061|1|1|22|3U|2|T|2|3|H|2|3|Z|13|N|2|0|Z|2|Z|Z|P|00KC-00007-F|      |39158750| 75511650|    |      |99|00|000|N|            |N|2|     113|0|        |DEL. 1 COASTAL HWY.                               
S|10|008061|1|2|22|3U|2|T|2|3|H|2|3|Z|13|N|2|0|Z|2|Z|Z|P|00KC-00007-F|      |39158750| 75511650|    |      |99|00|000|N|            |N|2|     113|0|        |DEL. 1 COASTAL HWY.                               
S|10|008061|5|1|22|3U|2|T|2|3|H|2|3|Z|13|N|2|0|Z|2|Z|Z|P|00KC-00007-F|      |39158750| 75511650|    |      |99|00|000|N|            |N|2|     113|0|        |DEL. 1 COASTAL HWY.                               
S|10|008061|5|2|22|3U|2|T|2|3|H|2|3|Z|13|N|2|0|Z|2|Z|Z|P|00KC-00007-F|      |39158750| 75511650|    |      |99|00|000|N|            |N|2|     113|0|        |DEL. 1 COASTAL HWY.                               
S|10|008062|1|1|22|3U|2|T|2|3|H|2|3|Z|13|N|2|5|Z|2|Z|Z|P|00KC-00008-F|      |38937083| 75428900|    |      |99|00|000|N|            |N|2|     113|0|        |DEL. 54 LIGHTHOUSE                                
S|10|008062|5|1|22|3U|2|T|2|3|H|2|3|Z|13|N|2|5|Z|2|Z|Z|P|00KC-00008-F|      |38937083| 75428900|    |      |99|00|000|N|            |N|2|     113|0|        |DEL. 54 LIGHTHOUSE                                
S|10|008063|1|0|22|3R|1|T|1|3|H|1|3|Z|13|N|1|0|Z|2|Z|Z|P|00KC-00050-F|      |39112168| 75733300|    |      |15|00|000|N|            |N|3|       8|0|        |U.S.13 & DEL. 20                                  
S|10|008063|5|0|22|3R|1|T|1|3|H|1|3|Z|13|N|1|0|Z|2|Z|Z|P|00KC-00050-F|      |39112168| 75733300|    |      |15|00|000|N|            |N|3|       8|0|        |U.S.13 & DEL. 20                                  
S|10|008064|3|1|22|5R|1|T|1|3|H|1|3|Z|13|N|1|0|Z|2|Z|Z|P|00KC-00039-F|      |39258240| 75755950|    |      |13|00|000|N|            |N|3|       6|0|        |U.S.13 & DEL. 20                                  
S|10|008064|7|1|22|5R|1|T|1|3|H|1|3|Z|13|N|1|0|Z|2|Z|Z|P|00KC-00039-F|      |39258240| 75755950|    |      |13|00|000|N|            |N|3|       6|0|        |U.S.13 & DEL. 20                                  
S|10|008065|3|1|22|3R|1|T|1|3|H|1|3|Z|13|N|1|0|Z|2|Z|Z|P|00NC-00040-F|      |39301330| 75760240|    |      |13|00|000|N|            |N|2|     303|0|        |DEL. 36 SCOTTS STOR                               
S|10|008065|7|1|22|3R|1|T|1|3|H|1|3|Z|13|N|1|0|Z|2|Z|Z|P|00NC-00040-F|      |39301330| 75760240|    |      |13|00|000|N|            |N|2|     303|0|        |DEL. 36 SCOTTS STOR                               
S|10|008066|1|1|22|3R|1|T|1|3|H|1|3|Z|13|L|1|0|Z|2|Z|Z|P|0KC-00255A-F|      |39030900| 75735360|    |      |10|00|000|N|            |N|3|      10|0|        |DEL. 16 HICKMAN RD.                               
S|10|008066|5|1|22|3R|1|T|1|3|H|1|3|Z|13|L|1|0|Z|2|Z|Z|P|0KC-00255A-F|      |39030900| 75735360|    |      |10|00|000|N|            |N|3|      10|0|        |DEL. 16 HICKMAN RD.                               
S|10|008067|3|1|22|3R|1|T|1|3|H|1|3|Z|13|N|0|0|Z|2|Z|Z|P|00KC-00057-F|      |38957717| 75729780|    |      |10|00|000|N|            |N|3|      12|0|        |US. 113 DUPONT BLVD                               
S|10|008067|7|1|22|3R|1|T|1|3|H|1|3|Z|13|N|0|0|Z|2|Z|Z|P|00KC-00057-F|      |38957717| 75729780|    |      |10|00|000|N|            |N|3|      12|0|        |US. 113 DUPONT BLVD                               
S|10|008068|3|1|22|3R|1|T|1|3|H|1|3|Z|13|N|0|0|Z|2|Z|Z|P|00KC-00060-F|      |38895000| 75724150|    |      |10|00|000|N|            |N|3|      14|0|        |US. 113 DUPONT BLVD                               
S|10|008068|7|1|22|3R|1|T|1|3|H|1|3|Z|13|N|0|0|Z|2|Z|Z|P|00KC-00060-F|      |38895000| 75724150|    |      |10|00|000|N|            |N|3|      14|0|        |US. 113 DUPONT BLVD                               
S|10|008069|1|1|22|5R|1|T|1|3|H|1|3|Z|13|N|1|0|Z|2|Z|Z|P|00SC-00404-F|      |38795967| 75696380|    |      |04|00|000|N|            |N|3|     404|0|        |US. 113 DUPONT BLVD                               
S|10|008069|5|1|22|5R|1|T|1|3|H|1|3|Z|13|N|1|0|Z|2|Z|Z|P|00SC-00404-F|      |38795967| 75696380|    |      |04|00|000|N|            |N|3|     404|0|        |DEL. 16 BEACH HWY                                 
S|10|008070|3|1|22|5R|1|T|1|3|H|1|3|Z|13|N|1|0|Z|2|Z|Z|P|00SC-00036-F|      |38881667| 75467750|    |      |99|00|000|N|            |N|3|      36|0|        |DEL. 16 BEACH HWY                                 
S|10|008070|7|1|22|5R|1|T|1|3|H|1|3|Z|13|N|1|0|Z|2|Z|Z|P|00SC-00036-F|      |38881667| 75467750|    |      |99|00|000|N|            |N|3|      36|0|        |U.S. 9                                            
S|10|008071|1|1|22|5R|1|T|1|3|H|1|3|Z|13|N|1|0|Z|2|Z|Z|P|00SC-00404-F|      |38801617| 75719650|    |      |99|00|000|N|            |N|3|     404|0|        |U.S. 9                                            
S|10|008071|5|1|22|5R|1|T|1|3|H|1|3|Z|13|N|1|0|Z|2|Z|Z|P|00SC-00404-F|      |38801617| 75719650|    |      |99|00|000|N|            |N|3|     404|0|        |DEL. 21  STEIN HWY.                               
S|10|008072|1|1|22|3R|2|T|2|3|H|2|3|Z|13|N|2|0|Z|2|Z|Z|P|00SC-00004-F|      |38784983| 75591430|    |      |99|00|000|N|            |N|2|      13|0|        |DEL. 21  STEIN HWY.                               
S|10|008072|1|2|22|3R|2|T|2|3|H|2|3|Z|13|N|2|0|Z|2|Z|Z|P|00SC-00004-F|      |38784983| 75591430|    |      |99|00|000|N|            |N|2|      13|0|        |US. 9 COUNTY SEAT                                 
S|10|008072|5|1|22|3R|2|T|2|3|H|2|3|Z|13|N|2|0|Z|2|Z|Z|P|00SC-00004-F|      |38784983| 75591430|    |      |99|00|000|N|            |N|2|      13|0|        |US. 9 COUNTY SEAT                                 
S|10|008072|5|2|22|3R|2|T|2|3|H|2|3|Z|13|N|2|0|Z|2|Z|Z|P|00SC-00004-F|      |38784983| 75591430|    |      |99|00|000|N|            |N|2|      13|0|        |U.S. 13 SUSSEX HWY                                
S|10|008073|3|1|22|6R|1|T|1|3|H|1|3|Z|13|N|1|0|Z|2|Z|Z|P|00SC-00018-F|      |38698133| 75427000|    |      |99|00|000|N|            |N|3|      18|0|        |U.S. 13 SUSSEX HWY                                
S|10|008073|7|1|22|6R|1|T|1|3|H|1|3|Z|13|N|1|0|Z|2|Z|Z|P|00SC-00018-F|      |38698133| 75427000|    |      |99|00|000|N|            |N|3|      18|0|        |U.S. 13 SUSSEX HWY                                
S|10|008074|1|1|22|3R|2|T|2|3|H|2|3|Z|13|N|2|0|Z|2|Z|Z|P|00SC-00113-F|      |38631617| 75347550|    |      |99|00|000|N|            |N|2|     113|0|        |U.S. 13 SUSSEX HWY                                
S|10|008074|1|2|22|3R|2|T|2|3|H|2|3|Z|13|N|2|0|Z|2|Z|Z|P|00SC-00113-F|      |38631617| 75347550|    |      |99|00|000|N|            |N|2|     113|0|        |US. 113 DUPONT BLV                                
S|10|008074|5|1|22|3R|2|T|2|3|H|2|3|Z|13|N|2|0|Z|2|Z|Z|P|00SC-00113-F|      |38631617| 75347550|    |      |99|00|000|N|            |N|2|     113|0|        |US. 113 DUPONT BLV                                
S|10|008074|5|2|22|3R|2|T|2|3|H|2|3|Z|13|N|2|0|Z|2|Z|Z|P|00SC-00113-F|      |38631617| 75347550|    |      |99|00|000|N|            |N|2|     113|0|        |US. 113 DUPONT BLV                                
S|10|008076|1|1|22|3R|3|T|3|3|H|3|3|Z|13|N|3|0|Z|2|Z|Z|P|00SC-00014-F|      |38719433| 75115780|    |      |99|00|000|N|            |N|3|       1|0|        |US. 113 DUPONT BLV                                
S|10|008076|1|2|22|3R|3|T|3|3|H|3|3|Z|13|N|3|0|Z|2|Z|Z|P|00SC-00014-F|      |38719433| 75115780|    |      |99|00|000|N|            |N|3|       1|0|        |JOHN J. WILLIAMS HWY                              
S|10|008076|1|3|22|3R|3|T|3|3|H|3|3|Z|13|N|3|0|Z|2|Z|Z|P|00SC-00014-F|      |38719433| 75115780|    |      |99|00|000|N|            |N|3|       1|0|        |JOHN J. WILLIAMS HWY                              
S|10|008076|5|1|22|3R|3|T|3|3|H|3|3|Z|13|N|3|0|Z|2|Z|Z|P|00SC-00014-F|      |38719433| 75115780|    |      |99|00|000|N|            |N|3|       1|0|        |GARFIELD PRKWY.                                   
S|10|008076|5|2|22|3R|3|T|3|3|H|3|3|Z|13|N|3|0|Z|2|Z|Z|P|00SC-00014-F|      |38719433| 75115780|    |      |99|00|000|N|            |N|3|       1|0|        |GARFIELD PRKWY.                                   
S|10|008076|5|3|22|3R|3|T|3|3|H|3|3|Z|13|N|3|0|Z|2|Z|Z|P|00SC-00014-F|      |38719433| 75115780|    |      |99|00|000|N|            |N|3|       1|0|        |DEL. 18 FEDERALSBUR                               
S|10|008077|1|1|22|5R|2|T|2|3|H|2|3|Z|13|N|2|0|Z|2|Z|Z|P|00SC-00050-F|      |38451217| 75051810|    |      |99|00|000|N|            |N|3|       1|0|        |DEL. 18 FEDERALSBUR                               
S|10|008077|1|2|22|5R|2|T|2|3|H|2|3|Z|13|N|2|0|Z|2|Z|Z|P|00SC-00050-F|      |38451217| 75051810|    |      |99|00|000|N|            |N|3|       1|0|        |US. 113 DUPONT BLVD                               
S|10|008077|5|1|22|5R|2|T|2|3|H|2|3|Z|13|N|2|0|Z|2|Z|Z|P|00SC-00050-F|      |38451217| 75051810|    |      |99|00|000|N|            |N|3|       1|0|        |US. 113 DUPONT BLVD                               
S|10|008077|5|2|22|5R|2|T|2|3|H|2|3|Z|13|N|2|0|Z|2|Z|Z|P|00SC-00050-F|      |38451217| 75051810|    |      |99|00|000|N|            |N|3|       1|0|        |US. 113 DUPONT BLVD                               
S|10|008078|1|1|22|5R|1|T|1|3|H|1|3|Z|13|N|1|0|Z|2|Z|Z|P|00SC-00058-F|      |38466150| 75122010|    |      |99|00|000|N|            |N|3|      54|0|        |US. 113 DUPONT BLVD                               
S|10|008078|5|1|22|5R|1|T|1|3|H|1|3|Z|13|N|1|0|Z|2|Z|Z|P|00SC-00058-F|      |38466150| 75122010|    |      |99|00|000|N|            |N|3|      54|0|        |U.S. 13 DEL. 404                                  
S|10|008079|1|1|22|3R|2|T|2|3|H|2|3|Z|13|N|2|0|Z|2|Z|Z|P|00SC-00003-F|      |38659983| 75594380|    |      |99|00|000|N|            |N|3|      20|0|        |U.S. 13 DEL. 404                                  
S|10|008079|1|2|22|3R|2|T|2|3|H|2|3|Z|13|N|2|0|Z|2|Z|Z|P|00SC-00003-F|      |38659983| 75594380|    |      |99|00|000|N|            |N|3|      20|0|        |U.S. 13 DEL. 404                                  
S|10|008079|5|1|22|3R|2|T|2|3|H|2|3|Z|13|N|2|0|Z|2|Z|Z|P|00SC-00003-F|      |38659983| 75594380|    |      |99|00|000|N|            |N|3|      20|0|        |U.S. 13 DEL. 404                                  
S|10|008079|5|2|22|3R|2|T|2|3|H|2|3|Z|13|N|2|0|Z|2|Z|Z|P|00SC-00003-F|      |38659983| 75594380|    |      |99|00|000|N|            |N|3|      20|0|        |DEL. 1 COASTAL HWY.                               
S|10|008080|3|1|22|5R|1|T|1|3|H|1|3|Z|13|N|1|0|Z|2|Z|Z|P|00SC-00032-F|      |38805150| 75611180|    |      |99|00|000|N|            |N|3|      16|0|        |DEL. 1 COASTAL HWY.                               
S|10|008080|7|1|22|5R|1|T|1|3|H|1|3|Z|13|N|1|0|Z|2|Z|Z|P|00SC-00032-F|      |38805150| 75611180|    |      |99|00|000|N|            |N|3|      16|0|        |DEL. 1 COASTAL HWY.                               
S|10|008081|3|1|22|6R|1|T|1|3|H|1|3|Z|13|N|1|0|Z|2|Z|Z|P|00SC-00032-F|      |38805150| 75611180|    |      |99|00|000|N|            |N|3|      32|0|        |DEL. 1 COASTAL HWY.                               
S|10|008081|7|1|22|6R|1|T|1|3|H|1|3|Z|13|N|1|0|Z|2|Z|Z|P|00SC-00032-F|      |38805150| 75611180|    |      |99|00|000|N|            |N|3|      32|0|        |Del. 54 Delmar Rd.Near Maryland Line              
S|10|008082|1|1|22|3R|3|T|3|3|H|3|3|Z|13|N|3|0|Z|2|Z|Z|P|00SC-00113-F|      |38696950| 75400050|    |      |99|00|000|N|            |N|2|     113|0|        |Del. 54 Delmar Rd.Near Maryland Line              
S|10|008082|1|2|22|3R|3|T|3|3|H|3|3|Z|13|N|3|0|Z|2|Z|Z|P|00SC-00113-F|      |38696950| 75400050|    |      |99|00|000|N|            |N|2|     113|0|        |DEL. 1 COASTAL HWY.                               
S|10|008082|1|3|22|3R|3|T|3|3|H|3|3|Z|13|N|3|0|Z|2|Z|Z|P|00SC-00113-F|      |38696950| 75400050|    |      |99|00|000|N|            |N|2|     113|0|        |DEL. 1 COASTAL HWY.                               
S|10|008082|5|1|22|3R|2|T|2|3|H|2|3|Z|13|N|2|0|Z|2|Z|Z|P|00SC-00113-F|      |38696950| 75400050|    |      |99|00|000|N|            |N|2|     113|0|        |DEL. 1 COASTAL HWY.                               
S|10|008082|5|2|22|3R|2|T|2|3|H|2|3|Z|13|N|2|0|Z|2|Z|Z|P|00SC-00113-F|      |38696950| 75400050|    |      |99|00|000|N|            |N|2|     113|0|        |DEL. 1 COASTAL HWY.                               
S|10|008083|1|1|22|5R|1|T|1|3|H|1|3|Z|13|N|1|0|Z|2|Z|Z|P|00SC-00016-F|      |38806283| 75505180|    |      |99|00|000|N|            |N|3|      16|0|        |Del. 26   Near Maryland Line                      
S|10|008083|5|1|22|5R|1|T|1|3|H|1|3|Z|13|N|1|0|Z|2|Z|Z|P|00SC-00016-F|      |38806283| 75505180|    |      |99|00|000|N|            |N|3|      16|0|        |Del. 26   Near Maryland Line                      
S|10|008084|3|1|22|5R|1|T|1|3|H|1|3|Z|13|N|1|0|Z|2|Z|Z|P|00SC-00018-F|      |38726450| 75278160|    |      |99|00|000|N|            |N|2|       9|0|        |Del. 24 Sharptown Near Maryland Line              
S|10|008084|7|1|22|5R|1|T|1|3|H|1|3|Z|13|N|1|0|Z|2|Z|Z|P|00SC-00018-F|      |38726450| 75278160|    |      |99|00|000|N|            |N|2|       9|0|        |Del. 24 Sharptown Near Maryland Line              
S|10|008085|3|1|22|3R|1|T|1|3|H|1|3|Z|13|N|1|0|Z|2|Z|Z|P|00SC-00021-F|      |38636817| 75698530|    |      |99|00|000|N|            |N|3|      20|0|        |US. 113 DUPONT BLVD                               
S|10|008085|7|1|22|3R|1|T|1|3|H|1|3|Z|13|N|1|0|Z|2|Z|Z|P|00SC-00021-F|      |38636817| 75698530|    |      |99|00|000|N|            |N|3|      20|0|        |US. 113 DUPONT BLVD                               
S|10|008086|1|1|22|6R|1|T|1|3|H|1|3|Z|13|N|1|0|Z|2|Z|Z|P|00SC-00028-F|      |38621717| 75482000|    |      |99|00|000|N|            |N|3|       9|0|        |US. 113 DUPONT BLVD                               
S|10|008086|5|1|22|6R|1|T|1|3|H|1|3|Z|13|N|1|0|Z|2|Z|Z|P|00SC-00028-F|      |38621717| 75482000|    |      |99|00|000|N|            |N|3|       9|0|        |US. 113 DUPONT BLVD                               
S|10|008087|1|1|22|3R|2|T|2|3|H|2|3|Z|13|N|2|0|Z|2|Z|Z|P|00SC-00001-F|      |38468950| 75557830|    |      |99|00|000|N|            |N|2|      13|0|        |US. 113 DUPONT BLVD                               
S|10|008087|1|2|22|3R|2|T|2|3|H|2|3|Z|13|N|2|0|Z|2|Z|Z|P|00SC-00001-F|      |38468950| 75557830|    |      |99|00|000|N|            |N|2|      13|0|        |US. 113 DUPONT BLVD                               
S|10|008087|5|1|22|3R|2|T|2|3|H|2|3|Z|13|N|2|0|Z|2|Z|Z|P|00SC-00001-F|      |38468950| 75557830|    |      |99|00|000|N|            |N|2|      13|0|        |US. 113 DUPONT BLVD                               
S|10|008087|5|2|22|3R|2|T|2|3|H|2|3|Z|13|N|2|0|Z|2|Z|Z|P|00SC-00001-F|      |38468950| 75557830|    |      |99|00|000|N|            |N|2|      13|0|        |US. 113 DUPONT BLVD                               
S|10|008088|1|1|22|3R|2|T|2|3|H|2|3|Z|13|N|0|0|Z|2|Z|Z|P|00SC-00113-F|      |38488300| 75236260|    |      |02|00|000|N|            |N|2|     113|0|        |DEL. 1  COASTAL HWY.                              
S|10|008088|1|2|22|3R|2|T|2|3|H|2|3|Z|13|N|0|0|Z|2|Z|Z|P|00SC-00113-F|      |38488300| 75236260|    |      |02|00|000|N|            |N|2|     113|0|        |DEL. 1  COASTAL HWY.                              
S|10|008088|5|1|22|3R|2|T|2|3|H|2|3|Z|13|N|0|0|Z|2|Z|Z|P|00SC-00113-F|      |38488300| 75236260|    |      |02|00|000|N|            |N|2|     113|0|        |DEL. 1  COASTAL HWY.                              
S|10|008088|5|2|22|3R|2|T|2|3|H|2|3|Z|13|N|0|0|Z|2|Z|Z|P|00SC-00113-F|      |38488300| 75236260|    |      |02|00|000|N|            |N|2|     113|0|        |DEL. 1  COASTAL HWY.                              
S|10|008089|1|1|22|6R|1|T|1|3|H|1|3|Z|13|N|1|0|Z|2|Z|Z|P|00SC-00024-F|      |38702000| 75163780|    |      |99|00|000|N|            |N|3|      24|0|        |DEL.1 BAY RD.                                     
S|10|008089|5|1|22|6R|1|T|1|3|H|1|3|Z|13|N|1|0|Z|2|Z|Z|P|00SC-00024-F|      |38702000| 75163780|    |      |99|00|000|N|            |N|3|      24|0|        |DEL.1 BAY RD.                                     
S|10|008090|1|1|22|5R|1|T|1|3|H|1|3|Z|13|N|0|0|Z|2|Z|Z|P|00SC-00026-F|      |38543050| 75081650|    |      |99|00|000|N|            |N|3|      26|0|        |DEL.1 BAY RD.                                     
S|10|008090|5|1|22|5R|1|T|1|3|H|1|3|Z|13|N|0|0|Z|2|Z|Z|P|00SC-00026-F|      |38543050| 75081650|    |      |99|00|000|N|            |N|3|      26|0|        |DEL.1 BAY RD.                                     
S|10|008093|1|1|22|3R|1|T|1|3|H|1|3|Z|13|N|0|0|Z|2|Z|Z|P|00SC-00018-F|      |38703333| 75699450|    |      |09|00|000|N|            |N|3|      18|0|        |DEL 10 E. LEBANON R                               
S|10|008093|5|1|22|3R|1|T|1|3|H|1|3|Z|13|N|0|0|Z|2|Z|Z|P|00SC-00018-F|      |38703333| 75699450|    |      |09|00|000|N|            |N|3|      18|0|        |DEL 10 E. LEBANON R                               
S|10|008094|1|1|22|3R|2|T|2|3|H|2|3|Z|13|N|2|0|Z|2|Z|Z|P|00SC-00018-F|      |38854000| 75439000|    |      |09|00|000|N|            |N|3|      18|0|        |DEL 10 E. LEBANON R                               
S|10|008094|1|2|22|3R|2|T|2|3|H|2|3|Z|13|N|2|0|Z|2|Z|Z|P|00SC-00018-F|      |38854000| 75439000|    |      |09|00|000|N|            |N|3|      18|0|        |DEL 10 E. LEBANON R                               
S|10|008094|5|1|22|3R|2|T|2|3|H|2|3|Z|13|N|2|0|Z|2|Z|Z|P|00SC-00018-F|      |38854000| 75439000|    |      |09|00|000|N|            |N|3|      18|0|        |I 495                                             
S|10|008094|5|2|22|3R|2|T|2|3|H|2|3|Z|13|N|2|0|Z|2|Z|Z|P|00SC-00018-F|      |38854000| 75439000|    |      |09|00|000|N|            |N|3|      18|0|        |I 495                                             
S|10|008096|1|1|22|3R|2|T|2|3|H|2|3|Z|13|N|2|0|Z|2|Z|Z|P|00SC-00004-F|      |38738400| 75592350|    |      |99|00|000|N|            |N|2|      13|0|        |I 495                                             
S|10|008096|1|2|22|3R|2|T|2|3|H|2|3|Z|13|N|2|0|Z|2|Z|Z|P|00SC-00004-F|      |38738400| 75592350|    |      |99|00|000|N|            |N|2|      13|0|        |I 495                                             
S|10|008096|5|1|22|3R|2|T|2|3|H|2|3|Z|13|N|2|0|Z|2|Z|Z|P|00SC-00004-F|      |38738400| 75592350|    |      |99|00|000|N|            |N|2|      13|0|        |I 495                                             
S|10|008096|5|2|22|3R|2|T|2|3|H|2|3|Z|13|N|2|0|Z|2|Z|Z|P|00SC-00004-F|      |38738400| 75592350|    |      |99|00|000|N|            |N|2|      13|0|        |I 495                                             
S|10|008097|1|1|22|5R|2|T|2|3|H|2|3|Z|13|N|2|0|Z|2|Z|Z|P|00SC-00050-F|      |38633567| 75067650|    |      |99|00|000|N|            |N|3|       1|0|        |MILFORD BY PASS                                   
S|10|008097|1|2|22|5R|2|T|2|3|H|2|3|Z|13|N|2|0|Z|2|Z|Z|P|00SC-00050-F|      |38633567| 75067650|    |      |99|00|000|N|            |N|3|       1|0|        |MILFORD BY PASS                                   
S|10|008097|5|1|22|5R|2|T|2|3|H|2|3|Z|13|N|2|0|Z|2|Z|Z|P|00SC-00050-F|      |38633567| 75067650|    |      |99|00|000|N|            |N|3|       1|0|        |MILFORD BY PASS                                   
S|10|008097|5|2|22|5R|2|T|2|3|H|2|3|Z|13|N|2|0|Z|2|Z|Z|P|00SC-00050-F|      |38633567| 75067650|    |      |99|00|000|N|            |N|3|       1|0|        |MILFORD BY PASS                                   
S|10|008098|1|1|22|3R|1|T|1|3|H|1|3|Z|13|N|1|0|Z|2|Z|Z|P|00SC-00513-F|      |38461780| 75683360|    |      |13|00|000|N|            |N|3|      54|0|        |                                                  
S|10|008098|5|1|22|3R|1|T|1|3|H|1|3|Z|13|N|1|0|Z|2|Z|Z|P|00SC-00513-F|      |38461780| 75683360|    |      |13|00|000|N|            |N|3|      54|0|        |                                                  
S|10|008099|1|1|22|5R|2|T|2|3|H|2|3|Z|13|N|2|0|Z|2|Z|Z|P|00SC-00050-F|      |38475433| 75051710|    |      |07|00|000|N|            |N|3|       1|0|        |                                                  
S|10|008099|1|2|22|5R|2|T|2|3|H|2|3|Z|13|N|2|0|Z|2|Z|Z|P|00SC-00050-F|      |38475433| 75051710|    |      |07|00|000|N|            |N|3|       1|0|        |                                                  
S|10|008099|5|1|22|5R|2|T|2|3|H|2|3|Z|13|N|2|0|Z|2|Z|Z|P|00SC-00050-F|      |38475433| 75051710|    |      |07|00|000|N|            |N|3|       1|0|        |                                                  
S|10|008099|5|2|22|5R|2|T|2|3|H|2|3|Z|13|N|2|0|Z|2|Z|Z|P|00SC-00050-F|      |38475433| 75051710|    |      |07|00|000|N|            |N|3|       1|0|        |                                                  
S|10|008140|3|1|22|3R|1|T|1|3|H|1|3|Z|13|N|1|0|Z|2|Z|Z|P|00SC-00026-F|      |38452860| 75393660|    |      |13|00|000|N|            |N|3|      26|0|        |                                                  
S|10|008140|7|1|22|3R|1|T|1|3|H|1|3|Z|13|N|1|0|Z|2|Z|Z|P|00SC-00026-F|      |38452860| 75393660|    |      |13|00|000|N|            |N|3|      26|0|        |                                                  
S|10|008141|3|1|22|3R|1|T|1|3|H|1|3|Z|13|N|1|0|Z|2|Z|Z|P|00SC-00024-F|      |38521880| 75696620|    |      |13|00|000|N|            |N|3|      24|0|        |                                                  
S|10|008141|7|1|22|3R|1|T|1|3|H|1|3|Z|13|N|1|0|Z|2|Z|Z|P|00SC-00024-F|      |38521880| 75696620|    |      |13|00|000|N|            |N|3|      24|0|        |                                                  
S|10|009314|1|1|22|3U|3|T|3|3|N|3|0| |03|B|3|0| |2|W|N|P|           0|      |39719653| 75613606|    |      |22|00|000|N|            |N|1|      95|0|       0|SR141 south of Burnside Blvd                      
S|10|009314|1|2|22|3U|3|T|3|3|N|3|0| |03|B|3|0| |2|W|N|P|           0|      |39719653| 75613606|    |      |22|00|000|N|            |N|1|      95|0|       0|SR141 south of Burnside Blvd                      
S|10|009314|1|3|22|3U|3|T|3|3|N|3|0| |03|B|3|0| |2|W|N|P|           0|      |39719653| 75613606|    |      |22|00|000|N|            |N|1|      95|0|       0|SR141 south of Burnside Blvd                      
S|10|009314|5|1|22|3U|3|T|3|3|N|3|0| |03|B|3|0| |2|W|N|P|           0|      |39719653| 75613606|    |      |22|00|000|N|            |N|1|      95|0|       0|SR141 south of Burnside Blvd                      
S|10|009314|5|2|22|3U|3|T|3|3|N|3|0| |03|B|3|0| |2|W|N|P|           0|      |39719653| 75613606|    |      |22|00|000|N|            |N|1|      95|0|       0|SR141 south of Burnside Blvd                      
S|10|009314|5|3|22|3U|3|T|3|3|N|3|0| |03|B|3|0| |2|W|N|P|           0|      |39719653| 75613606|    |      |22|00|000|N|            |N|1|      95|0|       0|SR141 south of Burnside Blvd                      
S|10|100100|1|1|22|3R|2|T|2|3|H|2|3|Z|13|L|2|0|Z|2|Z|Z|R|00SC-00113-F|      |38895917| 75574367| 100|      |00|00|000|N|            |N|2|     113|0|        |                                                  
S|10|100100|1|2|22|3R|2|T|2|3|H|2|3|Z|13|L|2|0|Z|2|Z|Z|R|00SC-00113-F|      |38895917| 75574367| 100|      |00|00|000|N|            |N|2|     113|0|        |                                                  
S|10|100100|5|1|22|3R|2|T|2|3|H|2|3|Z|13|L|2|0|Z|2|Z|Z|R|00SC-00113-F|      |38895917| 75574367| 100|      |00|00|000|N|            |N|2|     113|0|        |                                                  
S|10|100100|5|2|22|3R|2|T|2|3|H|2|3|Z|13|L|2|0|Z|2|Z|Z|R|00SC-00113-F|      |38895917| 75574367| 100|      |00|00|000|N|            |N|2|     113|0|        |                                                  
S|10|100200|1|1|22|3R|2|T|2|3|H|2|3|Z|13|L|2|0|Z|2|Z|Z|R|00SC-00113-F|      |38763417| 75438650| 200|      |00|00|000|N|            |N|2|     113|0|        |                                                  
S|10|100200|1|2|22|3R|2|T|2|3|H|2|3|Z|13|L|2|0|Z|2|Z|Z|R|00SC-00113-F|      |38763417| 75438650| 200|      |00|00|000|N|            |N|2|     113|0|        |                                                  
S|10|100200|5|1|22|3R|2|T|2|3|H|2|3|Z|13|L|2|0|Z|2|Z|Z|R|00SC-00113-F|      |38763417| 75438650| 200|      |00|00|000|N|            |N|2|     113|0|        |                                                  
S|10|100200|5|2|22|3R|2|T|2|3|H|2|3|Z|13|L|2|0|Z|2|Z|Z|R|00SC-00113-F|      |38763417| 75438650| 200|      |00|00|000|N|            |N|2|     113|0|        |                                                  
S|10|101201|1|1|22|5R|2|T|2|3|H|2|3|Z|13|L|2|0|Z|2|Z|Z|R|00SC-00014-F|      |38800500| 75265900|1201|      |00|00|000|N|            |N|3|       1|0|        |                                                  
S|10|101201|1|2|22|5R|2|T|2|3|H|2|3|Z|13|L|2|0|Z|2|Z|Z|R|00SC-00014-F|      |38800500| 75265900|1201|      |00|00|000|N|            |N|3|       1|0|        |                                                  
S|10|101201|5|1|22|5R|2|T|2|3|H|2|3|Z|13|L|2|0|Z|2|Z|Z|R|00SC-00014-F|      |38800500| 75265900|1201|      |00|00|000|N|            |N|3|       1|0|        |                                                  
S|10|101201|5|2|22|5R|2|T|2|3|H|2|3|Z|13|L|2|0|Z|2|Z|Z|R|00SC-00014-F|      |38800500| 75265900|1201|      |00|00|000|N|            |N|3|       1|0|        |                                                  
S|10|101450|1|1|22|3R|2|T|2|3|H|2|3|Z|13|L|2|0|Z|2|Z|Z|R|00KC-00008-F|      |39020483| 75461300|1450|      |00|00|000|N|            |N|2|     113|0|        |                                                  
S|10|101450|1|2|22|3R|2|T|2|3|H|2|3|Z|13|L|2|0|Z|2|Z|Z|R|00KC-00008-F|      |39020483| 75461300|1450|      |00|00|000|N|            |N|2|     113|0|        |                                                  
S|10|101450|5|1|22|3R|2|T|2|3|H|2|3|Z|13|L|2|0|Z|2|Z|Z|R|00KC-00008-F|      |39020483| 75461300|1450|      |00|00|000|N|            |N|2|     113|0|        |                                                  
S|10|101450|5|2|22|3R|2|T|2|3|H|2|3|Z|13|L|2|0|Z|2|Z|Z|R|00KC-00008-F|      |39020483| 75461300|1450|      |00|00|000|N|            |N|2|     113|0|        |                                                  
S|10|104002|3|1|22|5U|2|T|2|3|H|2|3|Z|13|L|2|0|Z|2|Z|Z|R|00KC-00356-F|      |39117933| 75511110|4002|      |99|00|000|N|            |N|3|      10|0|        |                                                  
S|10|104002|3|2|22|5U|2|T|2|3|H|2|3|Z|13|L|2|0|Z|2|Z|Z|R|00KC-00356-F|      |39117933| 75511110|4002|      |99|00|000|N|            |N|3|      10|0|        |                                                  
S|10|104002|7|1|22|5U|2|T|2|3|H|2|3|Z|13|L|2|0|Z|2|Z|Z|R|00KC-00356-F|      |39117933| 75511110|4002|      |99|00|000|N|            |N|3|      10|0|        |                                                  
S|10|104002|7|2|22|5U|2|T|2|3|H|2|3|Z|13|L|2|0|Z|2|Z|Z|R|00KC-00356-F|      |39117933| 75511110|4002|      |99|00|000|N|            |N|3|      10|0|        |                                                  
S|10|105004|1|1|22|1U|3|T|3|3|H|3|3|Z|13|L|0|0|Z|2|Z|Z|R|00NC-00060-F|      |39779033| 75477430|5004|      |00|00|000|N|            |N|1|     495|1|        |                                                  
S|10|105004|1|2|22|1U|3|T|3|3|H|3|3|Z|13|L|0|0|Z|2|Z|Z|R|00NC-00060-F|      |39779033| 75477430|5004|      |00|00|000|N|            |N|1|     495|1|        |                                                  
S|10|105004|1|3|22|1U|3|T|3|3|H|3|3|Z|13|L|0|0|Z|2|Z|Z|R|00NC-00060-F|      |39779033| 75477430|5004|      |00|00|000|N|            |N|1|     495|1|        |                                                  
S|10|105004|5|1|22|1U|3|T|3|3|H|3|3|Z|13|L|0|0|Z|2|Z|Z|R|00NC-00060-F|      |39779033| 75477430|5004|      |00|00|000|N|            |N|1|     495|1|        |                                                  
S|10|105004|5|2|22|1U|3|T|3|3|H|3|3|Z|13|L|0|0|Z|2|Z|Z|R|00NC-00060-F|      |39779033| 75477430|5004|      |00|00|000|N|            |N|1|     495|1|        |                                                  
S|10|105004|5|3|22|1U|3|T|3|3|H|3|3|Z|13|L|0|0|Z|2|Z|Z|R|00NC-00060-F|      |39779033| 75477430|5004|      |00|00|000|N|            |N|1|     495|1|        |                                                  
S|10|105005|1|1|22|5R|2|T|2|3|H|2|3|Z|13|L|2|0|Z|2|Z|Z|R|0KC-00008A-F|      |38929450| 75417680|5005|      |00|00|000|N|            |N|3|       1|0|        |                                                  
S|10|105005|1|2|22|5R|2|T|2|3|H|2|3|Z|13|L|2|0|Z|2|Z|Z|R|0KC-00008A-F|      |38929450| 75417680|5005|      |00|00|000|N|            |N|3|       1|0|        |                                                  
S|10|105005|5|1|22|5R|2|T|2|3|H|2|3|Z|13|L|2|0|Z|2|Z|Z|R|0KC-00008A-F|      |38929450| 75417680|5005|      |00|00|000|N|            |N|3|       1|0|        |                                                  
S|10|105005|5|2|22|5R|2|T|2|3|H|2|3|Z|13|L|2|0|Z|2|Z|Z|R|0KC-00008A-F|      |38929450| 75417680|5005|      |00|00|000|N|            |N|3|       1|0|        |                                                  
