Record_Type|Year_Record|State_Code|Station_Id|Travel_Dir|Travel_Lane|F_System|Num_Lanes|Sample_Type_Volume|Num_Lanes_Volume|Method_Volume|Sample_Type_Class|Num_Lanes_Class|Method_Class|Algorithm_Volume|Num_Classes|Sample_Type_Truck|Num_Lanes_Truck|Method_Truck|Calibration|Data_Retrieval|Type_Sensor_1|Type_Sensor_2|Primary_Purpose|LRS_Id|LRS_Point|Latitude|Longitude|SHRP_Id|Prev_Station_Id|Year_Established|Year_Discontinued|County_Code|Is_Sample|Sample_Id|NHS|Posted_Route_Signing|Posted_Signed_Route|Con_Route_Signing|Con_Signed_Route|Station_Location
S|15|000002|1|1|22|3U|1|T|1|3|H|1|3|F|15|B|1|5|C|2|P|L|R|000000001900| 83600|19827761|155945863|7080|      |91|00|001|Y|00019x077310|Y|4|00000019|4|00000019|QUEEN KAAHUMANU HWY @ MP 83.6                     
S|15|000002|5|1|22|3U|2|T|2|3|H|2|3|F|15|B|2|5|C|2|P|L|R|000000001900| 83600|19827761|155945863|7080|      |91|00|001|Y|00019x077310|Y|4|00000019|4|00000019|QUEEN KAAHUMANU HWY @ MP 83.6                     
S|15|000002|5|2|22|3U|2|T|2|3|H|2|3|F|15|B|2|5|C|2|P|L|R|000000001900| 83600|19827761|155945863|7080|      |91|00|001|Y|00019x077310|Y|4|00000019|4|00000019|QUEEN KAAHUMANU HWY @ MP 83.6                     
S|15|000003|1|1|22|3U|1|T|1|3|H|1|3|G|15|B|1|5|C|2|P|L|R|000000001100|120980|19633585|155977454|1008|      |91|00|001|Y|00011x120450|N|4|00000011|4|00000011|QUEEN KAAHUMANU HWY RTE 11 AT                     
S|15|000003|5|1|22|3U|1|T|1|3|H|1|3|G|15|B|1|5|C|2|P|L|R|000000001100|120980|19633585|155977454|1008|      |91|00|001|Y|00011x120450|N|4|00000011|4|00000011|QUEEN KAAHUMANU HWY RTE 11 AT                     
S|15|000004|1|1|22|3U|3|T|3|3|H|3|3|F|15|T|3|5|C|2|B|L|P|000000009500|   200|21329999|158089846|    |      |03|00|003|Y|00095x000000|Y|4|00000095|4|00000095|KALAELOA BLVD @ PALAILAI IC                       
S|15|000004|1|2|22|3U|3|T|3|3|H|3|3|F|15|T|3|5|C|2|B|L|P|000000009500|   200|21329999|158089846|    |      |03|00|003|Y|00095x000000|Y|4|00000095|4|00000095|KALAELOA BLVD @ PALAILAI IC                       
S|15|000004|1|3|22|3U|3|T|3|3|H|3|3|F|15|T|3|5|C|2|B|L|P|000000009500|   200|21329999|158089846|    |      |03|00|003|Y|00095x000000|Y|4|00000095|4|00000095|KALAELOA BLVD @ PALAILAI IC                       
S|15|000004|5|1|22|3U|2|T|2|3|H|2|3|F|15|T|2|5|C|2|B|L|P|000000009500|   200|21329999|158089846|    |      |03|00|003|Y|00095x000000|Y|4|00000095|4|00000095|KALAELOA BLVD @ PALAILAI IC                       
S|15|000004|5|2|22|3U|2|T|2|3|H|2|3|F|15|T|2|5|C|2|B|L|P|000000009500|   200|21329999|158089846|    |      |03|00|003|Y|00095x000000|Y|4|00000095|4|00000095|KALAELOA BLVD @ PALAILAI IC                       
S|15|000006|3|1|22|3U|3|T|3|3| |0|0| |13|T|0|0| |2|L|Z|P|000000009900|      |21380615|157939774|    |      |87|00|003|Y|00099x020250|N|4|00000099|4|00000099|Kamehameha Hwy at Kalauao Brid                    
S|15|000006|3|2|22|3U|3|T|3|3| |0|0| |13|T|0|0| |2|L|Z|P|000000009900|      |21380615|157939774|    |      |87|00|003|Y|00099x020250|N|4|00000099|4|00000099|Kamehameha Hwy at Kalauao Brid                    
S|15|000006|3|3|22|3U|3|T|3|3| |0|0| |13|T|0|0| |2|L|Z|P|000000009900|      |21380615|157939774|    |      |87|00|003|Y|00099x020250|N|4|00000099|4|00000099|Kamehameha Hwy at Kalauao Brid                    
S|15|000006|7|1|22|3U|3|T|3|3| |0|0| |13|T|0|0| |2|L|Z|P|000000009900|      |21380615|157939774|    |      |87|00|003|Y|00099x020250|N|4|00000099|4|00000099|Kamehameha Hwy at Kalauao Brid                    
S|15|000006|7|2|22|3U|3|T|3|3| |0|0| |13|T|0|0| |2|L|Z|P|000000009900|      |21380615|157939774|    |      |87|00|003|Y|00099x020250|N|4|00000099|4|00000099|Kamehameha Hwy at Kalauao Brid                    
S|15|000006|7|3|22|3U|3|T|3|3| |0|0| |13|T|0|0| |2|L|Z|P|000000009900|      |21380615|157939774|    |      |87|00|003|Y|00099x020250|N|4|00000099|4|00000099|Kamehameha Hwy at Kalauao Brid                    
S|15|000015|4|1|22|3U|2|T|2|3|H|2|3|G|15|T|2|5|C|2|L|Z|P|000000009300|      |21458934|158203807|    |      |89|00|003|Y|00093x011930|Y|4|00000093|4|00000093|Farrington Hwy at Makaha Bridg                    
S|15|000015|4|2|22|3U|2|T|2|3|H|2|3|G|15|T|2|5|C|2|L|Z|P|000000009300|      |21458934|158203807|    |      |89|00|003|Y|00093x011930|Y|4|00000093|4|00000093|Farrington Hwy at Makaha Bridg                    
S|15|000015|8|1|22|3U|2|T|2|3|H|2|3|G|15|T|2|5|C|2|L|Z|P|000000009300|      |21458934|158203807|    |      |89|00|003|Y|00093x011930|Y|4|00000093|4|00000093|Farrington Hwy at Makaha Bridg                    
S|15|000015|8|2|22|3U|2|T|2|3|H|2|3|G|15|T|2|5|C|2|L|Z|P|000000009300|      |21458934|158203807|    |      |89|00|003|Y|00093x011930|Y|4|00000093|4|00000093|Farrington Hwy at Makaha Bridg                    
S|15|000023|2|1|22|2U|2|T|2|3|H|2|3| |15|T|2|5| |2|P|L|P|000000006300|      |21358470|157857174|    |      |03|00|003|Y|00063x002380|N|4|00000063|4|00000063|LIKELIKE HWY 400' NORTH OF VAL                    
S|15|000023|2|2|22|2U|2|T|2|3|H|2|3| |15|T|2|5| |2|P|L|P|000000006300|      |21358470|157857174|    |      |03|00|003|Y|00063x002380|N|4|00000063|4|00000063|LIKELIKE HWY 400' NORTH OF VAL                    
S|15|000023|6|1|22|2U|2|T|2|3|H|2|3| |15|T|2|5| |2|P|L|P|000000006300|      |21358470|157857174|    |      |03|00|003|Y|00063x002380|N|4|00000063|4|00000063|LIKELIKE HWY 400' NORTH OF VAL                    
S|15|000023|6|2|22|2U|2|T|2|3|H|2|3| |15|T|2|5| |2|P|L|P|000000006300|      |21358470|157857174|    |      |03|00|003|Y|00063x002380|N|4|00000063|4|00000063|LIKELIKE HWY 400' NORTH OF VAL                    
S|15|000029|1|1|22|3U|1|T|1|3|H|1|3| |15|T|1|5| |2|P|L|P|000000008300|      |21524097|157835068|    |      |81|00|003|Y|00083x029269|Y|4|00000083|4|00000083|Kamehameha Hwy 1.6 Mi NE of Jo                    
S|15|000029|5|1|22|3U|1|T|1|3|H|1|3| |15|T|1|5| |2|P|L|P|000000008300|      |21524097|157835068|    |      |81|00|003|Y|00083x029269|Y|4|00000083|4|00000083|Kamehameha Hwy 1.6 Mi NE of Jo                    
S|15|00002B|3|1|22|1U|2|T|2|3|H|2|3| |15|T|2|5| |2|L|L|P|000000000100|      |21337043|157885495|    |      |05|00|003|Y|00001x018520|Y|2|00000001|2|00000001|Interstate Route H-1 MP 18.77                     
S|15|00002B|3|2|22|1U|2|T|2|3|H|2|3| |15|T|2|5| |2|L|L|P|000000000100|      |21337043|157885495|    |      |05|00|003|Y|00001x018520|Y|2|00000001|2|00000001|Interstate Route H-1 MP 18.77                     
S|15|00002B|7|1|22|1U|2|T|2|3|H|2|3| |15|T|2|5| |2|L|L|P|000000000100|      |21337043|157885495|    |      |05|00|003|Y|00001x018520|Y|2|00000001|2|00000001|Interstate Route H-1 MP 18.77                     
S|15|00002B|7|2|22|1U|2|T|2|3|H|2|3| |15|T|2|5| |2|L|L|P|000000000100|      |21337043|157885495|    |      |05|00|003|Y|00001x018520|Y|2|00000001|2|00000001|Interstate Route H-1 MP 18.77                     
S|15|000045|3|1|22|2U|3|T|3|3|H|3|3|G|15|T|3|5|C|2|L|P|P|000000007200|      |21277568|157777914|    |      |78|00|003|Y|00072x016820|Y|4|00000072|4|00000072|Kalanianaole Hwy RT 72 MP 18.3                    
S|15|000045|3|2|22|2U|3|T|3|3|H|3|3|G|15|T|3|5|C|2|L|P|P|000000007200|      |21277568|157777914|    |      |78|00|003|Y|00072x016820|Y|4|00000072|4|00000072|Kalanianaole Hwy RT 72 MP 18.3                    
S|15|000045|3|3|22|2U|3|T|3|3|H|3|3|G|15|T|3|5|C|2|L|P|P|000000007200|      |21277568|157777914|    |      |78|00|003|Y|00072x016820|Y|4|00000072|4|00000072|Kalanianaole Hwy RT 72 MP 18.3                    
S|15|000045|7|1|22|2U|4|T|4|3|H|4|3|G|15|T|4|5|C|2|L|P|P|000000007200|      |21277568|157777914|    |      |78|00|003|Y|00072x016820|Y|4|00000072|4|00000072|Kalanianaole Hwy RT 72 MP 18.3                    
S|15|000045|7|2|22|2U|4|T|4|3|H|4|3|G|15|T|4|5|C|2|L|P|P|000000007200|      |21277568|157777914|    |      |78|00|003|Y|00072x016820|Y|4|00000072|4|00000072|Kalanianaole Hwy RT 72 MP 18.3                    
S|15|000045|7|3|22|2U|4|T|4|3|H|4|3|G|15|T|4|5|C|2|L|P|P|000000007200|      |21277568|157777914|    |      |78|00|003|Y|00072x016820|Y|4|00000072|4|00000072|Kalanianaole Hwy RT 72 MP 18.3                    
S|15|000045|7|4|22|2U|4|T|4|3|H|4|3|G|15|T|4|5|C|2|L|P|P|000000007200|      |21277568|157777914|    |      |78|00|003|Y|00072x016820|Y|4|00000072|4|00000072|Kalanianaole Hwy RT 72 MP 18.3                    
S|15|0000S9|1|1|22|3U|1|T|1|3|H|1|3|G|15|B|1|5|C|2|P|L|R|000000001100|120980|19633585|155977454|1008|      |91|00|001|Y|00011x120450|N|4|00000011|4|00000011|QUEEN KAAHUMANU HWY RTE 11 AT                     
S|15|0000S9|5|1|22|3U|1|T|1|3|H|1|3|G|15|B|1|5|C|2|P|L|R|000000001100|120980|19633585|155977454|1008|      |91|00|001|Y|00011x120450|N|4|00000011|4|00000011|QUEEN KAAHUMANU HWY RTE 11 AT                     
S|15|00010W|1|1|22|3U|2|T|2|3|H|2|3|G|15|T|2|5|C|2|B|L|P|000000009500|      |21329999|158089846|    |      |03|00|003|Y|00095x000000|Y|4|00000095|4|00000095|KALAELOA BLVD @ PALAILAI IC                       
S|15|00010W|1|2|22|3U|2|T|2|3|H|2|3|G|15|T|2|5|C|2|B|L|P|000000009500|      |21329999|158089846|    |      |03|00|003|Y|00095x000000|Y|4|00000095|4|00000095|KALAELOA BLVD @ PALAILAI IC                       
S|15|00010W|5|1|22|3U|2|T|2|3|H|2|3|G|15|T|2|5|C|2|B|L|P|000000009500|      |21329999|158089846|    |      |03|00|003|Y|00095x000000|Y|4|00000095|4|00000095|KALAELOA BLVD @ PALAILAI IC                       
S|15|00010W|5|2|22|3U|2|T|2|3|H|2|3|G|15|T|2|5|C|2|B|L|P|000000009500|      |21329999|158089846|    |      |03|00|003|Y|00095x000000|Y|4|00000095|4|00000095|KALAELOA BLVD @ PALAILAI IC                       
S|15|00017J|4|1|22|3R|1|T|1|3|H|1|3| |15|T|1|5| |2|P|L|P|000000001900|      |19804361|155099845|    |      |92|00|001|Y|00019x007727|Y|4|00000019|4|00000019|Hawaii Belt Rd RT 19 MP 8.01                      
S|15|00017J|8|1|22|3R|1|T|1|3|H|1|3| |15|T|1|5| |2|P|L|P|000000001900|      |19804361|155099845|    |      |92|00|001|Y|00019x007727|Y|4|00000019|4|00000019|Hawaii Belt Rd RT 19 MP 8.01                      
S|15|000228|3|1|22|3U|4|T|4|3| |0|0| |13|T|0|0| |2|L|Z|P|000092003990|      |21328228|157886501|    |      |08|00|003|Y|00092x003990|Y|4|00000092|4|00000092|Nimitz Hwy RT 92  MP 4.04                         
S|15|000228|3|2|22|3U|4|T|4|3| |0|0| |13|T|0|0| |2|L|Z|P|000092003990|      |21328228|157886501|    |      |08|00|003|Y|00092x003990|Y|4|00000092|4|00000092|Nimitz Hwy RT 92  MP 4.04                         
S|15|000228|3|3|22|3U|4|T|4|3| |0|0| |13|T|0|0| |2|L|Z|P|000092003990|      |21328228|157886501|    |      |08|00|003|Y|00092x003990|Y|4|00000092|4|00000092|Nimitz Hwy RT 92  MP 4.04                         
S|15|000228|3|4|22|3U|4|T|4|3| |0|0| |13|T|0|0| |2|L|Z|P|000092003990|      |21328228|157886501|    |      |08|00|003|Y|00092x003990|Y|4|00000092|4|00000092|Nimitz Hwy RT 92  MP 4.04                         
S|15|000228|7|1|22|3U|5|T|5|3| |0|0| |13|T|0|0| |2|L|Z|P|000092003990|      |21328228|157886501|    |      |08|00|003|Y|00092x003990|Y|4|00000092|4|00000092|Nimitz Hwy RT 92  MP 4.04                         
S|15|000228|7|2|22|3U|5|T|5|3| |0|0| |13|T|0|0| |2|L|Z|P|000092003990|      |21328228|157886501|    |      |08|00|003|Y|00092x003990|Y|4|00000092|4|00000092|Nimitz Hwy RT 92  MP 4.04                         
S|15|000228|7|3|22|3U|5|T|5|3| |0|0| |13|T|0|0| |2|L|Z|P|000092003990|      |21328228|157886501|    |      |08|00|003|Y|00092x003990|Y|4|00000092|4|00000092|Nimitz Hwy RT 92  MP 4.04                         
S|15|000228|7|4|22|3U|5|T|5|3| |0|0| |13|T|0|0| |2|L|Z|P|000092003990|      |21328228|157886501|    |      |08|00|003|Y|00092x003990|Y|4|00000092|4|00000092|Nimitz Hwy RT 92  MP 4.04                         
S|15|000228|7|5|22|3U|5|T|5|3| |0|0| |13|T|0|0| |2|L|Z|P|000092003990|      |21328228|157886501|    |      |08|00|003|Y|00092x003990|Y|4|00000092|4|00000092|Nimitz Hwy RT 92  MP 4.04                         
S|15|000300|4|1|22|4R|1|T|1|3| |0|0| |13|T|0|0| |2|L|Z|P|000000005600|      |22209603|159413420|    |      |82|00|007|Y|00056x023360|N|4|00000056|4|00000056|Kuhio Hwy RT 56 MP 23.53                          
S|15|000300|8|1|22|4R|1|T|1|3| |0|0| |13|T|0|0| |2|L|Z|P|000000005600|      |22209603|159413420|    |      |82|00|007|Y|00056x023360|N|4|00000056|4|00000056|Kuhio Hwy RT 56 MP 23.53                          
S|15|000323|3|1|22|2U|2|T|2|3|H|2|3|F|15|T|2|5|C|2|L|Z|P|000000006100|  5690|21365439|157794787|    |      |87|00|003|Y|00061x004340|Y|4|00000061|4|00000061|Pali Highway  RT 61  MP 5.69                      
S|15|000323|3|2|22|2U|2|T|2|3|H|2|3|F|15|T|2|5|C|2|L|Z|P|000000006100|  5690|21365439|157794787|    |      |87|00|003|Y|00061x004340|Y|4|00000061|4|00000061|Pali Highway  RT 61  MP 5.69                      
S|15|000323|7|1|22|2U|2|T|2|3|H|2|3|F|15|T|2|5|C|2|L|Z|P|000000006100|  5690|21365439|157794787|    |      |87|00|003|Y|00061x004340|Y|4|00000061|4|00000061|Pali Highway  RT 61  MP 5.69                      
S|15|000323|7|2|22|2U|2|T|2|3|H|2|3|F|15|T|2|5|C|2|L|Z|P|000000006100|  5690|21365439|157794787|    |      |87|00|003|Y|00061x004340|Y|4|00000061|4|00000061|Pali Highway  RT 61  MP 5.69                      
S|15|00036B|3|1|22|4R|2|T|2|3|H|2|3|F|15|T|2|5|C|2|L|Z|P|000000003600|  6280|20913767|156386861|    |      |07|00|009|Y|00036x003370|N|4|00000036|4|00000036|Hana Hwy  - RT 30 MP 6.28                         
S|15|00036B|3|2|22|4R|2|T|2|3|H|2|3|F|15|T|2|5|C|2|L|Z|P|000000003600|  6280|20913767|156386861|    |      |07|00|009|Y|00036x003370|N|4|00000036|4|00000036|Hana Hwy  - RT 30 MP 6.28                         
S|15|00036B|7|1|22|4R|1|T|1|3|H|1|3|F|15|T|1|5|C|2|L|Z|P|000000003600|  6280|20913767|156386861|    |      |07|00|009|Y|00036x003370|N|4|00000036|4|00000036|Hana Hwy  - RT 30 MP 6.28                         
S|15|000400|4|1|22|4U|2|T|2|3|H|2|3| |15|T|2|5| |2|L|L|P|000000003000|      |20912993|156689245|    |      |82|00|009|Y|00030x022260|N|4|00000030|4|00000030|Honoapiilani Hwy RT 30 MP 23.5                    
S|15|000400|4|2|22|4U|2|T|2|3|H|2|3| |15|T|2|5| |2|L|L|P|000000003000|      |20912993|156689245|    |      |82|00|009|Y|00030x022260|N|4|00000030|4|00000030|Honoapiilani Hwy RT 30 MP 23.5                    
S|15|000400|8|1|22|4U|2|T|2|3|H|2|3| |15|T|2|5| |2|L|L|P|000000003000|      |20912993|156689245|    |      |82|00|009|Y|00030x022260|N|4|00000030|4|00000030|Honoapiilani Hwy RT 30 MP 23.5                    
S|15|000400|8|2|22|4U|2|T|2|3|H|2|3| |15|T|2|5| |2|L|L|P|000000003000|      |20912993|156689245|    |      |82|00|009|Y|00030x022260|N|4|00000030|4|00000030|Honoapiilani Hwy RT 30 MP 23.5                    
S|15|000411|2|1|22|1U|2|T|2|3|H|2|3| |15|T|2|5| |2|B|L|P|000000000300|      |21380383|157903851|    |      |97|00|003|Y|00003x001100|Y|2|00000003|2|00000003|H-3 FRWY AT MP 1.28                               
S|15|000411|2|2|22|1U|2|T|2|3|H|2|3| |15|T|2|5| |2|B|L|P|000000000300|      |21380383|157903851|    |      |97|00|003|Y|00003x001100|Y|2|00000003|2|00000003|H-3 FRWY AT MP 1.28                               
S|15|000411|6|1|22|1U|2|T|2|3|H|2|3| |15|T|2|5| |2|B|L|P|000000000300|      |21380383|157903851|    |      |97|00|003|Y|00003x001100|Y|2|00000003|2|00000003|H-3 FRWY AT MP 1.28                               
S|15|000411|6|2|22|1U|2|T|2|3|H|2|3| |15|T|2|5| |2|B|L|P|000000000300|      |21380383|157903851|    |      |97|00|003|Y|00003x001100|Y|2|00000003|2|00000003|H-3 FRWY AT MP 1.28                               
S|15|00041T|2|1|22|1U|2|T|2|3| |0|0| |13|T|0|0| |2|L|Z|P|000000000300|      |21381595|157795166|    |      |97|00|003|Y|00003x008170|Y|2|00000003|2|00000003|Interstate Route H-3  RT H-3                      
S|15|00041T|2|2|22|1U|2|T|2|3| |0|0| |13|T|0|0| |2|L|Z|P|000000000300|      |21381595|157795166|    |      |97|00|003|Y|00003x008170|Y|2|00000003|2|00000003|Interstate Route H-3  RT H-3                      
S|15|00041T|6|1|22|1U|2|T|2|3| |0|0| |13|T|0|0| |2|L|Z|P|000000000300|      |21381595|157795166|    |      |97|00|003|Y|00003x008170|Y|2|00000003|2|00000003|Interstate Route H-3  RT H-3                      
S|15|00041T|6|2|22|1U|2|T|2|3| |0|0| |13|T|0|0| |2|L|Z|P|000000000300|      |21381595|157795166|    |      |97|00|003|Y|00003x008170|Y|2|00000003|2|00000003|Interstate Route H-3  RT H-3                      
S|15|000438|4|1|22|3U|3|T|3|3|H|3|3| |15|T|3|5| |2|P|L|P|000000009200|      |21304298|157863106|    |      |09|00|003|Y|00092x006500|Y|4|00000092|4|00000092|ALA MOANA BLVD. @ MP 6.58                         
S|15|000438|4|2|22|3U|3|T|3|3|H|3|3| |15|T|3|5| |2|P|L|P|000000009200|      |21304298|157863106|    |      |09|00|003|Y|00092x006500|Y|4|00000092|4|00000092|ALA MOANA BLVD. @ MP 6.58                         
S|15|000438|4|3|22|3U|3|T|3|3|H|3|3| |15|T|3|5| |2|P|L|P|000000009200|      |21304298|157863106|    |      |09|00|003|Y|00092x006500|Y|4|00000092|4|00000092|ALA MOANA BLVD. @ MP 6.58                         
S|15|000438|8|1|22|3U|3|T|3|3|H|3|3| |15|T|3|5| |2|P|L|P|000000009200|      |21304298|157863106|    |      |09|00|003|Y|00092x006500|Y|4|00000092|4|00000092|ALA MOANA BLVD. @ MP 6.58                         
S|15|000438|8|2|22|3U|3|T|3|3|H|3|3| |15|T|3|5| |2|P|L|P|000000009200|      |21304298|157863106|    |      |09|00|003|Y|00092x006500|Y|4|00000092|4|00000092|ALA MOANA BLVD. @ MP 6.58                         
S|15|000438|8|3|22|3U|3|T|3|3|H|3|3| |15|T|3|5| |2|P|L|P|000000009200|      |21304298|157863106|    |      |09|00|003|Y|00092x006500|Y|4|00000092|4|00000092|ALA MOANA BLVD. @ MP 6.58                         
S|15|000C2F|4|1|22|4R|1|T|2|3|H|2|3| |15|T|2|5| |2|P|L|P|000000013000|      |19602197|155024233|    |      |94|00|001|Y|00130x000040|N|4|00000130|4|00000130|Keaau-Pahoa Rd RT 130 MP 1.83                     
S|15|000C2F|4|2|22|4R|1|T|2|3|H|2|3| |15|T|2|5| |2|P|L|P|000000013000|      |19602197|155024233|    |      |94|00|001|Y|00130x000040|N|4|00000130|4|00000130|Keaau-Pahoa Rd RT 130 MP 1.83                     
S|15|000C2F|8|1|22|4R|1|T|2|3|H|2|3| |15|T|2|5| |2|P|L|P|000000013000|      |19602197|155024233|    |      |94|00|001|Y|00130x000040|N|4|00000130|4|00000130|Keaau-Pahoa Rd RT 130 MP 1.83                     
S|15|000C2F|8|2|22|4R|1|T|2|3|H|2|3| |15|T|2|5| |2|P|L|P|000000013000|      |19602197|155024233|    |      |94|00|001|Y|00130x000040|N|4|00000130|4|00000130|Keaau-Pahoa Rd RT 130 MP 1.83                     
S|15|000C3E|2|1|22|4R|1|T|1|3| |0|0| |13|T|0|0| |2|L|Z|P|000000001100|      |19488137|155151457|    |      |92|00|001|Y|00011x014720|N|4|00000011|4|00000011|Volcano Rd RT 11 MP 19.66                         
S|15|000C3E|6|1|22|4R|1|T|1|3| |0|0| |13|T|0|0| |2|L|Z|P|000000001100|      |19488137|155151457|    |      |92|00|001|Y|00011x014720|N|4|00000011|4|00000011|Volcano Rd RT 11 MP 19.66                         
S|15|000C4K|3|1|22|1U|4|T|4|3|H|4|3| |15|T|4|5| |2|P|L|P|000000020100|      |21344313|157892629|    |      |09|00|003|Y|00201x003100|Y|2|00000201|2|00000201|INTERSTATE ROUTE H-201 @ M.P.                     
S|15|000C4K|3|2|22|1U|4|T|4|3|H|4|3| |15|T|4|5| |2|P|L|P|000000020100|      |21344313|157892629|    |      |09|00|003|Y|00201x003100|Y|2|00000201|2|00000201|INTERSTATE ROUTE H-201 @ M.P.                     
S|15|000C4K|3|3|22|1U|4|T|4|3|H|4|3| |15|T|4|5| |2|P|L|P|000000020100|      |21344313|157892629|    |      |09|00|003|Y|00201x003100|Y|2|00000201|2|00000201|INTERSTATE ROUTE H-201 @ M.P.                     
S|15|000C4K|3|4|22|1U|4|T|4|3|H|4|3| |15|T|4|5| |2|P|L|P|000000020100|      |21344313|157892629|    |      |09|00|003|Y|00201x003100|Y|2|00000201|2|00000201|INTERSTATE ROUTE H-201 @ M.P.                     
S|15|000C4K|7|1|22|1U|4|T|4|3|H|4|3| |15|T|4|5| |2|P|L|P|000000020100|      |21344313|157892629|    |      |09|00|003|Y|00201x003100|Y|2|00000201|2|00000201|INTERSTATE ROUTE H-201 @ M.P.                     
S|15|000C4K|7|2|22|1U|4|T|4|3|H|4|3| |15|T|4|5| |2|P|L|P|000000020100|      |21344313|157892629|    |      |09|00|003|Y|00201x003100|Y|2|00000201|2|00000201|INTERSTATE ROUTE H-201 @ M.P.                     
S|15|000C4K|7|3|22|1U|4|T|4|3|H|4|3| |15|T|4|5| |2|P|L|P|000000020100|      |21344313|157892629|    |      |09|00|003|Y|00201x003100|Y|2|00000201|2|00000201|INTERSTATE ROUTE H-201 @ M.P.                     
S|15|000C4K|7|4|22|1U|4|T|4|3|H|4|3| |15|T|4|5| |2|P|L|P|000000020100|      |21344313|157892629|    |      |09|00|003|Y|00201x003100|Y|2|00000201|2|00000201|INTERSTATE ROUTE H-201 @ M.P.                     
S|15|000C6U|3|1|22|1U|3|T|3|3| |0|0| |13|T|0|0| |2|L|Z|P|000000020100|      |21372123|157922916|    |      |03|00|003|Y|00201x000060|Y|2|00000201|2|00000201|Moanalua Fwy Route H-201 MP 0.                    
S|15|000C6U|3|2|22|1U|3|T|3|3| |0|0| |13|T|0|0| |2|L|Z|P|000000020100|      |21372123|157922916|    |      |03|00|003|Y|00201x000060|Y|2|00000201|2|00000201|Moanalua Fwy Route H-201 MP 0.                    
S|15|000C6U|3|3|22|1U|3|T|3|3| |0|0| |13|T|0|0| |2|L|Z|P|000000020100|      |21372123|157922916|    |      |03|00|003|Y|00201x000060|Y|2|00000201|2|00000201|Moanalua Fwy Route H-201 MP 0.                    
S|15|000C6U|7|1|22|1U|2|T|2|3| |0|0| |13|T|0|0| |2|L|Z|P|000000020100|      |21372123|157922916|    |      |03|00|003|Y|00201x000060|Y|2|00000201|2|00000201|Moanalua Fwy Route H-201 MP 0.                    
S|15|000C6U|7|2|22|1U|2|T|2|3| |0|0| |13|T|0|0| |2|L|Z|P|000000020100|      |21372123|157922916|    |      |03|00|003|Y|00201x000060|Y|2|00000201|2|00000201|Moanalua Fwy Route H-201 MP 0.                    
S|15|000C7L|3|1|22|1U|9|T|9|3|H|9|3|G|15|T|9|5| |2|P|L|P|000000000100|      |21388820|157941500|    |      |06|00|003|Y|00001x010890|Y|2|00000001|2|00000001|H-1 FRWY 200' WEST OF KAONOHI                     
S|15|000C7L|3|2|22|1U|9|T|9|3|H|9|3|G|15|T|9|5| |2|P|L|P|000000000100|      |21388820|157941500|    |      |06|00|003|Y|00001x010890|Y|2|00000001|2|00000001|H-1 FRWY 200' WEST OF KAONOHI                     
S|15|000C7L|3|3|22|1U|9|T|9|3|H|9|3|G|15|T|9|5| |2|P|L|P|000000000100|      |21388820|157941500|    |      |06|00|003|Y|00001x010890|Y|2|00000001|2|00000001|H-1 FRWY 200' WEST OF KAONOHI                     
S|15|000C7L|3|4|22|1U|9|T|9|3|H|9|3|G|15|T|9|5| |2|P|L|P|000000000100|      |21388820|157941500|    |      |06|00|003|Y|00001x010890|Y|2|00000001|2|00000001|H-1 FRWY 200' WEST OF KAONOHI                     
S|15|000C7L|3|5|22|1U|9|T|9|3|H|9|3|G|15|T|9|5| |2|P|L|P|000000000100|      |21388820|157941500|    |      |06|00|003|Y|00001x010890|Y|2|00000001|2|00000001|H-1 FRWY 200' WEST OF KAONOHI                     
S|15|000C7L|3|6|22|1U|9|T|9|3|H|9|3|G|15|T|9|5| |2|P|L|P|000000000100|      |21388820|157941500|    |      |06|00|003|Y|00001x010890|Y|2|00000001|2|00000001|H-1 FRWY 200' WEST OF KAONOHI                     
S|15|000C7L|3|7|22|1U|9|T|9|3|H|9|3|G|15|T|9|5| |2|P|L|P|000000000100|      |21388820|157941500|    |      |06|00|003|Y|00001x010890|Y|2|00000001|2|00000001|H-1 FRWY 200' WEST OF KAONOHI                     
S|15|000C7L|3|8|22|1U|9|T|9|3|H|9|3|G|15|T|9|5| |2|P|L|P|000000000100|      |21388820|157941500|    |      |06|00|003|Y|00001x010890|Y|2|00000001|2|00000001|H-1 FRWY 200' WEST OF KAONOHI                     
S|15|000C7L|3|9|22|1U|9|T|9|3|H|9|3|G|15|T|9|5| |2|P|L|P|000000000100|      |21388820|157941500|    |      |06|00|003|Y|00001x010890|Y|2|00000001|2|00000001|H-1 FRWY 200' WEST OF KAONOHI                     
S|15|000C7L|7|1|22|1U|7|T|7|3|H|7|3|G|15|T|7|5| |2|P|L|P|000000000100|      |21388820|157941500|    |      |06|00|003|Y|00001x010890|Y|2|00000001|2|00000001|H-1 FRWY 200' WEST OF KAONOHI                     
S|15|000C7L|7|2|22|1U|7|T|7|3|H|7|3|G|15|T|7|5| |2|P|L|P|000000000100|      |21388820|157941500|    |      |06|00|003|Y|00001x010890|Y|2|00000001|2|00000001|H-1 FRWY 200' WEST OF KAONOHI                     
S|15|000C7L|7|3|22|1U|7|T|7|3|H|7|3|G|15|T|7|5| |2|P|L|P|000000000100|      |21388820|157941500|    |      |06|00|003|Y|00001x010890|Y|2|00000001|2|00000001|H-1 FRWY 200' WEST OF KAONOHI                     
S|15|000C7L|7|4|22|1U|7|T|7|3|H|7|3|G|15|T|7|5| |2|P|L|P|000000000100|      |21388820|157941500|    |      |06|00|003|Y|00001x010890|Y|2|00000001|2|00000001|H-1 FRWY 200' WEST OF KAONOHI                     
S|15|000C7L|7|5|22|1U|7|T|7|3|H|7|3|G|15|T|7|5| |2|P|L|P|000000000100|      |21388820|157941500|    |      |06|00|003|Y|00001x010890|Y|2|00000001|2|00000001|H-1 FRWY 200' WEST OF KAONOHI                     
S|15|000C7L|7|6|22|1U|7|T|7|3|H|7|3|G|15|T|7|5| |2|P|L|P|000000000100|      |21388820|157941500|    |      |06|00|003|Y|00001x010890|Y|2|00000001|2|00000001|H-1 FRWY 200' WEST OF KAONOHI                     
S|15|000C7L|7|7|22|1U|7|T|7|3|H|7|3|G|15|T|7|5| |2|P|L|P|000000000100|      |21388820|157941500|    |      |06|00|003|Y|00001x010890|Y|2|00000001|2|00000001|H-1 FRWY 200' WEST OF KAONOHI                     
S|15|000H13|1|1|22|1U|5|T|5|3| |0|0| |13|T|0|0| |2|L|Z|P|000000000100|      |21369933|157926167|    |      |03|00|003|Y|00001x013120|Y|2|00000001|2|00000001|H-1 Freeway at Halawa Stream B                    
S|15|000H13|1|2|22|1U|5|T|5|3| |0|0| |13|T|0|0| |2|L|Z|P|000000000100|      |21369933|157926167|    |      |03|00|003|Y|00001x013120|Y|2|00000001|2|00000001|H-1 Freeway at Halawa Stream B                    
S|15|000H13|1|3|22|1U|5|T|5|3| |0|0| |13|T|0|0| |2|L|Z|P|000000000100|      |21369933|157926167|    |      |03|00|003|Y|00001x013120|Y|2|00000001|2|00000001|H-1 Freeway at Halawa Stream B                    
S|15|000H13|1|4|22|1U|5|T|5|3| |0|0| |13|T|0|0| |2|L|Z|P|000000000100|      |21369933|157926167|    |      |03|00|003|Y|00001x013120|Y|2|00000001|2|00000001|H-1 Freeway at Halawa Stream B                    
S|15|000H13|1|5|22|1U|5|T|5|3| |0|0| |13|T|0|0| |2|L|Z|P|000000000100|      |21369933|157926167|    |      |03|00|003|Y|00001x013120|Y|2|00000001|2|00000001|H-1 Freeway at Halawa Stream B                    
S|15|000H13|5|1|22|1U|7|T|7|3| |0|0| |13|T|0|0| |2|L|Z|P|000000000100|      |21369933|157926167|    |      |03|00|003|Y|00001x013120|Y|2|00000001|2|00000001|H-1 Freeway at Halawa Stream B                    
S|15|000H13|5|2|22|1U|7|T|7|3| |0|0| |13|T|0|0| |2|L|Z|P|000000000100|      |21369933|157926167|    |      |03|00|003|Y|00001x013120|Y|2|00000001|2|00000001|H-1 Freeway at Halawa Stream B                    
S|15|000H13|5|3|22|1U|7|T|7|3| |0|0| |13|T|0|0| |2|L|Z|P|000000000100|      |21369933|157926167|    |      |03|00|003|Y|00001x013120|Y|2|00000001|2|00000001|H-1 Freeway at Halawa Stream B                    
S|15|000H13|5|4|22|1U|7|T|7|3| |0|0| |13|T|0|0| |2|L|Z|P|000000000100|      |21369933|157926167|    |      |03|00|003|Y|00001x013120|Y|2|00000001|2|00000001|H-1 Freeway at Halawa Stream B                    
S|15|000H13|5|5|22|1U|7|T|7|3| |0|0| |13|T|0|0| |2|L|Z|P|000000000100|      |21369933|157926167|    |      |03|00|003|Y|00001x013120|Y|2|00000001|2|00000001|H-1 Freeway at Halawa Stream B                    
S|15|000H13|5|6|22|1U|7|T|7|3| |0|0| |13|T|0|0| |2|L|Z|P|000000000100|      |21369933|157926167|    |      |03|00|003|Y|00001x013120|Y|2|00000001|2|00000001|H-1 Freeway at Halawa Stream B                    
S|15|000H13|5|7|22|1U|7|T|7|3| |0|0| |13|T|0|0| |2|L|Z|P|000000000100|      |21369933|157926167|    |      |03|00|003|Y|00001x013120|Y|2|00000001|2|00000001|H-1 Freeway at Halawa Stream B                    
S|15|000T6E|1|1|22|4R|1|T|1|3|H|1|3|F|15|T|1|5|C|2|L|Z|P|        1100|104140|19423480|155880433|    |      |92|00|000|N|00011x103600|N|4|      11|4|      11|Mamalahoa Hwy RT 11 MP 104.14                     
S|15|000T6E|5|1|22|4R|1|T|1|3|H|1|3|F|15|T|1|5|C|2|L|Z|P|        1100|104140|19423480|155880433|    |      |92|00|000|N|00011x103600|N|4|      11|4|      11|Mamalahoa Hwy RT 11 MP 104.14                     
S|15|000T8M|1|1|22|3U|2|T|2|3|H|2|3|F|15|T|2|5|C|2|P|L|P|000000001900| 93740|19718650|156032824|    |      |92|00|001|Y|00019x092800|Y|4|00000019|4|00000019|Queen Kaahumanu Hwy RT 19 MP 93.74                
S|15|000T8M|1|2|22|3U|2|T|2|3|H|2|3|F|15|T|2|5|C|2|P|L|P|000000001900| 93740|19718650|156032824|    |      |92|00|001|Y|00019x092800|Y|4|00000019|4|00000019|Queen Kaahumanu Hwy RT 19 MP 93.74                
S|15|000T8M|5|1|22|3U|2|T|2|3|H|2|3|F|15|T|2|5|C|2|P|L|P|000000001900| 93740|19718650|156032824|    |      |92|00|001|Y|00019x092800|Y|4|00000019|4|00000019|Queen Kaahumanu Hwy RT 19 MP 93.74                
S|15|000T8M|5|2|22|3U|2|T|2|3|H|2|3|F|15|T|2|5|C|2|P|L|P|000000001900| 93740|19718650|156032824|    |      |92|00|001|Y|00019x092800|Y|4|00000019|4|00000019|Queen Kaahumanu Hwy RT 19 MP 93.74                
S|15|001162|3|1|22|1U|6|T|6|3| |0|0| |13|T|0|0| |2|W|Z|P|000000000100|      |21338326|157923039|    |      |08|00|003|Y|00001x015830|Y|2|00000001|2|00000001|H-1 Freeway @M.P. 16.22                           
S|15|001162|3|2|22|1U|6|T|6|3| |0|0| |13|T|0|0| |2|W|Z|P|000000000100|      |21338326|157923039|    |      |08|00|003|Y|00001x015830|Y|2|00000001|2|00000001|H-1 Freeway @M.P. 16.22                           
S|15|001162|3|3|22|1U|6|T|6|3| |0|0| |13|T|0|0| |2|W|Z|P|000000000100|      |21338326|157923039|    |      |08|00|003|Y|00001x015830|Y|2|00000001|2|00000001|H-1 Freeway @M.P. 16.22                           
S|15|001162|3|4|22|1U|6|T|6|3| |0|0| |13|T|0|0| |2|W|Z|P|000000000100|      |21338326|157923039|    |      |08|00|003|Y|00001x015830|Y|2|00000001|2|00000001|H-1 Freeway @M.P. 16.22                           
S|15|001162|3|5|22|1U|6|T|6|3| |0|0| |13|T|0|0| |2|W|Z|P|000000000100|      |21338326|157923039|    |      |08|00|003|Y|00001x015830|Y|2|00000001|2|00000001|H-1 Freeway @M.P. 16.22                           
S|15|001162|3|6|22|1U|6|T|6|3| |0|0| |13|T|0|0| |2|W|Z|P|000000000100|      |21338326|157923039|    |      |08|00|003|Y|00001x015830|Y|2|00000001|2|00000001|H-1 Freeway @M.P. 16.22                           
S|15|001162|7|1|22|1U|4|T|4|3| |0|0| |13|T|0|0| |2|W|Z|P|000000000100|      |21338326|157923039|    |      |08|00|003|Y|00001x015830|Y|2|00000001|2|00000001|H-1 Freeway @M.P. 16.22                           
S|15|001162|7|2|22|1U|4|T|4|3| |0|0| |13|T|0|0| |2|W|Z|P|000000000100|      |21338326|157923039|    |      |08|00|003|Y|00001x015830|Y|2|00000001|2|00000001|H-1 Freeway @M.P. 16.22                           
S|15|001162|7|3|22|1U|4|T|4|3| |0|0| |13|T|0|0| |2|W|Z|P|000000000100|      |21338326|157923039|    |      |08|00|003|Y|00001x015830|Y|2|00000001|2|00000001|H-1 Freeway @M.P. 16.22                           
S|15|001162|7|4|22|1U|4|T|4|3| |0|0| |13|T|0|0| |2|W|Z|P|000000000100|      |21338326|157923039|    |      |08|00|003|Y|00001x015830|Y|2|00000001|2|00000001|H-1 Freeway @M.P. 16.22                           
S|15|001170|3|1|22|1U|6|T|6|3| |0|0| |13|T|0|0| |2|W|Z|P|000000000100|      |21336336|157909719|    |      |08|00|003|Y|00001x017070|Y|2|00000001|2|00000001|H-1 Freeway @M.P. 17.09                           
S|15|001170|3|2|22|1U|6|T|6|3| |0|0| |13|T|0|0| |2|W|Z|P|000000000100|      |21336336|157909719|    |      |08|00|003|Y|00001x017070|Y|2|00000001|2|00000001|H-1 Freeway @M.P. 17.09                           
S|15|001170|3|3|22|1U|6|T|6|3| |0|0| |13|T|0|0| |2|W|Z|P|000000000100|      |21336336|157909719|    |      |08|00|003|Y|00001x017070|Y|2|00000001|2|00000001|H-1 Freeway @M.P. 17.09                           
S|15|001170|3|4|22|1U|6|T|6|3| |0|0| |13|T|0|0| |2|W|Z|P|000000000100|      |21336336|157909719|    |      |08|00|003|Y|00001x017070|Y|2|00000001|2|00000001|H-1 Freeway @M.P. 17.09                           
S|15|001170|3|5|22|1U|6|T|6|3| |0|0| |13|T|0|0| |2|W|Z|P|000000000100|      |21336336|157909719|    |      |08|00|003|Y|00001x017070|Y|2|00000001|2|00000001|H-1 Freeway @M.P. 17.09                           
S|15|001170|3|6|22|1U|6|T|6|3| |0|0| |13|T|0|0| |2|W|Z|P|000000000100|      |21336336|157909719|    |      |08|00|003|Y|00001x017070|Y|2|00000001|2|00000001|H-1 Freeway @M.P. 17.09                           
S|15|001170|7|1|22|1U|4|T|4|3| |0|0| |13|T|0|0| |2|W|Z|P|000000000100|      |21336336|157909719|    |      |08|00|003|Y|00001x017070|Y|2|00000001|2|00000001|H-1 Freeway @M.P. 17.09                           
S|15|001170|7|2|22|1U|4|T|4|3| |0|0| |13|T|0|0| |2|W|Z|P|000000000100|      |21336336|157909719|    |      |08|00|003|Y|00001x017070|Y|2|00000001|2|00000001|H-1 Freeway @M.P. 17.09                           
S|15|001170|7|3|22|1U|4|T|4|3| |0|0| |13|T|0|0| |2|W|Z|P|000000000100|      |21336336|157909719|    |      |08|00|003|Y|00001x017070|Y|2|00000001|2|00000001|H-1 Freeway @M.P. 17.09                           
S|15|001170|7|4|22|1U|4|T|4|3| |0|0| |13|T|0|0| |2|W|Z|P|000000000100|      |21336336|157909719|    |      |08|00|003|Y|00001x017070|Y|2|00000001|2|00000001|H-1 Freeway @M.P. 17.09                           
S|15|001229|3|1|22|1U|4|T|4|3|H|4|3| |15|T|0|0| |2|W|N|P|000000000100|      |21302125|157836902|    |      |13|00|003|Y|00001x022400|Y|2|00000001|2|00000001| INTERSTATE ROUTE H-1 M.P. 22.                    
S|15|001229|3|2|22|1U|4|T|4|3|H|4|3| |15|T|0|0| |2|W|N|P|000000000100|      |21302125|157836902|    |      |13|00|003|Y|00001x022400|Y|2|00000001|2|00000001| INTERSTATE ROUTE H-1 M.P. 22.                    
S|15|001229|3|3|22|1U|4|T|4|3|H|4|3| |15|T|0|0| |2|W|N|P|000000000100|      |21302125|157836902|    |      |13|00|003|Y|00001x022400|Y|2|00000001|2|00000001| INTERSTATE ROUTE H-1 M.P. 22.                    
S|15|001229|3|4|22|1U|4|T|4|3|H|4|3| |15|T|0|0| |2|W|N|P|000000000100|      |21302125|157836902|    |      |13|00|003|Y|00001x022400|Y|2|00000001|2|00000001| INTERSTATE ROUTE H-1 M.P. 22.                    
S|15|001229|7|1|22|1U|4|T|4|3|H|4|3| |15|T|0|0| |2|W|N|P|000000000100|      |21302125|157836902|    |      |13|00|003|Y|00001x022400|Y|2|00000001|2|00000001| INTERSTATE ROUTE H-1 M.P. 22.                    
S|15|001229|7|2|22|1U|4|T|4|3|H|4|3| |15|T|0|0| |2|W|N|P|000000000100|      |21302125|157836902|    |      |13|00|003|Y|00001x022400|Y|2|00000001|2|00000001| INTERSTATE ROUTE H-1 M.P. 22.                    
S|15|001229|7|3|22|1U|4|T|4|3|H|4|3| |15|T|0|0| |2|W|N|P|000000000100|      |21302125|157836902|    |      |13|00|003|Y|00001x022400|Y|2|00000001|2|00000001| INTERSTATE ROUTE H-1 M.P. 22.                    
S|15|001229|7|4|22|1U|4|T|4|3|H|4|3| |15|T|0|0| |2|W|N|P|000000000100|      |21302125|157836902|    |      |13|00|003|Y|00001x022400|Y|2|00000001|2|00000001| INTERSTATE ROUTE H-1 M.P. 22.                    
S|15|00724A|3|1|22|1U|3|T|3|3| |0|0| |13|T|0|0| |2|L|Z|P|000000000100|      |21298154|157829102|    |      |07|00|003|Y|00001x023070|Y|2|00000001|2|00000001|H-1 Fwy at McCully St. OP MP 2                    
S|15|00724A|3|2|22|1U|3|T|3|3| |0|0| |13|T|0|0| |2|L|Z|P|000000000100|      |21298154|157829102|    |      |07|00|003|Y|00001x023070|Y|2|00000001|2|00000001|H-1 Fwy at McCully St. OP MP 2                    
S|15|00724A|3|3|22|1U|3|T|3|3| |0|0| |13|T|0|0| |2|L|Z|P|000000000100|      |21298154|157829102|    |      |07|00|003|Y|00001x023070|Y|2|00000001|2|00000001|H-1 Fwy at McCully St. OP MP 2                    
S|15|00724A|7|1|22|1U|3|T|3|3| |0|0| |13|T|0|0| |2|L|Z|P|000000000100|      |21298154|157829102|    |      |07|00|003|Y|00001x023070|Y|2|00000001|2|00000001|H-1 Fwy at McCully St. OP MP 2                    
S|15|00724A|7|2|22|1U|3|T|3|3| |0|0| |13|T|0|0| |2|L|Z|P|000000000100|      |21298154|157829102|    |      |07|00|003|Y|00001x023070|Y|2|00000001|2|00000001|H-1 Fwy at McCully St. OP MP 2                    
S|15|00724A|7|3|22|1U|3|T|3|3| |0|0| |13|T|0|0| |2|L|Z|P|000000000100|      |21298154|157829102|    |      |07|00|003|Y|00001x023070|Y|2|00000001|2|00000001|H-1 Fwy at McCully St. OP MP 2                    
S|15|00C10K|1|1|22|1U|3|T|3|3|H|3|3|F|15|T|3|5|C|2|P|L|P|000000000100|  3430|21368787|158057398|    |      |10|00|003|Y|00001x001250|Y|2|00000001|2|00000001|H-1 FRWY AT MP 3.43                               
S|15|00C10K|1|2|22|1U|3|T|3|3|H|3|3|F|15|T|3|5|C|2|P|L|P|000000000100|  3430|21368787|158057398|    |      |10|00|003|Y|00001x001250|Y|2|00000001|2|00000001|H-1 FRWY AT MP 3.43                               
S|15|00C10K|1|3|22|1U|3|T|3|3|H|3|3|F|15|T|3|5|C|2|P|L|P|000000000100|  3430|21368787|158057398|    |      |10|00|003|Y|00001x001250|Y|2|00000001|2|00000001|H-1 FRWY AT MP 3.43                               
S|15|00C10K|5|1|22|1U|3|T|3|3|H|3|3|F|15|T|3|5|C|2|P|L|P|000000000100|  3430|21368787|158057398|    |      |10|00|003|Y|00001x001250|Y|2|00000001|2|00000001|H-1 FRWY AT MP 3.43                               
S|15|00C10K|5|2|22|1U|3|T|3|3|H|3|3|F|15|T|3|5|C|2|P|L|P|000000000100|  3430|21368787|158057398|    |      |10|00|003|Y|00001x001250|Y|2|00000001|2|00000001|H-1 FRWY AT MP 3.43                               
S|15|00C10K|5|3|22|1U|3|T|3|3|H|3|3|F|15|T|3|5|C|2|P|L|P|000000000100|  3430|21368787|158057398|    |      |10|00|003|Y|00001x001250|Y|2|00000001|2|00000001|H-1 FRWY AT MP 3.43                               
S|15|00C13J|1|1|22|3U|1|T|1|3|H|1|3|G|15|T|1|5| |2|B|L|P|000000009900|      |21426605|158010511|    |      |19|00|003|Y|00099x014340|N|4|00000099|4|00000099|          Kamehameha Hwy at MP 14.54              
S|15|00C13J|5|1|22|3U|1|T|1|3|H|1|3|G|15|T|1|5| |2|B|L|P|000000009900|      |21426605|158010511|    |      |19|00|003|Y|00099x014340|N|4|00000099|4|00000099|          Kamehameha Hwy at MP 14.54              
S|15|00H113|1|1|22|1U|4|T|4|3|H|4|3|G|15|T|4|5|C|2|L|L|P|000000000100|      |21369847|157926547|    |      |03|00|003|Y|00001x013120|Y|2|00000001|2|00000001|H-1 Freeway at Halawa Stream B                    
S|15|00H113|1|2|22|1U|4|T|4|3|H|4|3|G|15|T|4|5|C|2|L|L|P|000000000100|      |21369847|157926547|    |      |03|00|003|Y|00001x013120|Y|2|00000001|2|00000001|H-1 Freeway at Halawa Stream B                    
S|15|00H113|1|3|22|1U|4|T|4|3|H|4|3|G|15|T|4|5|C|2|L|L|P|000000000100|      |21369847|157926547|    |      |03|00|003|Y|00001x013120|Y|2|00000001|2|00000001|H-1 Freeway at Halawa Stream B                    
S|15|00H113|1|4|22|1U|4|T|4|3|H|4|3|G|15|T|4|5|C|2|L|L|P|000000000100|      |21369847|157926547|    |      |03|00|003|Y|00001x013120|Y|2|00000001|2|00000001|H-1 Freeway at Halawa Stream B                    
S|15|00H113|5|1|22|1U|5|T|5|3|H|5|3|G|15|T|5|5|C|2|L|L|P|000000000100|      |21369847|157926547|    |      |03|00|003|Y|00001x013120|Y|2|00000001|2|00000001|H-1 Freeway at Halawa Stream B                    
S|15|00H113|5|2|22|1U|5|T|5|3|H|5|3|G|15|T|5|5|C|2|L|L|P|000000000100|      |21369847|157926547|    |      |03|00|003|Y|00001x013120|Y|2|00000001|2|00000001|H-1 Freeway at Halawa Stream B                    
S|15|00H113|5|3|22|1U|5|T|5|3|H|5|3|G|15|T|5|5|C|2|L|L|P|000000000100|      |21369847|157926547|    |      |03|00|003|Y|00001x013120|Y|2|00000001|2|00000001|H-1 Freeway at Halawa Stream B                    
S|15|00H113|5|4|22|1U|5|T|5|3|H|5|3|G|15|T|5|5|C|2|L|L|P|000000000100|      |21369847|157926547|    |      |03|00|003|Y|00001x013120|Y|2|00000001|2|00000001|H-1 Freeway at Halawa Stream B                    
S|15|00H113|5|5|22|1U|5|T|5|3|H|5|3|G|15|T|5|5|C|2|L|L|P|000000000100|      |21369847|157926547|    |      |03|00|003|Y|00001x013120|Y|2|00000001|2|00000001|H-1 Freeway at Halawa Stream B                    
S|15|00H13P|1|1|22|1U|4|T|4|3|H|4|3|F|15|T|4|5|C|2|P|L|P|000000000200|  4020|21450159|157990262|    |      |05|00|003|Y|00002x003430|Y|2|00000002|2|00000002|Interstate Route H-2 MP 4.02                      
S|15|00H13P|1|2|22|1U|4|T|4|3|H|4|3|F|15|T|4|5|C|2|P|L|P|000000000200|  4020|21450159|157990262|    |      |05|00|003|Y|00002x003430|Y|2|00000002|2|00000002|Interstate Route H-2 MP 4.02                      
S|15|00H13P|1|3|22|1U|4|T|4|3|H|4|3|F|15|T|4|5|C|2|P|L|P|000000000200|  4020|21450159|157990262|    |      |05|00|003|Y|00002x003430|Y|2|00000002|2|00000002|Interstate Route H-2 MP 4.02                      
S|15|00H13P|1|4|22|1U|4|T|4|3|H|4|3|F|15|T|4|5|C|2|P|L|P|000000000200|  4020|21450159|157990262|    |      |05|00|003|Y|00002x003430|Y|2|00000002|2|00000002|Interstate Route H-2 MP 4.02                      
S|15|00H13P|5|1|22|1U|4|T|4|3|H|4|3|F|15|T|4|5|C|2|P|L|P|000000000200|  4020|21450159|157990262|    |      |05|00|003|Y|00002x003430|Y|2|00000002|2|00000002|Interstate Route H-2 MP 4.02                      
S|15|00H13P|5|2|22|1U|4|T|4|3|H|4|3|F|15|T|4|5|C|2|P|L|P|000000000200|  4020|21450159|157990262|    |      |05|00|003|Y|00002x003430|Y|2|00000002|2|00000002|Interstate Route H-2 MP 4.02                      
S|15|00H13P|5|3|22|1U|4|T|4|3|H|4|3|F|15|T|4|5|C|2|P|L|P|000000000200|  4020|21450159|157990262|    |      |05|00|003|Y|00002x003430|Y|2|00000002|2|00000002|Interstate Route H-2 MP 4.02                      
S|15|00H13P|5|4|22|1U|4|T|4|3|H|4|3|F|15|T|4|5|C|2|P|L|P|000000000200|  4020|21450159|157990262|    |      |05|00|003|Y|00002x003430|Y|2|00000002|2|00000002|Interstate Route H-2 MP 4.02                      
S|15|00H8AA|3|1|22|1U|5|T|5|3|H|5|3|G|15|T|5|5|C|2|L|P|P|000000000100|      |21395389|158011194|    |      |18|00|003|Y|00001x006860|Y|2|00000001|2|00000001| H-1 Freeway Waikele Br MP 7.00                   
S|15|00H8AA|3|2|22|1U|5|T|5|3|H|5|3|G|15|T|5|5|C|2|L|P|P|000000000100|      |21395389|158011194|    |      |18|00|003|Y|00001x006860|Y|2|00000001|2|00000001| H-1 Freeway Waikele Br MP 7.00                   
S|15|00H8AA|3|3|22|1U|5|T|5|3|H|5|3|G|15|T|5|5|C|2|L|P|P|000000000100|      |21395389|158011194|    |      |18|00|003|Y|00001x006860|Y|2|00000001|2|00000001| H-1 Freeway Waikele Br MP 7.00                   
S|15|00H8AA|3|4|22|1U|5|T|5|3|H|5|3|G|15|T|5|5|C|2|L|P|P|000000000100|      |21395389|158011194|    |      |18|00|003|Y|00001x006860|Y|2|00000001|2|00000001| H-1 Freeway Waikele Br MP 7.00                   
S|15|00H8AA|3|5|22|1U|5|T|5|3|H|5|3|G|15|T|5|5|C|2|L|P|P|000000000100|      |21395389|158011194|    |      |18|00|003|Y|00001x006860|Y|2|00000001|2|00000001| H-1 Freeway Waikele Br MP 7.00                   
S|15|00H8AA|7|1|22|1U|4|T|4|3|H|4|3|G|15|T|4|5|C|2|L|P|P|000000000100|      |21395389|158011194|    |      |18|00|003|Y|00001x006860|Y|2|00000001|2|00000001| H-1 Freeway Waikele Br MP 7.00                   
S|15|00H8AA|7|2|22|1U|4|T|4|3|H|4|3|G|15|T|4|5|C|2|L|P|P|000000000100|      |21395389|158011194|    |      |18|00|003|Y|00001x006860|Y|2|00000001|2|00000001| H-1 Freeway Waikele Br MP 7.00                   
S|15|00H8AA|7|3|22|1U|4|T|4|3|H|4|3|G|15|T|4|5|C|2|L|P|P|000000000100|      |21395389|158011194|    |      |18|00|003|Y|00001x006860|Y|2|00000001|2|00000001| H-1 Freeway Waikele Br MP 7.00                   
S|15|00H8AA|7|4|22|1U|4|T|4|3|H|4|3|G|15|T|4|5|C|2|L|P|P|000000000100|      |21395389|158011194|    |      |18|00|003|Y|00001x006860|Y|2|00000001|2|00000001| H-1 Freeway Waikele Br MP 7.00                   
S|15|00SL58|3|1|22|1U|3|T|3|3| |0|0| |13|T|0|0| |2|L|Z|P|000000000100|      |21289166|157815043|    |      |05|00|003|Y|00001x024410|Y|2|00000001|2|00000001|Interstate Route H-1  MP  24.6                    
S|15|00SL58|3|2|22|1U|3|T|3|3| |0|0| |13|T|0|0| |2|L|Z|P|000000000100|      |21289166|157815043|    |      |05|00|003|Y|00001x024410|Y|2|00000001|2|00000001|Interstate Route H-1  MP  24.6                    
S|15|00SL58|3|3|22|1U|3|T|3|3| |0|0| |13|T|0|0| |2|L|Z|P|000000000100|      |21289166|157815043|    |      |05|00|003|Y|00001x024410|Y|2|00000001|2|00000001|Interstate Route H-1  MP  24.6                    
S|15|00SL58|7|1|22|1U|3|T|3|3| |0|0| |13|T|0|0| |2|L|Z|P|000000000100|      |21289166|157815043|    |      |05|00|003|Y|00001x024410|Y|2|00000001|2|00000001|Interstate Route H-1  MP  24.6                    
S|15|00SL58|7|2|22|1U|3|T|3|3| |0|0| |13|T|0|0| |2|L|Z|P|000000000100|      |21289166|157815043|    |      |05|00|003|Y|00001x024410|Y|2|00000001|2|00000001|Interstate Route H-1  MP  24.6                    
S|15|00SL58|7|3|22|1U|3|T|3|3| |0|0| |13|T|0|0| |2|L|Z|P|000000000100|      |21289166|157815043|    |      |05|00|003|Y|00001x024410|Y|2|00000001|2|00000001|Interstate Route H-1  MP  24.6                    
S|15|00SL71|3|1|22|1U|6|T|6|3|H|6|3|G|15|T|6|5| |2|L|P|P|000000000100|      |21305900|157849000|    |      |14|00|003|Y|00001x020210|Y|2|00000001|2|00000001|H-1 Freeway at Nuuanu Stream B                    
S|15|00SL71|3|2|22|1U|6|T|6|3|H|6|3|G|15|T|6|5| |2|L|P|P|000000000100|      |21305900|157849000|    |      |14|00|003|Y|00001x020210|Y|2|00000001|2|00000001|H-1 Freeway at Nuuanu Stream B                    
S|15|00SL71|3|3|22|1U|6|T|6|3|H|6|3|G|15|T|6|5| |2|L|P|P|000000000100|      |21305900|157849000|    |      |14|00|003|Y|00001x020210|Y|2|00000001|2|00000001|H-1 Freeway at Nuuanu Stream B                    
S|15|00SL71|3|4|22|1U|6|T|6|3|H|6|3|G|15|T|6|5| |2|L|P|P|000000000100|      |21305900|157849000|    |      |14|00|003|Y|00001x020210|Y|2|00000001|2|00000001|H-1 Freeway at Nuuanu Stream B                    
S|15|00SL71|3|5|22|1U|6|T|6|3|H|6|3|G|15|T|6|5| |2|L|P|P|000000000100|      |21305900|157849000|    |      |14|00|003|Y|00001x020210|Y|2|00000001|2|00000001|H-1 Freeway at Nuuanu Stream B                    
S|15|00SL71|3|6|22|1U|6|T|6|3|H|6|3|G|15|T|6|5| |2|L|P|P|000000000100|      |21305900|157849000|    |      |14|00|003|Y|00001x020210|Y|2|00000001|2|00000001|H-1 Freeway at Nuuanu Stream B                    
S|15|00SL71|7|1|22|1U|6|T|6|3|H|6|3|G|15|T|6|5| |2|L|P|P|000000000100|      |21305900|157849000|    |      |14|00|003|Y|00001x020210|Y|2|00000001|2|00000001|H-1 Freeway at Nuuanu Stream B                    
S|15|00SL71|7|2|22|1U|6|T|6|3|H|6|3|G|15|T|6|5| |2|L|P|P|000000000100|      |21305900|157849000|    |      |14|00|003|Y|00001x020210|Y|2|00000001|2|00000001|H-1 Freeway at Nuuanu Stream B                    
S|15|00SL71|7|3|22|1U|6|T|6|3|H|6|3|G|15|T|6|5| |2|L|P|P|000000000100|      |21305900|157849000|    |      |14|00|003|Y|00001x020210|Y|2|00000001|2|00000001|H-1 Freeway at Nuuanu Stream B                    
S|15|00SL71|7|4|22|1U|6|T|6|3|H|6|3|G|15|T|6|5| |2|L|P|P|000000000100|      |21305900|157849000|    |      |14|00|003|Y|00001x020210|Y|2|00000001|2|00000001|H-1 Freeway at Nuuanu Stream B                    
S|15|00SL71|7|5|22|1U|6|T|6|3|H|6|3|G|15|T|6|5| |2|L|P|P|000000000100|      |21305900|157849000|    |      |14|00|003|Y|00001x020210|Y|2|00000001|2|00000001|H-1 Freeway at Nuuanu Stream B                    
S|15|00SL71|7|6|22|1U|6|T|6|3|H|6|3|G|15|T|6|5| |2|L|P|P|000000000100|      |21305900|157849000|    |      |14|00|003|Y|00001x020210|Y|2|00000001|2|00000001|H-1 Freeway at Nuuanu Stream B                    
S|15|011013|1|1|22|3U|3|T|3|3|H|3|3|G|15|T|0|0| |2|P|L|P|000000001100|      |19703470|155064560|    |      |11|00|001|Y|00011x000580|Y|4|00000011|4|00000011|Kaneolehua Avenue at MP 1.300                     
S|15|011013|1|2|22|3U|3|T|3|3|H|3|3|G|15|T|0|0| |2|P|L|P|000000001100|      |19703470|155064560|    |      |11|00|001|Y|00011x000580|Y|4|00000011|4|00000011|Kaneolehua Avenue at MP 1.300                     
S|15|011013|1|3|22|3U|3|T|3|3|H|3|3|G|15|T|0|0| |2|P|L|P|000000001100|      |19703470|155064560|    |      |11|00|001|Y|00011x000580|Y|4|00000011|4|00000011|Kaneolehua Avenue at MP 1.300                     
S|15|011013|5|1|22|3U|4|T|4|3|H|4|3|G|15|T|0|0| |2|P|L|P|000000001100|      |19703470|155064560|    |      |11|00|001|Y|00011x000580|Y|4|00000011|4|00000011|Kaneolehua Avenue at MP 1.300                     
S|15|011013|5|2|22|3U|4|T|4|3|H|4|3|G|15|T|0|0| |2|P|L|P|000000001100|      |19703470|155064560|    |      |11|00|001|Y|00011x000580|Y|4|00000011|4|00000011|Kaneolehua Avenue at MP 1.300                     
S|15|011013|5|3|22|3U|4|T|4|3|H|4|3|G|15|T|0|0| |2|P|L|P|000000001100|      |19703470|155064560|    |      |11|00|001|Y|00011x000580|Y|4|00000011|4|00000011|Kaneolehua Avenue at MP 1.300                     
S|15|011013|5|4|22|3U|4|T|4|3|H|4|3|G|15|T|0|0| |2|P|L|P|000000001100|      |19703470|155064560|    |      |11|00|001|Y|00011x000580|Y|4|00000011|4|00000011|Kaneolehua Avenue at MP 1.300                     
S|15|011052|4|1|22|3U|2|T|2|3|H|2|3|G|15|T|0|0| |2|P|L|P|000000001100|      |19649500|155050600|    |      |11|00|001|Y|00011x003730|Y|4|00000011|4|00000011|Hawaii Belt Road at MP 5.290                      
S|15|011052|4|2|22|3U|2|T|2|3|H|2|3|G|15|T|0|0| |2|P|L|P|000000001100|      |19649500|155050600|    |      |11|00|001|Y|00011x003730|Y|4|00000011|4|00000011|Hawaii Belt Road at MP 5.290                      
S|15|011052|8|1|22|3U|2|T|2|3|H|2|3|G|15|T|0|0| |2|P|L|P|000000001100|      |19649500|155050600|    |      |11|00|001|Y|00011x003730|Y|4|00000011|4|00000011|Hawaii Belt Road at MP 5.290                      
S|15|011052|8|2|22|3U|2|T|2|3|H|2|3|G|15|T|0|0| |2|P|L|P|000000001100|      |19649500|155050600|    |      |11|00|001|Y|00011x003730|Y|4|00000011|4|00000011|Hawaii Belt Road at MP 5.290                      
S|15|019588|2|1|22|3U|1|T|1|3|H|1|3|G|15|T|0|0| |2|P|L|P|000000001900|      |20026760|155698986|    |      |11|00|001|Y|00019x057900|Y|4|00000019|4|00000019|Kawaihae Road at MP 58.896                        
S|15|019588|6|1|22|3U|1|T|1|3|H|1|3|G|15|T|0|0| |2|P|L|P|000000001900|      |20026760|155698986|    |      |11|00|001|Y|00019x057900|Y|4|00000019|4|00000019|Kawaihae Road at MP 58.896                        
S|15|030005|4|1|22|5U|1|T|1|3|H|1|3|F|15|T|1|5|C|2|L|Z|P|        3000|      |20879654|156504715|    |      |18|00|000|N|00030x000000|N|4|      30|4|      30|High Street at MP 0.50                            
S|15|030005|8|1|22|5U|1|T|1|3|H|1|3|F|15|T|1|5|C|2|L|Z|P|        3000|      |20879654|156504715|    |      |18|00|000|N|00030x000000|N|4|      30|4|      30|High Street at MP 0.50                            
S|15|030040|1|1|22|3R|1|T|1|3|H|1|3|G|15|T|1|5|C|2|P|L|P|000000003000|      |20828387|156506493|    |      |20|00|009|Y|00030x001980|Y|6|00000030|6|00000030|           Honoapiilani Hwy  at MP 4.06           
S|15|030040|5|1|22|3R|1|T|1|3|H|1|3|G|15|T|1|5|C|2|P|L|P|000000003000|      |20828387|156506493|    |      |20|00|009|Y|00030x001980|Y|6|00000030|6|00000030|           Honoapiilani Hwy  at MP 4.06           
S|15|030121|4|1|22|3R|1|T|1|3|H|1|3|G|15|T|0|0| |2|P|L|P|000000003000|      |20795500|156583221|    |      |12|00|009|Y|00030x010930|Y|6|00000030|6|00000030|Honoapiilani Highway at MP 12.                    
S|15|030121|8|1|22|3R|2|T|2|3|H|2|3|G|15|T|0|0| |2|P|L|P|000000003000|      |20795500|156583221|    |      |12|00|009|Y|00030x010930|Y|6|00000030|6|00000030|Honoapiilani Highway at MP 12.                    
S|15|030121|8|2|22|3R|2|T|2|3|H|2|3|G|15|T|0|0| |2|P|L|P|000000003000|      |20795500|156583221|    |      |12|00|009|Y|00030x010930|Y|6|00000030|6|00000030|Honoapiilani Highway at MP 12.                    
S|15|030194|4|1|22|3R|1|T|1|3|H|1|3|G|15|T|1|5|C|2|P|L|P|000000003000|      |20856821|156664534|    |      |20|00|009|Y|00030x017650|Y|6|00000030|6|00000030|            Honoapiilani Hwy  at MP 19.48         
S|15|030194|8|1|22|3R|1|T|1|3|H|1|3|G|15|T|1|5|C|2|P|L|P|000000003000|      |20856821|156664534|    |      |20|00|009|Y|00030x017650|Y|6|00000030|6|00000030|            Honoapiilani Hwy  at MP 19.48         
S|15|030295|1|1|22|5U|2|T|2|3|H|2|3|G|15|T|2|5| |2|P|L|P|000000003000|      |20987170|156658860|    |      |12|00|009|Y|00030x029440|N|4|00000030|4|00000030|Honoapiilani Hwy at MP 29.57                      
S|15|030295|1|2|22|5U|2|T|2|3|H|2|3|G|15|T|2|5| |2|P|L|P|000000003000|      |20987170|156658860|    |      |12|00|009|Y|00030x029440|N|4|00000030|4|00000030|Honoapiilani Hwy at MP 29.57                      
S|15|030295|5|1|22|5U|1|T|1|3|H|1|3|G|15|T|1|5| |2|P|L|P|000000003000|      |20987170|156658860|    |      |12|00|009|Y|00030x029440|N|4|00000030|4|00000030|Honoapiilani Hwy at MP 29.57                      
S|15|031069|1|1|22|3U|2|T|2|3|H|2|3|G|15|T|0|0| |2|P|L|P|000000003100|      |20741847|156445237|    |      |12|00|009|Y|00031x005910|Y|4|00000031|4|00000031|Piilani Highway at MP 6.971                       
S|15|031069|1|2|22|3U|2|T|2|3|H|2|3|G|15|T|0|0| |2|P|L|P|000000003100|      |20741847|156445237|    |      |12|00|009|Y|00031x005910|Y|4|00000031|4|00000031|Piilani Highway at MP 6.971                       
S|15|031069|5|1|22|3U|2|T|2|3|H|2|3|G|15|T|0|0| |2|P|L|P|000000003100|      |20741847|156445237|    |      |12|00|009|Y|00031x005910|Y|4|00000031|4|00000031|Piilani Highway at MP 6.971                       
S|15|031069|5|2|22|3U|2|T|2|3|H|2|3|G|15|T|0|0| |2|P|L|P|000000003100|      |20741847|156445237|    |      |12|00|009|Y|00031x005910|Y|4|00000031|4|00000031|Piilani Highway at MP 6.971                       
S|15|036016|4|1|22|3U|2|T|2|3|H|2|3|G|15|T|0|0| |2|P|L|P|000000003600|      |20879980|156441360|    |      |12|00|009|Y|00036x000870|Y|4|00000036|4|00000036|Hana Highway at MP 1.696                          
S|15|036016|4|2|22|3U|2|T|2|3|H|2|3|G|15|T|0|0| |2|P|L|P|000000003600|      |20879980|156441360|    |      |12|00|009|Y|00036x000870|Y|4|00000036|4|00000036|Hana Highway at MP 1.696                          
S|15|036016|8|1|22|3U|2|T|2|3|H|2|3|G|15|T|0|0| |2|P|L|P|000000003600|      |20879980|156441360|    |      |12|00|009|Y|00036x000870|Y|4|00000036|4|00000036|Hana Highway at MP 1.696                          
S|15|036016|8|2|22|3U|2|T|2|3|H|2|3|G|15|T|0|0| |2|P|L|P|000000003600|      |20879980|156441360|    |      |12|00|009|Y|00036x000870|Y|4|00000036|4|00000036|Hana Highway at MP 1.696                          
S|15|036087|2|1|22|4R|1|T|1|3|H|1|3|G|15|T|0|0| |2|P|L|P|000000003600|      |20933010|156357250|    |      |12|00|009|Y|00036x006540|N|4|00000036|4|00000036|Hana Highway at MP 8.722                          
S|15|036087|6|1|22|4R|2|T|1|3|H|1|3|G|15|T|0|0| |2|P|L|P|000000003600|      |20933010|156357250|    |      |12|00|009|Y|00036x006540|N|4|00000036|4|00000036|Hana Highway at MP 8.722                          
S|15|036157|4|1|22|4R|1|T|1|3|H|1|3|F|15|T|2|5|C|2|P|L|P|000000003600| 15780|20919948|156270407|    |      |20|00|009|Y|00036x000000|N|4|00000036|4|00000036|                       Hana Highway at MP 15.78488
S|15|036157|8|1|22|4R|2|T|1|3|H|1|3|F|15|T|2|5|C|2|P|L|P|000000003600| 15780|20919948|156270407|    |      |20|00|009|Y|00036x000000|N|4|00000036|4|00000036|                       Hana Highway at MP 15.78488
S|15|037006|4|1|22|3U|2|T|2|3|H|2|3|G|15|T|0|0| |2|P|L|P|000000003700|      |20882980|156417450|    |      |12|00|009|Y|00037x000050|Y|4|00000037|4|00000037|Haleakala Highway at MP 0.605                     
S|15|037006|4|2|22|3U|2|T|2|3|H|2|3|G|15|T|0|0| |2|P|L|P|000000003700|      |20882980|156417450|    |      |12|00|009|Y|00037x000050|Y|4|00000037|4|00000037|Haleakala Highway at MP 0.605                     
S|15|037006|8|1|22|3U|2|T|2|3|H|2|3|G|15|T|0|0| |2|P|L|P|000000003700|      |20882980|156417450|    |      |12|00|009|Y|00037x000050|Y|4|00000037|4|00000037|Haleakala Highway at MP 0.605                     
S|15|037006|8|2|22|3U|2|T|2|3|H|2|3|G|15|T|0|0| |2|P|L|P|000000003700|      |20882980|156417450|    |      |12|00|009|Y|00037x000050|Y|4|00000037|4|00000037|Haleakala Highway at MP 0.605                     
S|15|037052|4|1|22|3U|2|T|2|3|H|2|3|G|15|T|0|0| |2|P|L|P|000000003700|      |20851830|156355030|    |      |12|00|009|Y|00037x004760|Y|4|00000037|4|00000037|Haleakala Highway at MP 5.22                      
S|15|037052|4|2|22|3U|2|T|2|3|H|2|3|G|15|T|0|0| |2|P|L|P|000000003700|      |20851830|156355030|    |      |12|00|009|Y|00037x004760|Y|4|00000037|4|00000037|Haleakala Highway at MP 5.22                      
S|15|037052|8|1|22|3U|2|T|2|3|H|2|3|G|15|T|0|0| |2|P|L|P|000000003700|      |20851830|156355030|    |      |12|00|009|Y|00037x004760|Y|4|00000037|4|00000037|Haleakala Highway at MP 5.22                      
S|15|037052|8|2|22|3U|2|T|2|3|H|2|3|G|15|T|0|0| |2|P|L|P|000000003700|      |20851830|156355030|    |      |12|00|009|Y|00037x004760|Y|4|00000037|4|00000037|Haleakala Highway at MP 5.22                      
S|15|050015|2|1|22|3U|2|T|2|3|H|2|3|G|15|T|2|5| |2|P|L|P|000000005000|      |21968091|159393066|    |      |12|00|007|Y|00050x000800|Y|4|00000050|4|00000050|Kaumualii Hwy at MP 1.51                          
S|15|050015|2|2|22|3U|2|T|2|3|H|2|3|G|15|T|2|5| |2|P|L|P|000000005000|      |21968091|159393066|    |      |12|00|007|Y|00050x000800|Y|4|00000050|4|00000050|Kaumualii Hwy at MP 1.51                          
S|15|050015|6|1|22|3U|2|T|2|3|H|2|3|G|15|T|2|5| |2|P|L|P|000000005000|      |21968091|159393066|    |      |12|00|007|Y|00050x000800|Y|4|00000050|4|00000050|Kaumualii Hwy at MP 1.51                          
S|15|050015|6|2|22|3U|2|T|2|3|H|2|3|G|15|T|2|5| |2|P|L|P|000000005000|      |21968091|159393066|    |      |12|00|007|Y|00050x000800|Y|4|00000050|4|00000050|Kaumualii Hwy at MP 1.51                          
S|15|050083|2|1|22|4R|1|T|1|3|H|1|3|G|15|T|0|0| |2|P|L|P|000000005000|      |21934970|159483526|    |      |11|00|007|Y|00050x008180|N|4|00000050|4|00000050|Kaumualii Highway at MP 8.348                     
S|15|050083|6|1|22|4R|1|T|1|3|H|1|3|G|15|T|0|0| |2|P|L|P|000000005000|      |21934970|159483526|    |      |11|00|007|Y|00050x008180|N|4|00000050|4|00000050|Kaumualii Highway at MP 8.348                     
S|15|050223|2|1|22|4R|1|T|1|3|H|1|3|G|15|T|0|0| |2|P|L|P|000000005000|      |21952211|159662472|    |      |11|00|007|Y|00050x017020|N|4|00000050|4|00000050|Kaumualii Highway at MP 22.370                    
S|15|050223|6|1|22|4R|1|T|1|3|H|1|3|G|15|T|0|0| |2|P|L|P|000000005000|      |21952211|159662472|    |      |11|00|007|Y|00050x017020|N|4|00000050|4|00000050|Kaumualii Highway at MP 22.370                    
S|15|051007|1|1|22|3U|2|T|2|3|H|2|3|G|15|T|0|0| |2|P|L|P|000000005100|      |21966295|159357488|    |      |11|00|007|Y|00051x000410|Y|4|00000051|4|00000051|Rice Street at MP 0.789                           
S|15|051007|1|2|22|3U|2|T|2|3|H|2|3|G|15|T|0|0| |2|P|L|P|000000005100|      |21966295|159357488|    |      |11|00|007|Y|00051x000410|Y|4|00000051|4|00000051|Rice Street at MP 0.789                           
S|15|051007|5|1|22|3U|1|T|1|3|H|1|3|G|15|T|0|0| |2|P|L|P|000000005100|      |21966295|159357488|    |      |11|00|007|Y|00051x000410|Y|4|00000051|4|00000051|Rice Street at MP 0.789                           
S|15|056024|2|1|22|4U|2|T|2|3|H|2|3|F|15|T|2|5|C|2|P|L|P|        5600|      |21999206|159349456|    |      |11|00|000|N|00056x001680|N|4|      56|4|      56|Kuhio Highway at MP 2.400                         
S|15|056024|2|2|22|4U|2|T|2|3|H|2|3|F|15|T|2|5|C|2|P|L|P|        5600|      |21999206|159349456|    |      |11|00|000|N|00056x001680|N|4|      56|4|      56|Kuhio Highway at MP 2.400                         
S|15|056024|6|1|22|4U|2|T|2|3|H|2|3|F|15|T|2|5|C|2|P|L|P|        5600|      |21999206|159349456|    |      |11|00|000|N|00056x001680|N|4|      56|4|      56|Kuhio Highway at MP 2.400                         
S|15|056024|6|2|22|4U|2|T|2|3|H|2|3|F|15|T|2|5|C|2|P|L|P|        5600|      |21999206|159349456|    |      |11|00|000|N|00056x001680|N|4|      56|4|      56|Kuhio Highway at MP 2.400                         
S|15|058014|4|1|22|3U|1|T|1|3|H|1|3|G|15|T|0|0| |2|P|L|P|000000005800|      |21966743|159373072|    |      |11|00|007|Y|00058x001420|Y|4|00000058|4|00000058|Nawiliwili Road at MP 1.436                       
S|15|058014|8|1|22|3U|1|T|1|3|H|1|3|G|15|T|0|0| |2|P|L|P|000000005800|      |21966743|159373072|    |      |11|00|007|Y|00058x001420|Y|4|00000058|4|00000058|Nawiliwili Road at MP 1.436                       
S|15|063013|2|1|22|2U|3|T|3|3|H|3|3|F|13|T|0|0| |2|P|L|P|000000006300|  1300|21338105|157868373|    |      |18|00|003|Y|00063x001280|N|4|00000063|4|00000063|LIKELIKE HWY 100' SOUTH OF KALIHI ST              
S|15|063013|2|2|22|2U|3|T|3|3|H|3|3|F|13|T|0|0| |2|P|L|P|000000006300|  1300|21338105|157868373|    |      |18|00|003|Y|00063x001280|N|4|00000063|4|00000063|LIKELIKE HWY 100' SOUTH OF KALIHI ST              
S|15|063013|2|3|22|2U|3|T|3|3|H|3|3|F|13|T|0|0| |2|P|L|P|000000006300|  1300|21338105|157868373|    |      |18|00|003|Y|00063x001280|N|4|00000063|4|00000063|LIKELIKE HWY 100' SOUTH OF KALIHI ST              
S|15|063013|6|1|22|2U|4|T|4|3|H|4|3|F|13|T|0|0| |2|P|L|P|000000006300|  1300|21338105|157868373|    |      |18|00|003|Y|00063x001280|N|4|00000063|4|00000063|LIKELIKE HWY 100' SOUTH OF KALIHI ST              
S|15|063013|6|2|22|2U|4|T|4|3|H|4|3|F|13|T|0|0| |2|P|L|P|000000006300|  1300|21338105|157868373|    |      |18|00|003|Y|00063x001280|N|4|00000063|4|00000063|LIKELIKE HWY 100' SOUTH OF KALIHI ST              
S|15|063013|6|3|22|2U|4|T|4|3|H|4|3|F|13|T|0|0| |2|P|L|P|000000006300|  1300|21338105|157868373|    |      |18|00|003|Y|00063x001280|N|4|00000063|4|00000063|LIKELIKE HWY 100' SOUTH OF KALIHI ST              
S|15|063013|6|4|22|2U|4|T|4|3|H|4|3|F|13|T|0|0| |2|P|L|P|000000006300|  1300|21338105|157868373|    |      |18|00|003|Y|00063x001280|N|4|00000063|4|00000063|LIKELIKE HWY 100' SOUTH OF KALIHI ST              
S|15|065025|3|1|22|2U|2|T|2|3|H|2|3|G|15|T|2|5|C|2|L|P|P|000000006500|      |21406211|157764633|    |      |19|00|003|Y|00065x002340|Y|4|00000065|4|00000065|Mokapu Saddle Road -Route 65 @ MP 2.53            
S|15|065025|3|2|22|2U|2|T|2|3|H|2|3|G|15|T|2|5|C|2|L|P|P|000000006500|      |21406211|157764633|    |      |19|00|003|Y|00065x002340|Y|4|00000065|4|00000065|Mokapu Saddle Road -Route 65 @ MP 2.53            
S|15|065025|7|1|22|2U|2|T|2|3|H|2|3|G|15|T|2|5|C|2|L|P|P|000000006500|      |21406211|157764633|    |      |19|00|003|Y|00065x002340|Y|4|00000065|4|00000065|Mokapu Saddle Road -Route 65 @ MP 2.53            
S|15|065025|7|2|22|2U|2|T|2|3|H|2|3|G|15|T|2|5|C|2|L|P|P|000000006500|      |21406211|157764633|    |      |19|00|003|Y|00065x002340|Y|4|00000065|4|00000065|Mokapu Saddle Road -Route 65 @ MP 2.53            
S|15|072013|3|1|22|2U|2|T|2|3|H|2|3|G|15|T|2|5| |2|P|L|P|000000007200|      |21281885|157712656|    |      |15|00|003|Y|00072x013910|Y|4|00000072|4|00000072|Kalanianaole Hwy RT 72 MP 13.9                    
S|15|072013|3|2|22|2U|2|T|2|3|H|2|3|G|15|T|2|5| |2|P|L|P|000000007200|      |21281885|157712656|    |      |15|00|003|Y|00072x013910|Y|4|00000072|4|00000072|Kalanianaole Hwy RT 72 MP 13.9                    
S|15|072013|7|1|22|2U|2|T|2|3|H|2|3|G|15|T|2|5| |2|P|L|P|000000007200|      |21281885|157712656|    |      |15|00|003|Y|00072x013910|Y|4|00000072|4|00000072|Kalanianaole Hwy RT 72 MP 13.9                    
S|15|072013|7|2|22|2U|2|T|2|3|H|2|3|G|15|T|2|5| |2|P|L|P|000000007200|      |21281885|157712656|    |      |15|00|003|Y|00072x013910|Y|4|00000072|4|00000072|Kalanianaole Hwy RT 72 MP 13.9                    
S|15|080000|1|1|22|3U|3|T|3|3|H|3|3|G|15|T|0|0| |2|P|L|P|000000008000|      |21491390|158028573|    |      |10|00|003|Y|00080x000000|Y|4|00000080|4|00000080|Kamehameha Highway at MP 0.01                     
S|15|080000|1|2|22|3U|3|T|3|3|H|3|3|G|15|T|0|0| |2|P|L|P|000000008000|      |21491390|158028573|    |      |10|00|003|Y|00080x000000|Y|4|00000080|4|00000080|Kamehameha Highway at MP 0.01                     
S|15|080000|1|3|22|3U|3|T|3|3|H|3|3|G|15|T|0|0| |2|P|L|P|000000008000|      |21491390|158028573|    |      |10|00|003|Y|00080x000000|Y|4|00000080|4|00000080|Kamehameha Highway at MP 0.01                     
S|15|080000|5|1|22|3U|3|T|3|3|H|3|3|G|15|T|0|0| |2|P|L|P|000000008000|      |21491390|158028573|    |      |10|00|003|Y|00080x000000|Y|4|00000080|4|00000080|Kamehameha Highway at MP 0.01                     
S|15|080000|5|2|22|3U|3|T|3|3|H|3|3|G|15|T|0|0| |2|P|L|P|000000008000|      |21491390|158028573|    |      |10|00|003|Y|00080x000000|Y|4|00000080|4|00000080|Kamehameha Highway at MP 0.01                     
S|15|080000|5|3|22|3U|3|T|3|3|H|3|3|G|15|T|0|0| |2|P|L|P|000000008000|      |21491390|158028573|    |      |10|00|003|Y|00080x000000|Y|4|00000080|4|00000080|Kamehameha Highway at MP 0.01                     
S|15|080008|1|1|22|3U|1|T|1|3|H|1|3|G|15|T|0|0| |2|P|L|P|000000008000|      |21503398|158030983|    |      |10|00|003|Y|00080x000510|Y|4|00000080|4|00000080|Kamehameha Highway at MP 0.89                     
S|15|080008|5|1|22|3U|1|T|1|3|H|1|3|G|15|T|0|0| |2|P|L|P|000000008000|      |21503398|158030983|    |      |10|00|003|Y|00080x000510|Y|4|00000080|4|00000080|Kamehameha Highway at MP 0.89                     
S|15|083016|1|1|22|3R|1|T|1|3|H|1|3|G|15|T|0|0| |2|P|L|P|000000008300|      |21598398|158099586|    |      |10|00|003|Y|00083x000000|Y|4|00000083|4|00000083|Joseph P. Leong Highway at MP                     
S|15|083016|5|1|22|3R|1|T|1|3|H|1|3|G|15|T|0|0| |2|P|L|P|000000008300|      |21598398|158099586|    |      |10|00|003|Y|00083x000000|Y|4|00000083|4|00000083|Joseph P. Leong Highway at MP                     
S|15|083316|1|1|22|3R|1|T|1|3|H|1|3|G|15|T|0|0| |2|P|L|P|000000008300|      |21598398|158099586|    |      |10|00|003|Y|00083x000000|Y|4|00000083|4|00000083|Joseph P. Leong Highway at MP                     
S|15|083316|5|1|22|3R|1|T|1|3|H|1|3|G|15|T|0|0| |2|P|L|P|000000008300|      |21598398|158099586|    |      |10|00|003|Y|00083x000000|Y|4|00000083|4|00000083|Joseph P. Leong Highway at MP                     
S|15|092016|3|1|22|3U|3|T|3|3|H|3|3|G|15|T|0|0| |2|P|L|P|000000009200|      |21338025|157920979|    |      |10|00|003|Y|00092x001320|N|4|00000092|4|00000092|Nimitz Highway at MP 1.61                         
S|15|092016|3|2|22|3U|3|T|3|3|H|3|3|G|15|T|0|0| |2|P|L|P|000000009200|      |21338025|157920979|    |      |10|00|003|Y|00092x001320|N|4|00000092|4|00000092|Nimitz Highway at MP 1.61                         
S|15|092016|3|3|22|3U|3|T|3|3|H|3|3|G|15|T|0|0| |2|P|L|P|000000009200|      |21338025|157920979|    |      |10|00|003|Y|00092x001320|N|4|00000092|4|00000092|Nimitz Highway at MP 1.61                         
S|15|092016|7|1|22|3U|3|T|3|3|H|3|3|G|15|T|0|0| |2|P|L|P|000000009200|      |21338025|157920979|    |      |10|00|003|Y|00092x001320|N|4|00000092|4|00000092|Nimitz Highway at MP 1.61                         
S|15|092016|7|2|22|3U|3|T|3|3|H|3|3|G|15|T|0|0| |2|P|L|P|000000009200|      |21338025|157920979|    |      |10|00|003|Y|00092x001320|N|4|00000092|4|00000092|Nimitz Highway at MP 1.61                         
S|15|092016|7|3|22|3U|3|T|3|3|H|3|3|G|15|T|0|0| |2|P|L|P|000000009200|      |21338025|157920979|    |      |10|00|003|Y|00092x001320|N|4|00000092|4|00000092|Nimitz Highway at MP 1.61                         
S|15|092035|8|1|22|3U|1|T|1|3|H|1|3|F|13|T|0|0| |2|P|L|P|000000009200|  3600|21332879|157890165|    |      |18|00|003|Y|00092x003650|N|4|00000092|4|00000092|Nimitz Highway at MP 3.60                         
S|15|092035|8|2|22|3U|1|T|1|3|H|1|3|F|13|T|0|0| |2|P|L|P|000000009200|  3600|21332879|157890165|    |      |18|00|003|Y|00092x003650|N|4|00000092|4|00000092|Nimitz Highway at MP 3.60                         
S|15|092036|4|1|22|3U|5|T|5|3|H|5|3|G|15|T|0|0| |2|P|L|P|000000009200|      |21332416|157890012|    |      |10|00|003|Y|00092x003650|N|4|00000092|4|00000092|Nimitz Highway at MP 3.66                         
S|15|092036|4|2|22|3U|5|T|5|3|H|5|3|G|15|T|0|0| |2|P|L|P|000000009200|      |21332416|157890012|    |      |10|00|003|Y|00092x003650|N|4|00000092|4|00000092|Nimitz Highway at MP 3.66                         
S|15|092036|4|3|22|3U|5|T|5|3|H|5|3|G|15|T|0|0| |2|P|L|P|000000009200|      |21332416|157890012|    |      |10|00|003|Y|00092x003650|N|4|00000092|4|00000092|Nimitz Highway at MP 3.66                         
S|15|092036|4|4|22|3U|5|T|5|3|H|5|3|G|15|T|0|0| |2|P|L|P|000000009200|      |21332416|157890012|    |      |10|00|003|Y|00092x003650|N|4|00000092|4|00000092|Nimitz Highway at MP 3.66                         
S|15|092036|4|5|22|3U|5|T|5|3|H|5|3|G|15|T|0|0| |2|P|L|P|000000009200|      |21332416|157890012|    |      |10|00|003|Y|00092x003650|N|4|00000092|4|00000092|Nimitz Highway at MP 3.66                         
S|15|092036|8|1|22|3U|3|T|3|3|H|3|3|G|15|T|0|0| |2|P|L|P|000000009200|      |21332416|157890012|    |      |10|00|003|Y|00092x003650|N|4|00000092|4|00000092|Nimitz Highway at MP 3.66                         
S|15|092036|8|2|22|3U|3|T|3|3|H|3|3|G|15|T|0|0| |2|P|L|P|000000009200|      |21332416|157890012|    |      |10|00|003|Y|00092x003650|N|4|00000092|4|00000092|Nimitz Highway at MP 3.66                         
S|15|092036|8|3|22|3U|3|T|3|3|H|3|3|G|15|T|0|0| |2|P|L|P|000000009200|      |21332416|157890012|    |      |10|00|003|Y|00092x003650|N|4|00000092|4|00000092|Nimitz Highway at MP 3.66                         
S|15|092037|4|1|22|3U|1|T|1|3|H|1|3|G|15|T|0|0| |2|P|L|P|000000009200|      |21332394|157889740|    |      |10|00|003|Y|000092003650|N|3|00000092|3|00000092| NIMITZ HWY AT M.P. 3.67                          
S|15|092037|8|1|22|3U|2|T|2|3|H|2|3|G|15|T|0|0| |2|P|L|P|000000009200|      |21332394|157889740|    |      |10|00|003|Y|000092003650|N|3|00000092|3|00000092| NIMITZ HWY AT M.P. 3.67                          
S|15|092037|8|2|22|3U|2|T|2|3|H|2|3|G|15|T|0|0| |2|P|L|P|000000009200|      |21332394|157889740|    |      |10|00|003|Y|000092003650|N|3|00000092|3|00000092| NIMITZ HWY AT M.P. 3.67                          
S|15|092038|4|1|22|3U|5|T|5|3|H|5|3|F|15|T|2|5|C|2|P|L|P|000000009200|  3800|21331303|157888173|    |      |18|00|003|Y|00092x003650|N|4|00000092|4|00000092|Nimitz Highway at MP 3.80                         
S|15|092038|4|2|22|3U|5|T|5|3|H|5|3|F|15|T|2|5|C|2|P|L|P|000000009200|  3800|21331303|157888173|    |      |18|00|003|Y|00092x003650|N|4|00000092|4|00000092|Nimitz Highway at MP 3.80                         
S|15|092038|4|3|22|3U|5|T|5|3|H|5|3|F|15|T|2|5|C|2|P|L|P|000000009200|  3800|21331303|157888173|    |      |18|00|003|Y|00092x003650|N|4|00000092|4|00000092|Nimitz Highway at MP 3.80                         
S|15|092038|4|4|22|3U|5|T|5|3|H|5|3|F|15|T|2|5|C|2|P|L|P|000000009200|  3800|21331303|157888173|    |      |18|00|003|Y|00092x003650|N|4|00000092|4|00000092|Nimitz Highway at MP 3.80                         
S|15|092038|4|5|22|3U|5|T|5|3|H|5|3|F|15|T|2|5|C|2|P|L|P|000000009200|  3800|21331303|157888173|    |      |18|00|003|Y|00092x003650|N|4|00000092|4|00000092|Nimitz Highway at MP 3.80                         
S|15|092038|8|1|22|3U|5|T|5|3|H|5|3|F|15|T|2|5|C|2|P|L|P|000000009200|  3800|21331303|157888173|    |      |18|00|003|Y|00092x003650|N|4|00000092|4|00000092|Nimitz Highway at MP 3.80                         
S|15|092038|8|2|22|3U|5|T|5|3|H|5|3|F|15|T|2|5|C|2|P|L|P|000000009200|  3800|21331303|157888173|    |      |18|00|003|Y|00092x003650|N|4|00000092|4|00000092|Nimitz Highway at MP 3.80                         
S|15|092038|8|3|22|3U|5|T|5|3|H|5|3|F|15|T|2|5|C|2|P|L|P|000000009200|  3800|21331303|157888173|    |      |18|00|003|Y|00092x003650|N|4|00000092|4|00000092|Nimitz Highway at MP 3.80                         
S|15|092038|8|4|22|3U|5|T|5|3|H|5|3|F|15|T|2|5|C|2|P|L|P|000000009200|  3800|21331303|157888173|    |      |18|00|003|Y|00092x003650|N|4|00000092|4|00000092|Nimitz Highway at MP 3.80                         
S|15|092038|8|5|22|3U|5|T|5|3|H|5|3|F|15|T|2|5|C|2|P|L|P|000000009200|  3800|21331303|157888173|    |      |18|00|003|Y|00092x003650|N|4|00000092|4|00000092|Nimitz Highway at MP 3.80                         
S|15|093068|4|1|22|3U|2|T|2|3|H|2|3|F|15|T|2|5|C|2|P|L|P|000000009300|  6820|21396119|158162154|    |      |20|00|003|Y|00093x000000|N|2|00000093|2|00000093|                  Farrington Highway at MP 6.82488
S|15|093068|4|2|22|3U|2|T|2|3|H|2|3|F|15|T|2|5|C|2|P|L|P|000000009300|  6820|21396119|158162154|    |      |20|00|003|Y|00093x000000|N|2|00000093|2|00000093|                  Farrington Highway at MP 6.82488
S|15|093068|8|1|22|3U|2|T|2|3|H|2|3|F|15|T|2|5|C|2|P|L|P|000000009300|  6820|21396119|158162154|    |      |20|00|003|Y|00093x000000|N|2|00000093|2|00000093|                  Farrington Highway at MP 6.82488
S|15|093068|8|2|22|3U|2|T|2|3|H|2|3|F|15|T|2|5|C|2|P|L|P|000000009300|  6820|21396119|158162154|    |      |20|00|003|Y|00093x000000|N|2|00000093|2|00000093|                  Farrington Highway at MP 6.82488
S|15|098008|4|1|22|3U|3|T|3|3|H|3|3|G|15|T|3|5| |2|P|L|P|000000009800|      |21315671|157858881|    |      |15|00|003|Y|00098x000500|Y|4|00000098|4|00000098|N Vineyard Blvd RT 98 MP 0.86                     
S|15|098008|4|2|22|3U|3|T|3|3|H|3|3|G|15|T|3|5| |2|P|L|P|000000009800|      |21315671|157858881|    |      |15|00|003|Y|00098x000500|Y|4|00000098|4|00000098|N Vineyard Blvd RT 98 MP 0.86                     
S|15|098008|4|3|22|3U|3|T|3|3|H|3|3|G|15|T|3|5| |2|P|L|P|000000009800|      |21315671|157858881|    |      |15|00|003|Y|00098x000500|Y|4|00000098|4|00000098|N Vineyard Blvd RT 98 MP 0.86                     
S|15|098008|8|1|22|3U|3|T|3|3|H|3|3|G|15|T|3|5| |2|P|L|P|000000009800|      |21315671|157858881|    |      |15|00|003|Y|00098x000500|Y|4|00000098|4|00000098|N Vineyard Blvd RT 98 MP 0.86                     
S|15|098008|8|2|22|3U|3|T|3|3|H|3|3|G|15|T|3|5| |2|P|L|P|000000009800|      |21315671|157858881|    |      |15|00|003|Y|00098x000500|Y|4|00000098|4|00000098|N Vineyard Blvd RT 98 MP 0.86                     
S|15|098008|8|3|22|3U|3|T|3|3|H|3|3|G|15|T|3|5| |2|P|L|P|000000009800|      |21315671|157858881|    |      |15|00|003|Y|00098x000500|Y|4|00000098|4|00000098|N Vineyard Blvd RT 98 MP 0.86                     
S|15|0C202B|1|1|22|3U|3|T|3|3|H|3|3|G|15|T|3|5| |2|B|L|P|000000006400|      |21311856|157886751|    |      |90|00|003|Y|00064x001100|Y|4|00000064|4|00000064|SAND ISLAND ACCESS RD @ BASCUL                    
S|15|0C202B|1|2|22|3U|3|T|3|3|H|3|3|G|15|T|3|5| |2|B|L|P|000000006400|      |21311856|157886751|    |      |90|00|003|Y|00064x001100|Y|4|00000064|4|00000064|SAND ISLAND ACCESS RD @ BASCUL                    
S|15|0C202B|1|3|22|3U|3|T|3|3|H|3|3|G|15|T|3|5| |2|Q|L|P|000000006400|      |21311856|157886751|    |      |90|00|003|Y|00064x001100|Y|4|00000064|4|00000064|SAND ISLAND ACCESS RD @ BASCUL                    
S|15|0C202B|5|1|22|3U|2|T|2|3|H|2|3|G|15|T|2|5| |2|Q|L|P|000000006400|      |21311856|157886751|    |      |90|00|003|Y|00064x001100|Y|4|00000064|4|00000064|SAND ISLAND ACCESS RD @ BASCUL                    
S|15|0C202B|5|2|22|3U|2|T|2|3|H|2|3|G|15|T|2|5| |2|B|L|P|000000006400|      |21311856|157886751|    |      |90|00|003|Y|00064x001100|Y|4|00000064|4|00000064|SAND ISLAND ACCESS RD @ BASCUL                    
S|15|190010|1|1|22|4U|1|T|1|3|H|1|3|G|15|T|0|0| |2|P|L|P|000000019000|      |20007466|155676608|    |      |11|00|001|Y|00190x000000|N|6|00000190|6|00000190|Mamalahoa Highway at MP 1.074                     
S|15|190010|5|1|22|4U|1|T|1|3|H|1|3|G|15|T|0|0| |2|P|L|P|000000019000|      |20007466|155676608|    |      |11|00|001|Y|00190x000000|N|6|00000190|6|00000190|Mamalahoa Highway at MP 1.074                     
S|15|200330|3|1|22|4U|1|T|1|3|H|1|3|G|15|T|1|5| |2|P|L|P|000000020000|      |19786734|155620680|    |      |13|00|001|Y|00200x027060|N|6|00000200|6|00000200| DANIEL K INOUYE HWY ROUTE 200                    
S|15|200330|7|1|22|4U|1|T|1|3|H|1|3|G|15|T|1|5| |2|P|L|P|000000020000|      |19786734|155620680|    |      |13|00|001|Y|00200x027060|N|6|00000200|6|00000200| DANIEL K INOUYE HWY ROUTE 200                    
S|15|240049|4|1|22|5R|1|T|1|3|H|1|3|G|15|T|0|0| |2|P|L|P|000000024000|      |20097510|155517889|    |      |11|00|001|Y|00240x003730|N|4|00000240|4|00000240|Honokaa-Waipio at MP 4.980                        
S|15|240049|8|1|22|5R|1|T|1|3|H|1|3|G|15|T|0|0| |2|P|L|P|000000024000|      |20097510|155517889|    |      |11|00|001|Y|00240x003730|N|4|00000240|4|00000240|Honokaa-Waipio at MP 4.980                        
S|15|270007|4|1|22|3U|1|T|1|3|H|1|3|G|15|T|1|5| |2|P|L|P|000000027000|      |20030341|155821469|    |      |10|00|000|Y|  11    001Y|N|0|270x0000|0|0Y400000|270400000270Akone Pule at MP 0                    
S|15|270007|8|1|22|3U|1|T|1|3|H|1|3|G|15|T|1|5| |2|P|L|P|000000027000|      |20030341|155821469|    |      |10|00|000|Y|  11    001Y|N|0|270x0000|0|0Y400000|270400000270Akone Pule at MP 0                    
S|15|310008|4|1|22|4U|1|T|1|3|H|1|3|G|15|T|0|0| |2|P|L|P|000000031000|      |20801935|156497943|    |      |12|00|009|Y|00310x000100|N|4|00000310|4|00000310|North Kihei Road at MP 0.859                      
S|15|310008|8|1|22|4U|1|T|1|3|H|1|3|G|15|T|0|0| |2|P|L|P|000000031000|      |20801935|156497943|    |      |12|00|009|Y|00310x000100|N|4|00000310|4|00000310|North Kihei Road at MP 0.859                      
S|15|311023|2|1|22|3U|2|T|2|3|H|2|3|G|15|T|0|0| |2|P|L|P|000000031100|      |20844464|156462806|    |      |12|00|009|Y|00311x002210|Y|4|00000311|4|00000311|Mokulele Highway at MP 2.379                      
S|15|311023|2|2|22|3U|2|T|2|3|H|2|3|G|15|T|0|0| |2|P|L|P|000000031100|      |20844464|156462806|    |      |12|00|009|Y|00311x002210|Y|4|00000311|4|00000311|Mokulele Highway at MP 2.379                      
S|15|311023|6|1|22|3U|2|T|2|3|H|2|3|G|15|T|0|0| |2|P|L|P|000000031100|      |20844464|156462806|    |      |12|00|009|Y|00311x002210|Y|4|00000311|4|00000311|Mokulele Highway at MP 2.379                      
S|15|311023|6|2|22|3U|2|T|2|3|H|2|3|G|15|T|0|0| |2|P|L|P|000000031100|      |20844464|156462806|    |      |12|00|009|Y|00311x002210|Y|4|00000311|4|00000311|Mokulele Highway at MP 2.379                      
S|15|340005|4|1|22|5U|1|T|1|3|H|1|3|G|15|T|0|0| |2|P|L|P|000000034000|      |20923490|156502590|    |      |12|00|009|Y|00340x000000|N|4|00000340|4|00000340|Kahekili Highway at MP 0.551                      
S|15|340005|8|1|22|5U|1|T|1|3|H|1|3|G|15|T|0|0| |2|P|L|P|000000034000|      |20923490|156502590|    |      |12|00|009|Y|00340x000000|N|4|00000340|4|00000340|Kahekili Highway at MP 0.551                      
S|15|36A005|2|1|22|4U|2|T|2|3|H|2|3|G|15|T|0|0| |2|P|L|P|000000036A00|      |20890100|156447620|    |      |12|00|009|N|0036Ax000320|Y|4|0000036A|4|0000036A|Keolani Pl at MP 0.51                             
S|15|36A005|2|2|22|4U|2|T|2|3|H|2|3|G|15|T|0|0| |2|P|L|P|000000036A00|      |20890100|156447620|    |      |12|00|009|N|0036Ax000320|Y|4|0000036A|4|0000036A|Keolani Pl at MP 0.51                             
S|15|36A005|6|1|22|4U|2|T|2|3|H|2|3|G|15|T|0|0| |2|P|L|P|000000036A00|      |20890100|156447620|    |      |12|00|009|N|0036Ax000320|Y|4|0000036A|4|0000036A|Keolani Pl at MP 0.51                             
S|15|36A005|6|2|22|4U|2|T|2|3|H|2|3|G|15|T|0|0| |2|P|L|P|000000036A00|      |20890100|156447620|    |      |12|00|009|N|0036Ax000320|Y|4|0000036A|4|0000036A|Keolani Pl at MP 0.51                             
S|15|377073|2|1|22|5R|1|T|1|3|H|1|3|G|15|T|0|0| |2|P|L|P|000000037700|      |20750185|156312162|    |      |12|00|009|Y|00377x006010|N|4|00000377|4|00000377|Kekaulike Avenue at MP 7.379                      
S|15|377073|6|1|22|5R|1|T|1|3|H|1|3|G|15|T|0|0| |2|P|L|P|000000037700|      |20750185|156312162|    |      |12|00|009|Y|00377x006010|N|4|00000377|4|00000377|Kekaulike Avenue at MP 7.379                      
S|15|380008|1|1|22|3U|2|T|2|3|H|2|3|G|15|T|2|5| |2|P|L|P|000000380000|      |20880833|156452117|    |      |17|00|009|Y|03800x000000|Y|4|00003800|4|00003800|Airport Road at MP 0.7806                         
S|15|380008|1|2|22|3U|2|T|2|3|H|2|3|G|15|T|2|5| |2|P|L|P|000000380000|      |20880833|156452117|    |      |17|00|009|Y|03800x000000|Y|4|00003800|4|00003800|Airport Road at MP 0.7806                         
S|15|380008|5|1|22|3U|2|T|2|3|H|2|3|G|15|T|2|5| |2|P|L|P|000000380000|      |20880833|156452117|    |      |17|00|009|Y|03800x000000|Y|4|00003800|4|00003800|Airport Road at MP 0.7806                         
S|15|380008|5|2|22|3U|2|T|2|3|H|2|3|G|15|T|2|5| |2|P|L|P|000000380000|      |20880833|156452117|    |      |17|00|009|Y|03800x000000|Y|4|00003800|4|00003800|Airport Road at MP 0.7806                         
S|15|380015|1|1|22|3U|2|T|2|3|H|2|3|G|15|T|2|5| |2|P|L|P|000000038000|      |20870820|156466690|    |      |12|00|009|Y|00380x000960|Y|4|00000380|4|00000380|Kuihelani Highway at MP 1.525                     
S|15|380015|1|2|22|3U|2|T|2|3|H|2|3|G|15|T|2|5| |2|P|L|P|000000038000|      |20870820|156466690|    |      |12|00|009|Y|00380x000960|Y|4|00000380|4|00000380|Kuihelani Highway at MP 1.525                     
S|15|380015|5|1|22|3U|2|T|2|3|H|2|3|G|15|T|2|5| |2|P|L|P|000000038000|      |20870820|156466690|    |      |12|00|009|Y|00380x000960|Y|4|00000380|4|00000380|Kuihelani Highway at MP 1.525                     
S|15|380015|5|2|22|3U|2|T|2|3|H|2|3|G|15|T|2|5| |2|P|L|P|000000038000|      |20870820|156466690|    |      |12|00|009|Y|00380x000960|Y|4|00000380|4|00000380|Kuihelani Highway at MP 1.525                     
S|15|440040|2|1|22|5R|1|T|1|3|H|1|3|G|15|T|0|0| |2|P|L|P|000000044000|      |20802979|156943481|    |      |12|00|009|Y|00440x003230|N|4|00000440|4|00000440|Kaumalapau Highway at MP 4.073                    
S|15|440040|6|1|22|5R|1|T|1|3|H|1|3|G|15|T|0|0| |2|P|L|P|000000044000|      |20802979|156943481|    |      |12|00|009|Y|00440x003230|N|4|00000440|4|00000440|Kaumalapau Highway at MP 4.073                    
S|15|570003|3|1|22|3U|1|T|1|3|H|1|3|G|15|T|0|0| |2|P|L|P|000000057000|      |21980923|159362858|    |      |11|00|007|Y|00570x000170|Y|4|00000570|4|00000570|Ahukini Road at MP 0.310                          
S|15|570003|7|1|22|3U|1|T|1|3|H|1|3|G|15|T|0|0| |2|P|L|P|000000057000|      |21980923|159362858|    |      |11|00|007|Y|00570x000170|Y|4|00000570|4|00000570|Ahukini Road at MP 0.310                          
S|15|580022|4|1|22|5R|1|T|1|3|H|1|3|G|15|T|0|0| |2|P|L|P|000000005800|      |22050882|159367196|    |      |11|00|007|Y|00580x001630|N|4|00000580|4|00000580|Kuamoo Road at MP 2.28                            
S|15|580022|8|1|22|5R|1|T|1|3|H|1|3|G|15|T|0|0| |2|P|L|P|000000005800|      |22050882|159367196|    |      |11|00|007|Y|00580x001630|N|4|00000580|4|00000580|Kuamoo Road at MP 2.28                            
S|15|583004|4|1|22|5U|1|T|1|3|H|1|3|G|15|T|0|0| |2|P|L|P|000000058300|      |21996166|159369934|    |      |11|00|007|Y|00583x000000|N|4|00000583|4|00000583|Maalo Road at MP 0.470                            
S|15|583004|8|1|22|5U|1|T|1|3|H|1|3|G|15|T|0|0| |2|P|L|P|000000058300|      |21996166|159369934|    |      |11|00|007|Y|00583x000000|N|4|00000583|4|00000583|Maalo Road at MP 0.470                            
S|15|741518|2|1|22|4U|2|T|2|3|H|2|3|F|15|T|2|5|C|2|P|L|P|000000741500|   180|21336656|157885528|    |      |19|00|003|Y|07415x000000|Y|4|00007415|4|00007415|   Middle St at MP 0.18                           
S|15|741518|2|2|22|4U|2|T|2|3|H|2|3|F|15|T|2|5|C|2|P|L|P|000000741500|   180|21336656|157885528|    |      |19|00|003|Y|07415x000000|Y|4|00007415|4|00007415|   Middle St at MP 0.18                           
S|15|741518|6|1|22|4U|2|T|2|3|H|2|3|F|15|T|2|5|C|2|P|L|P|000000741500|   180|21336656|157885528|    |      |19|00|003|Y|07415x000000|Y|4|00007415|4|00007415|   Middle St at MP 0.18                           
S|15|741518|6|2|22|4U|2|T|2|3|H|2|3|F|15|T|2|5|C|2|P|L|P|000000741500|   180|21336656|157885528|    |      |19|00|003|Y|07415x000000|Y|4|00007415|4|00007415|   Middle St at MP 0.18                           
S|15|750048|1|1|22|4R|1|T|1|3|H|1|3|G|15|T|0|0| |2|P|L|P|000000075000|      |21447524|158060026|    |      |10|00|003|Y|00750x003790|N|4|00000750|4|00000750|Kunia Road at MP 4.81                             
S|15|750048|5|1|22|4R|1|T|1|3|H|1|3|G|15|T|0|0| |2|P|L|P|000000075000|      |21447524|158060026|    |      |10|00|003|Y|00750x003790|N|4|00000750|4|00000750|Kunia Road at MP 4.81                             
S|15|901007|1|1|22|3U|2|T|2|3|H|2|3|F|15|T|0|0| |2|P|L|P|000000090100|    60|21325490|158068392|    |      |22|00|003|Y|00901x000000|N|4|00000901|4|00000901|Fort Barrette Road Rte901 at MP 0.06              
S|15|901007|1|2|22|3U|2|T|2|3|H|2|3|F|15|T|0|0| |2|P|L|P|000000090100|    60|21325490|158068392|    |      |22|00|003|Y|00901x000000|N|4|00000901|4|00000901|Fort Barrette Road Rte901 at MP 0.06              
S|15|901007|5|1|22|3U|2|T|2|3|H|2|3|F|15|T|0|0| |2|P|L|P|000000090100|    60|21325490|158068392|    |      |22|00|003|Y|00901x000000|N|4|00000901|4|00000901|Fort Barrette Road Rte901 at MP 0.06              
S|15|901007|5|2|22|3U|2|T|2|3|H|2|3|F|15|T|0|0| |2|P|L|P|000000090100|    60|21325490|158068392|    |      |22|00|003|Y|00901x000000|N|4|00000901|4|00000901|Fort Barrette Road Rte901 at MP 0.06              
S|15|H19059|3|1|22|5U|2|T|2|3|H|2|3|G|15|T|0|0| |2|P|L|P|000000195000|      |19680976|155155911|    |      |11|00|001|Y|01950x005970|N|6|00001950|6|00001950|Kaumana Drive at MP 5.98                          
S|15|H19059|3|2|22|5U|2|T|2|3|H|2|3|G|15|T|0|0| |2|P|L|P|000000195000|      |19680976|155155911|    |      |11|00|001|Y|01950x005970|N|6|00001950|6|00001950|Kaumana Drive at MP 5.98                          
S|15|H19059|7|1|22|5U|1|T|1|3|H|1|3|G|15|T|0|0| |2|P|L|P|000000195000|      |19680976|155155911|    |      |11|00|001|Y|01950x005970|N|6|00001950|6|00001950|Kaumana Drive at MP 5.98                          
S|15|O71003|3|1|22|4U|1|T|1|3|H|1|3|G|15|T|0|0| |2|P|L|P|000000711000|      |21374453|158031959|    |      |10|00|003|Y|07110x000370|N|4|00007110|4|00007110|Farrington Highway at MP 0.370                    
S|15|O71003|7|1|22|4U|1|T|1|3|H|1|3|G|15|T|0|0| |2|P|L|P|000000711000|      |21374453|158031959|    |      |10|00|003|Y|07110x000370|N|4|00007110|4|00007110|Farrington Highway at MP 0.370                    
S|15|SL15LF|3|1|22|1U|5|T|5|3|H|5|3|G|15|T|5|5|C|2|L|P|P|000000000100|      |21333626|157873620|    |      |14|00|003|Y|00001x019220|Y|2|00000001|2|00000001|H-1 Freeway at Kalihi IC MP 19                    
S|15|SL15LF|3|2|22|1U|5|T|5|3|H|5|3|G|15|T|5|5|C|2|L|P|P|000000000100|      |21333626|157873620|    |      |14|00|003|Y|00001x019220|Y|2|00000001|2|00000001|H-1 Freeway at Kalihi IC MP 19                    
S|15|SL15LF|3|3|22|1U|5|T|5|3|H|5|3|G|15|T|5|5|C|2|L|P|P|000000000100|      |21333626|157873620|    |      |14|00|003|Y|00001x019220|Y|2|00000001|2|00000001|H-1 Freeway at Kalihi IC MP 19                    
S|15|SL15LF|3|4|22|1U|5|T|5|3|H|5|3|G|15|T|5|5|C|2|L|P|P|000000000100|      |21333626|157873620|    |      |14|00|003|Y|00001x019220|Y|2|00000001|2|00000001|H-1 Freeway at Kalihi IC MP 19                    
S|15|SL15LF|3|5|22|1U|5|T|5|3|H|5|3|G|15|T|5|5|C|2|L|P|P|000000000100|      |21333626|157873620|    |      |14|00|003|Y|00001x019220|Y|2|00000001|2|00000001|H-1 Freeway at Kalihi IC MP 19                    
S|15|SL15LF|7|1|22|1U|5|T|5|3|H|5|3|G|15|T|5|5|C|2|L|P|P|000000000100|      |21333626|157873620|    |      |14|00|003|Y|00001x019220|Y|2|00000001|2|00000001|H-1 Freeway at Kalihi IC MP 19                    
S|15|SL15LF|7|2|22|1U|5|T|5|3|H|5|3|G|15|T|5|5|C|2|L|P|P|000000000100|      |21333626|157873620|    |      |14|00|003|Y|00001x019220|Y|2|00000001|2|00000001|H-1 Freeway at Kalihi IC MP 19                    
S|15|SL15LF|7|3|22|1U|5|T|5|3|H|5|3|G|15|T|5|5|C|2|L|P|P|000000000100|      |21333626|157873620|    |      |14|00|003|Y|00001x019220|Y|2|00000001|2|00000001|H-1 Freeway at Kalihi IC MP 19                    
S|15|SL15LF|7|4|22|1U|5|T|5|3|H|5|3|G|15|T|5|5|C|2|L|P|P|000000000100|      |21333626|157873620|    |      |14|00|003|Y|00001x019220|Y|2|00000001|2|00000001|H-1 Freeway at Kalihi IC MP 19                    
S|15|SL15LF|7|5|22|1U|5|T|5|3|H|5|3|G|15|T|5|5|C|2|L|P|P|000000000100|      |21333626|157873620|    |      |14|00|003|Y|00001x019220|Y|2|00000001|2|00000001|H-1 Freeway at Kalihi IC MP 19                    
S|15|SL23LF|3|1|22|1U|5|T|5|3|H|5|3|G|15|T|0|5|C|2|L|P|P|000000000100|      |21326132|157867246|    |      |14|00|003|Y|00001x020210|Y|2|00000001|2|00000001|H-1 Freeway at Kapalama Stream                    
S|15|SL23LF|3|2|22|1U|5|T|5|3|H|5|3|G|15|T|0|5|C|2|L|P|P|000000000100|      |21326132|157867246|    |      |14|00|003|Y|00001x020210|Y|2|00000001|2|00000001|H-1 Freeway at Kapalama Stream                    
S|15|SL23LF|3|3|22|1U|5|T|5|3|H|5|3|G|15|T|0|5|C|2|L|P|P|000000000100|      |21326132|157867246|    |      |14|00|003|Y|00001x020210|Y|2|00000001|2|00000001|H-1 Freeway at Kapalama Stream                    
S|15|SL23LF|3|4|22|1U|5|T|5|3|H|5|3|G|15|T|0|5|C|2|L|P|P|000000000100|      |21326132|157867246|    |      |14|00|003|Y|00001x020210|Y|2|00000001|2|00000001|H-1 Freeway at Kapalama Stream                    
S|15|SL23LF|3|5|22|1U|5|T|5|3|H|5|3|G|15|T|0|5|C|2|L|P|P|000000000100|      |21326132|157867246|    |      |14|00|003|Y|00001x020210|Y|2|00000001|2|00000001|H-1 Freeway at Kapalama Stream                    
S|15|SL23LF|7|1|22|1U|5|T|5|3|H|5|3|G|15|T|0|5|C|2|L|P|P|000000000100|      |21326132|157867246|    |      |14|00|003|Y|00001x020210|Y|2|00000001|2|00000001|H-1 Freeway at Kapalama Stream                    
S|15|SL23LF|7|2|22|1U|5|T|5|3|H|5|3|G|15|T|0|5|C|2|L|P|P|000000000100|      |21326132|157867246|    |      |14|00|003|Y|00001x020210|Y|2|00000001|2|00000001|H-1 Freeway at Kapalama Stream                    
S|15|SL23LF|7|3|22|1U|5|T|5|3|H|5|3|G|15|T|0|5|C|2|L|P|P|000000000100|      |21326132|157867246|    |      |14|00|003|Y|00001x020210|Y|2|00000001|2|00000001|H-1 Freeway at Kapalama Stream                    
S|15|SL23LF|7|4|22|1U|5|T|5|3|H|5|3|G|15|T|0|5|C|2|L|P|P|000000000100|      |21326132|157867246|    |      |14|00|003|Y|00001x020210|Y|2|00000001|2|00000001|H-1 Freeway at Kapalama Stream                    
S|15|SL23LF|7|5|22|1U|5|T|5|3|H|5|3|G|15|T|0|5|C|2|L|P|P|000000000100|      |21326132|157867246|    |      |14|00|003|Y|00001x020210|Y|2|00000001|2|00000001|H-1 Freeway at Kapalama Stream                    
S|15|SL36LF|3|1|22|1U|4|T|8|3|H|4|3|G|15|T|4|5|C|2|L|P|P|000000000100|      |21318300|157858000|    |      |14|00|003|Y|00001x020210|Y|2|00000001|2|00000001|H-1 Freeway at Nuuanu Stream B                    
S|15|SL36LF|3|2|22|1U|4|T|8|3|H|4|3|G|15|T|4|5|C|2|L|P|P|000000000100|      |21318300|157858000|    |      |14|00|003|Y|00001x020210|Y|2|00000001|2|00000001|H-1 Freeway at Nuuanu Stream B                    
S|15|SL36LF|3|3|22|1U|4|T|8|3|H|4|3|G|15|T|4|5|C|2|L|P|P|000000000100|      |21318300|157858000|    |      |14|00|003|Y|00001x020210|Y|2|00000001|2|00000001|H-1 Freeway at Nuuanu Stream B                    
S|15|SL36LF|3|4|22|1U|4|T|8|3|H|4|3|G|15|T|4|5|C|2|L|P|P|000000000100|      |21318300|157858000|    |      |14|00|003|Y|00001x020210|Y|2|00000001|2|00000001|H-1 Freeway at Nuuanu Stream B                    
S|15|SL36LF|7|1|22|1U|4|T|8|3|H|4|3|G|15|T|4|5|C|2|L|P|P|000000000100|      |21318300|157858000|    |      |14|00|003|Y|00001x020210|Y|2|00000001|2|00000001|H-1 Freeway at Nuuanu Stream B                    
S|15|SL36LF|7|2|22|1U|4|T|8|3|H|4|3|G|15|T|4|5|C|2|L|P|P|000000000100|      |21318300|157858000|    |      |14|00|003|Y|00001x020210|Y|2|00000001|2|00000001|H-1 Freeway at Nuuanu Stream B                    
S|15|SL36LF|7|3|22|1U|4|T|8|3|H|4|3|G|15|T|4|5|C|2|L|P|P|000000000100|      |21318300|157858000|    |      |14|00|003|Y|00001x020210|Y|2|00000001|2|00000001|H-1 Freeway at Nuuanu Stream B                    
S|15|SL36LF|7|4|22|1U|4|T|8|3|H|4|3|G|15|T|4|5|C|2|L|P|P|000000000100|      |21318300|157858000|    |      |14|00|003|Y|00001x020210|Y|2|00000001|2|00000001|H-1 Freeway at Nuuanu Stream B                    
