Record_Type|Year_Record|State_Code|Station_Id|Travel_Dir|Travel_Lane|F_System|Num_Lanes|Sample_Type_Volume|Num_Lanes_Volume|Method_Volume|Sample_Type_Class|Num_Lanes_Class|Method_Class|Algorithm_Volume|Num_Classes|Sample_Type_Truck|Num_Lanes_Truck|Method_Truck|Calibration|Data_Retrieval|Type_Sensor_1|Type_Sensor_2|Primary_Purpose|LRS_Id|LRS_Point|Latitude|Longitude|SHRP_Id|Prev_Station_Id|Year_Established|Year_Discontinued|County_Code|Is_Sample|Sample_Id|NHS|Posted_Route_Signing|Posted_Signed_Route|Con_Route_Signing|Con_Signed_Route|Station_Location
S|17|001040|1|0|22|3U|2|T|4|3|N|4|3|F|13|N|0|1|U|2|L|P|P|000000000000|     0|42356010| 88169530|0000|000000|79|00|097|N|000000000000|Y|2|00000012|0|00000000|US 12 1.0 mile south of IL 134                    
S|17|001040|5|0|22|3U|2|T|4|3|N|4|3|F|13|N|0|1|U|2|L|P|P|000000000000|     0|42356010| 88169530|0000|000000|79|00|097|N|000000000000|Y|2|00000012|0|00000000|US 12 1.0 mile south of IL 134                    
S|17|001050|1|0|22|3U|2|T|4|3|N|4|3|F|13|N|0|1|U|2|L|P|P|000000000000|     0|42014190| 88203010|0000|000000|91|00|031|N|000000000000|Y|3|00000059|0|00000000|IL 59 0.4 mile north of US 20                     
S|17|001050|5|0|22|3U|2|T|4|3|N|4|3|F|13|N|0|1|U|2|L|P|P|000000000000|     0|42014190| 88203010|0000|000000|91|00|031|N|000000000000|Y|3|00000059|0|00000000|IL 59 0.4 mile north of US 20                     
S|17|001121|1|0|22|1U|7|T|7|3|N|0|3|F|13|N|0|1|U|2|L|N|P|000000000000|     0|41802210| 87630900|0000|000000|81|00|031|Y|000000160350|Y|1|00000094|0|00000000|I-90  94 at 51st ST bridge ( northbound)          
S|17|001125|1|0|22|1U|7|T|7|3|N|0|3|F|13|N|0|1|U|2|L|N|P|000000000000|     0|41800970| 87631850|0000|000000|81|00|031|Y|000000160350|Y|1|00000094|0|00000000|I-90  94 at 51st ST bridge (southbound)           
S|17|001125|5|0|22|1U|7|T|7|3|N|0|3|F|13|N|0|1|U|2|L|N|P|000000000000|     0|41800970| 87631850|0000|000000|81|00|031|Y|000000160350|Y|1|00000094|0|00000000|I-90  94 at 51st ST bridge (southbound)           
S|17|001140|3|0|22|1U|6|T|6|3|N|6|3|F|13|N|0|1|U|1|A|N|P|000000000000|     0|41936458| 87981663|0000|000000|11|00|043|N|000000000000|Y|1|00000290|0|00000000|I-290 W of IL 83                                  
S|17|001140|7|0|22|1U|6|T|6|3|N|6|3|F|13|N|0|1|U|1|A|N|P|000000000000|     0|41936458| 87981663|0000|000000|11|00|043|N|000000000000|Y|1|00000290|0|00000000|I-290 W of IL 83                                  
S|17|001170|1|0|22|4U|2|T|2|3|N|2|3|F|13|N|0|0| |2|L|N|P|000000000000|     0|41600820| 87716680|    |      |82|00|031|N|            |N|0|        |0|        |Pulaski rd 0.1 miles south of US 6                
S|17|001170|5|0|22|4U|2|T|2|3|N|2|3|F|13|N|0|0| |2|L|N|P|000000000000|     0|41600820| 87716680|    |      |82|00|031|N|            |N|0|        |0|        |Pulaski rd 0.1 miles south of US 6                
S|17|001180|3|0|22|3U|2|T|5|3|N|0|3|F|13|N|0|1|U|2|L|N|P|000000000000|     0|41622670| 87591490|0000|000000|00|00|031|N|000000000000|Y|3|00000083|0|00000000|IL 83 (E. Sibley Blvd.) West of Minerva Ave.      
S|17|001180|7|0|22|3U|2|T|5|3|N|0|3|F|13|N|0|1|U|2|L|N|P|000000000000|     0|41622670| 87591490|0000|000000|00|00|031|N|000000000000|Y|3|00000083|0|00000000|IL 83 (E. Sibley Blvd.) West of Minerva Ave.      
S|17|001190|1|0|22|4U|1|T|1|3|N|1|3|F|13|N|0|0| |2|L|N|P|000000000000|     0|41657547| 87838590|    |      |00|00|031|Y|000000162320|N|3|00000007|0|        |IL RT 7 NE of West 131st Street                   
S|17|001190|5|0|22|4U|1|T|1|3|N|1|3|F|13|N|0|0| |2|L|N|P|000000000000|     0|41657547| 87838590|    |      |00|00|031|Y|000000162320|N|3|00000007|0|        |IL RT 7 NE of West 131st Street                   
S|17|001200|1|0|22|3U|3|T|6|3|N|0|3|F|13|N|0|1|U|2|L|N|P|000000000000|     0|41711970| 87740640|0000|000000|00|00|031|N|000000000000|Y|3|00000050|0|00000000|IL 50 (Cicero Ave.) South of 99th Street          
S|17|001200|5|0|22|3U|3|T|6|3|N|0|3|F|13|N|0|1|U|2|L|N|P|000000000000|     0|41711970| 87740640|0000|000000|00|00|031|N|000000000000|Y|3|00000050|0|00000000|IL 50 (Cicero Ave.) South of 99th Street          
S|17|001210|3|0|22|5U|1|T|2|3|N|0|3|F|13|N|0|1|U|2|L|N|P|000000000000|     0|41812140| 87883240|0000|000000|00|00|031|N|000000000000|N|0|00000000|0|00000000|West Cossitt Ave. East of Sunset Ave.             
S|17|001210|7|0|22|5U|1|T|2|3|N|0|3|F|13|N|0|1|U|2|L|N|P|000000000000|     0|41812140| 87883240|0000|000000|00|00|031|N|000000000000|N|0|00000000|0|00000000|West Cossitt Ave. East of Sunset Ave.             
S|17|001220|1|0|22|3U|3|T|6|3|N|0|3|F|13|N|0|1|U|2|L|N|P|000000000000|     0|41911970| 87884070|0000|000000|00|00|031|N|000000000000|Y|2|00000045|0|00000000|US 45 (Manheim Rd.) South of Armitage Ave.        
S|17|001220|5|0|22|3U|3|T|6|3|N|0|3|F|13|N|0|1|U|2|L|N|P|000000000000|     0|41911970| 87884070|0000|000000|00|00|031|N|000000000000|Y|2|00000045|0|00000000|US 45 (Manheim Rd.) South of Armitage Ave.        
S|17|001230|3|0|22|4U|2|T|4|3|N|4|3|F|13|N|0|1|U|2|L|P|P|000000000000|     0|41992670| 87991270|0000|000000|00|00|031|N|000000000000|N|0|00000000|0|00000000|Devon Ave.  West of Ridge Ave. and Mittel Blvd.   
S|17|001230|7|0|22|4U|2|T|4|3|N|4|3|F|13|N|0|1|U|2|L|P|P|000000000000|     0|41992670| 87991270|0000|000000|00|00|031|N|000000000000|N|0|00000000|0|00000000|Devon Ave.  West of Ridge Ave. and Mittel Blvd.   
S|17|001240|3|0|22|5U|2|T|4|3|N|4|3|F|13|N|0|1|U|2|L|P|P|000000000000|     0|41993760| 87867920|0000|000000|00|00|031|N|000000000000|N|3|00000072|0|00000000|IL 72 (Higgins Rd.) West of the I-294 overpass.   
S|17|001240|7|0|22|5U|2|T|4|3|N|4|3|F|13|N|0|1|U|2|L|P|P|000000000000|     0|41993760| 87867920|0000|000000|00|00|031|N|000000000000|N|3|00000072|0|00000000|IL 72 (Higgins Rd.) West of the I-294 overpass.   
S|17|001250|1|0|22|5U|1|T|3|3|N|0|3|F|13|N|0|1|U|2|L|N|P|000000000000|     0|42007280| 87709350|0000|000000|00|00|031|N|000000000000|N|0|00000000|0|00000000|N. Kedzie Ave. South of W. Touhy Ave.             
S|17|001250|5|0|22|5U|2|T|3|3|N|0|3|F|13|N|0|1|U|2|L|N|P|000000000000|     0|42007280| 87709350|0000|000000|00|00|031|N|000000000000|N|0|00000000|0|00000000|N. Kedzie Ave. South of W. Touhy Ave.             
S|17|001260|3|0|22|3U|2|T|4|3|N|0|3|F|13|N|0|1|U|2|L|N|P|000000000000|     0|42040970| 87793550|0000|000000|00|00|031|N|000000000000|Y|3|00000058|0|00000000|IL 58 (Dempster)  West of Birch Ave.              
S|17|001260|7|0|22|3U|2|T|4|3|N|0|3|F|13|N|0|1|U|2|L|N|P|000000000000|     0|42040970| 87793550|0000|000000|00|00|031|N|000000000000|Y|3|00000058|0|00000000|IL 58 (Dempster)  West of Birch Ave.              
S|17|001270|3|0|22|4U|2|T|4|3|N|0|3|F|13|N|0|1|U|2|L|N|P|000000000000|     0|42077520| 87968330|0000|000000|00|00|031|N|000000000000|N|2|00000014|0|00000000|US 14 (Northwest Hwy.)  NW of Arthur Ave.         
S|17|001270|7|0|22|4U|2|T|4|3|N|0|3|F|13|N|0|1|U|2|L|N|P|000000000000|     0|42077520| 87968330|0000|000000|00|00|031|N|000000000000|N|2|00000014|0|00000000|US 14 (Northwest Hwy.)  NW of Arthur Ave.         
S|17|001280|1|0|22|3U|2|T|4|3|N|4|3|F|13|N|0|1|U|2|L|P|P|000000000000|     0|42119640| 87810720|0000|000000|00|00|031|N|000000000000|Y|3|00000043|0|00000000|IL 43 (Waukegan Rd.)  NW of Techny Dr.            
S|17|001280|5|0|22|3U|2|T|4|3|N|4|3|F|13|N|0|1|U|2|L|P|P|000000000000|     0|42119640| 87810720|0000|000000|00|00|031|N|000000000000|Y|3|00000043|0|00000000|IL 43 (Waukegan Rd.)  NW of Techny Dr.            
S|17|001290|1|0|22|3U|2|T|4|3|N|4|3|F|13|N|0|1|U|2|L|P|P|000000000000|     0|42139420| 87895590|0000|000000|00|00|031|N|000000000000|Y|3|00000068|0|00000000|IL 68 (Dundee Rd.) East of Portwine Rd.           
S|17|001290|5|0|22|3U|2|T|4|3|N|4|3|F|13|N|0|1|U|2|L|P|P|000000000000|     0|42139420| 87895590|0000|000000|00|00|031|N|000000000000|Y|3|00000068|0|00000000|IL 68 (Dundee Rd.) East of Portwine Rd.           
S|17|001310|1|0|22|3U|2|T|2|3|N|2|3|F|13|N|0|0| |2|L|P|P|000000000000|     0|41746527| 88062618|    |      |88|00|043|N|            |Y|3|00000053|0|        |IL 53 .02 mile south of 75TH st.                  
S|17|001310|5|0|22|3U|2|T|2|3|N|2|3|F|13|N|0|0| |2|L|P|P|000000000000|     0|41746527| 88062618|    |      |88|00|043|N|            |Y|3|00000053|0|        |IL 53 .02 mile south of 75TH st.                  
S|17|001320|3|0|22|3U|2|T|6|3|N|6|3|F|13|N|0|1|U|2|L|P|P|000000000000|     0|41912310| 88190200|0000|000000|88|00|043|N|000000000000|Y|3|00000064|0|00000000|IL 64 0.9 mile west of il 59                      
S|17|001320|7|0|22|3U|2|T|6|3|N|6|3|F|13|N|0|1|U|2|L|P|P|000000000000|     0|41912310| 88190200|0000|000000|88|00|043|N|000000000000|Y|3|00000064|0|00000000|IL 64 0.9 mile west of il 59                      
S|17|001330|3|0|22|3U|2|T|4|3|N|0|3|F|13|N|0|1|U|2|L|N|P|000000000000|     0|41859830| 88030420|0000|000000|00|00|043|N|000000000000|Y|3|00000038|0|00000000|IL 38 (Roosevelt Rd.)  West of Finley Rd.         
S|17|001330|7|0|22|3U|2|T|4|3|N|0|3|F|13|N|0|1|U|2|L|N|P|000000000000|     0|41859830| 88030420|0000|000000|00|00|043|N|000000000000|Y|3|00000038|0|00000000|IL 38 (Roosevelt Rd.)  West of Finley Rd.         
S|17|001340|1|0|22|3U|2|T|4|3|N|4|3|F|13|N|0|1|U|2|L|P|P|000000000000|     0|41795590| 87946650|0000|000000|00|00|043|N|000000000000|Y|3|00000083|0|00000000|IL 83 (Kingery Hwy) North of 55th Street overpass 
S|17|001340|5|0|22|3U|2|T|4|3|N|4|3|F|13|N|0|1|U|2|L|P|P|000000000000|     0|41795590| 87946650|0000|000000|00|00|043|N|000000000000|Y|3|00000083|0|00000000|IL 83 (Kingery Hwy) North of 55th Street overpass 
S|17|001350|1|0|22|4U|2|T|4|3|N|0|3|F|13|N|0|1|U|2|L|N|P|000000000000|     0|41987890| 87979720|0000|000000|00|00|043|N|000000000000|N|0|00000000|0|00000000|Wood Dale Rd.  North of Thorndale Ave.            
S|17|001350|5|0|22|4U|2|T|4|3|N|0|3|F|13|N|0|1|U|2|L|N|P|000000000000|     0|41987890| 87979720|0000|000000|00|00|043|N|000000000000|N|0|00000000|0|00000000|Wood Dale Rd.  North of Thorndale Ave.            
S|17|001420|1|0|22|4U|2|T|4|3|N|0|3|F|13|N|0|1|U|2|L|N|P|000000000000|     0|41828420| 88321500|0000|000000|88|00|089|N|000000000000|N|3|00000031|0|00000000|IL 31 1.2 miles north of IL 56                    
S|17|001420|5|0|22|4U|2|T|4|3|N|0|3|F|13|N|0|1|U|2|L|N|P|000000000000|     0|41828420| 88321500|0000|000000|88|00|089|N|000000000000|N|3|00000031|0|00000000|IL 31 1.2 miles north of IL 56                    
S|17|001430|1|0|22|5R|1|T|2|3|N|0|3|F|13|N|0|1|U|2|L|N|P|000000000000|     0|41989380| 88547440|0000|000000|00|00|089|N|000000000000|N|0|00000000|0|00000000|Peplow Rd.  North of Ramm Rd.                     
S|17|001430|5|0|22|5R|1|T|2|3|N|0|3|F|13|N|0|1|U|2|L|N|P|000000000000|     0|41989380| 88547440|0000|000000|00|00|089|N|000000000000|N|0|00000000|0|00000000|Peplow Rd.  North of Ramm Rd.                     
S|17|001450|3|0|22|5U|1|T|2|3|N|0|3|F|13|N|0|1|U|2|L|N|P|           0|      |41913713| 88362800|   0|     0|00|00|000|N|           0|N|0|     000|0|     000|Campton Hills Dr. West of Peck Rd.                
S|17|001450|7|0|22|5U|1|T|2|3|N|0|3|F|13|N|0|1|U|2|L|N|P|           0|      |41913713| 88362800|   0|     0|00|00|000|N|           0|N|0|       0|0|       0|Campton Hills Dr. West of Peck Rd.                
S|17|001500|1|0|22|3U|1|T|2|3|N|0|3|F|13|N|0|1|U|2|L|N|P|000000000000|     0|42461330| 88015970|0000|000000|81|00|097|N|000000000000|Y|2|00000045|0|00000000|US 45 0.9 mile south of IL 173                    
S|17|001500|5|0|22|3U|1|T|2|3|N|0|3|F|13|N|0|1|U|2|L|N|P|000000000000|     0|42461330| 88015970|0000|000000|81|00|097|N|000000000000|Y|2|00000045|0|00000000|US 45 0.9 mile south of IL 173                    
S|17|001520|3|0|22|3U|2|T|4|3|N|4|3|F|13|N|0|1|U|2|L|P|P|000000000000|     0|42197540| 88060890|0000|000000|88|00|097|N|000000000000|Y|3|00000022|0|00000000|IL 22 .14 Mi W. of Quentin                        
S|17|001520|7|0|22|3U|2|T|4|3|N|4|3|F|13|N|0|1|U|2|L|P|P|000000000000|     0|42197540| 88060890|0000|000000|88|00|097|N|000000000000|Y|3|00000022|0|00000000|IL 22 .14 Mi W. of Quentin                        
S|17|001530|3|0|22|4U|2|T|4|3|N|0|3|F|13|N|0|1|U|2|L|N|P|000000000000|     0|42322850| 87867670|0000|000000|00|00|097|N|000000000000|N|3|00000131|0|00000000|IL 131 (Green Bay Rd.) South of Argonne Dr.       
S|17|001530|7|0|22|4U|2|T|4|3|N|0|3|F|13|N|0|1|U|2|L|N|P|000000000000|     0|42322850| 87867670|0000|000000|00|00|097|N|000000000000|N|3|00000131|0|00000000|IL 131 (Green Bay Rd.) South of Argonne Dr.       
S|17|001540|1|0|22|3U|1|T|2|3|N|2|3|F|13|N|0|1|U|2|L|P|P|000000000000|     0|42179260| 88135730|0000|000000|00|00|097|N|000000000000|Y|3|00000059|0|00000000|IL 59 (Hough Rd.)  South of Cresthill Rd.         
S|17|001540|5|0|22|3U|1|T|2|3|N|2|3|F|13|N|0|1|U|2|L|P|P|000000000000|     0|42179260| 88135730|0000|000000|00|00|097|N|000000000000|Y|3|00000059|0|00000000|IL 59 (Hough Rd.)  South of Cresthill Rd.         
S|17|001550|1|0|22|4U|1|T|2|3|N|0|3|F|13|N|0|1|U|2|L|N|P|000000000000|     0|42387200| 88139880|0000|000000|99|00|097|N|000000000000|N|0|00000000|0|00000000|Wilson Rd. S. of Marquette.                       
S|17|001550|5|0|22|4U|1|T|2|3|N|0|3|F|13|N|0|1|U|2|L|N|P|000000000000|     0|42387200| 88139880|0000|000000|99|00|097|N|000000000000|N|0|00000000|0|00000000|Wilson Rd. S. of Marquette.                       
S|17|001560|3|0|22|4U|1|T|2|3|N|0|3|F|13|N|0|1|U|2|L|N|P|000000000000|     0|42274590| 88011660|0000|000000|00|00|097|N|000000000000|N|3|00000176|0|00000000|IL 176 East of Blue Spruce Rd.                    
S|17|001560|7|0|22|4U|1|T|2|3|N|0|3|F|13|N|0|1|U|2|L|N|P|000000000000|     0|42274590| 88011660|0000|000000|00|00|097|N|000000000000|N|3|00000176|0|00000000|IL 176 East of Blue Spruce Rd.                    
S|17|001570|3|0|22|5U|1|T|2|3|N|0|3|F|13|N|0|1|U|2|L|N|P|000000000000|     0|42289810| 87962880|0000|000000|00|00|097|N|000000000000|N|0|00000000|0|00000000|Lake Street West of West St.                      
S|17|001570|7|0|22|5U|1|T|2|3|N|0|3|F|13|N|0|1|U|2|L|N|P|000000000000|     0|42289810| 87962880|0000|000000|00|00|097|N|000000000000|N|0|00000000|0|00000000|Lake Street West of West St.                      
S|17|001610|1|0|22|3U|2|T|2|3|N|0|0| |13|N|0|0| |2|L|P|P|            |      |42220003| 88286650|    |      |88|00|111|N|            |Y|3|00000031|0|        |IL Rte 31 0.3 miles south of US Rte 14            
S|17|001610|5|0|22|3U|2|T|2|3|N|0|0| |13|N|0|0| |2|L|P|P|            |      |42220003| 88286650|    |      |88|00|111|N|            |Y|3|00000031|0|        |IL Rte 31 0.3 miles south of US Rte 14            
S|17|001620|3|0|22|3R|1|T|2|3|N|2|3|F|13|N|0|1|U|2|L|P|P|000000000000|     0|42347500| 88544250|0000|000000|00|00|111|N|000000000000|Y|2|00000014|0|00000000|US 14 SE of Deep Cut Road                         
S|17|001620|7|0|22|3R|1|T|2|3|N|2|3|F|13|N|0|1|U|2|L|P|P|000000000000|     0|42347500| 88544250|0000|000000|00|00|111|N|000000000000|Y|2|00000014|0|00000000|US 14 SE of Deep Cut Road                         
S|17|001730|1|0|22|3U|2|T|4|3|N|0|3|F|13|N|0|1|U|2|L|N|P|000000000000|     0|41533300| 87850470|0000|000000|88|00|197|N|000000000000|Y|2|00000045|0|00000000|US 45 1.3 miles north of US30                     
S|17|001730|5|0|22|3U|2|T|4|3|N|0|3|F|13|N|0|1|U|2|L|N|P|000000000000|     0|41533300| 87850470|0000|000000|88|00|197|N|000000000000|Y|2|00000045|0|00000000|US 45 1.3 miles north of US30                     
S|17|001740|1|0|22|3U|2|T|4|3|N|4|3|F|13|N|0|1|U|2|L|P|P|000000000000|     0|41630000| 88080500|0000|000000|00|00|197|Y|000000990280|Y|3|00000053|0|00000000|IL 53 (Independence Blvd.) North of Taylor Rd.    
S|17|001740|5|0|22|3U|2|T|4|3|N|4|3|F|13|N|0|1|U|2|L|P|P|000000000000|     0|41630000| 88080500|0000|000000|00|00|197|Y|000000990280|Y|3|00000053|0|00000000|IL 53 (Independence Blvd.) North of Taylor Rd.    
S|17|001750|3|0|22|4U|1|T|2|3|N|2|3|F|13|N|0|1|U|2|L|P|P|000000000000|     0|41625540| 88180150|0000|000000|00|00|197|N|000000000000|N|3|00000126|0|00000000|IL 126 NE of E 143rd Street                       
S|17|001750|7|0|22|4U|1|T|2|3|N|2|3|F|13|N|0|1|U|2|L|P|P|000000000000|     0|41625540| 88180150|0000|000000|00|00|197|N|000000000000|N|3|00000126|0|00000000|IL 126 NE of E 143rd Street                       
S|17|001760|3|0|22|5U|1|T|2|3|N|0|3|F|13|N|0|1|U|2|L|N|P|000000000000|     0|41591420| 87991670|0000|000000|00|00|197|N|000000000000|N|0|00000000|0|00000000|163rd Street West of S. Peppermill Tr.            
S|17|001760|7|0|22|5U|1|T|2|3|N|0|3|F|13|N|0|1|U|2|L|N|P|000000000000|     0|41591420| 87991670|0000|000000|00|00|197|N|000000000000|N|0|00000000|0|00000000|163rd Street West of S. Peppermill Tr.            
S|17|001770|3|0|22|3U|1|T|2|3|N|2|3|F|13|N|0|1|U|2|L|P|P|000000000000|     0|41429200| 88114240|0000|000000|00|00|197|N|000000000000|Y|0|00000000|0|00000000|Arsenal  Manhattan Rd. West of S. Brandon Rd.     
S|17|001770|7|0|22|3U|1|T|2|3|N|2|3|F|13|N|0|1|U|2|L|P|P|000000000000|     0|41429200| 88114240|0000|000000|00|00|197|N|000000000000|Y|0|00000000|0|00000000|Arsenal  Manhattan Rd. West of S. Brandon Rd.     
S|17|001780|1|0|22|1R|2|T|4|3|N|4|3|F|13|N|0|1|U|2|L|P|P|000000000000|     0|41310650| 87822998|0000|000000|00|00|197|N|000000000000|Y|1|00000057|0|00000000|I-57 North of MM 326 at Kennedy Rd. Stub -- South 
S|17|001780|5|0|22|1R|2|T|4|3|N|4|3|F|13|N|0|1|U|2|L|P|P|000000000000|     0|41310650| 87822998|0000|000000|00|00|197|N|000000000000|Y|1|00000057|0|00000000|I-57 North of MM 326 at Kennedy Rd. Stub -- South 
S|17|001790|3|0|22|3U|1|T|2|3|N|2|3|F|13|N|0|1|U|2|L|P|P|000000000000|     0|41340200| 87692980|0000|000000|00|00|197|N|000000000000|Y|0|00000000|0|00000000|Peotone  Beecher Rd. West of S. Kedzie Ave.       
S|17|001790|7|0|22|3U|1|T|2|3|N|2|3|F|13|N|0|1|U|2|L|P|P|000000000000|     0|41340200| 87692980|0000|000000|00|00|197|N|000000000000|Y|0|00000000|0|00000000|Peotone  Beecher Rd. West of S. Kedzie Ave.       
S|17|001840|3|0|22|1U|4|T|4|3|N|4|3|F|13|N|0|1|U|1|A|N|P|000000000000|     0|41513422| 88020273|0000|000000|12|00|197|Y|000000990170|Y|1|00000080|0|00000000|I-80 East of Cherry Hills Rd                      
S|17|001840|7|0|22|1U|4|T|4|3|N|4|3|F|13|N|0|1|U|1|A|N|P|000000000000|     0|41513422| 88020273|0000|000000|12|00|197|Y|000000990170|Y|1|00000080|0|00000000|I-80 East of Cherry Hills Rd                      
S|17|001850|3|0|22|1U|2|T|2|3|N|2|3|F|13|N|0|0| |2|L|P|P|            |      |41471742| 88239885|    |      |00|00|197|N|            |Y|1|00000080|0|        |I-80 NE of the Shepley Rd. overpass.              
S|17|001850|7|0|22|1U|2|T|2|3|N|2|3|F|13|N|0|0| |2|L|P|P|            |      |41471742| 88239885|    |      |00|00|197|N|            |Y|1|00000080|0|        |I-80 NE of the Shepley Rd. overpass.              
S|17|001860|1|0|22|1R|2|T|2|3|N|2|3|F|13|N|0|0| |2|L|P|P|            |      |41268960| 88243680|    |      |00|00|197|N|            |Y|1|00000055|0|        |I-55 North of Reed Rd. Exit 233 -- North of MM 234
S|17|001860|5|0|22|1R|2|T|2|3|N|2|3|F|13|N|0|0| |2|L|P|P|            |      |41268960| 88243680|    |      |00|00|197|N|            |Y|1|00000055|0|        |I-55 North of Reed Rd. Exit 233 -- North of MM 234
S|17|002010|1|0|22|1R|3|T|3|3|H|3|3|F|13| |0|0| |2|I|N|P|000000000000|     0|42480778| 88995342|    |      |14|00|201|N|            |Y|1|00000090|1|00000039|I-90, 0.5 Mi South of Exit 1                      
S|17|002010|1|3|22|1R|3|T|3|3|H|3|3|F|13| |0|0| |2|I|N|P|000000000000|     0|42480778| 88995342|    |      |14|00|201|N|            |Y|1|00000090|1|00000039|I-90, 0.5 Mi South of Exit 1                      
S|17|002010|5|0|22|1R|3|T|3|3|H|3|3|F|13| |0|0| |2|I|N|P|000000000000|     0|42480778| 88995342|    |      |14|00|201|N|            |Y|1|00000090|1|00000039|I-90, 0.5 Mi South of Exit 1                      
S|17|002010|5|3|22|1R|3|T|3|3|H|3|3|F|13| |0|0| |2|I|N|P|000000000000|     0|42480778| 88995342|    |      |14|00|201|N|            |Y|1|00000090|1|00000039|I-90, 0.5 Mi South of Exit 1                      
S|17|002040|3|0|22|1R|2|T|2|3|N|2|3|F|13|N|0|0| |2|L|P|P|000000000000|     0|41423208| 90144560|    |      |77|00|073|N|            |Y|1|00000080|0|        |I-80 0.7 mile east of IL 82 Interchange           
S|17|002040|7|0|22|1R|2|T|2|3|N|2|3|F|13|N|0|0| |2|L|P|P|000000000000|     0|41423208| 90144560|    |      |77|00|073|N|            |Y|1|00000080|0|        |I-80 0.7 mile east of IL 82 Interchange           
S|17|002050|1|0|22|1R|2|T|4|3|N|4|3|F|13|N|0|1|U|2|L|P|P|000000000000|     0|42057386| 89019395|0000|000000|83|00|141|Y|000000718502|Y|1|00000039|0|00000000|I-39 2.8 miles north of IL 64                     
S|17|002050|5|0|22|1R|2|T|4|3|N|4|3|F|13|N|0|1|U|2|L|P|P|000000000000|     0|42057386| 89019395|0000|000000|83|00|141|Y|000000718502|Y|1|00000039|0|00000000|I-39 2.8 miles north of IL 64                     
S|17|002060|1|0|22|1R|2|T|2|3|N|2|3|F|13|N|0|0| |2|I|N|P|000000000000|     0|41524590| 90341601|    |      |17|00|161|N|            |Y|1|00000080|0|        |I-80 0.8 mile South of I-88 Interchange           
S|17|002060|5|0|22|1R|2|T|2|3|N|2|3|F|13|N|0|0| |2|I|N|P|000000000000|     0|41524590| 90341601|    |      |17|00|161|N|            |Y|1|00000080|0|        |I-80 0.8 mile South of I-88 Interchange           
S|17|002070|3|0|22|3U|2|T|2|3|N|2|3|F|13|N|0|0| |2|I|N|P|            |      |41471448| 90460375|    |      |19|00|161|Y|000000810390|Y|3|00000005|0|        |IL Rte 5 0.2 mile West of 60th St                 
S|17|002070|7|0|22|3U|2|T|2|3|N|2|3|F|13|N|0|0| |2|I|N|P|            |      |41471448| 90460375|    |      |19|00|161|Y|000000810390|Y|3|00000005|0|        |IL Rte 5 0.2 mile West of 60th St                 
S|17|002080|3|0|22|1R|2|T|2|3|N|2|3|F|13|N|0|0| |2|I|N|P|            |      |41564700| 90231267|    |      |16|00|161|Y|000000810300|Y|1|00000088|0|        |I-88 0.75 miles northeast of 38th Avenue          
S|17|002080|7|0|22|1R|2|T|2|3|N|2|3|F|13|N|0|0| |2|I|N|P|            |      |41564700| 90231267|    |      |16|00|161|Y|000000810300|Y|1|00000088|0|        |I-88 0.75 miles northeast of 38th Avenue          
S|17|002090|1|0|22|4R|1|T|1|3|N|1|3|F|13|N|0|0| |2|I|N|P|000000000000|      |42102229| 90170186|    |      |17|00|097|N|            |N|2|00000052|0|        |US RT 52 0.5 mi west of IL Sta                    
S|17|002090|3|0|22|4R|1|T|1|3|N|1|3|F|13|N|0|0| |2|I|N|P|000000000000|      |42102229| 90170186|    |      |17|00|097|N|            |N|2|00000052|0|        |US RT 52 0.5 mi west of IL Sta                    
S|17|002090|5|0|22|4R|1|T|1|3|N|1|3|F|13|N|0|0| |2|I|N|P|000000000000|      |42102229| 90170186|    |      |17|00|097|N|            |N|2|00000052|0|        |US RT 52 0.5 mi west of IL Sta                    
S|17|002090|7|0|22|4R|1|T|1|3|N|1|3|F|13|N|0|0| |2|I|N|P|000000000000|      |42102229| 90170186|    |      |17|00|097|N|            |N|2|00000052|0|        |US RT 52 0.5 mi west of IL Sta                    
S|17|002100|1|0|22|4R|1|T|2|3|N|2|3|F|13|N|0|1|U|2|L|P|P|000000000000|     0|41310000| 89911360|0000|000000|87|00|073|N|000000000000|N|3|00000078|0|00000000|IL 78 6.0 miles south of US 6                     
S|17|002100|5|0|22|4R|1|T|2|3|N|2|3|F|13|N|0|1|U|2|L|P|P|000000000000|     0|41310000| 89911360|0000|000000|87|00|073|N|000000000000|N|3|00000078|0|00000000|IL 78 6.0 miles south of US 6                     
S|17|002280|3|0|22|3U|2|T|4|3|N|4|3|F|13|N|0|1|U|2|L|P|P|000000000000|     0|42370080| 88980790|0000|000000|88|00|201|Y|000001018318|Y|3|00000173|0|00000000|IL 173 3.0 miles east of IL 251                   
S|17|002280|7|0|22|3U|2|T|4|3|N|4|3|F|13|N|0|1|U|2|L|P|P|000000000000|     0|42370080| 88980790|0000|000000|88|00|201|Y|000001018318|Y|3|00000173|0|00000000|IL 173 3.0 miles east of IL 251                   
S|17|002500|3|0|22|3U|2|T|4|3|N|4|3|F|13|N|0|1|U|2|L|P|P|000000000000|     0|41848420| 89467130|0000|000000|00|00|103|N|000000000000|Y|3|00000002|0|00000000|IL 2                                              
S|17|002500|7|0|22|3U|2|T|4|3|N|4|3|F|13|N|0|1|U|2|L|P|P|000000000000|     0|41848420| 89467130|0000|000000|00|00|103|N|000000000000|Y|3|00000002|0|00000000|IL 2                                              
S|17|002660|3|0|22|4R|1|T|1|3|H|1|3|F|13|T|1|5|U|2|L|P|P|000000000000|     0|42104218| 90167408|0000|000000|12|00|015|Y|000200000052|N|3|00000052|0|        |US Route 52                                       
S|17|002660|3|1|22|4R|1|T|1|3|H|1|3|F|13|T|5|0|2|0|L|P|P|000000000000|     0|42104218| 90167408|0000|000000|13|00|015|Y|000200000052|N|3|00000052|0|        |US Route 52                                       
S|17|002660|7|0|22|4R|1|T|1|3|H|1|3|F|13|T|1|5|U|2|L|P|P|000000000000|     0|42104218| 90167408|0000|000000|12|00|015|Y|000200000052|N|3|00000052|0|        |US Route 52                                       
S|17|002660|7|1|22|4R|1|T|1|3|H|1|3|F|13|T|5|0|2|0|L|P|P|000000000000|     0|42104218| 90167408|0000|000000|13|00|015|Y|000200000052|N|3|00000052|0|        |US Route 52                                       
S|17|003060|3|0|22|1R|2|T|4|3|N|4|3|F|13|N|0|1|U|2|L|P|P|000000000000|     0|41375660| 88652710|0000|000000|88|00|099|N|000000000000|Y|1|00000080|0|00000000|I-80 2.8 miles east of Marseilies Interchange     
S|17|003060|7|0|22|1R|2|T|4|3|N|4|3|F|13|N|0|1|U|2|L|P|P|000000000000|     0|41375660| 88652710|0000|000000|88|00|099|N|000000000000|Y|1|00000080|0|00000000|I-80 2.8 miles east of Marseilies Interchange     
S|17|003270|3|0|22|3U|2|T|4|3|N|0|3|F|13|N|0|1|U|2|L|N|P|000000000000|     0|40488530| 88967310|0000|000000|77|00|113|Y|000000570260|Y|3|00000019|0|00000000|IL 9 0.7 miles west of Business Loop 55           
S|17|003270|7|0|22|3U|2|T|4|3|N|0|3|F|13|N|0|1|U|2|L|N|P|000000000000|     0|40488530| 88967310|0000|000000|77|00|113|Y|000000570260|Y|3|00000019|0|00000000|IL 9 0.7 miles west of Business Loop 55           
S|17|003400|1|0|22|3U|2|T|4|3|N|0|3|F|13|N|0|1|U|2|L|N|P|000000000000|     0|41105410| 87867610|0000|000000|88|00|091|N|000000000000|Y|3|00000050|0|00000000|IL 50 0.1 mile north of US 45  52                 
S|17|003400|5|0|22|3U|2|T|4|3|N|0|3|F|13|N|0|1|U|2|L|N|P|000000000000|     0|41105410| 87867610|0000|000000|88|00|091|N|000000000000|Y|3|00000050|0|00000000|IL 50 0.1 mile north of US 45  52                 
S|17|003610|3|0|22|1R|2|T|4|3|N|0|3|F|13|N|0|1|U|2|L|N|P|000000000000|     0|41386700| 89706940|0000|000000|09|00|011|N|000000000000|Y|1|00000080|0|00000000|I-80, 1 mile west of IL 40                        
S|17|003610|7|0|22|1R|2|T|4|3|N|0|3|F|13|N|0|1|U|2|L|N|P|000000000000|     0|41386700| 89706940|0000|000000|09|00|011|N|000000000000|Y|1|00000080|0|00000000|I-80, 1 mile west of IL 40                        
S|17|004010|3|0|22|1U|3|T|3|3|N|3|3|F|13|N|0|0| |2|I|N|P|            |      |40631015| 89549933|    |      |16|00|179|N|            |Y|1|00000474|0|        |I-474 E of Springfield Rd, W of I-74/I-474 split  
S|17|004010|7|0|22|1U|3|T|3|3|N|3|3|F|13|N|0|0| |2|I|N|P|            |      |40631015| 89549933|    |      |16|00|179|N|            |Y|1|00000474|0|        |I-474 E of Springfield Rd, W of I-74/I-474 split  
S|17|004020|1|0|22|1R|2|T|2|3|N|2|3|F|13|N|0|0| |2|I|N|P|            |      |40670892| 89014038|    |      |19|00|203|N|            |Y|1|00000039|0|        |I-39 0.6 miles North of McLean County Line        
S|17|004020|5|0|22|1R|2|T|2|3|N|2|3|F|13|N|0|0| |2|I|N|P|            |      |40670892| 89014038|    |      |19|00|203|N|            |Y|1|00000039|0|        |I-39 0.6 miles North of McLean County Line        
S|17|004030|3|0|22|2U|2|T|2|3|N|2|3|F|13|N|0|0| |2|I|N|P|            |      |40801570| 89641640|    |      |21|00|143|N|            |Y|3|00000006|0|        |IL Rte 6 0.55 mi West of Allen Road               
S|17|004030|7|0|22|2U|2|T|2|3|N|2|3|F|13|N|0|0| |2|I|N|P|            |      |40801570| 89641640|    |      |21|00|143|N|            |Y|3|00000006|0|        |IL Rte 6 0.55 mi West of Allen Road               
S|17|004070|1|0|22|3U|1|T|2|3|N|2|3|F|13|N|0|1|U|2|L|P|P|000000000000|     0|40590880| 90035820|0000|000000|87|00|057|N|000000000000|Y|3|00000078|0|00000000|IL 78 1.9 miles north of IL 9                     
S|17|004070|5|0|22|3U|1|T|2|3|N|2|3|F|13|N|0|1|U|2|L|P|P|000000000000|     0|40590880| 90035820|0000|000000|87|00|057|N|000000000000|Y|3|00000078|0|00000000|IL 78 1.9 miles north of IL 9                     
S|17|004100|3|0|22|3U|2|T|2|3|N|2|3|F|13|N|0|1|U|2|L|P|P|000000000000|     0|40865710| 90739760|0000|000000|88|00|187|N|000000000000|Y|2|00000034|0|00000000|US 34 4.1 miles west of US 34  67                 
S|17|004100|7|0|22|3U|2|T|2|3|N|2|3|F|13|N|0|1|U|2|L|P|P|000000000000|     0|40865710| 90739760|0000|000000|88|00|187|N|000000000000|Y|2|00000034|0|00000000|US 34 4.1 miles west of US 34  67                 
S|17|004110|3|0|22|3R|2|T|2|3|N|2|3|F|13|N|0|1|U|2|I|N|P|000000000000|     0|40342200| 90241310|0000|000000|88|00|057|N|000000000000|Y|2|00000136|0|00000000|US 136 2.6 miles west of US 24                    
S|17|004110|7|0|22|3R|2|T|2|3|N|2|3|F|13|N|0|1|U|2|I|N|P|000000000000|     0|40342200| 90241310|0000|000000|88|00|057|N|000000000000|Y|2|00000136|0|00000000|US 136 2.6 miles west of US 24                    
S|17|004160|1|0|22|2U|2|T|2|3|H|2|3|F|13| |0|0| |2|I|N|P|000000000000|     0|40767121| 89670441|    |      |91|00|143|Y|000000729004|N|3|00000006|0|        |IL 6, 1.0 Mi South of US 150                      
S|17|004160|1|2|22|2U|2|T|2|3|H|2|3|F|13| |0|0| |2|I|N|P|000000000000|     0|40767121| 89670441|    |      |91|00|143|Y|000000729004|N|3|00000006|0|        |IL 6, 1.0 Mi South of US 150                      
S|17|004160|5|0|22|2U|2|T|2|3|H|2|3|F|13| |0|0| |2|I|N|P|000000000000|     0|40767121| 89670441|    |      |91|00|143|Y|000000729004|N|3|00000006|0|        |IL 6, 1.0 Mi South of US 150                      
S|17|004160|5|2|22|2U|2|T|2|3|H|2|3|F|13| |0|0| |2|I|N|P|000000000000|     0|40767121| 89670441|    |      |91|00|143|Y|000000729004|N|3|00000006|0|        |IL 6, 1.0 Mi South of US 150                      
S|17|004180|3|0|22|1U|3|T|3|3|N|3|3|F|13|N|0|0| |2|L|P|P|000000000000|     0|40627793| 89503834|    |      |16|00|179|N|            |Y|1|00000074|0|        |Interstate 74 0.16 miles west of Muller Road      
S|17|004180|7|0|22|1U|3|T|3|3|N|3|3|F|13|N|0|0| |2|L|P|P|000000000000|     0|40627793| 89503834|    |      |16|00|179|N|            |Y|1|00000074|0|        |Interstate 74 0.16 miles west of Muller Road      
S|17|004200|1|0|22|1R|4|T|4|3|N|4|3|F|13|N|0|1|U|1|A|N|P|000000000000|     0|40455216| 89471050|    |      |12|00|179|Y|000000900140|Y|0|        |0|        |I-155 N of Feather Rd Overpass                    
S|17|004200|5|0|22|1R|4|T|4|3|N|4|3|F|13|N|0|1|U|1|A|N|P|000000000000|     0|40455216| 89471050|    |      |12|00|179|Y|000000900140|Y|0|        |0|        |I-155 N of Feather Rd Overpass                    
S|17|004280|3|0|22|4U|1|T|2|3|N|0|3|F|13|N|0|1|U|2|L|N|P|000000000000|     0|40637170| 89498660|0000|000000|87|00|179|Y|000000900790|N|2|00000150|0|00000000|US 150 4.2 miles east of IL 8                     
S|17|004280|7|0|22|4U|1|T|2|3|N|0|3|F|13|N|0|1|U|2|L|N|P|000000000000|     0|40637170| 89498660|0000|000000|87|00|179|Y|000000900790|N|2|00000150|0|00000000|US 150 4.2 miles east of IL 8                     
S|17|004290|3|0|22|4U|2|T|4|3|N|0|3|F|13|N|0|1|U|2|L|N|P|000000000000|     0|40746980| 89623510|0000|000000|88|00|143|Y|000000720950|N|0|00000000|0|00000000|West Glenn Ave. 0.5 mile east of US 150           
S|17|004290|7|0|22|4U|2|T|4|3|N|0|3|F|13|N|0|1|U|2|L|N|P|000000000000|     0|40746980| 89623510|0000|000000|88|00|143|Y|000000720950|N|0|00000000|0|00000000|West Glenn Ave. 0.5 mile east of US 150           
S|17|004660|3|0|22|3U|2|T|2|3|H|2|3|F|13| |0|0| |2|P|L|P|000000000000|     0|40722530| 89553975|0000|000000|13|00|179|Y|000300000008|Y|3|00000116|3|00000008|Illinois Route 116 \ Illinois Route 8             
S|17|004660|3|1|22|3U|2|T|2|3|H|1|3|F|13|T|5|0|2|0|L|P|P|000000000000|     0|40722530| 89553975|0000|000000|13|00|179|Y|000300000008|Y|4|00000116|0|        |Illinois Route 116 \ Illinois Route 8             
S|17|004660|3|2|22|3U|2|T|2|3|H|1|3|F|13|T|5|0|2|0|L|P|P|000000000000|     0|40722530| 89553975|0000|000000|13|00|179|Y|000300000008|Y|4|00000116|0|        |Illinois Route 116 \ Illinois Route 8             
S|17|004660|7|0|22|3U|2|T|2|3|H|2|3|F|13| |0|0| |2|P|L|P|000000000000|     0|40722530| 89553975|0000|000000|13|00|179|Y|000300000008|Y|3|00000116|3|00000008|Illinois Route 116 \ Illinois Route 8             
S|17|004660|7|1|22|3U|2|T|2|3|H|1|3|F|13|T|5|0|2|0|L|P|P|000000000000|     0|40722530| 89553975|0000|000000|13|00|179|Y|000300000008|Y|4|00000116|0|        |Illinois Route 116 \ Illinois Route 8             
S|17|004660|7|2|22|3U|2|T|2|3|H|1|3|F|13|T|5|0|2|0|L|P|P|000000000000|     0|40722530| 89553975|0000|000000|13|00|179|Y|000300000008|Y|4|00000116|0|        |Illinois Route 116 \ Illinois Route 8             
S|17|004790|3|0|22|1R|2|T|4|3|N|2|3|F|13|N|0|1|U|2|L|N|P|           0|      |40817150| 89851750|   0|     0|91|00|143|N|           0|N|1|      74|0|       0|I-74 1.3 miles east of Brimfield Interchange      
S|17|004790|3|1|22|1R|2|T|4|3|N|2|3|F|13|N|0|1|U|2|L|N|P|           0|      |40817150| 89851750|   0|     0|91|00|143|N|           0|N|1|      74|0|       0|I-74 1.3 miles east of Brimfield Interchange      
S|17|004790|3|2|22|1R|2|T|4|3|N|2|3|F|13|N|0|1|U|2|L|N|P|           0|      |40817150| 89851750|   0|     0|91|00|143|N|           0|N|1|      74|0|       0|I-74 1.3 miles east of Brimfield Interchange      
S|17|004790|7|0|22|1R|2|T|4|3|N|2|3|F|13|N|0|1|U|2|L|N|P|           0|      |40817150| 89851750|   0|     0|91|00|143|N|           0|N|1|      74|0|       0|I-74 1.3 miles east of Brimfield Interchange      
S|17|004790|7|1|22|1R|2|T|4|3|N|2|3|F|13|N|0|1|U|2|L|N|P|           0|      |40817150| 89851750|   0|     0|91|00|143|N|           0|N|1|      74|0|       0|I-74 1.3 miles east of Brimfield Interchange      
S|17|004790|7|2|22|1R|2|T|4|3|N|2|3|F|13|N|0|1|U|2|L|N|P|           0|      |40817150| 89851750|   0|     0|91|00|143|N|           0|N|1|      74|0|       0|I-74 1.3 miles east of Brimfield Interchange      
S|17|005010|3|0|22|1R|2|T|2|3|N|2|3|F|13|N|0|0| |2|I|N|P|            |      |40159814| 88299875|    |      |16|00|019|N|            |Y|1|00000074|0|        |I-74 0.75 miles northwest of I-57                 
S|17|005010|7|0|22|1R|2|T|2|3|N|2|3|F|13|N|0|0| |2|I|N|P|            |      |40159814| 88299875|    |      |16|00|019|N|            |Y|1|00000074|0|        |I-74 0.75 miles northWest of I-57                 
S|17|005020|3|0|22|3R|1|T|1|3|N|1|3|F|13|N|0|0| |2|I|N|P|            |      |40132922| 87533240|    |      |16|00|183|N|            |N|2|00000136|0|        |US Rte 136 just west of the Indiana State Line    
S|17|005020|7|0|22|3R|1|T|1|3|N|1|3|F|13|N|0|0| |2|I|N|P|            |      |40132922| 87533240|    |      |16|00|183|N|            |N|2|00000136|0|        |US Rte 136 just west of the Indiana State Line    
S|17|005070|3|0|22|5R|1|T|2|3|N|0|3|F|13|N|0|1|U|2|L|N|P|000000000000|     0|39520950| 88626240|0000|000000|91|00|139|N|000000000000|N|0|00000000|0|00000000|Bruce - Finley Rd. 2.5 miles west of IL 32        
S|17|005070|7|0|22|5R|1|T|2|3|N|0|3|F|13|N|0|1|U|2|L|N|P|000000000000|     0|39520950| 88626240|0000|000000|91|00|139|N|000000000000|N|0|00000000|0|00000000|Bruce - Finley Rd. 2.5 miles west of IL 32        
S|17|005100|1|0|22|3U|2|T|4|3|N|4|3|F|13|N|0|1|U|2|L|P|P|000000000000|     0|39776180| 88870320|0000|000000|87|00|115|Y|000000580210|Y|3|00000121|0|00000000|IL 121 3.2 miles south of US 36                   
S|17|005100|5|0|22|3U|2|T|4|3|N|4|3|F|13|N|0|1|U|2|L|P|P|000000000000|     0|39776180| 88870320|0000|000000|87|00|115|Y|000000580210|Y|3|00000121|0|00000000|IL 121 3.2 miles south of US 36                   
S|17|005110|3|0|22|1R|2|T|4|3|N|4|3|F|13|N|0|1|U|2|L|P|P|000000000000|     0|39421740| 87654719|0000|000000|88|00|023|Y|000000120010|Y|1|00000070|0|00000000|I-70 1.8 miles east of IL 1                       
S|17|005110|7|0|22|1R|2|T|4|3|N|4|3|F|13|N|0|1|U|2|L|P|P|000000000000|     0|39421740| 87654719|0000|000000|88|00|023|Y|000000120010|Y|1|00000070|0|00000000|I-70 1.8 miles east of IL 1                       
S|17|005150|1|0|22|1R|2|T|4|3|N|4|3|F|13|N|0|1|U|2|L|P|P|000000000000|     0|40557140| 88911030|0000|000000|10|00|113|N|000000000000|Y|1|00000055|0|00000000|I-55 MM 169.8 S of Towanda Exit                   
S|17|005150|5|0|22|1R|2|T|4|3|N|4|3|F|13|N|0|1|U|2|L|P|P|000000000000|     0|40557140| 88911030|0000|000000|10|00|113|N|000000000000|Y|1|00000055|0|00000000|I-55 MM 169.8 S of Towanda Exit                   
S|17|005180|3|0|22|1R|4|T|4|3|N|4|3|F|13|N|0|1|U|2|L|P|P|000000000000|     0|40567200| 89120930|0000|000000|91|00|113|N|000000000000|Y|1|00000074|0|00000000|I-74 4.0 miles west of I - 55                     
S|17|005180|7|0|22|1R|4|T|4|3|N|4|3|F|13|N|0|1|U|2|L|P|P|000000000000|     0|40567200| 89120930|0000|000000|91|00|113|N|000000000000|Y|1|00000074|0|00000000|I-74 4.0 miles west of I - 55                     
S|17|005290|1|0|22|1R|4|T|4|3|N|4|3|F|13|N|0|1|U|1|A|N|P|000000000000|     0|40189990| 88236202|    |      |12|00|019|Y|000000000000|Y|1|00000057|0|00000000|I-57 .8 Mi N of Market St Inch                    
S|17|005290|5|0|22|1R|4|T|4|3|N|4|3|F|13|N|0|1|U|1|A|N|P|000000000000|     0|40189990| 88236202|    |      |12|00|019|Y|000000000000|Y|1|00000057|0|00000000|I-57 .8 Mi N of Market St Inch                    
S|17|005450|3|0|22|3U|3|T|5|3|N|0|3|F|13|N|0|1|U|2|L|N|P|000000000000|     0|39845980| 88947570|0000|000000|77|00|115|N|000000000000|Y|2|00000036|0|00000000|US 36 (Eldorado) 0.2 mile east of B. R. 51        
S|17|005450|7|0|22|3U|2|T|5|3|N|0|3|F|13|N|0|1|U|2|L|N|P|000000000000|     0|39845980| 88947570|0000|000000|77|00|115|N|000000000000|Y|2|00000036|0|00000000|US 36 (Eldorado) 0.2 mile east of B. R. 51        
S|17|006010|1|0|22|1U|2|T|4|3|N|4|3|F|13|N|0|1|U|2|L|P|P|000000000000|     0|39793680| 89597270|0000|000000|08|00|167|Y|000000848302|Y|1|00000055|0|00000000|I-55 0.25 miles north of South Grand Interchge    
S|17|006010|5|0|22|1U|2|T|4|3|N|4|3|F|13|N|0|1|U|2|L|P|P|000000000000|     0|39793680| 89597270|0000|000000|08|00|167|Y|000000848302|Y|1|00000055|0|00000000|I-55 0.25 miles north of South Grand Interchge    
S|17|006020|1|0|22|1U|2|T|2|3|N|2|3|F|13|N|0|0| |2|I|N|P|            |      |39752557| 89611637|    |      |65|00|167|N|            |Y|1|00000055|0|        |I-55 0.5 mile south of Stevenson Drive Interchange
S|17|006020|5|0|22|1U|2|T|2|3|N|2|3|F|13|N|0|0| |2|I|N|P|            |      |39752557| 89611637|    |      |65|00|167|N|            |Y|1|00000055|0|        |I-55 0.5 mile south of Stevenson Drive Interchange
S|17|006030|1|0|22|1U|2|T|4|3|N|4|3|F|13|N|0|1|U|2|I|N|P|000000000000|     0|39793440| 89597690|0000|000000|06|00|167|Y|000000848302|Y|1|00000055|0|00000000|I-55 0.25 miles north of South Grand Interchge    
S|17|006030|5|0|22|1U|2|T|4|3|N|4|3|F|13|N|0|1|U|2|I|N|P|000000000000|     0|39793440| 89597690|0000|000000|06|00|167|Y|000000848302|Y|1|00000055|0|00000000|I-55 0.25 miles north of South Grand Interchge    
S|17|006040|1|0|22|3U|2|T|4|3|N|4|3|F|13|N|0|1|U|2|I|N|P|000000000000|     0|39747710| 89705850|0000|000000|06|00|167|N|000000000000|Y|3|00000004|0|00000000|IL 4 .53 Miles N. of  I-72                        
S|17|006040|5|0|22|3U|2|T|4|3|N|4|3|F|13|N|0|1|U|2|I|N|P|000000000000|     0|39747710| 89705850|0000|000000|06|00|167|N|000000000000|Y|3|00000004|0|00000000|IL 4 .53 Miles N. of  I-72                        
S|17|006050|1|0|22|3R|1|T|1|3|N|1|3|F|13|N|0|0| |2|L|P|P|            |      |39897447| 91406513|    |      |21|00|001|N|            |Y|3|00000057|0|        |IL Rte 57 0.6 mi. South of Lock and Dam Road      
S|17|006050|5|0|22|3R|1|T|1|3|N|1|3|F|13|N|0|0| |2|L|P|P|            |      |39897447| 91406513|    |      |21|00|001|N|            |Y|3|00000057|0|        |IL Rte 57 0.6 mi. South of Lock and Dam Road      
S|17|006060|1|0|22|3R|1|T|2|3|N|0|3|F|13|N|0|1|U|2|L|N|P|000000000000|     0|39577580| 90228030|0000|000000|87|00|137|N|000000000000|Y|3|00000267|0|00000000|IL 267 0.6 miles south of Nortonville             
S|17|006060|5|0|22|3R|1|T|2|3|N|0|3|F|13|N|0|1|U|2|L|N|P|000000000000|     0|39577580| 90228030|0000|000000|87|00|137|N|000000000000|Y|3|00000267|0|00000000|IL 267 0.6 miles south of Nortonville             
S|17|006070|3|0|22|4R|1|T|1|3|N|1|3|F|13|N|0|0| |2|I|N|P|000000000000|     0|39819388| 89717825|    |      |17|00|167|N|            |Y|3|00000097|0|        |IL RT 97 0.25 Mi West of Koke Mill Rd             
S|17|006070|4|0|22|4R|1|T|1|3|N|1|3|F|13|N|0|0| |2|I|N|P|000000000000|     0|39819388| 89717825|    |      |17|00|167|N|            |Y|3|00000097|0|        |IL RT 97 0.25 Mi West of Koke Mill Rd             
S|17|006070|7|0|22|4R|1|T|1|3|N|1|3|F|13|N|0|0| |2|I|N|P|000000000000|     0|39819388| 89717825|    |      |17|00|167|N|            |Y|3|00000097|0|        |IL RT 97 0.25 Mi West of Koke Mill Rd             
S|17|006070|8|0|22|4R|1|T|1|3|N|1|3|F|13|N|0|0| |2|I|N|P|000000000000|     0|39819388| 89717825|    |      |17|00|167|N|            |Y|3|00000097|0|        |IL RT 97 0.25 Mi West of Koke Mill Rd             
S|17|006100|3|0|22|1R|2|T|4|3|N|4|3|F|13|N|0|1|U|2|L|P|P|000000000000|     0|39740500| 89914990|0000|000000|87|00|167|Y|000000840160|Y|1|00000072|0|00000000|I-72US 36 0.5 mile east of New Berlin Interchge   
S|17|006100|7|0|22|1R|2|T|4|3|N|4|3|F|13|N|0|1|U|2|L|P|P|000000000000|     0|39740500| 89914990|0000|000000|87|00|167|Y|000000840160|Y|1|00000072|0|00000000|I-72US 36 0.5 mile east of New Berlin Interchge   
S|17|006110|1|0|22|4R|1|T|2|3|N|2|3|F|13|N|0|1|U|2|L|P|P|000000000000|     0|39924300| 89673790|0000|000000|87|00|167|N|000000000000|N|3|00000029|0|00000000|IL 29 2.5 miles south of IL 124                   
S|17|006110|5|0|22|4R|1|T|2|3|N|2|3|F|13|N|0|1|U|2|L|P|P|000000000000|     0|39924300| 89673790|0000|000000|87|00|167|N|000000000000|N|3|00000029|0|00000000|IL 29 2.5 miles south of IL 124                   
S|17|006220|1|0|22|1R|3|T|6|3|N|6|3|F|13|N|0|1|U|2|L|P|P|000000000000|     0|39992690| 89512740|0000|000000|10|00|107|N|000000000000|Y|1|00000055|0|00000000|I-55 .1 Mi South of Sangamon Cty Line             
S|17|006220|5|0|22|1R|3|T|6|3|N|6|3|F|13|N|0|1|U|2|L|P|P|000000000000|     0|39992690| 89512740|0000|000000|10|00|107|N|000000000000|Y|1|00000055|0|00000000|I-55 .1 Mi South of Sangamon Cty Line             
S|17|006280|3|0|22|4U|2|T|4|3|N|0|3|F|13|N|0|1|U|2|L|N|P|000000000000|     0|39816280| 89652310|0000|000000|87|00|167|Y|000000840590|N|0|00000000|0|00000000|North Grand Ave. 0.6 mile east of IL 29           
S|17|006280|7|0|22|4U|2|T|4|3|N|0|3|F|13|N|0|1|U|2|L|N|P|000000000000|     0|39816280| 89652310|0000|000000|87|00|167|Y|000000840590|N|0|00000000|0|00000000|North Grand Ave. 0.6 mile east of IL 29           
S|17|006400|1|0|22|3U|2|T|2|3|N|0|3|F|13|N|0|1|U|2|L|N|P|000000000000|     0|39943510| 91411610|0000|000000|88|00|001|N|000000000000|Y|2|00000024|0|00000000|US 24 (3rd st.) 0.85 mile north of IL 104         
S|17|006400|5|0|22|3U|2|T|2|3|N|0|3|F|13|N|0|1|U|2|L|N|P|000000000000|     0|39943510| 91411610|0000|000000|88|00|001|N|000000000000|Y|2|00000024|0|00000000|US 24 (3rd st.) 0.85 mile north of IL 104         
S|17|006500|3|0|22|3R|2|T|5|3|N|5|3|F|13|N|0|1|U|2|L|P|P|000000000000|     0|39752180| 90304750|0000|000000|99|00|137|Y|000000697045|Y|3|00000067|0|00000000|IL 67 Bypass West of Gravel Pit Rd.               
S|17|006500|7|0|22|3R|3|T|5|3|N|5|3|F|13|N|0|1|U|2|L|P|P|000000000000|     0|39752180| 90304750|0000|000000|99|00|137|Y|000000697045|Y|3|00000067|0|00000000|IL 67 Bypass West of Gravel Pit Rd.               
S|17|006991|1|0|22|3U|2|T|2|3|N|2|3|D|03|N|0|0| |2|V|N|P|            |      |39763904| 89706386|    |      |21|00|167|N|            |Y|3|00000004|0|        |Il Rte 4 at Wabash Avenue Intersection            
S|17|006991|5|0|22|3U|2|T|2|3|N|2|3|D|03|N|0|0| |2|V|N|P|            |      |39763904| 89706386|    |      |21|00|167|N|            |Y|3|00000004|0|        |Il Rte 4 at Wabash Avenue Intersection            
S|17|006995|3|0|22|3U|2|T|2|3|N|2|3|D|03|N|0|0| |2|V|N|P|            |      |39763904| 89706386|    |      |21|00|167|N|            |Y|0|        |0|        |Wabash Avenue at Il Rte 4 Intersection            
S|17|006995|7|0|22|3U|2|T|2|3|N|2|3|D|03|N|0|0| |2|V|N|P|            |      |39763904| 89706386|    |      |21|00|167|N|            |Y|0|        |0|        |Wabash Avenue at Il Rte 4 Intersection            
S|17|006998|1|0|22|3R|2|T|4|3|N|4|3|F|13|N|0|1|U|2|L|P|P|000000000000|     0|39528270| 90340940|0000|000000|06|00|171|N|000000000000|Y|3|00000267|0|00000000|Il 267 .5 miles south of Manchester               
S|17|006998|5|0|22|3R|2|T|4|3|N|4|3|F|13|N|0|1|U|2|L|P|P|000000000000|     0|39528270| 90340940|0000|000000|06|00|171|N|000000000000|Y|3|00000267|0|00000000|Il 267 .5 miles south of Manchester               
S|17|007010|3|0|22|3R|2|T|2|3|N|2|3|F|13|N|0|0| |2|I|N|P|000000000000|     0|38709619| 87541950|    |      |17|00|101|N|            |Y|2|00000050|0|        |US RT 50 1.2 mi west of Wabash River              
S|17|007010|7|0|22|3R|2|T|2|3|N|2|3|F|13|N|0|0| |2|I|N|P|000000000000|     0|38709619| 87541950|    |      |17|00|101|N|            |Y|2|00000050|0|        |US RT 50 1.2 mi west of Wabash River              
S|17|007020|3|0|22|1R|2|T|2|3|N|2|3|F|13|N|0|0| |2|I|N|P|            |      |39926934| 88848729|    |      |16|00|115|Y|000000580090|Y|1|00000072|0|        |I-72 3 miles east of IL Rte 48                    
S|17|007020|7|0|22|1R|2|T|2|3|N|2|3|F|13|N|0|0| |2|I|N|P|            |      |39926934| 88848729|    |      |16|00|115|Y|000000580090|Y|1|00000072|0|        |I-72 3 miles east of IL Rte 48                    
S|17|007030|3|0|22|1R|2|T|2|3|N|2|3|F|13|N|0|0| |2|I|N|P|            |      |39087994| 88603392|    |      |88|00|049|N|            |Y|1|00000070|0|        |I-70 1.26 miles west of I-57                      
S|17|007030|7|0|22|1R|2|T|2|3|N|2|3|F|13|N|0|0| |2|I|N|P|            |      |39087994| 88603392|    |      |88|00|049|N|            |Y|1|00000070|0|        |I-70 1.26 miles west of I-57                      
S|17|007040|1|0|22|1R|2|T|2|3|N|2|3|F|13|N|0|0| |2|I|N|P|            |      |39010261| 88587417|    |      |16|00|049|Y|000000250010|Y|1|00000057|0|        |I-57 1 mile north of IL Rte 37 Interchange        
S|17|007040|5|0|22|1R|2|T|2|3|N|2|3|F|13|N|0|0| |2|I|N|P|            |      |39010261| 88587417|    |      |16|00|049|Y|000000250010|Y|1|00000057|0|        |I-57 1 mile north of IL Rte 37 Interchange        
S|17|007050|1|0|22|4R|1|T|1|3|N|1|3|F|13|N|0|0| |2|I|N|P|000000000000|     0|38339190| 88026452|    |      |17|00|047|N|            |N|3|00000130|0|        |IL RT 130 2.5 mi south of Albion                  
S|17|007050|5|0|22|4R|1|T|1|3|N|1|3|F|13|N|0|0| |2|I|N|P|000000000000|     0|38339190| 88026452|    |      |17|00|047|N|            |N|3|00000130|0|        |IL RT 130 2.5 mi south of Albion                  
S|17|007060|1|0|22|4R|1|T|1|3|N|1|3|F|13|N|0|0| |2|I|N|P|            |      |38283515| 88004914|    |      |21|00|047|N|            |N|3|00000130|0|        |IL Rte 130 0.9 mi West of IL Rte 1                
S|17|007060|5|0|22|4R|1|T|1|3|N|1|3|F|13|N|0|0| |2|I|N|P|            |      |38283515| 88004914|    |      |21|00|047|N|            |N|3|00000130|0|        |IL Rte 130 0.9 mi West of IL Rte 1                
S|17|007070|1|0|22|1R|2|T|2|3|N|2|3|F|13|N|0|0| |2|L|P|P|            |      |39211568| 88489457|    |      |91|00|049|Y|000000250030|Y|1|00000057|0|        |I-57 4.9 miles north of I - 70                    
S|17|007070|5|0|22|1R|2|T|2|3|N|2|3|F|13|N|0|0| |2|L|P|P|            |      |39211568| 88489457|    |      |91|00|049|Y|000000250030|Y|1|00000057|0|        |I-57 4.9 miles north of I - 70                    
S|17|007080|3|0|22|3U|2|T|4|3|N|0|3|F|13|N|0|1|U|2|L|N|P|000000000000|     0|39120250| 88553400|0000|000000|88|00|049|Y|000000250100|Y|2|00000040|0|00000000|US 40  IL 33 0.25 mile east of IL3233             
S|17|007080|7|0|22|3U|2|T|4|3|N|0|3|F|13|N|0|1|U|2|L|N|P|000000000000|     0|39120250| 88553400|0000|000000|88|00|049|Y|000000250100|Y|2|00000040|0|00000000|US 40  IL 33 0.25 mile east of IL3233             
S|17|007090|1|0|22|3R|1|T|1|3|N|1|3|F|13|N|0|0| |2|I|N|P|            |      |38829018| 89088021|    |      |16|00|051|N|            |Y|2|00000051|0|        |US Rte 51 0.4 miles north of Marion County Line   
S|17|007090|5|0|22|3R|1|T|1|3|N|1|3|F|13|N|0|0| |2|I|N|P|            |      |38829018| 89088021|    |      |16|00|051|N|            |Y|2|00000051|0|        |US Rte 51 0.4 miles north of Marion County Line   
S|17|007100|3|0|22|1R|2|T|2|3|N|2|3|F|13|N|0|0| |2|I|N|P|            |      |38272527| 88882234|    |      |19|00|081|Y|000000410100|Y|1|00000064|0|        |I-64 East of IL 142                               
S|17|007100|7|0|22|1R|2|T|2|3|N|2|3|F|13|N|0|0| |2|I|N|P|            |      |38272527| 88882234|    |      |19|00|081|Y|000000410100|Y|1|00000064|0|        |I-64 East of IL 142                               
S|17|007110|1|0|22|4R|1|T|2|3|N|2|3|F|13|N|0|1|U|2|L|P|P|000000000000|     0|39102090| 88141999|0000|000000|88|00|079|N|000000000000|N|3|00000130|0|00000000|IL 130 6.3 miles north of IL 33                   
S|17|007110|5|0|22|4R|1|T|2|3|N|2|3|F|13|N|0|1|U|2|L|P|P|000000000000|     0|39102090| 88141999|0000|000000|88|00|079|N|000000000000|N|3|00000130|0|00000000|IL 130 6.3 miles north of IL 33                   
S|17|007151|1|0|22|1U|3|T|3|3|H|3|3|F|13| |0|0| |2|I|N|P|000000000000|     0|39103352| 88573690|    |      |14|00|049|N|            |Y|1|00000070|1|00000057|I-70/I-57 North of South Tri-level                
S|17|007151|1|3|22|1U|3|T|3|3|H|3|3|F|13| |0|0| |2|I|N|P|000000000000|     0|39103352| 88573690|    |      |14|00|049|N|            |Y|1|00000070|1|00000057|I-70/I-57 North of South Tri-level                
S|17|007155|5|0|22|1U|3|T|3|3|H|3|3|F|13| |0|0| |2|I|N|P|000000000000|     0|39103550| 88574333|    |      |14|00|049|N|            |Y|1|00000070|1|00000057|I-70/I-57 North of South Tri-level                
S|17|007155|5|3|22|1U|3|T|3|3|H|3|3|F|13| |0|0| |2|I|N|P|000000000000|     0|39103550| 88574333|    |      |14|00|049|N|            |Y|1|00000070|1|00000057|I-70/I-57 North of South Tri-level                
S|17|007180|3|0|22|1U|3|T|3|3|N|3|3|F|13|N|0|0| |2|P|L|P|000000000000|     0|39143849| 88542434|    |      |92|00|049|Y|000000250060|Y|1|00000070|1|00000057|I-70/I-57 1.0 Mi East of IL32/IL33                
S|17|007180|7|0|22|1U|3|T|3|3|N|3|3|F|13|N|0|0| |2|P|L|P|000000000000|     0|39143849| 88542434|    |      |92|00|049|Y|000000250060|Y|1|00000070|1|00000057|I-70/I-57 1.0 Mi East of IL32/IL33                
S|17|007551|1|0|22|1U|3|T|3|3|H|3|3|F|13| |0|0| |2|I|N|P|000000000000|     0|39103352| 88573690|    |      |14|00|049|N|            |Y|1|00000070|1|00000057|I-70/I-57 North of South Tri-level                
S|17|007555|5|0|22|1U|3|T|3|3|H|3|3|F|13| |0|0| |2|I|N|P|000000000000|     0|39103550| 88574333|    |      |14|00|049|N|            |Y|1|00000070|1|00000057|I-70/I-57 North of South Tri-level                
S|17|008010|3|0|22|1U|8|T|8|3|N|8|3|F|13|N|0|1|U|1|A|N|P|000000000000|     0|38617247| 90051118|0000|000000|12|00|163|Y|000000820040|Y|1|00000064|0|00000000|I-64 West of IL-157 Interchange                   
S|17|008010|7|0|22|1U|8|T|8|3|N|8|3|F|13|N|0|1|U|1|A|N|P|000000000000|     0|38617247| 90051118|0000|000000|12|00|163|Y|000000820040|Y|1|00000064|0|00000000|I-64 West of IL-157 Interchange                   
S|17|008020|1|0|22|1R|4|T|4|3|N|4|3|F|13|N|0|1|U|2|L|N|P|000000000000|     0|38807153| 89892270|0000|000000|12|00|119|N|000000000000|Y|1|00000055|0|00000000|I-55 .7 Mi N of IL 143 MM 23.36                   
S|17|008020|5|0|22|1R|4|T|4|3|N|4|3|F|13|N|0|1|U|2|L|N|P|000000000000|     0|38807153| 89892270|0000|000000|12|00|119|N|000000000000|Y|1|00000055|0|00000000|I-55 .7 Mi N of IL 143 MM 23.36                   
S|17|008070|3|0|22|1U|3|T|3|3|N|3|3|F|13|N|0|0| |2|L|P|P|            |      |38765623| 90131362|    |      |77|00|119|N|            |Y|1|00000270|0|        |I-270 0.1 mile west of IL 3 Interchange           
S|17|008070|7|0|22|1U|3|T|3|3|N|3|3|F|13|N|0|0| |2|L|P|P|            |      |38765623| 90131362|    |      |77|00|119|N|            |Y|1|00000270|0|        |I-270 0.1 mile west of IL 3 Interchange           
S|17|008080|3|0|22|1U|3|T|3|3|H|3|3|F|13| |0|0| |2|P|L|P|000000000000|     0|38647077| 90158727|    |      |13|00|163|N|            |Y|1|00000070|0|        |I-70 West of Exit 2                               
S|17|008080|3|3|22|1U|3|T|3|3|H|3|3|F|13| |0|0| |2|P|L|P|000000000000|     0|38647077| 90158727|    |      |13|00|163|N|            |Y|1|00000070|0|        |I-70 West of Exit 2                               
S|17|008080|7|0|22|1U|3|T|3|3|H|3|3|F|13| |0|0| |2|P|L|P|000000000000|     0|38647077| 90158727|    |      |13|00|163|N|            |Y|1|00000070|0|        |I-70 West of Exit 2                               
S|17|008080|7|3|22|1U|3|T|3|3|H|3|3|F|13| |0|0| |2|P|L|P|000000000000|     0|38647077| 90158727|    |      |13|00|163|N|            |Y|1|00000070|0|        |I-70 West of Exit 2                               
S|17|008130|1|0|22|3R|2|T|4|3|N|0|3|F|13|N|0|1|U|2|L|N|P|000000000000|     0|38937920| 90292810|0000|000000|88|00|083|N|000000000000|Y|3|00000100|0|00000000|IL 100 4.0 miles east of IL 3                     
S|17|008130|5|0|22|3R|2|T|4|3|N|0|3|F|13|N|0|1|U|2|L|N|P|000000000000|     0|38937920| 90292810|0000|000000|88|00|083|N|000000000000|Y|3|00000100|0|00000000|IL 100 4.0 miles east of IL 3                     
S|17|008160|3|0|22|5U|1|T|2|3|N|0|3|F|13|N|0|1|U|2|L|N|P|000000000000|     0|38548430| 89886800|0000|000000|00|00|163|N|000000000000|N|0|00000000|0|00000000|Seibert Rd. (FAU 9177) West of IL 158             
S|17|008160|7|0|22|5U|1|T|2|3|N|0|3|F|13|N|0|1|U|2|L|N|P|000000000000|     0|38548430| 89886800|0000|000000|00|00|163|N|000000000000|N|0|00000000|0|00000000|Seibert Rd. (FAU 9177) West of IL 158             
S|17|008170|3|0|22|4U|1|T|2|3|N|2|3|F|13|N|0|1|U|2|L|P|P|000000000000|     0|38504940| 89951160|0000|000000|00|00|163|N|000000000000|N|3|00000177|0|00000000|IL 177 (Mascoutah Ave.) East of Belle Valley Dr.  
S|17|008170|7|0|22|4U|1|T|2|3|N|2|3|F|13|N|0|1|U|2|L|P|P|000000000000|     0|38504940| 89951160|0000|000000|00|00|163|N|000000000000|N|3|00000177|0|00000000|IL 177 (Mascoutah Ave.) East of Belle Valley Dr.  
S|17|008210|3|0|22|1U|3|T|3|3|N|3|3|F|13|N|0|0| |2|L|P|P|            |      |38667371| 90048891|    |      |00|00|119|N|            |Y|1|00000055|0|        |I-55 West of Black Lane overpass                  
S|17|008210|7|0|22|1U|3|T|3|3|N|3|3|F|13|N|0|0| |2|L|P|P|            |      |38667371| 90048891|    |      |00|00|119|N|            |Y|1|00000055|0|        |I-55 West of Black Lane overpass                  
S|17|008220|3|0|22|3U|2|T|4|3|N|4|3|F|13|N|0|1|U|2|L|P|P|000000000000|     0|38825280| 89977130|0000|000000|00|00|119|N|000000000000|Y|3|00000143|0|00000000|IL 143 West of IL 159 (Old Alton Edwardsville Rd.)
S|17|008220|7|0|22|3U|2|T|4|3|N|4|3|F|13|N|0|1|U|2|L|P|P|000000000000|     0|38825280| 89977130|0000|000000|00|00|119|N|000000000000|Y|3|00000143|0|00000000|IL 143 West of IL 159 (Old Alton Edwardsville Rd.)
S|17|008500|1|0|22|3U|2|T|4|3|N|4|3|F|13|N|0|1|U|2|L|P|P|000000000000|     0|38622400| 89985270|0000|000000|88|00|163|Y|000000820460|Y|3|00000159|0|00000000|IL 159 1.7 miles north of I - 64                  
S|17|008500|5|0|22|3U|2|T|4|3|N|4|3|F|13|N|0|1|U|2|L|P|P|000000000000|     0|38622400| 89985270|0000|000000|88|00|163|Y|000000820460|Y|3|00000159|0|00000000|IL 159 1.7 miles north of I - 64                  
S|17|008510|3|0|22|3R|2|T|2|3|N|2|3|F|13|N|0|1|U|2|L|P|P|000000000000|     0|38612090| 89706490|0000|000000|88|00|027|N|000000000000|Y|2|00000050|0|00000000|US 50 1.1 miles west of IL 160                    
S|17|008510|7|0|22|3R|2|T|2|3|N|2|3|F|13|N|0|1|U|2|L|P|P|000000000000|     0|38612090| 89706490|0000|000000|88|00|027|N|000000000000|Y|2|00000050|0|00000000|US 50 1.1 miles west of IL 160                    
S|17|008550|1|0|22|1U|3|T|3|3|N|3|3|F|13|N|0|0| |2|L|P|P|            |      |38587866| 90098984|    |      |20|00|163|N|            |Y|1|00000255|0|        |I-255 0.5 miles north of IL RT 15                 
S|17|008550|5|0|22|1U|3|T|3|3|N|3|3|F|13|N|0|0| |2|L|P|P|            |      |38587866| 90098984|    |      |20|00|163|N|            |Y|1|00000255|0|        |I-255 0.5 miles north of IL RT 15                 
S|17|008551|1|0|22|1U|3|T|3|3|N|3|3|F|13|N|0|1|U|2|L|P|P|000000000000|     0|38587680| 90098750|0000|000000|85|00|163|N|000000000000|Y|1|00000255|0|00000000|I-255 0.55 mile north of IL 15 (Northbound)       
S|17|008555|1|0|22|1U|3|T|3|3|N|3|3|F|13|N|0|1|U|2|L|P|P|000000000000|     0|38587860| 90098980|0000|000000|85|00|163|N|000000000000|Y|1|00000255|0|00000000|I-255 0.55 mile north of IL 15 (Southbound)       
S|17|008555|5|0|22|1U|3|T|3|3|N|3|3|F|13|N|0|1|U|2|L|P|P|000000000000|     0|38587860| 90098980|0000|000000|85|00|163|N|000000000000|Y|1|00000255|0|00000000|I-255 0.55 mile north of IL 15 (Southbound)       
S|17|009010|1|0|22|1R|2|T|2|3|N|2|3|F|13|N|0|0| |2|I|N|P|000000000000|     0|38221489| 88906606|    |      |18|00|081|N|            |Y|1|00000057|0|        |I-57 4 mi south I-64 S Interchange near Mt Vernon 
S|17|009010|5|0|22|1R|2|T|2|3|N|2|3|F|13|N|0|0| |2|I|N|P|000000000000|     0|38221489| 88906606|    |      |18|00|081|N|            |Y|1|00000057|0|        |I-57 4 mi south I-64 S Interchange near Mt Vernon 
S|17|009020|1|0|22|1R|3|T|3|3|N|3|3|F|13|N|0|0| |2|L|P|P|            |      |37809330| 88946140|    |      |95|00|199|N|            |Y|1|00000057|0|        |I-57 .2 Mile South of Johnson City Exit           
S|17|009020|5|0|22|1R|3|T|3|3|N|3|3|F|13|N|0|0| |2|L|P|P|            |      |37809330| 88946140|    |      |95|00|199|N|            |Y|1|00000057|0|        |I-57 .2 Mile South of Johnson City Exit           
S|17|009030|1|0|22|1R|3|T|3|3|N|3|3|F|13|N|0|0| |2|I|N|P|            |      |37808340| 88946140|    |      |06|00|199|N|            |Y|1|00000057|0|        |I-57 .21 Mile South of Johnson City Exit          
S|17|009030|5|0|22|1R|3|T|3|3|N|3|3|F|13|N|0|0| |2|I|N|P|            |      |37808340| 88946140|    |      |06|00|199|N|            |Y|1|00000057|0|        |I-57 .21 Mile South of Johnson City Exit          
S|17|009040|3|0|22|3U|2|T|6|3|N|6|3|F|13|N|0|1|U|2|I|N|P|000000000000|     0|37745150| 88981170|0000|000000|07|00|199|Y|000001000040|Y|3|00000013|0|00000000|IL 13 0.1 mile west of N. Marathon drive          
S|17|009040|7|0|22|3U|2|T|6|3|N|6|3|F|13|N|0|1|U|2|I|N|P|000000000000|     0|37745150| 88981170|0000|000000|07|00|199|Y|000001000040|Y|3|00000013|0|00000000|IL 13 0.1 mile west of N. Marathon drive          
S|17|009050|1|0|22|1R|4|T|4|3|N|4|3|F|13|N|0|1|U|1|A|N|P|000000000000|     0|37150790| 88683132|    |      |12|00|127|Y|000000640020|Y|1|00000024|0|00000000|I-24 S of US 45 Interchange                       
S|17|009050|5|0|22|1R|4|T|4|3|N|4|3|F|13|N|0|1|U|1|A|N|P|000000000000|     0|37150790| 88683132|    |      |12|00|127|Y|000000640020|Y|1|00000024|0|00000000|I-24 S of US 45 Interchange                       
S|17|009060|1|0|22|1R|2|T|2|3|H|2|3|F|13| |0|0| |2|I|N|P|000000000000|     0|37307930| 89156686|    |      |14|00|153|N|            |Y|1|00000057|0|        |I-57, South of Pulaski County Line                
S|17|009060|5|0|22|1R|2|T|2|3|H|2|3|F|13| |0|0| |2|I|N|P|000000000000|     0|37307930| 89156686|    |      |14|00|153|N|            |Y|1|00000057|0|        |I-57, South of Pulaski County Line                
S|17|009070|3|0|22|1R|2|T|2|3|N|2|3|F|13|N|0|0| |2|I|N|P|000000000000|     0|37597933| 88990047|    |      |17|00|199|N|            |Y|1|00000024|0|        |I-24 East of I-57/I-24 Interchange                
S|17|009070|7|0|22|1R|2|T|2|3|N|2|3|F|13|N|0|0| |2|I|N|P|000000000000|     0|37597933| 88990047|    |      |17|00|199|N|            |Y|1|00000024|0|        |I-24 East of I-57/I-24 Interchange                
S|17|009080|3|0|22|3R|2|T|2|3|N|2|3|F|13|N|0|0| |2|I|N|P|000000000000|     0|37295750| 89500823|    |      |17|00|003|N|            |Y|3|00000146|0|        |IL RT 146 East of Cape Girardeau Bridge           
S|17|009080|7|0|22|3R|2|T|2|3|N|2|3|F|13|N|0|0| |2|I|N|P|000000000000|     0|37295750| 89500823|    |      |17|00|003|N|            |Y|3|00000146|0|        |IL RT 146 East of Cape Girardeau Bridge           
S|17|009090|3|0|22|4R|1|T|2|3|N|0|3|F|13|N|0|1|U|2|L|N|P|000000000000|     0|38081270| 88918020|0000|000000|88|00|055|N|000000000000|N|3|00000154|0|00000000|IL 154 0.2 mile west of I - 57                    
S|17|009090|7|0|22|4R|1|T|2|3|N|0|3|F|13|N|0|1|U|2|L|N|P|000000000000|     0|38081270| 88918020|0000|000000|88|00|055|N|000000000000|N|3|00000154|0|00000000|IL 154 0.2 mile west of I - 57                    
S|17|009100|3|0|22|3U|2|T|4|3|N|4|3|F|13|N|0|1|U|2|L|P|P|000000000000|     0|37749000| 89262160|0000|000000|88|00|077|N|000000000000|Y|3|00000013|0|00000000|IL 13 2.7 miles east of IL 13  127  149           
S|17|009100|7|0|22|3U|2|T|4|3|N|4|3|F|13|N|0|1|U|2|L|P|P|000000000000|     0|37749000| 89262160|0000|000000|88|00|077|N|000000000000|Y|3|00000013|0|00000000|IL 13 2.7 miles east of IL 13  127  149           
S|17|009110|3|0|22|1R|2|T|2|3|N|2|3|F|13|N|0|0| |2|I|N|P|            |      |38361836| 89054178|    |      |19|00|081|Y|000000410050|Y|1|00000064|0|        |I-64 West of Woodlawn Dr Interchange              
S|17|009110|7|0|22|1R|2|T|2|3|N|2|3|F|13|N|0|0| |2|I|N|P|            |      |38361836| 89054178|    |      |19|00|081|Y|000000410050|Y|1|00000064|0|        |I-64 West of Woodlawn Dr Interchange              
S|17|009140|1|0|22|1R|3|T|3|3|H|3|3|F|13| |0|0| |2|P|L|P|000000000000|     0|38290645| 88942222|    |      |14|00|081|Y|000000410020|Y|1|00000057|1|00000064|I-57/I-64 1.63 Mi South of IL 15 Interchange      
S|17|009140|1|3|22|1R|3|T|3|3|H|3|3|F|13| |0|0| |2|P|L|P|000000000000|     0|38290645| 88942222|    |      |14|00|081|Y|000000410020|Y|1|00000057|1|00000064|I-57/I-64 1.63 Mi South of IL 15 Interchange      
S|17|009140|5|0|22|1R|3|T|3|3|H|3|3|F|13| |0|0| |2|P|L|P|000000000000|     0|38290645| 88942222|    |      |14|00|081|Y|000000410020|Y|1|00000057|1|00000064|I-57/I-64 1.63 Mi South of IL 15 Interchange      
S|17|009140|5|3|22|1R|3|T|3|3|H|3|3|F|13| |0|0| |2|P|L|P|000000000000|     0|38290645| 88942222|    |      |14|00|081|Y|000000410020|Y|1|00000057|1|00000064|I-57/I-64 1.63 Mi South of IL 15 Interchange      
S|17|009660|1|0|22|5R|1|T|1|3|H|1|3|F|13|T|1|5|U|2|L|P|P|000000000000|     0|36986243| 89150266|0000|000000|12|00|003|Y|000200000060|Y|3|00000060|0|        |US 60/US 62 Bridge                                
S|17|009660|1|1|22|5R|1|T|1|3|H|1|3|F|13|T|5|0|2|0|L|P|P|000000000000|     0|36986243| 89150266|0000|000000|13|00|003|Y|000200000060|N|3|00000060|0|        |US 60/US 62 Bridge                                
S|17|009660|5|0|22|5R|1|T|1|3|H|1|3|F|13|T|1|5|U|2|L|P|P|000000000000|     0|36986243| 89150266|0000|000000|12|00|003|Y|000200000060|Y|3|00000060|0|        |US 60/US 62 Bridge                                
S|17|009660|5|1|22|5R|1|T|1|3|H|1|3|F|13|T|5|0|2|0|L|P|P|000000000000|     0|36986243| 89150266|0000|000000|13|00|003|Y|000200000060|N|3|00000060|0|        |US 60/US 62 Bridge                                
