Record_Type|Year_Record|State_Code|Station_Id|Travel_Dir|Travel_Lane|F_System|Num_Lanes|Sample_Type_Volume|Num_Lanes_Volume|Method_Volume|Sample_Type_Class|Num_Lanes_Class|Method_Class|Algorithm_Volume|Num_Classes|Sample_Type_Truck|Num_Lanes_Truck|Method_Truck|Calibration|Data_Retrieval|Type_Sensor_1|Type_Sensor_2|Primary_Purpose|LRS_Id|LRS_Point|Latitude|Longitude|SHRP_Id|Prev_Station_Id|Year_Established|Year_Discontinued|County_Code|Is_Sample|Sample_Id|NHS|Posted_Route_Signing|Posted_Signed_Route|Con_Route_Signing|Con_Signed_Route|Station_Location
S|20|0740V4|3|1|22|3R|1|T|1|3|N|1|3|F|13|B|1|4|T|2|L|A|P|038U0005000S|   800|38045060|102031400|    |      |63|00|075|N|            |Y|2|      50|2|000000CO|0.8 MILES E. OF KAN-COLO ST. LINE                 
S|20|0740V4|7|1|22|3R|1|T|1|3|N|1|3|F|13|B|1|4|T|2|L|A|P|038U0005000S|   800|38045060|102031400|    |      |63|00|075|N|            |Y|2|      50|2|000000CO|0.8 MILES E. OF KAN-COLO ST. LINE                 
S|20|0C7PS6|3|1|22|2R|1|T|1|3|H|1|0| |13|T|1|0| |2|L|N|P|100U0004000S|  1400|38863380|102004630|    |      |63|00|199|N|            |N|1|      40|0|        |1.4 MILES E. OF KAN-COLO ST. LINE                 
S|20|0C7PS6|7|1|22|2R|1|T|1|3|H|1|0| |13|T|1|0| |2|L|N|P|100U0004000S|  1400|38863380|102004630|    |      |63|00|199|N|            |N|1|      40|0|        |1.4 MILES E. OF KAN-COLO ST. LINE                 
S|20|0DT453|3|1|22|1R|2|T|2|3|N|2|3|F|13|B|2|4|T|2|L|N|P|091I0007000S|  3450|39329040|101948820|    |      |02|00|181|N|            |Y|1|      70|1|00000024|2.2 MI. E OF KANORADO EXIT                        
S|20|0DT453|3|2|22|1R|2|T|2|3|N|2|3|F|13|B|2|4|T|2|L|N|P|091I0007000S|  3450|39329040|101948820|    |      |02|00|181|N|            |Y|1|      70|1|00000024|2.2 MI. E OF KANORADO EXIT                        
S|20|0DT453|7|1|22|1R|2|T|2|3|N|2|3|F|13|B|2|4|T|2|L|N|P|091I0007000S|  3450|39329040|101948820|    |      |02|00|181|N|            |Y|1|      70|1|00000024|2.2 MI. E OF KANORADO EXIT                        
S|20|0DT453|7|2|22|1R|2|T|2|3|N|2|3|F|13|B|2|4|T|2|L|N|P|091I0007000S|  3450|39329040|101948820|    |      |02|00|181|N|            |Y|1|      70|1|00000024|2.2 MI. E OF KANORADO EXIT                        
S|20|0T1F25|1|1|22|3R|1|T|1|3| |0|0| |13| |0|0| |2|L|N|P|036K0002700S| 30235|38676940|101751710|    |0USKI5|04|00|071|N|            |N|2|      27|0|        |15 MILES N OF TRIBUNE                             
S|20|0T1F25|5|1|22|3R|1|T|1|3| |0|0| |13| |0|0| |2|L|N|P|036K0002700S| 30235|38676940|101751710|    |0USKI5|04|00|071|N|            |N|2|      27|0|        |15 MILES N OF TRIBUNE                             
S|20|0USKI5|1|1|22|4R|1|T|1|3|N|0|0| |14|N|0|0| |2|L| |P|036K0002700S| 48659|38676940|101751710|    |0IMKN5|04|00|071|N|            |N|3|00000027|0|00000000|15 MILES N OF TRIBUNE                             
S|20|0USKI5|5|1|22|4R|1|T|1|3|N|0|0| |14|N|0|0| |2|L| |P|036K0002700S| 48659|38676940|101751710|    |0IMKN5|04|00|071|N|            |N|3|00000027|0|00000000|15 MILES N OF TRIBUNE                             
S|20|1J0N31|1|1|22|4R|1|T|1|3|N|0|0| |14|N|0|0| |2|L| |P|034K0002500S| 27908|37649100|101363880|    |      |55|00|067|N|            |N|3|00000025|0|00000000|2.5 MILES N. OF ULYSSES                           
S|20|1J0N31|5|1|22|4R|1|T|1|3|N|0|0| |14|N|0|0| |2|L| |P|034K0002500S| 27908|37649100|101363880|    |      |55|00|067|N|            |N|3|00000025|0|00000000|2.5 MILES N. OF ULYSSES                           
S|20|21PDB7|3|1|22|4R|1|T|1|3|N|0|0| |14|N|0|0| |2|L| |P|102K0009600S| 37672|38481920|101170570|    |      |44|00|203|N|            |N|3|00000096|0|00000000|12 MILES W. OF SCOTT CITY                         
S|20|21PDB7|7|1|22|4R|1|T|1|3|N|0|0| |14|N|0|0| |2|L| |P|102K0009600S| 37672|38481920|101170570|    |      |44|00|203|N|            |N|3|00000096|0|00000000|12 MILES W. OF SCOTT CITY                         
S|20|2B24C5|1|1|22|4R|1|T|1|3|N|0|0| |14|N|0|0| |2|L| |P|097K0002500S| 24813|39321420|101055280|    |      |55|00|193|N|            |N|3|00000025|0|00000000|1.8 MILES S. OF COLBY                             
S|20|2B24C5|5|1|22|4R|1|T|1|3|N|0|0| |14|N|0|0| |2|L| |P|097K0002500S| 24813|39321420|101055280|    |      |55|00|193|N|            |N|3|00000025|0|00000000|1.8 MILES S. OF COLBY                             
S|20|2JOT01|1|1|22|3R|1|T|1|3|N|0|0| |14|N|0|0| |2|L| |P|028U0008300S| 10343|37829930|100870600|    |      |55|00|055|N|            |Y|2|00000083|0|00000000|8.2 MILES S. OF GARDEN CITY                       
S|20|2JOT01|5|1|22|3R|1|T|1|3|N|0|0| |14|N|0|0| |2|L| |P|028U0008300S| 10343|37829930|100870600|    |      |55|00|055|N|            |Y|2|00000083|0|00000000|8.2 MILES S. OF GARDEN CITY                       
S|20|2LN543|3|1|22|4R|1|T|1|3|N|0|0| |14|N|0|0| |2|L| |P|097U0002400S| 45583|39394280|100888530|    |      |67|00|193|N|            |N|2|00000024|0|00000000|7.3 MILES E. OF COLBY                             
S|20|2LN543|7|1|22|4R|1|T|1|3|N|0|0| |14|N|0|0| |2|L| |P|097U0002400S| 45583|39394280|100888530|    |      |67|00|193|N|            |N|2|00000024|0|00000000|7.3 MILES E. OF COLBY                             
S|20|2OPUF5|1|1|22|3R|1|T|1|3|N|1|3|F|13|B|1|4|T|2|L|N|P|055U0008300S| 33847|39003270|100851100|    |      |51|00|109|Y|216500550000|Y|2|      83|2|0RS-1672|6.2 MILES S. OF OAKLEY                            
S|20|2OPUF5|5|1|22|3R|1|T|1|3|N|1|3|F|13|B|1|4|T|2|L|N|P|055U0008300S| 33847|39003270|100851100|    |      |51|00|109|Y|216500550000|Y|2|      83|2|0RS-1672|6.2 MILES S. OF OAKLEY                            
S|20|3E6C43|3|1|22|3R|1|T|1|3|N|1|0| |13|N|0|0| |2|L| |P|031I0007000S|      |37285550|100418490|    |      |56|00|119|N|            |N|1|      70|0|       0|3.7 MILES  W. OF  MEADE                           
S|20|3E6C43|7|1|22|3R|1|T|1|3|N|1|0| |13|N|0|0| |2|L| |P|031I0007000S|      |37285550|100418490|    |      |56|00|119|N|            |N|1|      70|0|       0|3.7 MILES  W. OF  MEADE                           
S|20|3I7YJ5|1|1|22|4R|1|T|1|3|N|0|0| |14|N|0|0| |2|L| |P|090K0002300S|   256|39162150|100442710|    |3I1WC1|53|00|179|N|            |N|3|00000023|0|00000000|14.5 MILES S. OF HOXIE                            
S|20|3I7YJ5|5|1|22|4R|1|T|1|3|N|0|0| |14|N|0|0| |2|L| |P|090K0002300S|   256|39162150|100442710|    |3I1WC1|53|00|179|N|            |N|3|00000023|0|00000000|14.5 MILES S. OF HOXIE                            
S|20|3WDTW5|1|1|22|5R|1|T|1|3|N|0|0| |13|N|0|0| |2|L| |P|032R0027200X|      |39043030|100242320|    |3WDTW1|63|00|063|N|            |N|5|00000000|0|00000000|2 MILES S. OF QUINTER                             
S|20|3WDTW5|5|1|22|5R|1|T|1|3|N|0|0| |13|N|0|0| |2|L| |P|032R0027200X|      |39043030|100242320|    |3WDTW1|63|00|063|N|            |N|5|00000000|0|00000000|2 MILES S. OF QUINTER                             
S|20|40RQT7|3|1|22|2R|1|T|1|3|H|1|3|F|13|T|1|5|M|2|L|P|P|029U0005000S|  6478|37761730|100100600|    |440QI7|11|00|057|N|            |Y|1|      50|0|        |4.5 MILES W. OF DODGE CITY                        
S|20|40RQT7|7|1|22|2R|1|T|1|3|H|1|3|F|13|T|1|5|M|2|L|P|P|029U0005000S|  6478|37761730|100100600|    |440QI7|11|00|057|N|            |Y|1|      50|0|        |4.5 MILES W. OF DODGE CITY                        
S|20|440QI5|1|1|22|3R|2|T|1|3|N|0|0| |14|N|0|0| |2|L| |P|029U0040000S| 10997|37761190|100100140|    |      |11|00|057|N|            |Y|2|00000400|0|00000000|4.5 MILES W. OF DODGE CITY                        
S|20|440QI5|1|2|22|3R|2|T|1|3|N|0|0| |14|N|0|0| |2|L| |P|029U0040000S| 10997|37761190|100100140|    |      |11|00|057|N|            |Y|2|00000400|0|00000000|4.5 MILES W. OF DODGE CITY                        
S|20|440QI5|3|1|22|3R|1|T|1|3|N|1|0| |14|N|1|0| |2|L| |P|081U0002400S|      |37761558|100100005|    |      |64|00|161|N|            |N|2|      24|0|       0|route 50                                          
S|20|440QI5|5|1|22|3R|1|T|1|3|N|0|0| |14|N|0|0| |2|L| |P|029U0040000S| 10997|37761190|100100140|    |      |11|00|057|N|            |Y|2|00000400|0|00000000|4.5 MILES W. OF DODGE CITY                        
S|20|440QI5|7|1|22|3R|1|T|1|3|N|1|0| |14|N|1|0| |2|L| |P|081U0002400S|      |37761558|100100005|    |      |64|00|161|N|            |N|2|      24|0|       0|route 50                                          
S|20|440QI7|3|1|22|3R|2|T|1|3|N|0|0| |14|N|0|0| |2|L| |P|029U0005000S| 10425|37761730|100100600|    |      |11|00|057|N|            |Y|2|00000050|2|00000400|4.5 MILES W. OF DODGE CITY                        
S|20|440QI7|3|2|22|3R|2|T|1|3|N|0|0| |14|N|0|0| |2|L| |P|029U0005000S| 10425|37761730|100100600|    |      |11|00|057|N|            |Y|2|00000050|2|00000400|4.5 MILES W. OF DODGE CITY                        
S|20|440QI7|7|1|22|3R|1|T|1|3|N|0|0| |14|N|0|0| |2|L| |P|029U0005000S| 10425|37761730|100100600|    |      |11|00|057|N|            |Y|2|00000050|2|00000400|4.5 MILES W. OF DODGE CITY                        
S|20|4B8HU7|3|1|22|4R|1|T|1|3|N|0|0| |14|N|0|0| |2|L| |P|069U0003600S|  8690|39828060|100076770|    |      |64|00|137|N|            |N|2|00000036|0|00000000|9.5 MILES W. OF NORTON                            
S|20|4B8HU7|7|1|22|4R|1|T|1|3|N|0|0| |14|N|0|0| |2|L| |P|069U0003600S|  8690|39828060|100076770|    |      |64|00|137|N|            |N|2|00000036|0|00000000|9.5 MILES W. OF NORTON                            
S|20|4J7331|1|1|22|4R|1|T|1|3|N|0|0| |14|N|0|0| |2|L| |P|042U0028300S| 32861|38218240| 99899530|    |      |51|00|083|N|            |N|2|00000283|0|00000000|8.3 MILES N. OF JETMORE                           
S|20|4J7331|5|1|22|4R|1|T|1|3|N|0|0| |14|N|0|0| |2|L| |P|042U0028300S| 32861|38218240| 99899530|    |      |51|00|083|N|            |N|2|00000283|0|00000000|8.3 MILES N. OF JETMORE                           
S|20|4LGSU7|3|1|22|1R|2|T|1|3|N|0|0| |14|N|0|0| |2|L| |P|098I0007000S| 20740|39023040| 99954370|    |      |64|00|195|N|            |Y|1|00000070|0|00000000|1 MILE W. OF WAKEENEY                             
S|20|4LGSU7|3|2|22|1R|2|T|1|3|N|0|0| |14|N|0|0| |2|L| |P|098I0007000S| 20740|39023040| 99954370|    |      |64|00|195|N|            |Y|1|00000070|0|00000000|1 MILE W. OF WAKEENEY                             
S|20|4LGSU7|7|1|22|1R|2|T|1|3|N|0|0| |14|N|0|0| |2|L| |P|098I0007000S| 20740|39023040| 99954370|    |      |64|00|195|N|            |Y|1|00000070|0|00000000|1 MILE W. OF WAKEENEY                             
S|20|4LGSU7|7|2|22|1R|2|T|1|3|N|0|0| |14|N|0|0| |2|L| |P|098I0007000S| 20740|39023040| 99954370|    |      |64|00|195|N|            |Y|1|00000070|0|00000000|1 MILE W. OF WAKEENEY                             
S|20|4LLMV7|3|1|22|5R|1|T|1|3|N|0|0| |13|N|0|0| |2|L| |P|029R0025100X|      |37647050| 99851340|    |      |50|00|057|N|            |N|5|00000000|0|00000000|6 MILES W. OF FORD                                
S|20|4LLMV7|7|1|22|5R|1|T|1|3|N|0|0| |13|N|0|0| |2|L| |P|029R0025100X|      |37647050| 99851340|    |      |50|00|057|N|            |N|5|00000000|0|00000000|6 MILES W. OF FORD                                
S|20|5OCI21|1|1|22|4R|1|T|1|3|N|0|0| |14|N|0|0| |2|L| |P|049U0018300S| 13667|37519050| 99320510|    |      |51|00|097|N|            |N|2|00000183|0|00000000|7 MILES S. OF GREENSBURG                          
S|20|5OCI21|5|1|22|4R|1|T|1|3|N|0|0| |14|N|0|0| |2|L| |P|049U0018300S| 13667|37519050| 99320510|    |      |51|00|097|N|            |N|2|00000183|0|00000000|7 MILES S. OF GREENSBURG                          
S|20|5S5EU5|1|1|22|3R|1|T|1|3|N|0|0| |14|N|0|0| |2|L| |P|074U0018300S| 19763|39737700| 99309460|    |      |55|00|147|N|            |Y|2|00000183|0|00000000|1.2 MILES S. OF PHILLIPSBURG                      
S|20|5S5EU5|5|1|22|3R|1|T|1|3|N|0|0| |14|N|0|0| |2|L| |P|074U0018300S| 19763|39737700| 99309460|    |      |55|00|147|N|            |Y|2|00000183|0|00000000|1.2 MILES S. OF PHILLIPSBURG                      
S|20|60G1E6|3|1|22|3R|1|T|1|3|N|0|0| |14|N|0|0| |2|L| |P|073U0005600S| 19158|38109700| 99194130|    |      |64|00|145|N|            |Y|2|00000056|0|00000000|5 MILES S.W. OF LARNED                            
S|20|60G1E6|7|1|22|3R|1|T|1|3|N|0|0| |14|N|0|0| |2|L| |P|073U0005600S| 19158|38109700| 99194130|    |      |64|00|145|N|            |Y|2|00000056|0|00000000|5 MILES S.W. OF LARNED                            
S|20|61ILJ3|3|1|22|3R|1|T|1|3|N|0|0| |14|N|0|0| |2|L| |P|049U0005400S| 38619|37612940| 99130380|    |      |08|00|097|N|            |Y|2|00000054|2|00000400|1.5 MILES W. OF HAVILAND                          
S|20|61ILJ3|7|1|22|3R|1|T|1|3|N|0|0| |14|N|0|0| |2|L| |P|049U0005400S| 38619|37612940| 99130380|    |      |08|00|097|N|            |Y|2|00000054|2|00000400|1.5 MILES W. OF HAVILAND                          
S|20|6ULWT1|1|1|22|3R|1|T|1|3|N|0|0| |14|N|0|0| |2|L| |P|093U0028100S| 18411|38079120| 98747580|1009|      |98|00|185|N|            |Y|2|00000281|0|00000000|0.5 MILES S. OF ST. JOHN                          
S|20|6ULWT1|5|1|22|3R|1|T|1|3|N|0|0| |14|N|0|0| |2|L| |P|093U0028100S| 18411|38079120| 98747580|1009|      |98|00|185|N|            |Y|2|00000281|0|00000000|0.5 MILES S. OF ST. JOHN                          
S|20|70Y8I3|3|1|22|3R|1|T|1|3|N|0|0| |14|N|0|0| |2|L| |P|005U0005600S| 34247|38364420| 98343560|    |      |64|00|009|N|            |Y|2|00000056|0|00000000|5.5 MILES E. OF GREAT BEND                        
S|20|70Y8I3|7|1|22|3R|1|T|1|3|N|0|0| |14|N|0|0| |2|L| |P|005U0005600S| 34247|38364420| 98343560|    |      |64|00|009|N|            |Y|2|00000056|0|00000000|5.5 MILES E. OF GREAT BEND                        
S|20|76YNL3|3|1|22|1R|2|T|2|3| |2|3|F|13|B|2|4|T|2|L|N|P|084I0007000S| 99999|38857020| 95576380|    |      |99|00|167|Y|           N|Y|1|      70|1|00RS9999|I-70 E OF IC                                      
S|20|76YNL3|3|2|22|1R|2|T|2|3| |2|3|F|13|B|2|4|T|2|L|N|P|084I0007000S| 99999|38857020| 95576380|    |      |99|00|167|Y|           N|Y|1|      70|1|00RS9999|I-70 E OF IC                                      
S|20|76YNL3|7|1|22|1R|2|T|2|3| |2|3|F|13|B|2|4|T|2|L|N|P|084I0007000S| 99999|38857020| 95576380|    |      |99|00|167|Y|           N|Y|1|      70|1|00RS9999|I-70 E OF IC                                      
S|20|76YNL3|7|2|22|1R|2|T|2|3| |2|3|F|13|B|2|4|T|2|L|N|P|084I0007000S| 99999|38857020| 95576380|    |      |99|00|167|Y|           N|Y|1|      70|1|00RS9999|I-70 E OF IC                                      
S|20|7FGNB7|3|1|22|1R|2|T|1|3|N|0|0| |14|N|0|0| |2|L| |P|027I0007000S|   114|38848840| 98483740|    |      |64|00|053|N|            |Y|1|00000070|2|00000040|W. OF K-232 INTCHG. (WILSON)                      
S|20|7FGNB7|3|2|22|1R|2|T|1|3|N|0|0| |14|N|0|0| |2|L| |P|027I0007000S|   114|38848840| 98483740|    |      |64|00|053|N|            |Y|1|00000070|2|00000040|W. OF K-232 INTCHG. (WILSON)                      
S|20|7FGNB7|7|1|22|1R|2|T|1|3|N|0|0| |14|N|0|0| |2|L| |P|027I0007000S|   114|38848840| 98483740|    |      |64|00|053|N|            |Y|1|00000070|2|00000040|W. OF K-232 INTCHG. (WILSON)                      
S|20|7FGNB7|7|2|22|1R|2|T|1|3|N|0|0| |14|N|0|0| |2|L| |P|027I0007000S|   114|38848840| 98483740|    |      |64|00|053|N|            |Y|1|00000070|2|00000040|W. OF K-232 INTCHG. (WILSON)                      
S|20|7UOTC6|1|1|22|3R|1|T|1|3|N|1|3|F|13|B|1|4|T|2|L|N|P|078K0006100S| 11838|37862820| 98285410|    |      |51|00|155|Y|305000780000|Y|3|      61|3|MCS-7809|5 MILES S.W. OF ARLINGTON                         
S|20|7UOTC6|5|1|22|3R|1|T|1|3|N|1|3|F|13|B|1|4|T|2|L|N|P|078K0006100S| 11838|37862820| 98285410|    |      |51|00|155|Y|305000780000|Y|3|      61|3|MCS-7809|5 MILES S.W. OF ARLINGTON                         
S|20|7XRME7|3|1|22|3R|2|T|2|3|N|2|3|F|13|B|2|4|T|2|L|N|P|048U0005400S|  5060|37645040| 98372680|    |      |43|00|095|N|            |Y|2|      54|9|00000000|14 MILES W. OF KINGMAN                            
S|20|7XRME7|3|2|22|3R|2|T|2|3|N|2|3|F|13|B|2|4|T|2|L|N|P|048U0005400S|  5060|37645040| 98372680|    |      |43|00|095|N|            |Y|2|      54|9|00000000|14 MILES W. OF KINGMAN                            
S|20|7XRME7|7|1|22|3R|2|T|2|3|N|2|3|F|13|B|2|4|T|2|L|A|P|048U0005400S|  5060|37645040| 98372680|    |      |43|00|095|N|            |Y|2|      54|9|00000000|14 MILES W. OF KINGMAN                            
S|20|7XRME7|7|2|22|3R|2|T|2|3|N|2|3|F|13|B|2|4|T|2|L|N|P|048U0005400S|  5060|37645040| 98372680|    |      |43|00|095|N|            |Y|2|      54|9|00000000|14 MILES W. OF KINGMAN                            
S|20|7YG8T1|1|1|22|4R|1|T|1|3|N|0|0| |14|N|0|0| |2|L| |P|080K0001400S| 24304|38381490| 98201710|    |      |51|00|159|N|            |N|3|00000014|0|00000000|1 MILE N. OF LYONS                                
S|20|7YG8T1|5|1|22|4R|1|T|1|3|N|0|0| |14|N|0|0| |2|L| |P|080K0001400S| 24304|38381490| 98201710|    |      |51|00|159|N|            |N|3|00000014|0|00000000|1 MILE N. OF LYONS                                
S|20|7ZBFZ3|3|1|22|3R|1|T|1|3|N|0|0| |14|N|0|0| |2|L| |P|045U0003600S| 26397|39784620| 98185420|    |      |55|00|089|N|            |Y|2|00000036|0|00000000|1 MILE E. OF MANKATO                              
S|20|7ZBFZ3|7|1|22|3R|1|T|1|3|N|0|0| |14|N|0|0| |2|L| |P|045U0003600S| 26397|39784620| 98185420|    |      |55|00|089|N|            |Y|2|00000036|0|00000000|1 MILE E. OF MANKATO                              
S|20|82ATI7|3|1|22|4R|1|T|1|3|N|0|0| |14|N|0|0| |2|L| |P|053K0001800S| 29177|39052080| 98170000|    |      |55|00|105|N|            |N|3|00000018|0|00000000|0.5 MILES W. OF LINCOLN                           
S|20|82ATI7|7|1|22|4R|1|T|1|3|N|0|0| |14|N|0|0| |2|L| |P|053K0001800S| 29177|39052080| 98170000|    |      |55|00|105|N|            |N|3|00000018|0|00000000|0.5 MILES W. OF LINCOLN                           
S|20|84T4V5|1|1|22|4R|1|T|1|3|N|0|0| |14|N|0|0| |2|L| |P|062K0001400S| 22122|39385840| 98116350|    |      |64|00|123|N|            |N|3|00000014|0|00000000|3 MILES S. OF BELOIT                              
S|20|84T4V5|5|1|22|4R|1|T|1|3|N|0|0| |14|N|0|0| |2|L| |P|062K0001400S| 22122|39385840| 98116350|    |      |64|00|123|N|            |N|3|00000014|0|00000000|3 MILES S. OF BELOIT                              
S|20|84T4V7|3|1|22|5R|1|T|1|3|N|0|0| |13|N|0|0| |2|L| |P|062R0046300X|      |39423120| 98120230|    |      |86|00|123|N|            |N|5|00000000|0|00000000|2.5 MILES S.W.  OF BELOIT                         
S|20|84T4V7|7|1|22|5R|1|T|1|3|N|0|0| |13|N|0|0| |2|L| |P|062R0046300X|      |39423120| 98120230|    |      |86|00|123|N|            |N|5|00000000|0|00000000|2.5 MILES S.W.  OF BELOIT                         
S|20|8669X7|3|1|22|2R|1|T|1|3|N|1|3|F|13|B|1|4|T|2|L|N|P|039U0016000S| 13775|37238790| 98102640|    |      |51|00|077|N|            |N|2|     160|2|000000NW|6.2 MILES E. OF ATTICA                            
S|20|8669X7|7|1|22|2R|1|T|1|3|N|1|3|F|13|B|1|4|T|2|L|A|P|039U0016000S| 13775|37238790| 98102640|    |      |51|00|077|N|            |N|2|     160|2|000000NW|6.2 MILES E. OF ATTICA                            
S|20|8FVEL1|1|1|22|5R|1|T|1|3|N|0|0| |14|N|0|0| |2|L| |P|027K0014100S|   451|38569630| 97961600|    |      |59|00|053|N|            |N|3|00000141|0|00000000|2.8 MILES S. OF KANOPOLIS DAM                     
S|20|8FVEL1|5|1|22|5R|1|T|1|3|N|0|0| |14|N|0|0| |2|L| |P|027K0014100S|   451|38569630| 97961600|    |      |59|00|053|N|            |N|3|00000141|0|00000000|2.8 MILES S. OF KANOPOLIS DAM                     
S|20|8HON45|1|1|22|5R|1|T|1|3|N|0|0| |13|N|0|0| |2|L| |P|048R0030300X|      |37665770| 97935800|    |      |50|00|095|N|            |N|5|00000000|0|00000000|0.8 MI. S. OF US-54 & K14 JCT. (MIDWAY)           
S|20|8HON45|5|1|22|5R|1|T|1|3|N|0|0| |13|N|0|0| |2|L| |P|048R0030300X|      |37665770| 97935800|    |      |50|00|095|N|            |N|5|00000000|0|00000000|0.8 MI. S. OF US-54 & K14 JCT. (MIDWAY)           
S|20|91TFY5|1|1|22|3R|2|T|2|3|N|2|3|F|13|B|2|4|T|1|A|N|E|079U00081005|  9057|39770550| 97651610|    |      |99|00|157|Y|211000790000|Y|0|       0|0|00000000|2.5 Mi South of Belleville                        
S|20|91TFY5|1|2|22|3R|2|T|2|3|N|2|3|F|13|B|2|4|T|1|A|N|E|079U00081005|  9057|39770550| 97651610|    |      |99|00|157|Y|211000790000|Y|0|       0|0|00000000|2.5 Mi South of Belleville                        
S|20|91TFY5|5|1|22|3R|2|T|2|3|N|2|3|F|13|B|2|4|T|1|A|N|E|079U00081005|  9057|39770550| 97651610|    |      |99|00|157|Y|211000790000|Y|0|       0|0|00000000|2.5 Mi South of Belleville                        
S|20|91TFY5|5|2|22|3R|2|T|2|3|N|2|3|F|13|B|2|4|T|1|A|N|E|079U00081005|  9057|39770550| 97651610|    |      |99|00|157|Y|211000790000|Y|0|       0|0|00000000|2.5 Mi South of Belleville                        
S|20|94J8N1|1|1|22|1R|2|T|2|3|N|2|3|F|13|B|2|4|T|2|L|A|P|059I0013500S| 17910|38410070| 97620740|    |      |69|00|113|N|            |Y|1|     135|1|000US-56|0.5 MILES N. OF US 56 INTCHG. (MCPHERSON)         
S|20|94J8N1|1|2|22|1R|2|T|2|3|N|2|3|F|13|B|2|4|T|2|L|A|P|059I0013500S| 17910|38410070| 97620740|    |      |69|00|113|N|            |Y|1|     135|1|000US-56|0.5 MILES N. OF US 56 INTCHG. (MCPHERSON)         
S|20|94J8N1|5|1|22|1R|2|T|2|3|N|2|3|F|13|B|2|4|T|2|L|A|P|059I0013500S| 17910|38410070| 97620740|    |      |69|00|113|N|            |Y|1|     135|1|000US-56|0.5 MILES N. OF US 56 INTCHG. (MCPHERSON)         
S|20|94J8N1|5|2|22|1R|2|T|2|3|N|2|3|F|13|B|2|4|T|2|L|A|P|059I0013500S| 17910|38410070| 97620740|    |      |69|00|113|N|            |Y|1|     135|1|000US-56|0.5 MILES N. OF US 56 INTCHG. (MCPHERSON)         
S|20|95OII2|3|1|22|4R|1|T|1|3|N|0|0| |14|N|0|0| |2|L| |P|087K0004200S|  8003|37534800| 97587650|    |      |51|00|173|N|            |N|3|00000042|0|00000000|3 MILES N.E. OF VIOLA                             
S|20|95OII2|7|1|22|4R|1|T|1|3|N|0|0| |14|N|0|0| |2|L| |P|087K0004200S|  8003|37534800| 97587650|    |      |51|00|173|N|            |N|3|00000042|0|00000000|3 MILES N.E. OF VIOLA                             
S|20|96AMQ1|1|1|22|3U|2|T|1|3|N|0|0| |13|N|0|0| |2|L| |P|085L0000000W|      |38831600| 97593910|    |      |02|00|169|N|            |N|7|00000000|0|00000000|OHIO ST. N. OF WESTCHESTER DR.                    
S|20|96AMQ1|1|2|22|3U|2|T|1|3|N|0|0| |13|N|0|0| |2|L| |P|085L0000000W|      |38831600| 97593910|    |      |02|00|169|N|            |N|7|00000000|0|00000000|OHIO ST. N. OF WESTCHESTER DR.                    
S|20|96AMQ1|5|1|22|3U|3|T|1|3|N|0|0| |13|N|0|0| |2|L| |P|085L0000000W|      |38831600| 97593910|    |      |02|00|169|N|            |N|7|00000000|0|00000000|OHIO ST. N. OF WESTCHESTER DR.                    
S|20|96AMQ1|5|2|22|3U|3|T|1|3|N|0|0| |13|N|0|0| |2|L| |P|085L0000000W|      |38831600| 97593910|    |      |02|00|169|N|            |N|7|00000000|0|00000000|OHIO ST. N. OF WESTCHESTER DR.                    
S|20|96AMQ1|5|3|22|3U|3|T|1|3|N|0|0| |13|N|0|0| |2|L| |P|085L0000000W|      |38831600| 97593910|    |      |02|00|169|N|            |N|7|00000000|0|00000000|OHIO ST. N. OF WESTCHESTER DR.                    
S|20|9L08U5|1|1|22|4R|1|T|1|3|N|0|0| |14|N|0|0| |2|L| |P|096U0008100S| 38576|37180070| 97402070|    |      |55|00|191|N|            |N|2|00000081|0|00000000|4.1 MILES S. OF WELLINGTON                        
S|20|9L08U5|5|1|22|4R|1|T|1|3|N|0|0| |14|N|0|0| |2|L| |P|096U0008100S| 38576|37180070| 97402070|    |      |55|00|191|N|            |N|2|00000081|0|00000000|4.1 MILES S. OF WELLINGTON                        
S|20|9L0N61|1|1|22|1U|4|T|1|3| |0|0| |13| |0|0| |2|X| |P|087I0023500S|  6989|37682770| 97407020|    |      |75|00|173|Y|089500870000|Y|0|00000235|0|        |I 235 S. OF MAPLE ST                              
S|20|9L0N61|1|2|22|1U|4|T|1|3| |0|0| |13| |0|0| |2|X| |P|087I0023500S|  6989|37682770| 97407020|    |      |75|00|173|Y|089500870000|Y|0|00000235|0|        |I 235 S. OF MAPLE ST                              
S|20|9L0N61|1|3|22|1U|4|T|1|3| |0|0| |13| |0|0| |2|X| |P|087I0023500S|  6989|37682770| 97407020|    |      |75|00|173|Y|089500870000|Y|0|00000235|0|        |I 235 S. OF MAPLE ST                              
S|20|9L0N61|1|4|22|1U|4|T|1|3| |0|0| |13| |0|0| |2|X| |P|087I0023500S|  6989|37682770| 97407020|    |      |75|00|173|Y|089500870000|Y|0|00000235|0|        |I 235 S. OF MAPLE ST                              
S|20|9L0N61|5|1|22|1U|3|T|1|3| |0|0| |13| |0|0| |2|X| |P|087I0023500S|  6989|37682770| 97407020|    |      |75|00|173|Y|089500870000|Y|0|00000235|0|        |I 235 S. OF MAPLE ST                              
S|20|9L0N61|5|2|22|1U|3|T|1|3| |0|0| |13| |0|0| |2|X| |P|087I0023500S|  6989|37682770| 97407020|    |      |75|00|173|Y|089500870000|Y|0|00000235|0|        |I 235 S. OF MAPLE ST                              
S|20|9L0N61|5|3|22|1U|3|T|1|3| |0|0| |13| |0|0| |2|X| |P|087I0023500S|  6989|37682770| 97407020|    |      |75|00|173|Y|089500870000|Y|0|00000235|0|        |I 235 S. OF MAPLE ST                              
S|20|9LVN63|3|1|22|2U|4|T|1|3| |0|0| |13| |0|0| |2|L| |P|087U0005400S| 24013|37674130| 97381490|    |      |67|00|173|Y|130000870000|Y|0|00000054|0|        |KELLOGG E. OF WEST ST.                            
S|20|9LVN63|3|2|22|2U|4|T|1|3| |0|0| |13| |0|0| |2|L| |P|087U0005400S| 24013|37674130| 97381490|    |      |67|00|173|Y|130000870000|Y|0|00000054|0|        |KELLOGG E. OF WEST ST.                            
S|20|9LVN63|3|3|22|2U|4|T|1|3| |0|0| |13| |0|0| |2|L| |P|087U0005400S| 24013|37674130| 97381490|    |      |67|00|173|Y|130000870000|Y|0|00000054|0|        |KELLOGG E. OF WEST ST.                            
S|20|9LVN63|3|4|22|2U|4|T|1|3| |0|0| |13| |0|0| |2|L| |P|087U0005400S| 24013|37674130| 97381490|    |      |67|00|173|Y|130000870000|Y|0|00000054|0|        |KELLOGG E. OF WEST ST.                            
S|20|9LVN63|7|1|22|2U|4|T|1|3| |0|0| |13| |0|0| |2|L| |P|087U0005400S| 24013|37674130| 97381490|    |      |67|00|173|Y|130000870000|Y|0|00000054|0|        |KELLOGG E. OF WEST ST.                            
S|20|9LVN63|7|2|22|2U|4|T|1|3| |0|0| |13| |0|0| |2|L| |P|087U0005400S| 24013|37674130| 97381490|    |      |67|00|173|Y|130000870000|Y|0|00000054|0|        |KELLOGG E. OF WEST ST.                            
S|20|9LVN63|7|3|22|2U|4|T|1|3| |0|0| |13| |0|0| |2|L| |P|087U0005400S| 24013|37674130| 97381490|    |      |67|00|173|Y|130000870000|Y|0|00000054|0|        |KELLOGG E. OF WEST ST.                            
S|20|9LVN63|7|4|22|2U|4|T|1|3| |0|0| |13| |0|0| |2|L| |P|087U0005400S| 24013|37674130| 97381490|    |      |67|00|173|Y|130000870000|Y|0|00000054|0|        |KELLOGG E. OF WEST ST.                            
S|20|9POOK3|3|1|22|3U|2|T|1|3|N|0|0| |13|N|0|0| |2|L| |P|087L0000000W|      |37722700| 97325790|    |      |74|00|173|N|            |N|7|00000000|0|00000000|21ST ST E. OF WASHINGTON                          
S|20|9POOK3|3|2|22|3U|2|T|1|3|N|0|0| |13|N|0|0| |2|L| |P|087L0000000W|      |37722700| 97325790|    |      |74|00|173|N|            |N|7|00000000|0|00000000|21ST ST E. OF WASHINGTON                          
S|20|9POOK3|7|1|22|3U|2|T|1|3|N|0|0| |13|N|0|0| |2|L| |P|087L0000000W|      |37722700| 97325790|    |      |74|00|173|N|            |N|7|00000000|0|00000000|21ST ST E. OF WASHINGTON                          
S|20|9POOK3|7|2|22|3U|2|T|1|3|N|0|0| |13|N|0|0| |2|L| |P|087L0000000W|      |37722700| 97325790|    |      |74|00|173|N|            |N|7|00000000|0|00000000|21ST ST E. OF WASHINGTON                          
S|20|9Q9OK1|1|1|22|1R|4|T|4|3|N|4|3|F|13|B|4|4|T|1|A|N|E|087I0013500S|  9631|37730600| 97316600|    |      |98|00|173|Y|008650087000|Y|1|     135|1|00C-6500|I-135 N. of 21ST ST                               
S|20|9Q9OK1|1|2|22|1R|4|T|4|3|N|4|3|F|13|B|4|4|T|1|A|N|E|087I0013500S|  9631|37730600| 97316600|    |      |98|00|173|Y|008650087000|Y|1|     135|1|00C-6500|I-135 N. of 21ST ST                               
S|20|9Q9OK1|1|3|22|1R|4|T|4|3|N|4|3|F|13|B|4|4|T|1|A|N|E|087I0013500S|  9631|37730600| 97316600|    |      |98|00|173|Y|008650087000|Y|1|     135|1|00C-6500|I-135 N. of 21ST ST                               
S|20|9Q9OK1|1|4|22|1R|4|T|4|3|N|4|3|F|13|B|4|4|T|1|A|N|E|087I0013500S|  9631|37730600| 97316600|    |      |98|00|173|Y|008650087000|Y|1|     135|1|00C-6500|I-135 N. of 21ST ST                               
S|20|9Q9OK1|5|1|22|1R|3|T|3|3|N|3|3|F|13|B|3|4|T|1|A|N|E|087I0013500S|  9631|37730600| 97316600|    |      |98|00|173|Y|008650087000|Y|1|     135|1|00C-6500|I-135 N. of 21ST ST                               
S|20|9Q9OK1|5|2|22|1R|3|T|3|3|N|3|3|F|13|B|3|4|T|1|A|N|E|087I0013500S|  9631|37730600| 97316600|    |      |98|00|173|Y|008650087000|Y|1|     135|1|00C-6500|I-135 N. of 21ST ST                               
S|20|9Q9OK1|5|3|22|1R|3|T|3|3|N|3|3|F|13|B|3|4|T|1|A|N|E|087I0013500S|  9631|37730600| 97316600|    |      |98|00|173|Y|008650087000|Y|1|     135|1|00C-6500|I-135 N. of 21ST ST                               
S|20|9ROO75|1|1|22|3U|2|T|1|3|N|0|0| |13|N|0|0| |2|L| |P|087L0000000W|      |37711170| 97298920|    |      |75|00|173|N|            |N|7|00000000|0|00000000|HILLSIDE S. OF 15TH ST                            
S|20|9ROO75|1|2|22|3U|2|T|1|3|N|0|0| |13|N|0|0| |2|L| |P|087L0000000W|      |37711170| 97298920|    |      |75|00|173|N|            |N|7|00000000|0|00000000|HILLSIDE S. OF 15TH ST                            
S|20|9ROO75|5|1|22|3U|2|T|1|3|N|0|0| |13|N|0|0| |2|L| |P|087L0000000W|      |37711170| 97298920|    |      |75|00|173|N|            |N|7|00000000|0|00000000|HILLSIDE S. OF 15TH ST                            
S|20|9ROO75|5|2|22|3U|2|T|1|3|N|0|0| |13|N|0|0| |2|L| |P|087L0000000W|      |37711170| 97298920|    |      |75|00|173|N|            |N|7|00000000|0|00000000|HILLSIDE S. OF 15TH ST                            
S|20|9SS002|3|1|22|3R|1|T|1|3|N|0|0| |14|N|0|0| |2|L| |P|040U0005000S| 41025|38092190| 97285350|    |      |37|00|079|N|            |Y|2|00000050|0|00000000|3 MILES N.E. OF NEWTON                            
S|20|9SS002|7|1|22|3R|1|T|1|3|N|0|0| |14|N|0|0| |2|L| |P|040U0005000S| 41025|38092190| 97285350|    |      |37|00|079|N|            |Y|2|00000050|0|00000000|3 MILES N.E. OF NEWTON                            
S|20|9TCO37|3|1|22|4U|2|T|1|3|N|0|0| |13|N|0|0| |2|L| |P|087L0000000W|      |37708250| 97276390|    |      |67|00|173|N|            |N|7|00000000|0|00000000|13TH ST W. OF PINECREST                           
S|20|9TCO37|3|2|22|4U|2|T|1|3|N|0|0| |13|N|0|0| |2|L| |P|087L0000000W|      |37708250| 97276390|    |      |67|00|173|N|            |N|7|00000000|0|00000000|13TH ST W. OF PINECREST                           
S|20|9TCO37|7|1|22|4U|2|T|1|3|N|0|0| |13|N|0|0| |2|L| |P|087L0000000W|      |37708250| 97276390|    |      |67|00|173|N|            |N|7|00000000|0|00000000|13TH ST W. OF PINECREST                           
S|20|9TCO37|7|2|22|4U|2|T|1|3|N|0|0| |13|N|0|0| |2|L| |P|087L0000000W|      |37708250| 97276390|    |      |67|00|173|N|            |N|7|00000000|0|00000000|13TH ST W. OF PINECREST                           
S|20|9VONM5|1|1|22|3U|2|T|1|3|N|0|0| |13|N|0|0| |2|L| |P|087L0000000W|      |37692030| 97244610|    |      |74|00|173|N|            |N|7|00000000|0|00000000|ROCK RD. S. OF CENTRAL AVE                        
S|20|9VONM5|1|2|22|3U|2|T|1|3|N|0|0| |13|N|0|0| |2|L| |P|087L0000000W|      |37692030| 97244610|    |      |74|00|173|N|            |N|7|00000000|0|00000000|ROCK RD. S. OF CENTRAL AVE                        
S|20|9VONM5|5|1|22|3U|4|T|1|3|N|0|0| |13|N|0|0| |2|L| |P|087L0000000W|      |37692030| 97244610|    |      |74|00|173|N|            |N|7|00000000|0|00000000|ROCK RD. S. OF CENTRAL AVE                        
S|20|9VONM5|5|2|22|3U|4|T|1|3|N|0|0| |13|N|0|0| |2|L| |P|087L0000000W|      |37692030| 97244610|    |      |74|00|173|N|            |N|7|00000000|0|00000000|ROCK RD. S. OF CENTRAL AVE                        
S|20|9VONM5|5|3|22|3U|4|T|1|3|N|0|0| |13|N|0|0| |2|L| |P|087L0000000W|      |37692030| 97244610|    |      |74|00|173|N|            |N|7|00000000|0|00000000|ROCK RD. S. OF CENTRAL AVE                        
S|20|9VONM5|5|4|22|3U|4|T|1|3|N|0|0| |13|N|0|0| |2|L| |P|087L0000000W|      |37692030| 97244610|    |      |74|00|173|N|            |N|7|00000000|0|00000000|ROCK RD. S. OF CENTRAL AVE                        
S|20|A0OOS8|3|1|22|2U|2|T|1|3|N|0|0| |14|N|0|0| |2|L| |P|087K0009600S| 51500|37729800| 97206760|    |      |94|00|173|N|            |Y|3|00000096|0|00000000|K-96 E. OF GREENWICH RD.                          
S|20|A0OOS8|3|2|22|2U|2|T|1|3|N|0|0| |14|N|0|0| |2|L| |P|087K0009600S| 51500|37729800| 97206760|    |      |94|00|173|N|            |Y|3|00000096|0|00000000|K-96 E. OF GREENWICH RD.                          
S|20|A0OOS8|7|1|22|2U|2|T|1|3|N|0|0| |14|N|0|0| |2|L| |P|087K0009600S| 51500|37729800| 97206760|    |      |94|00|173|N|            |Y|3|00000096|0|00000000|K-96 E. OF GREENWICH RD.                          
S|20|A0OOS8|7|2|22|2U|2|T|1|3|N|0|0| |14|N|0|0| |2|L| |P|087K0009600S| 51500|37729800| 97206760|    |      |94|00|173|N|            |Y|3|00000096|0|00000000|K-96 E. OF GREENWICH RD.                          
S|20|A229D7|3|1|22|5R|1|T|1|3|N|0|0| |14|N|0|0| |2|L| |P|014K0000900S| 10519|39566530| 97163180|    |      |51|00|027|N|            |N|3|00000009|0|00000000|5.8 MILES E. OF CLIFTON                           
S|20|A229D7|7|1|22|5R|1|T|1|3|N|0|0| |14|N|0|0| |2|L| |P|014K0000900S| 10519|39566530| 97163180|    |      |51|00|027|N|            |N|3|00000009|0|00000000|5.8 MILES E. OF CLIFTON                           
S|20|A3E5F1|1|1|22|4R|1|T|1|3|N|0|0| |14|N|0|0| |2|L| |P|014K0001500S| 34269|39440740| 97127400|    |      |43|00|027|N|            |N|3|00000015|0|00000000|3.3 MILES N. OF CLAY CENTER                       
S|20|A3E5F1|5|1|22|4R|1|T|1|3|N|0|0| |14|N|0|0| |2|L| |P|014K0001500S| 34269|39440740| 97127400|    |      |43|00|027|N|            |N|3|00000015|0|00000000|3.3 MILES N. OF CLAY CENTER                       
S|20|AB5GX3|3|1|22|3R|1|T|1|3|N|1|3|F|13|B|1|4|T|2|L|N|P|101U00036000|      |39813190| 97012750|    |      |09|00|201|N|            |Y|2|      36|2|00000000|US-36 E OF Sunflower,  2 MI E OF WASHINGTON       
S|20|AB5GX3|7|1|22|3R|1|T|1|3|N|1|3|F|13|B|1|4|T|2|L|N|P|101U00036000|      |39813190| 97012750|    |      |09|00|201|N|            |Y|2|      36|2|00000000|US-36 E OF Sunflower,  2 MI E OF WASHINGTON       
S|20|ACC755|1|1|22|3R|2|T|2|3|N|2|0| |13|N|2|0| |2|L| |P|018U0007700S|      |37129740| 97034100|    |      |73|00|000|N|           2|N|2|      77|0|       0|3.7 MILES N. OF ARKANSAS CITY                     
S|20|ACC755|1|2|22|3R|2|T|2|3|N|2|0| |13|N|2|0| |2|L| |P|018U0007700S|      |37129740| 97034100|    |      |73|00|000|N|           2|N|2|      77|0|       0|3.7 MILES N. OF ARKANSAS CITY                     
S|20|ACC755|5|1|22|3R|2|T|2|3|N|2|0| |13|N|2|0| |2|L| |P|018U0007700S|      |37129740| 97034100|    |      |73|00|000|N|           2|N|2|      77|0|       0|3.7 MILES N. OF ARKANSAS CITY                     
S|20|ACC755|5|2|22|3R|2|T|2|3|N|2|0| |13|N|2|0| |2|L| |P|018U0007700S|      |37129740| 97034100|    |      |73|00|000|N|           2|N|2|      77|0|       0|3.7 MILES N. OF ARKANSAS CITY                     
S|20|AGSRY2|3|1|22|1R|2|T|1|3|N|0|0| |14|N|0|0| |2|L| |P|031I0007000S|  1669|39000700| 96903260|    |      |64|00|061|N|            |Y|1|00000070|0|00000000|4.5 MILES S.W. OF JUNCTION CITY                   
S|20|AGSRY2|3|2|22|1R|2|T|1|3|N|0|0| |14|N|0|0| |2|L| |P|031I0007000S|  1669|39000700| 96903260|    |      |64|00|061|N|            |Y|1|00000070|0|00000000|4.5 MILES S.W. OF JUNCTION CITY                   
S|20|AGSRY2|7|1|22|1R|2|T|1|3|N|0|0| |14|N|0|0| |2|L| |P|031I0007000S|  1669|39000700| 96903260|    |      |64|00|061|N|            |Y|1|00000070|0|00000000|4.5 MILES S.W. OF JUNCTION CITY                   
S|20|AGSRY2|7|2|22|1R|2|T|1|3|N|0|0| |14|N|0|0| |2|L| |P|031I0007000S|  1669|39000700| 96903260|    |      |64|00|061|N|            |Y|1|00000070|0|00000000|4.5 MILES S.W. OF JUNCTION CITY                   
S|20|AJASZ3|3|1|22|4R|1|T|1|3|N|0|0| |14|N|0|0| |2|L| |P|031K0001800S|  5773|39030280| 96905030|    |      |51|00|061|N|            |N|3|00000018|0|00000000|1.8 MILES W. OF JUNCTION CITY                     
S|20|AJASZ3|7|1|22|4R|1|T|1|3|N|0|0| |14|N|0|0| |2|L| |P|031K0001800S|  5773|39030280| 96905030|    |      |51|00|061|N|            |N|3|00000018|0|00000000|1.8 MILES W. OF JUNCTION CITY                     
S|20|AN1QO1|1|1|22|3R|1|T|1|3|N|0|0| |14|N|0|0| |2|L| |P|031U0007700S|  8142|38956850| 96857220|    |      |66|00|061|Y|198500310000|Y|2|00000077|0|00000000|4 MILES S. OF JUNCTION CITY                       
S|20|AN1QO1|5|1|22|3R|1|T|1|3|N|0|0| |14|N|0|0| |2|L| |P|031U0007700S|  8142|38956850| 96857220|    |      |66|00|061|Y|198500310000|Y|2|00000077|0|00000000|4 MILES S. OF JUNCTION CITY                       
S|20|AOUTD5|1|1|22|3R|3|T|1|3|N|0|0| |14|N|0|0| |2|L| |P|008U0007700S| 55812|37858780| 96849750|    |      |40|00|015|N|            |Y|2|00000077|0|00000000|2 MILES N. OF EL DORADO                           
S|20|AOUTD5|1|2|22|3R|3|T|1|3|N|0|0| |14|N|0|0| |2|L| |P|008U0007700S| 55812|37858780| 96849750|    |      |40|00|015|N|            |Y|2|00000077|0|00000000|2 MILES N. OF EL DORADO                           
S|20|AOUTD5|1|3|22|3R|3|T|1|3|N|0|0| |14|N|0|0| |2|L| |P|008U0007700S| 55812|37858780| 96849750|    |      |40|00|015|N|            |Y|2|00000077|0|00000000|2 MILES N. OF EL DORADO                           
S|20|AOUTD5|5|1|22|3R|2|T|1|3|N|0|0| |14|N|0|0| |2|L| |P|008U0007700S| 55812|37858780| 96849750|    |      |40|00|015|N|            |Y|2|00000077|0|00000000|2 MILES N. OF EL DORADO                           
S|20|AOUTD5|5|2|22|3R|2|T|1|3|N|0|0| |14|N|0|0| |2|L| |P|008U0007700S| 55812|37858780| 96849750|    |      |40|00|015|N|            |Y|2|00000077|0|00000000|2 MILES N. OF EL DORADO                           
S|20|AW9N83|3|1|22|3R|1|T|1|3|N|1|3|F|13|B|1|4|T|2|L|N|P|008U0040000S| 23168|37665190| 96742100|    |      |51|00|015|N|            |Y|2|     400|9|00000000|1.5 MILES E. OF LEON                              
S|20|AW9N83|7|1|22|3R|1|T|1|3|N|1|3|F|13|B|1|4|T|2|L|N|P|008U0040000S| 23168|37665190| 96742100|    |      |51|00|015|N|            |Y|2|     400|9|00000000|1.5 MILES E. OF LEON                              
S|20|AY7VU2|3|1|22|3R|2|T|1|3|N|0|0| |13|N|0|0| |2|L| |P|081K0001800S|  2319|39123310| 96692000|    |      |51|00|161|N|            |N|3|00000018|0|00000000|0.7 MILES N.E. OF OGDEN                           
S|20|AY7VU2|3|2|22|3R|2|T|1|3|N|0|0| |13|N|0|0| |2|L| |P|081K0001800S|  2319|39123310| 96692000|    |      |51|00|161|N|            |N|3|00000018|0|00000000|0.7 MILES N.E. OF OGDEN                           
S|20|AY7VU2|7|1|22|3R|2|T|1|3|N|0|0| |13|N|0|0| |2|L| |P|081K0001800S|  2319|39123310| 96692000|    |      |51|00|161|N|            |N|3|00000018|0|00000000|0.7 MILES N.E. OF OGDEN                           
S|20|AY7VU2|7|2|22|3R|2|T|1|3|N|0|0| |13|N|0|0| |2|L| |P|081K0001800S|  2319|39123310| 96692000|    |      |51|00|161|N|            |N|3|00000018|0|00000000|0.7 MILES N.E. OF OGDEN                           
S|20|B4SZR5|3|1|22|3R|2|T|2|3|N|2|0| |14|N|2|0| |2|L| |P|081U0002400S|      |39236040| 96588570|    |      |64|00|161|N|            |N|2|      24|0|       0|4 MILES N. OF MANHATTAN                           
S|20|B4SZR5|3|2|22|3R|2|T|2|3|N|2|0| |14|N|2|0| |2|L| |P|081U0002400S|      |39236040| 96588570|    |      |64|00|161|N|            |N|2|      24|0|       0|4 MILES N. OF MANHATTAN                           
S|20|B4SZR5|7|1|22|3R|2|T|2|3|N|2|0| |14|N|2|0| |2|L| |P|081U0002400S|      |39236040| 96588570|    |      |64|00|161|N|            |N|2|      24|0|       0|4 MILES N. OF MANHATTAN                           
S|20|B4SZR5|7|2|22|3R|2|T|2|3|N|2|0| |14|N|2|0| |2|L| |P|081U0002400S|      |39236040| 96588570|    |      |64|00|161|N|            |N|2|      24|0|       0|4 MILES N. OF MANHATTAN                           
S|20|BHBI13|3|1|22|3R|1|T|1|3|N|0|0| |14|N|0|0| |2|L| |P|058U0003600S| 31711|39842020| 96375300|    |      |40|00|117|N|            |Y|2|00000036|0|00000000|13 MILES E. OF MARYSVILLE                         
S|20|BHBI13|7|1|22|3R|1|T|1|3|N|0|0| |14|N|0|0| |2|L| |P|058U0003600S| 31711|39842020| 96375300|    |      |40|00|117|N|            |Y|2|00000036|0|00000000|13 MILES E. OF MARYSVILLE                         
S|20|C0V8B1|1|1|22|4R|1|T|1|3|N|0|0| |14|N|0|0| |2|L| |P|056K0009900S| 21662|38352100| 96180340|    |      |64|00|111|N|            |N|3|00000099|0|00000000|2.9 MILES S. OF EMPORIA                           
S|20|C0V8B1|5|1|22|4R|1|T|1|3|N|0|0| |14|N|0|0| |2|L| |P|056K0009900S| 21662|38352100| 96180340|    |      |64|00|111|N|            |N|3|00000099|0|00000000|2.9 MILES S. OF EMPORIA                           
S|20|CB1U73|3|1|22|1R|2|T|2|3|N|2|3|F|13|B|2|4|T|1|A|N|P|099I0007000S| 23825|39058470| 95974390|    |      |51|00|197|Y|000950099000|Y|1|      70|0|00000000|E OF MAPLE HILL                                   
S|20|CB1U73|3|2|22|1R|2|T|2|3|N|2|3|F|13|B|2|4|T|1|A|N|P|099I0007000S| 23825|39058470| 95974390|    |      |51|00|197|Y|000950099000|Y|1|      70|0|00000000|E OF MAPLE HILL                                   
S|20|CB1U73|7|1|22|1R|2|T|2|3|N|2|3|F|13|B|2|4|T|1|A|N|P|099I0007000S| 23825|39058470| 95974390|    |      |51|00|197|Y|000950099000|Y|1|      70|0|00000000|E OF MAPLE HILL                                   
S|20|CB1U73|7|2|22|1R|2|T|2|3|N|2|3|F|13|B|2|4|T|1|A|N|P|099I0007000S| 23825|39058470| 95974390|    |      |51|00|197|Y|000950099000|Y|1|      70|0|00000000|E OF MAPLE HILL                                   
S|20|CCMXA8|3|1|22|3R|1|T|1|3|N|0|0| |14|N|0|0| |2|L| |P|089U0002400S|  6648|39156170| 95989790|    |      |38|00|177|Y|186000890000|Y|2|00000024|0|00000000|1 MILE N.W. OF ROSSVILLE                          
S|20|CCMXA8|7|1|22|3R|1|T|1|3|N|0|0| |14|N|0|0| |2|L| |P|089U0002400S|  6648|39156170| 95989790|    |      |38|00|177|Y|186000890000|Y|2|00000024|0|00000000|1 MILE N.W. OF ROSSVILLE                          
S|20|CF0577|3|1|22|3R|1|T|1|3|N|0|0| |14|N|0|0| |2|L| |P|010U0016600S| 45520|37068720| 96031860|    |C905G3|53|00|019|N|            |Y|2|00000166|0|00000000|0.5 MILES W. OF NIOTAZE                           
S|20|CF0577|7|1|22|3R|1|T|1|3|N|0|0| |14|N|0|0| |2|L| |P|010U0016600S| 45520|37068720| 96031860|    |C905G3|53|00|019|N|            |Y|2|00000166|0|00000000|0.5 MILES W. OF NIOTAZE                           
S|20|CILSS5|1|1|22|5R|1|T|1|3|N|0|0| |14|N|0|0| |2|L| |P|104K0010500S| 16221|37819800| 95952350|    |      |60|00|207|N|            |N|3|00000105|0|00000000|2 MILES N. OF TORONTO                             
S|20|CILSS5|5|1|22|5R|1|T|1|3|N|0|0| |14|N|0|0| |2|L| |P|104K0010500S| 16221|37819800| 95952350|    |      |60|00|207|N|            |N|3|00000105|0|00000000|2 MILES N. OF TORONTO                             
S|20|CO1AY7|3|1|22|1R|2|T|1|3|N|0|0| |14|N|0|0| |2|L| |P|016I0003500S|  5040|38425450| 95895460|    |      |74|00|031|N|            |Y|1|00000035|2|00000050|2 MILES W. OF K- 131 INTCHG. N. OF LEBO           
S|20|CO1AY7|3|2|22|1R|2|T|1|3|N|0|0| |14|N|0|0| |2|L| |P|016I0003500S|  5040|38425450| 95895460|    |      |74|00|031|N|            |Y|1|00000035|2|00000050|2 MILES W. OF K- 131 INTCHG. N. OF LEBO           
S|20|CO1AY7|7|1|22|1R|2|T|1|3|N|0|0| |14|N|0|0| |2|L| |P|016I0003500S|  5040|38425450| 95895460|    |      |74|00|031|N|            |Y|1|00000035|2|00000050|2 MILES W. OF K- 131 INTCHG. N. OF LEBO           
S|20|CO1AY7|7|2|22|1R|2|T|1|3|N|0|0| |14|N|0|0| |2|L| |P|016I0003500S|  5040|38425450| 95895460|    |      |74|00|031|N|            |Y|1|00000035|2|00000050|2 MILES W. OF K- 131 INTCHG. N. OF LEBO           
S|20|CTGTW8|3|1|22|1U|2|T|1|3|N|0|0| |14|N|0|0| |2|L| |P|089I0047000S|   997|39045470| 95767320|    |      |93|00|177|N|            |Y|1|00000470|0|00000000|I 470 N.W. OF HUNTOON                             
S|20|CTGTW8|3|2|22|1U|2|T|1|3|N|0|0| |14|N|0|0| |2|L| |P|089I0047000S|   997|39045470| 95767320|    |      |93|00|177|N|            |Y|1|00000470|0|00000000|I 470 N.W. OF HUNTOON                             
S|20|CTGTW8|7|1|22|1U|2|T|1|3|N|0|0| |14|N|0|0| |2|L| |P|089I0047000S|   997|39045470| 95767320|    |      |93|00|177|N|            |Y|1|00000470|0|00000000|I 470 N.W. OF HUNTOON                             
S|20|CTGTW8|7|2|22|1U|2|T|1|3|N|0|0| |14|N|0|0| |2|L| |P|089I0047000S|   997|39045470| 95767320|    |      |93|00|177|N|            |Y|1|00000470|0|00000000|I 470 N.W. OF HUNTOON                             
S|20|CTH9G5|1|1|22|3R|1|T|1|3|N|0|0| |14|N|0|0| |2|L| |P|043U0007500S| 28688|39528260| 95748150|    |      |59|00|085|N|            |Y|2|00000075|0|00000000|5.8 MILES N. OF HOLTON                            
S|20|CTH9G5|5|1|22|3R|1|T|1|3|N|0|0| |14|N|0|0| |2|L| |P|043U0007500S| 28688|39528260| 95748150|    |      |59|00|085|N|            |Y|2|00000075|0|00000000|5.8 MILES N. OF HOLTON                            
S|20|CTQID1|1|1|22|3R|1|T|1|3|N|1|3|F|13|N|1|1|T|2|L|L|P|007U0007500S| 14248|39853900| 95751940|    |      |05|00|013|N|            |Y|2|      75|9|00000000|1.2 MILES N. OF US-36 I.C.                        
S|20|CTQID1|5|1|22|3R|1|T|1|3|N|1|3|F|13|N|1|1|T|2|L|L|P|007U0007500S| 14248|39853900| 95751940|    |      |05|00|013|N|            |Y|2|      75|9|00000000|1.2 MILES N. OF US-36 I.C.                        
S|20|CV64B3|3|1|22|3R|1|N|1|3|N|1|3|F|13|T|1|4|T|2|Q|Q|P|063U0016600S|      |39030410| 95403900|    |      |10|00|125|N|            |N|2|     166|9|00000000|US-166 East of Tyro turnout                       
S|20|CV64B3|7|1|22|3R|1|N|1|3|N|1|3|F|13|T|1|4|T|2|Q|Q|P|063U0016600S|      |39030410| 95403900|    |      |10|00|125|N|            |N|2|     166|9|00000000|US-166 East of Tyro turnout                       
S|20|CXJUQ3|3|1|22|1U|2|T|1|3|N|0|0| |14|N|0|0| |2|L| |P|089I0007000S| 22500|39065510| 95688020|    |      |93|00|177|Y|051500890000|Y|1|00000070|0|00000000|I 70 E. OF MACVICAR ST.                           
S|20|CXJUQ3|3|2|22|1U|2|T|1|3|N|0|0| |14|N|0|0| |2|L| |P|089I0007000S| 22500|39065510| 95688020|    |      |93|00|177|Y|051500890000|Y|1|00000070|0|00000000|I 70 E. OF MACVICAR ST.                           
S|20|CXJUQ3|7|1|22|1U|2|T|1|3|N|0|0| |14|N|0|0| |2|L| |P|089I0007000S| 22500|39065510| 95688020|    |      |93|00|177|Y|051500890000|Y|1|00000070|0|00000000|I 70 E. OF MACVICAR ST.                           
S|20|CXJUQ3|7|2|22|1U|2|T|1|3|N|0|0| |14|N|0|0| |2|L| |P|089I0007000S| 22500|39065510| 95688020|    |      |93|00|177|Y|051500890000|Y|1|00000070|0|00000000|I 70 E. OF MACVICAR ST.                           
S|20|CXOU81|1|1|22|3R|1|T|1|3|N|0|0| |14|N|0|0| |2|L| |P|104U0007500S| 20461|37901030| 95739200|    |      |38|00|207|N|            |Y|2|00000075|0|00000000|1 MILE N. OF YATES CENTER                         
S|20|CXOU81|5|1|22|3R|1|T|1|3|N|0|0| |14|N|0|0| |2|L| |P|104U0007500S| 20461|37901030| 95739200|    |      |38|00|207|N|            |Y|2|00000075|0|00000000|1 MILE N. OF YATES CENTER                         
S|20|CXSRG1|1|1|22|2U|2|T|1|3|N|0|0| |14|N|0|0| |2|L| |P|089U0007500S|  9539|38982180| 95702980|    |      |97|00|177|N|            |Y|2|00000075|0|00000000|US 75 N. OF S.W.  57TH                            
S|20|CXSRG1|1|2|22|2U|2|T|1|3|N|0|0| |14|N|0|0| |2|L| |P|089U0007500S|  9539|38982180| 95702980|    |      |97|00|177|N|            |Y|2|00000075|0|00000000|US 75 N. OF S.W.  57TH                            
S|20|CXSRG1|5|1|22|2U|2|T|1|3|N|0|0| |14|N|0|0| |2|L| |P|089U0007500S|  9539|38982180| 95702980|    |      |97|00|177|N|            |Y|2|00000075|0|00000000|US 75 N. OF S.W.  57TH                            
S|20|CXSRG1|5|2|22|2U|2|T|1|3|N|0|0| |14|N|0|0| |2|L| |P|089U0007500S|  9539|38982180| 95702980|    |      |97|00|177|N|            |Y|2|00000075|0|00000000|US 75 N. OF S.W.  57TH                            
S|20|D04HI3|3|1|22|4R|1|T|1|3|N|0|0| |14|N|0|0| |2|L| |P|070K0026800S|   161|38637540| 95661270|    |      |70|00|139|N|            |N|3|00000268|0|00000000|0.1 MILES E. OF US 75                             
S|20|D04HI3|7|1|22|4R|1|T|1|3|N|0|0| |14|N|0|0| |2|L| |P|070K0026800S|   161|38637540| 95661270|    |      |70|00|139|N|            |N|3|00000268|0|00000000|0.1 MILES E. OF US 75                             
S|20|D07UW1|1|1|22|3U|2|T|1|3|N|0|0| |13|N|0|0| |2|L| |P|089C0555100W|      |39076750| 95669050|    |      |03|00|177|N|            |N|7|00000000|0|00000000|TOPEKA BLVD. NORTH OF PARAMORE ST.                
S|20|D07UW1|1|2|22|3U|2|T|1|3|N|0|0| |13|N|0|0| |2|L| |P|089C0555100W|      |39076750| 95669050|    |      |03|00|177|N|            |N|7|00000000|0|00000000|TOPEKA BLVD. NORTH OF PARAMORE ST.                
S|20|D07UW1|5|1|22|3U|3|T|1|3|N|0|0| |13|N|0|0| |2|L| |P|089C0555100W|      |39076750| 95669050|    |      |03|00|177|N|            |N|7|00000000|0|00000000|TOPEKA BLVD. NORTH OF PARAMORE ST.                
S|20|D07UW1|5|2|22|3U|3|T|1|3|N|0|0| |13|N|0|0| |2|L| |P|089C0555100W|      |39076750| 95669050|    |      |03|00|177|N|            |N|7|00000000|0|00000000|TOPEKA BLVD. NORTH OF PARAMORE ST.                
S|20|D07UW1|5|3|22|3U|3|T|1|3|N|0|0| |13|N|0|0| |2|L| |P|089C0555100W|      |39076750| 95669050|    |      |03|00|177|N|            |N|7|00000000|0|00000000|TOPEKA BLVD. NORTH OF PARAMORE ST.                
S|20|D0KI01|1|1|22|5R|1|T|1|3|N|0|0| |13|N|0|0| |2|L| |P|007R0006100X|      |39825110| 95642600|    |      |50|00|013|N|            |N|5|00000000|0|00000000|6.5 MILES S.W. OF HIAWATHA                        
S|20|D0KI01|5|1|22|5R|1|T|1|3|N|0|0| |13|N|0|0| |2|L| |P|007R0006100X|      |39825110| 95642600|    |      |50|00|013|N|            |N|5|00000000|0|00000000|6.5 MILES S.W. OF HIAWATHA                        
S|20|D0YS73|3|1|22|4U|3|T|1|3|N|0|0| |13|N|0|0| |2|L| |P|089C0555000W|      |38986060| 95659810|    |      |04|00|177|N|            |N|7|00000000|0|00000000|45TH ST.  E. OF INDIANA                           
S|20|D0YS73|3|2|22|4U|3|T|1|3|N|0|0| |13|N|0|0| |2|L| |P|089C0555000W|      |38986060| 95659810|    |      |04|00|177|N|            |N|7|00000000|0|00000000|45TH ST.  E. OF INDIANA                           
S|20|D0YS73|3|3|22|4U|3|T|1|3|N|0|0| |13|N|0|0| |2|L| |P|089C0555000W|      |38986060| 95659810|    |      |04|00|177|N|            |N|7|00000000|0|00000000|45TH ST.  E. OF INDIANA                           
S|20|D0YS73|7|1|22|4U|2|T|1|3|N|0|0| |13|N|0|0| |2|L| |P|089C0555000W|      |38986060| 95659810|    |      |04|00|177|N|            |N|7|00000000|0|00000000|45TH ST.  E. OF INDIANA                           
S|20|D0YS73|7|2|22|4U|2|T|1|3|N|0|0| |13|N|0|0| |2|L| |P|089C0555000W|      |38986060| 95659810|    |      |04|00|177|N|            |N|7|00000000|0|00000000|45TH ST.  E. OF INDIANA                           
S|20|D4GVH5|1|1|22|3R|1|T|1|3|N|1|3|F|13|B|1|4|T|2|Q|A|P|089K0000400S| 29250|39076210| 95613270|    |      |01|00|177|N|            |Y|3|       4|3|00000000|1MI. S. OF JCT. US-24                             
S|20|D4GVH5|5|1|22|3R|1|T|1|3|N|1|3|F|13|B|1|4|T|2|Q|A|P|089K0000400S| 29250|39076210| 95613270|    |      |01|00|177|N|            |Y|3|       4|3|00000000|1MI. S. OF JCT. US-24                             
S|20|D7ATZ7|3|1|22|4U|1|T|1|3|N|0|0| |14|N|0|0| |2|L| |P|089U0004000S| 41571|39044230| 95579950|    |      |51|00|177|N|            |N|2|00000040|0|00000000|US 40 E. OF TECUMSEH RD.                          
S|20|D7ATZ7|7|1|22|4U|1|T|1|3|N|0|0| |14|N|0|0| |2|L| |P|089U0004000S| 41571|39044230| 95579950|    |      |51|00|177|N|            |N|2|00000040|0|00000000|US 40 E. OF TECUMSEH RD.                          
S|20|DBJGP3|3|1|22|4R|1|T|1|3|N|0|0| |14|N|0|0| |2|L| |P|070K0006800S| 18507|38608560| 95525260|    |      |70|00|139|N|            |N|3|00000068|0|00000000|0.15 MILES E. OF JCT K 268                        
S|20|DBJGP3|7|1|22|4R|1|T|1|3|N|0|0| |14|N|0|0| |2|L| |P|070K0006800S| 18507|38608560| 95525260|    |      |70|00|139|N|            |N|3|00000068|0|00000000|0.15 MILES E. OF JCT K 268                        
S|20|DDGVR1|1|1|22|5R|1|T|1|3|N|0|0| |14|N|0|0| |2|L| |P|044K0023700S|  2414|39117010| 95483770|    |      |72|00|087|N|            |N|3|00000237|0|00000000|1.5 MILES N. OF JCT.  US 24                       
S|20|DDGVR1|5|1|22|5R|1|T|1|3|N|0|0| |14|N|0|0| |2|L| |P|044K0023700S|  2414|39117010| 95483770|    |      |72|00|087|N|            |N|3|00000237|0|00000000|1.5 MILES N. OF JCT.  US 24                       
S|20|DF1M07|3|1|22|4R|1|T|1|3|N|0|0| |14|N|0|0| |2|L| |P|023U0005600S|   563|38782300| 95486890|    |      |64|00|045|Y|510500230000|N|2|00000056|0|00000000|4 MILES E. OF OVERBROOK                           
S|20|DF1M07|7|1|22|4R|1|T|1|3|N|0|0| |14|N|0|0| |2|L| |P|023U0005600S|   563|38782300| 95486890|    |      |64|00|045|Y|510500230000|N|2|00000056|0|00000000|4 MILES E. OF OVERBROOK                           
S|20|DHRVP3|3|1|22|3R|1|T|1|3|N|1|3|F|13|N|0|4|T|2|L|N|P|001U0005400S|  2807|37922140| 95463890|    |      |51|00|001|N|            |Y|2|      54|2|000800th|3 MILES W. OF IOLA                                
S|20|DHRVP3|7|1|22|3R|1|T|1|3|N|1|3|F|13|N|0|4|T|2|L|N|P|001U0005400S|  2807|37922140| 95463890|    |      |51|00|001|N|            |Y|2|      54|2|000800th|3 MILES W. OF IOLA                                
S|20|DICIZ5|1|1|22|3R|1|T|1|3|N|1|3|F|13|B|1|4|T|2|L|A|P|067U0016900S|  8860|37510670| 95470830|    |      |64|00|133|N|            |Y|2|     169|2|000095th|1 MILE N. OF THAYER                               
S|20|DICIZ5|5|1|22|3R|1|T|1|3|N|1|3|F|13|B|1|4|T|2|L|A|P|067U0016900S|  8860|37510670| 95470830|    |      |64|00|133|N|            |Y|2|     169|2|000095th|1 MILE N. OF THAYER                               
S|20|DUDF05|1|1|22|3R|1|T|1|3|N|1|3|F|13|B|1|1|T|2|L|N|P|030U0005900S| 10885|38542120| 95267790|    |      |51|00|059|Y|255500300000|Y|2|      59|2|0JACKSON|4.3 MILES S. OF OTTAWA                            
S|20|DUDF05|5|1|22|3R|1|T|1|3|N|1|3|F|13|B|1|1|T|2|L|N|P|030U0005900S| 10885|38542120| 95267790|    |      |51|00|059|Y|255500300000|Y|2|      59|2|0JACKSON|4.3 MILES S. OF OTTAWA                            
S|20|DX0JD5|1|1|22|4R|1|T|1|3|N|0|0| |14|N|0|0| |2|L| |P|067U0005900S| 14853|37501200| 95269630|    |      |64|00|133|N|            |N|2|00000059|0|00000000|4 MILES S. OF ERIE                                
S|20|DX0JD5|5|1|22|4R|1|T|1|3|N|0|0| |14|N|0|0| |2|L| |P|067U0005900S| 14853|37501200| 95269630|    |      |64|00|133|N|            |N|2|00000059|0|00000000|4 MILES S. OF ERIE                                
S|20|DXMSY7|3|1|22|4R|1|T|1|3|N|0|0| |14|N|0|0| |2|L| |P|023U0002400S|  8742|39000640| 95206310|    |JJKKDX|55|00|045|Y|881200230000|N|2|00000024|2|00000040|1.5 MILES N.E. OF LAWRENCE                        
S|20|DXMSY7|7|1|22|4R|1|T|1|3|N|0|0| |14|N|0|0| |2|L| |P|023U0002400S|  8742|39000640| 95206310|    |JJKKDX|55|00|045|Y|881200230000|N|2|00000024|2|00000040|1.5 MILES N.E. OF LAWRENCE                        
S|20|E30E03|3|1|22|5R|1|T|1|3|N|0|0| |14|N|0|0| |2|L| |P|050R0231600X|     0|37340060| 95189070|    |      |51|00|099|N|            |N|5|00000000|0|00000000|3 MILES E. OF PARSONS                             
S|20|E30E03|7|1|22|5R|1|T|1|3|N|0|0| |14|N|0|0| |2|L| |P|050R0231600X|     0|37340060| 95189070|    |      |51|00|099|N|            |N|5|00000000|0|00000000|3 MILES E. OF PARSONS                             
S|20|E30ED3|3|1|22|3R|1|T|1|3|N|0|0| |14|N|0|0| |2|L| |P|050U0040000S| 30320|37350240| 95191970|    |E30ED1|04|00|099|N|            |Y|2|00000400|0|00000000|3 MILES E. OF PARSONS                             
S|20|E30ED3|7|1|22|3R|1|T|1|3|N|0|0| |14|N|0|0| |2|L| |P|050U0040000S| 30320|37350240| 95191970|    |E30ED1|04|00|099|N|            |Y|2|00000400|0|00000000|3 MILES E. OF PARSONS                             
S|20|E3Y4T1|1|1|22|5R|1|T|1|3|N|0|0| |13|N|0|0| |2|L| |P|002R0001300X|      |38220410| 95147960|    |      |66|00|003|N|            |N|5|00000000|0|00000000|0.5 MILES N. OF BUSH CITY                         
S|20|E3Y4T1|5|1|22|5R|1|T|1|3|N|0|0| |13|N|0|0| |2|L| |P|002R0001300X|      |38220410| 95147960|    |      |66|00|003|N|            |N|5|00000000|0|00000000|0.5 MILES N. OF BUSH CITY                         
S|20|E579E2|1|1|22|3R|1|T|1|3|N|0|0| |14|N|0|0| |2|L| |P|002U0016900S| 47519|38375640| 95114450|    |      |51|00|003|Y|238500020000|Y|2|00000169|0|00000000|1 MILE N. OF GREELEY                              
S|20|E579E2|5|1|22|3R|1|T|1|3|N|0|0| |14|N|0|0| |2|L| |P|002U0016900S| 47519|38375640| 95114450|    |      |51|00|003|Y|238500020000|Y|2|00000169|0|00000000|1 MILE N. OF GREELEY                              
S|20|E7PK42|1|1|22|1R|2|T|2|3|N|2|3|F|13|B|2|4|T|1|A|N|E|030I0003500S| 30978|38710670| 95057710|    |      |99|00|059|N|            |Y|1|      35|0|00000000|0.5 MILE NE of WELLSVILLE EXIT                    
S|20|E7PK42|1|2|22|1R|2|T|2|3|N|2|3|F|13|B|2|4|T|1|A|N|E|030I0003500S| 30978|38710670| 95057710|    |      |99|00|059|N|            |Y|1|      35|0|00000000|0.5 MILE NE of WELLSVILLE EXIT                    
S|20|E7PK42|5|1|22|1R|2|T|2|3|N|2|3|F|13|B|2|4|T|1|A|N|E|030I0003500S| 30978|38710670| 95057710|    |      |99|00|059|N|            |Y|1|      35|0|00000000|0.5 MILE NE of WELLSVILLE EXIT                    
S|20|E7PK42|5|2|22|1R|2|T|2|3|N|2|3|F|13|B|2|4|T|1|A|N|E|030I0003500S| 30978|38710670| 95057710|    |      |99|00|059|N|            |Y|1|      35|0|00000000|0.5 MILE NE of WELLSVILLE EXIT                    
S|20|EFPRX3|3|1|22|3R|2|T|1|3|N|0|0| |13|N|0|0| |2|L| |P|046K0001000S|  8571|38957130| 94918700|    |      |76|00|091|Y|273300460000|Y|3|00000010|0|00000000|0.2 MILES E. OF RS. 346 INTCHG.                   
S|20|EFPRX3|3|2|22|3R|2|T|1|3|N|0|0| |13|N|0|0| |2|L| |P|046K0001000S|  8571|38957130| 94918700|    |      |76|00|091|Y|273300460000|Y|3|00000010|0|00000000|0.2 MILES E. OF RS. 346 INTCHG.                   
S|20|EFPRX3|7|1|22|3R|2|T|1|3|N|0|0| |13|N|0|0| |2|L| |P|046K0001000S|  8571|38957130| 94918700|    |      |76|00|091|Y|273300460000|Y|3|00000010|0|00000000|0.2 MILES E. OF RS. 346 INTCHG.                   
S|20|EFPRX3|7|2|22|3R|2|T|1|3|N|0|0| |13|N|0|0| |2|L| |P|046K0001000S|  8571|38957130| 94918700|    |      |76|00|091|Y|273300460000|Y|3|00000010|0|00000000|0.2 MILES E. OF RS. 346 INTCHG.                   
S|20|EOMWJ5|1|1|22|1U|3|T|1|3|N|0|0| |14|N|0|0| |2|L| |P|105I0043500S|  6000|39096040| 94809410|    |      |91|00|209|Y|066901050000|Y|1|00000435|0|00000000|0.8 MILES S. OF I - 70                            
S|20|EOMWJ5|1|2|22|1U|3|T|1|3|N|0|0| |14|N|0|0| |2|L| |P|105I0043500S|  6000|39096040| 94809410|    |      |91|00|209|Y|066901050000|Y|1|00000435|0|00000000|0.8 MILES S. OF I - 70                            
S|20|EOMWJ5|1|3|22|1U|3|T|1|3|N|0|0| |14|N|0|0| |2|L| |P|105I0043500S|  6000|39096040| 94809410|    |      |91|00|209|Y|066901050000|Y|1|00000435|0|00000000|0.8 MILES S. OF I - 70                            
S|20|EOMWJ5|5|1|22|1U|3|T|1|3|N|0|0| |14|N|0|0| |2|L| |P|105I0043500S|  6000|39096040| 94809410|    |      |91|00|209|Y|066901050000|Y|1|00000435|0|00000000|0.8 MILES S. OF I - 70                            
S|20|EOMWJ5|5|2|22|1U|3|T|1|3|N|0|0| |14|N|0|0| |2|L| |P|105I0043500S|  6000|39096040| 94809410|    |      |91|00|209|Y|066901050000|Y|1|00000435|0|00000000|0.8 MILES S. OF I - 70                            
S|20|EOMWJ5|5|3|22|1U|3|T|1|3|N|0|0| |14|N|0|0| |2|L| |P|105I0043500S|  6000|39096040| 94809410|    |      |91|00|209|Y|066901050000|Y|1|00000435|0|00000000|0.8 MILES S. OF I - 70                            
S|20|ESJPS3|3|1|22|3U|3|T|1|3|N|0|0| |13|N|0|0| |2|L| |P|046C0421200W|      |38883510| 94775170|    |      |01|00|091|N|            |N|7|00000000|0|00000000|135TH E. OF MUR-LEN                               
S|20|ESJPS3|3|2|22|3U|3|T|1|3|N|0|0| |13|N|0|0| |2|L| |P|046C0421200W|      |38883510| 94775170|    |      |01|00|091|N|            |N|7|00000000|0|00000000|135TH E. OF MUR-LEN                               
S|20|ESJPS3|3|3|22|3U|3|T|1|3|N|0|0| |13|N|0|0| |2|L| |P|046C0421200W|      |38883510| 94775170|    |      |01|00|091|N|            |N|7|00000000|0|00000000|135TH E. OF MUR-LEN                               
S|20|ESJPS3|7|1|22|3U|2|T|1|3|N|0|0| |13|N|0|0| |2|L| |P|046C0421200W|      |38883510| 94775170|    |      |01|00|091|N|            |N|7|00000000|0|00000000|135TH E. OF MUR-LEN                               
S|20|ESJPS3|7|2|22|3U|2|T|1|3|N|0|0| |13|N|0|0| |2|L| |P|046C0421200W|      |38883510| 94775170|    |      |01|00|091|N|            |N|7|00000000|0|00000000|135TH E. OF MUR-LEN                               
S|20|ETYPM5|1|1|22|4U|2|T|1|3|N|0|0| |13|N|0|0| |2|L| |P|046C0423900W|      |38878380| 94760820|    |      |01|00|091|N|            |N|7|00000000|0|00000000|BLACKBOB RD. S. OF 139TH                          
S|20|ETYPM5|1|2|22|4U|2|T|1|3|N|0|0| |13|N|0|0| |2|L| |P|046C0423900W|      |38878380| 94760820|    |      |01|00|091|N|            |N|7|00000000|0|00000000|BLACKBOB RD. S. OF 139TH                          
S|20|ETYPM5|5|1|22|4U|2|T|1|3|N|0|0| |13|N|0|0| |2|L| |P|046C0423900W|      |38878380| 94760820|    |      |01|00|091|N|            |N|7|00000000|0|00000000|BLACKBOB RD. S. OF 139TH                          
S|20|ETYPM5|5|2|22|4U|2|T|1|3|N|0|0| |13|N|0|0| |2|L| |P|046C0423900W|      |38878380| 94760820|    |      |01|00|091|N|            |N|7|00000000|0|00000000|BLACKBOB RD. S. OF 139TH                          
S|20|EZYPV5|1|1|22|2U|2|T|1|3|N|0|0| |14|N|0|0| |2|L| |P|046U0006900S| 14627|38869460| 94676620|    |      |12|00|091|N|            |Y|2|00000069|0|00000000|0.4 MILES S. OF 135TH ST.                         
S|20|EZYPV5|1|2|22|2U|2|T|1|3|N|0|0| |14|N|0|0| |2|L| |P|046U0006900S| 14627|38869460| 94676620|    |      |12|00|091|N|            |Y|2|00000069|0|00000000|0.4 MILES S. OF 135TH ST.                         
S|20|EZYPV5|5|1|22|2U|2|T|1|3|N|0|0| |14|N|0|0| |2|L| |P|046U0006900S| 14627|38869460| 94676620|    |      |12|00|091|N|            |Y|2|00000069|0|00000000|0.4 MILES S. OF 135TH ST.                         
S|20|EZYPV5|5|2|22|2U|2|T|1|3|N|0|0| |14|N|0|0| |2|L| |P|046U0006900S| 14627|38869460| 94676620|    |      |12|00|091|N|            |Y|2|00000069|0|00000000|0.4 MILES S. OF 135TH ST.                         
S|20|F10VD5|1|1|22|3R|2|T|2|3|N|2|3|F|13|B|2|4|T|2|L|A|P|006U0006900S| 14700|37884570| 94705010|    |      |86|00|011|Y|242000060000|Y|2|      69|2|00000000|2 MILES N. OF FT SCOTT                            
S|20|F10VD5|1|2|22|3R|2|T|2|3|N|2|3|F|13|B|2|4|T|2|L|A|P|006U0006900S| 14700|37884570| 94705010|    |      |86|00|011|Y|242000060000|Y|2|      69|2|00000000|2 MILES N. OF FT SCOTT                            
S|20|F10VD5|5|1|22|3R|2|T|2|3|N|2|3|F|13|B|2|4|T|2|L|A|P|006U0006900S| 14700|37884570| 94705010|    |      |86|00|011|Y|242000060000|Y|2|      69|2|00000000|2 MILES N. OF FT SCOTT                            
S|20|F10VD5|5|2|22|3R|2|T|2|3|N|2|3|F|13|B|2|4|T|2|L|A|P|006U0006900S| 14700|37884570| 94705010|    |      |86|00|011|Y|242000060000|Y|2|      69|2|00000000|2 MILES N. OF FT SCOTT                            
