Record_Type|Year_Record|State_Code|Station_Id|Travel_Dir|Travel_Lane|F_System|Num_Lanes|Sample_Type_Volume|Num_Lanes_Volume|Method_Volume|Sample_Type_Class|Num_Lanes_Class|Method_Class|Algorithm_Volume|Num_Classes|Sample_Type_Truck|Num_Lanes_Truck|Method_Truck|Calibration|Data_Retrieval|Type_Sensor_1|Type_Sensor_2|Primary_Purpose|LRS_Id|LRS_Point|Latitude|Longitude|SHRP_Id|Prev_Station_Id|Year_Established|Year_Discontinued|County_Code|Is_Sample|Sample_Id|NHS|Posted_Route_Signing|Posted_Signed_Route|Con_Route_Signing|Con_Signed_Route|Station_Location
S|21|001P34|3|1|22|5R|1|T|1|3|H|1|2|F|00| |0|0| |2|Q| |P| 001-KY-0080|      |37077760| 85168450|    |      |63|00|001|Y|    80012889|N|3|      80|0|        |001-KY-0080  -000 @   20.800  From: KY 1729  To: R
S|21|001P34|7|1|22|5R|1|T|1|3|H|1|2|F|00| |0|0| |2|Q| |P| 001-KY-0080|      |37077760| 85168450|    |      |63|00|001|Y|    80012889|N|3|      80|0|        |001-KY-0080  -000 @   20.800  From: KY 1729  To: R
S|21|005P71|3|1|22|2U|2|T|2|3|H|2|3|F|13|T|2|5|M|2|Q|L|P| 005-LN-9008|      |36988370| 85955500|    |      |90|00|009|Y|__9008  8224|Y|3|    9008|0|        |005-LN-9008  -000 @   10.108  From: I 65  To: US 3
S|21|005P71|3|2|22|2U|2|T|2|3|H|2|3|F|13|T|2|5|M|2|Q|L|P| 005-LN-9008|      |36988370| 85955500|    |      |90|00|009|Y|__9008  8224|Y|3|    9008|0|        |005-LN-9008  -000 @   10.108  From: I 65  To: US 3
S|21|005P71|7|1|22|2U|2|T|2|3|H|2|3|F|13|T|2|5|M|2|Q|L|P| 005-LN-9008|      |36988370| 85955500|    |      |90|00|009|Y|__9008  8224|Y|3|    9008|0|        |005-LN-9008  -000 @   10.108  From: I 65  To: US 3
S|21|005P71|7|2|22|2U|2|T|2|3|H|2|3|F|13|T|2|5|M|2|Q|L|P| 005-LN-9008|      |36988370| 85955500|    |      |90|00|009|Y|__9008  8224|Y|3|    9008|0|        |005-LN-9008  -000 @   10.108  From: I 65  To: US 3
S|21|007P31|1|1|22|3R|2|T|2|3|H|2|3|F|13| |0|0| |2|L|Q|P|007-US-0025E|      |36797040| 83754350|    |      |63|00|013|Y|___25E 18515|Y|2|     25E|0|        |007-US-0025E -000 @   18.125  From: KY 92  To: KNO
S|21|007P31|1|2|22|3R|2|T|2|3|H|2|3|F|13| |0|0| |2|L|Q|P|007-US-0025E|      |36797040| 83754350|    |      |63|00|013|Y|___25E 18515|Y|2|     25E|0|        |007-US-0025E -000 @   18.125  From: KY 92  To: KNO
S|21|007P31|5|1|22|3R|2|T|2|3|H|2|3|F|13| |0|0| |2|L|Q|P|007-US-0025E|      |36797040| 83754350|    |      |63|00|013|Y|___25E 18515|Y|2|     25E|0|        |007-US-0025E -000 @   18.125  From: KY 92  To: KNO
S|21|007P31|5|2|22|3R|2|T|2|3|H|2|3|F|13| |0|0| |2|L|Q|P|007-US-0025E|      |36797040| 83754350|    |      |63|00|013|Y|___25E 18515|Y|2|     25E|0|        |007-US-0025E -000 @   18.125  From: KY 92  To: KNO
S|21|008P63|1|1|22|1U|4|T|4|3|H|4|3|F|13|T|4|5|M|2|L|Q|P| 008-I -0075|176000|38927140| 84630370|    |      |98|00|015|Y|    75175364|Y|1|      75|0|        |008-I -0075  -000 @  176.000  From: KY 338  To: KY
S|21|008P63|1|2|22|1U|4|T|4|3|H|4|3|F|13|T|4|5|M|2|L|Q|P| 008-I -0075|176000|38927140| 84630370|    |      |98|00|015|Y|    75175364|Y|1|      75|0|        |008-I -0075  -000 @  176.000  From: KY 338  To: KY
S|21|008P63|1|3|22|1U|4|T|4|3|H|4|3|F|13|T|4|5|M|2|L|Q|P| 008-I -0075|176000|38927140| 84630370|    |      |98|00|015|Y|    75175364|Y|1|      75|0|        |008-I -0075  -000 @  176.000  From: KY 338  To: KY
S|21|008P63|1|4|22|1U|4|T|4|3|H|4|3|F|13|T|4|5|M|2|L|Q|P| 008-I -0075|176000|38927140| 84630370|    |      |98|00|015|Y|    75175364|Y|1|      75|0|        |008-I -0075  -000 @  176.000  From: KY 338  To: KY
S|21|008P63|5|1|22|1U|4|T|4|3|H|4|3|F|13|T|4|5|M|2|L|Q|P| 008-I -0075|176000|38927140| 84630370|    |      |98|00|015|Y|    75175364|Y|1|      75|0|        |008-I -0075  -000 @  176.000  From: KY 338  To: KY
S|21|008P63|5|2|22|1U|4|T|4|3|H|4|3|F|13|T|4|5|M|2|L|Q|P| 008-I -0075|176000|38927140| 84630370|    |      |98|00|015|Y|    75175364|Y|1|      75|0|        |008-I -0075  -000 @  176.000  From: KY 338  To: KY
S|21|008P63|5|3|22|1U|4|T|4|3|H|4|3|F|13|T|4|5|M|2|L|Q|P| 008-I -0075|176000|38927140| 84630370|    |      |98|00|015|Y|    75175364|Y|1|      75|0|        |008-I -0075  -000 @  176.000  From: KY 338  To: KY
S|21|008P63|5|4|22|1U|4|T|4|3|H|4|3|F|13|T|4|5|M|2|L|Q|P| 008-I -0075|176000|38927140| 84630370|    |      |98|00|015|Y|    75175364|Y|1|      75|0|        |008-I -0075  -000 @  176.000  From: KY 338  To: KY
S|21|009P26|3|1|22|3R|2|T|2|3|H|2|3|F|13|B|2|5|M|2|P|P|P|0009-US-0068|     4|38237290| 84218860|    |      |62|00|017|N|            |Y|2|      68|9|00000000|009-US-0068  -000 @    4.176  From: KY 1940 (RUDD 
S|21|009P26|3|2|22|3R|2|T|2|3|H|2|3|F|13|B|2|5|M|2|P|P|P|0009-US-0068|     4|38237290| 84218860|    |      |62|00|017|N|            |Y|2|      68|9|00000000|009-US-0068  -000 @    4.176  From: KY 1940 (RUDD 
S|21|009P26|7|1|22|3R|2|T|2|3|H|2|3|F|13|B|2|5|M|2|P|P|P|0009-US-0068|     4|38237290| 84218860|    |      |62|00|017|N|            |Y|2|      68|9|00000000|009-US-0068  -000 @    4.176  From: KY 1940 (RUDD 
S|21|009P26|7|2|22|3R|2|T|2|3|H|2|3|F|13|B|2|5|M|2|P|P|P|0009-US-0068|     4|38237290| 84218860|    |      |62|00|017|N|            |Y|2|      68|9|00000000|009-US-0068  -000 @    4.176  From: KY 1940 (RUDD 
S|21|010I01|1|1|22|3U|2|T|2|3|H|2|3|F|13|B|2|5|M|2|L|L|P|0010-US-0023|      |38397340| 82600880|    |      |13|00|000|N|____23 10700|N|2|     023|2|     000|010-US-0023  -000 @   11.900  From: I 64 INTERCHA 
S|21|010I01|1|2|22|3U|2|T|2|3|H|2|3|F|13|B|2|5|M|2|L|L|P|0010-US-0023|      |38397340| 82600880|    |      |13|00|000|N|____23 10700|N|2|      23|2|       0|010-US-0023  -000 @   11.900  From: I 64 INTERCHA 
S|21|010I01|5|1|22|3U|2|T|2|3|H|2|3|F|13|B|2|5|M|2|L|L|P|0010-US-0023|      |38397340| 82600880|    |      |13|00|000|N|____23 10700|N|2|      23|2|       0|010-US-0023  -000 @   11.900  From: I 64 INTERCHA 
S|21|010I01|5|2|22|3U|2|T|2|3|H|2|3|F|13|B|2|5|M|2|L|L|P|0010-US-0023|      |38397340| 82600880|    |      |13|00|000|N|____23 10700|N|2|      23|2|       0|010-US-0023  -000 @   11.900  From: I 64 INTERCHA 
S|21|010P42|1|1|22|3R|2|T|2|3|H|2|3|F|00| |0|0| |2|L| |P| 010-US-0023|      |38250350| 82601680|    |      |63|00|019|Y|____23  0000|Y|2|      23|0|        |010-US-0023  -000 @     .100  From: LAWRENCE COUNT
S|21|010P42|1|2|22|3R|2|T|2|3|H|2|3|F|00| |0|0| |2|L| |P| 010-US-0023|      |38250350| 82601680|    |      |63|00|019|Y|____23  0000|Y|2|      23|0|        |010-US-0023  -000 @     .100  From: LAWRENCE COUNT
S|21|010P42|5|1|22|3R|2|T|2|3|H|2|3|F|00| |0|0| |2|L| |P| 010-US-0023|      |38250350| 82601680|    |      |63|00|019|Y|____23  0000|Y|2|      23|0|        |010-US-0023  -000 @     .100  From: LAWRENCE COUNT
S|21|010P42|5|2|22|3R|2|T|2|3|H|2|3|F|00| |0|0| |2|L| |P| 010-US-0023|      |38250350| 82601680|    |      |63|00|019|Y|____23  0000|Y|2|      23|0|        |010-US-0023  -000 @     .100  From: LAWRENCE COUNT
S|21|011P66|1|1|22|3U|2|T|2|3|H|2|3|F|13|T|2|5|M|2|Q|L|P|011-US-0127B|      |37626250| 84796490|    |      |98|00|021|Y|__127B  0240|Y|2|    127B|0|        |011-US-0127B -000 @    1.500  From: US 127  To: KY
S|21|011P66|1|2|22|3U|2|T|2|3|H|2|3|F|13|T|2|5|M|2|Q|L|P|011-US-0127B|      |37626250| 84796490|    |      |98|00|021|Y|__127B  0240|Y|2|    127B|0|        |011-US-0127B -000 @    1.500  From: US 127  To: KY
S|21|011P66|5|1|22|3U|2|T|2|3|H|2|3|F|13|T|2|5|M|2|Q|L|P|011-US-0127B|      |37626250| 84796490|    |      |98|00|021|Y|__127B  0240|Y|2|    127B|0|        |011-US-0127B -000 @    1.500  From: US 127  To: KY
S|21|011P66|5|2|22|3U|2|T|2|3|H|2|3|F|13|T|2|5|M|2|Q|L|P|011-US-0127B|      |37626250| 84796490|    |      |98|00|021|Y|__127B  0240|Y|2|    127B|0|        |011-US-0127B -000 @    1.500  From: US 127  To: KY
S|21|013I02|3|0|22|6R|1|T|1|3|H|1|3|F|13| |0|0| |2|L|Q|P| 013-KY-1089|      |37530280| 83255950|    |      |13|00|000|N|            |N|3|    1098|3|        |013-KY-1098  -000 @    7.050  From: SMITH BRANCH R
S|21|013I02|3|1|22|6R|1|T|1|3|H|1|3|F|13| |0|0| |2|L|Q|P| 013-KY-1089|      |37530280| 83255950|    |      |13|00|000|N|            |N|3|    1098|3|        |013-KY-1098  -000 @    7.050  From: SMITH BRANCH R
S|21|013I02|7|0|22|6R|1|T|1|3|H|1|3|F|13| |0|0| |2|L|Q|P| 013-KY-1089|      |37530280| 83255950|    |      |13|00|000|N|            |N|3|    1098|3|        |013-KY-1098  -000 @    7.050  From: SMITH BRANCH R
S|21|013I02|7|1|22|6R|1|T|1|3|H|1|3|F|13| |0|0| |2|L|Q|P| 013-KY-1089|      |37530280| 83255950|    |      |13|00|000|N|            |N|3|    1098|3|        |013-KY-1098  -000 @    7.050  From: SMITH BRANCH R
S|21|015P72|1|1|22|1R|3|T|3|3|H|3|3|F|13|T|3|5|M|2|Q|L|P| 015-I -0065|110500|37906710| 85691450|    |      |95|00|029|Y|  9065103308|Y|1|      65|0|        |015-I -0065  -000 @  110.500  From: KY 61  To: KY 
S|21|015P72|1|2|22|1R|3|T|3|3|H|3|3|F|13|T|3|5|M|2|Q|L|P| 015-I -0065|110500|37906710| 85691450|    |      |95|00|029|Y|  9065103308|Y|1|      65|0|        |015-I -0065  -000 @  110.500  From: KY 61  To: KY 
S|21|015P72|1|3|22|1R|3|T|3|3|H|3|3|F|13|T|3|5|M|2|Q|L|P| 015-I -0065|110500|37906710| 85691450|    |      |95|00|029|Y|  9065103308|Y|1|      65|0|        |015-I -0065  -000 @  110.500  From: KY 61  To: KY 
S|21|015P72|5|1|22|1R|3|T|3|3|H|3|3|F|13|T|3|5|M|2|Q|L|P| 015-I -0065|110500|37906710| 85691450|    |      |95|00|029|Y|  9065103308|Y|1|      65|0|        |015-I -0065  -000 @  110.500  From: KY 61  To: KY 
S|21|015P72|5|2|22|1R|3|T|3|3|H|3|3|F|13|T|3|5|M|2|Q|L|P| 015-I -0065|110500|37906710| 85691450|    |      |95|00|029|Y|  9065103308|Y|1|      65|0|        |015-I -0065  -000 @  110.500  From: KY 61  To: KY 
S|21|015P72|5|3|22|1R|3|T|3|3|H|3|3|F|13|T|3|5|M|2|Q|L|P| 015-I -0065|110500|37906710| 85691450|    |      |95|00|029|Y|  9065103308|Y|1|      65|0|        |015-I -0065  -000 @  110.500  From: KY 61  To: KY 
S|21|016P37|1|1|22|5R|1|T|1|3|N|1|3|F|13| |0|0| |2|Q|L|P| 016-US-0231|      |37281910| 86712230|    |      |63|00|031|N|            |N|2|     231|0|        |016-US-0231  -000 @   15.893  From: KY 70  To: WM 
S|21|016P37|5|1|22|5R|1|T|1|3|N|1|3|F|13| |0|0| |2|Q|L|P| 016-US-0231|      |37281910| 86712230|    |      |63|00|031|N|            |N|2|     231|0|        |016-US-0231  -000 @   15.893  From: KY 70  To: WM 
S|21|019P96|1|1|22|1U|3|T|3|3|H|3|3|F|13| |0|0| |2|L| |P| 019-I -0471|      |39059120| 84469700|    |      |90|00|037|Y|   471000729|Y|1|     471|0|        |019-I -0471  -000 @    1.200  From: I-275 E.B.LANE
S|21|019P96|1|2|22|1U|3|T|3|3|H|3|3|F|13| |0|0| |2|L| |P| 019-I -0471|      |39059120| 84469700|    |      |90|00|037|Y|   471000729|Y|1|     471|0|        |019-I -0471  -000 @    1.200  From: I-275 E.B.LANE
S|21|019P96|1|3|22|1U|3|T|3|3|H|3|3|F|13| |0|0| |2|L| |P| 019-I -0471|      |39059120| 84469700|    |      |90|00|037|Y|   471000729|Y|1|     471|0|        |019-I -0471  -000 @    1.200  From: I-275 E.B.LANE
S|21|019P96|5|1|22|1U|3|T|3|3|H|3|3|F|13| |0|0| |2|L| |P| 019-I -0471|      |39059120| 84469700|    |      |90|00|037|Y|   471000729|Y|1|     471|0|        |019-I -0471  -000 @    1.200  From: I-275 E.B.LANE
S|21|019P96|5|2|22|1U|3|T|3|3|H|3|3|F|13| |0|0| |2|L| |P| 019-I -0471|      |39059120| 84469700|    |      |90|00|037|Y|   471000729|Y|1|     471|0|        |019-I -0471  -000 @    1.200  From: I-275 E.B.LANE
S|21|019P96|5|3|22|1U|3|T|3|3|H|3|3|F|13| |0|0| |2|L| |P| 019-I -0471|      |39059120| 84469700|    |      |90|00|037|Y|   471000729|Y|1|     471|0|        |019-I -0471  -000 @    1.200  From: I-275 E.B.LANE
S|21|019P97|1|1|22|1U|3|T|3|3|H|3|3|F|13| |0|0| |2|L|Q|P| 019-I -0275|      |39031640| 84471560|    |      |90|00|037|Y|__9275 75035|Y|1|     275|0|        |019-I -0275  -000 @   76.200  From: KY 2238  To: K
S|21|019P97|1|2|22|1U|3|T|3|3|H|3|3|F|13| |0|0| |2|L|Q|P| 019-I -0275|      |39031640| 84471560|    |      |90|00|037|Y|__9275 75035|Y|1|     275|0|        |019-I -0275  -000 @   76.200  From: KY 2238  To: K
S|21|019P97|1|3|22|1U|3|T|3|3|H|3|3|F|13| |0|0| |2|L|Q|P| 019-I -0275|      |39031640| 84471560|    |      |90|00|037|Y|__9275 75035|Y|1|     275|0|        |019-I -0275  -000 @   76.200  From: KY 2238  To: K
S|21|019P97|5|1|22|1U|3|T|3|3|H|3|3|F|13| |0|0| |2|L|Q|P| 019-I -0275|      |39031640| 84471560|    |      |90|00|037|Y|__9275 75035|Y|1|     275|0|        |019-I -0275  -000 @   76.200  From: KY 2238  To: K
S|21|019P97|5|2|22|1U|3|T|3|3|H|3|3|F|13| |0|0| |2|L|Q|P| 019-I -0275|      |39031640| 84471560|    |      |90|00|037|Y|__9275 75035|Y|1|     275|0|        |019-I -0275  -000 @   76.200  From: KY 2238  To: K
S|21|019P97|5|3|22|1U|3|T|3|3|H|3|3|F|13| |0|0| |2|L|Q|P| 019-I -0275|      |39031640| 84471560|    |      |90|00|037|Y|__9275 75035|Y|1|     275|0|        |019-I -0275  -000 @   76.200  From: KY 2238  To: K
S|21|022P13|3|1|22|5R|1|T|1|3|H|1|3|F|13| |0|0| |2|L| |P| 022-US-0060|      |38326910| 83020220|    |      |79|00|043|Y|    60019950|N|2|      60|0|        |022-US-0060  -000 @   19.811  From: GREGORY HOLLOW
S|21|022P13|7|1|22|5R|1|T|1|3|H|1|3|F|13| |0|0| |2|L| |P| 022-US-0060|      |38326910| 83020220|    |      |79|00|043|Y|    60019950|N|2|      60|0|        |022-US-0060  -000 @   19.811  From: GREGORY HOLLOW
S|21|022P47|3|1|22|1R|2|T|2|3|H|2|3|F|13|T|2|5|M|2|P|P|P|0022-I -0064|      |38326484| 83017502|    |      |71|00|000|N|__9064161765|N|1|      64|9|       0|022-I -0064  -000 @  167.100  From: US 60  To: KY 
S|21|022P47|3|2|22|1R|2|T|2|3|H|2|3|F|13|T|2|5|M|2|P|P|P|0022-I -0064|      |38326484| 83017502|    |      |71|00|000|N|__9064161765|N|1|      64|9|       0|022-I -0064  -000 @  167.100  From: US 60  To: KY 
S|21|022P47|7|1|22|1R|2|T|2|3|H|2|3|F|13|T|2|5|M|2|P|P|P|0022-I -0064|      |38326484| 83017502|    |      |71|00|000|N|__9064161765|N|1|      64|9|       0|022-I -0064  -000 @  167.100  From: US 60  To: KY 
S|21|022P47|7|2|22|1R|2|T|2|3|H|2|3|F|13|T|2|5|M|2|P|P|P|0022-I -0064|      |38326484| 83017502|    |      |71|00|000|N|__9064161765|N|1|      64|9|       0|022-I -0064  -000 @  167.100  From: US 60  To: KY 
S|21|025P20|3|1|22|3R|2|T|2|3|H|2|3|F|13|T|2|5|M|2|Q|L|P| 025-KY-9000|      |38005670| 84137210|    |      |01|00|049|Y|__9000  0000|Y|3|    9000|0|        |025-KY-9000  -000 @    1.330  From: I 64  To: POWE
S|21|025P20|3|2|22|3R|2|T|2|3|H|2|3|F|13|T|2|5|M|2|Q|L|P| 025-KY-9000|      |38005670| 84137210|    |      |01|00|049|Y|__9000  0000|Y|3|    9000|0|        |025-KY-9000  -000 @    1.330  From: I 64  To: POWE
S|21|025P20|7|1|22|3R|2|T|2|3|H|2|3|F|13|T|2|5|M|2|Q|L|P| 025-KY-9000|      |38005670| 84137210|    |      |01|00|049|Y|__9000  0000|Y|3|    9000|0|        |025-KY-9000  -000 @    1.330  From: I 64  To: POWE
S|21|025P20|7|2|22|3R|2|T|2|3|H|2|3|F|13|T|2|5|M|2|Q|L|P| 025-KY-9000|      |38005670| 84137210|    |      |01|00|049|Y|__9000  0000|Y|3|    9000|0|        |025-KY-9000  -000 @    1.330  From: I 64  To: POWE
S|21|030P17|3|1|22|2U|2|T|2|3|H|2|3|F|13|T|2|5|M|2|Q|L|P|030-US-0060B|      |37727730| 87094920|    |      |94|00|059|Y|U0060B004237|Y|2|     60B|0|        |030-US-0060  -000 @   16.279  From: US 431  To: US
S|21|030P17|3|2|22|2U|2|T|2|3|H|2|3|F|13|T|2|5|M|2|Q|L|P|030-US-0060B|      |37727730| 87094920|    |      |94|00|059|Y|U0060B004237|Y|2|     60B|0|        |030-US-0060  -000 @   16.279  From: US 431  To: US
S|21|030P17|7|1|22|2U|2|T|2|3|H|2|3|F|13|T|2|5|M|2|Q|L|P|030-US-0060B|      |37727730| 87094920|    |      |94|00|059|Y|U0060B004237|Y|2|     60B|0|        |030-US-0060  -000 @   16.279  From: US 431  To: US
S|21|030P17|7|2|22|2U|2|T|2|3|H|2|3|F|13|T|2|5|M|2|Q|L|P|030-US-0060B|      |37727730| 87094920|    |      |94|00|059|Y|U0060B004237|Y|2|     60B|0|        |030-US-0060  -000 @   16.279  From: US 431  To: US
S|21|032P41|1|1|22|4R|1|T|1|3|H|1|3|F|13| |0|0| |2|Q|L|P| 032-KY-0007|      |38129410| 83097930|    |      |63|00|063|Y|_____7 10321|N|3|       7|0|        |032-KY-0007  -000 @    9.961  From: KY 557  To: KY
S|21|032P41|5|1|22|4R|1|T|1|3|H|1|3|F|13| |0|0| |2|Q|L|P| 032-KY-0007|      |38129410| 83097930|    |      |63|00|063|Y|_____7 10321|N|3|       7|0|        |032-KY-0007  -000 @    9.961  From: KY 557  To: KY
S|21|033P30|3|1|22|5R|1|T|1|3|H|1|2|F|13| |0|0| |2|L| |P| 033-KY-0052|      |37665680| 83852880|    |      |62|00|000|N|    52018681|N|3|      52|0|        |033-KY-0052  -000 @   19.100  From: KY 1571  To: L
S|21|033P30|7|1|22|5R|1|T|1|3|H|1|2|F|13| |0|0| |2|L| |P| 033-KY-0052|      |37665680| 83852880|    |      |62|00|000|N|    52018681|N|3|      52|0|        |033-KY-0052  -000 @   19.100  From: KY 1571  To: L
S|21|034I05|1|1|22|1U|3|T|3|3|N|3|3|F|13|B|3|5|A|1|L|Q|P|034-I -0075 |      |38107770| 84502050|    | 34784|19|00|000|N|    75117452|N|1|      75|0|       0|Between KY 922 and I 64N Junction                 
S|21|034I05|1|2|22|1U|3|T|3|3|N|3|3|F|13|B|3|5|A|1|L|Q|P|034-I -0075 |      |38107770| 84502050|    | 34784|19|00|000|N|    75117452|N|1|      75|0|       0|Between KY 922 and I 64N Junction                 
S|21|034I05|1|3|22|1U|3|T|3|3|N|3|3|F|13|B|3|5|A|1|L|Q|P|034-I -0075 |      |38107770| 84502050|    | 34784|19|00|000|N|    75117452|N|1|      75|0|       0|Between KY 922 and I 64N Junction                 
S|21|034I05|5|1|22|1U|4|T|4|3|N|4|3|F|13|B|4|5|A|1|L|Q|P|034-I -0075 |      |38107770| 84502050|    | 34784|19|00|000|N|    75117452|N|1|      75|0|       0|Between KY 922 and I 64N Junction                 
S|21|034I05|5|2|22|1U|4|T|4|3|N|4|3|F|13|B|4|5|A|1|L|Q|P|034-I -0075 |      |38107770| 84502050|    | 34784|19|00|000|N|    75117452|N|1|      75|0|       0|Between KY 922 and I 64N Junction                 
S|21|034I05|5|3|22|1U|4|T|4|3|N|4|3|F|13|B|4|5|A|1|L|Q|P|034-I -0075 |      |38107770| 84502050|    | 34784|19|00|000|N|    75117452|N|1|      75|0|       0|Between KY 922 and I 64N Junction                 
S|21|034I05|5|4|22|1U|4|T|4|3|N|4|3|F|13|B|4|5|A|1|L|Q|P|034-I -0075 |      |38107770| 84502050|    | 34784|19|00|000|N|    75117452|N|1|      75|0|       0|Between KY 922 and I 64N Junction                 
S|21|034P74|3|1|22|1R|2|T|2|3|H|2|3|F|15|T|2|5|M|2|Q|Q|P|0034-I -0064|    72|38138534| 84568888|    |      |98|00|067|Y|__9064 71000|Y|1|      64|9|00000000|034-I -0064  -000 @   71.700  From: SCOTT COUNTY  
S|21|034P74|3|2|22|1R|2|T|2|3|H|2|3|F|15|T|2|5|M|2|Q|Q|P|0034-I -0064|    72|38138534| 84568888|    |      |98|00|067|Y|__9064 71000|Y|1|      64|9|00000000|034-I -0064  -000 @   71.700  From: SCOTT COUNTY  
S|21|034P74|7|1|22|1R|2|T|2|3|H|2|3|F|15|T|2|5|M|2|Q|Q|P|0034-I -0064|    72|38138534| 84568888|    |      |98|00|067|Y|__9064 71000|Y|1|      64|9|00000000|034-I -0064  -000 @   71.700  From: SCOTT COUNTY  
S|21|034P74|7|2|22|1R|2|T|2|3|H|2|3|F|15|T|2|5|M|2|Q|Q|P|0034-I -0064|    72|38138534| 84568888|    |      |98|00|067|Y|__9064 71000|Y|1|      64|9|00000000|034-I -0064  -000 @   71.700  From: SCOTT COUNTY  
S|21|034P75|1|1|22|2U|2|T|2|3|N|2|3|F|13|T|2|5|M|2|Q|L|P| 034-KY-0004|      |38025470| 84559700|    |      |90|00|067|N|            |Y|3|       4|0|        |034-KY-0004  -000 @    3.750  From: US 68 (HARRODS
S|21|034P75|1|2|22|2U|2|T|2|3|N|2|3|F|13|T|2|5|M|2|Q|L|P| 034-KY-0004|      |38025470| 84559700|    |      |90|00|067|N|            |Y|3|       4|0|        |034-KY-0004  -000 @    3.750  From: US 68 (HARRODS
S|21|034P75|5|1|22|2U|2|T|2|3|N|2|3|F|13|T|2|5|M|2|Q|L|P| 034-KY-0004|      |38025470| 84559700|    |      |90|00|067|N|            |Y|3|       4|0|        |034-KY-0004  -000 @    3.750  From: US 68 (HARRODS
S|21|034P75|5|2|22|2U|2|T|2|3|N|2|3|F|13|T|2|5|M|2|Q|L|P| 034-KY-0004|      |38025470| 84559700|    |      |90|00|067|N|            |Y|3|       4|0|        |034-KY-0004  -000 @    3.750  From: US 68 (HARRODS
S|21|034P90|1|1|22|1R|3|T|3|3|H|3|3|F|13|B|3|5|M|2|L|N|P|0034-I -0075|100300|37913520| 84364370|    |      |92|00|067|Y|000075103890|Y|1|      75|9|00000000|034-I -0075  -000 @  100.300  From: US 25 INTERCH 
S|21|034P90|1|2|22|1R|3|T|3|3|H|3|3|F|13|B|3|5|M|2|L|N|P|0034-I -0075|100300|37913520| 84364370|    |      |92|00|067|Y|000075103890|Y|1|      75|9|00000000|034-I -0075  -000 @  100.300  From: US 25 INTERCH 
S|21|034P90|1|3|22|1R|3|T|3|3|H|3|3|F|13|B|3|5|M|2|L|N|P|0034-I -0075|100300|37913520| 84364370|    |      |92|00|067|Y|000075103890|Y|1|      75|9|00000000|034-I -0075  -000 @  100.300  From: US 25 INTERCH 
S|21|034P90|5|1|22|1R|3|T|3|3|H|3|3|F|13|B|3|5|M|2|L|N|P|0034-I -0075|100300|37913520| 84364370|    |      |92|00|067|Y|000075103890|Y|1|      75|9|00000000|034-I -0075  -000 @  100.300  From: US 25 INTERCH 
S|21|034P90|5|2|22|1R|3|T|3|3|H|3|3|F|13|B|3|5|M|2|L|N|P|0034-I -0075|100300|37913520| 84364370|    |      |92|00|067|Y|000075103890|Y|1|      75|9|00000000|034-I -0075  -000 @  100.300  From: US 25 INTERCH 
S|21|034P90|5|3|22|1R|3|T|3|3|H|3|3|F|13|B|3|5|M|2|L|N|P|0034-I -0075|100300|37913520| 84364370|    |      |92|00|067|Y|000075103890|Y|1|      75|9|00000000|034-I -0075  -000 @  100.300  From: US 25 INTERCH 
S|21|036P43|1|1|22|5U|1|T|1|3|N|1|3|F|13| |1|0| |2|L| |P| 036-KY-1428|      |37655410| 82712510|    |      |63|00|000|N|            |N|3|    1428|0|        |036-KY-1428  -000 @   10.600  From: KY 194 (BUFFAL
S|21|036P43|5|1|22|5U|1|T|1|3|N|1|3|F|13| |1|0| |2|L| |P| 036-KY-1428|      |37655410| 82712510|    |      |63|00|000|N|            |N|3|    1428|0|        |036-KY-1428  -000 @   10.600  From: KY 194 (BUFFAL
S|21|036P56|3|1|22|3U|2|T|2|3|H|2|3|F|13|T|2|5|M|2|Q|L|P| 036-KY-0114|      |37656910| 82790650|    |      |01|00|071|Y|___114  9445|Y|3|     114|0|        |036-KY-0114  -000 @   11.000  From: GRANNYS LOOP R
S|21|036P56|3|2|22|3U|2|T|2|3|H|2|3|F|13|T|2|5|M|2|Q|L|P| 036-KY-0114|      |37656910| 82790650|    |      |01|00|071|Y|___114  9445|Y|3|     114|0|        |036-KY-0114  -000 @   11.000  From: GRANNYS LOOP R
S|21|036P56|7|1|22|3U|2|T|2|3|H|2|3|F|13|T|2|5|M|2|Q|L|P| 036-KY-0114|      |37656910| 82790650|    |      |01|00|071|Y|___114  9445|Y|3|     114|0|        |036-KY-0114  -000 @   11.000  From: GRANNYS LOOP R
S|21|036P56|7|2|22|3U|2|T|2|3|H|2|3|F|13|T|2|5|M|2|Q|L|P| 036-KY-0114|      |37656910| 82790650|    |      |01|00|071|Y|___114  9445|Y|3|     114|0|        |036-KY-0114  -000 @   11.000  From: GRANNYS LOOP R
S|21|037P01|3|1|22|4R|1|T|1|3|H|1|3|F|13|T|1|5|M|2|Q|L|P| 037-US-0060|    10|38158440| 85004820|    |      |38|00|073|Y|    60000000|N|2|      60|0|        |037-US-0060  -000 @     .010  From: SHELBY COUNTY 
S|21|037P01|7|1|22|4R|1|T|1|3|H|1|3|F|13|T|1|5|M|2|Q|L|P| 037-US-0060|    10|38158440| 85004820|    |      |38|00|073|Y|    60000000|N|2|      60|0|        |037-US-0060  -000 @     .010  From: SHELBY COUNTY 
S|21|037P03|1|1|22|5U|1|T|1|3|N|1|2|F|00| |0|0| |2|L| |P| 037-CS-1381|   700|38172183| 85582320|    |      |84|00|073|N|            |N|4|        |0|        |037-CS-1381  -000 @     .400  From: COUGAR LANE  T
S|21|037P03|5|1|22|5U|1|T|1|3|N|1|2|F|00| |0|0| |2|L| |P| 037-CS-1381|   700|38172183| 85582320|    |      |84|00|073|N|            |N|4|        |0|        |037-CS-1381  -000 @     .400  From: COUGAR LANE  T
S|21|041P16|1|1|22|5R|1|T|1|3|H|1|3|F|13| |1|0| |2|L| |P| 041-US-0025|      |38715830| 84590510|    |      |38|00|000|N|    25015660|N|2|      25|0|        |041-US-0025  -000 @   18.096  From: US 25X  To: KY
S|21|041P16|5|1|22|5R|1|T|1|3|H|1|3|F|13| |1|0| |2|L| |P| 041-US-0025|      |38715830| 84590510|    |      |38|00|000|N|    25015660|N|2|      25|0|        |041-US-0025  -000 @   18.096  From: US 25X  To: KY
S|21|041P23|1|1|22|1R|3|T|3|3|H|3|3|F|13| |0|0| |2|L|Q|P| 041-I -0075|164200|38764300| 84608460|    |      |62|00|081|Y|    75144443|Y|1|      75|0|        |041-I -0075  -000 @  164.200  From: KY 22  To: KY 
S|21|041P23|1|2|22|1R|3|T|3|3|H|3|3|F|13| |0|0| |2|L|Q|P| 041-I -0075|164200|38764300| 84608460|    |      |62|00|081|Y|    75144443|Y|1|      75|0|        |041-I -0075  -000 @  164.200  From: KY 22  To: KY 
S|21|041P23|1|3|22|1R|3|T|3|3|H|3|3|F|13| |0|0| |2|L|Q|P| 041-I -0075|164200|38764300| 84608460|    |      |62|00|081|Y|    75144443|Y|1|      75|0|        |041-I -0075  -000 @  164.200  From: KY 22  To: KY 
S|21|041P23|5|1|22|1R|3|T|3|3|H|3|3|F|13| |0|0| |2|L|Q|P| 041-I -0075|164200|38764300| 84608460|    |      |62|00|081|Y|    75144443|Y|1|      75|0|        |041-I -0075  -000 @  164.200  From: KY 22  To: KY 
S|21|041P23|5|2|22|1R|3|T|3|3|H|3|3|F|13| |0|0| |2|L|Q|P| 041-I -0075|164200|38764300| 84608460|    |      |62|00|081|Y|    75144443|Y|1|      75|0|        |041-I -0075  -000 @  164.200  From: KY 22  To: KY 
S|21|041P23|5|3|22|1R|3|T|3|3|H|3|3|F|13| |0|0| |2|L|Q|P| 041-I -0075|164200|38764300| 84608460|    |      |62|00|081|Y|    75144443|Y|1|      75|0|        |041-I -0075  -000 @  164.200  From: KY 22  To: KY 
S|21|042P10|1|1|22|5R|1|T|1|3|N|1|3|F|13| |0|0| |2|L|Q|P| 042-US-0045|      |36630650| 88756950|    |      |38|00|083|N|            |N|2|      45|0|        |042-US-0045  -000 @    6.200  From: HICKMAN COUNTY
S|21|042P10|5|1|22|5R|1|T|1|3|N|1|3|F|13| |0|0| |2|L|Q|P| 042-US-0045|      |36630650| 88756950|    |      |38|00|083|N|            |N|2|      45|0|        |042-US-0045  -000 @    6.200  From: HICKMAN COUNTY
S|21|043P08|3|1|22|5R|1|T|1|3|H|1|3|F|13| |0|0| |2|L|Q|P| 043-US-0062|      |37429110| 86429300|    |      |38|00|085|Y|____62  9042|Y|2|      62|0|        |043-US-0062  -000 @   12.100  From: BROOKS ROAD  T
S|21|043P08|7|1|22|5R|1|T|1|3|H|1|3|F|13| |0|0| |2|L|Q|P| 043-US-0062|      |37429110| 86429300|    |      |38|00|085|Y|____62  9042|Y|2|      62|0|        |043-US-0062  -000 @   12.100  From: BROOKS ROAD  T
S|21|046P35|3|1|22|4R|1|T|1|3|H|1|2|F|13| |0|0| |2|L| |P| 046-US-0060|      |37871090| 86704920|    |      |63|00|091|Y|____60  0000|N|2|      60|0|        |046-US-0060  -000 @   13.800  From: KY 69  To: KY 
S|21|046P35|7|1|22|4R|1|T|1|3|H|1|2|F|13| |0|0| |2|L| |P| 046-US-0060|      |37871090| 86704920|    |      |63|00|091|Y|____60  0000|N|2|      60|0|        |046-US-0060  -000 @   13.800  From: KY 69  To: KY 
S|21|047P07|1|1|22|3U|2|T|2|3|H|2|3|F|13| |2|0| |2|L|Q|P|047-US-0031W|      |37863260| 85956420|    |      |38|00|000|N|00031W029497|N|2|     31W|0|        |047-US-0031W -000 @   29.590  From: KNOX BOULEVARD
S|21|047P07|1|2|22|3U|2|T|2|3|H|2|3|F|13| |2|0| |2|L|Q|P|047-US-0031W|      |37863260| 85956420|    |      |38|00|000|N|00031W029497|N|2|     31W|0|        |047-US-0031W -000 @   29.590  From: KNOX BOULEVARD
S|21|047P07|5|1|22|3U|2|T|2|3|H|2|3|F|13| |2|0| |2|L|Q|P|047-US-0031W|      |37863260| 85956420|    |      |38|00|000|N|00031W029497|N|2|     31W|0|        |047-US-0031W -000 @   29.590  From: KNOX BOULEVARD
S|21|047P07|5|2|22|3U|2|T|2|3|H|2|3|F|13| |2|0| |2|L|Q|P|047-US-0031W|      |37863260| 85956420|    |      |38|00|000|N|00031W029497|N|2|     31W|0|        |047-US-0031W -000 @   29.590  From: KNOX BOULEVARD
S|21|047P68|1|1|22|1U|3|T|3|3|N|3|3|F|13|N|3|5|A|2|L|P|P|0047-I -0065|      |36851044| 83372878|    |      |07|00|000|N|__9065 91130|N|1|      65|1|       0|047-I -0065  -000 @   92.600  From: WESTERN KENTU 
S|21|047P68|1|2|22|1U|3|T|3|3|N|3|3|F|13|N|3|5|A|2|L|P|P|0047-I -0065|      |36851044| 83372878|    |      |07|00|000|N|__9065 91130|N|1|      65|1|       0|047-I -0065  -000 @   92.600  From: WESTERN KENTU 
S|21|047P68|1|3|22|1U|3|T|3|3|N|3|3|F|13|N|3|5|A|2|L|P|P|0047-I -0065|      |36851044| 83372878|    |      |07|00|000|N|__9065 91130|N|1|      65|1|       0|047-I -0065  -000 @   92.600  From: WESTERN KENTU 
S|21|047P68|5|1|22|1U|3|T|3|3|N|3|3|F|13|N|3|5|A|2|L|P|P|0047-I -0065|      |36851044| 83372878|    |      |07|00|000|N|__9065 91130|N|1|      65|1|       0|047-I -0065  -000 @   92.600  From: WESTERN KENTU 
S|21|047P68|5|2|22|1U|3|T|3|3|N|3|3|F|13|N|3|5|A|2|L|P|P|0047-I -0065|      |36851044| 83372878|    |      |07|00|000|N|__9065 91130|N|1|      65|1|       0|047-I -0065  -000 @   92.600  From: WESTERN KENTU 
S|21|047P68|5|3|22|1U|3|T|3|3|N|3|3|F|13|N|3|5|A|2|L|P|P|0047-I -0065|      |36851044| 83372878|    |      |07|00|000|N|__9065 91130|N|1|      65|1|       0|047-I -0065  -000 @   92.600  From: WESTERN KENTU 
S|21|048P18|1|0|22|3U|1|T|1|3|N|1|2|F|13| |0|0| |2|L|Q|P| 048-US-0119|      |36852480| 83370580|    |      |38|00|000|N|            |N|2|     119|0|        |048-US-0119  -000 @   10.100  From: KY 840  To: KY
S|21|048P18|1|1|22|3U|1|T|1|3|N|1|2|F|13| |0|0| |2|L|Q|P| 048-US-0119|      |36852480| 83370580|    |      |38|00|000|N|            |N|2|     119|0|        |048-US-0119  -000 @   10.100  From: KY 840  To: KY
S|21|048P18|5|0|22|3U|1|T|1|3|N|1|2|F|13| |0|0| |2|L|Q|P| 048-US-0119|      |36852480| 83370580|    |      |38|00|000|N|            |N|2|     119|0|        |048-US-0119   @   10.100                          
S|21|048P18|5|1|22|3U|1|T|1|3|N|1|2|F|13| |0|0| |2|L|Q|P| 048-US-0119|      |36852480| 83370580|    |      |38|00|000|N|            |N|2|     119|0|        |048-US-0119  -000 @   10.100  From: KY 840  To: KY
S|21|050P81|1|1|22|6R|1|T|1|3|H|1|3|F|13| |0|0| |2|L| |P| 050-KY-0677|  1200|37189300| 85732730|    |050362|14|00|099|N|            |N|3|     677|0|        |050-KY-0677  -000 @    1.200  From: KY 218 DEPARTU
S|21|050P81|5|1|22|6R|1|T|1|3|H|1|3|F|13| |0|0| |2|L| |P| 050-KY-0677|  1200|37189300| 85732730|    |050362|14|00|099|N|            |N|3|     677|0|        |050-KY-0677  -000 @    1.200  From: KY 218 DEPARTU
S|21|051P58|1|1|22|3U|2|T|2|3|H|2|3|F|13|T|2|5|M|2|Q|L|P| 051-US-0041|      |37887360| 87558700|    |      |01|00|101|Y|U00410018538|Y|2|      41|0|        |051-US-0041  -000 @   18.600  From: WATSON LANE  T
S|21|051P58|1|2|22|3U|2|T|2|3|H|2|3|F|13|T|2|5|M|2|Q|L|P| 051-US-0041|      |37887360| 87558700|    |      |01|00|101|Y|U00410018538|Y|2|      41|0|        |051-US-0041  -000 @   18.600  From: WATSON LANE  T
S|21|051P58|5|1|22|3U|2|T|2|3|H|2|3|F|13|T|2|5|M|2|Q|L|P| 051-US-0041|      |37887360| 87558700|    |      |01|00|101|Y|U00410018538|Y|2|      41|0|        |051-US-0041  -000 @   18.600  From: WATSON LANE  T
S|21|051P58|5|2|22|3U|2|T|2|3|H|2|3|F|13|T|2|5|M|2|Q|L|P| 051-US-0041|      |37887360| 87558700|    |      |01|00|101|Y|U00410018538|Y|2|      41|0|        |051-US-0041  -000 @   18.600  From: WATSON LANE  T
S|21|052P48|1|1|22|1R|2|T|2|3|H|2|3|F|13|T|2|5|M|2|Q|L|P| 052-I -0071|      |38529480| 85226560|    |      |71|00|103|Y|__9071 24727|Y|1|      71|0|        |052-I -0071  -000 @   34.600  From: US 421  To: TR
S|21|052P48|1|2|22|1R|2|T|2|3|H|2|3|F|13|T|2|5|M|2|Q|L|P| 052-I -0071|      |38529480| 85226560|    |      |71|00|103|Y|__9071 24727|Y|1|      71|0|        |052-I -0071  -000 @   34.600  From: US 421  To: TR
S|21|052P48|5|1|22|1R|2|T|2|3|H|2|3|F|13|T|2|5|M|2|Q|L|P| 052-I -0071|      |38529480| 85226560|    |      |71|00|103|Y|__9071 24727|Y|1|      71|0|        |052-I -0071  -000 @   34.600  From: US 421  To: TR
S|21|052P48|5|2|22|1R|2|T|2|3|H|2|3|F|13|T|2|5|M|2|Q|L|P| 052-I -0071|      |38529480| 85226560|    |      |71|00|103|Y|__9071 24727|Y|1|      71|0|        |052-I -0071  -000 @   34.600  From: US 421  To: TR
S|21|056P14|3|1|22|4U|1|T|1|3|H|1|3|F|13| |0|0| |2|L| |P| 056-KY-1142|  1400|38151160| 85779000|    |      |85|00|111|Y|  1142000660|N|3|    1142|0|        |056-KY-1142  -000 @    1.400  From: KY 1931 (SAINT
S|21|056P14|7|1|22|4U|1|T|1|3|H|1|3|F|13| |0|0| |2|L| |P| 056-KY-1142|  1400|38151160| 85779000|    |      |85|00|111|Y|  1142000660|N|3|    1142|0|        |056-KY-1142  -000 @    1.400  From: KY 1931 (SAINT
S|21|056P21|1|1|22|3U|2|T|2|3|N|2|2|F|01| |0|0| |2|L| |P|056-US-0031E|  7850|38232310| 85710050|    |      |38|00|111|N|            |N|2|     31E|0|        |056-US-0031E  @   14.640                          
S|21|056P21|1|2|22|3U|2|T|2|3|N|2|2|F|01| |0|0| |2|L| |P|056-US-0031E|  7850|38232310| 85710050|    |      |38|00|111|N|            |N|2|     31E|0|        |056-US-0031E  @   14.640                          
S|21|056P21|5|1|22|3U|2|T|2|3|N|2|2|F|01| |0|0| |2|L| |P|056-US-0031E|  7850|38232310| 85710050|    |      |38|00|111|N|            |N|2|     31E|0|        |056-US-0031E  @   14.640                          
S|21|056P21|5|2|22|3U|2|T|2|3|N|2|2|F|01| |0|0| |2|L| |P|056-US-0031E|  7850|38232310| 85710050|    |      |38|00|111|N|            |N|2|     31E|0|        |056-US-0031E  @   14.640                          
S|21|056P80|1|1|22|3U|2|T|2|3|N|2|3|F|13|T|2|5|M|2|Q|L|P|056-US-0031E|  7950|38175220| 85615140|    |      |98|00|111|N|            |Y|2|     31E|0|        |056-US-0031E  @    7.950                          
S|21|056P80|1|2|22|3U|2|T|2|3|N|2|3|F|13|T|2|5|M|2|Q|L|P|056-US-0031E|  7950|38175220| 85615140|    |      |98|00|111|N|            |Y|2|     31E|0|        |056-US-0031E  @    7.950                          
S|21|056P80|5|1|22|3U|2|T|2|3|N|2|3|F|13|T|2|5|M|2|Q|L|P|056-US-0031E|  7950|38175220| 85615140|    |      |98|00|111|N|            |Y|2|     31E|0|        |056-US-0031E  @    7.950                          
S|21|056P80|5|2|22|3U|2|T|2|3|N|2|3|F|13|T|2|5|M|2|Q|L|P|056-US-0031E|  7950|38175220| 85615140|    |      |98|00|111|N|            |Y|2|     31E|0|        |056-US-0031E  @    7.950                          
S|21|056P84|1|1|22|4U|2|T|2|3|H|2|3|F|13| |0|0| |2|L| |P| 056-KY-0061|   100|38086040| 85668080|    |      |66|00|111|Y|    61000000|N|3|      61|0|        |056-KY-0061  -000 @     .100  From: BULLITT COUNTY
S|21|056P84|1|2|22|4U|2|T|2|3|H|2|3|F|13| |0|0| |2|L| |P| 056-KY-0061|   100|38086040| 85668080|    |      |66|00|111|Y|    61000000|N|3|      61|0|        |056-KY-0061  -000 @     .100  From: BULLITT COUNTY
S|21|056P84|5|1|22|4U|2|T|2|3|H|2|3|F|13| |0|0| |2|L| |P| 056-KY-0061|   100|38086040| 85668080|    |      |66|00|111|Y|    61000000|N|3|      61|0|        |056-KY-0061  -000 @     .100  From: BULLITT COUNTY
S|21|056P84|5|2|22|4U|2|T|2|3|H|2|3|F|13| |0|0| |2|L| |P| 056-KY-0061|   100|38086040| 85668080|    |      |66|00|111|Y|    61000000|N|3|      61|0|        |056-KY-0061  -000 @     .100  From: BULLITT COUNTY
S|21|056P92|3|1|22|1U|3|T|3|3|H|3|3|F|13| |0|0| |2|L|Q|P| 056-I -0064|  2000|38274080| 85787200|    |      |94|00|111|Y|__9064  5062|Y|1|      64|0|        |056-I -0064  -000 @    2.000  From: I 264  To: 22N
S|21|056P92|3|2|22|1U|3|T|3|3|H|3|3|F|13| |0|0| |2|L|Q|P| 056-I -0064|  2000|38274080| 85787200|    |      |94|00|111|Y|__9064  5062|Y|1|      64|0|        |056-I -0064  -000 @    2.000  From: I 264  To: 22N
S|21|056P92|3|3|22|1U|3|T|3|3|H|3|3|F|13| |0|0| |2|L|Q|P| 056-I -0064|  2000|38274080| 85787200|    |      |94|00|111|Y|__9064  5062|Y|1|      64|0|        |056-I -0064  -000 @    2.000  From: I 264  To: 22N
S|21|056P92|7|1|22|1U|3|T|3|3|H|3|3|F|13| |0|0| |2|L|Q|P| 056-I -0064|  2000|38274080| 85787200|    |      |94|00|111|Y|__9064  5062|Y|1|      64|0|        |056-I -0064  -000 @    2.000  From: I 264  To: 22N
S|21|056P92|7|2|22|1U|3|T|3|3|H|3|3|F|13| |0|0| |2|L|Q|P| 056-I -0064|  2000|38274080| 85787200|    |      |94|00|111|Y|__9064  5062|Y|1|      64|0|        |056-I -0064  -000 @    2.000  From: I 264  To: 22N
S|21|056P92|7|3|22|1U|3|T|3|3|H|3|3|F|13| |0|0| |2|L|Q|P| 056-I -0064|  2000|38274080| 85787200|    |      |94|00|111|Y|__9064  5062|Y|1|      64|0|        |056-I -0064  -000 @    2.000  From: I 264  To: 22N
S|21|056P94|3|1|22|1U|5|T|5|3|H|5|3|F|13| |0|0| |2|L| |P| 056-I -0264| 14905|38204830| 85681100|    |      |93|00|111|Y|__9264 13278|Y|1|     264|0|        |056-I -0264  -000 @   14.905  From: KY 1703 (NEWBU
S|21|056P94|3|2|22|1U|5|T|5|3|H|5|3|F|13| |0|0| |2|L| |P| 056-I -0264| 14905|38204830| 85681100|    |      |93|00|111|Y|__9264 13278|Y|1|     264|0|        |056-I -0264  -000 @   14.905  From: KY 1703 (NEWBU
S|21|056P94|3|3|22|1U|5|T|5|3|H|5|3|F|13| |0|0| |2|L| |P| 056-I -0264| 14905|38204830| 85681100|    |      |93|00|111|Y|__9264 13278|Y|1|     264|0|        |056-I -0264  -000 @   14.905  From: KY 1703 (NEWBU
S|21|056P94|3|4|22|1U|5|T|5|3|H|5|3|F|13| |0|0| |2|L| |P| 056-I -0264| 14905|38204830| 85681100|    |      |93|00|111|Y|__9264 13278|Y|1|     264|0|        |056-I -0264  -000 @   14.905  From: KY 1703 (NEWBU
S|21|056P94|3|5|22|1U|5|T|5|3|H|5|3|F|13| |0|0| |2|L| |P| 056-I -0264| 14905|38204830| 85681100|    |      |93|00|111|Y|__9264 13278|Y|1|     264|0|        |056-I -0264  -000 @   14.905  From: KY 1703 (NEWBU
S|21|056P94|7|1|22|1U|4|T|4|3|H|4|3|F|13| |0|0| |2|L| |P| 056-I -0264| 14905|38204830| 85681100|    |      |93|00|111|Y|__9264 13278|Y|1|     264|0|        |056-I -0264  -000 @   14.905  From: KY 1703 (NEWBU
S|21|056P94|7|2|22|1U|4|T|4|3|H|4|3|F|13| |0|0| |2|L| |P| 056-I -0264| 14905|38204830| 85681100|    |      |93|00|111|Y|__9264 13278|Y|1|     264|0|        |056-I -0264  -000 @   14.905  From: KY 1703 (NEWBU
S|21|056P94|7|3|22|1U|4|T|4|3|H|4|3|F|13| |0|0| |2|L| |P| 056-I -0264| 14905|38204830| 85681100|    |      |93|00|111|Y|__9264 13278|Y|1|     264|0|        |056-I -0264  -000 @   14.905  From: KY 1703 (NEWBU
S|21|056P94|7|4|22|1U|4|T|4|3|H|4|3|F|13| |0|0| |2|L| |P| 056-I -0264| 14905|38204830| 85681100|    |      |93|00|111|Y|__9264 13278|Y|1|     264|0|        |056-I -0264  -000 @   14.905  From: KY 1703 (NEWBU
S|21|056P94|7|5|22|1U|5|T|5|3|H|5|3|F|13| |0|0| |2|L| |P| 056-I -0264| 14905|38204830| 85681100|    |      |93|00|111|Y|__9264 13278|Y|1|     264|0|        |056-I -0264  -000 @   14.905  From: KY 1703 (NEWBU
S|21|056P98|1|1|22|1U|2|T|2|3|H|2|3|F|13|T|2|5|M|2|Q|L|P| 056-I -0265| 16130|38132570| 85600510|    |      |89|00|111|Y|   265013540|Y|1|     265|0|        |056-I -0265  -000 @   16.130  From: KY 864 (BEULAH
S|21|056P98|1|2|22|1U|2|T|2|3|H|2|3|F|13|T|2|5|M|2|Q|L|P| 056-I -0265| 16130|38132570| 85600510|    |      |89|00|111|Y|   265013540|Y|1|     265|0|        |056-I -0265  -000 @   16.130  From: KY 864 (BEULAH
S|21|056P98|5|1|22|1U|2|T|2|3|H|2|3|F|13|T|2|5|M|2|Q|L|P| 056-I -0265| 16130|38132570| 85600510|    |      |89|00|111|Y|   265013540|Y|1|     265|0|        |056-I -0265  -000 @   16.130  From: KY 864 (BEULAH
S|21|056P98|5|2|22|1U|2|T|2|3|H|2|3|F|13|T|2|5|M|2|Q|L|P| 056-I -0265| 16130|38132570| 85600510|    |      |89|00|111|Y|   265013540|Y|1|     265|0|        |056-I -0265  -000 @   16.130  From: KY 864 (BEULAH
S|21|056P99|1|1|22|1U|3|T|3|3|H|3|3|F|00| |0|0| |2|Q|L|P| 056-I -0065|133410|38218710| 85752030|    |      |82|00|111|Y|    65131074|Y|1|      65|0|        |056-I -0065  -000 @  133.410  From: US 60 A (WAS S
S|21|056P99|1|2|22|1U|3|T|3|3|H|3|3|F|00| |0|0| |2|Q|L|P| 056-I -0065|133410|38218710| 85752030|    |      |82|00|111|Y|    65131074|Y|1|      65|0|        |056-I -0065  -000 @  133.410  From: US 60 A (WAS S
S|21|056P99|1|3|22|1U|3|T|3|3|H|3|3|F|00| |0|0| |2|Q|L|P| 056-I -0065|133410|38218710| 85752030|    |      |82|00|111|Y|    65131074|Y|1|      65|0|        |056-I -0065  -000 @  133.410  From: US 60 A (WAS S
S|21|056P99|5|1|22|1U|3|T|3|3|H|3|3|F|00| |0|0| |2|Q|L|P| 056-I -0065|133410|38218710| 85752030|    |      |82|00|111|Y|    65131074|Y|1|      65|0|        |056-I -0065  -000 @  133.410  From: US 60 A (WAS S
S|21|056P99|5|2|22|1U|3|T|3|3|H|3|3|F|00| |0|0| |2|Q|L|P| 056-I -0065|133410|38218710| 85752030|    |      |82|00|111|Y|    65131074|Y|1|      65|0|        |056-I -0065  -000 @  133.410  From: US 60 A (WAS S
S|21|056P99|5|3|22|1U|3|T|3|3|H|3|3|F|00| |0|0| |2|Q|L|P| 056-I -0065|133410|38218710| 85752030|    |      |82|00|111|Y|    65131074|Y|1|      65|0|        |056-I -0065  -000 @  133.410  From: US 60 A (WAS S
S|21|057P65|1|1|22|3R|2|T|2|3|H|2|3|F|13|T|2|5|M|2|Q|L|P| 057-US-0027|      |37792140| 84604390|    |      |98|00|113|Y|____27  0000|Y|2|      27|0|        |057-US-0027  -000 @    1.600  From: GARRARD COUNTY
S|21|057P65|1|2|22|3R|2|T|2|3|H|2|3|F|13|T|2|5|M|2|Q|L|P| 057-US-0027|      |37792140| 84604390|    |      |98|00|113|Y|____27  0000|Y|2|      27|0|        |057-US-0027  -000 @    1.600  From: GARRARD COUNTY
S|21|057P65|5|1|22|3R|2|T|2|3|H|2|3|F|13|T|2|5|M|2|Q|L|P| 057-US-0027|      |37792140| 84604390|    |      |98|00|113|Y|____27  0000|Y|2|      27|0|        |057-US-0027  -000 @    1.600  From: GARRARD COUNTY
S|21|057P65|5|2|22|3R|2|T|2|3|H|2|3|F|13|T|2|5|M|2|Q|L|P| 057-US-0027|      |37792140| 84604390|    |      |98|00|113|Y|____27  0000|Y|2|      27|0|        |057-US-0027  -000 @    1.600  From: GARRARD COUNTY
S|21|059P49|1|1|22|5U|4|T|4|3|H|4|2|F|00| |0|0| |2|L| |P| 059-KY-0371|  3170|39049620| 84576460|    |      |70|00|117|Y|000371003006|N|3|     371|0|        |059-KY-0371  -000 @    3.170  From: I 71 OVERPASS 
S|21|059P49|1|2|22|5U|4|T|4|3|H|4|2|F|00| |0|0| |2|L| |P| 059-KY-0371|  3170|39049620| 84576460|    |      |70|00|117|Y|000371003006|N|3|     371|0|        |059-KY-0371  -000 @    3.170  From: I 71 OVERPASS 
S|21|059P49|1|3|22|5U|4|T|4|3|H|4|2|F|00| |0|0| |2|L| |P| 059-KY-0371|  3170|39049620| 84576460|    |      |70|00|117|Y|000371003006|N|3|     371|0|        |059-KY-0371  -000 @    3.170  From: I 71 OVERPASS 
S|21|059P49|1|4|22|5U|4|T|4|3|H|4|2|F|00| |0|0| |2|L| |P| 059-KY-0371|  3170|39049620| 84576460|    |      |70|00|117|Y|000371003006|N|3|     371|0|        |059-KY-0371  -000 @    3.170  From: I 71 OVERPASS 
S|21|059P49|5|1|22|5U|3|T|3|3|H|3|2|F|00| |0|0| |2|L| |P| 059-KY-0371|  3170|39049620| 84576460|    |      |70|00|117|Y|000371003006|N|3|     371|0|        |059-KY-0371  -000 @    3.170  From: I 71 OVERPASS 
S|21|059P49|5|2|22|5U|3|T|3|3|H|3|2|F|00| |0|0| |2|L| |P| 059-KY-0371|  3170|39049620| 84576460|    |      |70|00|117|Y|000371003006|N|3|     371|0|        |059-KY-0371  -000 @    3.170  From: I 71 OVERPASS 
S|21|059P49|5|3|22|5U|3|T|3|3|H|3|2|F|00| |0|0| |2|L| |P| 059-KY-0371|  3170|39049620| 84576460|    |      |70|00|117|Y|000371003006|N|3|     371|0|        |059-KY-0371  -000 @    3.170  From: I 71 OVERPASS 
S|21|059P93|1|1|22|1U|3|T|3|3|H|3|3|F|13| |0|0| |2|L| |P| 059-I -0075|189300|39061730| 84525280|    |      |94|00|117|Y|__9075187502|Y|1|      75|0|        |059-I -0075  -000 @  189.350  From: KY 1072 (KYLES
S|21|059P93|1|2|22|1U|3|T|3|3|H|3|3|F|13| |0|0| |2|L| |P| 059-I -0075|189300|39061730| 84525280|    |      |94|00|117|Y|__9075187502|Y|1|      75|0|        |059-I -0075  -000 @  189.350  From: KY 1072 (KYLES
S|21|059P93|1|3|22|1U|3|T|3|3|H|3|3|F|13| |0|0| |2|L| |P| 059-I -0075|189300|39061730| 84525280|    |      |94|00|117|Y|__9075187502|Y|1|      75|0|        |059-I -0075  -000 @  189.350  From: KY 1072 (KYLES
S|21|059P93|5|1|22|1U|4|T|4|3|H|4|3|F|13| |0|0| |2|L| |P| 059-I -0075|189300|39061730| 84525280|    |      |94|00|117|Y|__9075187502|Y|1|      75|0|        |059-I -0075  -000 @  189.350  From: KY 1072 (KYLES
S|21|059P93|5|2|22|1U|4|T|4|3|H|4|3|F|13| |0|0| |2|L| |P| 059-I -0075|189300|39061730| 84525280|    |      |94|00|117|Y|__9075187502|Y|1|      75|0|        |059-I -0075  -000 @  189.350  From: KY 1072 (KYLES
S|21|059P93|5|3|22|1U|4|T|4|3|H|4|3|F|13| |0|0| |2|L| |P| 059-I -0075|189300|39061730| 84525280|    |      |94|00|117|Y|__9075187502|Y|1|      75|0|        |059-I -0075  -000 @  189.350  From: KY 1072 (KYLES
S|21|059P93|5|4|22|1U|4|T|4|3|H|4|3|F|13| |0|0| |2|L| |P| 059-I -0075|189300|39061730| 84525280|    |      |94|00|117|Y|__9075187502|Y|1|      75|0|        |059-I -0075  -000 @  189.350  From: KY 1072 (KYLES
S|21|063P76|3|1|22|3R|1|T|1|3|H|1|3|F|13|T|1|5|M|2|Q|L|P| 063-HR-9006|      |37106950| 83951650|    |      |96|00|125|Y|__9006  8806|Y|3|    9006|0|        |063-HR-9006  -000 @    9.150  From: KY 192  To: CL
S|21|063P76|7|1|22|3R|1|T|1|3|H|1|3|F|13|T|1|5|M|2|Q|L|P| 063-HR-9006|      |37106950| 83951650|    |      |96|00|125|Y|__9006  8806|Y|3|    9006|0|        |063-HR-9006  -000 @    9.150  From: KY 192  To: CL
S|21|064P77|1|1|22|3R|2|T|2|3|H|2|3|F|13|T|2|5|M|2|Q|L|P| 064-US-0023|      |37934970| 82683480|    |      |96|00|127|Y|____23  0000|Y|2|      23|0|        |064-US-0023  -000 @    3.500  From: JOHNSON COUNTY
S|21|064P77|1|2|22|3R|2|T|2|3|H|2|3|F|13|T|2|5|M|2|Q|L|P| 064-US-0023|      |37934970| 82683480|    |      |96|00|127|Y|____23  0000|Y|2|      23|0|        |064-US-0023  -000 @    3.500  From: JOHNSON COUNTY
S|21|064P77|5|1|22|3R|2|T|2|3|H|2|3|F|13|T|2|5|M|2|Q|L|P| 064-US-0023|      |37934970| 82683480|    |      |96|00|127|Y|____23  0000|Y|2|      23|0|        |064-US-0023  -000 @    3.500  From: JOHNSON COUNTY
S|21|064P77|5|2|22|3R|2|T|2|3|H|2|3|F|13|T|2|5|M|2|Q|L|P| 064-US-0023|      |37934970| 82683480|    |      |96|00|127|Y|____23  0000|Y|2|      23|0|        |064-US-0023  -000 @    3.500  From: JOHNSON COUNTY
S|21|068P52|1|1|22|3R|1|T|1|3|H|1|2|F|13|T|1|5|M|2|L|Q|P| 068-KY-0009|      |38586240| 83392680|    |      |91|00|135|Y|000546000000|Y|3|       9|0|        |068-KY-0009  -000 @   15.900  From: KY 3037  To: C
S|21|068P52|5|1|22|3R|1|T|1|3|H|1|2|F|13|T|1|5|M|2|L|Q|P| 068-KY-0009|      |38586240| 83392680|    |      |91|00|135|Y|000546000000|Y|3|       9|0|        |068-KY-0009  -000 @   15.900  From: KY 3037  To: C
S|21|071P38|3|1|22|3R|2|T|2|3|H|2|3|F|13| |0|0| |2|Q|L|P| 071-US-0068|      |36814510| 87014480|    |      |63|00|141|Y|____68  0000|Y|2|      68|0|        |071-US-0068  -000 @    2.600  From: TODD COUNTY LI
S|21|071P38|3|2|22|3R|2|T|2|3|H|2|3|F|13| |0|0| |2|Q|L|P| 071-US-0068|      |36814510| 87014480|    |      |63|00|141|Y|____68  0000|Y|2|      68|0|        |071-US-0068  -000 @    2.600  From: TODD COUNTY LI
S|21|071P38|7|1|22|3R|2|T|2|3|H|2|3|F|13| |0|0| |2|Q|L|P| 071-US-0068|      |36814510| 87014480|    |      |63|00|141|Y|____68  0000|Y|2|      68|0|        |071-US-0068  -000 @    2.600  From: TODD COUNTY LI
S|21|071P38|7|2|22|3R|2|T|2|3|H|2|3|F|13| |0|0| |2|Q|L|P| 071-US-0068|      |36814510| 87014480|    |      |63|00|141|Y|____68  0000|Y|2|      68|0|        |071-US-0068  -000 @    2.600  From: TODD COUNTY LI
S|21|072P51|3|1|22|1R|2|T|2|3|H|2|3|F|13|T|2|5|M|2|Q|L|P| 072-I -0024|      |37068100| 88160890|    |      |84|00|143|Y|  9024033880|Y|1|      24|0|        |072-I -0024  -000 @   37.286  From: LIVINGSTON COU
S|21|072P51|3|2|22|1R|2|T|2|3|H|2|3|F|13|T|2|5|M|2|Q|L|P| 072-I -0024|      |37068100| 88160890|    |      |84|00|143|Y|  9024033880|Y|1|      24|0|        |072-I -0024  -000 @   37.286  From: LIVINGSTON COU
S|21|072P51|7|1|22|1R|2|T|2|3|H|2|3|F|13|T|2|5|M|2|Q|L|P| 072-I -0024|      |37068100| 88160890|    |      |84|00|143|Y|  9024033880|Y|1|      24|0|        |072-I -0024  -000 @   37.286  From: LIVINGSTON COU
S|21|072P51|7|2|22|1R|2|T|2|3|H|2|3|F|13|T|2|5|M|2|Q|L|P| 072-I -0024|      |37068100| 88160890|    |      |84|00|143|Y|  9024033880|Y|1|      24|0|        |072-I -0024  -000 @   37.286  From: LIVINGSTON COU
S|21|073P04|3|1|22|5U|1|T|1|3|N|1|2|F|00| |0|0| |2|L| |P| 073-CS-1132|      |37072400| 88653230|    |      |01|00|145|Y|      650 05|N|4|        |0|        |073-CS-1132  -000 @     .600  From: KY 731  To: BU
S|21|073P04|7|1|22|5U|1|T|1|3|N|1|2|F|00| |0|0| |2|L| |P| 073-CS-1132|      |37072400| 88653230|    |      |01|00|145|Y|      650 05|N|4|        |0|        |073-CS-1132  -000 @     .600  From: KY 731  To: BU
S|21|076P87|3|1|22|4U|2|T|2|3|H|2|3|G|13|N|2|5|M|2|P|P|P|0076-KY-0052|      |37743349| 84261782|    |      |13|00|151|N|            |N|3|      52|0|       0|076-KY-0052  -000 @   13.088  From: US 25  To: GRE
S|21|076P87|3|2|22|4U|2|T|2|3|H|2|3|G|13|N|2|5|M|2|P|P|P|0076-KY-0052|      |37743349| 84261782|    |      |13|00|151|N|            |N|3|      52|0|       0|076-KY-0052  -000 @   13.088  From: US 25  To: GRE
S|21|076P87|7|1|22|4U|2|T|2|3|H|2|3|G|13|N|2|5|M|2|P|P|P|0076-KY-0052|      |37743349| 84261782|    |      |13|00|151|N|            |N|3|      52|0|       0|076-KY-0052  -000 @   13.088  From: US 25  To: GRE
S|21|076P87|7|2|22|4U|2|T|2|3|H|2|3|G|13|N|2|5|M|2|P|P|P|0076-KY-0052|      |37743349| 84261782|    |      |13|00|151|N|            |N|3|      52|0|       0|076-KY-0052  -000 @   13.088  From: US 25  To: GRE
S|21|078P24|3|1|22|4U|1|T|1|3|N|1|3|F|13| |0|0| |2|L| |P| 078-US-0068|      |37566110| 85260260|    |      |62|00|155|N|            |N|2|      68|0|        |078-US-0068  -000 @   10.800  From: HAMILTON HEIGH
S|21|078P24|7|1|22|4U|1|T|1|3|N|1|3|F|13| |0|0| |2|L| |P| 078-US-0068|      |37566110| 85260260|    |      |62|00|155|N|            |N|2|      68|0|        |078-US-0068  -000 @   10.800  From: HAMILTON HEIGH
S|21|079P39|1|1|22|4R|1|T|1|3|N|1|3|D|00| |0|0| |2|L| |P| 079-US-0641| 18200|36984690| 88294290|    |      |63|00|157|N|            |N|2|     641|0|        |079-US-0641  -000 @   18.200  From: KY 1422 (TATUM
S|21|079P39|5|1|22|4R|1|T|1|3|N|1|3|D|00| |0|0| |2|L| |P| 079-US-0641| 18200|36984690| 88294290|    |      |63|00|157|N|            |N|2|     641|0|        |079-US-0641  -000 @   18.200  From: KY 1422 (TATUM
S|21|083P29|3|1|22|4R|2|T|2|3|H|2|3|F|13| |0|0| |2|L|Q|P| 083-US-0460|      |37959820| 83671760|    |      |62|00|165|Y|___460  0000|N|2|     460|0|        |083-US-0460  -000 @    5.000  From: KY 713 W (W FO
S|21|083P29|3|2|22|4R|2|T|2|3|H|2|3|F|13| |0|0| |2|L|Q|P| 083-US-0460|      |37959820| 83671760|    |      |62|00|165|Y|___460  0000|N|2|     460|0|        |083-US-0460  -000 @    5.000  From: KY 713 W (W FO
S|21|083P29|7|1|22|4R|1|T|1|3|H|1|3|F|13| |0|0| |2|L|Q|P| 083-US-0460|      |37959820| 83671760|    |      |62|00|165|Y|___460  0000|N|2|     460|0|        |083-US-0460  -000 @    5.000  From: KY 713 W (W FO
S|21|084P25|1|1|22|3R|2|T|2|3|N|2|3|F|13|B|2|5|M|2|P|P|P|0084-US-0127|     3|37731108| 84830650|    |      |62|00|167|Y|084U0127 000|Y|2|     127|9|00000000|084-US-0127  -000 @    2.300  From: BOYLE COUNTY  
S|21|084P25|1|2|22|3R|2|T|2|3|N|2|3|F|13|B|2|5|M|2|P|P|P|0084-US-0127|     3|37731108| 84830650|    |      |62|00|167|Y|084U0127 000|Y|2|     127|9|00000000|084-US-0127  -000 @    2.300  From: BOYLE COUNTY  
S|21|084P25|5|1|22|3R|2|T|2|3|N|2|3|F|13|B|2|5|M|2|P|P|P|0084-US-0127|     3|37731108| 84830650|    |      |62|00|167|Y|084U0127 000|Y|2|     127|9|00000000|084-US-0127  -000 @    2.300  From: BOYLE COUNTY  
S|21|084P25|5|2|22|3R|2|T|2|3|N|2|3|F|13|B|2|5|M|2|P|P|P|0084-US-0127|     3|37731108| 84830650|    |      |62|00|167|Y|084U0127 000|Y|2|     127|9|00000000|084-US-0127  -000 @    2.300  From: BOYLE COUNTY  
S|21|089P40|3|1|22|3R|2|T|2|3|H|2|3|F|13| |0|0| |2|Q|L|P| 089-WK-9001|      |37278640| 87123930|    |      |00|00|177|Y|__9001 43424|Y|3|    9001|0|        |089-WK-9001  -000 @   57.100  From: KY 181 OVERPAS
S|21|089P40|3|2|22|3R|2|T|2|3|H|2|3|F|13| |0|0| |2|Q|L|P| 089-WK-9001|      |37278640| 87123930|    |      |00|00|177|Y|__9001 43424|Y|3|    9001|0|        |089-WK-9001  -000 @   57.100  From: KY 181 OVERPAS
S|21|089P40|7|1|22|3R|2|T|2|3|H|2|3|F|13| |0|0| |2|Q|L|P| 089-WK-9001|      |37278640| 87123930|    |      |00|00|177|Y|__9001 43424|Y|3|    9001|0|        |089-WK-9001  -000 @   57.100  From: KY 181 OVERPAS
S|21|089P40|7|2|22|3R|2|T|2|3|H|2|3|F|13| |0|0| |2|Q|L|P| 089-WK-9001|      |37278640| 87123930|    |      |00|00|177|Y|__9001 43424|Y|3|    9001|0|        |089-WK-9001  -000 @   57.100  From: KY 181 OVERPAS
S|21|090P54|3|1|22|3R|2|T|2|3|N|2|3|F|13|N|2|5|M|2|P|P|P|0090-BG-9002|    38|37882892| 85226306|    |      |00|00|179|N|            |Y|3|    9002|9|00000000|090-BG-9002  -000 @   37.600  From: KY 55 OVER-PA 
S|21|090P54|3|2|22|3R|2|T|2|3|N|2|3|F|13|N|2|5|M|2|P|P|P|0090-BG-9002|    38|37882892| 85226306|    |      |00|00|179|N|            |Y|3|    9002|9|00000000|090-BG-9002  -000 @   37.600  From: KY 55 OVER-PA 
S|21|090P54|7|1|22|3R|2|T|2|3|N|2|3|F|13|N|2|5|M|2|P|P|P|0090-BG-9002|    38|37882892| 85226306|    |      |00|00|179|N|            |Y|3|    9002|9|00000000|090-BG-9002  -000 @   37.600  From: KY 55 OVER-PA 
S|21|090P54|7|2|22|3R|2|T|2|3|N|2|3|F|13|N|2|5|M|2|P|P|P|0090-BG-9002|    38|37882892| 85226306|    |      |00|00|179|N|            |Y|3|    9002|9|00000000|090-BG-9002  -000 @   37.600  From: KY 55 OVER-PA 
S|21|092P36|3|1|22|5R|1|T|1|3|H|1|3|F|13| |1|0| |2|Q|L|P| 092-KY-0054|      |37618800| 86694370|    |      |63|00|183|N|    54008558|N|3|      54|0|        |092-KY-0054  -000 @    9.600  From: KY 261  To: KY
S|21|092P36|7|1|22|5R|1|T|1|3|H|1|3|F|13| |1|0| |2|Q|L|P| 092-KY-0054|      |37618800| 86694370|    |      |63|00|183|N|    54008558|N|3|      54|0|        |092-KY-0054  -000 @    9.600  From: KY 261  To: KY
S|21|094P55|1|1|22|4R|1|T|1|3|N|1|3|F|13| |0|0| |2|Q|L|P| 094-US-0127|  4120|38408724| 84853952|    |      |01|00|187|N|            |N|2|     127|2|        |094-US-0127  -000 @    4.133  From: FRANKLIN COUNT
S|21|094P55|5|1|22|4R|1|T|1|3|N|1|3|F|13| |0|0| |2|Q|L|P| 094-US-0127|  4120|38408724| 84853952|    |      |01|00|187|N|            |N|2|     127|2|        |094-US-0127  -000 @    4.133  From: FRANKLIN COUNT
S|21|095P73|1|1|22|5R|1|T|1|3|N|1|3|F|13|N|1|5|M|2|Q|Q|P|0095-KY-0011|    13|37477526| 83685037|    |      |90|00|189|Y|000011012118|N|3|      11|9|00000000|095-KY-0011  -000 @   12.670  From: KY 30  To: KY 
S|21|095P73|5|1|22|5R|1|T|1|3|N|1|3|F|13|N|1|5|M|2|Q|Q|P|0095-KY-0011|    13|37477526| 83685037|    |      |90|00|189|Y|000011012118|N|3|      11|9|00000000|095-KY-0011  -000 @   12.670  From: KY 30  To: KY 
S|21|096P27|1|1|22|4R|1|T|1|3|H|1|3|F|13|T|1|5|M|2|Q|L|P| 096-US-0027|      |38645390| 84321010|    |      |62|00|191|Y|    27000000|N|2|      27|0|        |096-US-0027  -000 @    6.165  From: KY 1053(BROADF
S|21|096P27|5|1|22|4R|1|T|1|3|H|1|3|F|13|T|1|5|M|2|Q|L|P| 096-US-0027|      |38645390| 84321010|    |      |62|00|191|Y|    27000000|N|2|      27|0|        |096-US-0027  -000 @    6.165  From: KY 1053(BROADF
S|21|098P12|1|1|22|3U|2|T|2|3|N|2|2|F|13| |0|0| |2|L|Q|P| 098-US-0023|      |37540380| 82581940|    |      |79|00|195|N|            |N|2|      23|0|        |098-US-0023  -000 @   30.954  From: KINNIKINNICK R
S|21|098P12|1|2|22|3U|2|T|2|3|N|2|2|F|13| |0|0| |2|L|Q|P| 098-US-0023|      |37540380| 82581940|    |      |79|00|195|N|            |N|2|      23|0|        |098-US-0023  -000 @   30.954  From: KINNIKINNICK R
S|21|098P12|5|1|22|3U|2|T|2|3|N|2|2|F|13| |0|0| |2|L|Q|P| 098-US-0023|      |37540380| 82581940|    |      |79|00|195|N|            |N|2|      23|0|        |098-US-0023  -000 @   30.954  From: KINNIKINNICK R
S|21|098P12|5|2|22|3U|2|T|2|3|N|2|2|F|13| |0|0| |2|L|Q|P| 098-US-0023|      |37540380| 82581940|    |      |79|00|195|N|            |N|2|      23|0|        |098-US-0023  -000 @   30.954  From: KINNIKINNICK R
S|21|098P70|1|1|22|3R|2|T|2|3|H|2|3|F|13|T|2|5|M|2|Q|L|P| 098-US-0119|      |37504936| 82527683|    |      |95|00|195|Y|   119000000|Y|2|     119|0|        |098-US-0119  -000 @     .250  From: US 23  To: KY 
S|21|098P70|1|2|22|3R|2|T|2|3|H|2|3|F|13|T|2|5|M|2|Q|L|P| 098-US-0119|      |37504936| 82527683|    |      |95|00|195|Y|   119000000|Y|2|     119|0|        |098-US-0119  -000 @     .250  From: US 23  To: KY 
S|21|098P70|5|1|22|3R|2|T|2|3|H|2|3|F|13|T|2|5|M|2|Q|L|P| 098-US-0119|      |37504936| 82527683|    |      |95|00|195|Y|   119000000|Y|2|     119|0|        |098-US-0119  -000 @     .250  From: US 23  To: KY 
S|21|098P70|5|2|22|3R|2|T|2|3|H|2|3|F|13|T|2|5|M|2|Q|L|P| 098-US-0119|      |37504936| 82527683|    |      |95|00|195|Y|   119000000|Y|2|     119|0|        |098-US-0119  -000 @     .250  From: US 23  To: KY 
S|21|100P32|1|1|22|3R|1|T|1|3|H|1|3|F|13|N|1|5|A|2|L|P|P| 100-US-0027|      |36951450| 84577740|    |      |72|00|199|N|____27  0000|N|2|      27|0|        |100-US-0027  -000 @    5.700  From: KY 751 (OLD UN
S|21|100P32|5|1|22|3R|1|T|1|3|H|1|3|F|13|N|1|5|A|2|L|P|P| 100-US-0027|      |36951450| 84577740|    |      |72|00|199|N|____27  0000|N|2|      27|0|        |100-US-0027  -000 @    5.700  From: KY 751 (OLD UN
S|21|104P33|1|1|22|3R|1|T|1|3|H|1|2|F|00| |0|0| |2|L| |P| 104-US-0127|      |36902860| 85094760|    |      |63|00|207|Y|   127005633|Y|2|     127|0|        |104-US-0127  -000 @    6.500  From: LAKE CUMBERLAN
S|21|104P33|5|1|22|3R|1|T|1|3|H|1|2|F|00| |0|0| |2|L| |P| 104-US-0127|      |36902860| 85094760|    |      |63|00|207|Y|   127005633|Y|2|     127|0|        |104-US-0127  -000 @    6.500  From: LAKE CUMBERLAN
S|21|106P19|1|1|22|6R|1|T|1|3|N|1|3|F|13| |0|0| |2|L| |P| 106-KY-2861|      |38187210| 85239320|    |      |50|00|211|N|            |N|3|    2861|0|        |106-KY-2861  -000 @    4.800  From: POPES CORNER R
S|21|106P19|5|1|22|6R|1|T|1|3|N|1|3|F|13| |0|0| |2|L| |P| 106-KY-2861|      |38187210| 85239320|    |      |50|00|211|N|            |N|3|    2861|0|        |106-KY-2861  -000 @    4.800  From: POPES CORNER R
S|21|106P22|3|1|22|1R|2|T|2|3|H|2|3|F|13|T|2|5|M|2|Q|L|P| 106-I -0064|      |38184050| 85197420|    |      |62|00|211|Y|__9064 36002|Y|1|      64|0|        |106-I -0064  -000 @   36.000  From: KY 53  To: KY 
S|21|106P22|3|2|22|1R|2|T|2|3|H|2|3|F|13|T|2|5|M|2|Q|L|P| 106-I -0064|      |38184050| 85197420|    |      |62|00|211|Y|__9064 36002|Y|1|      64|0|        |106-I -0064  -000 @   36.000  From: KY 53  To: KY 
S|21|106P22|7|1|22|1R|2|T|2|3|H|2|3|F|13|T|2|5|M|2|Q|L|P| 106-I -0064|      |38184050| 85197420|    |      |62|00|211|Y|__9064 36002|Y|1|      64|0|        |106-I -0064  -000 @   36.000  From: KY 53  To: KY 
S|21|106P22|7|2|22|1R|2|T|2|3|H|2|3|F|13|T|2|5|M|2|Q|L|P| 106-I -0064|      |38184050| 85197420|    |      |62|00|211|Y|__9064 36002|Y|1|      64|0|        |106-I -0064  -000 @   36.000  From: KY 53  To: KY 
S|21|107P91|1|1|22|1R|3|T|3|3|H|3|3|F|13|T|3|5|M|2|Q|L|P| 107-I -0065|      |36678680| 86545000|    |      |94|00|213|Y|__9065  2018|Y|1|      65|0|        |107-I -0065  -000 @    4.700  From: US 31W  To: KY
S|21|107P91|1|2|22|1R|3|T|3|3|H|3|3|F|13|T|3|5|M|2|Q|L|P| 107-I -0065|      |36678680| 86545000|    |      |94|00|213|Y|__9065  2018|Y|1|      65|0|        |107-I -0065  -000 @    4.700  From: US 31W  To: KY
S|21|107P91|1|3|22|1R|3|T|3|3|H|3|3|F|13|T|3|5|M|2|Q|L|P| 107-I -0065|      |36678680| 86545000|    |      |94|00|213|Y|__9065  2018|Y|1|      65|0|        |107-I -0065  -000 @    4.700  From: US 31W  To: KY
S|21|107P91|5|1|22|1R|3|T|3|3|H|3|3|F|13|T|3|5|M|2|Q|L|P| 107-I -0065|      |36678680| 86545000|    |      |94|00|213|Y|__9065  2018|Y|1|      65|0|        |107-I -0065  -000 @    4.700  From: US 31W  To: KY
S|21|107P91|5|2|22|1R|3|T|3|3|H|3|3|F|13|T|3|5|M|2|Q|L|P| 107-I -0065|      |36678680| 86545000|    |      |94|00|213|Y|__9065  2018|Y|1|      65|0|        |107-I -0065  -000 @    4.700  From: US 31W  To: KY
S|21|107P91|5|3|22|1R|3|T|3|3|H|3|3|F|13|T|3|5|M|2|Q|L|P| 107-I -0065|      |36678680| 86545000|    |      |94|00|213|Y|__9065  2018|Y|1|      65|0|        |107-I -0065  -000 @    4.700  From: US 31W  To: KY
S|21|112P28|3|1|22|5R|1|T|1|3|H|1|3|F|13|T|1|5|M|2|L|Q|P| 112-US-0042|      |38595700| 85286590|    |      |62|00|223|N|    42008523|Y|2|     042|0|        |112-US-0042  -000 @   10.050  From: US 421 N (MAIN
S|21|112P28|7|1|22|5R|1|T|1|3|H|1|3|F|13|T|1|5|M|2|L|Q|P| 112-US-0042|      |38595700| 85286590|    |      |62|00|223|N|    42008523|Y|2|      42|0|        |112-US-0042  -000 @   10.050  From: US 421 N (MAIN
S|21|113P15|3|1|22|4R|1|T|1|3|H|1|2|F|13|T|1|5|M|2|L|P|P| 113-US-0060|      |37533580| 87963340|    |      |38|00|225|N|    60001513|N|2|      60|0|        |113-US-0060  -000 @    4.163  From: KY 141  To: ST
S|21|113P15|7|1|22|4R|1|T|1|3|H|1|2|F|13|T|1|5|M|2|L|P|P| 113-US-0060|      |37533580| 87963340|    |      |38|00|225|N|    60001513|N|2|      60|0|        |113-US-0060  -000 @    4.163  From: KY 141  To: ST
S|21|114I06|1|1|22|1R|3|T|3|3|H|3|3|F|13| |0|0| |2|L|L|P| -0065  -000|    41|37045803| 86161192|    |      |21|00|227|Y|I0065 037578|Y|1|      65|0|        |Between KY 101 and Cumberland Pkwy                
S|21|114I06|1|2|22|1R|3|T|3|3|H|3|3|F|13| |0|0| |2|L|L|P| -0065  -000|    41|37045803| 86161192|    |      |21|00|227|Y|I0065 037578|Y|1|      65|0|        |Between KY 101 and Cumberland Pkwy                
S|21|114I06|1|3|22|1R|3|T|3|3|H|3|3|F|13| |0|0| |2|L|L|P| -0065  -000|    41|37045803| 86161192|    |      |21|00|227|Y|I0065 037578|Y|1|      65|0|        |Between KY 101 and Cumberland Pkwy                
S|21|114I06|5|1|22|1R|3|T|3|3|H|3|3|F|13| |0|0| |2|L|L|P| -0065  -000|    41|37045803| 86161192|    |      |21|00|227|Y|I0065 037578|Y|1|      65|0|        |Between KY 101 and Cumberland Pkwy                
S|21|114I06|5|2|22|1R|3|T|3|3|H|3|3|F|13| |0|0| |2|L|L|P| -0065  -000|    41|37045803| 86161192|    |      |21|00|227|Y|I0065 037578|Y|1|      65|0|        |Between KY 101 and Cumberland Pkwy                
S|21|114I06|5|3|22|1R|3|T|3|3|H|3|3|F|13| |0|0| |2|L|L|P| -0065  -000|    41|37045803| 86161192|    |      |21|00|227|Y|I0065 037578|Y|1|      65|0|        |Between KY 101 and Cumberland Pkwy                
S|21|114P45|1|1|22|5U|2|T|2|3|N|2|3|F|00| |0|0| |2|L| |P| 114-CS-1577|      |36983940| 86440330|    |      |63|00|227|Y|      070 09|N|9|        |0|        |114-CS-1577  -000 @     .100  From: US 231  To: CH
S|21|114P45|1|2|22|5U|2|T|2|3|N|2|3|F|00| |0|0| |2|L| |P| 114-CS-1577|      |36983940| 86440330|    |      |63|00|227|Y|      070 09|N|9|        |0|        |114-CS-1577  -000 @     .100  From: US 231  To: CH
S|21|114P45|5|1|22|5U|2|T|2|3|N|2|3|F|00| |0|0| |2|L| |P| 114-CS-1577|      |36983940| 86440330|    |      |63|00|227|Y|      070 09|N|9|        |0|        |114-CS-1577  -000 @     .100  From: US 231  To: CH
S|21|114P45|5|2|22|5U|2|T|2|3|N|2|3|F|00| |0|0| |2|L| |P| 114-CS-1577|      |36983940| 86440330|    |      |63|00|227|Y|      070 09|N|9|        |0|        |114-CS-1577  -000 @     .100  From: US 231  To: CH
S|21|114P67|1|1|22|1U|3|T|3|3|H|3|3|F|13| |0|0| |2|Q|L|P| 114-I -0065|      |36960140| 86400520|    |      |07|00|227|Y|    65029015|Y|1|      65|0|        |114-I -0065  -000 @   24.785  From: US 231 UNDERPA
S|21|114P67|1|2|22|1U|3|T|3|3|H|3|3|F|13| |0|0| |2|Q|L|P| 114-I -0065|      |36960140| 86400520|    |      |07|00|227|Y|    65029015|Y|1|      65|0|        |114-I -0065  -000 @   24.785  From: US 231 UNDERPA
S|21|114P67|1|3|22|1U|3|T|3|3|H|3|3|F|13| |0|0| |2|Q|L|P| 114-I -0065|      |36960140| 86400520|    |      |07|00|227|Y|    65029015|Y|1|      65|0|        |114-I -0065  -000 @   24.785  From: US 231 UNDERPA
S|21|114P67|5|1|22|1U|3|T|3|3|H|3|3|F|13| |0|0| |2|Q|L|P| 114-I -0065|      |36960140| 86400520|    |      |07|00|227|Y|    65029015|Y|1|      65|0|        |114-I -0065  -000 @   24.785  From: US 231 UNDERPA
S|21|114P67|5|2|22|1U|3|T|3|3|H|3|3|F|13| |0|0| |2|Q|L|P| 114-I -0065|      |36960140| 86400520|    |      |07|00|227|Y|    65029015|Y|1|      65|0|        |114-I -0065  -000 @   24.785  From: US 231 UNDERPA
S|21|114P67|5|3|22|1U|3|T|3|3|H|3|3|F|13| |0|0| |2|Q|L|P| 114-I -0065|      |36960140| 86400520|    |      |07|00|227|Y|    65029015|Y|1|      65|0|        |114-I -0065  -000 @   24.785  From: US 231 UNDERPA
S|21|114P69|3|1|22|6R|1|T|1|3|N|1|3|F|13| |0|0| |2|P| |P|114-KY-0626 |      |37024980| 86605390|    |      |13|00|227|N|            |Y|3|     626|0|        |114-KY-0626  -000 @    4.000  From: HADLEY - COHRO
S|21|114P69|7|1|22|6R|1|T|1|3|N|1|3|F|13| |0|0| |2|P| |P|114-KY-0626 |      |37024980| 86605390|    |      |13|00|227|N|            |Y|3|     626|0|        |114-KY-0626  -000 @    4.000  From: HADLEY - COHRO
S|21|118I03|1|0|22|4U|1|T|1|3|H|1|3|F|13| |0|0| |2|L|Q|P|118-US-0025W|      |36927460| 84109410|    |      |13|00|235|N|            |N|2|      25|0|        |118-US-0025W -000 @   31.060  From: KY 3041  To: F
S|21|118I03|1|1|22|4U|1|T|1|3|H|1|3|F|13| |0|0| |2|L|Q|P|118-US-0025W|      |36927460| 84109410|    |      |13|00|235|N|            |N|2|      25|0|        |118-US-0025W -000 @   31.060  From: KY 3041  To: F
S|21|118I03|5|0|22|4U|1|T|1|3|H|1|3|F|13| |0|0| |2|L|Q|P|118-US-0025W|      |36927460| 84109410|    |      |13|00|235|N|            |N|2|      25|0|        |118-US-0025W -000 @   31.060  From: KY 3041  To: F
S|21|118I03|5|1|22|4U|1|T|1|3|H|1|3|F|13| |0|0| |2|L|Q|P|118-US-0025W|      |36927460| 84109410|    |      |13|00|235|N|            |N|2|      25|0|        |118-US-0025W -000 @   31.060  From: KY 3041  To: F
S|21|118P83|1|1|22|1R|2|T|2|3|H|2|3|F|13|T|2|5|M|2|Q|L|P| 118-I -0075|  4100|36645500| 84126130|    |      |06|00|235|Y|__9075  0000|Y|1|      75|0|        |118-I -0075  -000 @    5.274  From: TENNESSEE STAT
S|21|118P83|1|2|22|1R|2|T|2|3|H|2|3|F|13|T|2|5|M|2|Q|L|P| 118-I -0075|  4100|36645500| 84126130|    |      |06|00|235|Y|__9075  0000|Y|1|      75|0|        |118-I -0075  -000 @    5.274  From: TENNESSEE STAT
S|21|118P83|5|1|22|1R|2|T|2|3|H|2|3|F|13|T|2|5|M|2|Q|L|P| 118-I -0075|  4100|36645500| 84126130|    |      |06|00|235|Y|__9075  0000|Y|1|      75|0|        |118-I -0075  -000 @    5.274  From: TENNESSEE STAT
S|21|118P83|5|2|22|1R|2|T|2|3|H|2|3|F|13|T|2|5|M|2|Q|L|P| 118-I -0075|  4100|36645500| 84126130|    |      |06|00|235|Y|__9075  0000|Y|1|      75|0|        |118-I -0075  -000 @    5.274  From: TENNESSEE STAT
S|21|119P06|1|1|22|5R|1|T|1|3|H|1|2|F|00| |0|0| |2|L| |P| 119-KY-0015|      |37726630| 83566710|    |      |38|00|237|Y|000015009614|Y|3|      15|0|        |119-KY-0015  -000 @   10.550  From: KY 651 (SANDY 
S|21|119P06|5|1|22|5R|1|T|1|3|H|1|2|F|00| |0|0| |2|L| |P| 119-KY-0015|      |37726630| 83566710|    |      |38|00|237|Y|000015009614|Y|3|      15|0|        |119-KY-0015  -000 @   10.550  From: KY 651 (SANDY 
S|21|120P53|3|1|22|3R|2|T|2|3|N|2|3|F|13|N|2|5|M|2|Q|Q|P|0120-BG-9002|    69|38027362| 84714668|    |      |91|00|239|Y|__9002 61947|Y|3|    9002|9|00000000|120-BG-9002  -000 @   69.600  From: KY 33  To: US 
S|21|120P53|3|2|22|3R|2|T|2|3|N|2|3|F|13|N|2|5|M|2|Q|Q|P|0120-BG-9002|    69|38027362| 84714668|    |      |91|00|239|Y|__9002 61947|Y|3|    9002|9|00000000|120-BG-9002  -000 @   69.600  From: KY 33  To: US 
S|21|120P53|7|1|22|3R|2|T|2|3|N|2|3|F|13|N|2|5|M|2|Q|Q|P|0120-BG-9002|    69|38027362| 84714668|    |      |91|00|239|Y|__9002 61947|Y|3|    9002|9|00000000|120-BG-9002  -000 @   69.600  From: KY 33  To: US 
S|21|120P53|7|2|22|3R|2|T|2|3|N|2|3|F|13|N|2|5|M|2|Q|Q|P|0120-BG-9002|    69|38027362| 84714668|    |      |91|00|239|Y|__9002 61947|Y|3|    9002|9|00000000|120-BG-9002  -000 @   69.600  From: KY 33  To: US 
S|21|120P60|3|1|22|3R|2|T|2|3|N|2|3|F|13|N|2|5|M|2|P|P|P|0120-US-0060|     1|38161258| 84806082|    |      |95|00|239|N|            |Y|2|      60|9|00000000|120-US-0060  -000 @     .200  From: FRANKLIN COUN 
S|21|120P60|3|2|22|3R|2|T|2|3|N|2|3|F|13|N|2|5|M|2|P|P|P|0120-US-0060|     1|38161258| 84806082|    |      |95|00|239|N|            |Y|2|      60|9|00000000|120-US-0060  -000 @     .200  From: FRANKLIN COUN 
S|21|120P60|7|1|22|3R|2|T|2|3|N|2|3|F|13|N|2|5|M|2|P|P|P|0120-US-0060|     1|38161258| 84806082|    |      |95|00|239|N|            |Y|2|      60|9|00000000|120-US-0060  -000 @     .200  From: FRANKLIN COUN 
S|21|120P60|7|2|22|3R|2|T|2|3|N|2|3|F|13|N|2|5|M|2|P|P|P|0120-US-0060|     1|38161258| 84806082|    |      |95|00|239|N|            |Y|2|      60|9|00000000|120-US-0060  -000 @     .200  From: FRANKLIN COUN 
