Record_Type|Year_Record|State_Code|Station_Id|Travel_Dir|Travel_Lane|F_System|Num_Lanes|Sample_Type_Volume|Num_Lanes_Volume|Method_Volume|Sample_Type_Class|Num_Lanes_Class|Method_Class|Algorithm_Volume|Num_Classes|Sample_Type_Truck|Num_Lanes_Truck|Method_Truck|Calibration|Data_Retrieval|Type_Sensor_1|Type_Sensor_2|Primary_Purpose|LRS_Id|LRS_Point|Latitude|Longitude|SHRP_Id|Prev_Station_Id|Year_Established|Year_Discontinued|County_Code|Is_Sample|Sample_Id|NHS|Posted_Route_Signing|Posted_Signed_Route|Con_Route_Signing|Con_Signed_Route|Station_Location
S|22|000001|0|0|22|4U|4|T|4|3|H|2|0|F|06|T|0|0|U|2|R|R|P|001-03-1-010|      |32556338| 93618399|    |      |15|00|000|N|           0|N|0|  US0079|9|        |1.0 MI E I-220                                    
S|22|000001|3|0|22|4U|2|T|2|3|H|2|0|F|06|T|0|0|U|2|R|R|P|001-03-1-010|      |32556338| 93618399|    |      |15|00|000|N|           0|N|0|  US0079|9|        |1.0 MI E I-220                                    
S|22|000001|3|1|22|4U|1|T|2|3|H|2|0|F|06|T|0|0|U|2|R|R|P|001-03-1-010|      |32556338| 93618399|    |      |15|00|000|N|           0|N|0|  US0079|9|        |1.0 MI E I-220                                    
S|22|000001|3|2|22|4U|1|T|2|3|H|2|0|F|06|T|0|0|U|2|R|R|P|001-03-1-010|      |32556338| 93618399|    |      |15|00|000|N|           0|N|0|  US0079|9|        |1.0 MI E I-220                                    
S|22|000001|7|0|22|4U|2|T|2|3|H|2|0|F|06|T|0|0|U|2|R|R|P|001-03-1-010|      |32556338| 93618399|    |      |15|00|000|N|           0|N|0|  US0079|9|        |1.0 MI E I-220                                    
S|22|000001|7|1|22|4U|1|T|2|3|H|2|0|F|06|T|0|0|U|2|R|R|P|001-03-1-010|      |32556338| 93618399|    |      |15|00|000|N|           0|N|0|  US0079|9|        |1.0 MI E I-220                                    
S|22|000001|7|2|22|4U|1|T|2|3|H|2|0|F|06|T|0|0|U|2|R|R|P|001-03-1-010|      |32556338| 93618399|    |      |15|00|000|N|           0|N|0|  US0079|9|        |1.0 MI E I-220                                    
S|22|000002|1|0|22|1U|3| |1|0| |1|0| |06| |1|0| |0|A| |X|450-92-1-010|      |30457773| 91174143|    |      |15|00|000|N|           0|N|9|        |0|        |I-0110                                            
S|22|000002|1|1|22|1U|1| |1|0| |1|0| |06| |1|0| |0|A| |X|450-92-1-010|      |30457773| 91174143|    |      |15|00|000|N|           0|N|9|        |0|        |I-0110                                            
S|22|000002|1|2|22|1U|1| |1|0| |1|0| |06| |1|0| |0|A| |X|450-92-1-010|      |30457773| 91174143|    |      |15|00|000|N|           0|N|9|        |0|        |I-0110                                            
S|22|000002|1|3|22|1U|1| |1|0| |1|0| |06| |1|0| |0|A| |X|450-92-1-010|      |30457773| 91174143|    |      |15|00|000|N|           0|N|9|        |0|        |I-0110                                            
S|22|000002|3|1|22|1U|3|T|3|3|H|0|0|F|06|T|0|0|U|2|L|R|P|            |      |30454100| 91180600|    |      |15|00|000|N|      450-92|N|0|  I-0110|0|        |1.6 mi. N. OF I-10 @ RR O'pass                    
S|22|000002|3|2|22|1U|3|T|3|3|H|0|0|F|06|T|0|0|U|2|L|R|P|            |      |30454100| 91180600|    |      |15|00|000|N|      450-92|N|0|  I-0110|0|        |1.6 mi. N. OF I-10 @ RR O'pass                    
S|22|000002|3|3|22|1U|3|T|3|3|H|0|0|F|06|T|0|0|U|2|L|R|P|            |      |30454100| 91180600|    |      |15|00|000|N|      450-92|N|0|  I-0110|0|        |1.6 mi. N. OF I-10 @ RR O'pass                    
S|22|000002|5|0|22|1U|3| |1|0| |1|0| |06| |1|0| |0|A| |X|450-92-1-010|      |30457773| 91174143|    |      |15|00|000|N|           0|N|9|        |0|        |I-0110                                            
S|22|000002|5|1|22|1U|1| |1|0| |1|0| |06| |1|0| |0|A| |X|450-92-1-010|      |30457773| 91174143|    |      |15|00|000|N|           0|N|9|        |0|        |I-0110                                            
S|22|000002|5|2|22|1U|1| |1|0| |1|0| |06| |1|0| |0|A| |X|450-92-1-010|      |30457773| 91174143|    |      |15|00|000|N|           0|N|9|        |0|        |I-0110                                            
S|22|000002|5|3|22|1U|1| |1|0| |1|0| |06| |1|0| |0|A| |X|450-92-1-010|      |30457773| 91174143|    |      |15|00|000|N|           0|N|9|        |0|        |I-0110                                            
S|22|000002|7|1|22|1U|3|T|3|3|H|0|0|F|06|T|0|0|U|2|L|R|P|            |      |30454100| 91180600|    |      |15|00|000|N|      450-92|N|0|  I-0110|0|        |1.6 mi. N. OF I-10 @ RR O'pass                    
S|22|000002|7|2|22|1U|3|T|3|3|H|0|0|F|06|T|0|0|U|2|L|R|P|            |      |30454100| 91180600|    |      |15|00|000|N|      450-92|N|0|  I-0110|0|        |1.6 mi. N. OF I-10 @ RR O'pass                    
S|22|000002|7|3|22|1U|3|T|3|3|H|0|0|F|06|T|0|0|U|2|L|R|P|            |      |30454100| 91180600|    |      |15|00|000|N|      450-92|N|0|  I-0110|0|        |1.6 mi. N. OF I-10 @ RR O'pass                    
S|22|000002|9|0|22|1U|6| |1|0| |1|0| |06| |1|0| |0|A| |X|450-92-1-010|      |30457773| 91174143|    |      |15|00|000|N|           0|N|9|        |0|        |I-0110                                            
S|22|000003|1|0|22|3U|2|T|2|3|H|2|0|F|06|T|0|0|U|2|R| | |006-03-1-010|      |29994515| 90064783|    |      |15|00|000|N|           0|N|0|  US0090|9|        |GENTILLY ROAD                                     
S|22|000003|1|1|22|3U|2|T|2|3|H|2|0|F|06|T|0|0|U|2|R| | |006-03-1-010|      |29994515| 90064783|    |      |15|00|000|N|           0|N|0|  US0090|9|        |GENTILLY ROAD                                     
S|22|000003|1|2|22|3U|2|T|2|3|H|2|0|F|06|T|0|0|U|2|R| | |006-03-1-010|      |29994515| 90064783|    |      |15|00|000|N|           0|N|0|  US0090|9|        |GENTILLY ROAD                                     
S|22|000003|5|0|22|3U|2|T|2|3|H|2|0|F|06|T|0|0|U|2|R| | |006-03-1-010|      |29994515| 90064783|    |      |15|00|000|N|           0|N|0|  US0090|9|        |GENTILLY ROAD                                     
S|22|000003|5|1|22|3U|2|T|2|3|H|2|0|F|06|T|0|0|U|2|R| | |006-03-1-010|      |29994515| 90064783|    |      |15|00|000|N|           0|N|0|  US0090|9|        |GENTILLY ROAD                                     
S|22|000003|5|2|22|3U|2|T|2|3|H|2|0|F|06|T|0|0|U|2|R| | |006-03-1-010|      |29994515| 90064783|    |      |21|00|000|N|           0|N|0|  US0090|9|        |GENTILLY ROAD                                     
S|22|000003|9|0|22|3U|2|T|2|3|H|2|0|F|06|T|0|0|U|2|R| | |006-03-1-010|      |29994515| 90064783|    |      |21|00|000|N|           0|N|0|  US0090|9|        |GENTILLY ROAD                                     
S|22|000004|1|0|22|4U|2| |1|0| |1|0| |06| |1|0| |0|A| |X|019-01-1-010|      |30476391| 91168659|    |      |15|00|000|N|           0|N|9|        |0|        |US 61 B                                           
S|22|000004|1|1|22|4U|1| |1|0| |1|0| |06| |1|0| |0|A| |X|019-01-1-010|      |30476391| 91168659|    |      |15|00|000|N|           0|N|9|        |0|        |US 61 B                                           
S|22|000004|1|2|22|4U|1| |1|0| |1|0| |06| |1|0| |0|A| |X|019-01-1-010|      |30476391| 91168659|    |      |15|00|000|N|           0|N|9|        |0|        |US 61 B                                           
S|22|000004|5|0|22|4U|2| |1|0| |1|0| |06| |1|0| |0|A| |X|019-01-1-010|      |30476391| 91168659|    |      |15|00|000|N|           0|N|9|        |0|        |US 61 B                                           
S|22|000004|5|1|22|4U|1| |1|0| |1|0| |06| |1|0| |0|A| |X|019-01-1-010|      |30476391| 91168659|    |      |15|00|000|N|           0|N|9|        |0|        |US 61 B                                           
S|22|000004|5|2|22|4U|1| |1|0| |1|0| |06| |1|0| |0|A| |X|019-01-1-010|      |30476391| 91168659|    |      |15|00|000|N|           0|N|9|        |0|        |US 61 B                                           
S|22|000004|9|0|22|4U|4| |1|0| |1|0| |06| |1|0| |0|A| |X|019-01-1-010|      |30476391| 91168659|    |      |15|00|000|N|           0|N|9|        |0|        |US 61 B                                           
S|22|000007|1|0|22|5R|1|T|1|3|N|1|0|F|06|T|0|0|U|2|L|R| |139-07-1-010|      |31103865| 92812642|    |      |13|00|000|N|           0|N|0|  LA0463|9|        |2.9 MI S OF LA 121                                
S|22|000007|1|1|22|5R|1|T|1|3|N|1|0|F|06|T|0|0|U|2|L|R| |139-07-1-010|      |31103865| 92812642|    |      |13|00|000|N|           0|N|0|  LA0463|9|        |2.9 MI S OF LA 121                                
S|22|000007|5|0|22|5R|1|T|1|3|N|1|0|F|06|T|0|0|U|2|L|R| |139-07-1-010|      |31103865| 92812642|    |      |13|00|000|N|           0|N|0|  LA0463|9|        |2.9 MI S OF LA 121                                
S|22|000007|5|1|22|5R|1|T|1|3|N|1|0|F|06|T|0|0|U|2|L|R| |139-07-1-010|      |31103865| 92812642|    |      |13|00|000|N|           0|N|0|  LA0463|9|        |2.9 MI S OF LA 121                                
S|22|000007|9|0|22|5R|2|T|2|3|N|1|0|F|06|T|0|0|U|2|L|R| |139-07-1-010|      |31103865| 92812642|    |      |01|00|000|N|           0|N|0|  LA0463|9|        |2.9 MI S OF LA 121                                
S|22|000008|0|0|22|3U|6|T|6|3|H|3|0|F|06|T|0|0|U|2|R|R|P|006-01-1-010|      |29924300| 90168300|    |      |01|00|000|N|           0|N|0|  US0090|9|        |HUEY P. LONG BRIDGE                               
S|22|000008|3|0|22|3U|3|T|3|3|H|3|0|F|06|T|0|0|U|2|R|R|P|006-01-1-010|      |29924300| 90168300|    |      |99|00|000|N|           0|N|0|  US0090|9|        |HUEY P. LONG BRIDGE                               
S|22|000008|3|1|22|3U|1|T|3|3|H|3|0|F|06|T|0|0|U|2|R|R|P|006-01-1-010|      |29924300| 90168300|    |      |15|00|000|N|           0|N|0|  US0090|9|        |HUEY P. LONG BRIDGE                               
S|22|000008|3|2|22|3U|1|T|3|3|H|3|0|F|06|T|0|0|U|2|R|R|P|006-01-1-010|      |29924300| 90168300|    |      |15|00|000|N|           0|N|0|  US0090|9|        |HUEY P. LONG BRIDGE                               
S|22|000008|3|3|22|3U|1|T|3|3|H|3|0|F|06|T|0|0|U|2|R|R|P|006-01-1-010|      |29924300| 90168300|    |      |15|00|000|N|           0|N|0|  US0090|9|        |HUEY P. LONG BRIDGE                               
S|22|000008|7|0|22|3U|3|T|3|3|H|3|0|F|06|T|0|0|U|2|R|R|P|006-01-1-010|      |29924300| 90168300|    |      |15|00|000|N|           0|N|0|  US0090|9|        |HUEY P. LONG BRIDGE                               
S|22|000008|7|1|22|3U|1|T|3|3|H|3|0|F|06|T|0|0|U|2|R|R|P|006-01-1-010|      |29924300| 90168300|    |      |15|00|000|N|           0|N|0|  US0090|9|        |HUEY P. LONG BRIDGE                               
S|22|000008|7|2|22|3U|1|T|3|3|H|3|0|F|06|T|0|0|U|2|R|R|P|006-01-1-010|      |29924300| 90168300|    |      |15|00|000|N|           0|N|0|  US0090|9|        |HUEY P. LONG BRIDGE                               
S|22|000008|7|3|22|3U|1|T|3|3|H|3|0|F|06|T|0|0|U|2|R|R|P|006-01-1-010|      |29924300| 90168300|    |      |15|00|000|N|           0|N|0|  US0090|9|        |HUEY P. LONG BRIDGE                               
S|22|000009|3|0|22|4R|1| |1|0| |1|0| |06| |1|0| |0|A| |X|028-05-1-010|      |30643118| 92823482|    |      |15|00|000|N|           0|N|9|        |0|        |LA 26                                             
S|22|000009|3|1|22|4R|1| |1|0| |1|0| |06| |1|0| |0|A| |X|028-05-1-010|      |30643118| 92823482|    |      |15|00|000|N|           0|N|9|        |0|        |LA 26                                             
S|22|000009|7|0|22|4R|1| |1|0| |1|0| |06| |1|0| |0|A| |X|028-05-1-010|      |30643118| 92823482|    |      |15|00|000|N|           0|N|9|        |0|        |LA 26                                             
S|22|000009|7|1|22|4R|1| |1|0| |1|0| |06| |1|0| |0|A| |X|028-05-1-010|      |30643118| 92823482|    |      |15|00|000|N|           0|N|9|        |0|        |LA 26                                             
S|22|000009|9|0|22|4R|2| |1|0| |1|0| |06| |1|0| |0|A| |X|028-05-1-010|      |30643118| 92823482|    |      |15|00|000|N|           0|N|9|        |0|        |LA 26                                             
S|22|000010|3|0|22|3R|1| |1|0| |1|0| |06| |1|0| |0|A| |X|074-02-1-010|      |31362593| 92314620|    |      |15|00|000|N|           0|N|9|        |0|        |LA 28                                             
S|22|000010|3|1|22|3R|1| |1|0| |1|0| |06| |1|0| |0|A| |X|074-02-1-010|      |31362593| 92314620|    |      |15|00|000|N|           0|N|9|        |0|        |LA 28                                             
S|22|000010|7|0|22|3R|1| |1|0| |1|0| |06| |1|0| |0|A| |X|074-02-1-010|      |31362593| 92314620|    |      |15|00|000|N|           0|N|9|        |0|        |LA 28                                             
S|22|000010|7|1|22|3R|1| |1|0| |1|0| |06| |1|0| |0|A| |X|074-02-1-010|      |31362593| 92314620|    |      |15|00|000|N|           0|N|9|        |0|        |LA 28                                             
S|22|000010|9|0|22|3R|2| |1|0| |1|0| |06| |1|0| |0|A| |X|074-02-1-010|      |31362593| 92314620|    |      |15|00|000|N|           0|N|9|        |0|        |LA 28                                             
S|22|000011|0|0|22|5R|2|T|2|3|H|1|0|F|06|T|0|0|U|2|R|R| |091-09-1-010|      |32051427| 92122881|    |      |15|00|000|N|           0|N|0|  LA0126|9|        |0.8 MI NW OF US 165                               
S|22|000011|3|0|22|5R|1|T|1|3|H|1|0|F|06|T|0|0|U|2|R|R| |091-09-1-010|      |32051427| 92122881|    |      |15|00|000|N|           0|N|0|  LA0126|9|        |0.8 MI NW OF US 165                               
S|22|000011|3|1|22|5R|1|T|1|3|H|1|0|F|06|T|0|0|U|2|R|R| |091-09-1-010|      |32051427| 92122881|    |      |15|00|000|N|           0|N|0|  LA0126|9|        |0.8 MI NW OF US 165                               
S|22|000011|7|0|22|5R|1|T|1|3|H|1|0|F|06|T|0|0|U|2|R|R| |091-09-1-010|      |32051427| 92122881|    |      |15|00|000|N|           0|N|0|  LA0126|9|        |0.8 MI NW OF US 165                               
S|22|000011|7|1|22|5R|1|T|1|3|H|1|0|F|06|T|0|0|U|2|R|R| |091-09-1-010|      |32051427| 92122881|    |      |15|00|000|N|           0|N|0|  LA0126|9|        |0.8 MI NW OF US 165                               
S|22|000013|3|0|22|1R|3| |1|0| |1|0| |06| |1|0| |0|A| |X|450-91-1-010|      |30247370| 93079703|    |      |15|00|000|N|           0|N|9|        |0|        |I-10                                              
S|22|000013|3|1|22|1R|1| |1|0| |1|0| |06| |1|0| |0|A| |X|450-91-1-010|      |30247370| 93079703|    |      |15|00|000|N|           0|N|9|        |0|        |I-10                                              
S|22|000013|3|2|22|1R|1| |1|0| |1|0| |06| |1|0| |0|A| |X|450-91-1-010|      |30247370| 93079703|    |      |15|00|000|N|           0|N|9|        |0|        |I-10                                              
S|22|000013|3|3|22|1R|1| |1|0| |1|0| |06| |1|0| |0|A| |X|450-91-1-010|      |30247370| 93079703|    |      |15|00|000|N|           0|N|9|        |0|        |I-10                                              
S|22|000013|7|0|22|1R|3| |1|0| |1|0| |06| |1|0| |0|A| |X|450-91-1-010|      |30247370| 93079703|    |      |15|00|000|N|           0|N|9|        |0|        |I-10                                              
S|22|000013|7|1|22|1R|1| |1|0| |1|0| |06| |1|0| |0|A| |X|450-91-1-010|      |30247370| 93079703|    |      |15|00|000|N|           0|N|9|        |0|        |I-10                                              
S|22|000013|7|2|22|1R|1| |1|0| |1|0| |06| |1|0| |0|A| |X|450-91-1-010|      |30247370| 93079703|    |      |15|00|000|N|           0|N|9|        |0|        |I-10                                              
S|22|000013|7|3|22|1R|1| |1|0| |1|0| |06| |1|0| |0|A| |X|450-91-1-010|      |30247370| 93079703|    |      |15|00|000|N|           0|N|9|        |0|        |I-10                                              
S|22|000013|9|0|22|1R|6| |1|0| |1|0| |06| |1|0| |0|A| |X|450-91-1-010|      |30247370| 93079703|    |      |15|00|000|N|           0|N|9|        |0|        |I-10                                              
S|22|000015|1|0|22|1R|2| |1|0| |1|0| |06| |1|0| |0|A| |X|452-90-1-010|      |30814820| 90532680|    |      |15|00|105|N|           0|N|9|        |0|        |I-55                                              
S|22|000015|1|1|22|1R|1| |1|0| |1|0| |06| |1|0| |0|A| |X|452-90-1-010|      |30814820| 90532680|    |      |15|00|105|N|           0|N|9|        |0|        |I-55                                              
S|22|000015|1|2|22|1R|1| |1|0| |1|0| |06| |1|0| |0|A| |X|452-90-1-010|      |30814820| 90532680|    |      |15|00|105|N|           0|N|9|        |0|        |I-55                                              
S|22|000015|5|0|22|1R|2| |1|0| |1|0| |06| |1|0| |0|A| |X|452-90-1-010|      |30814820| 90532680|    |      |15|00|105|N|           0|N|9|        |0|        |I-55                                              
S|22|000015|5|1|22|1R|1| |1|0| |1|0| |06| |1|0| |0|A| |X|452-90-1-010|      |30814820| 90532680|    |      |15|00|105|N|           0|N|9|        |0|        |I-55                                              
S|22|000015|5|2|22|1R|1| |1|0| |1|0| |06| |1|0| |0|A| |X|452-90-1-010|      |30814820| 90532680|    |      |15|00|105|N|           0|N|9|        |0|        |I-55                                              
S|22|000015|9|0|22|1R|4| |1|0| |1|0| |06| |1|0| |0|A| |X|452-90-1-010|      |30814820| 90532680|    |      |15|00|105|N|           0|N|9|        |0|        |I-55                                              
S|22|000016|3|0|22|3U|2| |1|0| |1|0| |06| |1|0| |0|A| |X|008-01-1-010|      |30498099| 91303016|    |      |15|00|121|N|           0|N|9|        |0|        |US 190                                            
S|22|000016|3|1|22|3U|1| |1|0| |1|0| |06| |1|0| |0|A| |X|008-01-1-010|      |30498099| 91303016|    |      |15|00|121|N|           0|N|9|        |0|        |US 190                                            
S|22|000016|3|2|22|3U|1| |1|0| |1|0| |06| |1|0| |0|A| |X|008-01-1-010|      |30498099| 91303016|    |      |15|00|121|N|           0|N|9|        |0|        |US 190                                            
S|22|000016|7|0|22|3U|2| |1|0| |1|0| |06| |1|0| |0|A| |X|008-01-1-010|      |30498099| 91303016|    |      |15|00|121|N|           0|N|9|        |0|        |US 190                                            
S|22|000016|7|1|22|3U|1| |1|0| |1|0| |06| |1|0| |0|A| |X|008-01-1-010|      |30498099| 91303016|    |      |15|00|121|N|           0|N|9|        |0|        |US 190                                            
S|22|000016|7|2|22|3U|1| |1|0| |1|0| |06| |1|0| |0|A| |X|008-01-1-010|      |30498099| 91303016|    |      |15|00|121|N|           0|N|9|        |0|        |US 190                                            
S|22|000016|9|0|22|3U|4| |1|0| |1|0| |06| |1|0| |0|A| |X|008-01-1-010|      |30498099| 91303016|    |      |15|00|121|N|           0|N|9|        |0|        |US 190                                            
S|22|000017|1|0|22|6R|1| |1|0| |1|0| |06| |1|0| |0|A| |X|090-04-1-010|      |32356099| 93137085|    |      |15|00|000|N|           0|N|9|        |0|        |LA 507                                            
S|22|000017|1|1|22|6R|1| |1|0| |1|0| |06| |1|0| |0|A| |X|090-04-1-010|      |32356099| 93137085|    |      |15|00|000|N|           0|N|9|        |0|        |LA 507                                            
S|22|000017|5|0|22|6R|1| |1|0| |1|0| |06| |1|0| |0|A| |X|090-04-1-010|      |32356099| 93137085|    |      |15|00|000|N|           0|N|9|        |0|        |LA 507                                            
S|22|000017|5|1|22|6R|1| |1|0| |1|0| |06| |1|0| |0|A| |X|090-04-1-010|      |32356099| 93137085|    |      |15|00|000|N|           0|N|9|        |0|        |LA 507                                            
S|22|000017|9|0|22|6R|2| |1|0| |1|0| |06| |1|0| |0|A| |X|090-04-1-010|      |32356099| 93137085|    |      |15|00|000|N|           0|N|9|        |0|        |LA 507                                            
S|22|000018|0|0|22|3U|2|T|2|3|N|2|0|F|06|T|0|0|U|2|R|Q| |013-06-1-010|      |30463600| 90980200|    |      |15|00|000|N|           0|N|0|  US0190|9|        |0.1 MILE OF AMITE RIVER BRIDGE                    
S|22|000018|3|0|22|3U|2|T|2|3|N|2|0|F|06|T|0|0|U|2|R|Q| |013-06-1-010|      |30463600| 90980200|    |      |15|00|000|N|           0|N|0|  US0190|9|        |0.1 MILE OF AMITE RIVER BRIDGE                    
S|22|000018|3|1|22|3U|2|T|2|3|N|2|0|F|06|T|0|0|U|2|R|Q| |013-06-1-010|      |30463600| 90980200|    |      |15|00|000|N|           0|N|0|  US0190|9|        |0.1 MILE OF AMITE RIVER BRIDGE                    
S|22|000018|3|2|22|3U|2|T|2|3|N|2|0|F|06|T|0|0|U|2|R|Q| |013-06-1-010|      |30463600| 90980200|    |      |15|00|000|N|           0|N|0|  US0190|9|        |0.1 MILE OF AMITE RIVER BRIDGE                    
S|22|000018|7|0|22|3U|2|T|2|3|N|2|0|F|06|T|0|0|U|2|R|Q| |013-06-1-010|      |30463600| 90980200|    |      |15|00|000|N|           0|N|0|  US0190|9|        |0.1 MILE OF AMITE RIVER BRIDGE                    
S|22|000018|7|1|22|3U|2|T|2|3|N|2|0|F|06|T|0|0|U|2|R|Q| |013-06-1-010|      |30463600| 90980200|    |      |15|00|000|N|           0|N|0|  US0190|9|        |0.1 MILE OF AMITE RIVER BRIDGE                    
S|22|000018|7|2|22|3U|2|T|2|3|N|2|0|F|06|T|0|0|U|2|R|Q| |013-06-1-010|      |30463600| 90980200|    |      |15|00|000|N|           0|N|0|  US0190|9|        |0.1 MILE OF AMITE RIVER BRIDGE                    
S|22|00001W|3|1|22|1U|1|T|1|3|H|1|3|F|15|B|1|5|A|2|A|N|E|I-20_1_1_010|      |32452154| 94022037|    |      |15|00|000|N|           0|N|0|        |1|      20|0.6 Miles West of US 80 overpass (WIM Station)    
S|22|00001W|7|1|22|1U|1|T|1|3|H|1|3|F|15|B|1|5|A|2|A|N|E|I-20_1_1_010|      |32452154| 94022037|    |      |15|00|000|N|           0|N|0|        |1|      20|0.6 Miles West of US 80 overpass (WIM Station)    
S|22|00001W|9|0|22|1U|0| |2|0| |2|0| |15| |2|0| |0|Q| |X|I-20_1_1_010|      |32452150| 94022010|    |      |15|00|000|N|           0|N|9|        |0|        |INTERSTATE 20  E                                  
S|22|000020|1|0|22|1R|2| |1|0| |1|0| |06| |1|0| |0|A| |X|455-05-1-010|      |30945727| 92270531|    |      |13|00|000|N|           0|N|9|        |0|        |I-49                                              
S|22|000020|1|1|22|1R|1| |1|0| |1|0| |06| |1|0| |0|A| |X|455-05-1-010|      |30945727| 92270531|    |      |13|00|000|N|           0|N|9|        |0|        |I-49                                              
S|22|000020|1|2|22|1R|1| |1|0| |1|0| |06| |1|0| |0|A| |X|455-05-1-010|      |30945727| 92270531|    |      |13|00|000|N|           0|N|9|        |0|        |I-49                                              
S|22|000020|5|0|22|1R|2| |1|0| |1|0| |06| |1|0| |0|A| |X|455-05-1-010|      |30945727| 92270531|    |      |13|00|000|N|           0|N|9|        |0|        |I-49                                              
S|22|000020|5|1|22|1R|1| |1|0| |1|0| |06| |1|0| |0|A| |X|455-05-1-010|      |30945727| 92270531|    |      |15|00|000|N|           0|N|9|        |0|        |I-49                                              
S|22|000020|5|2|22|1R|1| |1|0| |1|0| |06| |1|0| |0|A| |X|455-05-1-010|      |30945727| 92270531|    |      |15|00|000|N|           0|N|9|        |0|        |I-49                                              
S|22|000020|9|0|22|1R|4| |1|0| |1|0| |06| |1|0| |0|A| |X|455-05-1-010|      |30945727| 92270531|    |      |15|00|000|N|           0|N|9|        |0|        |I-49                                              
S|22|000021|0|0|22|1R|2|T|2|3|H|2|0|F|06|T|0|0|U|2|R|Q| |454-02-1-010|      |30474421| 90756599|    |      |15|00|000|N|           0|N|0|  I-0012|9|        |1.0 MI W OF LA 63                                 
S|22|000021|3|0|22|1R|2|T|2|3|H|2|0|F|06|T|0|0|U|2|R|Q| |454-02-1-010|      |30474421| 90756599|    |      |15|00|000|N|           0|N|0|  I-0012|9|        |1.0 MI W OF LA 63                                 
S|22|000021|3|1|22|1R|2|T|2|3|H|2|0|F|06|T|0|0|U|2|R|Q| |454-02-1-010|      |30474421| 90756599|    |      |15|00|000|N|           0|N|0|  I-0012|9|        |1.0 MI W OF LA 63                                 
S|22|000021|3|2|22|1R|2|T|2|3|H|2|0|F|06|T|0|0|U|2|R|Q| |454-02-1-010|      |30474421| 90756599|    |      |15|00|000|N|           0|N|0|  I-0012|9|        |1.0 MI W OF LA 63                                 
S|22|000021|7|0|22|1R|2|T|2|3|H|2|0|F|06|T|0|0|U|2|R|Q| |454-02-1-010|      |30474421| 90756599|    |      |15|00|000|N|           0|N|0|  I-0012|9|        |1.0 MI W OF LA 63                                 
S|22|000021|7|1|22|1R|2|T|2|3|H|2|0|F|06|T|0|0|U|2|R|Q| |454-02-1-010|      |30474421| 90756599|    |      |15|00|000|N|           0|N|0|  I-0012|9|        |1.0 MI W OF LA 63                                 
S|22|000021|7|2|22|1R|2|T|2|3|H|2|0|F|06|T|0|0|U|2|R|Q| |454-02-1-010|      |30474421| 90756599|    |      |15|00|000|N|           0|N|0|  I-0012|9|        |1.0 MI W OF LA 63                                 
S|22|000022|1|0|22|3R|2| |1|0| |1|0| |06| |1|0| |0|A| |X|015-07-1-010|      |32167444| 92093971|    |      |15|00|000|N|           0|N|9|        |0|        |US 165                                            
S|22|000022|1|1|22|3R|1| |1|0| |1|0| |06| |1|0| |0|A| |X|015-07-1-010|      |32167444| 92093971|    |      |15|00|000|N|           0|N|9|        |0|        |US 165                                            
S|22|000022|1|2|22|3R|1| |1|0| |1|0| |06| |1|0| |0|A| |X|015-07-1-010|      |32167444| 92093971|    |      |15|00|000|N|           0|N|9|        |0|        |US 165                                            
S|22|000022|5|0|22|3R|2| |1|0| |1|0| |06| |1|0| |0|A| |X|015-07-1-010|      |32167444| 92093971|    |      |15|00|000|N|           0|N|9|        |0|        |US 165                                            
S|22|000022|5|1|22|3R|1| |1|0| |1|0| |06| |1|0| |0|A| |X|015-07-1-010|      |32167444| 92093971|    |      |15|00|000|N|           0|N|9|        |0|        |US 165                                            
S|22|000022|5|2|22|3R|1| |1|0| |1|0| |06| |1|0| |0|A| |X|015-07-1-010|      |32167444| 92093971|    |      |15|00|000|N|           0|N|9|        |0|        |US 165                                            
S|22|000022|9|0|22|3R|4| |1|0| |1|0| |06| |1|0| |0|A| |X|015-07-1-010|      |32167444| 92093971|    |      |15|00|000|N|           0|N|9|        |0|        |US 165                                            
S|22|000023|1|0|22|3U|2| |1|0| |1|0| |06| |1|0| |0|A| |X|024-01-1-010|      |31197260| 93307228|    |      |15|00|115|N|           0|N|9|        |0|        |US 171                                            
S|22|000023|1|1|22|3U|1| |1|0| |1|0| |06| |1|0| |0|A| |X|024-01-1-010|      |31197260| 93307228|    |      |15|00|115|N|           0|N|9|        |0|        |US 171                                            
S|22|000023|1|2|22|3U|1| |1|0| |1|0| |06| |1|0| |0|A| |X|024-01-1-010|      |31197260| 93307228|    |      |15|00|115|N|           0|N|9|        |0|        |US 171                                            
S|22|000023|5|0|22|3U|2| |1|0| |1|0| |06| |1|0| |0|A| |X|024-01-1-010|      |31197260| 93307228|    |      |15|00|115|N|           0|N|9|        |0|        |US 171                                            
S|22|000023|5|1|22|3U|1| |1|0| |1|0| |06| |1|0| |0|A| |X|024-01-1-010|      |31197260| 93307228|    |      |15|00|115|N|           0|N|9|        |0|        |US 171                                            
S|22|000023|5|2|22|3U|1| |1|0| |1|0| |06| |1|0| |0|A| |X|024-01-1-010|      |31197260| 93307228|    |      |15|00|115|N|           0|N|9|        |0|        |US 171                                            
S|22|000023|9|0|22|3U|4| |1|0| |1|0| |06| |1|0| |0|A| |X|024-01-1-010|      |31197260| 93307228|    |      |15|00|115|N|           0|N|9|        |0|        |US 171                                            
S|22|000024|3|0|22|1U|2| |1|0| |1|0| |06| |1|0| |0|A| |X|450-30-1-010|      |30197229| 93186906|    |      |15|00|000|N|           0|N|9|        |0|        |I-210                                             
S|22|000024|3|1|22|1U|1| |1|0| |1|0| |06| |1|0| |0|A| |X|450-30-1-010|      |30197229| 93186906|    |      |15|00|000|N|           0|N|9|        |0|        |I-210                                             
S|22|000024|3|2|22|1U|1| |1|0| |1|0| |06| |1|0| |0|A| |X|450-30-1-010|      |30197229| 93186906|    |      |15|00|000|N|           0|N|9|        |0|        |I-210                                             
S|22|000024|7|0|22|1U|2| |1|0| |1|0| |06| |1|0| |0|A| |X|450-30-1-010|      |30197229| 93186906|    |      |15|00|000|N|           0|N|9|        |0|        |I-210                                             
S|22|000024|7|1|22|1U|1| |1|0| |1|0| |06| |1|0| |0|A| |X|450-30-1-010|      |30197229| 93186906|    |      |15|00|000|N|           0|N|9|        |0|        |I-210                                             
S|22|000024|7|2|22|1U|1| |1|0| |1|0| |06| |1|0| |0|A| |X|450-30-1-010|      |30197229| 93186906|    |      |15|00|000|N|           0|N|9|        |0|        |I-210                                             
S|22|000024|9|0|22|1U|4| |1|0| |1|0| |06| |1|0| |0|A| |X|450-30-1-010|      |30197229| 93186906|    |      |15|00|000|N|           0|N|9|        |0|        |I-210                                             
S|22|000025|3|0|22|3R|1| |1|0| |1|0| |06| |1|0| |0|A| |X|034-02-1-010|      |31488807| 93706764|    |      |15|00|000|N|           0|N|9|        |0|        |LA 6                                              
S|22|000025|3|1|22|3R|1| |1|0| |1|0| |06| |1|0| |0|A| |X|034-02-1-010|      |31488807| 93706764|    |      |15|00|000|N|           0|N|9|        |0|        |LA 6                                              
S|22|000025|7|0|22|3R|1| |1|0| |1|0| |06| |1|0| |0|A| |X|034-02-1-010|      |31488807| 93706764|    |      |15|00|000|N|           0|N|9|        |0|        |LA 6                                              
S|22|000025|7|1|22|3R|1| |1|0| |1|0| |06| |1|0| |0|A| |X|034-02-1-010|      |31488807| 93706764|    |      |15|00|000|N|           0|N|9|        |0|        |LA 6                                              
S|22|000025|9|0|22|3R|2| |1|0| |1|0| |06| |1|0| |0|A| |X|034-02-1-010|      |31488807| 93706764|    |      |15|00|000|N|           0|N|9|        |0|        |LA 6                                              
S|22|000026|3|0|22|1U|3| |1|0| |1|0| |06| |1|0| |0|A| |X|450-15-1-010|      |30008070| 90257596|    |      |15|00|000|N|           0|N|9|        |0|        |I-10                                              
S|22|000026|3|1|22|1U|1| |1|0| |1|0| |06| |1|0| |0|A| |X|450-15-1-010|      |30008070| 90257596|    |      |15|00|000|N|           0|N|9|        |0|        |I-10                                              
S|22|000026|3|2|22|1U|1| |1|0| |1|0| |06| |1|0| |0|A| |X|450-15-1-010|      |30008070| 90257596|    |      |15|00|000|N|           0|N|9|        |0|        |I-10                                              
S|22|000026|3|3|22|1U|1| |1|0| |1|0| |06| |1|0| |0|A| |X|450-15-1-010|      |30008070| 90257596|    |      |15|00|000|N|           0|N|9|        |0|        |I-10                                              
S|22|000026|7|0|22|1U|3| |1|0| |1|0| |06| |1|0| |0|A| |X|450-15-1-010|      |30008070| 90257596|    |      |15|00|000|N|           0|N|9|        |0|        |I-10                                              
S|22|000026|7|1|22|1U|1| |1|0| |1|0| |06| |1|0| |0|A| |X|450-15-1-010|      |30008070| 90257596|    |      |15|00|000|N|           0|N|9|        |0|        |I-10                                              
S|22|000026|7|2|22|1U|1| |1|0| |1|0| |06| |1|0| |0|A| |X|450-15-1-010|      |30008070| 90257596|    |      |15|00|000|N|           0|N|9|        |0|        |I-10                                              
S|22|000026|7|3|22|1U|1| |1|0| |1|0| |06| |1|0| |0|A| |X|450-15-1-010|      |30008070| 90257596|    |      |15|00|000|N|           0|N|9|        |0|        |I-10                                              
S|22|000026|9|0|22|1U|6| |1|0| |1|0| |06| |1|0| |0|A| |X|450-15-1-010|      |30008070| 90257596|    |      |15|00|000|N|           0|N|9|        |0|        |I-10                                              
S|22|000027|1|0|22|3U|2|T|2|3|N|2|0|F|06|T|0|0|U|2|R|Q| |007-04-1-010|      |30052656| 90459014|    |      |15|00|000|N|           0|N|0|  US0061|9|        |Near St John/St Charles Parish Line               
S|22|000027|1|1|22|3U|2|T|2|3|N|2|0|F|06|T|0|0|U|2|R|Q| |007-04-1-010|      |30052656| 90459014|    |      |15|00|000|N|           0|N|0|  US0061|9|        |Near St John/St Charles Parish Line               
S|22|000027|1|2|22|3U|2|T|2|3|N|2|0|F|06|T|0|0|U|2|R|Q| |007-04-1-010|      |30052656| 90459014|    |      |15|00|000|N|           0|N|0|  US0061|9|        |Near St John/St Charles Parish Line               
S|22|000027|5|0|22|3U|2|T|2|3|N|2|0|F|06|T|0|0|U|2|R|Q| |007-04-1-010|      |30052656| 90459014|    |      |15|00|000|N|           0|N|0|  US0061|9|        |Near St John/St Charles Parish Line               
S|22|000027|5|1|22|3U|2|T|2|3|N|2|0|F|06|T|0|0|U|2|R|Q| |007-04-1-010|      |30052656| 90459014|    |      |15|00|000|N|           0|N|0|  US0061|9|        |Near St John/St Charles Parish Line               
S|22|000027|5|2|22|3U|2|T|2|3|N|2|0|F|06|T|0|0|U|2|R|Q| |007-04-1-010|      |30052656| 90459014|    |      |15|00|000|N|           0|N|0|  US0061|9|        |Near St John/St Charles Parish Line               
S|22|000027|9|0|22|3U|2|T|2|3|N|2|0|F|06|T|0|0|U|2|R|Q| |007-04-1-010|      |30052656| 90459014|    |      |15|00|000|N|           0|N|0|  US0061|9|        |Near St John/St Charles Parish Line               
S|22|00002W|3|1|22|1U|1|T|1|3|H|1|3|F|15|B|1|5|A|1|A|N|E|I-12_2_2_010|      |30479340| 90521444|    |      |15|00|105|N|           0|N|1|      12|0|        |1.6 Miles East of Exit 35 EB (WIM Station)        
S|22|00002W|7|1|22|1U|1|T|1|3|H|1|3|F|15|B|1|5|A|1|A|N|E|I-12_2_2_010|      |30479340| 90521444|    |      |15|00|105|N|           0|N|1|      12|0|        |1.6 Miles East of Exit 35 EB (WIM Station)        
S|22|00002W|9|0|22|1U|0| |2|0| |2|0| |15| |2|0| |0|Q| |X|I-12_2_2_010|      |30479491| 90521453|    |      |15|00|105|N|           0|N|9|        |0|        |I-12                                              
S|22|000030|1|0|22|4R|2| |1|0| |1|0| |06| |1|0| |0|A| |X|008-09-1-010|      |31105775| 92402198|    |      |15|00|000|N|           0|N|9|        |0|        |US 71                                             
S|22|000030|1|1|22|4R|1| |1|0| |1|0| |06| |1|0| |0|A| |X|008-09-1-010|      |31105775| 92402198|    |      |15|00|000|N|           0|N|9|        |0|        |US 71                                             
S|22|000030|1|2|22|4R|1| |1|0| |1|0| |06| |1|0| |0|A| |X|008-09-1-010|      |31105775| 92402198|    |      |15|00|000|N|           0|N|9|        |0|        |US 71                                             
S|22|000030|5|0|22|4R|2| |1|0| |1|0| |06| |1|0| |0|A| |X|008-09-1-010|      |31105775| 92402198|    |      |15|00|000|N|           0|N|9|        |0|        |US 71                                             
S|22|000030|5|1|22|4R|1| |1|0| |1|0| |06| |1|0| |0|A| |X|008-09-1-010|      |31105775| 92402198|    |      |15|00|000|N|           0|N|9|        |0|        |US 71                                             
S|22|000030|5|2|22|4R|1| |1|0| |1|0| |06| |1|0| |0|A| |X|008-09-1-010|      |31105775| 92402198|    |      |15|00|000|N|           0|N|9|        |0|        |US 71                                             
S|22|000030|9|0|22|4R|4| |1|0| |1|0| |06| |1|0| |0|A| |X|008-09-1-010|      |31105775| 92402198|    |      |01|00|000|N|           0|N|9|        |0|        |US 71                                             
S|22|000031|3|0|22|5R|1| |1|0| |1|0| |06| |1|0| |0|A| |X|040-02-1-010|      |31524737| 92420814|    |      |01|00|000|N|           0|N|9|        |0|        |LA 8                                              
S|22|000031|3|1|22|5R|1| |1|0| |1|0| |06| |1|0| |0|A| |X|040-02-1-010|      |31524737| 92420814|    |      |01|00|000|N|           0|N|9|        |0|        |LA 8                                              
S|22|000031|7|0|22|5R|1| |1|0| |1|0| |06| |1|0| |0|A| |X|040-02-1-010|      |31524737| 92420814|    |      |01|00|000|N|           0|N|9|        |0|        |LA 8                                              
S|22|000031|7|1|22|5R|1| |1|0| |1|0| |06| |1|0| |0|A| |X|040-02-1-010|      |31524737| 92420814|    |      |01|00|000|N|           0|N|9|        |0|        |LA 8                                              
S|22|000031|9|0|22|5R|2| |1|0| |1|0| |06| |1|0| |0|A| |X|040-02-1-010|      |31524737| 92420814|    |      |01|00|000|N|           0|N|9|        |0|        |LA 8                                              
S|22|000032|0|0|22|3R|2|T|2|3|H|2|0|F|06|T|0|0|U|2|R|Q| |022-05-1-010|      |31656879| 92089537|    |      |01|00|000|N|           0|N|0|  US0084|9|        |1.6 miles Southeast of Jena                       
S|22|000032|3|0|22|3R|1|T|1|3|H|2|0|F|06|T|0|0|U|2|R|Q| |022-05-1-010|      |31656879| 92089537|    |      |01|00|000|N|           0|N|0|  US0084|9|        |1.6 miles Southeast of Jena                       
S|22|000032|3|1|22|3R|1|T|1|3|H|2|0|F|06|T|0|0|U|2|R|Q| |022-05-1-010|      |31656879| 92089537|    |      |01|00|000|N|           0|N|0|  US0084|9|        |1.6 miles Southeast of Jena                       
S|22|000032|7|0|22|3R|1|T|1|3|H|2|0|F|06|T|0|0|U|2|R|Q| |022-05-1-010|      |31656879| 92089537|    |      |01|00|000|N|           0|N|0|  US0084|9|        |1.6 miles Southeast of Jena                       
S|22|000032|7|1|22|3R|1|T|1|3|H|2|0|F|06|T|0|0|U|2|R|Q| |022-05-1-010|      |31656879| 92089537|    |      |01|00|000|N|           0|N|0|  US0084|9|        |1.6 miles Southeast of Jena                       
S|22|000033|1|0|22|4R|2|T|2|3|H|2|0|F|06|T|0|0|U|2|R|Q| |026-07-1-010|      |32219130| 91733051|    |      |15|00|000|N|           0|N|0|  LA0015|9|        |2.7 MI N OF LA 4                                  
S|22|000033|1|1|22|4R|2|T|2|3|H|2|0|F|06|T|0|0|U|2|R|Q| |026-07-1-010|      |32219130| 91733051|    |      |15|00|000|N|           0|N|0|  LA0015|9|        |2.7 MI N OF LA 4                                  
S|22|000033|1|2|22|4R|2|T|2|3|H|2|0|F|06|T|0|0|U|2|R|Q| |026-07-1-010|      |32219130| 91733051|    |      |15|00|000|N|           0|N|0|  LA0015|9|        |2.7 MI N OF LA 4                                  
S|22|000033|5|0|22|4R|2|T|2|3|H|2|0|F|06|T|0|0|U|2|R|Q| |026-07-1-010|      |32219130| 91733051|    |      |15|00|000|N|           0|N|0|  LA0015|9|        |2.7 MI N OF LA 4                                  
S|22|000033|5|1|22|4R|2|T|2|3|H|2|0|F|06|T|0|0|U|2|R|Q| |026-07-1-010|      |32219130| 91733051|    |      |15|00|000|N|           0|N|0|  LA0015|9|        |2.7 MI N OF LA 4                                  
S|22|000033|5|2|22|4R|2|T|2|3|H|2|0|F|06|T|0|0|U|2|R|Q| |026-07-1-010|      |32219130| 91733051|    |      |15|00|000|N|           0|N|0|  LA0015|9|        |2.7 MI N OF LA 4                                  
S|22|000033|9|0|22|4R|2|T|2|3|H|2|0|F|06|T|0|0|U|2|R|Q| |026-07-1-010|      |32219130| 91733051|    |      |15|00|000|N|           0|N|0|  LA0015|9|        |2.7 MI N OF LA 4                                  
S|22|000034|1|0|22|4R|1| |1|0| |1|0| |06| |1|0| |0|A| |X|051-05-1-010|      |32513095| 91501137|    |      |15|00|000|N|           0|N|9|        |0|        |LA 17                                             
S|22|000034|1|1|22|4R|1| |1|0| |1|0| |06| |1|0| |0|A| |X|051-05-1-010|      |32513095| 91501137|    |      |15|00|000|N|           0|N|9|        |0|        |LA 17                                             
S|22|000034|5|0|22|4R|1| |1|0| |1|0| |06| |1|0| |0|A| |X|051-05-1-010|      |32513095| 91501137|    |      |15|00|000|N|           0|N|9|        |0|        |LA 17                                             
S|22|000034|5|1|22|4R|1| |1|0| |1|0| |06| |1|0| |0|A| |X|051-05-1-010|      |32513095| 91501137|    |      |15|00|000|N|           0|N|9|        |0|        |LA 17                                             
S|22|000034|9|0|22|4R|2| |1|0| |1|0| |06| |1|0| |0|A| |X|051-05-1-010|      |32513095| 91501137|    |      |15|00|000|N|           0|N|9|        |0|        |LA 17                                             
S|22|000035|3|0|22|4R|1| |1|0| |1|0| |06| |1|0| |0|A| |X|070-04-1-010|      |32785524| 92425744|    |      |15|00|111|N|           0|N|9|        |0|        |LA 2                                              
S|22|000035|3|1|22|4R|1| |1|0| |1|0| |06| |1|0| |0|A| |X|070-04-1-010|      |32785524| 92425744|    |      |15|00|111|N|           0|N|9|        |0|        |LA 2                                              
S|22|000035|7|0|22|4R|1| |1|0| |1|0| |06| |1|0| |0|A| |X|070-04-1-010|      |32785524| 92425744|    |      |15|00|111|N|           0|N|9|        |0|        |LA 2                                              
S|22|000035|7|1|22|4R|1| |1|0| |1|0| |06| |1|0| |0|A| |X|070-04-1-010|      |32785524| 92425744|    |      |15|00|111|N|           0|N|9|        |0|        |LA 2                                              
S|22|000035|9|0|22|4R|2| |1|0| |1|0| |06| |1|0| |0|A| |X|070-04-1-010|      |32785524| 92425744|    |      |15|00|111|N|           0|N|9|        |0|        |LA 2                                              
S|22|000036|1|0|22|5R|1| |1|0| |1|0| |06| |1|0| |0|A| |X|043-06-1-010|      |32589327| 92973508|    |      |15|00|000|N|           0|N|9|        |0|        |LA 9                                              
S|22|000036|1|1|22|5R|1| |1|0| |1|0| |06| |1|0| |0|A| |X|043-06-1-010|      |32589327| 92973508|    |      |15|00|000|N|           0|N|9|        |0|        |LA 9                                              
S|22|000036|5|0|22|5R|1| |1|0| |1|0| |06| |1|0| |0|A| |X|043-06-1-010|      |32589327| 92973508|    |      |15|00|000|N|           0|N|9|        |0|        |LA 9                                              
S|22|000036|5|1|22|5R|1| |1|0| |1|0| |06| |1|0| |0|A| |X|043-06-1-010|      |32589327| 92973508|    |      |15|00|000|N|           0|N|9|        |0|        |LA 9                                              
S|22|000036|9|0|22|5R|2| |1|0| |1|0| |06| |1|0| |0|A| |X|043-06-1-010|      |32589327| 92973508|    |      |15|00|000|N|           0|N|9|        |0|        |LA 9                                              
S|22|000037|3|1|22|5R|1|T|1|3|N|0|0|F|06|T|0|0|U|2|L|Q| |           0|      |32243600| 92613400|    |      |01|00|000|N|            |N|0|  LA0004|0|        |0.1 mi W of LA 505  Jonesboro                     
S|22|000037|7|1|22|5R|1|T|1|3|N|0|0|F|06|T|0|0|U|2|L|Q| |           0|      |32243600| 92613400|    |      |01|00|000|N|            |N|0|  LA0004|0|        |0.1 mi W of LA 505  Jonesboro                     
S|22|000037|9|0|22|5R|1|T|2|3| |0|0| |06| |0|0| |2|A| |P|067-06-1-010|      |32243475| 92610470|    |      |99|00|000|N|           0|N|9|        |0|        |LA 4                                              
S|22|000038|1|0|22|3R|2| |1|0| |1|0| |06| |1|0| |0|A| |X|023-04-1-010|      |31886627| 92595496|    |      |15|00|127|N|           0|N|9|        |0|        |US 167                                            
S|22|000038|1|1|22|3R|1| |1|0| |1|0| |06| |1|0| |0|A| |X|023-04-1-010|      |31886627| 92595496|    |      |15|00|127|N|           0|N|9|        |0|        |US 167                                            
S|22|000038|1|2|22|3R|1| |1|0| |1|0| |06| |1|0| |0|A| |X|023-04-1-010|      |31886627| 92595496|    |      |15|00|127|N|           0|N|9|        |0|        |US 167                                            
S|22|000038|5|0|22|3R|2| |1|0| |1|0| |06| |1|0| |0|A| |X|023-04-1-010|      |31886627| 92595496|    |      |15|00|127|N|           0|N|9|        |0|        |US 167                                            
S|22|000038|5|1|22|3R|1| |1|0| |1|0| |06| |1|0| |0|A| |X|023-04-1-010|      |31886627| 92595496|    |      |15|00|127|N|           0|N|9|        |0|        |US 167                                            
S|22|000038|5|2|22|3R|1| |1|0| |1|0| |06| |1|0| |0|A| |X|023-04-1-010|      |31886627| 92595496|    |      |15|00|127|N|           0|N|9|        |0|        |US 167                                            
S|22|000038|9|0|22|3R|4| |1|0| |1|0| |06| |1|0| |0|A| |X|023-04-1-010|      |31886627| 92595496|    |      |15|00|127|N|           0|N|9|        |0|        |US 167                                            
S|22|000039|1|0|22|3R|2|T|2|3|N|2|0|F|06|T|0|0|U|2|R|Q| |019-04-1-010|      |30782845| 91348434|    |      |15|00|125|N|           0|N|0|  US0061|9|        |0.1 MI N OF LA 965                                
S|22|000039|1|1|22|3R|2|T|2|3|N|2|0|F|06|T|0|0|U|2|R|Q| |019-04-1-010|      |30782845| 91348434|    |      |15|00|125|N|           0|N|0|  US0061|9|        |0.1 MI N OF LA 965                                
S|22|000039|1|2|22|3R|2|T|2|3|N|2|0|F|06|T|0|0|U|2|R|Q| |019-04-1-010|      |30782845| 91348434|    |      |15|00|125|N|           0|N|0|  US0061|9|        |0.1 MI N OF LA 965                                
S|22|000039|5|0|22|3R|2|T|2|3|N|2|0|F|06|T|0|0|U|2|R|Q| |019-04-1-010|      |30782845| 91348434|    |      |15|00|125|N|           0|N|0|  US0061|9|        |0.1 MI N OF LA 965                                
S|22|000039|5|1|22|3R|2|T|2|3|N|2|0|F|06|T|0|0|U|2|R|Q| |019-04-1-010|      |30782845| 91348434|    |      |15|00|125|N|           0|N|0|  US0061|9|        |0.1 MI N OF LA 965                                
S|22|000039|5|2|22|3R|2|T|2|3|N|2|0|F|06|T|0|0|U|2|R|Q| |019-04-1-010|      |30782845| 91348434|    |      |15|00|125|N|           0|N|0|  US0061|9|        |0.1 MI N OF LA 965                                
S|22|000039|9|0|22|3R|2|T|2|3|N|2|0|F|06|T|0|0|U|2|R|Q| |019-04-1-010|      |30782845| 91348434|    |      |15|00|125|N|           0|N|0|  US0061|9|        |0.1 MI N OF LA 965                                
S|22|00003W|3|1|22|3R|1|T|1|2|H|1|2|F|06|B|1|4|A|2|P|N|P|A 70_1_1_010|      |30142802| 90873099|    |      |20|00|000|N|           0|N|3|      70|0|        |Hwy 70                                            
S|22|00003W|7|1|22|3R|1|T|1|2|H|1|2|F|06|B|1|4|A|2|P|N|P|A 70_1_1_010|      |30142802| 90873099|    |      |20|00|000|N|           0|N|3|      70|0|        |Hwy 70                                            
S|22|000040|1|0|22|4R|1|T|1|3|N|1|0|F|06|T|0|0|U|2|R|Q| |060-03-1-010|      |30820252| 91000773|    |      |15|00|000|N|           0|N|0|  LA0067|9|        |0.2 MI S OF LA 63                                 
S|22|000040|1|1|22|4R|1|T|1|3|N|1|0|F|06|T|0|0|U|2|R|Q| |060-03-1-010|      |30820252| 91000773|    |      |15|00|000|N|           0|N|0|  LA0067|9|        |0.2 MI S OF LA 63                                 
S|22|000040|5|0|22|4R|1|T|1|3|N|1|0|F|06|T|0|0|U|2|R|Q| |060-03-1-010|      |30820252| 91000773|    |      |15|00|000|N|           0|N|0|  LA0067|9|        |0.2 MI S OF LA 63                                 
S|22|000040|5|1|22|4R|1|T|1|3|N|1|0|F|06|T|0|0|U|2|R|Q| |060-03-1-010|      |30820252| 91000773|    |      |15|00|000|N|           0|N|0|  LA0067|9|        |0.2 MI S OF LA 63                                 
S|22|000040|9|0|22|4R|2|T|2|3|N|1|0|F|06|T|0|0|U|2|R|Q| |060-03-1-010|      |30820252| 91000773|    |      |15|00|000|N|           0|N|0|  LA0067|9|        |0.2 MI S OF LA 63                                 
S|22|000041|3|0|22|4R|1| |1|0| |1|0| |06| |1|0| |0|A| |X|061-07-1-010|      |30879812| 90786240|    |      |15|00|000|N|           0|N|9|        |0|        |LA 10                                             
S|22|000041|3|1|22|4R|1| |1|0| |1|0| |06| |1|0| |0|A| |X|061-07-1-010|      |30879812| 90786240|    |      |15|00|000|N|           0|N|9|        |0|        |LA 10                                             
S|22|000041|7|0|22|4R|1| |1|0| |1|0| |06| |1|0| |0|A| |X|061-07-1-010|      |30879812| 90786240|    |      |15|00|000|N|           0|N|9|        |0|        |LA 10                                             
S|22|000041|7|1|22|4R|1| |1|0| |1|0| |06| |1|0| |0|A| |X|061-07-1-010|      |30879812| 90786240|    |      |15|00|000|N|           0|N|9|        |0|        |LA 10                                             
S|22|000041|9|0|22|4R|2| |1|0| |1|0| |06| |1|0| |0|A| |X|061-07-1-010|      |30879812| 90786240|    |      |15|00|000|N|           0|N|9|        |0|        |LA 10                                             
S|22|000042|1|0|22|4R|1| |1|0| |1|0| |06| |1|0| |0|A| |X|017-05-1-010|      |30822263| 90511100|    |      |15|00|105|N|           0|N|9|        |0|        |US 51                                             
S|22|000042|1|1|22|4R|1| |1|0| |1|0| |06| |1|0| |0|A| |X|017-05-1-010|      |30822263| 90511100|    |      |15|00|105|N|           0|N|9|        |0|        |US 51                                             
S|22|000042|5|0|22|4R|1| |1|0| |1|0| |06| |1|0| |0|A| |X|017-05-1-010|      |30822263| 90511100|    |      |15|00|105|N|           0|N|9|        |0|        |US 51                                             
S|22|000042|5|1|22|4R|1| |1|0| |1|0| |06| |1|0| |0|A| |X|017-05-1-010|      |30822263| 90511100|    |      |15|00|105|N|           0|N|9|        |0|        |US 51                                             
S|22|000042|9|0|22|4R|2| |1|0| |1|0| |06| |1|0| |0|A| |X|017-05-1-010|      |30822263| 90511100|    |      |15|00|105|N|           0|N|9|        |0|        |US 51                                             
S|22|000043|3|0|22|4R|1| |1|0| |1|0| |06| |1|0| |0|A| |X|047-02-1-010|      |30820949| 90175163|    |      |15|00|117|N|           0|N|9|        |0|        |LA 16                                             
S|22|000043|3|1|22|4R|1| |1|0| |1|0| |06| |1|0| |0|A| |X|047-02-1-010|      |30820949| 90175163|    |      |15|00|117|N|           0|N|9|        |0|        |LA 16                                             
S|22|000043|7|0|22|4R|1| |1|0| |1|0| |06| |1|0| |0|A| |X|047-02-1-010|      |30820949| 90175163|    |      |15|00|117|N|           0|N|9|        |0|        |LA 16                                             
S|22|000043|7|1|22|4R|1| |1|0| |1|0| |06| |1|0| |0|A| |X|047-02-1-010|      |30820949| 90175163|    |      |15|00|117|N|           0|N|9|        |0|        |LA 16                                             
S|22|000043|9|0|22|4R|2| |1|0| |1|0| |06| |1|0| |0|A| |X|047-02-1-010|      |30820949| 90175163|    |      |15|00|117|N|           0|N|9|        |0|        |LA 16                                             
S|22|000044|1|0|22|4U|1| |1|0| |1|0| |06| |1|0| |0|A| |X|030-04-1-010|      |30814559| 89841096|    |      |15|00|117|N|           0|N|9|        |0|        |LA 21                                             
S|22|000044|1|1|22|4U|1| |1|0| |1|0| |06| |1|0| |0|A| |X|030-04-1-010|      |30814559| 89841096|    |      |15|00|117|N|           0|N|9|        |0|        |LA 21                                             
S|22|000044|5|0|22|4U|1| |1|0| |1|0| |06| |1|0| |0|A| |X|030-04-1-010|      |30814559| 89841096|    |      |15|00|117|N|           0|N|9|        |0|        |LA 21                                             
S|22|000044|5|1|22|4U|1| |1|0| |1|0| |06| |1|0| |0|A| |X|030-04-1-010|      |30814559| 89841096|    |      |15|00|117|N|           0|N|9|        |0|        |LA 21                                             
S|22|000044|9|0|22|4U|2| |1|0| |1|0| |06| |1|0| |0|A| |X|030-04-1-010|      |30814559| 89841096|    |      |15|00|117|N|           0|N|9|        |0|        |LA 21                                             
S|22|000045|1|0|22|4R|1| |1|0| |1|0| |06| |1|0| |0|A| |X|059-02-2-010|      |30516100| 90118800|    |      |15|00|000|N|           0|N|9|        |0|        |LA0025                                            
S|22|000045|1|1|22|4R|1| |1|0| |1|0| |06| |1|0| |0|A| |X|059-02-2-010|      |30516100| 90118800|    |      |15|00|000|N|           0|N|9|        |0|        |LA0025                                            
S|22|000045|5|0|22|4R|1| |1|0| |1|0| |06| |1|0| |0|A| |X|059-02-2-010|      |30516100| 90118800|    |      |15|00|000|N|           0|N|9|        |0|        |LA0025                                            
S|22|000045|5|1|22|4R|1| |1|0| |1|0| |06| |1|0| |0|A| |X|059-02-2-010|      |30516100| 90118800|    |      |15|00|000|N|           0|N|9|        |0|        |LA0025                                            
S|22|000045|9|0|22|4R|2| |1|0| |1|0| |06| |1|0| |0|A| |X|059-02-2-010|      |30516100| 90118800|    |      |15|00|000|N|           0|N|9|        |0|        |LA0025                                            
S|22|000046|0|0|22|4R|2|T|2|3|N|2|0|F|06|T|0|0|U|2|R|Q| |006-05-1-010|      |30160113| 89739547|    |      |15|00|000|N|           0|N|0|  US0090|9|        |0.3 MI E OF LA 433                                
S|22|000046|3|0|22|4R|2|T|2|3|N|2|0|F|06|T|0|0|U|2|R|Q| |006-05-1-010|      |30160113| 89739547|    |      |15|00|000|N|           0|N|0|  US0090|9|        |0.3 MI E OF LA 433                                
S|22|000046|3|1|22|4R|2|T|2|3|N|2|0|F|06|T|0|0|U|2|R|Q| |006-05-1-010|      |30160113| 89739547|    |      |15|00|000|N|           0|N|0|  US0090|9|        |0.3 MI E OF LA 433                                
S|22|000046|7|0|22|4R|2|T|2|3|N|2|0|F|06|T|0|0|U|2|R|Q| |006-05-1-010|      |30160113| 89739547|    |      |15|00|000|N|           0|N|0|  US0090|9|        |0.3 MI E OF LA 433                                
S|22|000046|7|1|22|4R|2|T|2|3|N|2|0|F|06|T|0|0|U|2|R|Q| |006-05-1-010|      |30160113| 89739547|    |      |15|00|000|N|           0|N|0|  US0090|9|        |0.3 MI E OF LA 433                                
S|22|000047|1|0|22|5R|1| |1|0| |1|0| |06| |1|0| |0|A| |X|046-03-1-010|      |29864887| 89896429|    |      |15|00|000|N|           0|N|9|        |0|        |LA 39                                             
S|22|000047|1|1|22|5R|1| |1|0| |1|0| |06| |1|0| |0|A| |X|046-03-1-010|      |29864887| 89896429|    |      |15|00|000|N|           0|N|9|        |0|        |LA 39                                             
S|22|000047|5|0|22|5R|1| |1|0| |1|0| |06| |1|0| |0|A| |X|046-03-1-010|      |29864887| 89896429|    |      |15|00|000|N|           0|N|9|        |0|        |LA 39                                             
S|22|000047|5|1|22|5R|1| |1|0| |1|0| |06| |1|0| |0|A| |X|046-03-1-010|      |29864887| 89896429|    |      |15|00|000|N|           0|N|9|        |0|        |LA 39                                             
S|22|000047|9|0|22|5R|2| |1|0| |1|0| |06| |1|0| |0|A| |X|046-03-1-010|      |29864887| 89896429|    |      |15|00|000|N|           0|N|9|        |0|        |LA 39                                             
S|22|000048|0|0|22|3U|2|T|2|3|N|2|0|F|06|T|0|0|U|2|R|Q| |265-01-1-010|      |30204755| 90920289|    |      |15|00|000|N|           0|N|0|  LA0044|9|        |NORTH OF LA 939                                   
S|22|000048|3|0|22|3U|2|T|2|3|N|2|0|F|06|T|0|0|U|2|R|Q| |265-01-1-010|      |30204755| 90920289|    |      |15|00|000|N|           0|N|0|  LA0044|9|        |NORTH OF LA 939                                   
S|22|000048|3|1|22|3U|2|T|2|3|N|2|0|F|06|T|0|0|U|2|R|Q| |265-01-1-010|      |30204755| 90920289|    |      |15|00|000|N|           0|N|0|  LA0044|9|        |NORTH OF LA 939                                   
S|22|000048|3|2|22|3U|2|T|2|3|N|2|0|F|06|T|0|0|U|2|R|Q| |265-01-1-010|      |30204755| 90920289|    |      |15|00|000|N|           0|N|0|  LA0044|9|        |NORTH OF LA 939                                   
S|22|000048|7|0|22|3U|2|T|2|3|N|2|0|F|06|T|0|0|U|2|R|Q| |265-01-1-010|      |30204755| 90920289|    |      |15|00|000|N|           0|N|0|  LA0044|9|        |NORTH OF LA 939                                   
S|22|000048|7|1|22|3U|2|T|2|3|N|2|0|F|06|T|0|0|U|2|R|Q| |265-01-1-010|      |30204755| 90920289|    |      |15|00|000|N|           0|N|0|  LA0044|9|        |NORTH OF LA 939                                   
S|22|000048|7|2|22|3U|2|T|2|3|N|2|0|F|06|T|0|0|U|2|R|Q| |265-01-1-010|      |30204755| 90920289|    |      |15|00|000|N|           0|N|0|  LA0044|9|        |NORTH OF LA 939                                   
S|22|00004W|3|1|22|3R|1|T|1|2|H|0|2|F|06|B|1|4|A|2|P|N|P|A 30_1_1_010|      |30222630| 91010330|    |      |21|00|000|N|           0|N|3|      30|0|        |Hwy 30                                            
S|22|00004W|7|1|22|3R|1|T|1|2|H|0|2|F|06|B|1|4|A|2|P|N|P|A 30_1_1_010|      |30222630| 91010330|    |      |21|00|000|N|           0|N|3|      30|0|        |Hwy 30                                            
S|22|000050|1|0|22|3U|2| |1|0| |1|0| |06| |1|0| |0|A| |X|050-06-1-010|      |30266685| 91220709|    |      |15|00|000|N|           0|N|9|        |0|        |LA 1                                              
S|22|000050|1|1|22|3U|1| |1|0| |1|0| |06| |1|0| |0|A| |X|050-06-1-010|      |30266685| 91220709|    |      |15|00|000|N|           0|N|9|        |0|        |LA 1                                              
S|22|000050|1|2|22|3U|1| |1|0| |1|0| |06| |1|0| |0|A| |X|050-06-1-010|      |30266685| 91220709|    |      |15|00|000|N|           0|N|9|        |0|        |LA 1                                              
S|22|000050|5|0|22|3U|2| |1|0| |1|0| |06| |1|0| |0|A| |X|050-06-1-010|      |30266685| 91220709|    |      |15|00|000|N|           0|N|9|        |0|        |LA 1                                              
S|22|000050|5|1|22|3U|1| |1|0| |1|0| |06| |1|0| |0|A| |X|050-06-1-010|      |30266685| 91220709|    |      |15|00|000|N|           0|N|9|        |0|        |LA 1                                              
S|22|000050|5|2|22|3U|1| |1|0| |1|0| |06| |1|0| |0|A| |X|050-06-1-010|      |30266685| 91220709|    |      |15|00|000|N|           0|N|9|        |0|        |LA 1                                              
S|22|000050|9|0|22|3U|4| |1|0| |1|0| |06| |1|0| |0|A| |X|050-06-1-010|      |30266685| 91220709|    |      |15|00|000|N|           0|N|9|        |0|        |LA 1                                              
S|22|000051|3|1|22|3U|2|T|2|3|H|0|0|F|06|T|0|0|U|2|L|Q| |           0|      |30138600| 91945400|    |      |13|00|000|N|424-02      |N|0|  US0090|0|        |10.0 Miles South of I-10  Broussard               
S|22|000051|3|2|22|3U|2|T|2|3|H|0|0|F|06|T|0|0|U|2|L|Q| |           0|      |30138600| 91945400|    |      |13|00|000|N|424-02      |N|0|  US0090|0|        |10.0 Miles South of I-10  Broussard               
S|22|000051|7|1|22|3U|2|T|2|3|H|0|0|F|06|T|0|0|U|2|L|Q| |           0|      |30138600| 91945400|    |      |13|00|000|N|424-02      |N|0|  US0090|0|        |10.0 Miles South of I-10  Broussard               
S|22|000051|7|2|22|3U|2|T|2|3|H|0|0|F|06|T|0|0|U|2|L|Q| |           0|      |30138600| 91945400|    |      |13|00|000|N|424-02      |N|0|  US0090|0|        |10.0 Miles South of I-10  Broussard               
S|22|000052|1|1|22|4R|1|T|1|3| |0|0|F|06| |0|0|U|2|L|Q| |           0|      |29988132| 92168044|    |      |01|00|000|N|055-05      |N|3|  LA0014|0|        |0.2 mi W of LA 14 Bus  Abbeville                  
S|22|000052|5|1|22|4R|1|T|1|3| |0|0|F|06| |0|0|U|2|L|Q| |           0|      |29988132| 92168044|    |      |01|00|000|N|055-05      |N|3|  LA0014|0|        |0.2 mi W of LA 14 Bus  Abbeville                  
S|22|000052|9|0|22|4R|2|T|2|3| |0|0| |06| |0|0| |2|A| |P|055-05-1-010|      |29988136| 92168046|    |      |01|00|113|N|           0|N|9|        |0|        |LA 14                                             
S|22|000053|1|0|22|1U|2|T|2|3|H|2|0|F|06|T|0|0|U|2|R|Q| |455-01-1-010|      |30337775| 92039007|    |      |15|00|000|N|           0|N|0|  I-0049|9|        |5.5 MI N OF I-10                                  
S|22|000053|1|1|22|1U|2|T|2|3|H|2|0|F|06|T|0|0|U|2|R|Q| |455-01-1-010|      |30337775| 92039007|    |      |15|00|000|N|           0|N|0|  I-0049|9|        |5.5 MI N OF I-10                                  
S|22|000053|1|2|22|1U|2|T|2|3|H|2|0|F|06|T|0|0|U|2|R|Q| |455-01-1-010|      |30337775| 92039007|    |      |15|00|000|N|           0|N|0|  I-0049|9|        |5.5 MI N OF I-10                                  
S|22|000053|5|0|22|1U|2|T|2|3|H|2|0|F|06|T|0|0|U|2|R|Q| |455-01-1-010|      |30337775| 92039007|    |      |15|00|000|N|           0|N|0|  I-0049|9|        |5.5 MI N OF I-10                                  
S|22|000053|5|1|22|1U|2|T|2|3|H|2|0|F|06|T|0|0|U|2|R|Q| |455-01-1-010|      |30337775| 92039007|    |      |15|00|000|N|           0|N|0|  I-0049|9|        |5.5 MI N OF I-10                                  
S|22|000053|5|2|22|1U|2|T|2|3|H|2|0|F|06|T|0|0|U|2|R|Q| |455-01-1-010|      |30337775| 92039007|    |      |15|00|000|N|           0|N|0|  I-0049|9|        |5.5 MI N OF I-10                                  
S|22|000053|9|0|22|1U|2|T|2|3|H|2|0|F|06|T|0|0|U|2|R|Q| |455-01-1-010|      |30337775| 92039007|    |      |15|00|000|N|           0|N|0|  I-0049|9|        |5.5 MI N OF I-10                                  
S|22|000054|3|0|22|1U|2| |1|0| |1|0| |06| |1|0| |0|A| |X|450-13-1-010|      |30096673| 90471043|    |      |15|00|000|N|           0|N|9|        |0|        |I-10                                              
S|22|000054|3|1|22|1U|1| |1|0| |1|0| |06| |1|0| |0|A| |X|450-13-1-010|      |30096673| 90471043|    |      |15|00|000|N|           0|N|9|        |0|        |I-10                                              
S|22|000054|3|2|22|1U|1| |1|0| |1|0| |06| |1|0| |0|A| |X|450-13-1-010|      |30096673| 90471043|    |      |15|00|000|N|           0|N|9|        |0|        |I-10                                              
S|22|000054|7|0|22|1U|2| |1|0| |1|0| |06| |1|0| |0|A| |X|450-13-1-010|      |30096673| 90471043|    |      |15|00|000|N|           0|N|9|        |0|        |I-10                                              
S|22|000054|7|1|22|1U|1| |1|0| |1|0| |06| |1|0| |0|A| |X|450-13-1-010|      |30096673| 90471043|    |      |15|00|000|N|           0|N|9|        |0|        |I-10                                              
S|22|000054|7|2|22|1U|1| |1|0| |1|0| |06| |1|0| |0|A| |X|450-13-1-010|      |30096673| 90471043|    |      |15|00|000|N|           0|N|9|        |0|        |I-10                                              
S|22|000054|9|0|22|1U|4| |1|0| |1|0| |06| |1|0| |0|A| |X|450-13-1-010|      |30096673| 90471043|    |      |15|00|000|N|           0|N|9|        |0|        |I-10                                              
S|22|000055|3|0|22|4R|2| |1|0| |1|0| |06| |1|0| |0|A| |X|012-10-1-010|      |30480173| 92528021|    |      |15|00|000|N|           0|N|9|        |0|        |US 190                                            
S|22|000055|3|1|22|4R|1| |1|0| |1|0| |06| |1|0| |0|A| |X|012-10-1-010|      |30480173| 92528021|    |      |15|00|000|N|           0|N|9|        |0|        |US 190                                            
S|22|000055|3|2|22|4R|1| |1|0| |1|0| |06| |1|0| |0|A| |X|012-10-1-010|      |30480173| 92528021|    |      |15|00|000|N|           0|N|9|        |0|        |US 190                                            
S|22|000055|7|0|22|4R|2| |1|0| |1|0| |06| |1|0| |0|A| |X|012-10-1-010|      |30480173| 92528021|    |      |15|00|000|N|           0|N|9|        |0|        |US 190                                            
S|22|000055|7|1|22|4R|1| |1|0| |1|0| |06| |1|0| |0|A| |X|012-10-1-010|      |30480173| 92528021|    |      |15|00|000|N|           0|N|9|        |0|        |US 190                                            
S|22|000055|7|2|22|4R|1| |1|0| |1|0| |06| |1|0| |0|A| |X|012-10-1-010|      |30480173| 92528021|    |      |15|00|000|N|           0|N|9|        |0|        |US 190                                            
S|22|000055|9|0|22|4R|4| |1|0| |1|0| |06| |1|0| |0|A| |X|012-10-1-010|      |30480173| 92528021|    |      |15|00|000|N|           0|N|9|        |0|        |US 190                                            
S|22|000056|1|0|22|3U|2| |1|0| |1|0| |06| |1|0| |0|A| |X|014-04-1-010|      |30783670| 92680300|    |      |15|00|000|N|           0|N|9|        |0|        |US 165                                            
S|22|000056|1|1|22|3U|1| |1|0| |1|0| |06| |1|0| |0|A| |X|014-04-1-010|      |30783670| 92680300|    |      |15|00|000|N|           0|N|9|        |0|        |US 165                                            
S|22|000056|1|2|22|3U|1| |1|0| |1|0| |06| |1|0| |0|A| |X|014-04-1-010|      |30783670| 92680300|    |      |15|00|000|N|           0|N|9|        |0|        |US 165                                            
S|22|000056|5|0|22|3U|2| |1|0| |1|0| |06| |1|0| |0|A| |X|014-04-1-010|      |30783670| 92680300|    |      |15|00|000|N|           0|N|9|        |0|        |US 165                                            
S|22|000056|5|1|22|3U|1| |1|0| |1|0| |06| |1|0| |0|A| |X|014-04-1-010|      |30783670| 92680300|    |      |15|00|000|N|           0|N|9|        |0|        |US 165                                            
S|22|000056|5|2|22|3U|1| |1|0| |1|0| |06| |1|0| |0|A| |X|014-04-1-010|      |30783670| 92680300|    |      |15|00|000|N|           0|N|9|        |0|        |US 165                                            
S|22|000056|9|0|22|3U|4| |1|0| |1|0| |06| |1|0| |0|A| |X|014-04-1-010|      |30783670| 92680300|    |      |15|00|000|N|           0|N|9|        |0|        |US 165                                            
S|22|000057|1|0|22|4R|2|T|2|3|N|2|0|F|06|T|0|0|U|2|R|Q| |052-02-1-010|      |30709799| 91511899|    |      |15|00|000|N|           0|N|0|  LA0001|9|        |1.8 MI S OF LA 420                                
S|22|000057|1|1|22|4R|2|T|2|3|N|2|0|F|06|T|0|0|U|2|R|Q| |052-02-1-010|      |30709799| 91511899|    |      |15|00|000|N|           0|N|0|  LA0001|9|        |1.8 MI S OF LA 420                                
S|22|000057|5|0|22|4R|2|T|2|3|N|2|0|F|06|T|0|0|U|2|R|Q| |052-02-1-010|      |30709799| 91511899|    |      |15|00|000|N|           0|N|0|  LA0001|9|        |1.8 MI S OF LA 420                                
S|22|000057|5|1|22|4R|2|T|2|3|N|2|0|F|06|T|0|0|U|2|R|Q| |052-02-1-010|      |30709799| 91511899|    |      |15|00|000|N|           0|N|0|  LA0001|9|        |1.8 MI S OF LA 420                                
S|22|000057|9|0|22|4R|2|T|2|3|N|2|0|F|06|T|0|0|U|2|R|Q| |052-02-1-010|      |30709799| 91511899|    |      |15|00|000|N|           0|N|0|  LA0001|9|        |1.8 MI S OF LA 420                                
S|22|000058|1|0|22|4R|1| |1|0| |1|0| |06| |1|0| |0|A| |X|053-08-1-010|      |32338030| 93613991|    |      |15|00|000|N|           0|N|9|        |0|        |LA 1                                              
S|22|000058|1|1|22|4R|1| |1|0| |1|0| |06| |1|0| |0|A| |X|053-08-1-010|      |32338030| 93613991|    |      |15|00|000|N|           0|N|9|        |0|        |LA 1                                              
S|22|000058|5|0|22|4R|1| |1|0| |1|0| |06| |1|0| |0|A| |X|053-08-1-010|      |32338030| 93613991|    |      |15|00|000|N|           0|N|9|        |0|        |LA 1                                              
S|22|000058|5|1|22|4R|1| |1|0| |1|0| |06| |1|0| |0|A| |X|053-08-1-010|      |32338030| 93613991|    |      |15|00|000|N|           0|N|9|        |0|        |LA 1                                              
S|22|000058|9|0|22|4R|2| |1|0| |1|0| |06| |1|0| |0|A| |X|053-08-1-010|      |32338030| 93613991|    |      |15|00|000|N|           0|N|9|        |0|        |LA 1                                              
S|22|000060|1|0|22|4R|1| |1|0| |1|0| |06| |1|0| |0|A| |X|010-01-1-010|      |31827202| 93037567|    |      |15|00|000|N|           0|N|9|        |0|        |US 71                                             
S|22|000060|1|1|22|4R|1| |1|0| |1|0| |06| |1|0| |0|A| |X|010-01-1-010|      |31827202| 93037567|    |      |15|00|000|N|           0|N|9|        |0|        |US 71                                             
S|22|000060|5|0|22|4R|1| |1|0| |1|0| |06| |1|0| |0|A| |X|010-01-1-010|      |31827202| 93037567|    |      |15|00|000|N|           0|N|9|        |0|        |US 71                                             
S|22|000060|5|1|22|4R|1| |1|0| |1|0| |06| |1|0| |0|A| |X|010-01-1-010|      |31827202| 93037567|    |      |15|00|000|N|           0|N|9|        |0|        |US 71                                             
S|22|000060|9|0|22|4R|2| |1|0| |1|0| |06| |1|0| |0|A| |X|010-01-1-010|      |31827202| 93037567|    |      |15|00|000|N|           0|N|9|        |0|        |US 71                                             
S|22|000061|1|0|22|5R|1|T|1|3|N|2|0|F|06|T|0|0|U|2|L|Q| |035-01-1-010|      |31707963| 93508651|    |      |15|00|000|N|           0|N|0|  LA0175|9|        |0.6 MI S OF LA 120                                
S|22|000061|1|1|22|5R|1|T|1|3|N|2|0|F|06|T|0|0|U|2|L|Q| |035-01-1-010|      |31707963| 93508651|    |      |15|00|000|N|           0|N|0|  LA0175|9|        |0.6 MI S OF LA 120                                
S|22|000061|5|0|22|5R|1|T|1|3|N|2|0|F|06|T|0|0|U|2|L|Q| |035-01-1-010|      |31707963| 93508651|    |      |15|00|000|N|           0|N|0|  LA0175|9|        |0.6 MI S OF LA 120                                
S|22|000061|5|1|22|5R|1|T|1|3|N|2|0|F|06|T|0|0|U|2|L|Q| |035-01-1-010|      |31707963| 93508651|    |      |15|00|000|N|           0|N|0|  LA0175|9|        |0.6 MI S OF LA 120                                
S|22|000061|9|0|22|5R|2|T|2|3|N|2|0|F|06|T|0|0|U|2|L|Q| |035-01-1-010|      |31707963| 93508651|    |      |15|00|000|N|           0|N|0|  LA0175|9|        |0.6 MI S OF LA 120                                
S|22|000062|1|0|22|5R|1|T|1|3|N|0|0|F|06|T|0|0|U|2|L|Q| |029-06-1-010|      |31269918| 92692935|    |      |15|00|000|N|           0|N|0|  LA0121|9|        |0.6 South of La 28                                
S|22|000062|1|1|22|5R|1|T|1|3|N|0|0|F|06|T|0|0|U|2|L|Q| |029-06-1-010|      |31269918| 92692935|    |      |15|00|000|N|           0|N|0|  LA0121|9|        |0.6 South of La 28                                
S|22|000062|5|0|22|5R|1|T|1|3|N|0|0|F|06|T|0|0|U|2|L|Q| |029-06-1-010|      |31269918| 92692935|    |      |15|00|000|N|           0|N|0|  LA0121|9|        |0.6 South of La 28                                
S|22|000062|5|1|22|5R|1|T|1|3|N|0|0|F|06|T|0|0|U|2|L|Q| |029-06-1-010|      |31269918| 92692935|    |      |15|00|000|N|           0|N|0|  LA0121|9|        |0.6 South of La 28                                
S|22|000062|9|0|22|5R|2|T|2|3|N|0|0|F|06|T|0|0|U|2|L|Q| |029-06-1-010|      |31269918| 92692935|    |      |15|00|000|N|           0|N|0|  LA0121|9|        |0.6 South of La 28                                
S|22|000063|0|0|22|1U|2|T|2|3|H|2|0|F|06|T|0|0|U|2|R|Q| |450-91-1-010|      |30236967| 93237026|    |      |15|00|000|N|           0|N|0|  I-0010|9|        |3.8 MI W US 171                                   
S|22|000063|3|0|22|1U|2|T|2|3|H|2|0|F|06|T|0|0|U|2|R|Q| |450-91-1-010|      |30236967| 93237026|    |      |15|00|000|N|           0|N|0|  I-0010|9|        |3.8 MI W US 171                                   
S|22|000063|3|1|22|1U|2|T|2|3|H|2|0|F|06|T|0|0|U|2|R|Q| |450-91-1-010|      |30236967| 93237026|    |      |15|00|000|N|           0|N|0|  I-0010|9|        |3.8 MI W US 171                                   
S|22|000063|3|2|22|1U|2|T|2|3|H|2|0|F|06|T|0|0|U|2|R|Q| |450-91-1-010|      |30236967| 93237026|    |      |15|00|000|N|           0|N|0|  I-0010|9|        |3.8 MI W US 171                                   
S|22|000063|7|0|22|1U|2|T|2|3|H|2|0|F|06|T|0|0|U|2|R|Q| |450-91-1-010|      |30236967| 93237026|    |      |15|00|000|N|           0|N|0|  I-0010|9|        |3.8 MI W US 171                                   
S|22|000063|7|1|22|1U|2|T|2|3|H|2|0|F|06|T|0|0|U|2|R|Q| |450-91-1-010|      |30236967| 93237026|    |      |15|00|000|N|           0|N|0|  I-0010|9|        |3.8 MI W US 171                                   
S|22|000063|7|2|22|1U|2|T|2|3|H|2|0|F|06|T|0|0|U|2|R|Q| |450-91-1-010|      |30236967| 93237026|    |      |15|00|000|N|           0|N|0|  I-0010|9|        |3.8 MI W US 171                                   
S|22|000064|3|1|22|3U|2|T|2|3|H|0|0|F|06|T|0|0|U|2|L|Q| |           0|      |30507600| 91188100|    |      |13|00|000|N|007-90      |N|0|  US0190|0|        |1.0 mi W of US 61  Baton Rouge E. Baton R         
S|22|000064|3|2|22|3U|2|T|2|3|H|0|0|F|06|T|0|0|U|2|L|Q| |           0|      |30507600| 91188100|    |      |13|00|000|N|007-90      |N|0|  US0190|0|        |1.0 mi W of US 61  Baton Rouge E. Baton R         
S|22|000064|7|1|22|3U|2|T|2|3|H|0|0|F|06|T|0|0|U|2|L|Q| |           0|      |30507600| 91188100|    |      |13|00|000|N|007-90      |N|0|  US0190|0|        |1.0 mi W of US 61  Baton Rouge E. Baton R         
S|22|000064|7|2|22|3U|2|T|2|3|H|0|0|F|06|T|0|0|U|2|L|Q| |           0|      |30507600| 91188100|    |      |13|00|000|N|007-90      |N|0|  US0190|0|        |1.0 mi W of US 61  Baton Rouge E. Baton R         
S|22|000065|0|0|22|1U|4|T|4|3|H|0|0|F|06|T|0|0|U|2|L|Q| |451-02-1-010|      |32541970| 93602749|    |      |15|00|000|N|           0|N|0|  I-0020|9|        |0.6 MI E OF I-220                                 
S|22|000065|3|0|22|1U|2|T|2|3|H|0|0|F|06|T|0|0|U|2|L|Q| |451-02-1-010|      |32541970| 93602749|    |      |15|00|000|N|           0|N|0|  I-0020|9|        |0.6 MI E OF I-220                                 
S|22|000065|3|1|22|1U|1|T|2|3|H|0|0|F|06|T|0|0|U|2|L|Q| |451-02-1-010|      |32541970| 93602749|    |      |15|00|000|N|           0|N|0|  I-0020|9|        |0.6 MI E OF I-220                                 
S|22|000065|3|2|22|1U|1|T|2|3|H|0|0|F|06|T|0|0|U|2|L|Q| |451-02-1-010|      |32541970| 93602749|    |      |15|00|000|N|           0|N|0|  I-0020|9|        |0.6 MI E OF I-220                                 
S|22|000065|7|0|22|1U|2|T|2|3|H|0|0|F|06|T|0|0|U|2|L|Q| |451-02-1-010|      |32541970| 93602749|    |      |15|00|000|N|           0|N|0|  I-0020|9|        |0.6 MI E OF I-220                                 
S|22|000065|7|1|22|1U|1|T|2|3|H|0|0|F|06|T|0|0|U|2|L|Q| |451-02-1-010|      |32541970| 93602749|    |      |15|00|000|N|           0|N|0|  I-0020|9|        |0.6 MI E OF I-220                                 
S|22|000065|7|2|22|1U|1|T|2|3|H|0|0|F|06|T|0|0|U|2|L|Q| |451-02-1-010|      |32541970| 93602749|    |      |15|00|000|N|           0|N|0|  I-0020|9|        |0.6 MI E OF I-220                                 
S|22|000067|3|0|22|1R|3|T|3|3|N|3|3|F|06|N|0|0|U|1|A|N|P|450-18-1-010|      |30301031| 89723652|    |      |15|00|103|N|           0|N|0|        |0|        |I-10                                              
S|22|000067|3|1|22|1R|3|T|3|3|N|3|3|F|06|N|0|0|U|1|A|N|P|450-18-1-010|      |30301031| 89723652|    |      |15|00|103|N|           0|N|0|        |0|        |I-10                                              
S|22|000067|3|2|22|1R|3|T|3|3|N|3|3|F|06|N|0|0|U|1|A|N|P|450-18-1-010|      |30301031| 89723652|    |      |15|00|103|N|           0|N|0|        |0|        |I-10                                              
S|22|000067|3|3|22|1R|3|T|3|0| |3|3| |06| |1|0|U|0|A| |X|450-18-1-010|      |30301031| 89723652|    |      |15|00|103|N|           0|N|9|        |0|        |I-10                                              
S|22|000067|7|0|22|1R|3|T|3|3|N|3|3|F|06|N|0|0|U|1|A|N|P|450-18-1-010|      |30301031| 89723652|    |      |15|00|103|N|           0|N|0|        |0|        |I-10                                              
S|22|000067|7|1|22|1R|3|T|3|3|N|3|3|F|06|N|0|0|U|1|A|N|P|450-18-1-010|      |30301031| 89723652|    |      |15|00|103|N|           0|N|0|        |0|        |I-10                                              
S|22|000067|7|2|22|1R|3|T|3|3|N|3|3|F|06|N|0|0|U|1|A|N|P|450-18-1-010|      |30301031| 89723652|    |      |15|00|103|N|           0|N|0|        |0|        |I-10                                              
S|22|000067|7|3|22|1R|3|T|3|3|N|3|3|F|06|N|0|0|U|1|A|N|P|450-18-1-010|      |30301031| 89723652|    |      |15|00|103|N|           0|N|0|        |0|        |I-10                                              
S|22|000067|9|0|22|1R|3|T|1|0| |3|3| |06| |1|0|U|0|A| |X|450-18-1-010|      |30301031| 89723652|    |      |15|00|103|N|           0|N|9|        |0|        |I-10                                              
S|22|000069|3|0|22|1U|2| |1|0| |1|0| |06| |1|0| |0|A| |X|451-06-1-010|      |32498665| 92074931|    |      |15|00|000|N|           0|N|9|        |0|        |I-20                                              
S|22|000069|3|1|22|1U|1| |1|0| |1|0| |06| |1|0| |0|A| |X|451-06-1-010|      |32498665| 92074931|    |      |15|00|000|N|           0|N|9|        |0|        |I-20                                              
S|22|000069|3|2|22|1U|1| |1|0| |1|0| |06| |1|0| |0|A| |X|451-06-1-010|      |32498665| 92074931|    |      |15|00|000|N|           0|N|9|        |0|        |I-20                                              
S|22|000069|7|0|22|1U|2| |1|0| |1|0| |06| |1|0| |0|A| |X|451-06-1-010|      |32498665| 92074931|    |      |15|00|000|N|           0|N|9|        |0|        |I-20                                              
S|22|000069|7|1|22|1U|1| |1|0| |1|0| |06| |1|0| |0|A| |X|451-06-1-010|      |32498665| 92074931|    |      |15|00|000|N|           0|N|9|        |0|        |I-20                                              
S|22|000069|7|2|22|1U|1| |1|0| |1|0| |06| |1|0| |0|A| |X|451-06-1-010|      |32498665| 92074931|    |      |15|00|000|N|           0|N|9|        |0|        |I-20                                              
S|22|000069|9|0|22|1U|4| |1|0| |1|0| |06| |1|0| |0|A| |X|451-06-1-010|      |32498665| 92074931|    |      |15|00|000|N|           0|N|9|        |0|        |I-20                                              
S|22|000079|0|0|22|1U|6|T|6|3|H|3|0|F|06|T|0|0|U|2|R|R| |450-10-1-010|      |30368153| 91046951|    |      |15|00|000|N|           0|N|0|  I-0010|9|        |0.2 MILE SOUTH OF BLUEBONNET                      
S|22|000079|3|0|22|1U|3|T|3|3|H|3|0|F|06|T|0|0|U|2|R|R| |450-10-1-010|      |30368153| 91046951|    |      |15|00|000|N|           0|N|0|  I-0010|9|        |0.2 MILE SOUTH OF BLUEBONNET                      
S|22|000079|3|1|22|1U|1|T|3|3|H|3|0|F|06|T|0|0|U|2|R|R| |450-10-1-010|      |30368153| 91046951|    |      |15|00|000|N|           0|N|0|  I-0010|9|        |0.2 MILE SOUTH OF BLUEBONNET                      
S|22|000079|3|2|22|1U|1|T|3|3|H|3|0|F|06|T|0|0|U|2|R|R| |450-10-1-010|      |30368153| 91046951|    |      |15|00|000|N|           0|N|0|  I-0010|9|        |0.2 MILE SOUTH OF BLUEBONNET                      
S|22|000079|3|3|22|1U|1|T|3|3|H|3|0|F|06|T|0|0|U|2|R|R| |450-10-1-010|      |30368153| 91046951|    |      |15|00|000|N|           0|N|0|  I-0010|9|        |0.2 MILE SOUTH OF BLUEBONNET                      
S|22|000079|7|0|22|1U|3|T|3|3|H|3|0|F|06|T|0|0|U|2|R|R| |450-10-1-010|      |30368153| 91046951|    |      |15|00|000|N|           0|N|0|  I-0010|9|        |0.2 MILE SOUTH OF BLUEBONNET                      
S|22|000079|7|1|22|1U|1|T|3|3|H|3|0|F|06|T|0|0|U|2|R|R| |450-10-1-010|      |30368153| 91046951|    |      |15|00|000|N|           0|N|0|  I-0010|9|        |0.2 MILE SOUTH OF BLUEBONNET                      
S|22|000079|7|2|22|1U|1|T|3|3|H|3|0|F|06|T|0|0|U|2|R|R| |450-10-1-010|      |30368153| 91046951|    |      |15|00|000|N|           0|N|0|  I-0010|9|        |0.2 MILE SOUTH OF BLUEBONNET                      
S|22|000079|7|3|22|1U|1|T|3|3|H|3|0|F|06|T|0|0|U|2|R|R| |450-10-1-010|      |30368153| 91046951|    |      |15|00|000|N|           0|N|0|  I-0010|9|        |0.2 MILE SOUTH OF BLUEBONNET                      
S|22|000083|3|0|22|1R|2| |1|0| |1|0| |06| |1|0| |0|A| |X|451-30-1-010|      |32491286| 93824028|    |      |15|00|000|N|           0|N|9|        |0|        |I-0220                                            
S|22|000083|3|1|22|1R|1| |1|0| |1|0| |06| |1|0| |0|A| |X|451-30-1-010|      |32491286| 93824028|    |      |15|00|000|N|           0|N|9|        |0|        |I-0220                                            
S|22|000083|3|2|22|1R|1| |1|0| |1|0| |06| |1|0| |0|A| |X|451-30-1-010|      |32491286| 93824028|    |      |15|00|000|N|           0|N|9|        |0|        |I-0220                                            
S|22|000083|7|0|22|1R|2| |1|0| |1|0| |06| |1|0| |0|A| |X|451-30-1-010|      |32491286| 93824028|    |      |15|00|000|N|           0|N|9|        |0|        |I-0220                                            
S|22|000083|7|1|22|1R|1| |1|0| |1|0| |06| |1|0| |0|A| |X|451-30-1-010|      |32491286| 93824028|    |      |15|00|000|N|           0|N|9|        |0|        |I-0220                                            
S|22|000083|7|2|22|1R|1| |1|0| |1|0| |06| |1|0| |0|A| |X|451-30-1-010|      |32491286| 93824028|    |      |15|00|000|N|           0|N|9|        |0|        |I-0220                                            
S|22|000083|9|0|22|1R|4| |1|0| |1|0| |06| |1|0| |0|A| |X|451-30-1-010|      |32491286| 93824028|    |      |15|00|000|N|           0|N|9|        |0|        |I-0220                                            
S|22|000084|0|0|22|1U|2|T|2|3|H|2|0|F|06|T|0|0|U|2|L|R| |450-08-1-010|      |30442802| 91223508|    |      |15|00|121|N|           0|N|0|  I-0010|9|        |1.2 miles East of La 415                          
S|22|000084|3|0|22|1U|2|T|2|3|H|2|0|F|06|T|0|0|U|2|L|R| |450-08-1-010|      |30442802| 91223508|    |      |15|00|121|N|           0|N|0|  I-0010|9|        |1.2 miles East of La 415                          
S|22|000084|3|1|22|1U|2|T|2|3|H|2|0|F|06|T|0|0|U|2|L|R| |450-08-1-010|      |30442802| 91223508|    |      |15|00|121|N|           0|N|0|  I-0010|9|        |1.2 miles East of La 415                          
S|22|000084|3|2|22|1U|2|T|2|3|H|2|0|F|06|T|0|0|U|2|L|R| |450-08-1-010|      |30442802| 91223508|    |      |15|00|121|N|           0|N|0|  I-0010|9|        |1.2 miles East of La 415                          
S|22|000084|7|0|22|1U|2|T|2|3|H|2|0|F|06|T|0|0|U|2|L|R| |450-08-1-010|      |30442802| 91223508|    |      |15|00|121|N|           0|N|0|  I-0010|9|        |1.2 miles East of La 415                          
S|22|000084|7|1|22|1U|2|T|2|3|H|2|0|F|06|T|0|0|U|2|L|R| |450-08-1-010|      |30442802| 91223508|    |      |15|00|121|N|           0|N|0|  I-0010|9|        |1.2 miles East of La 415                          
S|22|000084|7|2|22|1U|2|T|2|3|H|2|0|F|06|T|0|0|U|2|L|R| |450-08-1-010|      |30442802| 91223508|    |      |15|00|121|N|           0|N|0|  I-0010|9|        |1.2 miles East of La 415                          
S|22|000087|1|0|22|4U|2| |1|0| |1|0| |06| |1|0| |0|A| |X|315-02-1-010|      |32541754| 92148746|    |      |15|00|000|N|           0|N|9|        |0|        |LA 143                                            
S|22|000087|1|1|22|4U|1| |1|0| |1|0| |06| |1|0| |0|A| |X|315-02-1-010|      |32541754| 92148746|    |      |15|00|000|N|           0|N|9|        |0|        |LA 143                                            
S|22|000087|1|2|22|4U|1| |1|0| |1|0| |06| |1|0| |0|A| |X|315-02-1-010|      |32541754| 92148746|    |      |15|00|000|N|           0|N|9|        |0|        |LA 143                                            
S|22|000087|5|0|22|4U|2| |1|0| |1|0| |06| |1|0| |0|A| |X|315-02-1-010|      |32541754| 92148746|    |      |15|00|000|N|           0|N|9|        |0|        |LA 143                                            
S|22|000087|5|1|22|4U|1| |1|0| |1|0| |06| |1|0| |0|A| |X|315-02-1-010|      |32541754| 92148746|    |      |15|00|000|N|           0|N|9|        |0|        |LA 143                                            
S|22|000087|5|2|22|4U|1| |1|0| |1|0| |06| |1|0| |0|A| |X|315-02-1-010|      |32541754| 92148746|    |      |15|00|000|N|           0|N|9|        |0|        |LA 143                                            
S|22|000087|9|0|22|4U|4| |1|0| |1|0| |06| |1|0| |0|A| |X|315-02-1-010|      |32541754| 92148746|    |      |15|00|000|N|           0|N|9|        |0|        |LA 143                                            
S|22|000088|3|0|22|2R|2| |1|0| |1|0| |06| |1|0| |0|A| |X|424-05-1-010|      |29732279| 91419010|    |      |15|00|101|N|           0|N|9|        |0|        |US 90                                             
S|22|000088|3|1|22|2R|1| |1|0| |1|0| |06| |1|0| |0|A| |X|424-05-1-010|      |29732279| 91419010|    |      |15|00|101|N|           0|N|9|        |0|        |US 90                                             
S|22|000088|3|2|22|2R|1| |1|0| |1|0| |06| |1|0| |0|A| |X|424-05-1-010|      |29732279| 91419010|    |      |15|00|101|N|           0|N|9|        |0|        |US 90                                             
S|22|000088|7|0|22|2R|2| |1|0| |1|0| |06| |1|0| |0|A| |X|424-05-1-010|      |29732279| 91419010|    |      |15|00|101|N|           0|N|9|        |0|        |US 90                                             
S|22|000088|7|1|22|2R|1| |1|0| |1|0| |06| |1|0| |0|A| |X|424-05-1-010|      |29732279| 91419010|    |      |15|00|101|N|           0|N|9|        |0|        |US 90                                             
S|22|000088|7|2|22|2R|1| |1|0| |1|0| |06| |1|0| |0|A| |X|424-05-1-010|      |29732279| 91419010|    |      |15|00|101|N|           0|N|9|        |0|        |US 90                                             
S|22|000088|9|0|22|2R|4| |1|0| |1|0| |06| |1|0| |0|A| |X|424-05-1-010|      |29732279| 91419010|    |      |15|00|101|N|           0|N|9|        |0|        |US 90                                             
S|22|000089|0|0|22|3U|2|T|2|3|N|2|3|F|06|N|0|0| |1|A|N|P|261-06-1-010|      |30405824| 90144949|    |      |01|00|103|N|           0|N|0|        |0|        |LA 22                                             
S|22|000089|3|1|22|3U|1| |1|3| |0|0| |06| |0|0| |0|A| | |           0|      |30405700| 90144900|    |      |01|00|000|N|261-06      |N|2|  LA0022|0|        |1.0 mi. E of LA 1077 Madisonville S               
S|22|000089|7|1|22|3U|1| |1|3| |0|0| |06| |0|0| |0|A| | |           0|      |30405700| 90144900|    |      |01|00|000|N|261-06      |N|2|  LA0022|0|        |1.0 mi. E of LA 1077 Madisonville S               
S|22|000090|3|1|22|1U|3|T|3|3| |3|3| |06| |0|0|U|0|A| | |           0|      |30261300| 92011100|    |      |01|00|000|N|450-05      |N|1|  I-0010|0|        |Bet. Louisiana Ave & I-49                         
S|22|000090|3|2|22|1U|3|T|3|3| |3|3| |06| |0|0|U|0|A| | |           0|      |30261300| 92011100|    |      |01|00|000|N|450-05      |N|1|  I-0010|0|        |Bet. Louisiana Ave & I-49                         
S|22|000090|3|3|22|1U|3|T|3|3| |3|3| |06| |0|0|U|0|A| | |           0|      |30261300| 92011100|    |      |01|00|000|N|450-05      |N|1|  I-0010|0|        |Bet. Louisiana Ave & I-49                         
S|22|000090|7|1|22|1U|3|T|3|3| |3|3| |06| |0|0|U|0|A| | |           0|      |30261300| 92011100|    |      |01|00|000|N|450-05      |N|1|  I-0010|0|        |Bet. Louisiana Ave & I-49                         
S|22|000090|7|2|22|1U|3|T|3|3| |3|3| |06| |0|0|U|0|A| | |           0|      |30261300| 92011100|    |      |01|00|000|N|450-05      |N|1|  I-0010|0|        |Bet. Louisiana Ave & I-49                         
S|22|000090|7|3|22|1U|3|T|3|3| |3|3| |06| |0|0|U|0|A| | |           0|      |30261300| 92011100|    |      |01|00|000|N|450-05      |N|1|  I-0010|0|        |Bet. Louisiana Ave & I-49                         
S|22|000090|9|0|22|1U|3|T|3|3| |3|3| |06| |0|0|U|2|A| |P|450-05-1-010|      |30263686| 92004917|    |      |01|00|000|N|           0|N|9|        |0|        |I-10                                              
S|22|000091|3|1|22|4U|1|T|1|3| |1|0| |06| |0|0| |0|A| | |           0|      |30235400| 93155000|    |      |01|00|000|N|003-05      |N|2| US-0090|0|        |Bet  LA 397 & I-210                               
S|22|000091|7|1|22|4U|1|T|1|3| |1|0| |06| |0|0| |0|A| | |           0|      |30235400| 93155000|    |      |01|00|000|N|003-05      |N|2| US-0090|0|        |Bet  LA 397 & I-210                               
S|22|000091|9|0|22|4U|2|T|2|3| |1|0| |06| |0|0| |2|A| |P|003-05-1-010|      |30234157| 93146425|    |      |01|00|000|N|           0|N|9|        |0|        |US 90                                             
S|22|000092|1|0|22|3U|2| |1|0| |1|0| |06| |1|0| |0|A| |X|062-01-1-010|      |29891258| 90034901|    |      |15|00|000|N|           0|N|9|        |0|        |LA 23                                             
S|22|000092|1|1|22|3U|1| |1|0| |1|0| |06| |1|0| |0|A| |X|062-01-1-010|      |29891258| 90034901|    |      |15|00|000|N|           0|N|9|        |0|        |LA 23                                             
S|22|000092|1|2|22|3U|1| |1|0| |1|0| |06| |1|0| |0|A| |X|062-01-1-010|      |29891258| 90034901|    |      |15|00|000|N|           0|N|9|        |0|        |LA 23                                             
S|22|000092|5|0|22|3U|2| |1|0| |1|0| |06| |1|0| |0|A| |X|062-01-1-010|      |29891258| 90034901|    |      |15|00|000|N|           0|N|9|        |0|        |LA 23                                             
S|22|000092|5|1|22|3U|1| |1|0| |1|0| |06| |1|0| |0|A| |X|062-01-1-010|      |29891258| 90034901|    |      |15|00|000|N|           0|N|9|        |0|        |LA 23                                             
S|22|000092|5|2|22|3U|1| |1|0| |1|0| |06| |1|0| |0|A| |X|062-01-1-010|      |29891258| 90034901|    |      |15|00|000|N|           0|N|9|        |0|        |LA 23                                             
S|22|000092|9|0|22|3U|4| |1|0| |1|0| |06| |1|0| |0|A| |X|062-01-1-010|      |29891258| 90034901|    |      |15|00|000|N|           0|N|9|        |0|        |LA 23                                             
