Record_Type|Year_Record|State_Code|Station_Id|Travel_Dir|Travel_Lane|F_System|Num_Lanes|Sample_Type_Volume|Num_Lanes_Volume|Method_Volume|Sample_Type_Class|Num_Lanes_Class|Method_Class|Algorithm_Volume|Num_Classes|Sample_Type_Truck|Num_Lanes_Truck|Method_Truck|Calibration|Data_Retrieval|Type_Sensor_1|Type_Sensor_2|Primary_Purpose|LRS_Id|LRS_Point|Latitude|Longitude|SHRP_Id|Prev_Station_Id|Year_Established|Year_Discontinued|County_Code|Is_Sample|Sample_Id|NHS|Posted_Route_Signing|Posted_Signed_Route|Con_Route_Signing|Con_Signed_Route|Station_Location
S|23|000015|3|1|22|4U|1|N|1|3|N|1|3|G|14|T|2|5|T|2|P|L|L|00000000001X|197740|44539100| 68327400|0   |      |06|00|009|N|            |Y|2|US 1-   |0|        |US 1 (E/O IR 1466 Brook Lane)                     
S|23|000015|7|1|22|4U|1|N|1|3|N|1|3|G|14|T|2|5|T|2|P|L|L|00000000001X|197740|44539100| 68327400|0   |      |06|00|009|N|            |Y|2|US 1-   |0|        |US 1 (E/O IR 1466 Brook Lane)                     
S|23|000017|3|1|22|3U|1|N|1|3|N|2|3|G|14|T|2|5|U|2|P|L|L|00000000006X|      |45174800| 69332700|0   |      |06|00|021|N|            |Y|3|ME 15   |3|ME 6    |SR 6/15/16 (W/O IR 637 - Guilford Center)         
S|23|000017|7|1|22|3U|1|N|1|3|N|2|3|G|14|T|2|5|U|2|P|L|L|00000000006X|      |45174800| 69332700|0   |      |06|00|021|N|            |Y|3|ME 15   |3|ME 6    |SR 6/15/16 (W/O IR 637 - Guilford Center)         
S|23|000018|1|1|22|4R|1|N|1|3|N|1|3|G|14|T|2|5|T|2|P|L|L|00000000002X|200810|45483000| 68378100|0   |      |05|00|019|N|            |Y|2|US 2-   |0|        |US 2 (S/O SR 168)                                 
S|23|000018|5|1|22|4R|1|N|1|3|N|1|3|G|14|T|2|5|T|2|P|L|L|00000000002X|200810|45483000| 68378100|0   |      |05|00|019|N|            |Y|2|US 2-   |0|        |US 2 (S/O SR 168)                                 
S|23|000019|1|1|22|1R|2|N|2|3|N|2|3|G|14|T|4|5|T|2|P|L|L|00000000095X|175000|44764100| 68949500|0   |      |05|00|019|N|            |Y|1|I-95-   |0|        |I-95 (N/O IR69)                                   
S|23|000019|1|2|22|1R|2|N|2|3|N|2|3|G|14|T|4|5|T|2|P|L|L|00000000095X|175000|44764100| 68949500|0   |      |05|00|019|N|            |Y|1|I-95-   |0|        |I-95 (N/O IR69)                                   
S|23|000019|5|1|22|1R|2|N|2|3|N|2|3|G|14|T|4|5|T|2|P|L|L|00000000095S|128080|44764100| 68949500|0   |      |05|00|019|N|            |Y|1|I-95-   |0|        |I-95 (N/O IR69)                                   
S|23|000019|5|2|22|1R|2|N|2|3|N|2|3|G|14|T|4|5|T|2|P|L|L|00000000095S|128080|44764100| 68949500|0   |      |05|00|019|N|            |Y|1|I-95-   |0|        |I-95 (N/O IR69)                                   
S|23|000020|1|1|22|3U|1|N|1|3|N|1|3|G|14|T|2|5|U|2|P|L|E|00000000001X|      |43145700| 70679900|0   |      |10|00|031|N|            |Y|2|US 1-   |0|        |US 1 (Between Route 91 & N/O River Bend Road)     
S|23|000020|5|1|22|3U|1|N|1|3|N|1|3|G|14|T|2|5|U|2|P|L|E|00000000001X|      |43145700| 70679900|0   |      |10|00|031|N|            |Y|2|US 1-   |0|        |US 1 (Between Route 91 & N/O River Bend Road)     
S|23|000021|3|1|22|4R|1|N|1|3|N|1|3|G|14|T|2|5|U|2|P|L|E|00000000236X|      |43145400| 70789700|0   |      |10|00|031|N|            |Y|3|US 236- |0|        |US 236 (0.6 mile S/O Depot Road)                  
S|23|000021|7|1|22|4R|1|N|1|3|N|1|3|G|14|T|2|5|U|2|P|L|E|00000000236X|      |43145400| 70789700|0   |      |10|00|031|N|            |Y|3|US 236- |0|        |us 236  (0.6 mile S/O Depot Road)                 
S|23|000022|1|1|22|1R|2|N|2|3|N|1|3|G|14|T|4|5|T|2|P|L|L|00000000095X|122760|44518600| 69700400|0   |      |13|00|011|N|            |Y|1|I-95-   |0|        |I-95 (S/O Kennedy Memorial Dr)                    
S|23|000022|1|2|22|1R|2|N|2|3|N|1|3|G|14|T|4|5|T|2|P|L|L|00000000095X|122760|44518600| 69700400|0   |      |13|00|011|N|            |Y|1|I-95-   |0|        |I-95 (S/O Kennedy Memorial Dr)                    
S|23|000022|5|1|22|1R|2|N|2|3|N|1|3|G|14|T|4|5|T|2|P|L|L|00000000095S|180340|44518600| 69700400|0   |      |13|00|011|N|            |Y|1|I-95-   |0|        |I-95 (S/O Kennedy Memorial Dr)                    
S|23|000022|5|2|22|1R|2|N|2|3|N|1|3|G|14|T|4|5|T|2|P|L|L|00000000095S|180340|44518600| 69700400|0   |      |13|00|011|N|            |Y|1|I-95-   |0|        |I-95 (S/O Kennedy Memorial Dr)                    
S|23|000023|1|1|22|3R|1|N|1|3|N|1|3|F|14|T|2|5|T|2|P|L|E|00000000001X|511161|45142777| 67295570|0   |      |15|00|029|N|            |Y|2|US 1-   |0|        |US 1 S/O Charlotte Rd                             
S|23|000023|5|1|22|3R|1|N|1|3|N|1|3|F|14|T|2|5|T|2|P|L|E|00000000001X|511161|45142777| 67295570|0   |      |15|00|029|N|            |Y|2|US 1-   |0|        |US 1 S/O Charlotte Rd                             
S|23|000102|1|1|22|5R|1|T|1|3|N|1|0| |13|N|0|0| |2|L|N|P|            |      |43955283| 69969650|    |      |12|00|000|N|            |N|2|     201|0|        |US 201 NE/O MEADOW RD .10 MI TO BR# 6309          
S|23|000102|2|0|22|5R|1|T|1|3| |0|0| |13| |0|0| |2|L|N|P|00000000201X|  2670|43955283| 69969650|    |      |12|00|023|Y|000000002631|Y|2|00000201|0|00000000|US 201 (NEB) 1.2 MILES NORTH OF SR 196            
S|23|000112|5|1|22|5R|1|T|1|3|N|1|0| |13|N|0|0| |2|L|N|P|            |      |43955283| 69969650|    |      |12|00|000|N|            |N|2|     201|0|        |US 201 NE/O MEADOW RD .10 MI TO BR# 6309          
S|23|000112|6|0|22|5R|1|T|1|3| |0|0| |13| |0|0| |2|L|N|P|00000000201X|  2670|43955283| 69969650|    |      |12|00|023|Y|000000002631|Y|2|00000201|0|00000000|US 201 (SWB) 1.2 MILES NORTH OF SR 196            
S|23|000401|1|1|22|4R|1|T|1|3|H|1|3|G|15| |0|0| |2|P|L|P|00000000001X|      |43211533| 70614200|    |      |01|00|000|N|         157|N|2|       1|0|       0|US 1 (NB) 2.3 MILES SOUTH OF OGUNQUIT TOWNLINE    
S|23|000401|5|1|22|4R|1|T|1|3|H|1|3|G|15| |0|0| |2|P|L|P|00000000001X|      |43211533| 70614200|    |      |01|00|000|N|         157|N|2|       1|0|       0|US 1 (SB) 2.3 MILES SOUTH OF OGUNQUIT TOWNLINE    
S|23|000704|1|1|22|3U|1|T|1|3|N|1|0| |13|N|0|0| |2|L|N|P|            |      |43431183| 70769633|    |      |10|00|000|N|            |N|2|0000004A|0|	     SR| 4A/109 (MAIN ST) SE/O BERWICK RD                 
S|23|000704|8|0|22|3U|1|T|1|3| |0|0| |13| |0|0| |2|L|N|P|00000000004A|  2020|43431183| 70769633|    |      |10|00|031|Y|000000000637|N|3|0000004A|3|00000109|SANFORD -  MAIN STREET (NWB)                      
S|23|000714|4|0|22|3U|1|T|1|3| |0|0| |13| |0|0| |2|L|N|P|00000000004A|  2020|43431183| 70769633|    |      |10|00|031|Y|000000000637|N|3|0000004A|3|00000109|SANFORD -  MAIN STREET (SEB)                      
S|23|000714|5|1|22|3U|1|T|1|3|N|1|0| |13|N|0|0| |2|L|N|P|            |      |43431183| 70769633|    |      |10|00|000|N|            |N|2|0000004A|0|	     SR| 4A/109 (MAIN ST) SE/O BERWICK RD                 
S|23|001302|1|0|22|4R|1|T|1|3| |0|0| |13| |0|0| |2|X|N|P|00000000004X|  1830|43249392| 70795301|    |      |18|00|031|N|            |N|3|00000004|0|00000000|SR 4 (PORTLAND) (NB) NE/O BLACKBERRY HILL RD      
S|23|001302|2|1|22|4R|1|T|1|3| |1|0| |15| |0|0| |2|X|N|P|00000000004X|      |43249392| 70795301|    |      |18|00|000|N|            |N|3|       4|0|       0|SR 4 (PORTLAND) (NB) NE/O BLACKBERRY HILL RD      
S|23|001312|6|1|22|4R|1|T|1|3| |1|0| |15| |0|0| |2|X|N|P|00000000004X|      |43249392| 70795301|    |      |18|00|000|N|            |N|3|       4|0|       0|SR 4 (PORTLAND) (SB) NE/O BLACKBERRY HILL RD      
S|23|001606|1|1|22|3R|1|T|1|3|N|1|0| |13|N|0|0| |2|L|N|P|            |      |44044157| 69039124|    |      |89|00|025|N|            |N|2|00000002|2|00000201|US 2/201(ISLAND AVE) SW/O US2/201(WATER)          
S|23|001606|2|0|22|3R|1|T|1|3| |0|0| |13| |0|0| |2|L|N|P|00000000002X| 92265|44763667| 69718917|    |      |89|00|025|Y|000000000535|Y|2|00000002|2|00000201|SKOWHEGAN - ISLAND AVENUE (NEB)                   
S|23|001616|1|2|22|3R|2|T|2|3|N|2|0| |13|N|0|0| |2|L|N|P|            |      |44044157| 69039124|    |      |89|00|025|N|            |N|2|00000002|2|00000201|US 2/201(ISLAND AVE) SW/O US2/201(WATER)          
S|23|001616|6|0|22|3R|2|T|2|3| |0|0| |13| |0|0| |2|L|N|P|00000000002X| 92265|44763667| 69718917|    |      |89|00|025|Y|000000000535|Y|2|00000002|2|00000201|SKOWHEGAN - ISLAND AVENUE (SWB)                   
S|23|002605|1|1|22|4R|1|T|1|3|H|1|3|G|15| |0|0| |2|L|N|P|00000000201X|      |44293733| 69786083|    |      |10|00|000|N|        2651|N|2|     201|3|      27|SR 27/US 201 (WATER ST) SOUTH OF WEST ST          
S|23|002615|5|1|22|4R|1|T|1|3|H|1|3|G|15| |0|0| |2|L|N|P|00000000201X|      |44293733| 69786083|    |      |10|00|000|N|        2651|N|2|     201|3|      27|SR 27/US 201 (WATER ST) SOUTH OF WEST ST          
S|23|003606|1|1|22|3R|1|T|1|3|N|1|0| |13|N|0|0| |2|L|N|P|            |      |44198800| 69079317|    | 70006|89|00|000|N|            |N|2|       1|0|        |US 1 SW/O ROCKPORT WOODS                          
S|23|003606|2|0|22|3R|1|T|1|3| |0|0| |13| |0|0| |2|L|N|P|00000000001X|134500|44198800| 69079317|    |070006|89|00|013|Y|000000000315|Y|2|00000001|0|00000000|US 1 (NEB) 0.1 MILE SOUTH OF CAMDEN TOWNLINE      
S|23|003616|5|1|22|3R|1|T|1|3|N|1|0| |13|N|0|0| |2|L|N|P|            |      |44198800| 69079317|    | 70006|89|00|000|N|            |N|2|       1|0|        |US 1 SW/O ROCKPORT WOODS                          
S|23|003616|6|0|22|3R|1|T|1|3| |0|0| |13| |0|0| |2|L|N|P|00000000001X|134500|44198800| 69079317|    |070006|89|00|013|Y|000000000315|Y|2|00000001|0|00000000|US 1 (SWB) 0.1 MILE SOUTH OF CAMDEN TOWNLINE      
S|23|004100|1|0|22|4R|1|T|1|3|H|1|3|G|15| |0|0| |2|P|L|P|00000000007X| 39080|44899967| 69267033|    |081000|99|00|019|Y|000000000796|N|3|00000007|3|00000011|SR 7 (NB) 0.1 MILE SOUTH OF CORINNA TOWNLINE      
S|23|004100|5|0|22|4R|1|T|1|3|H|1|3|G|15| |0|0| |2|P|L|P|00000000007X| 39080|44899967| 69267033|    |081000|99|00|019|Y|000000000796|N|3|00000007|3|00000011|SR 7 (SB) 0.1 MILE SOUTH OF CORINNA TOWNLINE      
S|23|004504|1|1|22|4R|1|T|1|3|N|1|0| |13|N|0|0| |2|L|N|P|            |      |45000653| 69017078|    |      |10|00|019|N|            |N|3|00000007|3|00000007|SR 7 (SPRING ST) SE/O MECHANIC ST                 
S|23|004504|8|0|22|4R|1|T|1|3| |0|0| |13| |0|0| |2|L|N|P|00000000007X| 47950|45010883| 69284633|    |      |10|00|019|Y|000000000798|N|3|00000007|0|00000000|DEXTER - SPRING STREET (NWB)                      
S|23|004514|4|0|22|4R|1|T|1|3| |0|0| |13| |0|0| |2|L|N|P|00000000007X| 47950|45010883| 69284633|    |      |10|00|019|Y|000000000798|N|3|00000007|0|00000000|DEXTER - SPRING STREET (SEB)                      
S|23|004514|5|1|22|4R|1|T|1|3|N|1|0| |13|N|0|0| |2|L|N|P|            |      |45000653| 69017078|    |      |10|00|019|N|            |N|3|00000007|3|00000007|SR 7 (SPRING ST) SE/O MECHANIC ST                 
S|23|005206|1|1|22|4U|1|T|1|3|N|1|0| |13|N|0|0| |2|L|N|P|            |      |44544133| 69639933|    |      |11|00|000|N|            |N|3|      11|3|     104|SR 11/104/137B (SILVER ST) SW/O GOLD ST           
S|23|005206|2|0|22|5U|1|T|1|3| |0|0| |13| |0|0| |2|L|N|P|00000000011X|146585|44544133| 69639933|    |      |11|00|011|Y|000000000973|N|3|00000011|3|00000104|WATERVILLE - SILVER STREET (NEB)                  
S|23|005216|5|1|22|4U|1|T|1|3|N|1|0| |13|N|0|0| |2|L|N|P|            |      |44544133| 69639933|    |      |11|00|000|N|            |N|3|      11|3|     104|SR 11/104/137B (SILVER ST) SW/O GOLD ST           
S|23|005216|6|0|22|5U|1|T|1|3| |0|0| |13| |0|0| |2|L|N|P|00000000011X|146585|44544133| 69639933|    |      |11|00|011|Y|000000000973|N|3|00000011|3|00000104|WATERVILLE - SILVER STREET (SWB)                  
S|23|005306|2|1|22|4U|1|T|1|3|N|1|0| |13|N|0|0| |2|X|N|P|            |      |43922572| 69965160|    |      |21|00|000|N|            |N|3|     201|2|       4|SR 24B/US 201 (MAIN ST) SW/O SUMMER ST            
S|23|005306|6|1|22|4U|1|T|1|3|N|1|0| |13|N|0|0| |2|X|N|P|00000000222X|      |43922572| 69965160|    |      |21|00|000|N|        2947|N|3|     201|2|       4|SR 24B/US 201 (MAIN ST) SW/O SUMMER ST            
S|23|006506|2|0|22|4R|1|T|1|3| |0|0| |13| |0|0| |2|L|N|P|00000000094X| 11790|45012833| 69254050|    |      |10|00|019|Y|000000001545|N|3|00000094|0|00000000|SR 94 (NEB) 1.8 MILES SOUTHWEST OF GARLAND TWLN   
S|23|006516|6|0|22|4R|1|T|1|3| |0|0| |13| |0|0| |2|L|N|P|00000000094X| 11790|45012833| 69254050|    |      |10|00|019|Y|000000001545|N|3|00000094|0|00000000|SR 94 (SWB) 1.8 MILES SOUTHWEST OF GARLAND TWLN   
S|23|007208|1|1|22|3U|1|T|1|3|N|1|0| |13|N|0|0| |2|L|N|P|            |      |43709450| 70329567|    |      |10|00|000|N|            |N|2|     302|0|	     US| 302 (BRIDGTON RD) NW/O VILLA RD                  
S|23|007208|8|0|22|3U|1|T|1|3| |0|0| |13| |0|0| |2|L|N|P|00000000302X|  4800|43709450| 70329567|    |      |10|00|005|Y|000000003270|Y|2|00000302|0|00000000|WESTBROOK - BRIDGTON ROAD (NWB)                   
S|23|007218|4|0|22|3U|1|T|1|3| |0|0| |13| |0|0| |2|L|N|P|00000000302X|  4800|43709450| 70329567|    |      |10|00|005|Y|000000003270|Y|2|00000302|0|00000000|WESTBROOK - BRIDGTON ROAD (SEB)                   
S|23|007218|5|1|22|3U|1|T|1|3|N|1|0| |13|N|0|0| |2|L|N|P|            |      |43709450| 70329567|    |      |10|00|000|N|            |N|2|     302|0|	     US| 302 (BRIDGTON RD) NW/O VILLA RD                  
S|23|007507|3|0|22|5U|1|T|1|3| |0|0| |13| |0|0| |2|L|N|P|00000000005S|  1035|43508100| 70417483|    |086705|06|00|031|Y|000000000723|N|3|00000005|0|00000000|SR 5 (EB) 0.14 MILE WEST OF OLD ORCHARD BEACH TWLN
S|23|007517|7|0|22|5U|1|T|1|3| |0|0| |13| |0|0| |2|L|N|P|00000000005S|  1035|43508100| 70417483|    |086705|06|00|031|Y|000000000723|N|3|00000005|0|00000000|SR 5 (WB) 0.14 MILE WEST OF OLD ORCHARD BEACH TWLN
S|23|008607|3|1|22|3R|1|Y|1|3|T|1|3|F|15| |1|0| |2|P|L|P|00000000005S|      |44064560| 70834630|    | 92407|11|00|000|Y|       32914|N|5|       3|0|        |1.2 MILES EAST OF FRYEBURG TOWN LINE              
S|23|008607|7|1|22|3R|1|Y|1|3|T|1|3|F|15| |1|0| |2|P|L|P|00000000005S|      |44064560| 70834630|    | 92407|11|00|000|Y|       32914|N|5|       3|0|        |1.2 MILES EAST OF FRYEBURG TOWN LINE              
S|23|009001|1|0|22|5U|1|T|1|3| |0|0| |13| |0|0| |2|L|N|P|00000000202X| 75110|44119900| 70203450|    |      |90|00|001|Y|000000002824|Y|2|00000202|3|00000011|LEWISTON - MAIN STREET (NB)                       
S|23|009003|3|0|22|7U|1|T|1|3| |0|0| |13| |0|0| |2|L|N|P|000000012028|    60|44119668| 70202982|    |      |90|11|001|N|            |N|7|00000000|0|00000000|LEWISTON - MONTELLO STREET (EB)                   
S|23|009011|5|0|22|5U|2|T|2|3| |0|0| |13| |0|0| |2|L|N|P|00000000202X| 75110|44119900| 70203450|    |      |90|00|001|Y|000000002824|Y|2|00000202|3|00000011|LEWISTON - MAIN STREET (SB)                       
S|23|009013|7|0|22|7U|1|T|1|3| |0|0| |13| |0|0| |2|L|N|P|000000012028|    60|44786567| 70203450|    |      |90|11|001|N|            |N|7|00000000|0|00000000|LEWISTON - MONTELLO STREET (WB)                   
S|23|010503|3|1|22|2U|2|T|2|3|N|0|0| |13|N|0|0| |2|X|N|P|00000000  1X|      |43917302| 69947501|    |      |22|00|000|N|            |Y|3|       1|0|       4|0.06 MILE EAST OF ON RAMP FROM COASTAL CONN       
S|23|010503|3|2|22|2U|2|T|2|3|N|0|0| |13|N|0|0| |2|X|N|P|00000000  1X|      |43917302| 69947501|    |      |22|00|000|N|            |Y|3|       1|0|       4|0.06 MILE EAST OF ON RAMP FROM COASTAL CONN       
S|23|010513|7|1|22|2U|2|T|2|3|N|0|0| |13|N|0|0| |2|X|N|P|00000000  1X|      |43917453| 69947366|    |      |22|00|000|N|            |Y|3|       1|0|       4|O.08 MLE EAST OF OFF RAMP TO COASTAL CONN         
S|23|010513|7|2|22|2U|2|T|2|3|N|0|0| |13|N|0|0| |2|X|N|P|00000000  1X|      |43917453| 69947366|    |      |22|00|000|N|            |Y|3|       1|0|       4|O.08 MLE EAST OF OFF RAMP TO COASTAL CONN         
S|23|010600|3|0|22|3U|1|T|1|3| |0|0| |13| |0|0| |2|X|N|P|00000000196X| 13670|44050551| 70129639|    |      |11|00|001|N|            |N|3|00000196|0|00000000|SR 196 (EB) @ LISBON TOWN LINE                    
S|23|010610|7|0|22|3U|1|T|1|3| |0|0| |13| |0|0| |2|X|N|P|00000000196X| 13670|44050551| 70129639|    |      |11|00|001|N|            |N|3|00000196|0|00000000|SR 196 (WB) @ LISBON TOWN LINE                    
S|23|013204|3|1|22|3U|1|T|1|3|N|1|0| |13|N|0|0| |2|L|N|P|            |      |44804883| 68785200|    |      |10|00|000|N|            |N|3|     222|0|        |SR 222 (UNION ST) SE/O JACKSON ST                 
S|23|013204|4|0|22|3U|1|T|1|3| |1|0| |13| |0|0| |2|L|N|P|00000000222X|      |44804883| 68785200|    |      |10|00|000|N|        2947|N|3|     222|0|       0|BANGOR - UNION STREET (SEB)                       
S|23|013204|4|1|22|3U|1|T|1|3| |1|0| |13| |0|0| |2|L|N|P|00000000222X|      |44804883| 68785200|    |      |10|00|000|N|        2947|N|3|     222|0|       0|BANGOR - UNION STREET (SEB)                       
S|23|013214|7|1|22|3U|1|T|1|3|N|1|0| |13|N|0|0| |2|L|N|P|            |      |44804883| 68785200|    |      |10|00|000|N|            |N|3|     222|0|        |SR 222 (UNION ST) SE/O JACKSON ST                 
S|23|013214|8|0|22|3U|1|T|1|3| |1|0| |13| |0|0| |2|L|N|P|00000000222X|      |44804883| 68785200|    |      |10|00|000|N|        2947|N|3|     222|0|       0|BANGOR - UNION STREET (NWB)                       
S|23|013214|8|1|22|3U|1|T|1|3| |1|0| |13| |0|0| |2|L|N|P|00000000222X|      |44804883| 68785200|    |      |10|00|000|N|        2947|N|3|     222|0|       0|BANGOR - UNION STREET (NWB)                       
S|23|020200|3|1|22|3U|1|T|1|3| |0|0| |13| |0|0| |2|X|N|P|000000010484|   590|44117795| 70218312|    |      |10|00|001|N|            |N|0|00000000|0|00000000|AUBURN - VETERANS BRIDGE (EB) @ LEWISTON TOWN LINE
S|23|020200|3|2|22|3U|1|T|1|3| |0|0| |13| |0|0| |2|X|N|P|000000010484|   590|44117795| 70218312|    |      |10|00|001|N|            |N|0|00000000|0|00000000|AUBURN - VETERANS BRIDGE (EB) @ LEWISTON TOWN LINE
S|23|020210|7|1|22|3U|1|T|1|3| |0|0| |13| |0|0| |2|X|N|P|000000010484|   130|44118084| 70218291|    |      |10|00|001|N|            |N|0|00000000|0|00000000|AUBURN - VETERANS BRIDGE (WB) @ LEWISTON TOWN LINE
S|23|020210|7|2|22|3U|1|T|1|3| |0|0| |13| |0|0| |2|X|N|P|000000010484|   130|44118084| 70218291|    |      |10|00|001|N|            |N|0|00000000|0|00000000|AUBURN - VETERANS BRIDGE (WB) @ LEWISTON TOWN LINE
S|23|030209|3|1|22|1U|1|T|1|3| |0|0| |13| |0|0| |2|X|N|P|00000000395X|  2055|44783583| 68771350|    |004403|95|00|019|Y|000000003355|Y|1|00000395|3|00000015|I-395/SR 15 (EB) @ PENOBSCOT RIVER BRIDGE         
S|23|030209|3|2|22|1U|1|T|1|3| |0|0| |13| |0|0| |2|X|N|P|00000000395X|  2055|44783583| 68771350|    |004403|95|00|019|Y|000000003355|Y|1|00000395|3|00000015|I-395/SR 15 (EB) @ PENOBSCOT RIVER BRIDGE         
S|23|030209|3|3|22|1U|1|T|1|3| |0|0| |13| |0|0| |2|X|N|P|00000000395X|  2055|44783583| 68771350|    |004403|95|00|019|Y|000000003355|Y|1|00000395|3|00000015|I-395/SR 15 (EB) @ PENOBSCOT RIVER BRIDGE         
S|23|030210|7|1|22|1U|1|T|1|3| |0|0| |13| |0|0| |2|X|N|P|00000000395W|  2945|44783583| 68771350|    |004407|95|00|019|N|            |Y|1|00000395|3|00000015|I-395/SR 15 (WB) @ PENOBSCOT RIVER BRIDGE         
S|23|030210|7|2|22|1U|1|T|1|3| |0|0| |13| |0|0| |2|X|N|P|00000000395W|  2945|44783583| 68771350|    |004407|95|00|019|N|            |Y|1|00000395|3|00000015|I-395/SR 15 (WB) @ PENOBSCOT RIVER BRIDGE         
S|23|030210|7|3|22|1U|1|T|1|3| |0|0| |13| |0|0| |2|X|N|P|00000000395W|  2945|44783583| 68771350|    |004407|95|00|019|N|            |Y|1|00000395|3|00000015|I-395/SR 15 (WB) @ PENOBSCOT RIVER BRIDGE         
S|23|030405|1|0|22|3R|1|T|1|3| |0|0| |13| |0|0| |2|L|N|P|00000000202X| 21840|43545767| 70710283|    |      |06|00|031|Y|000000002764|Y|2|00000202|3|00000004|SR 4/US 202 (NB) 0.4 MILE WEST OF SR4/US 202      
S|23|030415|5|0|22|3R|1|T|1|3| |0|0| |13| |0|0| |2|L|N|P|00000000202X| 21840|43545767| 70710283|    |      |06|00|031|Y|000000002764|Y|2|00000202|3|00000004|SR 4/US 202 (SB) 0.4 MILE WEST OF SR4/US 202      
S|23|031504|1|0|22|5R|1|T|1|3|H|1|3|G|15| |0|0| |2|P|L|P|00000000001X|330685|45200283| 67516717|    |      |05|00|029|Y|000000000387|Y|2|00000001|0|00000000|US 1 (NWB) 1.6 MILES NORTH OF BAILEYVILLE TOWNLINE
S|23|031504|4|0|22|5R|1|T|1|3|H|1|3|G|15| |0|0| |2|P|L|P|00000000001X|330685|45200283| 67516717|    |      |05|00|000|N|         387|N|2|       1|0|        |US 1 (SEB) 1.6 MILES NORTH OF BAILEYVILLE TOWNLINE
S|23|031504|4|1|22|5R|1|T|1|3|H|1|3|G|15| |0|0| |2|P|L|P|00000000001X|330685|45200283| 67516717|    |      |05|00|000|N|         387|N|2|       1|0|        |US 1 (SEB) 1.6 MILES NORTH OF BAILEYVILLE TOWNLINE
S|23|031504|5|0|22|5R|1|T|1|3|H|1|3|G|15| |0|0| |2|P|L|P|00000000001X|330685|45200283| 67516717|    |      |05|00|029|Y|000000000387|Y|2|00000001|0|00000000|US 1 (SEB) 1.6 MILES NORTH OF BAILEYVILLE TOWNLINE
S|23|031504|8|0|22|5R|1|T|1|3|H|1|3|G|15| |0|0| |2|P|L|P|00000000001X|330685|45200283| 67516717|    |      |05|00|000|N|         387|N|2|       1|0|        |US 1 (NWB) 1.6 MILES NORTH OF BAILEYVILLE TOWNLINE
S|23|031504|8|1|22|5R|1|T|1|3|H|1|3|G|15| |0|0| |2|P|L|P|00000000001X|330685|45200283| 67516717|    |      |05|00|000|N|         387|N|2|       1|0|        |US 1 (NWB) 1.6 MILES NORTH OF BAILEYVILLE TOWNLINE
S|23|031907|3|0|22|5R|1|T|1|3| |0|0| |13| |0|0| |2|L|N|P|00000000202X|147225|44680533| 69164300|    |      |89|00|019|Y|000000002861|Y|2|00000202|3|00000009|SR 9/US 202 (EB) WEST OF SR 7                     
S|23|031917|7|0|22|5R|1|T|1|3| |0|0| |13| |0|0| |2|L|N|P|00000000202X|147225|44680533| 69164300|    |      |89|00|019|Y|000000002861|Y|2|00000202|3|00000009|SR 9/US 202 (WB) WEST OF SR 7                     
S|23|032203|3|0|22|3R|1|T|1|3| |0|0| |13| |0|0| |2|L|N|P|00000000002X| 18150|44487733| 70787417|    |      |98|11|017|Y|000000000473|Y|2|00000002|3|00000005|US2/SR 5 (EB) EAST OF SR 26                       
S|23|032208|4|1|22|5R|1|T|1|3|N|1|0| |13|N|0|0| |2|L|N|P|            |      |44029264| 70047245|    |      |98|11|017|N|            |N|2|00000026|0|        |SR 26 NW/O US 2/SR 5                              
S|23|032208|8|0|22|5R|1|T|1|3| |0|0| |13| |0|0| |2|L|N|P|00000000026X| 75760|44487733| 70787417|    |      |98|11|017|Y|000000001350|N|3|00000026|0|00000000|SR 26 (NWB) NORTHWEST OF US 2/SR 5                
S|23|032213|7|0|22|3R|1|T|1|3| |0|0| |13| |0|0| |2|L|N|P|00000000002X| 18150|44487733| 70787417|    |      |98|11|017|Y|000000000473|Y|2|00000002|3|00000005|US2/SR 5 (WB) EAST OF SR 26                       
S|23|032218|4|0|22|5R|1|T|1|3| |0|0| |13| |0|0| |2|L|N|P|00000000026X| 75760|44487733| 70787417|    |      |98|11|017|Y|000000001350|N|3|00000026|0|00000000|SR 26 (SEB) NORTHWEST OF US 2/SR 5                
S|23|032218|8|1|22|5R|1|T|1|3|N|1|0| |13|N|0|0| |2|L|N|P|            |      |44029264| 70047245|    |      |98|11|017|N|            |N|3|00000026|0|        |SR 26 NW/O US 2/SR 5                              
S|23|033005|1|1|22|3R|1|Y|1|3|T|1|3|F|15| |1|0| |2|P|L|P|00000000005S|      |44293230| 70271410|    |      |09|00|000|Y|         667|N|4|       4|0|        |3.5 MILES SOUTH OF STATE ROUTE 219                
S|23|033005|5|1|22|3R|1|Y|1|3|T|1|3|F|15| |1|0| |2|P|L|P|00000000005S|      |44293230| 70271410|    |      |09|00|000|Y|         667|N|4|       4|0|        |3.5 MILES SOUTH OF STATE ROUTE 219                
S|23|034304|0|0|22|4R|2|T|2|3| |0|0| |13| |0|0| |2|L|N|P|00000000016X| 73975|44971833| 70166167|    |034300|63|00|007|Y|000000001103|N|3|00000016|3|00000027|SR 16/27 (NWB/SEB) 1.1 MILES NORTH OF SR 142      
S|23|034500|8|0|22|5R|1|T|1|3| |0|0| |13| |0|0| |2|L|N|P|00000000005X| 54760|43977332| 70926079|    |      |18|00|017|N|            |N|3|00000005|3|00000113|SR 5/113 (NWB) @ FRYEBURG TOWNLINE                
S|23|034510|4|0|22|5R|1|T|1|3| |0|0| |13| |0|0| |2|L|N|P|00000000005X| 54760|43977332| 70926079|    |      |18|00|017|N|            |N|3|00000005|3|00000113|SR 5/113 (SEB) @ FRYEBURG TOWNLINE                
S|23|036304|1|1|22|5R|1|T|2|3|N|1|0| |13|N|0|0| |2|L|N|P|            |      |43620067| 70733833|    |      |06|00|000|N|            |N|3|       5|0|        |SR 5 SE/O IR 465 (CHADBOURNE RDG)                 
S|23|036304|8|0|22|5R|1|T|1|3| |0|0| |13| |0|0| |2|L|N|P|00000000005X| 23120|43620067| 70733833|    |      |06|00|031|Y|000000000735|N|3|00000005|0|00000000|SR 5 (NWB) 3.2 MILES SOUTH OF LIMEROCK TOWNLINE   
S|23|036314|4|0|22|5R|1|T|1|3| |0|0| |13| |0|0| |2|L|N|P|00000000005X| 23120|43620067| 70733833|    |      |06|00|031|Y|000000000735|N|3|00000005|0|00000000|SR 5 (SEB) 3.2 MILES SOUTH OF LIMEROCK TOWNLINE   
S|23|036314|5|1|22|5R|1|T|2|3|N|1|0| |13|N|0|0| |2|L|N|P|            |      |43620067| 70733833|    |      |06|00|000|N|            |N|3|       5|0|        |SR 5 SE/O IR 465 (CHADBOURNE RDG)                 
S|23|036907|3|0|22|3R|1|T|1|3| |0|0| |13| |0|0| |2|L|N|P|00000000002X| 54990|44594183| 70265300|1026|      |99|00|007|Y|000000000508|Y|2|00000002|0|00000000|US 2 (EB) 2.6 MILES NORTHEAST OF SR 17            
S|23|036917|7|0|22|3R|1|T|1|3| |0|0| |13| |0|0| |2|L|N|P|00000000002X| 54990|44594183| 70265300|1026|      |99|00|007|Y|000000000508|Y|2|00000002|0|00000000|US 2 (WB) 2.6 MILES NORTHEAST OF SR 17            
S|23|037007|3|0|22|6R|1|T|1|3| |0|0| |13| |0|0| |2|L|N|P|000003100495|  1015|43536217| 70716467|    |      |06|00|031|N|            |N|7|00000000|0|00000000|IR 495 (WEST RD) (EB) WEST OF SR 4/US 202         
S|23|037017|7|0|22|6R|1|T|1|3| |0|0| |13| |0|0| |2|L|N|P|000003100495|  1015|43536217| 70716467|    |      |06|00|031|N|            |N|7|00000000|0|00000000|IR 495 (WEST RD) (WB) WEST OF SR 4/US 202         
S|23|037400|3|1|22|4R|1|T|1|3|H|1|3|G|15| |0|0| |2|P|L|P|00000000006X|      |45166783| 69413300|    |      |01|00|000|N|         769|N|3|       6|3|      15|SR 6/15/16 (EB) 0.5 MILE WEST OF GUILFORD TOWNLINE
S|23|037400|7|1|22|4R|1|T|1|3|H|1|3|G|15| |0|0| |2|P|L|P|00000000006X|      |45166783| 69413300|    |      |01|00|000|N|         769|N|3|       6|3|      15|SR 6/15/16 (WB) 0.5 MILE WEST OF GUILFORD TOWNLINE
S|23|038701|1|0|22|4R|1|T|1|3| |0|0| |13| |0|0| |2|L|N|P|00000000011X| 65190|43967217| 70575350|    |      |89|00|005|Y|000000000948|N|3|00000011|0|00000000|SR 11 (NB) NORTH OF SR 35/US 302                  
S|23|038704|4|0|22|3R|1|T|1|3| |0|0| |13| |0|0| |2|L|N|P|00000000302X| 27605|43963800| 70574317|    |      |89|00|005|Y|000000003290|Y|2|00000302|3|00000035|SR 35/US 302 (SEB) SOUTHEAST OF SR 11             
S|23|038711|5|0|22|4R|1|T|1|3| |0|0| |13| |0|0| |2|L|N|P|00000000011X| 65190|43967217| 70575350|    |      |89|00|005|Y|000000000948|N|3|00000011|0|00000000|SR 11 (SB) NORTH OF SR 35/US 302                  
S|23|038714|8|0|22|3R|1|T|1|3| |0|0| |13| |0|0| |2|L|N|P|00000000302X| 27605|43963800| 70574317|    |      |89|00|005|Y|000000003290|Y|2|00000302|3|00000035|SR 35/US 302 (NWB) SOUTHEAST OF SR 11             
S|23|039808|3|1|22|3R|1|T|1|3|H|1|3|F|15|N|0|0| |2|L|Q|P|            |      |44003900| 70044725|    |      |99|11|005|N|            |N|2|00000302|0|        |US 302 0.5 MI NW/O SR 93                          
S|23|039808|4|0|22|3R|1|T|1|3|H|1|3|G|15| |0|0| |2|P|L|P|00000000302X| 39450|44065000| 70745417|    |      |99|12|005|Y|000000003291|Y|2|00000302|0|00000000|US 302 (SEB) 0.5 MILE NORTHWEST OF SR 93          
S|23|039818|7|1|22|3R|1|T|1|3|H|1|3|F|15|N|0|0| |2|L|Q|P|            |      |44003900| 70044725|    |      |99|11|005|N|            |N|2|00000302|0|        |US 302 0.5 MI NW/O SR 93                          
S|23|039818|8|0|22|3R|1|T|1|3|H|1|3|G|15| |0|0| |2|P|L|P|00000000302X| 39450|44065000| 70745417|    |      |99|12|005|Y|000000003291|Y|2|00000302|0|00000000|US 302 (NWB) 0.5 MILE NORTHWEST OF SR 93          
S|23|041204|8|0|22|3R|2|T|2|3| |0|0| |13| |0|0| |2|L|N|P|00000000026X| 34475|44138550| 70470764|    |041206|89|00|017|Y|000000001342|N|3|00000026|3|00000121|SR 26/121 (NWB) SOUTHEAST OF SR 121 (NORTH JUNCTIO
S|23|041207|3|0|22|6R|1|T|1|3| |0|0| |13| |0|0| |2|L|N|P|00000000121X| 20655|44138550| 70470764|    |      |89|00|017|N|            |N|3|00000121|0|00000000|SR 121 (EB) WEST OF SR 26 (NORTH JUNCTION)        
S|23|041214|4|0|22|3R|1|T|1|3| |0|0| |13| |0|0| |2|L|N|P|00000000026X| 34475|44138550| 70470764|    |041206|89|00|017|Y|000000001342|N|3|00000026|3|00000121|SR 26/121 (SEB) SOUTHEAST OF SR 121 (NORTH JUNCTIO
S|23|041217|7|0|22|6R|1|T|1|3| |0|0| |13| |0|0| |2|L|N|P|00000000121X| 20655|44138550| 70470764|    |      |89|00|017|N|            |N|3|00000121|0|00000000|SR 121 (WB) WEST OF SR 26 (NORTH JUNCTION)        
S|23|041601|1|0|22|4R|1|T|1|3| |0|0| |13| |0|0| |2|L|N|P|00000000027X| 12440|43914483| 69614700|    |      |42|00|015|Y|000000001358|N|3|00000027|0|00000000|SR 27 (NB) 2.1 MILES SOUTH OF EDGECOMB TOWNLINE   
S|23|041611|5|0|22|4R|1|T|1|3| |0|0| |13| |0|0| |2|L|N|P|00000000027X| 12440|43914483| 69614700|    |      |42|00|015|Y|000000001358|N|3|00000027|0|00000000|SR 27 (SB) 2.1 MILES SOUTH OF EDGECOMB TOWNLINE   
S|23|041704|4|0|22|3R|1|T|1|3| |0|0| |13| |0|0| |2|L|N|P|00000000001A| 47305|44735567| 68627067|    |050004|03|00|019|Y|000000000044|Y|2|0000001A|0|00000000|US 1A (SEB) 0.2 MILE SOUTHEAST OF SR 46           
S|23|041714|8|0|22|3R|1|T|1|3| |0|0| |13| |0|0| |2|L|N|P|00000000001A| 47305|44735567| 68627067|    |050006|03|00|019|Y|000000000044|Y|2|0000001A|0|00000000|US 1A (NWB) 0.2 MILE SOUTHEAST OF SR 46           
S|23|041907|3|0|22|4R|1|T|1|3|H|1|3|G|15| |0|0| |2|P|L|P|00000000202X| 97340|44321633| 69897733|    |      |99|00|011|Y|000000002831|Y|2|00000202|3|00000011|SR 11/US 202 (EB) 1.0 MILE WEST OF MANCHESTER TWLN
S|23|041907|7|0|22|4R|1|T|1|3|H|1|3|G|15| |0|0| |2|P|L|P|00000000202X| 97340|44321633| 69897733|    |      |99|00|011|Y|000000002831|Y|2|00000202|3|00000011|SR 11/US 202 (WB) 1.0 MILE WEST OF MANCHESTER TWLN
S|23|042504|8|0|22|3R|1|T|1|3| |0|0| |13| |0|0| |2|L|N|P|00000000201X| 93470|45070217| 69890767|    |      |13|00|025|N|            |Y|2|00000201|0|00000000|US 201 (NWB) 0.4 MILES NORTHWEST OF BINGHAM TWLN  
S|23|042514|4|0|22|3R|1|T|1|3| |0|0| |13| |0|0| |2|L|N|P|00000000201X| 93470|45070217| 69890767|    |      |13|00|025|N|            |Y|2|00000201|0|00000000|US 201 (SEB) 0.4 MILES NORTHWEST OF BINGHAM TWLN  
S|23|043602|2|1|22|5R|1|T|1|3|H|1|3|G|15| |0|0| |2|P|L|P|00000000006X|161005|45384583| 68210050|    |      |05|00|000|N|         780|N|3|       6|0|        |SR 6 (NEB) 3.8 MILES SOUTH OF SR 169/170          
S|23|043602|6|1|22|5R|1|T|1|3|H|1|3|G|15| |0|0| |2|P|L|P|00000000006X|161005|45384583| 68210050|    |      |05|00|000|N|         780|N|3|       6|0|        |SR 6 (SWB) 3.8 MILES SOUTH OF SR 169/170          
S|23|049402|2|1|22|3R|1|T|1|3| |0|0| |13| |0|0| |2|L|N|P|00000000001X|105895|44087617| 69471233|    |      |65|00|015|Y|000000000299|Y|2|00000001|0|00000000|US 1(NEB) 1.4 MILES NORTHEAST OF DAMARISCOTTA TWLN
S|23|049412|6|1|22|3R|1|T|1|3| |0|0| |13| |0|0| |2|L|N|P|00000000001X|105895|44087617| 69471233|    |      |65|00|015|Y|000000000299|Y|2|00000001|0|00000000|US 1(SWB) 1.4 MILES NORTHEAST OF DAMARISCOTTA TWLN
S|23|050700|1|1|22|1R|1|T|1|3|H|1|3|G|15| |0|0| |2|P|L|P|00000000095X|241725|45585967| 68542583|    |050705|70|00|019|Y|000000001690|Y|1|00000095|0|00000000|I-95 (NB) 1.8 MILES SOUTH OF SR 116 UNDERPASS     
S|23|050700|1|2|22|1R|1|T|1|3|H|1|3|G|15| |0|0| |2|P|L|P|00000000095X|241725|45585967| 68542583|    |050705|70|00|019|Y|000000001690|Y|1|00000095|0|00000000|I-95 (NB) 1.8 MILES SOUTH OF SR 116 UNDERPASS     
S|23|050700|5|1|22|1R|1|T|1|3|H|1|3|G|15| |0|0| |2|P|L|P|00000000095S| 62020|45585967| 68542583|    |050705|70|00|019|N|            |Y|1|00000095|0|00000000|I-95 (SB) 1.8 MILES SOUTH OF SR 116 UNDERPASS     
S|23|050700|5|2|22|1R|1|T|1|3|H|1|3|G|15| |0|0| |2|P|L|P|00000000095S| 62020|45585967| 68542583|    |050705|70|00|019|N|            |Y|1|00000095|0|00000000|I-95 (SB) 1.8 MILES SOUTH OF SR 116 UNDERPASS     
S|23|050701|1|1|22|1R|1|T|1|3|H|1|3|G|15| |0|0| |2|P|L|P|00000000095X|241725|45585967| 68542583|    |050705|70|00|019|Y|000000001690|Y|1|00000095|0|00000000|I-95 (NB) 1.8 MILES SOUTH OF SR 116 UNDERPASS     
S|23|050701|1|2|22|1R|1|T|1|3|H|1|3|G|15| |0|0| |2|P|L|P|00000000095X|241725|45585967| 68542583|    |050705|70|00|019|Y|000000001690|Y|1|00000095|0|00000000|I-95 (NB) 1.8 MILES SOUTH OF SR 116 UNDERPASS     
S|23|050702|5|1|22|1R|1|T|1|3|H|1|3|G|15| |0|0| |2|P|L|P|00000000095S| 62020|45585967| 68542583|    |050705|70|00|019|N|            |Y|1|00000095|0|00000000|I-95 (SB) 1.8 MILES SOUTH OF SR 116 UNDERPASS     
S|23|050702|5|2|22|1R|1|T|1|3|H|1|3|G|15| |0|0| |2|P|L|P|00000000095S| 62020|45585967| 68542583|    |050705|70|00|019|N|            |Y|1|00000095|0|00000000|I-95 (SB) 1.8 MILES SOUTH OF SR 116 UNDERPASS     
S|23|050909|1|1|22|1R|2|T|2|3| |0|0| |13| |0|0| |2|X|N|P|00000000095X|214100|45223846| 68675554|    |      |06|00|019|Y|000000001686|Y|1|00000095|0|00000000|I-95 (NB) SOUTH OF SR 6/155 (LAGRANGE) OFF RAMP   
S|23|050909|1|2|22|1R|2|T|2|3| |0|0| |13| |0|0| |2|X|N|P|00000000095X|214100|45223846| 68675554|    |      |06|00|019|Y|000000001686|Y|1|00000095|0|00000000|I-95 (NB) SOUTH OF SR 6/155 (LAGRANGE) OFF RAMP   
S|23|050910|5|1|22|1R|2|T|2|3| |0|0| |13| |0|0| |2|X|N|P|00000000095S| 89080|45223846| 68675554|    |      |06|00|019|Y|000000001686|Y|1|00000095|0|00000000|I-95 (SB) SOUTH OF SR 6/155 (LAGRANGE) OFF RAMP   
S|23|050910|5|2|22|1R|2|T|2|3| |0|0| |13| |0|0| |2|X|N|P|00000000095S| 89080|45223846| 68675554|    |      |06|00|019|Y|000000001686|Y|1|00000095|0|00000000|I-95 (SB) SOUTH OF SR 6/155 (LAGRANGE) OFF RAMP   
S|23|051604|4|0|22|5R|1|T|1|3| |0|0| |13| |0|0| |2|L|N|P|00000000117X| 80090|44264200| 70276533|    |      |89|00|001|Y|000000005623|N|3|00000117|0|00000000|SR 117 (SEB) 1.3 MILES NORTHEAST OF BUCKFIELD TWLN
S|23|051604|8|1|22|5R|1|T|1|3|N|1|0| |13|N|0|0| |2|L|N|P|            |      |44264200| 70276533|    |      |89|00|000|N|            |N|3|     117|0|        |SR 117 SE/O IR 443 (RICKER HILL RD)               
S|23|051614|4|1|22|5R|1|T|1|3|N|1|0| |13|N|0|0| |2|L|N|P|            |      |44264200| 70276533|    |      |89|00|000|N|            |N|3|     117|0|        |SR 117 SE/O IR 443 (RICKER HILL RD)               
S|23|051614|8|0|22|5R|1|T|1|3| |0|0| |13| |0|0| |2|L|N|P|00000000117X| 80090|44264200| 70276533|    |      |89|00|001|Y|000000005623|N|3|00000117|0|00000000|SR 117 (NWB) 1.3 MILES NORTHEAST OF BUCKFIELD TWLN
S|23|051623|1|1|22|1U|2|T|1|3| |0|0| |13| |0|0| |2|X|N|P|00000000095X|183030|44814113| 68788902|    |      |18|00|019|N|            |Y|1|00000095|3|00000015|I-95 (NB) N/O ON RAMP FROM SR 222 (UNION ST)      
S|23|051623|1|2|22|1U|2|T|1|3| |0|0| |13| |0|0| |2|X|N|P|00000000095X|183030|44814113| 68788902|    |      |18|00|019|N|            |Y|1|00000095|3|00000015|I-95 (NB) N/O ON RAMP FROM SR 222 (UNION ST)      
S|23|051624|5|1|22|1U|2|T|1|3| |0|0| |13| |0|0| |2|X|N|P|00000000095S|120150|44814113| 68788902|    |      |18|00|019|N|            |Y|1|00000095|3|00000015|I-95 (SB) N/O OFF RAMP TO SR 222 (UNION ST)       
S|23|051624|5|2|22|1U|2|T|1|3| |0|0| |13| |0|0| |2|X|N|P|00000000095S|120150|44814113| 68788902|    |      |18|00|019|N|            |Y|1|00000095|3|00000015|I-95 (SB) N/O OFF RAMP TO SR 222 (UNION ST)       
S|23|051906|2|1|22|3R|1|T|1|3|H|1|3|G|15| |0|0| |2|P|L|P|00000000001X|      |43989617| 69691350|    |      |09|00|000|N|         283|N|2|       1|0|        |US 1 (NEB) 1.5 MILES SOUTHWEST OF SR 27           
S|23|051906|6|1|22|3R|1|T|1|3|H|1|3|G|15| |0|0| |2|P|L|P|00000000001X|      |43989617| 69691350|    |      |09|00|000|N|         283|N|2|       1|0|        |US 1 (SWB) 1.5 MILES SOUTHWEST OF SR 27           
S|23|052103|1|1|22|1R|2|T|2|3| |2|0| |15| |0|0| |2|X|N|P|00000000095X|166250|44782238| 69088191|    | 38001|64|00|000|N|            |N|1|      95|0|       0|I-95 (NB) 1.25 MILES SOUTH OF COOK ROAD OVERPASS  
S|23|052103|1|2|22|1R|2|T|2|3| |2|0| |15| |0|0| |2|X|N|P|00000000095X|166250|44782238| 69088191|    | 38001|64|00|000|N|            |N|1|      95|0|       0|I-95 (NB) 1.25 MILES SOUTH OF COOK ROAD OVERPASS  
S|23|052104|5|1|22|1R|2|T|2|3| |2|0| |15| |0|0| |2|X|N|P|00000000095S|136920|44782238| 69088191|    | 38005|64|00|000|N|            |N|1|      95|0|       0|I-95 (SB) 1.25 MILES SOUTH OF COOK ROAD OVERPASS  
S|23|052104|5|2|22|1R|2|T|2|3| |2|0| |15| |0|0| |2|X|N|P|00000000095S|136920|44782238| 69088191|    | 38005|64|00|000|N|            |N|1|      95|0|       0|I-95 (SB) 1.25 MILES SOUTH OF COOK ROAD OVERPASS  
S|23|052201|1|0|22|5R|1|T|1|3| |0|0| |13| |0|0| |2|L|N|P|00000000191X| 29785|44778433| 67399700|    |      |09|00|029|Y|000000002492|N|3|00000191|0|00000000|SR 191 (NB) 2.6 MILES NORTH OF US 1               
S|23|052211|5|0|22|5R|1|T|1|3| |0|0| |13| |0|0| |2|L|N|P|00000000191X| 29785|44778433| 67399700|    |      |09|00|029|Y|000000002492|N|3|00000191|0|00000000|SR 191 (SB) 2.6 MILES NORTH OF US 1               
S|23|053100|1|1|22|1R|2|T|1|3|H|1|3|G|15| |0|0| |2|P|L|P|00000000095X|120085|44462550| 69711867|    |      |61|00|011|Y|000000001659|Y|1|00000095|0|00000000|I-95 (NB) 0.7 MILE NORTH OF LYONS ROAD OVERPASS   
S|23|053100|1|2|22|1R|2|T|1|3|H|1|3|G|15| |0|0| |2|P|L|P|00000000095X|120085|44462550| 69711867|    |      |61|00|011|Y|000000001659|Y|1|00000095|0|00000000|I-95 (NB) 0.7 MILE NORTH OF LYONS ROAD OVERPASS   
S|23|053100|5|1|22|1R|2|T|1|3|H|1|3|G|15| |0|0| |2|P|L|P|00000000095S|183175|44462550| 69711867|    |      |61|00|011|N|            |Y|1|00000095|0|00000000|I-95 (SB) 0.7 MILE NORTH OF LYONS ROAD OVERPASS   
S|23|053100|5|2|22|1R|2|T|1|3|H|1|3|G|15| |0|0| |2|P|L|P|00000000095S|183175|44462550| 69711867|    |      |61|00|011|N|            |Y|1|00000095|0|00000000|I-95 (SB) 0.7 MILE NORTH OF LYONS ROAD OVERPASS   
S|23|053103|1|1|22|1R|1|T|1|3|H|1|3|G|15| |0|0| |2|P|L|P|00000000095X|120085|44462550| 69711867|    |      |61|00|011|Y|000000001659|Y|1|00000095|0|00000000|I-95 (NB) 0.7 MILE NORTH OF LYONS ROAD OVERPASS   
S|23|053103|1|2|22|1R|1|T|1|3|H|1|3|G|15| |0|0| |2|P|L|P|00000000095X|120085|44462550| 69711867|    |      |61|00|011|Y|000000001659|Y|1|00000095|0|00000000|I-95 (NB) 0.7 MILE NORTH OF LYONS ROAD OVERPASS   
S|23|053104|5|1|22|1R|1|T|1|3|H|1|3|G|15| |0|0| |2|P|L|P|00000000095S|183175|44462550| 69711867|    |      |61|00|011|N|            |Y|1|00000095|0|00000000|I-95 (SB) 0.7 MILE NORTH OF LYONS ROAD OVERPASS   
S|23|053104|5|2|22|1R|1|T|1|3|H|1|3|G|15| |0|0| |2|P|L|P|00000000095S|183175|44462550| 69711867|    |      |61|00|011|N|            |Y|1|00000095|0|00000000|I-95 (SB) 0.7 MILE NORTH OF LYONS ROAD OVERPASS   
S|23|053801|1|1|22|1R|1|T|1|3|H|1|3|G|15| |0|0| |2|P|L|P|00000000295X| 29845|43922600| 70008383|3013|      |89|00|005|Y|000000003076|Y|1|00000295|0|00000000|I-295 (NB) 0.6 MILE NORTH OF US 1 OVERPASS        
S|23|053801|1|2|22|1R|1|T|1|3|H|1|3|G|15| |0|0| |2|P|L|P|00000000295X| 29845|43922600| 70008383|3013|      |89|00|005|Y|000000003076|Y|1|00000295|0|00000000|I-295 (NB) 0.6 MILE NORTH OF US 1 OVERPASS        
S|23|053802|5|1|22|1R|1|T|1|3|H|1|3|G|15| |0|0| |2|P|L|P|00000000295S| 22780|43922600| 70008383|    |      |89|00|005|N|            |Y|1|00000295|0|00000000|I-295 (SB) 0.6 MILE NORTH OF US 1 OVERPASS        
S|23|053802|5|2|22|1R|1|T|1|3|H|1|3|G|15| |0|0| |2|P|L|P|00000000295S| 22780|43922600| 70008383|    |      |89|00|005|N|            |Y|1|00000295|0|00000000|I-295 (SB) 0.6 MILE NORTH OF US 1 OVERPASS        
S|23|053901|1|1|22|1R|1|T|1|3| |0|0| |13| |0|0| |2|X|N|P|00000000295X| 26580|43907269| 70053075|    |      |15|00|005|N|            |Y|1|00000295|0|00000000|I-295 (NB) 0.6 MI S/O US 1 OFF RAMP               
S|23|053901|1|2|22|1R|1|T|1|3| |0|0| |13| |0|0| |2|X|N|P|00000000295X| 26580|43907269| 70053075|    |      |15|00|005|N|            |Y|1|00000295|0|00000000|I-295 (NB) 0.6 MI S/O US 1 OFF RAMP               
S|23|053902|5|1|22|1R|1|T|1|3| |0|0| |13| |0|0| |2|X|N|P|00000000295S| 26010|43907269| 70053075|    |      |15|00|005|N|            |Y|1|00000295|0|00000000|I-295 (SB) 0.6 MI S/O US 1 OFF RAMP               
S|23|053902|5|2|22|1R|1|T|1|3| |0|0| |13| |0|0| |2|X|N|P|00000000295S| 26010|43907269| 70053075|    |      |15|00|005|N|            |Y|1|00000295|0|00000000|I-295 (SB) 0.6 MI S/O US 1 OFF RAMP               
S|23|054201|1|1|22|1R|2|T|2|3| |0|0| |13| |0|0| |2|L|N|P|00000000295X| 19815|43836814| 70127086|    |      |89|00|005|Y|000000003075|Y|1|00000295|0|00000000|I-295 (NB) 0.5 MILE SOUTH OF DESERT RD OVERPASS   
S|23|054201|1|2|22|1R|2|T|2|3| |0|0| |13| |0|0| |2|L|N|P|00000000295X| 19815|43836814| 70127086|    |      |89|00|005|Y|000000003075|Y|1|00000295|0|00000000|I-295 (NB) 0.5 MILE SOUTH OF DESERT RD OVERPASS   
S|23|054202|5|1|22|1R|2|T|2|3| |0|0| |13| |0|0| |2|L|N|P|00000000295S| 33175|43836814| 70127086|    |      |89|00|005|N|            |Y|1|00000295|0|00000000|I-295 (SB) 0.5 MILE SOUTH OF DESERT RD OVERPASS   
S|23|054202|5|2|22|1R|2|T|2|3| |0|0| |13| |0|0| |2|L|N|P|00000000295S| 33175|43836814| 70127086|    |      |89|00|005|N|            |Y|1|00000295|0|00000000|I-295 (SB) 0.5 MILE SOUTH OF DESERT RD OVERPASS   
S|23|054701|1|1|22|1U|1|T|1|3| |0|0| |13| |0|0| |2|X|N|P|00000000095X|   320|43097550| 70758067|    |029501|73|00|031|Y|000000001628|Y|1|00000095|0|00000000|I-95 (NB) @ NEW HAMPSHIRE STATE LINE              
S|23|054701|1|2|22|1U|1|T|1|3| |0|0| |13| |0|0| |2|X|N|P|00000000095X|   320|43097550| 70758067|    |029501|73|00|031|Y|000000001628|Y|1|00000095|0|00000000|I-95 (NB) @ NEW HAMPSHIRE STATE LINE              
S|23|054701|1|3|22|1U|1|T|1|3| |0|0| |13| |0|0| |2|X|N|P|00000000095X|   320|43097550| 70758067|    |029501|73|00|031|Y|000000001628|Y|1|00000095|0|00000000|I-95 (NB) @ NEW HAMPSHIRE STATE LINE              
S|23|054701|1|4|22|1U|1|T|1|3| |0|0| |13| |0|0| |2|X|N|P|00000000095X|   320|43097550| 70758067|    |029501|73|00|031|Y|000000001628|Y|1|00000095|0|00000000|I-95 (NB) @ NEW HAMPSHIRE STATE LINE              
S|23|054702|5|1|22|1U|1|T|1|3| |0|0| |13| |0|0| |2|X|N|P|00000000095S|302915|43097550| 70758067|    |029502|73|00|031|N|            |Y|1|00000095|0|00000000|I-95 (SB) @ NEW HAMPSHIRE STATE LINE              
S|23|054702|5|2|22|1U|1|T|1|3| |0|0| |13| |0|0| |2|X|N|P|00000000095S|302915|43097550| 70758067|    |029502|73|00|031|N|            |Y|1|00000095|0|00000000|I-95 (SB) @ NEW HAMPSHIRE STATE LINE              
S|23|054702|5|3|22|1U|1|T|1|3| |0|0| |13| |0|0| |2|X|N|P|00000000095S|302915|43097550| 70758067|    |029502|73|00|031|N|            |Y|1|00000095|0|00000000|I-95 (SB) @ NEW HAMPSHIRE STATE LINE              
S|23|054702|5|4|22|1U|1|T|1|3| |0|0| |13| |0|0| |2|X|N|P|00000000095S|302915|43097550| 70758067|    |029502|73|00|031|N|            |Y|1|00000095|0|00000000|I-95 (SB) @ NEW HAMPSHIRE STATE LINE              
S|23|056204|4|1|22|3R|1|T|1|3|H|1|3|G|15| |0|0| |2|P|L|P|00000000201X|      |44735950| 69652067|    |      |99|00|000|N|        2694|N|2|     201|0|        |US 201 (SEB) 4.0 MILES SOUTHEAST OF US 2/201A/104 
S|23|056204|8|1|22|3R|1|T|1|3|H|1|3|G|15| |0|0| |2|P|L|P|00000000201X|      |44735950| 69652067|    |      |99|00|000|N|        2694|N|2|     201|0|        |US 201 (NWB) 4.0 MILES SOUTHEAST OF US 2/201A/104 
S|23|056304|4|1|22|3R|1|T|1|3|H|1|3|G|15| |0|0| |2|P|L|P|00000000002X|      |44583200| 70338300|    |      |02|00|000|N|         502|N|2|       2|3|      17|US 2/SR 17 (SEB) 0.5 MILE SOUTH OF CARTHAGE TWLN  
S|23|056304|8|1|22|3R|1|T|1|3|H|1|3|G|15| |0|0| |2|P|L|P|00000000002X|      |44583200| 70338300|    |      |02|00|000|N|         502|N|2|       2|3|      17|US 2/SR 17 (NWB) 0.5 MILE SOUTH OF CARTHAGE TWLN  
S|23|056401|1|0|22|3R|1|T|1|3| |0|0| |13| |0|0| |2|L|N|P|00000000001A| 24015|44622867| 68869833|    |      |98|00|027|Y|000000000026|Y|2|0000001A|0|00000000|US 1A (NB) 0.1 MILE SOUTH OF WINTERPORT TOWNLINE  
S|23|056411|5|0|22|3R|1|T|1|3| |0|0| |13| |0|0| |2|L|N|P|00000000001A| 24015|44622867| 68869833|    |      |98|00|027|Y|000000000026|Y|2|0000001A|0|00000000|US 1A (SB) 0.1 MILE SOUTH OF WINTERPORT TOWNLINE  
S|23|057300|1|1|22|4R|1|T|1|3|H|1|3|G|15| |0|0| |2|P|L|P|00000000027X|100580|44939333| 70145150|    |      |01|00|000|N|        1377|N|3|      27|0|       0|SR 27 (NB) 0.3 MILE SOUTH OF KINGFIELD TOWNLINE   
S|23|057300|5|1|22|4R|1|T|1|3|H|1|3|G|15| |0|0| |2|P|L|P|00000000027X|100580|44939333| 70145150|    |      |01|00|000|N|        1377|N|3|      27|0|       0|SR 27 (SB) 0.3 MILE SOUTH OF KINGFIELD TOWNLINE   
S|23|057501|1|0|22|5R|1|T|1|3| |0|0| |13| |0|0| |2|L|N|P|00000000182X|    55|44539033| 68316750|    |010001|89|00|009|Y|000000002459|N|3|00000182|0|00000000|SR 182 (NB) NORTH OF US 1                         
S|23|057507|3|0|22|4R|2|T|2|3| |0|0| |13| |0|0| |2|L|N|P|00000000001X|197670|44539033| 68316750|    |010007|89|00|009|Y|000000000354|Y|2|00000001|0|00000000|US 1 (EB) WEST OF SR 182                          
S|23|057511|1|5|22|5R|1|T|1|3|N|1|0| |15|N|0|0| |2|L|N|P|            |      |44539033| 68316750|    | 10001|89|00|000|N|            |N|3|     182|0|        |SR 182 N/O US 1                                   
S|23|057511|5|0|22|5R|1|T|1|3| |0|0| |13| |0|0| |2|L|N|P|00000000182X|    55|44539033| 68316750|    |010001|89|00|009|Y|000000002459|N|3|00000182|0|00000000|SR 182 (SB) NORTH OF US 1                         
S|23|057517|7|0|22|4R|1|T|1|3| |0|0| |13| |0|0| |2|L|N|P|00000000001X|197670|44539033| 68316750|    |010007|89|00|009|Y|000000000354|Y|2|00000001|0|00000000|US 1 (WB) WEST OF SR 182                          
S|23|059106|2|0|22|4R|1|T|1|3| |0|0| |13| |0|0| |2|L|N|P|00000000094X| 11790|45007700| 69015243|    |      |10|00|019|Y|000000001545|N|3|00000094|0|        |SR 94 (NEB) 1.8 MILES SOUTHWEST OF GARLAND TWLN   
S|23|059106|2|1|22|4R|1|T|1|3| |0|0| |13| |0|0| |2|L|N|P|00000000094X| 11790|45007700| 69015243|    |      |10|00|019|Y|000000001545|N|3|00000094|0|        |SR 94 (NEB) 1.8 MILES SOUTHWEST OF GARLAND TWLN   
S|23|059106|3|1|22|4R|1|T|1|3|N|1|0| |13|N|0|0| |2|L|N|P|            |      |45007700| 69015243|    |      |10|00|019|N|            |N|3|00000094|0|	     SR| 94 (GARLAND RD) SW/O IR 389 (WING RD)            
S|23|059116|6|0|22|4R|1|T|1|3| |0|0| |13| |0|0| |2|L|N|P|00000000094X| 11790|45007700| 69015243|    |      |10|00|019|Y|000000001545|N|3|00000094|0|        |SR 94 (SWB) 1.8 MILES SOUTHWEST OF GARLAND TWLN   
S|23|059116|6|1|22|4R|1|T|1|3| |0|0| |13| |0|0| |2|L|N|P|00000000094X| 11790|45007700| 69015243|    |      |10|00|019|Y|000000001545|N|3|00000094|0|        |SR 94 (SWB) 1.8 MILES SOUTHWEST OF GARLAND TWLN   
S|23|059116|7|1|22|4R|1|T|1|3|N|1|0| |13|N|0|0| |2|L|N|P|            |      |45007700| 69015243|    |      |10|00|019|N|            |N|3|00000094|0|	     SR| 94 (GARLAND RD) SW/O IR 389 (WING RD)            
S|23|059705|1|0|22|3R|1|T|1|3| |0|0| |13| |0|0| |2|L|N|P|00000000026X| 53360|44347225| 70562533|    |      |13|00|017|N|            |N|3|00000026|0|00000000|SR 26 (NB) 0.2 MILES NORTH OF WEST PARIS TWLN     
S|23|059715|5|0|22|3R|1|T|1|3| |0|0| |13| |0|0| |2|L|N|P|00000000026X| 53360|44347225| 70562533|    |      |13|00|017|N|            |N|3|00000026|0|00000000|SR 26 (SB)  0.2 MILES NORTH OF WEST PARIS TWLN    
S|23|062204|8|0|22|5R|1|T|1|3| |0|0| |13| |0|0| |2|L|N|P|00000000005X| 53465|43965244| 70910794|    |052600|87|17|017|Y|000000000742|N|3|00000005|3|00000113|SR 5/113 (NWB) 1.2 MILES SOUTH OF FRYEBURG TOWNLIN
S|23|062214|4|0|22|5R|1|T|1|3| |0|0| |13| |0|0| |2|L|N|P|00000000005X| 53465|43965244| 70910794|    |052600|87|17|017|Y|000000000742|N|3|00000005|3|00000113|SR 5/113 (SEB) 1.2 MILES SOUTH OF FRYEBURG TOWNLIN
S|23|063104|9|0|22|5R|2|T|2|3| |0|0| |13| |0|0| |2|L|N|P|000001902337|    65|45010083| 69284167|    |      |42|07|019|Y|000000004386|N|7|00000000|0|00000000|DEXTER - GARLAND ROAD (NEB/SWB)                   
S|23|063105|1|0|22|4R|1|T|1|3| |0|0| |13| |0|0| |2|L|N|P|00000000007X| 47895|45010083| 69284167|    |      |42|10|019|Y|000000000798|N|3|00000007|0|00000000|SR 7 (CORINNA RD) (NB)                            
S|23|063115|5|0|22|4R|1|T|1|3| |0|0| |13| |0|0| |2|L|N|P|00000000007X| 47895|45010083| 69284167|    |      |42|10|019|Y|000000000798|N|3|00000007|0|00000000|SR 7 (CORINNA RD) (SB)                            
S|23|066007|3|0|22|3R|1|T|1|3| |0|0| |13| |0|0| |2|L|N|P|00000000003X| 14705|44408694| 69534911|    |      |89|00|011|Y|000000000611|N|3|00000003|0|00000000|SR 3 (EB) 1.8 MILES NORTHEAST OF SR 9/US 202      
S|23|066017|7|0|22|3R|1|T|1|3| |0|0| |13| |0|0| |2|L|N|P|00000000003X| 14705|44408694| 69534911|    |      |89|00|011|Y|000000000611|N|3|00000003|0|00000000|SR 3 (WB) 1.8 MILES NORTHEAST OF SR 9/US 202      
S|23|069507|2|1|22|3R|1|Y|1|3|T|1|3|F|15| |1|0| |2|L|N|P|00000000005S|      |44087640| 69471370|    |      |21|00|000|N|            |N|1|       3|0|       4|US 1/SR 27 0.09 MILE WEST OF STATE ROUTE 27       
S|23|069507|6|1|22|3R|1|Y|1|3|T|1|3|F|15| |1|0| |2|L|N|P|00000000005S|      |44087640| 69471370|    |      |21|00|000|N|            |N|1|       3|0|       4|US 1/SR 27 0.09 MILE WEST OF STATE ROUTE 27       
S|23|070001|1|1|22|3R|1|Y|1|3| |1|0| |13| |0|0| |2|L|N|P|            |      |46166420| 67840644|    |      |16|00|000|N|            |N|3|       1|0|        |US 1 N/O IR 1329 (CURRER RD)                      
S|23|070005|1|0|22|3R|1|T|1|3| |0|0| |13| |0|0| |2|L|N|P|00000000001X|407165|46162850| 67840633|    |      |42|17|003|Y|000000000407|Y|2|00000001|0|00000000|US 1 (NB) 1.6 MILES NORTH OF I-95 RAMPS           
S|23|070011|5|1|22|3R|1|Y|1|3| |1|0| |13| |0|0| |2|L|N|P|            |      |46166420| 67840644|    |      |16|00|000|N|            |N|3|       1|0|        |US 1 N/O IR 1329 (CURRER RD)                      
S|23|070015|5|0|22|3R|1|T|1|3| |0|0| |13| |0|0| |2|L|N|P|00000000001X|407165|46162850| 67840633|    |      |42|17|003|Y|000000000407|Y|2|00000001|0|00000000|US 1 (SB) 1.6 MILES NORTH OF I-95 RAMPS           
S|23|074308|1|1|22|5R|1|T|1|3|N|1|0| |13|N|0|0| |2|L|N|P|            |      |44488767| 70789233|    |      |11|00|000|N|            |N|2|      26|0|        |SR 26 0.1 MI NW/O US 2/SR 5                       
S|23|074308|8|0|22|5R|1|T|1|3| |0|0| |13| |0|0| |2|L|N|P|00000000026X| 75760|44488767| 70789233|    |      |11|00|017|Y|000000001350|N|3|00000026|0|00000000|SR 26 (NWB) 0.1 MILE NORTHWEST OF US 2/SR 5       
S|23|074318|4|0|22|5R|1|T|1|3| |0|0| |13| |0|0| |2|L|N|P|00000000026X| 75760|44488767| 70789233|    |      |11|00|017|Y|000000001350|N|3|00000026|0|00000000|SR 26 (SEB) 0.1 MILE NORTHWEST OF US 2/SR 5       
S|23|074318|5|1|22|5R|1|T|1|3|N|1|0| |13|N|0|0| |2|L|N|P|            |      |44488767| 70789233|    |      |11|00|000|N|            |N|3|      26|0|        |SR 26 0.1 MI NW/O US 2/SR 5                       
S|23|074400|3|0|22|3R|1|T|1|3| |0|0| |13| |0|0| |2|L|N|P|00000000002X| 18150|44488017| 70784800|    |      |11|00|017|Y|000000000473|Y|2|00000002|3|00000005|US 2/SR 5 (EB) @ NEWRY TOWNLINE                   
S|23|074410|7|0|22|3R|1|T|1|3| |0|0| |13| |0|0| |2|L|N|P|00000000002X| 18150|44488017| 70784800|    |      |11|00|017|Y|000000000473|Y|2|00000002|3|00000005|US 2/SR 5 (WB) @ NEWRY TOWNLINE                   
S|23|074501|1|0|22|5R|1|T|1|3| |0|0| |13| |0|0| |2|L|N|P|00000000011X|354305|46637550| 68417817|    |      |89|00|003|Y|000000001029|N|3|00000011|0|00000000|SR 11 (NB) NORTH OF AROOSTOOK RIVER BRIDGE        
S|23|074511|5|0|22|5R|1|T|1|3| |0|0| |13| |0|0| |2|L|N|P|00000000011X|354305|46637550| 68417817|    |      |89|00|003|Y|000000001029|N|3|00000011|0|00000000|SR 11 (SB) NORTH OF AROOSTOOK RIVER BRIDGE        
S|23|074900|1|1|22|3U|1|T|1|3|Y|1|3|F|13|N|0|0| |2|P|L|P|00000000  1X|      |46651097| 68003907|    |      |22|00|000|Y|         414|Y|3|       1|0|       0|1.8 MILES NORTH OF SR 220                         
S|23|074900|5|1|22|3U|1|T|1|3|Y|1|3|F|13|N|0|0| |2|P|L|P|00000000  1X|      |46651100| 68003900|    |      |22|00|000|Y|         414|Y|3|       1|0|       0|1.8 MILES NORTH OF SR 220                         
S|23|074901|1|0|22|3R|1|T|1|3| |0|0| |13| |0|0| |2|L|N|P|00000000001X|444705|46039340| 68000338|    |      |92|00|003|Y|000000000414|Y|2|00000001|0|        |US 1 (NB) 1.8 MILES NORTH OF SR 227               
S|23|074901|1|1|22|3R|1|T|1|3| |0|0| |13| |0|0| |2|L|N|P|00000000001X|444705|46039340| 68000338|    |      |92|00|003|Y|000000000414|Y|2|00000001|0|        |US 1 (NB) 1.8 MILES NORTH OF SR 227               
S|23|074910|5|1|22|3U|1|T|1|3|Y|1|3|F|13|N|0|0| |2|P|L|P|00000000  1X|      |46651097| 68003907|    |      |22|00|000|Y|         414|Y|3|       1|0|       0|1.8 MILES NORTH OF SR 220                         
S|23|074911|5|0|22|3R|1|T|1|3| |0|0| |13| |0|0| |2|L|N|P|00000000001X|444705|46039340| 68000338|    |      |92|00|003|Y|000000000414|Y|2|00000001|0|        |US 1 (SB) 1.8 MILES NORTH OF SR 227               
S|23|074911|5|1|22|3R|1|T|1|3| |0|0| |13| |0|0| |2|L|N|P|00000000001X|444705|46039340| 68000338|    |      |92|00|003|Y|000000000414|Y|2|00000001|0|        |US 1 (SB) 1.8 MILES NORTH OF SR 227               
S|23|078700|1|0|22|4R|1|T|1|3| |0|0| |13| |0|0| |2|L|N|P|00000000003X| 91120|44432017| 68368417|    |      |96|00|009|Y|000000005508|N|3|00000003|0|00000000|SR 3 (NB) @ NORTH END OF THOMPSON ISLAND BRIDGE   
S|23|078710|5|0|22|4R|1|T|1|3| |0|0| |13| |0|0| |2|L|N|P|00000000003X| 91120|44432017| 68368417|    |      |96|00|009|Y|000000005508|N|3|00000003|0|00000000|SR 3 (SB) @ NORTH END OF THOMPSON ISLAND BRIDGE   
S|23|080803|3|1|22|4R|1|T|1|3| |0|0| |15| |0|0| |2|L|N|P|00000000001X|260215|44739067| 67390250|    |      |89|00|000|N|         371|N|2|       1|3|     191|US 1/SR 191 (EB) EAST OF SR 191 (WEST JUNCTION)   
S|23|080813|7|1|22|4R|1|T|1|3| |0|0| |15| |0|0| |2|L|N|P|00000000001X|260215|44739067| 67390250|    |      |89|00|000|N|         371|N|2|       1|3|     191|US 1/SR 191 (WB) EAST OF SR 191 (WEST JUNCTION)   
S|23|081000|1|0|22|4R|1|T|1|3|H|1|3|G|15| |0|0| |2|P|L|P|00000000007X| 39080|44053998| 69016022|    |      |99|00|019|Y|000000000796|N|3|00000007|3|00000011|SR 7 (NB) 0.1 MILE SOUTH OF CORINNA TOWNLINE      
S|23|081000|1|1|22|4R|1|T|1|3|H|1|3|G|15| |0|0| |2|P|L|P|00000000007X| 39080|44053998| 69016022|    |      |99|00|019|Y|000000000796|N|3|00000007|3|00000011|SR 7 (NB) 0.1 MILE SOUTH OF CORINNA TOWNLINE      
S|23|081000|5|0|22|4R|1|T|1|3|H|1|3|G|15| |0|0| |2|P|L|P|00000000007X| 39080|44053998| 69016022|    |      |99|00|019|Y|000000000796|N|3|00000007|3|00000011|SR 7 (SB) 0.1 MILE SOUTH OF CORINNA TOWNLINE      
S|23|081000|5|1|22|4R|1|T|1|3|H|1|3|G|15| |0|0| |2|P|L|P|00000000007X| 39080|44053998| 69016022|    |      |99|00|019|Y|000000000796|N|3|00000007|3|00000011|SR 7 (SB) 0.1 MILE SOUTH OF CORINNA TOWNLINE      
S|23|090002|1|0|22|4R|1|T|1|3|H|1|3|G|15| |0|0| |2|P|L|P|00000000002X|206830|45537783| 68341789|    |      |09|00|019|Y|000000000578|Y|2|00000002|0|00000000|US 2 (NEB) 2.0 MILES NORTHEAST OF SR 157          
S|23|090002|2|0|22|4R|1|T|1|3|H|1|3|G|15| |0|0| |2|P|L|P|00000000002X|206830|45537783| 68341789|    |      |09|00|000|N|         578|N|2|       2|0|        |US 2 (NEB) 2.0 MILES NORTHEAST OF SR 157          
S|23|090002|2|1|22|4R|1|T|1|3|H|1|3|G|15| |0|0| |2|P|L|P|00000000002X|206830|45537783| 68341789|    |      |09|00|000|N|         578|N|2|       2|0|        |US 2 (NEB) 2.0 MILES NORTHEAST OF SR 157          
S|23|090002|5|0|22|4R|1|T|1|3|H|1|3|G|15| |0|0| |2|P|L|P|00000000002X|206830|45537783| 68341789|    |      |09|00|019|Y|000000000578|Y|2|00000002|0|00000000|US 2 (SWB) 2.0 MILES NORTHEAST OF SR 157          
S|23|090002|6|0|22|4R|1|T|1|3|H|1|3|G|15| |0|0| |2|P|L|P|00000000002X|206830|45537783| 68341789|    |      |99|00|000|N|         578|N|2|       2|0|        |US 2 (SWB) 2.0 MILES NORTHEAST OF SR 157          
S|23|090002|6|1|22|4R|1|T|1|3|H|1|3|G|15| |0|0| |2|P|L|P|00000000002X|206830|45537783| 68341789|    |      |99|00|000|N|         578|N|2|       2|0|        |US 2 (SWB) 2.0 MILES NORTHEAST OF SR 157          
S|23|090109|1|1|22|1U|1|T|1|3| |0|0| |13| |0|0| |2|X|N|P|00000000295X|  7920|43693042| 70256739|    |      |15|00|005|N|            |Y|1|00000295|0|00000000|I-295 (NB) 0.7 MI N/O US 1 OFF RMP                
S|23|090109|1|2|22|1U|1|T|1|3| |0|0| |13| |0|0| |2|X|N|P|00000000295X|  7920|43693042| 70256739|    |      |15|00|005|N|            |Y|1|00000295|0|00000000|I-295 (NB) 0.7 MI N/O US 1 OFF RMP                
S|23|090110|5|1|22|1U|1|T|1|3| |0|0| |13| |0|0| |2|X|N|P|00000000295S| 44710|43693042| 70256739|    |      |15|00|005|N|            |Y|1|00000295|0|00000000|I-295 (SB) 0.7 MI N/O US 1 OFF RMP                
S|23|090110|5|2|22|1U|1|T|1|3| |0|0| |13| |0|0| |2|X|N|P|00000000295S| 44710|43693042| 70256739|    |      |15|00|005|N|            |Y|1|00000295|0|00000000|I-295 (SB) 0.7 MI N/O US 1 OFF RMP                
S|23|090307|1|1|22|1U|1|T|1|3| |0|0| |13| |0|0| |2|X|N|P|00000000295X|  6280|43671136| 70258092|    |      |15|00|005|N|            |Y|1|00000295|0|00000000|I-295 (NB) 0.15 MI N/O FRANKLIN ON RMP            
S|23|090307|1|2|22|1U|1|T|1|3| |0|0| |13| |0|0| |2|X|N|P|00000000295X|  6280|43671136| 70258092|    |      |15|00|005|N|            |Y|1|00000295|0|00000000|I-295 (NB) 0.15 MI N/O FRANKLIN ON RMP            
S|23|090307|1|3|22|1U|1|T|1|3| |0|0| |13| |0|0| |2|X|N|P|00000000295X|  6280|43671136| 70258092|    |      |15|00|005|N|            |Y|1|00000295|0|00000000|I-295 (NB) 0.15 MI N/O FRANKLIN ON RMP            
S|23|090308|5|1|22|1U|1|T|1|3| |0|0| |13| |0|0| |2|X|N|P|00000000295S| 46380|43671136| 70258092|    |      |15|00|005|N|            |Y|1|00000295|0|00000000|I-295 (SB) 0.15 MI N/O FRANKLIN ON RMP            
S|23|090308|5|2|22|1U|1|T|1|3| |0|0| |13| |0|0| |2|X|N|P|00000000295S| 46380|43671136| 70258092|    |      |15|00|005|N|            |Y|1|00000295|0|00000000|I-295 (SB) 0.15 MI N/O FRANKLIN ON RMP            
S|23|090308|5|3|22|1U|1|T|1|3| |0|0| |13| |0|0| |2|X|N|P|00000000295S| 46380|43671136| 70258092|    |      |15|00|005|N|            |Y|1|00000295|0|00000000|I-295 (SB) 0.15 MI N/O FRANKLIN ON RMP            
S|23|090511|1|1|22|1U|1|T|1|3| |0|0| |13| |0|0| |2|X|N|P|00000000295X|  5110|43660092| 70274514|    |      |15|00|005|N|            |Y|1|00000295|0|00000000|I-295 (NB) 0.35 MI N/O PARK ST ON RAMP            
S|23|090511|1|2|22|1U|1|T|1|3| |0|0| |13| |0|0| |2|X|N|P|00000000295X|  5110|43660092| 70274514|    |      |15|00|005|N|            |Y|1|00000295|0|00000000|I-295 (NB) 0.35 MI N/O PARK ST ON RAMP            
S|23|090516|5|1|22|1U|1|T|1|3| |0|0| |13| |0|0| |2|X|N|P|00000000295S| 47560|43660092| 70274514|    |      |15|00|005|N|            |Y|1|00000295|0|00000000|I-295 (SB) 0.35 MI N/O PARK ST ON RAMP            
S|23|090516|5|2|22|1U|1|T|1|3| |0|0| |13| |0|0| |2|X|N|P|00000000295S| 47560|43660092| 70274514|    |      |15|00|005|N|            |Y|1|00000295|0|00000000|I-295 (SB) 0.35 MI N/O PARK ST ON RAMP            
S|23|090516|5|3|22|1U|1|T|1|3| |0|0| |13| |0|0| |2|X|N|P|00000000295S| 47560|43660092| 70274514|    |      |15|00|005|N|            |Y|1|00000295|0|00000000|I-295 (SB) 0.35 MI N/O PARK ST ON RAMP            
S|23|090703|1|1|22|1U|3|T|3|3|H|0|0| |13| |0|0| |2|X|N|P|00000000295X|  2460|43633144| 70306591|    |      |02|00|005|N|            |Y|1|00000295|0|00000000|I-295 (NB) 1.25 MILE SOUTH OF FORE RIVER BRIDGE   
S|23|090703|1|2|22|1U|3|T|3|3|H|0|0| |13| |0|0| |2|X|N|P|00000000295X|  2460|43633144| 70306591|    |      |02|00|005|N|            |Y|1|00000295|0|00000000|I-295 (NB) 1.25 MILE SOUTH OF FORE RIVER BRIDGE   
S|23|090703|1|3|22|1U|3|T|3|3|H|0|0| |13| |0|0| |2|X|N|P|00000000295X|  2460|43633144| 70306591|    |      |02|00|005|N|            |Y|1|00000295|0|00000000|I-295 (NB) 1.25 MILE SOUTH OF FORE RIVER BRIDGE   
S|23|090704|5|1|22|1U|3|T|3|3|H|0|0| |13| |0|0| |2|X|N|P|00000000295S| 50180|43633144| 70306591|    |      |02|00|005|N|            |Y|1|00000295|0|00000000|I-295 (SB) 1.25 MILE SOUTH OF FORE RIVER BRIDGE   
S|23|090704|5|2|22|1U|3|T|3|3|H|0|0| |13| |0|0| |2|X|N|P|00000000295S| 50180|43633144| 70306591|    |      |02|00|005|N|            |Y|1|00000295|0|00000000|I-295 (SB) 1.25 MILE SOUTH OF FORE RIVER BRIDGE   
S|23|090704|5|3|22|1U|3|T|3|3|H|0|0| |13| |0|0| |2|X|N|P|00000000295S| 50180|43633144| 70306591|    |      |02|00|005|N|            |Y|1|00000295|0|00000000|I-295 (SB) 1.25 MILE SOUTH OF FORE RIVER BRIDGE   
S|23|090723|1|2|22|1U|2|T|2|3|H|2|3|G|15| |0|0| |2|V|L|P|00000000295X|  2660|43634700| 70302250|    |      |02|09|005|Y|000000003062|Y|1|00000295|0|00000000|I-295 (NB) 0.6 MILE SOUTH OF FORE RIVER BRIDGE    
S|23|090744|5|2|22|1U|2|T|2|3|H|2|3|G|15| |0|0| |2|V|L|P|00000000295S| 50030|43634700| 70302250|    |      |02|09|005|N|            |Y|1|00000295|0|00000000|I-295 (SB) 0.6 MILE SOUTH OF FORE RIVER BRIDGE    
S|23|092003|3|1|22|2U|1|T|1|3| |1|0| |15| |0|0| |2|X|N|P|00000005195S|      |43508467| 70416518|    | 86701|89|00|000|N|            |N|1|     195|0|       0|I-195 (EB) E/O OFF RAMP TO US 1 NB                
S|23|092008|7|1|22|2U|2|T|1|3| |2|0| |15| |0|0| |2|X|N|P|00000000005X|      |43508467| 70416518|    | 86701|89|00|000|N|            |N|1|     195|0|       0|I-195 (WB) E/O OFF RAMP TO US 1 NB                
S|23|092008|7|2|22|2U|2|T|1|3| |2|0| |15| |0|0| |2|X|N|P|00000000005X|      |43508467| 70416518|    | 86701|89|00|000|N|            |N|1|     195|0|       0|I-195 (WB) E/O OFF RAMP TO US 1 NB                
S|23|092304|1|1|22|5R|1|T|1|3|N|1|0| |13|N|0|0| |2|L|N|P|            |      |44275767| 69771817|    |      |87|00|000|N|            |N|3|       9|0|        |SR 9 SE/O IR 368 (INTERVAL RD)                    
S|23|092304|8|0|22|5R|1|T|1|3| |0|0| |13| |0|0| |2|L|N|P|00000000009X|124605|44275767| 69771817|    |      |87|00|011|Y|000000000892|N|3|00000009|0|00000000|SR 9 (NWB) 1.4 MILES SOUTH OF AUGUSTA TOWNLINE    
S|23|092314|4|0|22|5R|1|T|1|3| |0|0| |13| |0|0| |2|L|N|P|00000000009X|124605|44275767| 69771817|    |      |87|00|011|Y|000000000892|N|3|00000009|0|00000000|SR 9 (SEB) 1.4 MILES SOUTH OF AUGUSTA TOWNLINE    
S|23|092314|5|1|22|5R|1|T|1|3|N|1|0| |13|N|0|0| |2|L|N|P|0000005X    |      |44275767| 69771817|    |      |87|00|000|N|            |N|3|       9|0|        |SR 9 SE/O IR 368 (INTERVAL RD)                    
S|23|092407|3|0|22|3R|1|T|1|3|H|1|3|G|15| |0|0| |2|P|L|P|00000000302X| 44595|44003870| 70050078|    |      |11|00|005|Y|000000003291|Y|2|00000302|0|        |US 302 (EB) 2.6 MILES EAST OF FRYEBURG TOWNLINE   
S|23|092407|3|1|22|3R|1|T|1|3|H|1|3|G|15| |0|0| |2|P|L|P|00000000302X| 44595|44003870| 70050078|    |      |11|00|005|Y|000000003291|Y|2|00000302|0|        |US 302 (EB) 2.6 MILES EAST OF FRYEBURG TOWNLINE   
S|23|092407|7|0|22|3R|1|T|1|3|H|1|3|G|15| |0|0| |2|P|L|P|00000000302X| 44595|44003870| 70050078|    |      |11|00|005|Y|000000003291|Y|2|00000302|0|        |US 302 (WB) 2.6 MILES EAST OF FRYEBURG TOWNLINE   
S|23|092407|7|1|22|3R|1|T|1|3|H|1|3|G|15| |0|0| |2|P|L|P|00000000302X| 44595|44003870| 70050078|    |      |11|00|005|Y|000000003291|Y|2|00000302|0|        |US 302 (WB) 2.6 MILES EAST OF FRYEBURG TOWNLINE   
S|23|097805|1|1|22|4R|1|T|1|3|H|1|3|G|15| |0|0| |2|P|L|P|00000000201X|      |44407317| 69707650|    |      |02|00|000|N|        2664|N|2|     201|3|     100|SR 100/US 201 (NB) 2.2 MILES NORTH OF AUGUSTA TWLN
S|23|097805|5|1|22|4R|1|T|1|3|H|1|3|G|15| |0|0| |2|P|L|P|00000000201X|      |44407317| 69707650|    |      |02|00|000|N|        2664|N|2|     201|3|     100|SR 100/US 201 (SB) 2.2 MILES NORTH OF AUGUSTA TWLN
S|23|700601|1|0|22|4R|2|T|2|3| |0|0| |13| |0|0| |2|L|N|P|00000000001X| 16005|43263050| 70597983|    |      |65|17|031|Y|000000000158|Y|2|00000001|0|00000000|US 1 (NB) 2.3 MILES SOUTH OF SR 9B                
S|23|700611|5|0|22|4R|1|T|1|3| |0|0| |13| |0|0| |2|L|N|P|00000000001X| 16005|43263050| 70597983|    |      |65|17|031|Y|000000000158|Y|2|00000001|0|00000000|US 1 (SB) 2.3 MILES SOUTH OF SR 9B                
S|23|702600|1|0|22|4R|2|T|2|3| |0|0| |13| |0|0| |2|L|N|P|00000000001X| 16505|43270583| 70597767|    |      |17|00|031|Y|000000000158|Y|2|00000001|0|00000000|US 1 (NB) @ WELLS TOWNLINE                        
S|23|702610|5|0|22|4R|1|T|1|3| |0|0| |13| |0|0| |2|L|N|P|00000000001X| 16505|43270583| 70597767|    |      |17|00|031|Y|000000000158|Y|2|00000001|0|00000000|US 1 (SB) @ WELLS TOWNLINE                        
S|23|830704|8|0|22|5R|1|T|1|3| |0|0| |13| |0|0| |2|L|N|P|00000000193X| 19055|44828900| 68083483|    |      |89|00|009|Y|000000002507|N|3|00000193|0|00000000|SR 193 (NWB) SOUTHEAST OF SR 9                    
S|23|830707|3|1|22|3R|1|T|1|3|H|1|3|G|15| |0|0| |2|P|L|P|00000000009X|232105|44829050| 68087333|    |      |09|00|000|N|         909|N|3|       9|0|       0|SR 9 (EB) WEST OF SR 193                          
S|23|830707|7|1|22|3R|1|T|1|3|H|1|3|G|15| |0|0| |2|P|L|P|00000000009X|232105|44829050| 68087333|    |      |09|00|000|N|         909|N|3|       9|0|       0|SR 9 (WB) WEST OF SR 193                          
S|23|830714|4|0|22|5R|1|T|1|3| |0|0| |13| |0|0| |2|L|N|P|00000000193X| 19055|44828900| 68083483|    |      |89|00|009|Y|000000002507|N|3|00000193|0|00000000|SR 193 (SEB) SOUTHEAST OF SR 9                    
