Record_Type|Year_Record|State_Code|Station_Id|Travel_Dir|Travel_Lane|F_System|Num_Lanes|Sample_Type_Volume|Num_Lanes_Volume|Method_Volume|Sample_Type_Class|Num_Lanes_Class|Method_Class|Algorithm_Volume|Num_Classes|Sample_Type_Truck|Num_Lanes_Truck|Method_Truck|Calibration|Data_Retrieval|Type_Sensor_1|Type_Sensor_2|Primary_Purpose|LRS_Id|LRS_Point|Latitude|Longitude|SHRP_Id|Prev_Station_Id|Year_Established|Year_Discontinued|County_Code|Is_Sample|Sample_Id|NHS|Posted_Route_Signing|Posted_Signed_Route|Con_Route_Signing|Con_Signed_Route|Station_Location
S|27|000008|3|0|22|7R|1|N|1|3|N|0|0| |13| |0|0| |2|P|N|P|000000000000|      |47351753| 96824890|    |      |73|00|054|N|            |N|5|00000050|0|        |E OF TH75 (BRANDT ST) IN HALSTAD                  
S|27|000008|7|0|22|7R|1|N|1|3|N|0|0| |13| |0|0| |2|P|N|P|000000000000|      |47351753| 96824890|    |      |73|00|054|N|            |N|5|00000050|0|        |E OF TH75 (BRANDT ST) IN HALSTAD                  
S|27|000026|1|1|22|1R|2|N|2|3|N|2|3|M|15|T|2|5|C|2|Q|L|L|000100000035|      |43919677| 93276910|0000|000000|03|00|147|Y|000035026643|Y|1|00000035|0|00000000|South_of_Owatonna_MN                              
S|27|000026|1|2|22|1R|2|N|2|3|N|2|3|M|15|T|2|5|C|2|Q|L|L|000100000035|      |43919677| 93276910|0000|000000|03|00|147|Y|000035026643|Y|1|00000035|0|00000000|South_of_Owatonna_MN                              
S|27|000026|5|1|22|1R|2|N|2|3|N|2|3|M|15|T|2|5|C|2|Q|L|L|000100000035|      |43919677| 93276910|0000|000000|03|00|147|Y|000035026643|Y|1|00000035|0|00000000|South_of_Owatonna_MN                              
S|27|000026|5|2|22|1R|2|N|2|3|N|2|3|M|15|T|2|5|C|2|Q|L|L|000100000035|      |43919677| 93276910|0000|000000|03|00|147|Y|000035026643|Y|1|00000035|0|00000000|South_of_Owatonna_MN                              
S|27|000027|3|1|22|3R|2|N|2|3|N|2|3|M|15|T|2|5|C|2|Q|L|L|200000000600| 64108|43964700| 94691996|0000|000000|04|00|165|N|            |N|3|00000060|0|00000000|Near_St_James_MN                                  
S|27|000027|3|2|22|3R|2|N|2|3|N|2|3|M|15|T|2|5|C|2|Q|L|L|200000000600| 64108|43964700| 94691996|0000|000000|04|00|165|N|            |N|3|00000060|0|00000000|Near_St_James_MN                                  
S|27|000027|7|1|22|3R|2|N|2|3|N|2|3|M|15|T|2|5|C|2|Q|L|L|200000000600| 64108|43964700| 94691996|0000|000000|04|00|165|N|            |N|3|00000060|0|00000000|Near_St_James_MN                                  
S|27|000027|7|2|22|3R|2|N|2|3|N|2|3|M|15|T|2|5|C|2|Q|L|L|200000000600| 64108|43964700| 94691996|0000|000000|04|00|165|N|            |N|3|00000060|0|00000000|Near_St_James_MN                                  
S|27|000028|3|1|22|4U|1|T|1|3|H|1|3|G|13| |0|0| |2|L|N|P|000000000000|      |45558554| 94182309|    |      |75|00|073|N|            |N|7|00000114|0|        |W OF 20TH AVE N IN ST CLOUD                       
S|27|000028|7|1|22|4U|1|T|1|3|H|1|3|G|13| |0|0| |2|L|N|P|000000000000|      |45558554| 94182309|    |      |75|00|073|N|            |N|7|00000114|0|        |W OF 20TH AVE N IN ST CLOUD                       
S|27|000029|1|1|22|3R|2|N|2|3|N|2|3|M|15|T|2|5|C|2|Q|L|L|002000000530| 42100|47212926| 92488036|0000|000000|04|00|137|Y|02269B0053BI|Y|2|00000053|0|00000000|Near_Cotton_MN                                    
S|27|000029|1|2|22|3R|2|N|2|3|N|2|3|M|15|T|2|5|C|2|Q|L|L|002000000530| 42100|47212926| 92488036|0000|000000|04|00|137|Y|02269B0053BI|Y|2|00000053|0|00000000|Near_Cotton_MN                                    
S|27|000029|5|1|22|3R|2|N|2|3|N|2|3|M|15|T|2|5|C|2|Q|L|L|002000000530| 42100|47212926| 92488036|0000|000000|04|00|137|Y|02269B0053BI|Y|2|00000053|0|00000000|Near_Cotton_MN                                    
S|27|000029|5|2|22|3R|2|N|2|3|N|2|3|M|15|T|2|5|C|2|Q|L|L|002000000530| 42100|47212926| 92488036|0000|000000|04|00|137|Y|02269B0053BI|Y|2|00000053|0|00000000|Near_Cotton_MN                                    
S|27|000030|1|1|22|3R|2|N|2|3|N|2|3|M|15|T|2|5|C|2|Q|L|L|003000000610| 16300|46934774| 91820453|0000|000000|12|00|075|N|            |Y|3|00000061|0|00000000|South_of_Two_Harbors_MN                           
S|27|000030|1|2|22|3R|2|N|2|3|N|2|3|M|15|T|2|5|C|2|Q|L|L|003000000610| 16300|46934774| 91820453|0000|000000|12|00|075|N|            |Y|3|00000061|0|00000000|South_of_Two_Harbors_MN                           
S|27|000030|5|1|22|3R|2|N|2|3|N|2|3|M|15|T|2|5|C|2|Q|L|L|003000000610| 16300|46934774| 91820453|0000|000000|12|00|075|N|            |Y|3|00000061|0|00000000|South_of_Two_Harbors_MN                           
S|27|000030|5|2|22|3R|2|N|2|3|N|2|3|M|15|T|2|5|C|2|Q|L|L|003000000610| 16300|46934774| 91820453|0000|000000|12|00|075|N|            |Y|3|00000061|0|00000000|South_of_Two_Harbors_MN                           
S|27|000031|4|1|22|3R|2|N|2|3|N|2|3|M|15|T|2|5|C|2|Q|L|L|000200000002|  8000|47880250| 96917350|0000|000000|06|00|119|N|            |Y|2|00000002|0|00000000|Near_EGFFisher_MN                                 
S|27|000031|4|2|22|3R|2|N|2|3|N|2|3|M|15|T|2|5|C|2|Q|L|L|000200000002|  8000|47880250| 96917350|0000|000000|06|00|119|N|            |Y|2|00000002|0|00000000|Near_EGFFisher_MN                                 
S|27|000031|8|1|22|3R|2|N|2|3|N|2|3|M|15|T|2|5|C|2|Q|L|L|000200000002|  8000|47880250| 96917350|0000|000000|06|00|119|N|            |Y|2|00000002|0|00000000|Near_EGFFisher_MN                                 
S|27|000031|8|2|22|3R|2|N|2|3|N|2|3|M|15|T|2|5|C|2|Q|L|L|000200000002|  8000|47880250| 96917350|0000|000000|06|00|119|N|            |Y|2|00000002|0|00000000|Near_EGFFisher_MN                                 
S|27|000032|1|1|22|3R|2|N|2|3|N|2|3|M|15|T|2|5|C|2|Q|L|L|000200000052| 66000|44154160| 92533333|0000|000000|07|00|109|N|            |Y|2|00000052|0|00000000|Near_Oronoco_MN                                   
S|27|000032|1|2|22|3R|2|N|2|3|N|2|3|M|15|T|2|5|C|2|Q|L|L|000200000052| 66000|44154160| 92533333|0000|000000|07|00|109|N|            |Y|2|00000052|0|00000000|Near_Oronoco_MN                                   
S|27|000032|5|1|22|3R|2|N|2|3|N|2|3|M|15|T|2|5|C|2|Q|L|L|000200000052| 66000|44154160| 92533333|0000|000000|07|00|109|N|            |Y|2|00000052|0|00000000|Near_Oronoco_MN                                   
S|27|000032|5|2|22|3R|2|N|2|3|N|2|3|M|15|T|2|5|C|2|Q|L|L|000200000052| 66000|44154160| 92533333|0000|000000|07|00|109|N|            |Y|2|00000052|0|00000000|Near_Oronoco_MN                                   
S|27|000033|3|1|22|3R|1|N|1|3|N|1|3|M|15|T|1|5|C|2|Q|L|L|000200000212| 78450|44774662| 94960495|0000|000000|06|00|129|N|            |Y|2|00000212|0|00000000|East_of_Olivia_MN                                 
S|27|000033|7|1|22|3R|1|N|1|3|N|1|3|M|15|T|1|5|C|2|Q|L|L|000200000212| 78450|44774662| 94960495|0000|000000|06|00|129|N|            |Y|2|00000212|0|00000000|East_of_Olivia_MN                                 
S|27|000034|1|1|22|3R|1|N|1|3|N|1|3|M|15|T|1|5|C|2|Q|L|L|000300000023|122100|44928183| 95423060|0000|000000|06|00|023|Y|02269B0053BI|N|3|00000023|0|00000000|South_of_Clara_City_MN                            
S|27|000034|5|1|22|3R|1|N|1|3|N|1|3|M|15|T|1|5|C|2|Q|L|L|000300000023|122100|44928183| 95423060|0000|000000|06|00|023|Y|02269B0053BI|N|3|00000023|0|00000000|South_of_Clara_City_MN                            
S|27|000035|3|1|22|3R|2|N|2|3|N|2|3|M|15|T|2|5|C|2|Q|L|L|000200000002| 91800|47530071| 95330017|0000|000000|06|00|029|N|            |Y|2|00000002|0|00000000|East_of_Bagley_MN                                 
S|27|000035|3|2|22|3R|2|N|2|3|N|2|3|M|15|T|2|5|C|2|Q|L|L|000200000002| 91800|47530071| 95330017|0000|000000|06|00|029|N|            |Y|2|00000002|0|00000000|East_of_Bagley_MN                                 
S|27|000035|7|1|22|3R|2|N|2|3|N|2|3|M|15|T|2|5|C|2|Q|L|L|000200000002| 91800|47530071| 95330017|0000|000000|06|00|029|N|            |Y|2|00000002|0|00000000|East_of_Bagley_MN                                 
S|27|000035|7|2|22|3R|2|N|2|3|N|2|3|M|15|T|2|5|C|2|Q|L|L|000200000002| 91800|47530071| 95330017|0000|000000|06|00|029|N|            |Y|2|00000002|0|00000000|East_of_Bagley_MN                                 
S|27|000036|3|1|22|3U|2|N|2|3|N|2|3|M|15|T|2|5|C|2|Q|L|L|000300000036| 14983|45035567| 92898783|0000|000000|08|00|163|Y|000094196269|N|3|00000036|0|00000000|West_of_Stillwater_MN                             
S|27|000036|3|2|22|3U|2|N|2|3|N|2|3|M|15|T|2|5|C|2|Q|L|L|000300000036| 14983|45035567| 92898783|0000|000000|08|00|163|Y|000094196269|N|3|00000036|0|00000000|West_of_Stillwater_MN                             
S|27|000036|7|1|22|3U|2|N|2|3|N|2|3|M|15|T|2|5|C|2|Q|L|L|000300000036| 14983|45035567| 92898783|0000|000000|08|00|163|Y|000094196269|N|3|00000036|0|00000000|West_of_Stillwater_MN                             
S|27|000036|7|2|22|3U|2|N|2|3|N|2|3|M|15|T|2|5|C|2|Q|L|L|000300000036| 14983|45035567| 92898783|0000|000000|08|00|163|Y|000094196269|N|3|00000036|0|00000000|West_of_Stillwater_MN                             
S|27|000037|7|1|22|1R|2|N|2|3|N|2|3|M|15|T|2|5|C|2|Q|L|L|001000000942|200086|45249333| 93685283|0000|000000|02|00|171|Y|000094196269|Y|1|00000094|0|00000000|MnROAD_Site_Near_Albertville_MN                   
S|27|000037|7|2|22|1R|2|N|2|3|N|2|3|M|15|T|2|5|C|2|Q|L|L|001000000942|200086|45249333| 93685283|0000|000000|02|00|171|Y|000094196269|Y|1|00000094|0|00000000|MnROAD_Site_Near_Albertville_MN                   
S|27|000037|8|1|22|1R|2|N|2|3|N|2|3|M|15|T|2|5|C|2|Q|L|L|000100000094|200086|45249333| 93685283|0000|000000|02|00|171|Y|000094196269|Y|1|00000094|0|00000000|MnROAD_Site_Near_Albertville_MN                   
S|27|000037|8|2|22|1R|2|N|2|3|N|2|3|M|15|T|2|5|C|2|Q|L|L|000100000094|200086|45249333| 93685283|0000|000000|02|00|171|Y|000094196269|Y|1|00000094|0|00000000|MnROAD_Site_Near_Albertville_MN                   
S|27|000038|1|1|22|1U|2|N|2|3|N|2|3|M|15|T|2|5|C|2|Q|L|L|000100000535|  1053|46761567| 92115200|0000|000000|09|00|137|Y|31169A0535AB|Y|1|00000535|0|00000000|North_of_Blatnik_Bridge_in_Duluth_MN              
S|27|000038|1|2|22|1U|2|N|2|3|N|2|3|M|15|T|2|5|C|2|Q|L|L|000100000535|  1053|46761567| 92115200|0000|000000|09|00|137|Y|31169A0535AB|Y|1|00000535|0|00000000|North_of_Blatnik_Bridge_in_Duluth_MN              
S|27|000038|5|1|22|1U|2|N|2|3|N|2|3|M|15|T|2|5|C|2|Q|L|L|000100000535|  1053|46761567| 92115200|0000|000000|09|00|137|Y|31169A0535AB|Y|1|00000535|0|00000000|North_of_Blatnik_Bridge_in_Duluth_MN              
S|27|000038|5|2|22|1U|2|N|2|3|N|2|3|M|15|T|2|5|C|2|Q|L|L|000100000535|  1053|46761567| 92115200|0000|000000|09|00|137|Y|31169A0535AB|Y|1|00000535|0|00000000|North_of_Blatnik_Bridge_in_Duluth_MN              
S|27|000039|1|1|22|3U|1|N|1|3|N|1|3|M|15|T|1|5|C|2|Q|L|L|000300000043| 45245|44061783| 91637550|0000|000000|09|00|169|N|            |N|3|00000043|0|00000000|N_of_Bridge_5900_&_S_of_Bridge_5930_in_Winona_MN  
S|27|000039|5|1|22|3U|1|N|1|3|N|1|3|M|15|T|1|5|C|2|Q|L|L|000300000043| 45245|44061783| 91637550|0000|000000|09|00|169|N|            |N|3|00000043|0|00000000|N_of_Bridge_5900_&_S_of_Bridge_5930_in_Winona_MN  
S|27|000040|1|1|22|2U|2|N|2|3|N|2|3|M|15|T|2|5|C|2|Q|L|L|000200000052|126677|44892033| 93066500|0000|000000|09|00|037|Y|62119C0003BH|Y|2|00000052|0|00000000|S_of_Lafayette_Bridge_in_South_Saint_Paul_MN      
S|27|000040|1|2|22|2U|2|N|2|3|N|2|3|M|15|T|2|5|C|2|Q|L|L|000200000052|126677|44892033| 93066500|0000|000000|09|00|037|Y|62119C0003BH|Y|2|00000052|0|00000000|S_of_Lafayette_Bridge_in_South_Saint_Paul_MN      
S|27|000040|5|1|22|2U|2|N|2|3|N|2|3|M|15|T|2|5|C|2|Q|L|L|000200000052|126677|44892033| 93066500|0000|000000|09|00|037|Y|62119C0003BH|Y|2|00000052|0|00000000|S_of_Lafayette_Bridge_in_South_Saint_Paul_MN      
S|27|000040|5|2|22|2U|2|N|2|3|N|2|3|M|15|T|2|5|C|2|Q|L|L|000200000052|126677|44892033| 93066500|0000|000000|09|00|037|Y|62119C0003BH|Y|2|00000052|0|00000000|S_of_Lafayette_Bridge_in_South_Saint_Paul_MN      
S|27|000041|1|1|22|5R|1|N|1|3|N|1|3|M|15|T|1|5|C|2|Q|L|L|000460000014| 14850|47706400| 96631983|0000|000000|10|00|119|N|            |N|5|00000014|0|00000000|2.6_mi_S_of_TH75_S_of_Crookston_MN                
S|27|000041|5|1|22|5R|1|N|1|3|N|1|3|M|15|T|1|5|C|2|Q|L|L|000460000014| 14850|47706400| 96631983|0000|000000|10|00|119|N|            |N|5|00000014|0|00000000|2.6_mi_S_of_TH75_S_of_Crookston_MN                
S|27|000042|1|1|22|3R|2|N|2|3|N|2|3|M|15|T|2|5|C|2|Q|L|L|   200000061|119644|44773680| 92862880|   0|     0|10|00|163|N|            |N|2|      61|2|      10|0.2_mi_N_of_TH10                                  
S|27|000042|1|2|22|3R|2|N|2|3|N|2|3|M|15|T|2|5|C|2|Q|L|L|   200000061|119644|44773680| 92862880|   0|     0|10|00|163|N|            |N|2|      61|2|      10|0.2_mi_N_of_TH10                                  
S|27|000042|5|1|22|3R|2|N|2|3|N|2|3|M|15|T|2|5|C|2|Q|L|L|   200000061|119644|44773680| 92862880|   0|     0|10|00|163|N|            |N|2|      61|2|      10|0.2_mi_N_of_TH10                                  
S|27|000042|5|2|22|3R|2|N|2|3|N|2|3|M|15|T|2|5|C|2|Q|L|L|   200000061|119644|44773680| 92862880|   0|     0|10|00|163|N|            |N|2|      61|2|      10|0.2_mi_N_of_TH10                                  
S|27|000042|5|3|22|3R|2|N|2|3|N|2|3|M|15|T|2|5|C|2|Q|L|L|   200000061|119644|44773680| 92862880|   0|     0|10|00|163|N|            |N|2|      61|2|      10|0.2_mi_N_of_TH10                                  
S|27|000042|5|4|22|3R|2|N|2|3|N|2|3|M|15|T|2|5|C|2|Q|L|L|   200000061|119644|44773680| 92862880|   0|     0|10|00|163|N|            |N|2|      61|2|      10|0.2_mi_N_of_TH10                                  
S|27|000043|3|1|22|3R|2|N|2|3|N|2|3|M|15|T|2|5|C|2|Q|L|L|   200000010|      |46876772| 96616969|   0|     0|10|00|000|N|            |N|2|      10|0|       0|2.5_mi_E_of_County_11                             
S|27|000043|3|2|22|3R|2|N|2|3|N|2|3|M|15|T|2|5|C|2|Q|L|L|   200000010|      |46876772| 96616969|   0|     0|10|00|000|N|            |N|2|      10|0|       0|2.5_mi_E_of_County_11                             
S|27|000043|7|1|22|3R|2|N|2|3|N|2|3|M|15|T|2|5|C|2|Q|L|L|   200000010|      |46876772| 96616969|   0|     0|10|00|000|N|            |N|2|      10|0|       0|2.5_mi_E_of_County_11                             
S|27|000043|7|2|22|3R|2|N|2|3|N|2|3|M|15|T|2|5|C|2|Q|L|L|   200000010|      |46876772| 96616969|   0|     0|10|00|000|N|            |N|2|      10|0|       0|2.5_mi_E_of_County_11                             
S|27|000043|7|3|22|3R|2|N|2|3|N|2|3|M|15|T|2|5|C|2|Q|L|L|   200000010|      |46876772| 96616969|   0|     0|10|00|000|N|            |N|2|      10|0|       0|2.5_mi_E_of_County_11                             
S|27|000043|7|4|22|3R|2|N|2|3|N|2|3|M|15|T|2|5|C|2|Q|L|L|   200000010|      |46876772| 96616969|   0|     0|10|00|000|N|            |N|2|      10|0|       0|2.5_mi_E_of_County_11                             
S|27|000044|3|1|22|4R|1|N|1|3|N|1|3|M|15|T|1|5|C|2|Q|L|L|   418000001|      |46737971| 94196681|   0|     0|14|00|000|N|            |N|6|       1|0|       0|W_of_CR134_W_of_Manhattan_Beach                   
S|27|000044|7|1|22|4R|1|N|1|3|N|1|3|M|15|T|1|5|C|2|Q|L|L|   418000001|      |46737971| 94196681|   0|     0|14|00|000|N|            |N|6|       1|0|       0|W_of_CR134_W_of_Manhattan_Beach                   
S|27|000044|7|2|22|4R|1|N|1|3|N|1|3|M|15|T|1|5|C|2|Q|L|L|   418000001|      |46737971| 94196681|   0|     0|14|00|000|N|            |N|6|       1|0|       0|W_of_CR134_W_of_Manhattan_Beach                   
S|27|000045|3|1|22|3U|1|N|1|3|N|1|3|M|15|T|1|5|C|2|Q|L|L|   402000014|      |45196803| 93176725|   0|     0|14|00|000|N|            |N|5|      14|0|       0|.7_mi_W_of_CSAH14(Lexington_Ave_NE)_in_Blaine_MN  
S|27|000045|7|1|22|3U|1|N|1|3|N|1|3|M|15|T|1|5|C|2|Q|L|L|   402000014|      |45196803| 93176725|   0|     0|14|00|000|N|            |N|5|      14|0|       0|.7_mi_W_of_CSAH14(Lexington_Ave_NE)_in_Blaine_MN  
S|27|000045|7|2|22|3U|1|N|1|3|N|1|3|M|15|T|1|5|C|2|Q|L|L|   402000014|      |45196803| 93176725|   0|     0|14|00|000|N|            |N|5|      14|0|       0|.7_mi_W_of_CSAH14(Lexington_Ave_NE)_in_Blaine_MN  
S|27|000046|1|1|22|5R|1|N|1|3|N|1|3|M|15|T|1|5|C|2|Q|L|L|   420000001|      |44145848| 93005868|   0|     0|14|00|000|N|            |N|4|       1|0|       0|.5_mi_S_of_CSAH24_W_of_West_Concord_MN            
S|27|000046|5|1|22|5R|1|N|1|3|N|1|3|M|15|T|1|5|C|2|Q|L|L|   420000001|      |44145848| 93005868|   0|     0|14|00|000|N|            |N|4|       1|0|       0|.5_mi_S_of_CSAH24_W_of_West_Concord_MN            
S|27|000046|5|2|22|5R|1|N|1|3|N|1|3|M|15|T|1|5|C|2|Q|L|L|   420000001|      |44145848| 93005868|   0|     0|14|00|000|N|            |N|4|       1|0|       0|.5_mi_S_of_CSAH24_W_of_West_Concord_MN            
S|27|000047|7|1|22|3U|2|N|2|3|N|2|3|M|15|T|2|5|C|2|Q|L|L|  3000000360|202976|45035783| 92810890|   0|     0|17|00|163|N|    94196269|N|1|      36|0|       0|.2 MI W OF CSAH24 (OSGOOD AVE N) IN OAK PARK HEIGH
S|27|000047|7|2|22|3U|2|N|2|3|N|2|3|M|15|T|2|5|C|2|Q|L|L|  3000000360|202976|45035783| 92810890|   0|     0|17|00|163|N|    94196269|N|1|      36|0|       0|.2 MI W OF CSAH24 (OSGOOD AVE N) IN OAK PARK HEIGH
S|27|000048|1|1|22|5R|1|N|1|3|N|1|3|M|15|T|1|5|C|2|Q|L|L|  4170000050|      |44072151| 95320854|   0|     0|17|00|000|N|            |N|5|       5|0|       0|.4_MI_N_OF_CR53_N_OF_STORDEN                      
S|27|000048|5|1|22|5R|1|N|1|3|N|1|3|M|15|T|1|5|C|2|Q|L|L|  4170000050|      |44072151| 95320854|   0|     0|17|00|000|N|            |N|5|       5|0|       0|.4_MI_N_OF_CR53_N_OF_STORDEN                      
S|27|000048|5|2|22|5R|1|N|1|3|N|1|3|M|15|T|1|5|C|2|Q|L|L|  4170000050|      |44072151| 95320854|   0|     0|17|00|000|N|            |N|5|       5|0|       0|.4_MI_N_OF_CR53_N_OF_STORDEN                      
S|27|000049|3|1|22|1U|2|N|2|3|N|2|3|M|15|T|2|5|C|2|Q|L|L|  1000000904|      |43639005| 95615747|   0|     0|17|00|105|N|         518|N|1|      90|0|       0|.4_MI_E_OF_CSAH25_(DIAGONAL RD)_IN_WORTHINGTON    
S|27|000049|3|2|22|1U|2|N|2|3|N|2|3|M|15|T|2|5|C|2|Q|L|L|  1000000904|      |43639005| 95615747|   0|     0|17|00|105|N|         518|N|1|      90|0|       0|.4_MI_E_OF_CSAH25_(DIAGONAL RD)_IN_WORTHINGTON    
S|27|000049|7|1|22|1U|2|N|2|3|N|2|3|M|15|T|2|5|C|2|Q|L|L|  1000000904|      |43639005| 95615747|   0|     0|17|00|105|N|         518|N|1|      90|0|       0|.4_MI_E_OF_CSAH25_(DIAGONAL RD)_IN_WORTHINGTON    
S|27|000049|7|2|22|1U|2|N|2|3|N|2|3|M|15|T|2|5|C|2|Q|L|L|  1000000904|      |43639005| 95615747|   0|     0|17|00|105|N|         518|N|1|      90|0|       0|.4_MI_E_OF_CSAH25_(DIAGONAL RD)_IN_WORTHINGTON    
S|27|000049|7|3|22|1U|2|N|2|3|N|2|3|M|15|T|2|5|C|2|Q|L|L|  1000000904|      |43639005| 95615747|   0|     0|17|00|105|N|         518|N|1|      90|0|       0|.4_MI_E_OF_CSAH25_(DIAGONAL RD)_IN_WORTHINGTON    
S|27|000049|7|4|22|1U|2|N|2|3|N|2|3|M|15|T|2|5|C|2|Q|L|L|  1000000904|      |43639005| 95615747|   0|     0|17|00|105|N|         518|N|1|      90|0|       0|.4_MI_E_OF_CSAH25_(DIAGONAL RD)_IN_WORTHINGTON    
S|27|000051|3|1|22|5R|1|T|1|3|H|1|3|G|13| |0|0| |2|P|N|P|000000000000|      |47007616| 95104949|    |      |74|00|029|N|            |N|5|00000040|0|        |E OF TH71, N OF PARK RAPIDS                       
S|27|000051|7|1|22|5R|1|T|1|3|H|1|3|G|13| |0|0| |2|P|N|P|000000000000|      |47007616| 95104949|    |      |74|00|029|N|            |N|5|00000040|0|        |E OF TH71, N OF PARK RAPIDS                       
S|27|000054|1|0|22|5R|1|N|1|3|Y|1|3|G|14| |0|0| |2|L|N|P|000000000000|      |44145848| 93005868|    |      |75|15|020|N|            |N|5|00000001|0|        |.5 MI S OF CSAH24, W OF WEST CONCORD              
S|27|000054|5|0|22|5R|1|N|1|3|Y|1|3|G|14| |0|0| |2|L|N|P|000000000000|      |44145848| 93005868|    |      |75|15|020|N|            |N|5|00000001|0|        |.5 MI S OF CSAH24, W OF WEST CONCORD              
S|27|000055|3|0|22|4R|1|N|1|3|Y|1|3|G|14| |0|0| |2|P|N|P|000000000000|      |46738056| 94196959|    |      |74|14|018|N|            |N|5|00000001|0|        |W OF CR134, W OF MANHATTAN BEACH                  
S|27|000055|7|0|22|4R|1|N|1|3|Y|1|3|G|14| |0|0| |2|P|N|P|000000000000|      |46738056| 94196959|    |      |74|14|018|N|            |N|5|00000001|0|        |W OF CR134, W OF MANHATTAN BEACH                  
S|27|000056|1|0|22|5R|1|N|1|3|N|0|0| |13| |0|0| |2|P|N|P|000000000000|      |44072162| 95321064|    |      |75|00|017|N|            |N|5|00000005|0|        |.4 MI N OF CR53, N OF STORDEN                     
S|27|000056|5|0|22|5R|1|N|1|3|N|0|0| |13| |0|0| |2|P|N|P|000000000000|      |44072162| 95321064|    |      |75|00|017|N|            |N|5|00000005|0|        |.4 MI N OF CR53, N OF STORDEN                     
S|27|000059|3|1|22|1R|2|N|2|3|N|2|3|M|15|T|2|5|C|2|Q|L|L|000100000090|279891|43857853| 91299203|0000|000000|17|00|169|N|            |Y|1|00000090|0|00000000|3_MI_E_OF_TH61_N_OF_LA_CRESCENT                   
S|27|000059|3|2|22|1R|2|N|2|3|N|2|3|M|15|T|2|5|C|2|Q|L|L|000100000090|279891|43857853| 91299203|0000|000000|17|00|169|N|            |Y|1|00000090|0|00000000|3_MI_E_OF_TH61_N_OF_LA_CRESCENT                   
S|27|000061|7|1|22|1R|2|N|2|3|N|2|3|M|15|T|2|5|C|2|Q|L|L|000100000090|279891|43857965| 91299282|0000|000000|17|00|169|N|            |Y|1|00000090|0|00000000|3_MI_E_OF_TH61_N_OF_LA_CRESCENT                   
S|27|000061|7|2|22|1R|2|N|2|3|N|2|3|M|15|T|2|5|C|2|Q|L|L|000100000090|279891|43857965| 91299282|0000|000000|17|00|169|N|            |Y|1|00000090|0|00000000|3_MI_E_OF_TH61_N_OF_LA_CRESCENT                   
S|27|000101|1|0|22|1U|2|N|2|3|Y|2|3|G|14| |0|0| |2|P|N|P|000000000000|      |46761593| 92115119|    |      |75|13|069|N|            |N|1|00000535|0|        |SW OF MSAS149 (GARFIELD AVE) IN DULUTH            
S|27|000101|5|0|22|1U|2|N|2|3|Y|2|3|G|14| |0|0| |2|P|N|P|000000000000|      |46761593| 92115119|    |      |75|13|069|N|            |N|1|00000535|0|        |SW OF MSAS149 (GARFIELD AVE) IN DULUTH            
S|27|000103|1|1|22|1U|2|T|2|3|H|2|3|G|13| |0|0| |2|L|N|P|000000000000|      |46737445| 92161891|    |      |73|00|069|N|            |N|1|00000035|0|        |E OF MSAS107 (CENTRAL AVE) IN                     
S|27|000103|1|2|22|1U|2|T|2|3|H|2|3|G|13| |0|0| |2|L|N|P|000000000000|      |46737445| 92161891|    |      |73|00|069|N|            |N|1|00000035|0|        |E OF MSAS107 (CENTRAL AVE) IN                     
S|27|000103|5|1|22|1U|2|T|2|3|H|2|3|G|13| |0|0| |2|L|N|P|000000000000|      |46737445| 92161891|    |      |73|00|069|N|            |N|1|00000035|0|        |E OF MSAS107 (CENTRAL AVE) IN                     
S|27|000103|5|2|22|1U|2|T|2|3|H|2|3|G|13| |0|0| |2|L|N|P|000000000000|      |46737445| 92161891|    |      |73|00|069|N|            |N|1|00000035|0|        |E OF MSAS107 (CENTRAL AVE) IN                     
S|27|000110|1|1|22|3U|2|T|2|3|N|0|0| |13| |0|0| |2|L|N|P|000000000000|      |46807154| 92161544|    |      |77|00|069|N|            |N|2|00000053|0|        |SE OF CSAH6 (MAPLE GROVE RD) I                    
S|27|000110|1|2|22|3U|2|T|2|3|N|0|0| |13| |0|0| |2|L|N|P|000000000000|      |46807154| 92161544|    |      |77|00|069|N|            |N|2|00000053|0|        |SE OF CSAH6 (MAPLE GROVE RD) I                    
S|27|000110|5|1|22|3U|2|T|2|3|N|0|0| |13| |0|0| |2|L|N|P|000000000000|      |46807154| 92161544|    |      |77|00|069|N|            |N|2|00000053|0|        |SE OF CSAH6 (MAPLE GROVE RD) I                    
S|27|000110|5|2|22|3U|2|T|2|3|N|0|0| |13| |0|0| |2|L|N|P|000000000000|      |46807154| 92161544|    |      |77|00|069|N|            |N|2|00000053|0|        |SE OF CSAH6 (MAPLE GROVE RD) I                    
S|27|000164|1|1|22|3R|2|T|2|3|H|2|3|G|13| |0|0| |2|P|N|P|000000000000|      |47386478| 92517191|    |      |41|00|069|N|            |N|2|00000053|0|        |S OF N MOON LAKE RD, S OF EVEL                    
S|27|000164|1|2|22|3R|2|T|2|3|H|2|3|G|13| |0|0| |2|P|N|P|000000000000|      |47386478| 92517191|    |      |41|00|069|N|            |N|2|00000053|0|        |S OF N MOON LAKE RD, S OF EVEL                    
S|27|000164|5|1|22|3R|2|T|2|3|H|2|3|G|13| |0|0| |2|P|N|P|000000000000|      |47386478| 92517191|    |      |41|00|069|N|            |N|2|00000053|0|        |S OF N MOON LAKE RD, S OF EVEL                    
S|27|000164|5|2|22|3R|2|T|2|3|H|2|3|G|13| |0|0| |2|P|N|P|000000000000|      |47386478| 92517191|    |      |41|00|069|N|            |N|2|00000053|0|        |S OF N MOON LAKE RD, S OF EVEL                    
S|27|000170|3|0|22|3R|2|N|2|3|N|0|0| |13| |0|0| |2|L|N|P|000000000000|      |47529005| 95492388|    |      |41|00|015|N|            |N|2|00000002|0|        |W OF CSAH20, W OF BAGLEY                          
S|27|000170|7|0|22|3R|2|N|2|3|N|0|0| |13| |0|0| |2|L|N|P|000000000000|      |47529005| 95492388|    |      |41|00|015|N|            |N|2|00000002|0|        |W OF CSAH20, W OF BAGLEY                          
S|27|000175|3|1|22|3R|2|T|2|3|H|2|3|G|13| |0|0| |2|P|N|P|000000000000|      |45712272| 94927561|    |      |41|00|073|N|            |N|1|00000094|0|        |E OF CR186, SE OF SAUK CENTRE                     
S|27|000175|3|2|22|3R|2|T|2|3|H|2|3|G|13| |0|0| |2|P|N|P|000000000000|      |45712272| 94927561|    |      |41|00|073|N|            |N|1|00000094|0|        |E OF CR186, SE OF SAUK CENTRE                     
S|27|000175|7|1|22|3R|2|T|2|3|H|2|3|G|13| |0|0| |2|P|N|P|000000000000|      |45712272| 94927561|    |      |41|00|073|N|            |N|1|00000094|0|        |E OF CR186, SE OF SAUK CENTRE                     
S|27|000175|7|2|22|3R|2|T|2|3|H|2|3|G|13| |0|0| |2|P|N|P|000000000000|      |45712272| 94927561|    |      |41|00|073|N|            |N|1|00000094|0|        |E OF CR186, SE OF SAUK CENTRE                     
S|27|000179|1|1|22|3R|1|T|1|3|H|1|3|G|13| |0|0| |2|P|N|P|000000000000|      |44210317| 95754850|    |      |41|00|042|N|            |N|2|00000059|0|        |AT CSAH14 (110TH ST), NEAR GAR                    
S|27|000179|5|1|22|3R|1|T|1|3|H|1|3|G|13| |0|0| |2|P|N|P|000000000000|      |44210317| 95754850|    |      |41|00|042|N|            |N|2|00000059|0|        |AT CSAH14 (110TH ST), NEAR GAR                    
S|27|000187|1|1|22|3R|2|T|2|3|H|2|3|G|13| |0|0| |2|P|N|P|000000000000|      |45781399| 94247335|    |      |41|00|005|N|            |N|2|00000010|0|        |.8 MI S OF CR40 (155TH ST NW),                    
S|27|000187|1|2|22|3R|2|T|2|3|H|2|3|G|13| |0|0| |2|P|N|P|000000000000|      |45781399| 94247335|    |      |41|00|005|N|            |N|2|00000010|0|        |.8 MI S OF CR40 (155TH ST NW),                    
S|27|000187|5|1|22|3R|2|T|2|3|H|2|3|G|13| |0|0| |2|P|N|P|000000000000|      |45781399| 94247335|    |      |41|00|005|N|            |N|2|00000010|0|        |.8 MI S OF CR40 (155TH ST NW),                    
S|27|000187|5|2|22|3R|2|T|2|3|H|2|3|G|13| |0|0| |2|P|N|P|000000000000|      |45781399| 94247335|    |      |41|00|005|N|            |N|2|00000010|0|        |.8 MI S OF CR40 (155TH ST NW),                    
S|27|000188|1|0|22|3R|2|N|2|3|N|0|0| |13| |0|0| |2|L|N|P|000000000000|      |44149471| 92530065|    |      |41|13|055|N|            |N|2|00000052|0|        |.25 MI N OF CSAH12 (100TH ST NW), S OF ORONOCO    
S|27|000188|5|0|22|3R|2|N|2|3|N|0|0| |13| |0|0| |2|L|N|P|000000000000|      |44149471| 92530065|    |      |41|13|055|N|            |N|2|00000052|0|        |.25 MI N OF CSAH12 (100TH ST NW), S OF ORONOCO    
S|27|000191|1|1|22|1U|2|T|2|3|H|2|3|G|13| |0|0| |2|P|N|P|000000000000|      |45354727| 92998765|    |      |69|00|013|N|            |N|1|00000035|0|        |1.5 MI N OF CSAH22 (E VIKING B                    
S|27|000191|1|2|22|1U|2|T|2|3|H|2|3|G|13| |0|0| |2|P|N|P|000000000000|      |45354727| 92998765|    |      |69|00|013|N|            |N|1|00000035|0|        |1.5 MI N OF CSAH22 (E VIKING B                    
S|27|000191|5|1|22|1U|2|T|2|3|H|2|3|G|13| |0|0| |2|P|N|P|000000000000|      |45354727| 92998765|    |      |69|00|013|N|            |N|1|00000035|0|        |1.5 MI N OF CSAH22 (E VIKING B                    
S|27|000191|5|2|22|1U|2|T|2|3|H|2|3|G|13| |0|0| |2|P|N|P|000000000000|      |45354727| 92998765|    |      |69|00|013|N|            |N|1|00000035|0|        |1.5 MI N OF CSAH22 (E VIKING B                    
S|27|000197|3|0|22|3R|2|N|2|3|N|0|0| |13| |0|0| |2|P|N|P|000000000000|      |43964866| 94679567|    |      |41|15|083|N|            |N|3|00000060|0|        |.7 MI W OF W JCT TH4, SW OF ST JAMES              
S|27|000197|7|0|22|3R|2|N|2|3|N|0|0| |13| |0|0| |2|P|N|P|000000000000|      |43964866| 94679567|    |      |41|15|083|N|            |N|3|00000060|0|        |.7 MI W OF W JCT TH4, SW OF ST JAMES              
S|27|000198|3|1|22|3R|1|T|1|3|H|1|3|G|13| |0|0| |2|P|N|P|000000000000|      |44796266| 95482506|    |      |41|00|065|N|            |N|2|00000212|0|        |E OF TH23, E OF GRANITE FALLS                     
S|27|000198|7|1|22|3R|1|T|1|3|H|1|3|G|13| |0|0| |2|P|N|P|000000000000|      |44796266| 95482506|    |      |41|00|065|N|            |N|2|00000212|0|        |E OF TH23, E OF GRANITE FALLS                     
S|27|000199|1|1|22|4R|1|T|1|3|H|1|3|G|13| |0|0| |2|P|N|P|000000000000|      |44059063| 96307771|    |      |41|00|059|N|            |N|2|00000075|0|        |.5 MI S OF CSAH7 (151ST ST), N                    
S|27|000199|5|1|22|4R|1|T|1|3|H|1|3|G|13| |0|0| |2|P|N|P|000000000000|      |44059063| 96307771|    |      |41|00|059|N|            |N|2|00000075|0|        |.5 MI S OF CSAH7 (151ST ST), N                    
S|27|000200|1|1|22|1R|2|T|2|3|H|2|3|G|13| |0|0| |2|P|N|P|000000000000|      |45376231| 93996060|    |      |85|00|086|N|            |N|1|00000094|0|        |1.1 MI NW OF CSAH8, SE OF CLEA                    
S|27|000200|1|2|22|1R|2|T|2|3|H|2|3|G|13| |0|0| |2|P|N|P|000000000000|      |45376231| 93996060|    |      |85|00|086|N|            |N|1|00000094|0|        |1.1 MI NW OF CSAH8, SE OF CLEA                    
S|27|000200|5|1|22|1R|2|T|2|3|H|2|3|G|13| |0|0| |2|P|N|P|000000000000|      |45376231| 93996060|    |      |85|00|086|N|            |N|1|00000094|0|        |1.1 MI NW OF CSAH8, SE OF CLEA                    
S|27|000200|5|2|22|1R|2|T|2|3|H|2|3|G|13| |0|0| |2|P|N|P|000000000000|      |45376231| 93996060|    |      |85|00|086|N|            |N|1|00000094|0|        |1.1 MI NW OF CSAH8, SE OF CLEA                    
S|27|000204|1|1|22|3R|2|T|2|3|H|2|3|G|13| |0|0| |2|P|N|P|000000000000|      |46059616| 93662166|    |      |45|00|048|N|            |N|2|00000169|0|        |.3 MI N OF CSAH22 (350TH ST),                     
S|27|000204|1|2|22|3R|2|T|2|3|H|2|3|G|13| |0|0| |2|P|N|P|000000000000|      |46059616| 93662166|    |      |45|00|048|N|            |N|2|00000169|0|        |.3 MI N OF CSAH22 (350TH ST),                     
S|27|000204|5|1|22|3R|2|T|2|3|H|2|3|G|13| |0|0| |2|P|N|P|000000000000|      |46059616| 93662166|    |      |45|00|048|N|            |N|2|00000169|0|        |.3 MI N OF CSAH22 (350TH ST),                     
S|27|000204|5|2|22|3R|2|T|2|3|H|2|3|G|13| |0|0| |2|P|N|P|000000000000|      |46059616| 93662166|    |      |45|00|048|N|            |N|2|00000169|0|        |.3 MI N OF CSAH22 (350TH ST),                     
S|27|000208|1|1|22|1U|2|T|2|3|H|2|3|G|13| |0|0| |2|P|N|P|000000000000|      |44146018| 93255683|    |      |58|00|074|N|            |N|1|00000035|0|        |.6 MI N OF CSAH9, N OF OWATONN                    
S|27|000208|1|2|22|1U|2|T|2|3|H|2|3|G|13| |0|0| |2|P|N|P|000000000000|      |44146018| 93255683|    |      |58|00|074|N|            |N|1|00000035|0|        |.6 MI N OF CSAH9, N OF OWATONN                    
S|27|000208|5|1|22|1U|2|T|2|3|H|2|3|G|13| |0|0| |2|P|N|P|000000000000|      |44146018| 93255683|    |      |58|00|074|N|            |N|1|00000035|0|        |.6 MI N OF CSAH9, N OF OWATONN                    
S|27|000208|5|2|22|1U|2|T|2|3|H|2|3|G|13| |0|0| |2|P|N|P|000000000000|      |44146018| 93255683|    |      |58|00|074|N|            |N|1|00000035|0|        |.6 MI N OF CSAH9, N OF OWATONN                    
S|27|000209|1|1|22|4R|1|T|1|3|H|1|3|G|13| |0|0| |2|P|N|P|000000000000|      |48101683| 96715301|    |      |61|00|060|N|            |N|2|00000075|0|        |1.7 MI N OF CSAH23 (40TH AVE N                    
S|27|000209|5|1|22|4R|1|T|1|3|H|1|3|G|13| |0|0| |2|P|N|P|000000000000|      |48101683| 96715301|    |      |61|00|060|N|            |N|2|00000075|0|        |1.7 MI N OF CSAH23 (40TH AVE N                    
S|27|000210|1|1|22|3R|1|T|1|3|H|1|3|G|13| |0|0| |2|P|N|P|000000000000|      |47744853| 94526876|    |      |61|00|004|N|            |N|2|00000071|0|        |E OF TH72, NE OF BLACKDUCK                        
S|27|000210|5|1|22|3R|1|T|1|3|H|1|3|G|13| |0|0| |2|P|N|P|000000000000|      |47744853| 94526876|    |      |61|00|004|N|            |N|2|00000071|0|        |E OF TH72, NE OF BLACKDUCK                        
S|27|000211|1|1|22|3R|2|T|2|3|H|2|3|G|13| |0|0| |2|P|N|P|000000000000|      |47672412| 92648248|    |      |61|00|069|N|            |N|2|00000053|0|        |1 MI NW OF CSAH65 (BISS RD), N                    
S|27|000211|1|2|22|3R|2|T|2|3|H|2|3|G|13| |0|0| |2|P|N|P|000000000000|      |47672412| 92648248|    |      |61|00|069|N|            |N|2|00000053|0|        |1 MI NW OF CSAH65 (BISS RD), N                    
S|27|000211|5|1|22|3R|2|T|2|3|H|2|3|G|13| |0|0| |2|P|N|P|000000000000|      |47672412| 92648248|    |      |61|00|069|N|            |N|2|00000053|0|        |1 MI NW OF CSAH65 (BISS RD), N                    
S|27|000211|5|2|22|3R|2|T|2|3|H|2|3|G|13| |0|0| |2|P|N|P|000000000000|      |47672412| 92648248|    |      |61|00|069|N|            |N|2|00000053|0|        |1 MI NW OF CSAH65 (BISS RD), N                    
S|27|000212|3|1|22|3U|2|T|2|3|H|2|3|G|13| |0|0| |2|P|N|P|000000000000|      |44032632| 92558227|    |      |60|00|055|N|            |N|2|00000014|0|        |W OF CR104 (60TH AVE NW), W OF                    
S|27|000212|3|2|22|3U|2|T|2|3|H|2|3|G|13| |0|0| |2|P|N|P|000000000000|      |44032632| 92558227|    |      |60|00|055|N|            |N|2|00000014|0|        |W OF CR104 (60TH AVE NW), W OF                    
S|27|000212|7|1|22|3U|4|T|4|3|H|4|3|G|13| |0|0| |2|P|N|P|000000000000|      |44032632| 92558227|    |      |60|00|055|N|            |N|2|00000014|0|        |W OF CR104 (60TH AVE NW), W OF                    
S|27|000212|7|2|22|3U|4|T|4|3|H|4|3|G|13| |0|0| |2|P|N|P|000000000000|      |44032632| 92558227|    |      |60|00|055|N|            |N|2|00000014|0|        |W OF CR104 (60TH AVE NW), W OF                    
S|27|000212|7|3|22|3U|4|T|4|3|H|4|3|G|13| |0|0| |2|P|N|P|000000000000|      |44032632| 92558227|    |      |60|00|055|N|            |N|2|00000014|0|        |W OF CR104 (60TH AVE NW), W OF                    
S|27|000212|7|4|22|3U|4|T|4|3|H|4|3|G|13| |0|0| |2|P|N|P|000000000000|      |44032632| 92558227|    |      |60|00|055|N|            |N|2|00000014|0|        |W OF CR104 (60TH AVE NW), W OF                    
S|27|000213|1|0|22|3R|2|N|2|3|N|0|0| |13| |0|0| |2|L|N|P|000000000000|      |46951181| 91788495|    |      |65|13|038|N|            |N|3|00000061|0|        |SW OF CSAH25, SW OF TWO HARBORS                   
S|27|000213|5|0|22|3R|2|N|2|3|N|0|0| |13| |0|0| |2|L|N|P|000000000000|      |46951181| 91788495|    |      |65|13|038|N|            |N|3|00000061|0|        |SW OF CSAH25, SW OF TWO HARBORS                   
S|27|000214|1|1|22|4R|1|T|1|3|H|1|3|G|13| |0|0| |2|P|N|P|000000000000|      |47427272| 91262771|    |      |69|00|038|N|            |N|3|00000001|0|        |1 MI NW OF CSAH7, N OF SILVER                     
S|27|000214|5|1|22|4R|1|T|1|3|H|1|3|G|13| |0|0| |2|P|N|P|000000000000|      |47427272| 91262771|    |      |69|00|038|N|            |N|3|00000001|0|        |1 MI NW OF CSAH7, N OF SILVER                     
S|27|000218|1|1|22|4R|1|T|1|3|H|1|3|G|13| |0|0| |2|P|N|P|000000000000|      |45150772| 95593935|    |      |69|00|012|N|            |N|3|00000029|0|        |S OF 120TH ST SE, NE OF MONTEV                    
S|27|000218|5|1|22|4R|1|T|1|3|H|1|3|G|13| |0|0| |2|P|N|P|000000000000|      |45150772| 95593935|    |      |69|00|012|N|            |N|3|00000029|0|        |S OF 120TH ST SE, NE OF MONTEV                    
S|27|000219|3|1|22|3R|1|T|1|3|H|1|3|G|13| |0|0| |2|P|N|P|000000000000|      |47095580| 93214063|    |      |71|00|031|N|            |N|2|00000002|0|        |1.1 MI NW OF TH65, SE OF WARBA                    
S|27|000219|7|1|22|3R|1|T|1|3|H|1|3|G|13| |0|0| |2|P|N|P|000000000000|      |47095580| 93214063|    |      |71|00|031|N|            |N|2|00000002|0|        |1.1 MI NW OF TH65, SE OF WARBA                    
S|27|000220|1|1|22|3R|1|T|1|3|H|1|3|G|13| |0|0| |2|P|N|P|000000000000|      |47108429| 95151351|    |      |71|00|029|N|            |N|2|00000071|0|        |S OF CR89, N OF PARK RAPIDS                       
S|27|000220|5|1|22|3R|1|T|1|3|H|1|3|G|13| |0|0| |2|P|N|P|000000000000|      |47108429| 95151351|    |      |71|00|029|N|            |N|2|00000071|0|        |S OF CR89, N OF PARK RAPIDS                       
S|27|000221|1|1|22|3R|2|T|2|3|H|2|3|G|13| |0|0| |2|P|N|P|000000000000|      |46975119| 94819858|    |      |72|00|029|N|            |N|3|00000034|0|        |1.5 MI NE OF CSAH2 (BUNYAN TR                     
S|27|000221|1|2|22|3R|2|T|2|3|H|2|3|G|13| |0|0| |2|P|N|P|000000000000|      |46975119| 94819858|    |      |72|00|029|N|            |N|3|00000034|0|        |1.5 MI NE OF CSAH2 (BUNYAN TR                     
S|27|000221|5|1|22|3R|1|T|1|3|H|1|3|G|13| |0|0| |2|P|N|P|000000000000|      |46975119| 94819858|    |      |72|00|029|N|            |N|3|00000034|0|        |1.5 MI NE OF CSAH2 (BUNYAN TR                     
S|27|000222|1|1|22|4R|1|T|1|3|H|1|3|G|13| |0|0| |2|P|N|P|000000000000|      |46341840| 93262309|    |      |71|00|001|N|            |N|3|00000065|0|        |.6 MI N OF CSAH2, N OF MCGRATH                    
S|27|000222|5|1|22|4R|1|T|1|3|H|1|3|G|13| |0|0| |2|P|N|P|000000000000|      |46341840| 93262309|    |      |71|00|001|N|            |N|3|00000065|0|        |.6 MI N OF CSAH2, N OF MCGRATH                    
S|27|000223|1|1|22|3R|1|T|1|3|H|1|3|G|13| |0|0| |2|P|N|P|000000000000|      |47038580| 94540445|    |      |71|00|011|N|            |N|3|00000371|0|        |1 MI S OF TH200, SE OF WALKER                     
S|27|000223|5|1|22|3R|1|T|1|3|H|1|3|G|13| |0|0| |2|P|N|P|000000000000|      |47038580| 94540445|    |      |71|00|011|N|            |N|3|00000371|0|        |1 MI S OF TH200, SE OF WALKER                     
S|27|000225|3|1|22|3R|1|T|1|3|H|1|3|G|13| |0|0| |2|P|N|P|000000000000|      |46267183| 95792984|    |      |72|00|056|N|            |N|3|00000210|0|        |2 MI W OF CSAH47, W OF BATTLE                     
S|27|000225|7|1|22|3R|1|T|1|3|H|1|3|G|13| |0|0| |2|P|N|P|000000000000|      |46267183| 95792984|    |      |72|00|056|N|            |N|3|00000210|0|        |2 MI W OF CSAH47, W OF BATTLE                     
S|27|000227|3|1|22|3R|2|T|2|3|H|2|3|G|13| |0|0| |2|P|N|P|000000000000|      |43680020| 93438609|    |      |73|00|024|N|            |N|1|00000090|0|        |SW OF TH13, W OF ALBERT LEA                       
S|27|000227|3|2|22|3R|2|T|2|3|H|2|3|G|13| |0|0| |2|P|N|P|000000000000|      |43680020| 93438609|    |      |73|00|024|N|            |N|1|00000090|0|        |SW OF TH13, W OF ALBERT LEA                       
S|27|000227|7|1|22|3R|2|T|2|3|H|2|3|G|13| |0|0| |2|P|N|P|000000000000|      |43680020| 93438609|    |      |73|00|024|N|            |N|1|00000090|0|        |SW OF TH13, W OF ALBERT LEA                       
S|27|000227|7|2|22|3R|2|T|2|3|H|2|3|G|13| |0|0| |2|P|N|P|000000000000|      |43680020| 93438609|    |      |73|00|024|N|            |N|1|00000090|0|        |SW OF TH13, W OF ALBERT LEA                       
S|27|000228|1|1|22|5R|1|T|1|3|H|1|3|G|13| |0|0| |2|P|N|P|000000000000|      |47562221| 93372898|    |      |12|00|031|N|            |N|5|00000007|0|        |N OF CR399, W OF HIBBING                          
S|27|000228|5|1|22|5R|1|T|1|3|H|1|3|G|13| |0|0| |2|P|N|P|000000000000|      |47562221| 93372898|    |      |12|00|031|N|            |N|5|00000007|0|        |N OF CR399, W OF HIBBING                          
S|27|000229|3|1|22|5R|1|T|1|3|H|1|3|G|13| |0|0| |2|P|N|P|000000000000|      |44834293| 94487155|    |      |12|00|043|N|            |N|5|00000018|0|        |4.3 MI W OF CSAH7, SW OF HUTCH                    
S|27|000229|7|1|22|5R|1|T|1|3|H|1|3|G|13| |0|0| |2|P|N|P|000000000000|      |44834293| 94487155|    |      |12|00|043|N|            |N|5|00000018|0|        |4.3 MI W OF CSAH7, SW OF HUTCH                    
S|27|000230|3|1|22|4R|1|T|1|3|H|1|3|G|13| |0|0| |2|P|N|P|000000000000|      |44486266| 93509900|    |      |12|00|066|N|            |N|5|00000002|0|        |3.4 MI W OF TH19 (INDEP AVE),                     
S|27|000230|7|1|22|4R|1|T|1|3|H|1|3|G|13| |0|0| |2|P|N|P|000000000000|      |44486266| 93509900|    |      |12|00|066|N|            |N|5|00000002|0|        |3.4 MI W OF TH19 (INDEP AVE),                     
S|27|000231|3|1|22|5R|1|T|1|3|H|1|3|G|13| |0|0| |2|P|N|P|000000000000|      |46644718| 94840432|    |      |12|00|080|N|            |N|5|00000012|0|        |1.6 MI E OF CSAH18, E OF NIMRO                    
S|27|000231|7|1|22|5R|1|T|1|3|H|1|3|G|13| |0|0| |2|P|N|P|000000000000|      |46644718| 94840432|    |      |12|00|080|N|            |N|5|00000012|0|        |1.6 MI E OF CSAH18, E OF NIMRO                    
S|27|000232|1|1|22|5R|1|T|1|3|H|1|3|G|13| |0|0| |2|P|N|P|000000000000|      |45925452| 96130339|    |      |12|00|026|N|            |N|5|00000011|0|        |.6 MI S OF CSAH12, NE OF NORCR                    
S|27|000232|5|1|22|5R|1|T|1|3|H|1|3|G|13| |0|0| |2|P|N|P|000000000000|      |45925452| 96130339|    |      |12|00|026|N|            |N|5|00000011|0|        |.6 MI S OF CSAH12, NE OF NORCR                    
S|27|000233|1|1|22|5R|1|T|1|3|H|1|3|G|13| |0|0| |2|P|N|P|000000000000|      |44634255| 94092115|    |      |12|00|072|N|            |N|5|00000009|0|        |.7 N OF 226TH ST, N OF ARLINGT                    
S|27|000233|5|1|22|5R|1|T|1|3|H|1|3|G|13| |0|0| |2|P|N|P|000000000000|      |44634255| 94092115|    |      |12|00|072|N|            |N|5|00000009|0|        |.7 N OF 226TH ST, N OF ARLINGT                    
S|27|000301|3|1|22|1U|4|T|4|3|N|0|0| |13| |0|0| |2|L|N|P|000000000000|      |44951861| 93137539|    |      |69|00|062|N|            |N|1|00000094|0|        |W OF N VICTORIA ST IN ST PAUL                     
S|27|000301|3|2|22|1U|4|T|4|3|N|0|0| |13| |0|0| |2|L|N|P|000000000000|      |44951861| 93137539|    |      |69|00|062|N|            |N|1|00000094|0|        |W OF N VICTORIA ST IN ST PAUL                     
S|27|000301|3|3|22|1U|4|T|4|3|N|0|0| |13| |0|0| |2|L|N|P|000000000000|      |44951861| 93137539|    |      |69|00|062|N|            |N|1|00000094|0|        |W OF N VICTORIA ST IN ST PAUL                     
S|27|000301|3|4|22|1U|4|T|4|3|N|0|0| |13| |0|0| |2|L|N|P|000000000000|      |44951861| 93137539|    |      |69|00|062|N|            |N|1|00000094|0|        |W OF N VICTORIA ST IN ST PAUL                     
S|27|000301|7|1|22|1U|4|T|4|3|N|0|0| |13| |0|0| |2|L|N|P|000000000000|      |44951861| 93137539|    |      |69|00|062|N|            |N|1|00000094|0|        |W OF N VICTORIA ST IN ST PAUL                     
S|27|000301|7|2|22|1U|4|T|4|3|N|0|0| |13| |0|0| |2|L|N|P|000000000000|      |44951861| 93137539|    |      |69|00|062|N|            |N|1|00000094|0|        |W OF N VICTORIA ST IN ST PAUL                     
S|27|000301|7|3|22|1U|4|T|4|3|N|0|0| |13| |0|0| |2|L|N|P|000000000000|      |44951861| 93137539|    |      |69|00|062|N|            |N|1|00000094|0|        |W OF N VICTORIA ST IN ST PAUL                     
S|27|000301|7|4|22|1U|4|T|4|3|N|0|0| |13| |0|0| |2|L|N|P|000000000000|      |44951861| 93137539|    |      |69|00|062|N|            |N|1|00000094|0|        |W OF N VICTORIA ST IN ST PAUL                     
S|27|000303|1|1|22|1U|4|T|4|3|N|0|0| |13| |0|0| |2|L|N|P|000000000000|      |44984291| 93088794|    |      |68|00|062|N|            |N|1|00000035|0|        |S OF MSAS109 (E ARLINGTON AVE)                    
S|27|000303|1|2|22|1U|4|T|4|3|N|0|0| |13| |0|0| |2|L|N|P|000000000000|      |44984291| 93088794|    |      |68|00|062|N|            |N|1|00000035|0|        |S OF MSAS109 (E ARLINGTON AVE)                    
S|27|000303|1|3|22|1U|4|T|4|3|N|0|0| |13| |0|0| |2|L|N|P|000000000000|      |44984291| 93088794|    |      |68|00|062|N|            |N|1|00000035|0|        |S OF MSAS109 (E ARLINGTON AVE)                    
S|27|000303|1|4|22|1U|4|T|4|3|N|0|0| |13| |0|0| |2|L|N|P|000000000000|      |44984291| 93088794|    |      |68|00|062|N|            |N|1|00000035|0|        |S OF MSAS109 (E ARLINGTON AVE)                    
S|27|000303|5|1|22|1U|4|T|4|3|N|0|0| |13| |0|0| |2|L|N|P|000000000000|      |44984291| 93088794|    |      |68|00|062|N|            |N|1|00000035|0|        |S OF MSAS109 (E ARLINGTON AVE)                    
S|27|000303|5|2|22|1U|4|T|4|3|N|0|0| |13| |0|0| |2|L|N|P|000000000000|      |44984291| 93088794|    |      |68|00|062|N|            |N|1|00000035|0|        |S OF MSAS109 (E ARLINGTON AVE)                    
S|27|000303|5|3|22|1U|4|T|4|3|N|0|0| |13| |0|0| |2|L|N|P|000000000000|      |44984291| 93088794|    |      |68|00|062|N|            |N|1|00000035|0|        |S OF MSAS109 (E ARLINGTON AVE)                    
S|27|000303|5|4|22|1U|4|T|4|3|N|0|0| |13| |0|0| |2|L|N|P|000000000000|      |44984291| 93088794|    |      |68|00|062|N|            |N|1|00000035|0|        |S OF MSAS109 (E ARLINGTON AVE)                    
S|27|000305|1|1|22|1U|3|T|3|3|N|0|0| |13| |0|0| |2|L|N|P|000000000000|      |44723238| 93281577|    |      |68|00|019|N|            |N|1|00000035|0|        |S OF MSAS101 (CRYSTAL LAKE RD                     
S|27|000305|1|2|22|1U|3|T|3|3|N|0|0| |13| |0|0| |2|L|N|P|000000000000|      |44723238| 93281577|    |      |68|00|019|N|            |N|1|00000035|0|        |S OF MSAS101 (CRYSTAL LAKE RD                     
S|27|000305|1|3|22|1U|3|T|3|3|N|0|0| |13| |0|0| |2|L|N|P|000000000000|      |44723238| 93281577|    |      |68|00|019|N|            |N|1|00000035|0|        |S OF MSAS101 (CRYSTAL LAKE RD                     
S|27|000305|5|1|22|1U|3|T|3|3|N|0|0| |13| |0|0| |2|L|N|P|000000000000|      |44723238| 93281577|    |      |68|00|019|N|            |N|1|00000035|0|        |S OF MSAS101 (CRYSTAL LAKE RD                     
S|27|000305|5|2|22|1U|3|T|3|3|N|0|0| |13| |0|0| |2|L|N|P|000000000000|      |44723238| 93281577|    |      |68|00|019|N|            |N|1|00000035|0|        |S OF MSAS101 (CRYSTAL LAKE RD                     
S|27|000305|5|3|22|1U|3|T|3|3|N|0|0| |13| |0|0| |2|L|N|P|000000000000|      |44723238| 93281577|    |      |68|00|019|N|            |N|1|00000035|0|        |S OF MSAS101 (CRYSTAL LAKE RD                     
S|27|000309|1|1|22|4U|3|T|3|3|N|0|0| |13| |0|0| |2|L|N|P|000000000000|      |44962526| 93270011|    |      |75|00|027|Y|000000000384|Y|3|00000065|0|        |S OF CSAH5 (E FRANKLIN AVE) IN                    
S|27|000309|1|2|22|4U|3|T|3|3|N|0|0| |13| |0|0| |2|L|N|P|000000000000|      |44962526| 93270011|    |      |75|00|027|Y|000000000384|Y|3|00000065|0|        |S OF CSAH5 (E FRANKLIN AVE) IN                    
S|27|000309|1|3|22|4U|3|T|3|3|N|0|0| |13| |0|0| |2|L|N|P|000000000000|      |44962526| 93270011|    |      |75|00|027|Y|000000000384|Y|3|00000065|0|        |S OF CSAH5 (E FRANKLIN AVE) IN                    
S|27|000309|5|1|22|4U|3|T|3|3|N|0|0| |13| |0|0| |2|L|N|P|000000000000|      |44962526| 93270011|    |      |75|00|027|Y|000000000384|Y|3|00000065|0|        |S OF CSAH5 (E FRANKLIN AVE) IN                    
S|27|000309|5|2|22|4U|3|T|3|3|N|0|0| |13| |0|0| |2|L|N|P|000000000000|      |44962526| 93270011|    |      |75|00|027|Y|000000000384|Y|3|00000065|0|        |S OF CSAH5 (E FRANKLIN AVE) IN                    
S|27|000309|5|3|22|4U|3|T|3|3|N|0|0| |13| |0|0| |2|L|N|P|000000000000|      |44962526| 93270011|    |      |75|00|027|Y|000000000384|Y|3|00000065|0|        |S OF CSAH5 (E FRANKLIN AVE) IN                    
S|27|000315|1|1|22|1U|4|T|4|3|N|0|0| |13| |0|0| |2|L|N|P|000000000000|      |44803051| 93290368|    |      |75|00|027|N|            |N|1|00000035|0|        |N OF MN RIVER BRIDGE IN BLOOMI                    
S|27|000315|1|2|22|1U|4|T|4|3|N|0|0| |13| |0|0| |2|L|N|P|000000000000|      |44803051| 93290368|    |      |75|00|027|N|            |N|1|00000035|0|        |N OF MN RIVER BRIDGE IN BLOOMI                    
S|27|000315|1|3|22|1U|4|T|4|3|N|0|0| |13| |0|0| |2|L|N|P|000000000000|      |44803051| 93290368|    |      |75|00|027|N|            |N|1|00000035|0|        |N OF MN RIVER BRIDGE IN BLOOMI                    
S|27|000315|1|4|22|1U|4|T|4|3|N|0|0| |13| |0|0| |2|L|N|P|000000000000|      |44803051| 93290368|    |      |75|00|027|N|            |N|1|00000035|0|        |N OF MN RIVER BRIDGE IN BLOOMI                    
S|27|000315|5|1|22|1U|4|T|4|3|N|0|0| |13| |0|0| |2|L|N|P|000000000000|      |44803051| 93290368|    |      |75|00|027|N|            |N|1|00000035|0|        |N OF MN RIVER BRIDGE IN BLOOMI                    
S|27|000315|5|2|22|1U|4|T|4|3|N|0|0| |13| |0|0| |2|L|N|P|000000000000|      |44803051| 93290368|    |      |75|00|027|N|            |N|1|00000035|0|        |N OF MN RIVER BRIDGE IN BLOOMI                    
S|27|000315|5|3|22|1U|4|T|4|3|N|0|0| |13| |0|0| |2|L|N|P|000000000000|      |44803051| 93290368|    |      |75|00|027|N|            |N|1|00000035|0|        |N OF MN RIVER BRIDGE IN BLOOMI                    
S|27|000315|5|4|22|1U|4|T|4|3|N|0|0| |13| |0|0| |2|L|N|P|000000000000|      |44803051| 93290368|    |      |75|00|027|N|            |N|1|00000035|0|        |N OF MN RIVER BRIDGE IN BLOOMI                    
S|27|000321|3|1|22|1U|3|T|3|3|N|0|0| |13| |0|0| |2|L|N|P|000000000000|      |44861971| 93303831|    |      |82|00|027|N|            |N|1|00000494|0|        |W OF I-35W IN BLOOMINGTON                         
S|27|000321|3|2|22|1U|3|T|3|3|N|0|0| |13| |0|0| |2|L|N|P|000000000000|      |44861971| 93303831|    |      |82|00|027|N|            |N|1|00000494|0|        |W OF I-35W IN BLOOMINGTON                         
S|27|000321|3|3|22|1U|3|T|3|3|N|0|0| |13| |0|0| |2|L|N|P|000000000000|      |44861971| 93303831|    |      |82|00|027|N|            |N|1|00000494|0|        |W OF I-35W IN BLOOMINGTON                         
S|27|000321|7|1|22|1U|4|T|4|3|N|0|0| |13| |0|0| |2|L|N|P|000000000000|      |44861971| 93303831|    |      |82|00|027|N|            |N|1|00000494|0|        |W OF I-35W IN BLOOMINGTON                         
S|27|000321|7|2|22|1U|4|T|4|3|N|0|0| |13| |0|0| |2|L|N|P|000000000000|      |44861971| 93303831|    |      |82|00|027|N|            |N|1|00000494|0|        |W OF I-35W IN BLOOMINGTON                         
S|27|000321|7|3|22|1U|4|T|4|3|N|0|0| |13| |0|0| |2|L|N|P|000000000000|      |44861971| 93303831|    |      |82|00|027|N|            |N|1|00000494|0|        |W OF I-35W IN BLOOMINGTON                         
S|27|000321|7|4|22|1U|4|T|4|3|N|0|0| |13| |0|0| |2|L|N|P|000000000000|      |44861971| 93303831|    |      |82|00|027|N|            |N|1|00000494|0|        |W OF I-35W IN BLOOMINGTON                         
S|27|000326|3|1|22|1U|3|T|3|3|N|0|0| |13| |0|0| |2|L|N|P|000000000000|      |44970179| 93314358|    |      |93|00|027|N|            |N|1|00000394|0|        |E OF TH100 IN MINNEAPOLIS                         
S|27|000326|3|2|22|1U|3|T|3|3|N|0|0| |13| |0|0| |2|L|N|P|000000000000|      |44970179| 93314358|    |      |93|00|027|N|            |N|1|00000394|0|        |E OF TH100 IN MINNEAPOLIS                         
S|27|000326|3|3|22|1U|3|T|3|3|N|0|0| |13| |0|0| |2|L|N|P|000000000000|      |44970179| 93314358|    |      |93|00|027|N|            |N|1|00000394|0|        |E OF TH100 IN MINNEAPOLIS                         
S|27|000326|7|1|22|1U|3|T|3|3|N|0|0| |13| |0|0| |2|L|N|P|000000000000|      |44970179| 93314358|    |      |93|00|027|N|            |N|1|00000394|0|        |E OF TH100 IN MINNEAPOLIS                         
S|27|000326|7|2|22|1U|3|T|3|3|N|0|0| |13| |0|0| |2|L|N|P|000000000000|      |44970179| 93314358|    |      |93|00|027|N|            |N|1|00000394|0|        |E OF TH100 IN MINNEAPOLIS                         
S|27|000326|7|3|22|1U|3|T|3|3|N|0|0| |13| |0|0| |2|L|N|P|000000000000|      |44970179| 93314358|    |      |93|00|027|N|            |N|1|00000394|0|        |E OF TH100 IN MINNEAPOLIS                         
S|27|000329|1|1|22|1U|2|T|2|3|N|0|0| |13| |0|0| |2|L|N|P|000000000000|      |44962528| 93269119|    |      |83|00|027|N|            |N|1|00000035|0|        |AT FRANKLIN AVE IN MINNEAPOLIS                    
S|27|000329|1|2|22|1U|2|T|2|3|N|0|0| |13| |0|0| |2|L|N|P|000000000000|      |44962528| 93269119|    |      |83|00|027|N|            |N|1|00000035|0|        |AT FRANKLIN AVE IN MINNEAPOLIS                    
S|27|000329|5|1|22|1U|2|T|2|3|N|0|0| |13| |0|0| |2|L|N|P|000000000000|      |44962528| 93269119|    |      |83|00|027|N|            |N|1|00000035|0|        |AT FRANKLIN AVE IN MINNEAPOLIS                    
S|27|000329|5|2|22|1U|2|T|2|3|N|0|0| |13| |0|0| |2|L|N|P|000000000000|      |44962528| 93269119|    |      |83|00|027|N|            |N|1|00000035|0|        |AT FRANKLIN AVE IN MINNEAPOLIS                    
S|27|000335|1|1|22|1U|2|T|2|3|H|2|3|G|13| |0|0| |2|P|N|P|000000000000|      |45167590| 93144700|    |      |87|00|002|N|            |N|1|00000035|0|        |W OF CR53 (SUNSET AVE NE) IN B                    
S|27|000335|1|2|22|1U|2|T|2|3|H|2|3|G|13| |0|0| |2|P|N|P|000000000000|      |45167590| 93144700|    |      |87|00|002|N|            |N|1|00000035|0|        |W OF CR53 (SUNSET AVE NE) IN B                    
S|27|000335|5|1|22|1U|2|T|2|3|H|2|3|G|13| |0|0| |2|P|N|P|000000000000|      |45167590| 93144700|    |      |87|00|002|N|            |N|1|00000035|0|        |W OF CR53 (SUNSET AVE NE) IN B                    
S|27|000335|5|2|22|1U|2|T|2|3|H|2|3|G|13| |0|0| |2|P|N|P|000000000000|      |45167590| 93144700|    |      |87|00|002|N|            |N|1|00000035|0|        |W OF CR53 (SUNSET AVE NE) IN B                    
S|27|000336|1|1|22|1U|3|T|3|3|N|0|0| |13| |0|0| |2|L|N|P|000000000000|      |44811482| 93183712|    |      |87|00|019|N|            |N|1|00000035|0|        |N OF MSAS102 (DEERWOOD DR) IN                     
S|27|000336|1|2|22|1U|3|T|3|3|N|0|0| |13| |0|0| |2|L|N|P|000000000000|      |44811482| 93183712|    |      |87|00|019|N|            |N|1|00000035|0|        |N OF MSAS102 (DEERWOOD DR) IN                     
S|27|000336|1|3|22|1U|3|T|3|3|N|0|0| |13| |0|0| |2|L|N|P|000000000000|      |44811482| 93183712|    |      |87|00|019|N|            |N|1|00000035|0|        |N OF MSAS102 (DEERWOOD DR) IN                     
S|27|000336|5|1|22|1U|3|T|3|3|N|0|0| |13| |0|0| |2|L|N|P|000000000000|      |44811482| 93183712|    |      |87|00|019|N|            |N|1|00000035|0|        |N OF MSAS102 (DEERWOOD DR) IN                     
S|27|000336|5|2|22|1U|3|T|3|3|N|0|0| |13| |0|0| |2|L|N|P|000000000000|      |44811482| 93183712|    |      |87|00|019|N|            |N|1|00000035|0|        |N OF MSAS102 (DEERWOOD DR) IN                     
S|27|000336|5|3|22|1U|3|T|3|3|N|0|0| |13| |0|0| |2|L|N|P|000000000000|      |44811482| 93183712|    |      |87|00|019|N|            |N|1|00000035|0|        |N OF MSAS102 (DEERWOOD DR) IN                     
S|27|000341|1|1|22|1U|2|T|2|3|H|2|3|G|13| |0|0| |2|P|N|P|000000000000|      |45020602| 92959199|    |      |87|00|082|N|            |N|1|00000694|0|        |S OF CSAH35 (50TH ST N) IN OAK                    
S|27|000341|1|2|22|1U|2|T|2|3|H|2|3|G|13| |0|0| |2|P|N|P|000000000000|      |45020602| 92959199|    |      |87|00|082|N|            |N|1|00000694|0|        |S OF CSAH35 (50TH ST N) IN OAK                    
S|27|000341|5|1|22|1U|2|T|2|3|H|2|3|G|13| |0|0| |2|P|N|P|000000000000|      |45020602| 92959199|    |      |87|00|082|N|            |N|1|00000694|0|        |S OF CSAH35 (50TH ST N) IN OAK                    
S|27|000341|5|2|22|1U|2|T|2|3|H|2|3|G|13| |0|0| |2|P|N|P|000000000000|      |45020602| 92959199|    |      |87|00|082|N|            |N|1|00000694|0|        |S OF CSAH35 (50TH ST N) IN OAK                    
S|27|000342|3|1|22|1U|3|T|3|3|N|0|0| |13| |0|0| |2|L|N|P|000000000000|      |45121512| 93482002|    |      |89|00|027|N|            |N|1|00000094|0|        |S OF CR30 (93RD AVE N) IN MAPL                    
S|27|000342|3|2|22|1U|3|T|3|3|N|0|0| |13| |0|0| |2|L|N|P|000000000000|      |45121512| 93482002|    |      |89|00|027|N|            |N|1|00000094|0|        |S OF CR30 (93RD AVE N) IN MAPL                    
S|27|000342|3|3|22|1U|3|T|3|3|N|0|0| |13| |0|0| |2|L|N|P|000000000000|      |45121512| 93482002|    |      |89|00|027|N|            |N|1|00000094|0|        |S OF CR30 (93RD AVE N) IN MAPL                    
S|27|000342|7|1|22|1U|3|T|3|3|N|0|0| |13| |0|0| |2|L|N|P|000000000000|      |45121512| 93482002|    |      |89|00|027|N|            |N|1|00000094|0|        |S OF CR30 (93RD AVE N) IN MAPL                    
S|27|000342|7|2|22|1U|3|T|3|3|N|0|0| |13| |0|0| |2|L|N|P|000000000000|      |45121512| 93482002|    |      |89|00|027|N|            |N|1|00000094|0|        |S OF CR30 (93RD AVE N) IN MAPL                    
S|27|000342|7|3|22|1U|3|T|3|3|N|0|0| |13| |0|0| |2|L|N|P|000000000000|      |45121512| 93482002|    |      |89|00|027|N|            |N|1|00000094|0|        |S OF CR30 (93RD AVE N) IN MAPL                    
S|27|000351|3|1|22|3R|1|T|1|3|H|1|3|G|13| |0|0| |2|P|N|P|000000000000|      |45030368| 93727608|    |      |41|00|027|N|            |N|2|00000012|0|        |W OF CSAH92 IN INDEPENDENCE                       
S|27|000351|7|1|22|3R|1|T|1|3|H|1|3|G|13| |0|0| |2|P|N|P|000000000000|      |45030368| 93727608|    |      |41|00|027|N|            |N|2|00000012|0|        |W OF CSAH92 IN INDEPENDENCE                       
S|27|000352|3|1|22|2U|2|T|2|3|H|2|3|G|13| |0|0| |2|P|N|P|000000000000|      |45246773| 93503702|    |      |41|00|002|N|            |N|2|00000010|0|        |SE OF MSAS112 (153RD AVE NW) I                    
S|27|000352|3|2|22|2U|2|T|2|3|H|2|3|G|13| |0|0| |2|P|N|P|000000000000|      |45246773| 93503702|    |      |41|00|002|N|            |N|2|00000010|0|        |SE OF MSAS112 (153RD AVE NW) I                    
S|27|000352|7|1|22|2U|2|T|2|3|H|2|3|G|13| |0|0| |2|P|N|P|000000000000|      |45246773| 93503702|    |      |41|00|002|N|            |N|2|00000010|0|        |SE OF MSAS112 (153RD AVE NW) I                    
S|27|000352|7|2|22|2U|2|T|2|3|H|2|3|G|13| |0|0| |2|P|N|P|000000000000|      |45246773| 93503702|    |      |41|00|002|N|            |N|2|00000010|0|        |SE OF MSAS112 (153RD AVE NW) I                    
S|27|000353|1|1|22|3R|4|T|4|3|H|4|3|G|13| |0|0| |2|P|N|P|000000000000|      |44656948| 93675797|    |      |41|00|070|N|            |N|2|00000169|0|        |W OF CR59 (DELAWARE AVE), W OF                    
S|27|000353|1|2|22|3R|4|T|4|3|H|4|3|G|13| |0|0| |2|P|N|P|000000000000|      |44656948| 93675797|    |      |41|00|070|N|            |N|2|00000169|0|        |W OF CR59 (DELAWARE AVE), W OF                    
S|27|000353|1|3|22|3R|4|T|4|3|H|4|3|G|13| |0|0| |2|P|N|P|000000000000|      |44656948| 93675797|    |      |41|00|070|N|            |N|2|00000169|0|        |W OF CR59 (DELAWARE AVE), W OF                    
S|27|000353|1|4|22|3R|4|T|4|3|H|4|3|G|13| |0|0| |2|P|N|P|000000000000|      |44656948| 93675797|    |      |41|00|070|N|            |N|2|00000169|0|        |W OF CR59 (DELAWARE AVE), W OF                    
S|27|000353|5|1|22|3R|3|T|3|3|H|3|3|G|13| |0|0| |2|P|N|P|000000000000|      |44656948| 93675797|    |      |41|00|070|N|            |N|2|00000169|0|        |W OF CR59 (DELAWARE AVE), W OF                    
S|27|000353|5|2|22|3R|3|T|3|3|H|3|3|G|13| |0|0| |2|P|N|P|000000000000|      |44656948| 93675797|    |      |41|00|070|N|            |N|2|00000169|0|        |W OF CR59 (DELAWARE AVE), W OF                    
S|27|000353|5|3|22|3R|3|T|3|3|H|3|3|G|13| |0|0| |2|P|N|P|000000000000|      |44656948| 93675797|    |      |41|00|070|N|            |N|2|00000169|0|        |W OF CR59 (DELAWARE AVE), W OF                    
S|27|000354|3|1|22|1U|3|T|3|3|H|3|3|G|13| |0|0| |2|P|N|P|000000000000|      |44948898| 92884271|    |      |50|00|082|N|            |N|1|00000094|0|        |W OF MSAS127 (COTTAGE GROVE DR                    
S|27|000354|3|2|22|1U|3|T|3|3|H|3|3|G|13| |0|0| |2|P|N|P|000000000000|      |44948898| 92884271|    |      |50|00|082|N|            |N|1|00000094|0|        |W OF MSAS127 (COTTAGE GROVE DR                    
S|27|000354|3|3|22|1U|3|T|3|3|H|3|3|G|13| |0|0| |2|P|N|P|000000000000|      |44948898| 92884271|    |      |50|00|082|N|            |N|1|00000094|0|        |W OF MSAS127 (COTTAGE GROVE DR                    
S|27|000354|7|1|22|1U|3|T|3|3|H|3|3|G|13| |0|0| |2|P|N|P|000000000000|      |44948898| 92884271|    |      |50|00|082|N|            |N|1|00000094|0|        |W OF MSAS127 (COTTAGE GROVE DR                    
S|27|000354|7|2|22|1U|3|T|3|3|H|3|3|G|13| |0|0| |2|P|N|P|000000000000|      |44948898| 92884271|    |      |50|00|082|N|            |N|1|00000094|0|        |W OF MSAS127 (COTTAGE GROVE DR                    
S|27|000354|7|3|22|1U|3|T|3|3|H|3|3|G|13| |0|0| |2|P|N|P|000000000000|      |44948898| 92884271|    |      |50|00|082|N|            |N|1|00000094|0|        |W OF MSAS127 (COTTAGE GROVE DR                    
S|27|000365|1|1|22|3U|2|T|2|3|H|2|3|G|13| |0|0| |2|L|N|P|000000000000|      |45215915| 93234444|    |      |87|00|002|N|            |N|3|00000065|0|        |S OF CSAH116 (BUNKER LAKE BLVD                    
S|27|000365|1|2|22|3U|2|T|2|3|H|2|3|G|13| |0|0| |2|L|N|P|000000000000|      |45215915| 93234444|    |      |87|00|002|N|            |N|3|00000065|0|        |S OF CSAH116 (BUNKER LAKE BLVD                    
S|27|000365|5|1|22|3U|2|T|2|3|H|2|3|G|13| |0|0| |2|L|N|P|000000000000|      |45215915| 93234444|    |      |87|00|002|N|            |N|3|00000065|0|        |S OF CSAH116 (BUNKER LAKE BLVD                    
S|27|000365|5|2|22|3U|2|T|2|3|H|2|3|G|13| |0|0| |2|L|N|P|000000000000|      |45215915| 93234444|    |      |87|00|002|N|            |N|3|00000065|0|        |S OF CSAH116 (BUNKER LAKE BLVD                    
S|27|000381|3|1|22|3R|1|T|1|3|H|1|3|G|13| |0|0| |2|P|N|P|000000000000|      |44768077| 93883948|    |      |88|00|010|N|            |N|2|00000212|0|        |1.7 MI W OF CSAH51, W OF COLOG                    
S|27|000381|7|1|22|3R|1|T|1|3|H|1|3|G|13| |0|0| |2|P|N|P|000000000000|      |44768077| 93883948|    |      |88|00|010|N|            |N|2|00000212|0|        |1.7 MI W OF CSAH51, W OF COLOG                    
S|27|000382|1|1|22|3R|2|T|2|3|H|2|3|G|13| |0|0| |2|P|N|P|000000000000|      |44688505| 93021105|    |      |87|00|019|N|            |N|2|00000052|0|        |N OF 180TH ST E, S OF COATES                      
S|27|000382|1|2|22|3R|2|T|2|3|H|2|3|G|13| |0|0| |2|P|N|P|000000000000|      |44688505| 93021105|    |      |87|00|019|N|            |N|2|00000052|0|        |N OF 180TH ST E, S OF COATES                      
S|27|000382|5|1|22|3R|2|T|2|3|H|2|3|G|13| |0|0| |2|P|N|P|000000000000|      |44688505| 93021105|    |      |87|00|019|N|            |N|2|00000052|0|        |N OF 180TH ST E, S OF COATES                      
S|27|000382|5|2|22|3R|2|T|2|3|H|2|3|G|13| |0|0| |2|P|N|P|000000000000|      |44688505| 93021105|    |      |87|00|019|N|            |N|2|00000052|0|        |N OF 180TH ST E, S OF COATES                      
S|27|000384|3|1|22|3U|2|T|2|3|H|2|3|G|13| |0|0| |2|P|N|P|000000000000|      |45036342| 92834541|    |      |87|00|082|N|            |N|3|00000036|0|        |W OF WASHINGTON AVE IN STILLWA                    
S|27|000384|3|2|22|3U|2|T|2|3|H|2|3|G|13| |0|0| |2|P|N|P|000000000000|      |45036342| 92834541|    |      |87|00|082|N|            |N|3|00000036|0|        |W OF WASHINGTON AVE IN STILLWA                    
S|27|000384|7|1|22|3U|2|T|2|3|H|2|3|G|13| |0|0| |2|P|N|P|000000000000|      |45036342| 92834541|    |      |87|00|082|N|            |N|3|00000036|0|        |W OF WASHINGTON AVE IN STILLWA                    
S|27|000384|7|2|22|3U|2|T|2|3|H|2|3|G|13| |0|0| |2|P|N|P|000000000000|      |45036342| 92834541|    |      |87|00|082|N|            |N|3|00000036|0|        |W OF WASHINGTON AVE IN STILLWA                    
S|27|000386|1|1|22|4R|1|T|1|3|H|1|3|G|13| |0|0| |2|P|N|P|000000000000|      |45254028| 92859834|    |      |88|00|082|N|            |N|3|00000097|0|        |E OF CSAH1 (LOFTON AVE N) IN S                    
S|27|000386|5|1|22|4R|1|T|1|3|H|1|3|G|13| |0|0| |2|P|N|P|000000000000|      |45254028| 92859834|    |      |88|00|082|N|            |N|3|00000097|0|        |E OF CSAH1 (LOFTON AVE N) IN S                    
S|27|000388|1|1|22|3U|1|T|1|3|H|1|3|G|13| |0|0| |2|P|N|P|000000000000|      |45302301| 92968359|    |      |88|00|013|N|            |N|2|00000008|0|        |E OF MSAS121 (GREENWAY RD), N                     
S|27|000388|5|1|22|3U|1|T|1|3|H|1|3|G|13| |0|0| |2|P|N|P|000000000000|      |45302301| 92968359|    |      |88|00|013|N|            |N|2|00000008|0|        |E OF MSAS121 (GREENWAY RD), N                     
S|27|000389|1|1|22|2U|2|T|2|3|N|0|0| |13| |0|0| |2|L|N|P|000000000000|      |44996937| 93205928|    |      |86|00|062|N|            |N|3|00000280|0|        |N OF CSAH30 (LARPENTEUR AVE W)                    
S|27|000389|1|2|22|2U|2|T|2|3|N|0|0| |13| |0|0| |2|L|N|P|000000000000|      |44996937| 93205928|    |      |86|00|062|N|            |N|3|00000280|0|        |N OF CSAH30 (LARPENTEUR AVE W)                    
S|27|000389|5|1|22|2U|2|T|2|3|N|0|0| |13| |0|0| |2|L|N|P|000000000000|      |44996937| 93205928|    |      |86|00|062|N|            |N|3|00000280|0|        |N OF CSAH30 (LARPENTEUR AVE W)                    
S|27|000389|5|2|22|2U|2|T|2|3|N|0|0| |13| |0|0| |2|L|N|P|000000000000|      |44996937| 93205928|    |      |86|00|062|N|            |N|3|00000280|0|        |N OF CSAH30 (LARPENTEUR AVE W)                    
S|27|000390|1|1|22|4U|1|T|1|3|H|1|3|G|13| |0|0| |2|P|N|P|000000000000|      |45170715| 92990270|    |      |87|00|082|N|            |N|2|00000061|0|        |.9 MI N OF CSAH8 IN HUGO                          
S|27|000390|5|1|22|4U|1|T|1|3|H|1|3|G|13| |0|0| |2|P|N|P|000000000000|      |45170715| 92990270|    |      |87|00|082|N|            |N|2|00000061|0|        |.9 MI N OF CSAH8 IN HUGO                          
S|27|000400|1|1|22|4R|1|T|1|3|H|1|3|G|13| |0|0| |2|P|N|P|000000000000|      |45030345| 93727665|    |      |72|00|027|N|            |N|5|00000092|0|        |S OF TH12 IN INDEPENDENCE                         
S|27|000400|5|1|22|4R|1|T|1|3|H|1|3|G|13| |0|0| |2|P|N|P|000000000000|      |45030345| 93727665|    |      |72|00|027|N|            |N|5|00000092|0|        |S OF TH12 IN INDEPENDENCE                         
S|27|000402|1|1|22|5U|2|T|2|3|H|2|3|G|13| |0|0| |2|P|N|P|000000000000|      |44875547| 93321212|    |      |72|00|027|N|            |N|5|00000031|0|        |S OF MSAS145 (W 70TH ST) IN ED                    
S|27|000402|1|2|22|5U|2|T|2|3|H|2|3|G|13| |0|0| |2|P|N|P|000000000000|      |44875547| 93321212|    |      |72|00|027|N|            |N|5|00000031|0|        |S OF MSAS145 (W 70TH ST) IN ED                    
S|27|000402|5|1|22|5U|2|T|2|3|H|2|3|G|13| |0|0| |2|P|N|P|000000000000|      |44875547| 93321212|    |      |72|00|027|N|            |N|5|00000031|0|        |S OF MSAS145 (W 70TH ST) IN ED                    
S|27|000402|5|2|22|5U|2|T|2|3|H|2|3|G|13| |0|0| |2|P|N|P|000000000000|      |44875547| 93321212|    |      |72|00|027|N|            |N|5|00000031|0|        |S OF MSAS145 (W 70TH ST) IN ED                    
S|27|000405|1|1|22|2U|2|T|2|3|N|0|0| |13| |0|0| |2|L|N|P|000000000000|      |44954889| 93400607|    |      |72|00|027|N|            |N|2|00000169|0|        |N OF MSAS296 (CEDAR LAKE RD) I                    
S|27|000405|1|2|22|2U|2|T|2|3|N|0|0| |13| |0|0| |2|L|N|P|000000000000|      |44954889| 93400607|    |      |72|00|027|N|            |N|2|00000169|0|        |N OF MSAS296 (CEDAR LAKE RD) I                    
S|27|000405|5|1|22|2U|2|T|2|3|N|0|0| |13| |0|0| |2|L|N|P|000000000000|      |44954889| 93400607|    |      |72|00|027|N|            |N|2|00000169|0|        |N OF MSAS296 (CEDAR LAKE RD) I                    
S|27|000405|5|2|22|2U|2|T|2|3|N|0|0| |13| |0|0| |2|L|N|P|000000000000|      |44954889| 93400607|    |      |72|00|027|N|            |N|2|00000169|0|        |N OF MSAS296 (CEDAR LAKE RD) I                    
S|27|000407|3|1|22|4U|1|T|1|3|H|1|3|G|13| |0|0| |2|P|N|P|000000000000|      |44954281| 93572437|    |      |72|00|027|N|            |N|5|00000015|0|        |NE OF SPATES AVE IN ORONO                         
S|27|000407|7|1|22|4U|1|T|1|3|H|1|3|G|13| |0|0| |2|P|N|P|000000000000|      |44954281| 93572437|    |      |72|00|027|N|            |N|5|00000015|0|        |NE OF SPATES AVE IN ORONO                         
S|27|000410|1|1|22|4R|1|T|1|3|H|1|3|G|13| |0|0| |2|P|N|P|000000000000|      |44671258| 93439941|    |      |73|00|070|N|            |N|5|00000023|0|        |S OF CSAH68 (190TH ST E), S OF                    
S|27|000410|5|1|22|4R|1|T|1|3|H|1|3|G|13| |0|0| |2|P|N|P|000000000000|      |44671258| 93439941|    |      |73|00|070|N|            |N|5|00000023|0|        |S OF CSAH68 (190TH ST E), S OF                    
S|27|000420|3|1|22|3U|3|T|3|3|N|0|0| |13| |0|0| |2|L|N|P|000000000000|      |44739558| 93269291|    |      |85|00|019|N|            |N|5|00000042|0|        |W OF MSAS101 (PORTLAND AVE) IN                    
S|27|000420|3|2|22|3U|3|T|3|3|N|0|0| |13| |0|0| |2|L|N|P|000000000000|      |44739558| 93269291|    |      |85|00|019|N|            |N|5|00000042|0|        |W OF MSAS101 (PORTLAND AVE) IN                    
S|27|000420|3|3|22|3U|3|T|3|3|N|0|0| |13| |0|0| |2|L|N|P|000000000000|      |44739558| 93269291|    |      |85|00|019|N|            |N|5|00000042|0|        |W OF MSAS101 (PORTLAND AVE) IN                    
S|27|000420|7|1|22|3U|3|T|3|3|N|0|0| |13| |0|0| |2|L|N|P|000000000000|      |44739558| 93269291|    |      |85|00|019|N|            |N|5|00000042|0|        |W OF MSAS101 (PORTLAND AVE) IN                    
S|27|000420|7|2|22|3U|3|T|3|3|N|0|0| |13| |0|0| |2|L|N|P|000000000000|      |44739558| 93269291|    |      |85|00|019|N|            |N|5|00000042|0|        |W OF MSAS101 (PORTLAND AVE) IN                    
S|27|000420|7|3|22|3U|3|T|3|3|N|0|0| |13| |0|0| |2|L|N|P|000000000000|      |44739558| 93269291|    |      |85|00|019|N|            |N|5|00000042|0|        |W OF MSAS101 (PORTLAND AVE) IN                    
S|27|000422|3|0|22|3U|1|N|1|3|N|0|0| |13| |0|0| |2|P|N|P|000000000000|      |45196846| 93176988|    |      |88|14|002|N|            |N|5|00000014|0|        |.7 MI W OF CSAH17 (LEXINGTON AVE NE) IN BLAINE    
S|27|000422|7|0|22|3U|1|N|1|3|N|0|0| |13| |0|0| |2|P|N|P|000000000000|      |45196846| 93176988|    |      |88|14|002|N|            |N|5|00000014|0|        |.7 MI W OF CSAH17 (LEXINGTON AVE NE) IN BLAINE    
S|27|000425|3|1|22|4U|2|T|2|3|H|2|3|G|13| |0|0| |2|P|N|P|000000000000|      |44790159| 93191141|    |      |88|00|019|N|            |N|5|00000032|0|        |W OF MSAS109 (JOHNNY CAKE RIDG                    
S|27|000425|3|2|22|4U|2|T|2|3|H|2|3|G|13| |0|0| |2|P|N|P|000000000000|      |44790159| 93191141|    |      |88|00|019|N|            |N|5|00000032|0|        |W OF MSAS109 (JOHNNY CAKE RIDG                    
S|27|000425|7|1|22|4U|2|T|2|3|H|2|3|G|13| |0|0| |2|P|N|P|000000000000|      |44790159| 93191141|    |      |88|00|019|N|            |N|5|00000032|0|        |W OF MSAS109 (JOHNNY CAKE RIDG                    
S|27|000425|7|2|22|4U|2|T|2|3|H|2|3|G|13| |0|0| |2|P|N|P|000000000000|      |44790159| 93191141|    |      |88|00|019|N|            |N|5|00000032|0|        |W OF MSAS109 (JOHNNY CAKE RIDG                    
S|27|000458|3|1|22|7U|1|T|1|3|H|1|3|G|13| |0|0| |2|P|N|P|000000000000|      |44819749| 93609680|    |      |88|00|010|N|            |N|7|00000108|0|        |.3 MI W OF TH41 IN CHASKA                         
S|27|000458|7|1|22|7U|1|T|1|3|H|1|3|G|13| |0|0| |2|P|N|P|000000000000|      |44819749| 93609680|    |      |88|00|010|N|            |N|7|00000108|0|        |.3 MI W OF TH41 IN CHASKA                         
S|27|000460|3|1|22|5U|1|T|1|3|N|0|0| |13| |0|0| |2|L|N|P|000000000000|      |44731274| 92864641|    |      |88|00|019|N|            |N|7|00000128|0|        |W OF MSAS122 (PINE ST) IN HAST                    
S|27|000460|7|1|22|5U|1|T|1|3|N|0|0| |13| |0|0| |2|L|N|P|000000000000|      |44731274| 92864641|    |      |88|00|019|N|            |N|7|00000128|0|        |W OF MSAS122 (PINE ST) IN HAST                    
S|27|000464|3|1|22|4U|2|T|2|3|H|2|3|G|13| |0|0| |2|P|N|P|000000000000|      |45028095| 93045194|    |      |88|00|062|N|            |N|5|00000020|0|        |E OF TH61 IN MAPLEWOOD                            
S|27|000464|3|2|22|4U|2|T|2|3|H|2|3|G|13| |0|0| |2|P|N|P|000000000000|      |45028095| 93045194|    |      |88|00|062|N|            |N|5|00000020|0|        |E OF TH61 IN MAPLEWOOD                            
S|27|000464|7|1|22|4U|2|T|2|3|H|2|3|G|13| |0|0| |2|P|N|P|000000000000|      |45028095| 93045194|    |      |88|00|062|N|            |N|5|00000020|0|        |E OF TH61 IN MAPLEWOOD                            
S|27|000464|7|2|22|4U|2|T|2|3|H|2|3|G|13| |0|0| |2|P|N|P|000000000000|      |45028095| 93045194|    |      |88|00|062|N|            |N|5|00000020|0|        |E OF TH61 IN MAPLEWOOD                            
S|27|000495|1|1|22|2U|2|T|2|2|H|2|2|D|04| |0|0| |2|W|N|P|000000000000|      |44156598| 94028686|    |      |14|00|007|N|            |N|2|00000169|0|        |.2 MI SW OF MN66 (SIBLEY ST) I                    
S|27|000495|1|2|22|2U|2|T|2|2|H|2|2|D|04| |0|0| |2|W|N|P|000000000000|      |44156598| 94028686|    |      |14|00|007|N|            |N|2|00000169|0|        |.2 MI SW OF MN66 (SIBLEY ST) I                    
S|27|000495|5|1|22|2U|2|T|2|2|H|2|2|D|04| |0|0| |2|W|N|P|000000000000|      |44156598| 94028686|    |      |14|00|007|N|            |N|2|00000169|0|        |.2 MI SW OF MN66 (SIBLEY ST) I                    
S|27|000495|5|2|22|2U|2|T|2|2|H|2|2|D|04| |0|0| |2|W|N|P|000000000000|      |44156598| 94028686|    |      |14|00|007|N|            |N|2|00000169|0|        |.2 MI SW OF MN66 (SIBLEY ST) I                    
S|27|000949|3|1|22|1R|3|T|3|2|H|3|2|D|04| |0|0| |2|W|N|P|000000000000|      |46846819| 96664696|    |      |09|00|014|N|            |N|1|00000094|0|        |W OF MN336, E OF MOORHEAD                         
S|27|000949|3|2|22|1R|3|T|3|2|H|3|2|D|04| |0|0| |2|W|N|P|000000000000|      |46846819| 96664696|    |      |09|00|014|N|            |N|1|00000094|0|        |W OF MN336, E OF MOORHEAD                         
S|27|000949|3|3|22|1R|3|T|3|2|H|3|2|D|04| |0|0| |2|W|N|P|000000000000|      |46846819| 96664696|    |      |09|00|014|N|            |N|1|00000094|0|        |W OF MN336, E OF MOORHEAD                         
S|27|000949|7|1|22|1R|2|T|2|2|H|2|2|D|04| |0|0| |2|W|N|P|000000000000|      |46846819| 96664696|    |      |09|00|014|N|            |N|1|00000094|0|        |W OF MN336, E OF MOORHEAD                         
S|27|000949|7|2|22|1R|2|T|2|2|H|2|2|D|04| |0|0| |2|W|N|P|000000000000|      |46846819| 96664696|    |      |09|00|014|N|            |N|1|00000094|0|        |W OF MN336, E OF MOORHEAD                         
S|27|001335|7|1|22|1R|2|T|2|2|H|2|2|D|04| |0|0| |2|W|N|P|000000000000|      |45837584| 95365760|    |      |11|00|021|N|            |N|1|00000094|0|        |1.2 MI E OF MN29, S OF ALEXAND                    
S|27|001335|7|2|22|1R|2|T|2|2|H|2|2|D|04| |0|0| |2|W|N|P|000000000000|      |45837584| 95365760|    |      |11|00|021|N|            |N|1|00000094|0|        |1.2 MI E OF MN29, S OF ALEXAND                    
S|27|001604|1|1|22|1R|2|T|2|2|H|2|2|D|04| |0|0| |2|W|N|P|000000000000|      |43508215| 93355510|    |      |12|00|024|N|            |N|1|00000035|0|        |.6 MI N OF CSAH1 (STATE LINE R                    
S|27|001604|1|2|22|1R|2|T|2|2|H|2|2|D|04| |0|0| |2|W|N|P|000000000000|      |43508215| 93355510|    |      |12|00|024|N|            |N|1|00000035|0|        |.6 MI N OF CSAH1 (STATE LINE R                    
S|27|001940|3|1|22|4R|1|T|1|2|H|1|2|D|04| |0|0| |2|W|N|P|000000000000|      |43719533| 91436219|    |      |16|00|028|N|            |N|3|00000044|0|        |.1 MI SW OF INDIAN SPRINGS RD,                    
S|27|001940|7|1|22|4R|1|T|1|2|H|1|2|D|04| |0|0| |2|W|N|P|000000000000|      |43719533| 91436219|    |      |16|00|028|N|            |N|3|00000044|0|        |.1 MI SW OF INDIAN SPRINGS RD,                    
S|27|003371|1|1|22|4R|1|T|1|2|H|1|2|D|04| |0|0| |2|W|N|P|000000000000|      |46157435| 94104232|    |      |16|00|018|N|            |N|3|00000025|0|        |.1 MI N OF 273RD ST, NW OF HAR                    
S|27|003371|5|1|22|4R|1|T|1|2|H|1|2|D|04| |0|0| |2|W|N|P|000000000000|      |46157435| 94104232|    |      |16|00|018|N|            |N|3|00000025|0|        |.1 MI N OF 273RD ST, NW OF HAR                    
S|27|003467|3|1|22|1R|2|T|2|2|H|2|2|D|04| |0|0| |2|W|N|P|000000000000|      |43727442| 92681023|    |      |16|00|050|N|            |N|1|00000090|0|        |.4 MI S OF CSAH2 (260TH ST), N                    
S|27|003467|3|2|22|1R|2|T|2|2|H|2|2|D|04| |0|0| |2|W|N|P|000000000000|      |43727442| 92681023|    |      |16|00|050|N|            |N|1|00000090|0|        |.4 MI S OF CSAH2 (260TH ST), N                    
S|27|003467|7|1|22|1R|2|T|2|2|H|2|2|D|04| |0|0| |2|W|N|P|000000000000|      |43727442| 92681023|    |      |16|00|050|N|            |N|1|00000090|0|        |.4 MI S OF CSAH2 (260TH ST), N                    
S|27|003467|7|2|22|1R|2|T|2|2|H|2|2|D|04| |0|0| |2|W|N|P|000000000000|      |43727442| 92681023|    |      |16|00|050|N|            |N|1|00000090|0|        |.4 MI S OF CSAH2 (260TH ST), N                    
S|27|003790|1|1|22|3U|2|T|2|2|H|2|2|D|04| |0|0| |2|W|N|P|000000000000|      |43901366| 92482449|    |      |14|00|055|N|            |N|2|00000063|0|        |.2 MI N OF 85TH ST SE IN ROCHE                    
S|27|003790|1|2|22|3U|2|T|2|2|H|2|2|D|04| |0|0| |2|W|N|P|000000000000|      |43901366| 92482449|    |      |14|00|055|N|            |N|2|00000063|0|        |.2 MI N OF 85TH ST SE IN ROCHE                    
S|27|003790|5|1|22|3U|2|T|2|2|H|2|2|D|04| |0|0| |2|W|N|P|000000000000|      |43901366| 92482449|    |      |14|00|055|N|            |N|2|00000063|0|        |.2 MI N OF 85TH ST SE IN ROCHE                    
S|27|003790|5|2|22|3U|2|T|2|2|H|2|2|D|04| |0|0| |2|W|N|P|000000000000|      |43901366| 92482449|    |      |14|00|055|N|            |N|2|00000063|0|        |.2 MI N OF 85TH ST SE IN ROCHE                    
S|27|003801|3|1|22|1R|2|T|2|2|H|2|2|D|04| |0|0| |2|W|N|P|000000000000|      |43956080| 92195567|    |      |14|00|055|N|            |N|1|00000090|0|        |.8 MI W OF CSAH32, SE OF EYOTA                    
S|27|003801|3|2|22|1R|2|T|2|2|H|2|2|D|04| |0|0| |2|W|N|P|000000000000|      |43956080| 92195567|    |      |14|00|055|N|            |N|1|00000090|0|        |.8 MI W OF CSAH32, SE OF EYOTA                    
S|27|003801|7|1|22|1R|2|T|2|2|H|2|2|D|04| |0|0| |2|W|N|P|000000000000|      |43956080| 92195567|    |      |14|00|055|N|            |N|1|00000090|0|        |.8 MI W OF CSAH32, SE OF EYOTA                    
S|27|003801|7|2|22|1R|2|T|2|2|H|2|2|D|04| |0|0| |2|W|N|P|000000000000|      |43956080| 92195567|    |      |14|00|055|N|            |N|1|00000090|0|        |.8 MI W OF CSAH32, SE OF EYOTA                    
S|27|004820|3|1|22|1R|2|T|2|2|H|2|2|D|04| |0|0| |2|W|N|P|000000000000|      |43608459| 96380157|    |      |12|00|067|N|            |N|1|00000090|0|        |W OF CSAH 4, W OF BEAVER CREEK                    
S|27|004820|3|2|22|1R|2|T|2|2|H|2|2|D|04| |0|0| |2|W|N|P|000000000000|      |43608459| 96380157|    |      |12|00|067|N|            |N|1|00000090|0|        |W OF CSAH 4, W OF BEAVER CREEK                    
S|27|004820|7|1|22|1R|2|T|2|2|H|2|2|D|04| |0|0| |2|W|N|P|000000000000|      |43608459| 96380157|    |      |12|00|067|N|            |N|1|00000090|0|        |W OF CSAH 4, W OF BEAVER CREEK                    
S|27|004820|7|2|22|1R|2|T|2|2|H|2|2|D|04| |0|0| |2|W|N|P|000000000000|      |43608459| 96380157|    |      |12|00|067|N|            |N|1|00000090|0|        |W OF CSAH 4, W OF BEAVER CREEK                    
S|27|004910|1|1|22|3R|2|T|2|2|H|2|2|D|04| |0|0| |2|W|N|P|000000000000|      |46923945| 92412803|    |      |16|00|069|N|            |N|2|00000053|0|        |N OF CSAH8 (DULUTH SAINT VINCE                    
S|27|004910|1|2|22|3R|2|T|2|2|H|2|2|D|04| |0|0| |2|W|N|P|000000000000|      |46923945| 92412803|    |      |16|00|069|N|            |N|2|00000053|0|        |N OF CSAH8 (DULUTH SAINT VINCE                    
S|27|004910|5|1|22|3R|2|T|2|2|H|2|2|D|04| |0|0| |2|W|N|P|000000000000|      |46923945| 92412803|    |      |16|00|069|N|            |N|2|00000053|0|        |N OF CSAH8 (DULUTH SAINT VINCE                    
S|27|004910|5|2|22|3R|2|T|2|2|H|2|2|D|04| |0|0| |2|W|N|P|000000000000|      |46923945| 92412803|    |      |16|00|069|N|            |N|2|00000053|0|        |N OF CSAH8 (DULUTH SAINT VINCE                    
S|27|005984|1|1|22|3R|2|T|2|2|H|2|2|D|04| |0|0| |2|W|N|P|000000000000|      |44288899| 91989601|    |      |14|00|079|N|            |N|2|00000061|0|        |.9 MI SE OF CSAH18, S OF KELLO                    
S|27|005984|1|2|22|3R|2|T|2|2|H|2|2|D|04| |0|0| |2|W|N|P|000000000000|      |44288899| 91989601|    |      |14|00|079|N|            |N|2|00000061|0|        |.9 MI SE OF CSAH18, S OF KELLO                    
S|27|005984|5|1|22|3R|2|T|2|2|H|2|2|D|04| |0|0| |2|W|N|P|000000000000|      |44288899| 91989601|    |      |14|00|079|N|            |N|2|00000061|0|        |.9 MI SE OF CSAH18, S OF KELLO                    
S|27|005984|5|2|22|3R|2|T|2|2|H|2|2|D|04| |0|0| |2|W|N|P|000000000000|      |44288899| 91989601|    |      |14|00|079|N|            |N|2|00000061|0|        |.9 MI SE OF CSAH18, S OF KELLO                    
S|27|006224|3|1|22|1R|2|T|2|2|H|2|2|D|04| |0|0| |2|W|N|P|000000000000|      |46485437| 96285428|    |      |14|00|084|N|            |N|1|00000094|0|        |W OF CSAH11, NW OF ROTHSAY                        
S|27|006224|3|2|22|1R|2|T|2|2|H|2|2|D|04| |0|0| |2|W|N|P|000000000000|      |46485437| 96285428|    |      |14|00|084|N|            |N|1|00000094|0|        |W OF CSAH11, NW OF ROTHSAY                        
S|27|006224|7|1|22|1R|2|T|2|2|H|2|2|D|04| |0|0| |2|W|N|P|000000000000|      |46485437| 96285428|    |      |14|00|084|N|            |N|1|00000094|0|        |W OF CSAH11, NW OF ROTHSAY                        
S|27|006224|7|2|22|1R|2|T|2|2|H|2|2|D|04| |0|0| |2|W|N|P|000000000000|      |46485437| 96285428|    |      |14|00|084|N|            |N|1|00000094|0|        |W OF CSAH11, NW OF ROTHSAY                        
S|27|006782|3|1|22|1R|2|T|2|2|H|2|2|D|04| |0|0| |2|W|N|P|000000000000|      |45249691| 93685604|    |      |09|00|086|N|            |N|1|00000094|0|        |1.2 MI W OF CSAH19 (LA BEAUX A                    
S|27|006782|3|2|22|1R|2|T|2|2|H|2|2|D|04| |0|0| |2|W|N|P|000000000000|      |45249691| 93685604|    |      |09|00|086|N|            |N|1|00000094|0|        |1.2 MI W OF CSAH19 (LA BEAUX A                    
S|27|006782|7|1|22|1R|2|T|2|2|H|2|2|D|04| |0|0| |2|W|N|P|000000000000|      |45249691| 93685604|    |      |09|00|086|N|            |N|1|00000094|0|        |1.2 MI W OF CSAH19 (LA BEAUX A                    
S|27|006782|7|2|22|1R|2|T|2|2|H|2|2|D|04| |0|0| |2|W|N|P|000000000000|      |45249691| 93685604|    |      |09|00|086|N|            |N|1|00000094|0|        |1.2 MI W OF CSAH19 (LA BEAUX A                    
