Record_Type|Year_Record|State_Code|Station_Id|Travel_Dir|Travel_Lane|F_System|Num_Lanes|Sample_Type_Volume|Num_Lanes_Volume|Method_Volume|Sample_Type_Class|Num_Lanes_Class|Method_Class|Algorithm_Volume|Num_Classes|Sample_Type_Truck|Num_Lanes_Truck|Method_Truck|Calibration|Data_Retrieval|Type_Sensor_1|Type_Sensor_2|Primary_Purpose|LRS_Id|LRS_Point|Latitude|Longitude|SHRP_Id|Prev_Station_Id|Year_Established|Year_Discontinued|County_Code|Is_Sample|Sample_Id|NHS|Posted_Route_Signing|Posted_Signed_Route|Con_Route_Signing|Con_Signed_Route|Station_Location
S|29|001011|1|1|22|3R|1|T|1|3| |0|0| |13|T|1|0|Z|2|L|Q|P|000000202900|500947|40489605| 95030860|    |      |72|00|147|N|            |Y|2|00000071|2|        |US 71 1.0 MILES S/O RT B                          
S|29|001013|5|1|22|3R|1|T|1|3| |0|0| |13|T|1|0|Z|2|L|Q|P|000000203000|      |40489605| 95030860|    |      |72|00|147|N|            |Y|2|00000071|2|        |US 71 1.0 MILES S/O RT B                          
S|29|001051|1|1|22|5R|1|T|1|3| |0|0| |13|T|1|0|Z|2|L|Q|P|000000201200|449548|40079944| 94003490|    |      |72|00|061|N|            |N|3|00000013|3|        |MO 13 1.5 MILES S/O RT B S/O COFFEY               
S|29|001053|5|1|22|5R|1|T|1|3| |0|0| |13|T|1|0|Z|2|L|Q|P|000000201100|      |40079944| 94003490|    |      |72|00|061|N|            |N|3|00000013|3|        |MO 13 1.5 MILES S/O RT B S/O COFFEY               
S|29|001081|1|1|22|1R|2|T|2|3|H|2|3|D|03| |0|0| |2|U|U|P|000000586500|      |39624544| 94788020|    |      |72|00|021|N|            |Y|1|00000029|1|        |IS 29 1.7 MILES N/O RT DD                         
S|29|001081|1|2|22|1R|2|T|2|3|H|2|3|D|03| |0|0| |2|U|U|P|000000586500|      |39624544| 94788020|    |      |72|00|021|N|            |Y|1|00000029|1|        |IS 29 1.7 MILES N/O RT DD                         
S|29|001083|5|1|22|1R|2|T|2|3|H|2|3|D|03| |0|0| |2|W|W|P|000000587800|139485|39624537| 94788320|    |      |72|00|021|N|            |Y|1|00000029|1|        |IS 29 1.7 MILES N/O RT DD                         
S|29|001083|5|2|22|1R|2|T|2|3|H|2|3|D|03| |0|0| |2|W|W|P|000000587800|139485|39624537| 94788320|    |      |72|00|021|N|            |Y|1|00000029|1|        |IS 29 1.7 MILES N/O RT DD                         
S|29|001821|1|1|22|1R|2|T|2|3|H|2|3|F|13|T|2|5|D|2|Q|L|P|000000586500|148647|40164066| 95285720|    |      |72|00|087|N|            |Y|1|00000029|1|        |IS 29 3.2 MILES N/O MO 118 (RESEARCH)             
S|29|001821|1|2|22|1R|2|T|2|3|H|2|3|F|13|T|2|5|D|2|Q|L|P|000000586500|148647|40164066| 95285720|    |      |72|00|087|N|            |Y|1|00000029|1|        |IS 29 3.2 MILES N/O MO 118 (RESEARCH)             
S|29|001823|5|1|22|1R|2|T|2|3|H|2|3|F|13|T|2|5|D|2|Q|L|P|000000587800|      |40163807| 95285920|    |      |72|00|087|N|            |Y|1|00000029|1|        |IS 29 3.2 MILES N/O MO 118 (RESEARCH)             
S|29|001823|5|2|22|1R|2|T|2|3|H|2|3|F|13|T|2|5|D|2|Q|L|P|000000587800|      |40163807| 95285920|    |      |72|00|087|N|            |Y|1|00000029|1|        |IS 29 3.2 MILES N/O MO 118 (RESEARCH)             
S|29|001881|1|1|22|1R|2|T|2|3|H|2|3|F|13|B|2|5|D|2|Q|L|P|000000498400|133162|40131004| 94050620|5000|      |72|00|061|N|            |Y|1|00000035|1|        |IS 35 2.0 MILES N/O RT B                          
S|29|001881|1|2|22|1R|2|T|2|3|H|2|3|F|13|B|2|5|D|2|Q|L|P|000000498400|133162|40131004| 94050620|5000|      |72|00|061|N|            |Y|1|00000035|1|        |IS 35 2.0 MILES N/O RT B                          
S|29|001883|5|1|22|1R|2|T|2|3|H|2|3|F|13|B|2|5|D|2|Q|L|P|000000498600|      |40131020| 94050970|0600|      |72|00|061|N|            |Y|1|00000035|1|        |IS 35 2.0 MILES N/O RT B                          
S|29|001883|5|2|22|1R|2|T|2|3|H|2|3|F|13|B|2|5|D|2|Q|L|P|000000498600|      |40131020| 94050970|0600|      |72|00|061|N|            |Y|1|00000035|1|        |IS 35 2.0 MILES N/O RT B                          
S|29|001961|1|1|22|3U|3|T|3|3| |3|3|D|03|T|3|0|Z|2|W|W|P|000000586300|      |39760915| 94803680|    |      |72|00|021|N|            |Y|2|00000169|2|        |US 169 S/O TREVILLIAN DR                          
S|29|001961|1|2|22|3U|3|T|3|3| |3|3|D|03|T|3|0|Z|2|W|W|P|000000586300|      |39760915| 94803680|    |      |72|00|021|N|            |Y|2|00000169|2|        |US 169 S/O TREVILLIAN DR                          
S|29|001961|1|3|22|3U|3|T|3|3| |3|3|D|03|T|3|0|Z|2|W|W|P|000000586300|      |39760915| 94803680|    |      |72|00|021|N|            |Y|2|00000169|2|        |US 169 S/O TREVILLIAN DR                          
S|29|001963|5|1|22|3U|2|T|2|3| |2|3|D|03|T|2|0|Z|2|W|W|P|000000586200|118071|39760915| 94803680|    |      |72|00|021|Y|005862072961|Y|2|00000169|2|        |US 169 S/O TREVILLIAN DR                          
S|29|001963|5|2|22|3U|2|T|2|3| |2|3|D|03|T|2|0|Z|2|W|W|P|000000586200|118071|39760915| 94803680|    |      |72|00|021|Y|005862072961|Y|2|00000169|2|        |US 169 S/O TREVILLIAN DR                          
S|29|001982|3|1|22|3U|2|T|2|3| |2|3|F|13|T|0|0|Z|2|L|L|P|      356000|      |39747561| 94811480|    |      |72|00|000|N|            |N|2|      36|2|      36|US 36 0.6 MILES W/O US 169 E/O 33RD ST OVERPASS   
S|29|001982|3|2|22|3U|2|T|2|3| |2|3|F|13|T|0|0|Z|2|L|L|P|      356000|      |39747561| 94811480|    |      |72|00|000|N|            |N|2|      36|2|      36|US 36 0.6 MILES W/O US 169 E/O 33RD ST OVERPASS   
S|29|001984|7|1|22|3U|2|T|2|3| |2|3|F|13|T|0|0|Z|2|L|L|P|      356100|305825|39747666| 94811482|    |      |72|00|000|N|            |N|2|      36|2|      36|US 36 0.6 MILES W/O US 169 E/O 33RD ST OVERPASS   
S|29|001984|7|2|22|3U|2|T|2|3| |2|3|F|13|T|0|0|Z|2|L|L|P|      356100|305825|39747666| 94811482|    |      |72|00|000|N|            |N|2|      36|2|      36|US 36 0.6 MILES W/O US 169 E/O 33RD ST OVERPASS   
S|29|002001|1|1|22|3R|2|T|2|3|H|2|3|F|13|T|2|5|D|2|L|Q|P|000000005600|451482|39815552| 92472980|    |      |72|00|121|N|            |Y|2|00000063|2|        |US 63 0.9 MI. N/O RT. DD                          
S|29|002001|1|2|22|3R|2|T|2|3|H|2|3|F|13|T|2|5|D|2|L|Q|P|000000005600|451482|39815552| 92472980|    |      |72|00|121|N|            |Y|2|00000063|2|        |US 63 0.9 MI. N/O RT. DD                          
S|29|002003|5|1|22|3R|2|T|2|3|N|2|3|K|13|T|2|5|D|2|L|Q|P|000000005700|      |39815587| 92473320|    |      |72|00|121|N|            |Y|2|00000063|2|        |US 63 0.9 MI. N/O RT. DD                          
S|29|002003|5|2|22|3R|2|T|2|3|N|2|3|K|13|T|2|5|D|2|L|Q|P|000000005700|      |39815587| 92473320|    |      |72|00|121|N|            |Y|2|00000063|2|        |US 63 0.9 MI. N/O RT. DD                          
S|29|002021|1|1|22|3R|2|T|2|3|H|2|3|F|13|T|2|5|D|2|Q|L|P|000000005600|481921|40080443| 92511850|    |      |72|00|001|N|            |Y|2|00000063|2|        |US 63 1.4 MILES S/O RT KK                         
S|29|002021|1|2|22|3R|2|T|2|3|H|2|3|F|13|T|2|5|D|2|Q|L|P|000000005600|481921|40080443| 92511850|    |      |72|00|001|N|            |Y|2|00000063|2|        |US 63 1.4 MILES S/O RT KK                         
S|29|002023|5|1|22|3R|2|T|2|3|H|2|3|F|13|T|2|5|D|2|Q|L|P|000000005700|      |40080351| 92512120|    |      |72|00|001|N|            |Y|2|00000063|2|        |US 63 1.4 MILES S/O RT KK                         
S|29|002023|5|2|22|3R|2|T|2|3|H|2|3|F|13|T|2|5|D|2|Q|L|P|000000005700|      |40080351| 92512120|    |      |72|00|001|N|            |Y|2|00000063|2|        |US 63 1.4 MILES S/O RT KK                         
S|29|002032|3|1|22|3R|2|T|2|3|N|2|3|F|13|T|2|0|Z|2|L|Q|P|000000356000|202845|39755886| 92541650|    |      |72|00|121|N|            |Y|2|00000036|2|00000036|US 36 1.0 MILES E/O RTS C-O                       
S|29|002032|3|2|22|3R|2|T|2|3|N|2|3|F|13|T|2|0|Z|2|L|Q|P|000000356000|202845|39755886| 92541650|    |      |72|00|121|N|            |Y|2|00000036|2|00000036|US 36 1.0 MILES E/O RTS C-O                       
S|29|002034|7|1|22|3R|2|T|2|3|N|2|3|F|13|T|2|0|Z|2|L|Q|P|000000356100|107179|39756098| 92541500|    |      |72|00|121|N|            |Y|2|00000036|2|00000036|US 36 1.0 MILES E/O RTS C-O                       
S|29|002034|7|2|22|3R|2|T|2|3|N|2|3|F|13|T|2|0|Z|2|L|Q|P|000000356100|107179|39756098| 92541500|    |      |72|00|121|N|            |Y|2|00000036|2|00000036|US 36 1.0 MILES E/O RTS C-O                       
S|29|002041|1|1|22|4R|1|N|1|3|N|1|3|F|13| |0|0|D|2|L|Q|P|000000355900|      |40486816| 92367740|    |      |14|00|197|N|            |N|2|00000136|2|00000136|US-136 0.3 mi e/o Route N                         
S|29|002041|3|1|22|4R|1|T|1|3|N|1|3|F|13| |0|0|D|2|L|Q|P|000000355900|      |40486816| 92367740|    |      |14|00|197|N|            |N|2|00000136|2|00000136|US-136 0.3 mi e/o Route N                         
S|29|002043|5|1|22|4R|1|N|1|3|N|1|3|F|13| |0|0|D|2|L|Q|P|000000035580|294671|40485403| 92695486|    |      |14|00|197|N|            |N|2|00000136|2|00000136|US-136 0.3 mi e/o Route N                         
S|29|002043|7|1|22|4R|1|T|1|3|N|1|3|F|13| |0|0| |2|L|Q|P| 00000035580|294671|40485403| 92695486|    |      |14|00|197|N|            |N|2|00000136|2|00000136|US-136 0.3 mi e/o Route N                         
S|29|002061|1|1|22|3R|1|T|1|3|N|1|3|G|13|T|1|4|T|2|Q|L|P|000000201000|401496|39719649| 93555390|7073|      |72|00|117|N|            |Y|2|00000065|2|00000065|US 65 3.7 MILES S/O US 36                         
S|29|002063|5|1|22|3R|1|T|1|3|N|1|3|G|13|T|1|4|T|2|L|Q|P|000000200900|102417|39719649| 93555390|    |      |72|00|117|Y|059037913612|Y|2|00000065|2|00000065|US 65 3.7 MILES S/O US 36                         
S|29|002322|1|1|22|4R|1|T|1|3|N|1|3|G|03| |0|0| |2|L| |P|000000105600|      |37612885| 93452530|    |      |12|00|167|N|            |N|3|00000032|3|00000032|MO 32 0.3 MILE W/O MO 13                          
S|29|002324|5|1|22|4R|1|T|1|3|N|1|3|F|03| |0|0| |2|L| |P|000000782400|385662|37612885| 93452530|    |      |12|00|167|N|            |N|3|00000032|3|00000032|MO 32 0.3 MILE W/O MO 13                          
S|29|002462|3|1|22|7U|1|T|1|3|N|1|3|Z|03| |0|0|D|2|Q|L|P|000099354200|      |39356747| 91196900|    |      |12|00|163|N|            |N|0|00000054|0|00000054|OLD US 54 0.2 MILES E/O BU 61                     
S|29|002464|7|1|22|7U|1|N|1|3|N|1|3|Z|03| |0|0| |2|L| |P|000099381700|      |39356747| 91196900|    |      |12|00|163|N|            |N|0|00000054|0|00000054|OLD US 54 0.2 MILES E/O BU 61                     
S|29|003021|1|1|22|3R|2|T|2|3|H|2|3|F|13|T|2|5|D|2|Q|L|P|000000777300|592214|40140837| 91539310|    |      |72|00|111|N|            |Y|2|00000061|2|        |US 61 0.4 MILES N/O MO 16                         
S|29|003021|1|2|22|3R|2|T|2|3|H|2|3|F|13|T|2|5|D|2|Q|L|P|000000777300|592214|40140837| 91539310|    |      |72|00|111|N|            |Y|2|00000061|2|        |US 61 0.4 MILES N/O MO 16                         
S|29|003023|5|1|22|3R|2|T|2|3|H|2|3|F|13|T|2|5|D|2|Q|L|P|000000001100|      |40140867| 91539610|    |      |72|00|111|N|            |Y|2|00000061|2|        |US 61 0.4 MILES N/O MO 16                         
S|29|003023|5|2|22|3R|2|T|2|3|H|2|3|F|13|T|2|5|D|2|Q|L|P|000000001100|      |40140867| 91539610|    |      |72|00|111|N|            |Y|2|00000061|2|        |US 61 0.4 MILES N/O MO 16                         
S|29|003081|1|1|22|4R|1|T|1|3|N|1|3|G|13|T|1|5|T|2|L|Q|P|000000762800|      |39779656| 92041910|    |      |72|00|205|N|            |N|3|00000015|3|00000015|MO 15 0.2 MILES N/O RTS AA-U                      
S|29|003083|5|1|22|4R|1|T|1|3|N|1|3|G|13|T|1|5|T|2|L|Q|P|000000762900|109590|39779656| 92041910|    |      |72|00|205|N|            |N|3|00000015|3|00000015|MO 15 0.2 MILES N/O RTS AA-U                      
S|29|003122|3|1|22|3R|1|T|1|3| |1|0|G|15|T|1|4|D|2|L|L|P|      198500|371810|39225105| 91646060|    |      |04|00|000|N|            |N|2|      54|2|       0|US 54-MO 19 0.8 MILES S/O RT K-KK                 
S|29|003124|7|1|22|3R|1|T|1|3| |1|0|G|15|T|1|0|D|2|L|L|P|      198600|      |39225105| 91646060|    |      |04|00|000|N|            |N|2|      54|2|       0|US 54-MO 19 0.8 MILES S/O RT K-KK                 
S|29|004042|3|1|22|1U|3|T|3|3|H|3|3|D|03|T|0|0|Z|2|U|U|P|000000001900|      |39036329| 94322690|    |      |72|00|095|Y|048162017096|Y|1|00000070|1|        |IS 70 1.0 MI. E/O LITTLE BLUE EXPWY               
S|29|004042|3|2|22|1U|3|T|3|3|H|3|3|D|03|T|0|0|Z|2|U|U|P|000000001900|      |39036329| 94322690|    |      |72|00|095|Y|048162017096|Y|1|00000070|1|        |IS 70 1.0 MI. E/O LITTLE BLUE EXPWY               
S|29|004042|3|3|22|1U|3|T|3|3|H|3|3|D|03|T|0|0|Z|2|U|U|P|000000001900|      |39036329| 94322690|    |      |72|00|095|Y|048162017096|Y|1|00000070|1|        |IS 70 1.0 MI. E/O LITTLE BLUE EXPWY               
S|29|004044|7|1|22|1U|3|T|3|2|H|3|3|D|03| |0|0| |2|W|W|P|000000350600|376308|39036527| 94322710|    |      |72|00|095|N|            |Y|1|00000070|1|        |IS 70 1.0 MI. E/O LITTLE BLUE EXPWY               
S|29|004044|7|2|22|1U|3|T|3|2|H|3|3|D|03| |0|0| |2|W|W|P|000000350600|376308|39036527| 94322710|    |      |72|00|095|N|            |Y|1|00000070|1|        |IS 70 1.0 MI. E/O LITTLE BLUE EXPWY               
S|29|004044|7|3|22|1U|3|T|3|2|H|3|3|D|03| |0|0| |2|W|W|P|000000350600|376308|39036527| 94322710|    |      |72|00|095|N|            |Y|1|00000070|1|        |IS 70 1.0 MI. E/O LITTLE BLUE EXPWY               
S|29|004191|1|1|22|3U|3|T|3|3| |1|0| |13|T|3|0|Z|2|L|Q|P|000000196600|287931|39033430| 94271630|    |      |72|00|095|N|            |N|3|00000007|3|        |MO 7 0.2 MILE N/O IS 70                           
S|29|004191|1|2|22|3U|3|T|3|3| |1|0| |13|T|3|0|Z|2|L|Q|P|000000196600|287931|39033430| 94271630|    |      |72|00|095|N|            |N|3|00000007|3|        |MO 7 0.2 MILE N/O IS 70                           
S|29|004191|1|3|22|3U|3|T|3|3| |1|0| |13|T|3|0|Z|2|L|Q|P|000000196600|287931|39033430| 94271630|    |      |72|00|095|N|            |N|3|00000007|3|        |MO 7 0.2 MILE N/O IS 70                           
S|29|004193|5|1|22|3U|2|T|2|3| |1|0| |13|T|2|0|Z|2|L|Q|P|000000196700|      |39033430| 94271630|    |      |72|00|095|N|            |N|3|00000007|3|        |MO 7 0.2 MILE N/O IS 70                           
S|29|004193|5|2|22|3U|2|T|2|3| |1|0| |13|T|2|0|Z|2|L|Q|P|000000196700|      |39033430| 94271630|    |      |72|00|095|N|            |N|3|00000007|3|        |MO 7 0.2 MILE N/O IS 70                           
S|29|004201|1|1|22|1U|2|T|2|3|H|2|3|F|13|B|2|5|D|2|Q|L|P|000000603900|      |39289890| 94509970|4036|      |72|00|047|N|            |Y|1|00000435|1|        |IS 435 0.1 MILES N/O 108TH ST                     
S|29|004201|1|2|22|1U|2|T|2|3|H|2|3|F|13|B|2|5|D|2|Q|L|P|000000603900|      |39289890| 94509970|4036|      |72|00|047|N|            |Y|1|00000435|1|        |IS 435 0.1 MILES N/O 108TH ST                     
S|29|004203|5|1|22|1U|2|T|2|3|H|2|3|F|13|T|2|5|D|2|Q|L|P|000000604200|      |39289891| 94510390|    |      |72|00|047|Y|024435026697|Y|1|00000435|1|        |IS 435 0.1 MILES N/O 108TH ST                     
S|29|004203|5|2|22|1U|2|T|2|3|H|2|3|F|13|T|2|5|D|2|Q|L|P|000000604200|      |39289891| 94510390|    |      |72|00|047|Y|024435026697|Y|1|00000435|1|        |IS 435 0.1 MILES N/O 108TH ST                     
S|29|004302|3|1|22|3U|3|T|3|3| |3|0|D|03|T|3|0|Z|2|W|W|P|      350700|126245|38706912| 93260760|    |      |72|00|159|N|            |N|2|      50|2|       0|US 50 0.2 MILES W/O STATE FAIR BLVD               
S|29|004302|3|2|22|3U|3|T|3|3| |3|0|D|03|T|3|0|Z|2|W|W|P|      350700|126245|38706912| 93260760|    |      |72|00|159|N|            |N|2|      50|2|       0|US 50 0.2 MILES W/O STATE FAIR BLVD               
S|29|004302|3|3|22|3U|3|T|3|3| |3|0|D|03|T|3|0|Z|2|W|W|P|      350700|126245|38706912| 93260760|    |      |72|00|159|N|            |N|2|      50|2|       0|US 50 0.2 MILES W/O STATE FAIR BLVD               
S|29|004304|7|1|22|3U|2|T|2|3| |2|0|D|03|T|2|0|Z|2|W|W|P|      350800|296031|38706912| 93260760|    |      |72|00|159|N|            |N|2|      50|2|       0|US 50 0.2 MILES W/O STATE FAIR BLVD               
S|29|004304|7|2|22|3U|2|T|2|3| |2|0|D|03|T|2|0|Z|2|W|W|P|      350800|296031|38706912| 93260760|    |      |72|00|159|N|            |N|2|      50|2|       0|US 50 0.2 MILES W/O STATE FAIR BLVD               
S|29|004411|1|1|22|3R|2|T|2|3|H|2|3|F|13|T|2|5|D|2|L|Q|P|000000201000|273040|38785965| 93225210|    |      |72|00|159|N|            |Y|2|00000065|2|        |US 65 3.0 MILES N/O RTS H-HH                      
S|29|004411|1|2|22|3R|2|T|2|3|H|2|3|F|13|T|2|5|D|2|L|Q|P|000000201000|273040|38785965| 93225210|    |      |72|00|159|N|            |Y|2|00000065|2|        |US 65 3.0 MILES N/O RTS H-HH                      
S|29|004413|5|1|22|3R|2|T|2|3|H|2|3|F|13|B|2|5|D|2|L|Q|P|000000200900|230846|38785978| 93225500|0900|      |72|00|159|N|            |Y|2|00000065|2|        |US 65 3.0 MILES N/O RTS H-HH                      
S|29|004413|5|2|22|3R|2|T|2|3|H|2|3|F|13|B|2|5|D|2|L|Q|P|000000200900|230846|38785978| 93225500|0900|      |72|00|159|N|            |Y|2|00000065|2|        |US 65 3.0 MILES N/O RTS H-HH                      
S|29|004702|3|1|22|2U|2|T|2|3|H|2|3|D|03|T|2|4|T|2|U|U|P|000000397400|      |39156721| 94436135|0000|000000|72|00|047|Y|330001201011|Y|3|00000210|3|00000000|MO 210 2.8 MILES W/O MO 291                       
S|29|004702|3|2|22|2U|2|T|2|3|H|2|3|D|03|T|2|4|T|2|U|U|P|000000397400|      |39156721| 94436135|0000|000000|72|00|047|Y|330001201011|Y|3|00000210|3|00000000|MO 210 2.8 MILES W/O MO 291                       
S|29|004704|7|1|22|2U|2|T|2|3|H|2|3|D|03|B|2|4|T|2|U|U|P|000000397500|      |39156721| 94436135|5483|000000|72|00|047|N|000000000000|Y|3|00000210|3|00000000|MO 210 2.8 MILES W/O MO 291                       
S|29|004704|7|2|22|2U|2|T|2|3|H|2|3|D|03|B|2|4|T|2|U|U|P|000000397500|      |39156721| 94436135|5483|000000|72|00|047|N|000000000000|Y|3|00000210|3|00000000|MO 210 2.8 MILES W/O MO 291                       
S|29|004871|1|1|22|1U|3|T|3|3|H|3|3|D|03| |0|0| |2|W|W|P|000000586500|      |39236098| 94657620|    |      |72|00|165|N|            |Y|1|00000029|1|        |IS 29 0.5 MILES S/O BARRY RD                      
S|29|004871|1|2|22|1U|3|T|3|3|H|3|3|D|03| |0|0| |2|W|W|P|000000586500|      |39236098| 94657620|    |      |72|00|165|N|            |Y|1|00000029|1|        |IS 29 0.5 MILES S/O BARRY RD                      
S|29|004871|1|3|22|1U|3|T|3|3|H|3|3|D|03| |0|0| |2|W|W|P|000000586500|      |39236098| 94657620|    |      |72|00|165|N|            |Y|1|00000029|1|        |IS 29 0.5 MILES S/O BARRY RD                      
S|29|004873|5|1|22|1U|3|T|3|3|H|3|3|D|03| |0|0| |2|W|W|P|000000587800|187332|39236775| 94658130|    |      |72|00|165|N|            |Y|1|00000029|1|        |IS 29 0.5 MILES S/O BARRY RD                      
S|29|004873|5|2|22|1U|3|T|3|3|H|3|3|D|03| |0|0| |2|W|W|P|000000587800|187332|39236775| 94658130|    |      |72|00|165|N|            |Y|1|00000029|1|        |IS 29 0.5 MILES S/O BARRY RD                      
S|29|004873|5|3|22|1U|3|T|3|3|H|3|3|D|03| |0|0| |2|W|W|P|000000587800|187332|39236775| 94658130|    |      |72|00|165|N|            |Y|1|00000029|1|        |IS 29 0.5 MILES S/O BARRY RD                      
S|29|004891|1|1|22|1U|2|T|2|3|H|2|3|D|03| |0|0| |2|W|W|P|000000498400|      |39234267| 94462890|    |      |72|00|047|N|            |Y|1|00000035|1|        |IS 35 0.8 MILES S/O MO 152                        
S|29|004891|1|2|22|1U|2|T|2|3|H|2|3|D|03| |0|0| |2|W|W|P|000000498400|      |39234267| 94462890|    |      |72|00|047|N|            |Y|1|00000035|1|        |IS 35 0.8 MILES S/O MO 152                        
S|29|004893|5|1|22|1U|2|T|2|3|H|2|3|D|03| |0|0| |2|W|W|P|000000498600|158739|39234356| 94463120|    |      |72|00|047|N|            |Y|1|00000035|1|        |IS 35 0.8 MILES S/O MO 152                        
S|29|004893|5|2|22|1U|2|T|2|3|H|2|3|D|03| |0|0| |2|W|W|P|000000498600|158739|39234356| 94463120|    |      |72|00|047|N|            |Y|1|00000035|1|        |IS 35 0.8 MILES S/O MO 152                        
S|29|004911|1|1|22|2U|3|T|3|3|H|3|3|D|03| |0|0| |2|W|W|P|000000202900|297281|38901048| 94524190|    |      |72|00|095|N|            |Y|2|00000071|2|        |IS 49/US 71 0.2 MILES S/O BLUE RIDGE BLVD         
S|29|004911|1|2|22|2U|3|T|3|3|H|3|3|D|03| |0|0| |2|W|W|P|000000202900|297281|38901048| 94524190|    |      |72|00|095|N|            |Y|2|00000071|2|        |IS 49/US 71 0.2 MILES S/O BLUE RIDGE BLVD         
S|29|004911|1|3|22|2U|3|T|3|3|H|3|3|D|03| |0|0| |2|W|W|P|000000202900|297281|38901048| 94524190|    |      |72|00|095|N|            |Y|2|00000071|2|        |IS 49/US 71 0.2 MILES S/O BLUE RIDGE BLVD         
S|29|004913|5|1|22|2U|3|T|3|3|H|3|3|D|03| |0|0| |2|W|W|P|000000203000|213489|38901057| 94524410|    |      |72|00|095|N|            |Y|2|00000071|2|        |IS 49/US 71 0.2 MILES S/O BLUE RIDGE BLVD         
S|29|004913|5|2|22|2U|3|T|3|3|H|3|3|D|03| |0|0| |2|W|W|P|000000203000|213489|38901057| 94524410|    |      |72|00|095|N|            |Y|2|00000071|2|        |IS 49/US 71 0.2 MILES S/O BLUE RIDGE BLVD         
S|29|004913|5|3|22|2U|3|T|3|3|H|3|3|D|03| |0|0| |2|W|W|P|000000203000|213489|38901057| 94524410|    |      |72|00|095|N|            |Y|2|00000071|2|        |IS 49/US 71 0.2 MILES S/O BLUE RIDGE BLVD         
S|29|004921|1|1|22|1U|5|T|5|3| |5|3|D|03|T|5|5|Z|2|W|W|P|      603900|      |38939890| 94570969|    |      |72|00|000|N|            |N|1|     435|1|       0|IS 435 0.6 MILES E/O HOLMES RD                    
S|29|004921|1|2|22|1U|5|T|5|3| |5|3|D|03|T|5|5|Z|2|W|W|P|      603900|      |38939890| 94570969|    |      |72|00|000|N|            |N|1|     435|1|       0|IS 435 0.6 MILES E/O HOLMES RD                    
S|29|004921|1|3|22|1U|5|T|5|3| |5|3|D|03|T|5|5|Z|2|W|W|P|      603900|      |38939890| 94570969|    |      |72|00|000|N|            |N|1|     435|1|       0|IS 435 0.6 MILES E/O HOLMES RD                    
S|29|004921|1|4|22|1U|5|T|5|3| |5|3|D|03|T|5|5|Z|2|W|W|P|      603900|      |38939890| 94570969|    |      |72|00|000|N|            |N|1|     435|1|       0|IS 435 0.6 MILES E/O HOLMES RD                    
S|29|004921|1|5|22|1U|5|T|5|3| |5|3|D|03|T|5|5|Z|2|W|W|P|      603900|      |38939890| 94570969|    |      |72|00|000|N|            |N|1|     435|1|       0|IS 435 0.6 MILES E/O HOLMES RD                    
S|29|004923|5|1|22|1U|5|T|5|3| |5|3|D|03|T|5|5|Z|2|W|W|P|      604200|      |38940303| 94575680|    |      |72|00|000|N|            |N|1|     435|1|       0|IS 435 0.3 MILES E/O HOLMES RD                    
S|29|004923|5|2|22|1U|5|T|5|3| |5|3|D|03|T|5|5|Z|2|W|W|P|      604200|      |38940303| 94575680|    |      |72|00|000|N|            |N|1|     435|1|       0|IS 435 0.3 MILES E/O HOLMES RD                    
S|29|004923|5|3|22|1U|5|T|5|3| |5|3|D|03|T|5|5|Z|2|W|W|P|      604200|      |38940303| 94575680|    |      |72|00|000|N|            |N|1|     435|1|       0|IS 435 0.3 MILES E/O HOLMES RD                    
S|29|004923|5|4|22|1U|5|T|5|3| |5|3|D|03|T|5|5|Z|2|W|W|P|      604200|      |38940303| 94575680|    |      |72|00|000|N|            |N|1|     435|1|       0|IS 435 0.3 MILES E/O HOLMES RD                    
S|29|004923|5|5|22|1U|5|T|5|3| |5|3|D|03|T|5|5|Z|2|W|W|P|      604200|      |38940303| 94575680|    |      |72|00|000|N|            |N|1|     435|1|       0|IS 435 0.3 MILES E/O HOLMES RD                    
S|29|004952|3|1|22|1U|3|T|3|3|N|3|3|D|03|T|3|5|Z|2|W|W|P|000000001900|      |39046502| 94428590|    |      |72|00|095|N|            |Y|1|00000070|1|00000070|IS 70 0.6 MILES W/O NOLAND RD                     
S|29|004952|3|2|22|1U|3|T|3|3|N|3|3|D|03|T|3|5|Z|2|W|W|P|000000001900|      |39046502| 94428590|    |      |72|00|095|N|            |Y|1|00000070|1|00000070|IS 70 0.6 MILES W/O NOLAND RD                     
S|29|004952|3|3|22|1U|3|T|3|3|N|3|3|D|03|T|3|5|Z|2|W|W|P|000000001900|      |39046502| 94428590|    |      |72|00|095|N|            |Y|1|00000070|1|00000070|IS 70 0.6 MILES W/O NOLAND RD                     
S|29|004954|7|1|22|1U|3|T|3|3|N|3|3|D|03|T|3|5|Z|2|W|W|P|000000350600|385560|39046658| 94428590|    |      |72|00|095|N|            |Y|1|00000070|1|00000070|IS 70 0.6 MILES W/O NOLAND RD                     
S|29|004954|7|2|22|1U|3|T|3|3|N|3|3|D|03|T|3|5|Z|2|W|W|P|000000350600|385560|39046658| 94428590|    |      |72|00|095|N|            |Y|1|00000070|1|00000070|IS 70 0.6 MILES W/O NOLAND RD                     
S|29|004954|7|3|22|1U|3|T|3|3|N|3|3|D|03|T|3|5|Z|2|W|W|P|000000350600|385560|39046658| 94428590|    |      |72|00|095|N|            |Y|1|00000070|1|00000070|IS 70 0.6 MILES W/O NOLAND RD                     
S|29|004972|3|1|22|3U|2|T|2|3|H|2|3|D|03| |0|0| |2|W|W|P|000000356200|      |39102319| 94440400|    |      |72|00|095|N|            |N|2|00000024|2|        |US 24 E/O STERLING AVE                            
S|29|004972|3|2|22|3U|2|T|2|3|H|2|3|D|03| |0|0| |2|W|W|P|000000356200|      |39102319| 94440400|    |      |72|00|095|N|            |N|2|00000024|2|        |US 24 E/O STERLING AVE                            
S|29|004974|7|1|22|3U|2|T|2|3|H|2|3|D|03| |0|0| |2|W|W|P|000000356300|332436|39102319| 94440400|    |      |72|00|095|N|            |N|2|00000024|2|        |US 24 E/O STERLING AVE                            
S|29|004974|7|2|22|3U|2|T|2|3|H|2|3|D|03| |0|0| |2|W|W|P|000000356300|332436|39102319| 94440400|    |      |72|00|095|N|            |N|2|00000024|2|        |US 24 E/O STERLING AVE                            
S|29|004991|1|1|22|1U|3|T|3|3|H|3|3|D|03| |0|0| |2|W|W|P|000000498400|      |39075644| 94600470|    |      |72|00|095|N|            |Y|1|00000035|1|        |IS 35 0.8 MILE NE/O KANSAS STATE LINE             
S|29|004991|1|2|22|1U|3|T|3|3|H|3|3|D|03| |0|0| |2|W|W|P|000000498400|      |39075644| 94600470|    |      |72|00|095|N|            |Y|1|00000035|1|        |IS 35 0.8 MILE NE/O KANSAS STATE LINE             
S|29|004991|1|3|22|1U|3|T|3|3|H|3|3|D|03| |0|0| |2|W|W|P|000000498400|      |39075644| 94600470|    |      |72|00|095|N|            |Y|1|00000035|1|        |IS 35 0.8 MILE NE/O KANSAS STATE LINE             
S|29|004993|5|1|22|1U|3|T|3|3|H|3|3|D|03| |0|0| |2|W|W|P|000000498600|183422|39075800| 94600440|    |      |72|00|095|Y|330001103010|Y|1|00000035|1|        |IS 35 0.8 MILE NE/O KANSAS STATE LINE             
S|29|004993|5|2|22|1U|3|T|3|3|H|3|3|D|03| |0|0| |2|W|W|P|000000498600|183422|39075800| 94600440|    |      |72|00|095|Y|330001103010|Y|1|00000035|1|        |IS 35 0.8 MILE NE/O KANSAS STATE LINE             
S|29|004993|5|3|22|1U|3|T|3|3|H|3|3|D|03| |0|0| |2|W|W|P|000000498600|183422|39075800| 94600440|    |      |72|00|095|Y|330001103010|Y|1|00000035|1|        |IS 35 0.8 MILE NE/O KANSAS STATE LINE             
S|29|005002|3|1|22|1R|2|T|2|3| |2|3|D|03|T|2|5|D|2|U|U|P|000000001900|176436|21474836|214748364|    |      |72|00|053|N|            |Y|1|00000070|1|00000000|IS 70 0.1 MI. W/O WOODLAND SCHOOL RD.             
S|29|005002|3|2|22|1R|2|T|2|3| |2|3|D|03|T|2|5|D|2|U|U|P|000000001900|176436|21474836|214748364|    |      |72|00|053|N|            |Y|1|00000070|1|00000000|IS 70 0.1 MI. W/O WOODLAND SCHOOL RD.             
S|29|005004|7|1|22|1R|2|T|2|3| |2|3|D|03|B|2|5|D|2|U|U|P|000000350600|228242|21474836|214748364|5473|      |72|00|053|N|            |Y|1|00000070|1|00000000|IS 70 0.1 MI. W/O WOODLAND SCHOOL RD.             
S|29|005004|7|2|22|1R|2|T|2|3| |2|3|D|03|B|2|5|D|2|U|U|P|000000350600|228242|21474836|214748364|5473|      |72|00|053|N|            |Y|1|00000070|1|00000000|IS 70 0.1 MI. W/O WOODLAND SCHOOL RD.             
S|29|005011|1|1|22|3R|2|T|2|3|N|2|3|G|13|T|2|4|T|2|L|Q|P|        5600|331406|38806456| 92251200|    |      |72|00|000|N|            |N|2|      63|2|      63|US 63 2.1 MILES N/O RTS M-Y                       
S|29|005011|1|2|22|3R|2|T|2|3|N|2|3|G|13|T|2|4|T|2|L|Q|P|        5600|331406|38806456| 92251200|    |      |72|00|000|N|            |N|2|      63|2|      63|US 63 2.1 MILES N/O RTS M-Y                       
S|29|005013|5|1|22|3R|2|T|2|3|N|2|3|G|13|T|2|4|T|2|L|Q|P|        5700|212131|38806455| 92251470|    |      |72|00|000|N|            |N|2|      63|2|      63|US 63 2.1 MILES N/O RTS M-Y                       
S|29|005013|5|2|22|3R|2|T|2|3|N|2|3|G|13|T|2|4|T|2|L|Q|P|        5700|212131|38806455| 92251470|    |      |72|00|000|N|            |N|2|      63|2|      63|US 63 2.1 MILES N/O RTS M-Y                       
S|29|005031|1|1|22|3R|1|T|1|3| |1|3|G|13|T|1|4|T|2|L|L|P|        5600|235540|38151745| 91911543|    |      |72|00|125|N|            |N|2|      63|2|      63|US 63 1.3 MILES S/O MO 28 N JCT                   
S|29|005033|5|1|22|3R|1|T|1|3| |1|3|G|13|T|1|4|T|2|L|L|P|        5700|307063|38151745| 91911543|    |      |72|00|125|N| 63048909800|N|2|      63|2|      63|US 63 1.3 MILES S/O MO 28 N JCT                   
S|29|005042|3|1|22|3R|1|T|1|3|N|1|3|G|13|T|1|4|T|2|L|Q|P|000000350700|284133|38469216| 91611550|    |      |72|00|073|N|            |Y|2|00000050|2|00000050|US 50 0.8 MILES E/O RTS A-BB                      
S|29|005044|7|1|22|3R|1|T|1|3|N|1|3|G|13|T|1|4|T|2|L|Q|P|000000350800|138217|38469216| 91611550|    |      |72|00|073|N|            |Y|2|00000050|2|00000050|US 50 0.8 MILES E/O RTS A-BB                      
S|29|005052|3|1|22|2U|4|T|4|3|H|4|3|D|03| |0|0| |2|W|W|P|000000198500|271688|38585998| 92179840|    |      |72|00|051|N|            |Y|2|00000054|2|        |US 54 S/O MISSOURI RIVER BRIDGE                   
S|29|005052|3|2|22|2U|4|T|4|3|H|4|3|D|03| |0|0| |2|W|W|P|000000198500|271688|38585998| 92179840|    |      |72|00|051|N|            |Y|2|00000054|2|        |US 54 S/O MISSOURI RIVER BRIDGE                   
S|29|005052|3|3|22|2U|4|T|4|3|H|4|3|D|03| |0|0| |2|W|W|P|000000198500|271688|38585998| 92179840|    |      |72|00|051|N|            |Y|2|00000054|2|        |US 54 S/O MISSOURI RIVER BRIDGE                   
S|29|005052|3|4|22|2U|4|T|4|3|H|4|3|D|03| |0|0| |2|W|W|P|000000198500|271688|38585998| 92179840|    |      |72|00|051|N|            |Y|2|00000054|2|        |US 54 S/O MISSOURI RIVER BRIDGE                   
S|29|005054|7|1|22|2U|3|T|3|3|H|3|3|D|03| |0|0| |2|W|W|P|000000198600|165862|38586084| 92180240|    |      |72|00|051|N|            |Y|2|00000054|2|        |US 54 S/O MISSOURI RIVER BRIDGE                   
S|29|005054|7|2|22|2U|3|T|3|3|H|3|3|D|03| |0|0| |2|W|W|P|000000198600|165862|38586084| 92180240|    |      |72|00|051|N|            |Y|2|00000054|2|        |US 54 S/O MISSOURI RIVER BRIDGE                   
S|29|005054|7|3|22|2U|3|T|3|3|H|3|3|D|03| |0|0| |2|W|W|P|000000198600|165862|38586084| 92180240|    |      |72|00|051|N|            |Y|2|00000054|2|        |US 54 S/O MISSOURI RIVER BRIDGE                   
S|29|005212|3|1|22|2U|2|T|2|3|H|2|3|D|03|T|2|4|T|2|U|U|P|000000350700|221924|38582511| 92221310|    |      |72|00|051|Y|310001202001|Y|2|00000050|2|        |US 50 0.7 MILES E/O MO 179                        
S|29|005212|3|2|22|2U|2|T|2|3|H|2|3|D|03|T|2|4|T|2|U|U|P|000000350700|221924|38582511| 92221310|    |      |72|00|051|Y|310001202001|Y|2|00000050|2|        |US 50 0.7 MILES E/O MO 179                        
S|29|005214|7|1|22|2U|2|T|2|3|H|2|3|D|03|T|2|4|T|2|U|U|P|000000350800|200354|38582745| 92221360|    |      |72|00|051|N|            |Y|2|00000050|2|        |US 50 0.7 MILES E/O MO 179                        
S|29|005214|7|2|22|2U|2|T|2|3|H|2|3|D|03|T|2|4|T|2|U|U|P|000000350800|200354|38582745| 92221360|    |      |72|00|051|N|            |Y|2|00000050|2|        |US 50 0.7 MILES E/O MO 179                        
S|29|005372|1|1|22|5R|3|T|3|3|H|3|3|D|03| |0|0| |2|W|W|P|000099076700|      |38172245| 92613320|    |      |72|00|131|N|            |N|2|00000054|2|        |OLD US 54 AT CAMDEN-MILLER CO LINE                
S|29|005372|1|2|22|5R|3|T|3|3|H|3|3|D|03| |0|0| |2|W|W|P|000099076700|      |38172245| 92613320|    |      |72|00|131|N|            |N|2|00000054|2|        |OLD US 54 AT CAMDEN-MILLER CO LINE                
S|29|005372|1|3|22|5R|3|T|3|3|H|3|3|D|03| |0|0| |2|W|W|P|000099076700|      |38172245| 92613320|    |      |72|00|131|N|            |N|2|00000054|2|        |OLD US 54 AT CAMDEN-MILLER CO LINE                
S|29|005374|1|1|22|5R|2|T|2|3|H|2|3|D|03| |0|0| |2|W|W|P|000099076600|      |38172245| 92613320|    |      |72|00|131|N|            |N|2|00000054|2|        |OLD US 54 AT CAMDEN-MILLER CO                     
S|29|005374|1|2|22|5R|2|T|2|3|H|2|3|D|03| |0|0| |2|W|W|P|000099076600|      |38172245| 92613320|    |      |72|00|131|N|            |N|2|00000054|2|        |OLD US 54 AT CAMDEN-MILLER CO                     
S|29|005374|7|1|22|5R|2|T|2|3|H|2|3|D|03| |0|0| |2|W|W|P|000099076600|      |38172245| 92613320|    |      |72|00|131|N|            |N|2|00000054|2|        |OLD US 54 AT CAMDEN-MILLER CO                     
S|29|005374|7|2|22|5R|2|T|2|3|H|2|3|D|03| |0|0| |2|W|W|P|000099076600|      |38172245| 92613320|    |      |72|00|131|N|            |N|2|00000054|2|        |OLD US 54 AT CAMDEN-MILLER CO                     
S|29|005402|3|1|22|3R|2|T|2|3|H|2|3|D|03|T|2|0|Z|2|U|U|P|000000198500|201846|38170135| 92608050|    |      |10|12|029|N|            |Y|2|00000054|2|        |US 54 0.75 MILES S/O WOOD RIVER RD                
S|29|005402|3|2|22|3R|2|T|2|3|H|2|3|D|03|T|2|0|Z|2|U|U|P|000000198500|201846|38170135| 92608050|    |      |10|12|029|N|            |Y|2|00000054|2|        |US 54 0.75 MILES S/O WOOD RIVER RD                
S|29|005404|7|1|22|3R|2|T|2|3|H|2|3|D|03|T|2|0|Z|2|U|U|P|000000198600|235779|38170141| 92608200|    |      |72|12|029|N|            |Y|2|00000054|2|        |US 54 0.75 MILES S/O WOOD RIVER RD                
S|29|005404|7|2|22|3R|2|T|2|3|H|2|3|D|03|T|2|0|Z|2|U|U|P|000000198600|235779|38170141| 92608200|    |      |72|12|029|N|            |Y|2|00000054|2|        |US 54 0.75 MILES S/O WOOD RIVER RD                
S|29|005412|3|1|22|3R|2|T|2|3|H|2|3|D|03| |0|0| |2|W|W|P|000000198500|189740|38101408| 92687440|    |      |12|00|029|N|            |Y|2|00000054|2|        |US 54 1 MILE W/O RT KK                            
S|29|005412|3|2|22|3R|2|T|2|3|H|2|3|D|03| |0|0| |2|W|W|P|000000198500|189740|38101408| 92687440|    |      |12|00|029|N|            |Y|2|00000054|2|        |US 54 1 MILE W/O RT KK                            
S|29|005414|7|1|22|3R|2|T|2|3|H|2|3|D|03| |0|0| |2|W|W|P|000000198600|247865|38101428| 92687760|    |      |12|00|029|N|            |Y|2|00000054|2|        |US 54 1 MILE W/O RT KK                            
S|29|005414|7|2|22|3R|2|T|2|3|H|2|3|D|03| |0|0| |2|W|W|P|000000198600|247865|38101428| 92687760|    |      |12|00|029|N|            |Y|2|00000054|2|        |US 54 1 MILE W/O RT KK                            
S|29|005552|3|1|22|3R|2|T|2|3|N|2|3|G|13|T|2|5|D|2|Q|L|P|000000198500|211896|38244069| 92603440|    |      |72|00|131|N|            |Y|2|00000054|2|00000054|US 54 1.0 MILES E/O RT V                          
S|29|005552|3|2|22|3R|2|T|2|3|N|2|3|G|13|T|2|5|D|2|Q|L|P|000000198500|211896|38244069| 92603440|    |      |72|00|131|N|            |Y|2|00000054|2|00000054|US 54 1.0 MILES E/O RT V                          
S|29|005554|7|1|22|3R|2|T|2|3|N|2|3|G|13|B|2|5|D|2|L|Q|P|000000198600|225688|38244329| 92603490|1005|      |72|00|131|N|            |Y|2|00000054|2|00000054|US 54 1.0 MILES E/O RT V                          
S|29|005554|7|2|22|3R|2|T|2|3|N|2|3|G|13|B|2|5|D|2|L|Q|P|000000198600|225688|38244329| 92603490|1005|      |72|00|131|N|            |Y|2|00000054|2|00000054|US 54 1.0 MILES E/O RT V                          
S|29|005632|3|1|22|4U|1|T|1|3| |1|3|D|13|T|1|4|T|2|U|U|P|      355000|      |38524630| 92353430|    |      |72|00|000|N| 26047606220|N|3|       C|3|0000000C|RT C 0.7 MILES E/O RT D                           
S|29|005634|7|1|22|4U|1|T|1|3| |1|3|D|13|B|1|4|T|2|U|U|P|      355100|      |38524630| 92353430|1002|      |72|00|000|N|            |N|3|       C|3|0000000C|RT C 0.7 MILES E/O RT D                           
S|29|005992|3|1|22|2U|2|N|2|3|N|2|3|D|03|T|2|0|Z|2|W|W|P|000000726100|      |38931494| 92310580|    |      |72|00|019|Y|210001201002|Y|3|00000740|3|        |MO 740 E/O OLD US 63                              
S|29|005992|3|2|22|2U|2|N|2|3|N|2|3|D|03|T|2|0|Z|2|W|W|P|000000726100|      |38931494| 92310580|    |      |72|00|019|Y|210001201002|Y|3|00000740|3|        |MO 740 E/O OLD US 63                              
S|29|005994|7|1|22|2U|2|N|2|3|N|2|3|D|03|T|2|0|Z|2|W|W|P|000000726200|      |38931565| 92310510|    |      |72|00|019|N|            |Y|3|00000740|3|        |MO 740 E/O OLD US 63                              
S|29|005994|7|2|22|2U|2|N|2|3|N|2|3|D|03|T|2|0|Z|2|W|W|P|000000726200|      |38931565| 92310510|    |      |72|00|019|N|            |Y|3|00000740|3|        |MO 740 E/O OLD US 63                              
S|29|006002|3|1|22|1U|4|T|4|3|H|4|3|D|03| |0|0| |2|W|W|P|000000637200|      |38631146| 90373170|    |      |10|00|189|N|            |Y|1|00000064|1|        |IS 64 0.6 MI W/O MCKNIGHT RD                      
S|29|006002|3|2|22|1U|4|T|4|3|H|4|3|D|03| |0|0| |2|W|W|P|000000637200|      |38631146| 90373170|    |      |10|00|189|N|            |Y|1|00000064|1|        |IS 64 0.6 MI W/O MCKNIGHT RD                      
S|29|006002|3|3|22|1U|4|T|4|3|H|4|3|D|03| |0|0| |2|W|W|P|000000637200|      |38631146| 90373170|    |      |10|00|189|N|            |Y|1|00000064|1|        |IS 64 0.6 MI W/O MCKNIGHT RD                      
S|29|006002|3|4|22|1U|4|T|4|3|H|4|3|D|03| |0|0| |2|W|W|P|000000637200|      |38631146| 90373170|    |      |10|00|189|N|            |Y|1|00000064|1|        |IS 64 0.6 MI W/O MCKNIGHT RD                      
S|29|006004|7|1|22|1U|4|T|4|3|H|4|3|D|03| |0|0| |2|W|W|P|000000637300|      |38631320| 90373190|    |      |10|00|189|N|            |Y|1|00000064|1|        |IS 64 0.6 MI W/O MCKNIGHT RD                      
S|29|006004|7|2|22|1U|4|T|4|3|H|4|3|D|03| |0|0| |2|W|W|P|000000637300|      |38631320| 90373190|    |      |10|00|189|N|            |Y|1|00000064|1|        |IS 64 0.6 MI W/O MCKNIGHT RD                      
S|29|006004|7|3|22|1U|4|T|4|3|H|4|3|D|03| |0|0| |2|W|W|P|000000637300|      |38631320| 90373190|    |      |10|00|189|N|            |Y|1|00000064|1|        |IS 64 0.6 MI W/O MCKNIGHT RD                      
S|29|006004|7|4|22|1U|4|T|4|3|H|4|3|D|03| |0|0| |2|W|W|P|000000637300|      |38631320| 90373190|    |      |10|00|189|N|            |Y|1|00000064|1|        |IS 64 0.6 MI W/O MCKNIGHT RD                      
S|29|006012|3|1|22|1U|3|T|3|3|N|3|3|D|03|T|3|0|Z|2|W|W|P|000000001900|340114|38805898| 90819080|0000|000000|13|00|183|N|000000000000|Y|1|00000070|1|00000000|IS 70 0.6 MILES E/O US 61                         
S|29|006012|3|2|22|1U|3|T|3|3|N|3|3|D|03|T|3|0|Z|2|W|W|P|000000001900|340114|38805898| 90819080|0000|000000|13|00|183|N|000000000000|Y|1|00000070|1|00000000|IS 70 0.6 MILES E/O US 61                         
S|29|006012|3|3|22|1U|3|T|3|3|N|3|3|D|03|T|3|0|Z|2|W|W|P|000000001900|340114|38805898| 90819080|0000|000000|13|00|183|N|000000000000|Y|1|00000070|1|00000000|IS 70 0.6 MILES E/O US 61                         
S|29|006014|7|1|22|1U|3|T|3|3|N|3|3|D|03|T|3|0|Z|2|W|W|P|000000350600|      |38806041| 90819127|0000|000000|13|00|183|N|000000000000|Y|1|00000070|1|00000000|IS 70 0.6 MILES E/O US 61                         
S|29|006014|7|2|22|1U|3|T|3|3|N|3|3|D|03|T|3|0|Z|2|W|W|P|000000350600|      |38806041| 90819127|0000|000000|13|00|183|N|000000000000|Y|1|00000070|1|00000000|IS 70 0.6 MILES E/O US 61                         
S|29|006014|7|3|22|1U|3|T|3|3|N|3|3|D|03|T|3|0|Z|2|W|W|P|000000350600|      |38806041| 90819127|0000|000000|13|00|183|N|000000000000|Y|1|00000070|1|00000000|IS 70 0.6 MILES E/O US 61                         
S|29|006022|3|1|22|2U|3|T|3|3|H|3|3|D|03| |0|0| |2|W|W|P|000000616100|      |38790510| 90433470|    |      |72|00|189|Y|096000000041|Y|3|00000370|3|        |MO 370 0.5 MILES E/O EARTH CITY EXPY              
S|29|006022|3|2|22|2U|3|T|3|3|H|3|3|D|03| |0|0| |2|W|W|P|000000616100|      |38790510| 90433470|    |      |72|00|189|Y|096000000041|Y|3|00000370|3|        |MO 370 0.5 MILES E/O EARTH CITY EXPY              
S|29|006022|3|3|22|2U|3|T|3|3|H|3|3|D|03| |0|0| |2|W|W|P|000000616100|      |38790510| 90433470|    |      |72|00|189|Y|096000000041|Y|3|00000370|3|        |MO 370 0.5 MILES E/O EARTH CITY EXPY              
S|29|006024|7|1|22|2U|3|T|3|3|H|3|3|D|03| |0|0| |2|W|W|P|000000616200|      |38790671| 90433510|    |      |72|00|189|N|            |Y|3|00000370|3|        |MO 370 0.5 MILES E/O EARTH CITY EXPY              
S|29|006024|7|2|22|2U|3|T|3|3|H|3|3|D|03| |0|0| |2|W|W|P|000000616200|      |38790671| 90433510|    |      |72|00|189|N|            |Y|3|00000370|3|        |MO 370 0.5 MILES E/O EARTH CITY EXPY              
S|29|006024|7|3|22|2U|3|T|3|3|H|3|3|D|03| |0|0| |2|W|W|P|000000616200|      |38790671| 90433510|    |      |72|00|189|N|            |Y|3|00000370|3|        |MO 370 0.5 MILES E/O EARTH CITY EXPY              
S|29|006032|3|1|22|1R|2| |2|3| |2|3|D|03|N|2|0| |2|W|W|E|000000001900| 19136| 3882004|  9117811|    |      |18|00|219|N|            |Y|1|00000070|1|00000070|IS 70 Near Warrenton                              
S|29|006032|3|2|22|1R|2| |2|3| |2|3|D|03|N|2|0| |2|W|W|E|000000001900| 19136| 3882004|  9117811|    |      |18|00|219|N|            |Y|1|00000070|1|00000070|IS 70 Near Warrenton                              
S|29|006034|7|1|22|1R|2| |2|3| |2|3|D|03|N|2|0| |2|W|W|E|000000003506| 58650| 3882021|  9117810|    |      |18|00|219|N|            |Y|0|00000070|0|00000070|IS 70 Near Warrenton                              
S|29|006034|7|2|22|1R|2| |2|3| |2|3|D|03|N|2|0| |2|W|W|E|000000003506| 58650| 3882021|  9117810|    |      |18|00|219|N|            |Y|0|00000070|0|00000070|IS 70 Near Warrenton                              
S|29|006052|3|1|22|1U|3|T|3|3|H|3|3|D|03| |0|0| |2|W|W|P|000000001900|389904|38707426| 90275980|    |      |72|00|189|N|            |Y|1|00000070|1|        |IS 70 E/O LUCAS & HUNT RD                         
S|29|006052|3|2|22|1U|3|T|3|3|H|3|3|D|03| |0|0| |2|W|W|P|000000001900|389904|38707426| 90275980|    |      |72|00|189|N|            |Y|1|00000070|1|        |IS 70 E/O LUCAS & HUNT RD                         
S|29|006052|3|3|22|1U|3|T|3|3|H|3|3|D|03| |0|0| |2|W|W|P|000000001900|389904|38707426| 90275980|    |      |72|00|189|N|            |Y|1|00000070|1|        |IS 70 E/O LUCAS & HUNT RD                         
S|29|006054|7|1|22|1U|3|T|3|3| |3|3|D|03| |0|0| |2|U|U|P|000000350600|      |38707582| 90275940|    |      |72|00|189|N|            |Y|1|00000070|1|        |IS 70 E/O LUCAS & HUNT RD                         
S|29|006054|7|2|22|1U|3|T|3|3| |3|3|D|03| |0|0| |2|U|U|P|000000350600|      |38707582| 90275940|    |      |72|00|189|N|            |Y|1|00000070|1|        |IS 70 E/O LUCAS & HUNT RD                         
S|29|006054|7|3|22|1U|3|T|3|3| |3|3|D|03| |0|0| |2|U|U|P|000000350600|      |38707582| 90275940|    |      |72|00|189|N|            |Y|1|00000070|1|        |IS 70 E/O LUCAS & HUNT RD                         
S|29|006082|3|1|22|1U|3|T|3|3|H|3|3|D|03| |0|0| |2|W|W|P|000000000900|429740|38506176| 90577260|    |      |72|00|189|N|            |Y|1|00000044|1|        |IS 44 0.5 MILES E/O LEWIS RD                      
S|29|006082|3|2|22|1U|3|T|3|3|H|3|3|D|03| |0|0| |2|W|W|P|000000000900|429740|38506176| 90577260|    |      |72|00|189|N|            |Y|1|00000044|1|        |IS 44 0.5 MILES E/O LEWIS RD                      
S|29|006082|3|3|22|1U|3|T|3|3|H|3|3|D|03| |0|0| |2|W|W|P|000000000900|429740|38506176| 90577260|    |      |72|00|189|N|            |Y|1|00000044|1|        |IS 44 0.5 MILES E/O LEWIS RD                      
S|29|006084|7|1|22|1U|3|T|3|3| |3|3|D|03| |0|0| |2|U|U|P|000000001000|      |38506231| 90577630|    |      |72|00|189|N|            |Y|1|00000044|1|        |IS 44 0.5 MILES E/O LEWIS RD                      
S|29|006084|7|2|22|1U|3|T|3|3| |3|3|D|03| |0|0| |2|U|U|P|000000001000|      |38506231| 90577630|    |      |72|00|189|N|            |Y|1|00000044|1|        |IS 44 0.5 MILES E/O LEWIS RD                      
S|29|006084|7|3|22|1U|3|T|3|3| |3|3|D|03| |0|0| |2|U|U|P|000000001000|      |38506231| 90577630|    |      |72|00|189|N|            |Y|1|00000044|1|        |IS 44 0.5 MILES E/O LEWIS RD                      
S|29|006101|1|1|22|1R|2|T|2|3|H|2|3|F|13|T|2|5|D|2|Q|L|P|000000001200|242609|37939467| 90127442|0000|000000|72|00|186|N|000000000000|Y|1|00000055|1|00000000|IS 55 0.3 MILES N/O MO 32                         
S|29|006101|1|2|22|1R|2|T|2|3|H|2|3|F|13|T|2|5|D|2|Q|L|P|000000001200|242609|37939467| 90127442|0000|000000|72|00|186|N|000000000000|Y|1|00000055|1|00000000|IS 55 0.3 MILES N/O MO 32                         
S|29|006103|5|1|22|1R|2|T|2|3|H|2|3|F|13|T|2|5|D|2|Q|L|P|000000001300|      |37939236| 90127578|0000|000000|72|00|186|N|000000000000|Y|1|00000055|1|00000000|IS 55 0.3 MILES N/O MO 32                         
S|29|006103|5|2|22|1R|2|T|2|3|H|2|3|F|13|T|2|5|D|2|Q|L|P|000000001300|      |37939236| 90127578|0000|000000|72|00|186|N|000000000000|Y|1|00000055|1|00000000|IS 55 0.3 MILES N/O MO 32                         
S|29|006251|1|1|22|4U|1|T|1|3|N|1|3|G|13|B|1|4|T|2|L|Q|P|000000636500|      |38874862| 90723730|5393|      |72|00|183|N|            |N|3|00000079|3|        |MO 79 0.3 MILES N/O RT Y                          
S|29|006253|5|1|22|4U|1|T|1|3|H|1|3|G|13|T|1|4|T|2|L|Q|P|000000636600|130402|38874862| 90723730|    |      |72|00|183|Y|092079104343|N|3|00000079|3|        |MO 79 0.3 MILES N/O RT Y                          
S|29|006352|3|1|22|3U|2|T|2|3|N|2|2|D|03|T|2|4|Z|2|W|W|P|000000614100|      |38676472| 90464880|    |      |72|00|189|N|            |Y|3|00000340|3|        |MO 340 E/O ROSS RD                                
S|29|006352|3|2|22|3U|2|T|2|3|N|2|2|D|03|T|2|4|Z|2|W|W|P|000000614100|      |38676472| 90464880|    |      |72|00|189|N|            |Y|3|00000340|3|        |MO 340 E/O ROSS RD                                
S|29|006354|7|1|22|3U|4|N|4|3|N|4|3|D|03|T|4|5|Z|2|W|W|P|000000614200|      |38676472| 90464880|    |      |72|00|189|N|            |Y|3|00000340|3|        |MO 340 E/O ROSS RD                                
S|29|006354|7|2|22|3U|4|N|4|3|N|4|3|D|03|T|4|5|Z|2|W|W|P|000000614200|      |38676472| 90464880|    |      |72|00|189|N|            |Y|3|00000340|3|        |MO 340 E/O ROSS RD                                
S|29|006354|7|3|22|3U|4|N|4|3|N|4|3|D|03|T|4|5|Z|2|W|W|P|000000614200|      |38676472| 90464880|    |      |72|00|189|N|            |Y|3|00000340|3|        |MO 340 E/O ROSS RD                                
S|29|006354|7|4|22|3U|4|N|4|3|N|4|3|D|03|T|4|5|Z|2|W|W|P|000000614200|      |38676472| 90464880|    |      |72|00|189|N|            |Y|3|00000340|3|        |MO 340 E/O ROSS RD                                
S|29|006402|3|1|22|2U|2|T|2|3|H|2|3|D|03| |0|0| |2|W|W|P|000000637000|      |38506677| 90454420|    |      |72|00|189|Y|550001202001|Y|3|00000030|3|        |MO 30 0.7 MILES W/O MO 141                        
S|29|006402|3|2|22|2U|2|T|2|3|H|2|3|D|03| |0|0| |2|W|W|P|000000637000|      |38506677| 90454420|    |      |72|00|189|Y|550001202001|Y|3|00000030|3|        |MO 30 0.7 MILES W/O MO 141                        
S|29|006404|7|1|22|2U|2|T|2|3|H|2|3|D|03| |0|0| |2|W|W|P|000000637100|      |38506773| 90454710|    |      |72|00|189|N|            |Y|3|00000030|3|        |MO 30 0.7 MILES W/O MO 141                        
S|29|006404|7|2|22|2U|2|T|2|3|H|2|3|D|03| |0|0| |2|W|W|P|000000637100|      |38506773| 90454710|    |      |72|00|189|N|            |Y|3|00000030|3|        |MO 30 0.7 MILES W/O MO 141                        
S|29|006581|1|1|22|3R|2|T|2|3|N|2|3|G|13|T|2|4|D|2|Q|L|P|000000001400|202412|38079897| 90485230|0700|      |72|00|099|N|            |Y|2|00000067|2|00000067|US 67 0.7 MILES S/O RT JJ                         
S|29|006581|1|2|22|3R|2|T|2|3|N|2|3|G|13|T|2|4|D|2|Q|L|P|000000001400|202412|38079897| 90485230|0700|      |72|00|099|N|            |Y|2|00000067|2|00000067|US 67 0.7 MILES S/O RT JJ                         
S|29|006583|5|1|22|3R|2|T|2|3|H|2|3|G|13|T|2|0|Z|2|Q|L|P|000000001500|115691|38079911| 90485420|    |      |72|00|099|Y|050080729818|Y|2|00000067|2|00000067|US 67 0.7 MILES S/O RT JJ                         
S|29|006583|5|2|22|3R|2|T|2|3|H|2|3|G|13|T|2|0|Z|2|Q|L|P|000000001500|115691|38079911| 90485420|    |      |72|00|099|Y|050080729818|Y|2|00000067|2|00000067|US 67 0.7 MILES S/O RT JJ                         
S|29|006862|3|1|22|1U|4|T|4|3| |4|3|D|03| |0|0| |2|U|U|P|000000000900|447707|38562178| 90397380|    |      |72|00|189|N|            |Y|1|00000044|1|        |IS 44 E/O LINDBERGH BLVD                          
S|29|006862|3|2|22|1U|4|T|4|3| |4|3|D|03| |0|0| |2|U|U|P|000000000900|447707|38562178| 90397380|    |      |72|00|189|N|            |Y|1|00000044|1|        |IS 44 E/O LINDBERGH BLVD                          
S|29|006862|3|3|22|1U|4|T|4|3| |4|3|D|03| |0|0| |2|U|U|P|000000000900|447707|38562178| 90397380|    |      |72|00|189|N|            |Y|1|00000044|1|        |IS 44 E/O LINDBERGH BLVD                          
S|29|006862|3|4|22|1U|4|T|4|3| |4|3|D|03| |0|0| |2|U|U|P|000000000900|447707|38562178| 90397380|    |      |72|00|189|N|            |Y|1|00000044|1|        |IS 44 E/O LINDBERGH BLVD                          
S|29|006864|7|1|22|1U|4|T|4|3|H|4|3|D|03| |0|0| |2|W|W|P|000000001000|      |38562778| 90397150|    |      |72|00|189|N|            |Y|1|00000044|1|        |IS 44 E/O LINDBERGH BLVD                          
S|29|006864|7|2|22|1U|4|T|4|3|H|4|3|D|03| |0|0| |2|W|W|P|000000001000|      |38562778| 90397150|    |      |72|00|189|N|            |Y|1|00000044|1|        |IS 44 E/O LINDBERGH BLVD                          
S|29|006864|7|3|22|1U|4|T|4|3|H|4|3|D|03| |0|0| |2|W|W|P|000000001000|      |38562778| 90397150|    |      |72|00|189|N|            |Y|1|00000044|1|        |IS 44 E/O LINDBERGH BLVD                          
S|29|006864|7|4|22|1U|4|T|4|3|H|4|3|D|03| |0|0| |2|W|W|P|000000001000|      |38562778| 90397150|    |      |72|00|189|N|            |Y|1|00000044|1|        |IS 44 E/O LINDBERGH BLVD                          
S|29|006881|1|1|22|3R|2|T|2|3| |1|0| |13|T|2|0|Z|2|L|Q|P|000000001400|309919|38828318| 90234950|    |      |72|00|189|N|            |Y|2|00000067|2|        |US 67 0.7 MILES N/O MO 367                        
S|29|006881|1|2|22|3R|2|T|2|3| |1|0| |13|T|2|0|Z|2|L|Q|P|000000001400|309919|38828318| 90234950|    |      |72|00|189|N|            |Y|2|00000067|2|        |US 67 0.7 MILES N/O MO 367                        
S|29|006883|5|1|22|3R|2|T|2|3| |1|0| |13|T|2|0|Z|2|L|Q|P|000000001500|      |38828079| 90235100|    |      |72|00|189|Y|000015004326|Y|2|00000067|2|        |US 67 0.7 MILES N/O MO 367                        
S|29|006883|5|2|22|3R|2|T|2|3| |1|0| |13|T|2|0|Z|2|L|Q|P|000000001500|      |38828079| 90235100|    |      |72|00|189|Y|000015004326|Y|2|00000067|2|        |US 67 0.7 MILES N/O MO 367                        
S|29|006892|3|1|22|1U|2|T|2|3| |2|3|D|03|T|2|0|Z|2|W|W|P|000000613500|      |38767420| 90195600|    |      |72|00|189|N|            |Y|1|00000270|1|00000270|IS 270 0.4 MILES E/O LILAC AVE                    
S|29|006892|3|2|22|1U|2|T|2|3| |2|3|D|03|T|2|0|Z|2|W|W|P|000000613500|      |38767420| 90195600|    |      |72|00|189|N|            |Y|1|00000270|1|00000270|IS 270 0.4 MILES E/O LILAC AVE                    
S|29|006894|7|1|22|1U|2|T|2|3| |2|3|D|03|T|2|0|Z|2|W|W|P|000000613600|      |38767586| 90195510|    |      |72|00|189|N|            |Y|1|00000270|1|00000270|IS 270 0.4 MILES E/O LILAC AVE                    
S|29|006894|7|2|22|1U|2|T|2|3| |2|3|D|03|T|2|0|Z|2|W|W|P|000000613600|      |38767586| 90195510|    |      |72|00|189|N|            |Y|1|00000270|1|00000270|IS 270 0.4 MILES E/O LILAC AVE                    
S|29|006902|3|1|22|1U|6|T|6|3|N|6|3|D|03|T|6|0|Z|2|W|W|P|000000001900|373028|38753785| 90454058|0000|000000|13|00|189|N|000000000000|Y|1|00000070|1|00000000|IS 70 0.4 MILES W/O IS 270                        
S|29|006902|3|2|22|1U|6|T|6|3|N|6|3|D|03|T|6|0|Z|2|W|W|P|000000001900|373028|38753785| 90454058|0000|000000|13|00|189|N|000000000000|Y|1|00000070|1|00000000|IS 70 0.4 MILES W/O IS 270                        
S|29|006902|3|3|22|1U|6|T|6|3|N|6|3|D|03|T|6|0|Z|2|W|W|P|000000001900|373028|38753785| 90454058|0000|000000|13|00|189|N|000000000000|Y|1|00000070|1|00000000|IS 70 0.4 MILES W/O IS 270                        
S|29|006902|3|4|22|1U|6|T|6|3|N|6|3|D|03|T|6|0|Z|2|W|W|P|000000001900|373028|38753785| 90454058|0000|000000|13|00|189|N|000000000000|Y|1|00000070|1|00000000|IS 70 0.4 MILES W/O IS 270                        
S|29|006902|3|5|22|1U|6|T|6|3|N|6|3|D|03|T|6|0|Z|2|W|W|P|000000001900|373028|38753785| 90454058|0000|000000|13|00|189|N|000000000000|Y|1|00000070|1|00000000|IS 70 0.4 MILES W/O IS 270                        
S|29|006902|3|6|22|1U|6|T|6|3|N|6|3|D|03|T|6|0|Z|2|W|W|P|000000001900|373028|38753785| 90454058|0000|000000|13|00|189|N|000000000000|Y|1|00000070|1|00000000|IS 70 0.4 MILES W/O IS 270                        
S|29|006904|7|1|22|1U|5|T|5|3|N|5|3|D|03|T|5|5|Z|2|W|W|P|000000350600|      |38751846| 90448248|    |      |13|00|189|N|            |Y|1|00000070|1|        |IS 70 0.2 MILES W/O IS 270                        
S|29|006904|7|2|22|1U|5|T|5|3|N|5|3|D|03|T|5|0|Z|2|W|W|P|000000350600|      |38751846| 90448248|    |      |13|00|189|N|            |Y|1|00000070|1|        |IS 70 0.2 MILES W/O IS 270                        
S|29|006904|7|3|22|1U|5|T|5|3|N|5|3|D|03|T|5|0|Z|2|W|W|P|000000350600|      |38751846| 90448248|    |      |13|00|189|N|            |Y|1|00000070|1|        |IS 70 0.2 MILES W/O IS 270                        
S|29|006904|7|4|22|1U|5|T|5|3|N|5|3|D|03|T|5|0|Z|2|W|W|P|000000350600|      |38751846| 90448248|    |      |13|00|189|N|            |Y|1|00000070|1|        |IS 70 0.2 MILES W/O IS 270                        
S|29|006904|7|5|22|1U|5|T|5|3|N|5|3|D|03|T|5|0|Z|2|W|W|P|000000350600|      |38751846| 90448248|    |      |13|00|189|N|            |Y|1|00000070|1|        |IS 70 0.2 MILES W/O IS 270                        
S|29|006962|3|1|22|1U|5|T|5|3|H|5|3|D|03|T|5|5|Z|2|U|U|P|000000637200|      |38705353| 90675110|    |      |09|00|183|N|            |Y|2|      40|2|      61|US 40-61 0.5 MI. E/O HWY 94                       
S|29|006962|3|2|22|1U|5|T|5|3|H|5|3|D|03|T|5|5|Z|2|U|U|P|000000637200|      |38705353| 90675110|    |      |09|00|183|N|            |Y|2|      40|2|      61|US 40-61 0.5 MI. E/O HWY 94                       
S|29|006962|3|3|22|1U|5|T|5|3|H|5|3|D|03|T|5|5|Z|2|U|U|P|000000637200|      |38705353| 90675110|    |      |09|00|183|N|            |Y|2|      40|2|      61|US 40-61 0.5 MI. E/O HWY 94                       
S|29|006962|3|4|22|1U|5|T|5|3|H|5|3|D|03|T|5|5|Z|2|U|U|P|000000637200|      |38705353| 90675110|    |      |09|00|183|N|            |Y|2|      40|2|      61|US 40-61 0.5 MI. E/O HWY 94                       
S|29|006962|3|5|22|1U|5|T|5|3|H|5|3|D|03|T|5|5|Z|2|U|U|P|000000637200|      |38705353| 90675110|    |      |09|00|183|N|            |Y|2|      40|2|      61|US 40-61 0.5 MI. E/O HWY 94                       
S|29|006964|7|1|22|1U|4|T|4|3|H|4|3|D|03|0|4|0|0|2|U|0|P|000000637300|      |38705383| 90674912|0000|000000|09|00|183|N|000000000000|Y|2|00000040|2|00000061|US 40-61 0.5 MI. E/O HWY 94                       
S|29|006964|7|2|22|1U|4|T|4|3|H|4|3|D|03|0|4|0|0|2|U|0|P|000000637300|      |38705383| 90674912|0000|000000|09|00|183|N|000000000000|Y|2|00000040|2|00000061|US 40-61 0.5 MI. E/O HWY 94                       
S|29|006964|7|3|22|1U|4|T|4|3|H|4|3|D|03|0|4|0|0|2|U|0|P|000000637300|      |38705383| 90674912|0000|000000|09|00|183|N|000000000000|Y|2|00000040|2|00000061|US 40-61 0.5 MI. E/O HWY 94                       
S|29|006964|7|4|22|1U|4|T|4|3|H|4|3|D|03|0|4|0|0|2|U|0|P|000000637300|      |38705383| 90674912|0000|000000|09|00|183|N|000000000000|Y|2|00000040|2|00000061|US 40-61 0.5 MI. E/O HWY 94                       
S|29|007001|1|1|22|3R|1|T|1|3|N|1|3|G|13|T|1|4|T|2|L|Q|P|      314800|      |36659874| 93891060|    |      |72|00|000|N|            |N|3|      37|3|      37|MO 37 0.7 MILES S/O MO 76                         
S|29|007003|5|1|22|3R|1|T|1|3|N|1|3|G|13|T|1|4|T|2|L|Q|P|      314700|103980|36659874| 93891060|    |      |72|00|000|N|            |N|2|      71|2|      71|MO 37 0.7 MILES S/O MO 76                         
S|29|007052|3|1|22|4R|1|T|1|3|N|1|3|G|13|T|1|5|T|2|L|Q|P|000000198300|      |37189509| 93863510|    |      |72|00|109|N|            |N|3|00000096|3|00000096|MO 96 1.2 MILES W/O MO 39                         
S|29|007054|7|1|22|4R|1|T|1|3|N|1|3|G|13|T|1|4|T|2|Q|L|P|000000198400|      |37189509| 93863510|    |      |72|00|109|N|            |N|3|00000096|3|00000096|MO 96 1.2 MILES W/O MO 39                         
S|29|007111|1|1|22|3R|2|T|2|3|N|2|3|G|13|T|2|0|Z|2|Q|L|P|000000202900|      |36730953| 94422620|    |      |72|00|119|N|            |Y|2|00000071|2|00000071|US 71 0.5 MILES S/O RTS B-C                       
S|29|007111|1|2|22|3R|2|T|2|3|N|2|3|G|13|T|2|0|Z|2|Q|L|P|000000202900|      |36730953| 94422620|    |      |72|00|119|N|            |Y|2|00000071|2|00000071|US 71 0.5 MILES S/O RTS B-C                       
S|29|007113|5|1|22|3R|2|T|2|3|N|2|3|G|13|T|2|0|Z|2|Q|L|P|000000203000|478023|36730889| 94422910|    |      |72|00|119|N|            |Y|2|00000071|2|00000071|US 71 0.5 MILES S/O RTS B-C                       
S|29|007113|5|2|22|3R|2|T|2|3|N|2|3|G|13|T|2|0|Z|2|Q|L|P|000000203000|478023|36730889| 94422910|    |      |72|00|119|N|            |Y|2|00000071|2|00000071|US 71 0.5 MILES S/O RTS B-C                       
S|29|007401|1|1|22|3R|2|T|2|3| |2|3|D|03|T|2|5|D|2|W|W|P|      202900|110522|37320280| 94302136|    |      |72|00|000|N|            |N|2|      71|2|       0|US 71 1.6 MILES S/O RTS H-K                       
S|29|007401|1|2|22|3R|2|T|2|3| |2|3|D|03|T|2|5|D|2|W|W|P|      202900|110522|37320280| 94302136|    |      |72|00|000|N|            |N|2|      71|2|       0|US 71 1.6 MILES S/O RTS H-K                       
S|29|007403|5|1|22|3R|2|T|2|3| |2|3|D|03|B|2|5|D|2|W|W|P|      203000|400266|37320300| 94302435|    |      |72|00|000|N| 49021101123|N|2|      71|2|       0|US 71 1.6 MILES S/O RTS H-K                       
S|29|007403|5|2|22|3R|2|T|2|3| |2|3|D|03|B|2|5|D|2|W|W|P|      203000|400266|37320300| 94302435|    |      |72|00|000|N| 49021101123|N|2|      71|2|       0|US 71 1.6 MILES S/O RTS H-K                       
S|29|007602|3|1|22|1R|2|T|2|3|H|2|3|F|13|B|2|5|D|2|L|Q|P|000000000900|      |37004721| 94575920|7054|      |72|00|145|N|            |Y|1|00000044|1|        |IS 44 0.3 MILES W/O WEIGHT SCALES                 
S|29|007602|3|2|22|1R|2|T|2|3|H|2|3|F|13|B|2|5|D|2|L|Q|P|000000000900|      |37004721| 94575920|7054|      |72|00|145|N|            |Y|1|00000044|1|        |IS 44 0.3 MILES W/O WEIGHT SCALES                 
S|29|007604|7|1|22|1R|2|T|2|3|H|2|3|F|13|T|2|5|D|2|L|Q|P|000000001000|463227|37004899| 94575980|    |      |72|00|145|N|            |Y|1|00000044|1|        |IS 44 0.3 MILES W/O WEIGHT SCALES                 
S|29|007604|7|2|22|1R|2|T|2|3|H|2|3|F|13|T|2|5|D|2|L|Q|P|000000001000|463227|37004899| 94575980|    |      |72|00|145|N|            |Y|1|00000044|1|        |IS 44 0.3 MILES W/O WEIGHT SCALES                 
S|29|007901|1|1|22|3R|1|T|1|3|N|1|3|G|13|T|1|4|T|2|L|Q|P|000000198100|      |37290275| 94608240|    |      |72|00|097|N|            |Y|3|00000171|3|00000171|MO 171 1.2 MILE S/O RT M                          
S|29|007903|5|1|22|3R|1|T|1|3|N|1|3|G|13|B|1|4|T|2|L|Q|P|000000198200|      |37290275| 94608240|1008|      |72|00|097|N|____________|Y|3|00000171|3|00000171|MO 171 1.2 MILE S/O RT M                          
S|29|007912|3|1|22|5R|1|T|1|3|N|1|3|F|13|0|1|0|0|2|L|Q|P|000000330900|      |37297491| 94366063|0000|007901|14|00|097|N|000000000000|N|3|0000000M|3|0000000M|RT M 3.4 MO W/O IS-49                             
S|29|007914|7|1|22|5R|1|T|1|3|N|1|3|F|13|0|1|0|0|2|L|Q|P|000000331000|      |37297491| 94366063|0000|007903|14|00|097|N|000000000000|N|3|0000000M|3|0000000M|RT M 3.4 MO W/O IS-49                             
S|29|008071|1|1|22|3R|2|T|2|3| |2|3|G|15|T|2|0|Z|2|L|L|P|      201200|      |36647303| 93415930|    |      |72|00|209|N|            |N|3|      13|3|       0|MO 13 1.3 MILES S/O RT OO                         
S|29|008071|1|2|22|3R|2|T|2|3| |2|3|G|15|T|2|0|Z|2|L|L|P|      201200|      |36647303| 93415930|    |      |72|00|209|N|            |N|3|      13|3|       0|MO 13 1.3 MILES S/O RT OO                         
S|29|008073|5|1|22|3R|1|T|1|3| |1|3|G|15|T|1|0|Z|2|L|L|P|      201100|448302|36647303| 93415930|    |      |72|00|209|N|            |N|3|      13|3|       0|MO 13 1.3 MILES S/O RT OO                         
S|29|008092|3|1|22|1R|2|T|2|3|H|2|3|D|03|T|2|4|T|2|U|U|P|000000000900|140040|37263175| 93145150|    |      |72|00|077|N|            |Y|1|00000044|1|        |IS 44 1.9 MILES W/O MO 125                        
S|29|008092|3|2|22|1R|2|T|2|3|H|2|3|D|03|T|2|4|T|2|U|U|P|000000000900|140040|37263175| 93145150|    |      |72|00|077|N|            |Y|1|00000044|1|        |IS 44 1.9 MILES W/O MO 125                        
S|29|008094|7|1|22|1R|2|T|2|3|H|2|3|D|03|T|2|4|T|2|U|U|P|000000001000|327062|37263339| 93145250|    |      |72|00|077|N|            |Y|1|00000044|1|        |IS 44 1.9 MILES W/O MO 125                        
S|29|008094|7|2|22|1R|2|T|2|3|H|2|3|D|03|T|2|4|T|2|U|U|P|000000001000|327062|37263339| 93145250|    |      |72|00|077|N|            |Y|1|00000044|1|        |IS 44 1.9 MILES W/O MO 125                        
S|29|008102|3|1|22|4R|1|T|1|3|N|1|3|G|13|T|1|4|T|2|L|Q|P|000000780600|121975|37323591| 93538440|    |      |72|00|077|N|            |N|2|00000160|2|00000160|US 160 2.5 MILES E/O RT F-V                       
S|29|008104|7|1|22|4R|1|T|1|3|N|1|3|G|13|T|1|4|T|2|L|Q|P|000000780500|398120|37323591| 93538440|    |      |72|00|077|N|            |N|2|00000160|2|00000160|US 160 2.5 MILES E/O RT F-V                       
S|29|008131|1|1|22|3R|2| |2|3| |2|3|D|03|N|2|0| |2|W|W|E|000000201000| 35082|21474836|214748364|    |      |72|00|213|N|            |Y|2|00000065|2|00000000|US 65 N/O MO 176 S JCT-WOLF RD                    
S|29|008131|1|2|22|3R|2| |2|3| |2|3|D|03|N|2|0| |2|W|W|E|000000201000| 35082|21474836|214748364|    |      |72|00|213|N|            |Y|2|00000065|2|00000000|US 65 N/O MO 176 S JCT-WOLF RD                    
S|29|008133|5|1|22|3R|2| |2|3| |2|3|D|03|N|0|4| |2|W|W|E|000000200900|468771|21474836|214748364|    |      |72|00|213|N|            |Y|2|00000065|2|00000000|US 65 N/O MO 176 S JCT-WOLF RD                    
S|29|008133|5|2|22|3R|2| |2|3| |2|3|D|03|N|0|4| |2|W|W|E|000000200900|468771|21474836|214748364|    |      |72|00|213|N|            |Y|2|00000065|2|00000000|US 65 N/O MO 176 S JCT-WOLF RD                    
S|29|008201|1|1|22|3R|2|T|2|3|N|2|3|F|13|B|2|5|D|2|L|Q|P|000000201000|      |36547043| 93248320|0500|      |72|00|213|N|            |Y|2|00000065|2|        |US 65 0.3 MILES N/O MO 86                         
S|29|008201|1|2|22|3R|2|T|2|3|N|2|3|F|13|B|2|5|D|2|L|Q|P|000000201000|      |36547043| 93248320|0500|      |72|00|213|N|            |Y|2|00000065|2|        |US 65 0.3 MILES N/O MO 86                         
S|29|008203|5|1|22|3R|2|T|2|3|N|2|3|F|13|T|2|5|D|2|L|Q|P|000000200900|497603|36547021| 93248590|    |      |72|00|213|N|            |Y|2|00000065|2|        |US 65 0.3 MILES N/O MO 86                         
S|29|008203|5|2|22|3R|2|T|2|3|N|2|3|F|13|T|2|5|D|2|L|Q|P|000000200900|497603|36547021| 93248590|    |      |72|00|213|N|            |Y|2|00000065|2|        |US 65 0.3 MILES N/O MO 86                         
S|29|008312|3|1|22|3R|2|T|2|3| |1|0| |13|T|2|0|Z|2|L|Q|P|000000192300|153068|36672401| 93330740|    |      |72|00|209|N|            |N|3|00000076|3|        |MO 76 0.3 MILES W/O MO 265                        
S|29|008312|3|2|22|3R|2|T|2|3| |1|0| |13|T|2|0|Z|2|L|Q|P|000000192300|153068|36672401| 93330740|    |      |72|00|209|N|            |N|3|00000076|3|        |MO 76 0.3 MILES W/O MO 265                        
S|29|008314|7|1|22|3R|2|T|2|3| |1|0| |13|T|2|0|Z|2|L|Q|P|000000192400|176157|36672401| 93330740|    |      |72|00|209|N|            |N|3|00000076|3|        |MO 76 0.3 MILES W/O MO 265                        
S|29|008314|7|2|22|3R|2|T|2|3| |1|0| |13|T|2|0|Z|2|L|Q|P|000000192400|176157|36672401| 93330740|    |      |72|00|209|N|            |N|3|00000076|3|        |MO 76 0.3 MILES W/O MO 265                        
S|29|008401|1|1|22|3R|2|T|2|3|N|2|3|G|13|T|2|4|T|2|L|Q|P|      201200|106709|37344847| 93329480|    |      |72|00|000|N|            |N|3|      13|3|      13|MO 13 0.7 MILES N/O RT WW                         
S|29|008401|1|2|22|3R|2|T|2|3|N|2|3|G|13|T|2|4|T|2|L|Q|P|      201200|106709|37344847| 93329480|    |      |72|00|000|N|            |N|3|      13|3|      13|MO 13 0.7 MILES N/O RT WW                         
S|29|008403|5|1|22|3R|2|T|2|3|N|2|3|G|13|T|2|4|T|2|L|Q|P|      201100|362748|37344866| 93329770|    |      |72|00|000|N|            |N|3|      13|3|      13|MO 13 0.7 MILES N/O RT WW                         
S|29|008403|5|2|22|3R|2|T|2|3|N|2|3|G|13|T|2|4|T|2|L|Q|P|      201100|362748|37344866| 93329770|    |      |72|00|000|N|            |N|3|      13|3|      13|MO 13 0.7 MILES N/O RT WW                         
S|29|008962|3|1|22|2U|2|T|2|3|H|2|3|D|03|T|2|4|T|2|U|U|P|000000215000|      |37214334| 93319870|    |      |72|00|077|Y|002150003436|Y|0|00000044|0|        |LP 44 E/O PARK AVE.                               
S|29|008962|3|2|22|2U|2|T|2|3|H|2|3|D|03|T|2|4|T|2|U|U|P|000000215000|      |37214334| 93319870|    |      |72|00|077|Y|002150003436|Y|0|00000044|0|        |LP 44 E/O PARK AVE.                               
S|29|008964|7|1|22|2U|2|T|2|3|H|2|3|D|03|T|2|4|T|2|U|U|P|000000215100|      |37214447| 93319850|    |      |72|00|077|N|            |Y|0|00000044|0|        |LP 44 E/O PARK AVE.                               
S|29|008964|7|2|22|2U|2|T|2|3|H|2|3|D|03|T|2|4|T|2|U|U|P|000000215100|      |37214447| 93319850|    |      |72|00|077|N|            |Y|0|00000044|0|        |LP 44 E/O PARK AVE.                               
S|29|009011|5|1|22|4R|1|T|1|3| |0|0| |13|T|1|4|T|2|L|Q|P|000000197600|109423|37265738| 92528590|    |      |72|00|229|N|            |N|3|00000005|3|        |MO 5 1.0 MILES N/O RT Z                           
S|29|009013|5|1|22|4R|1|T|1|3| |0|0| |13|T|1|4|T|2|L|Q|P|000000197500|458272|37265738| 92528590|    |      |72|00|229|N|            |N|3|00000005|3|        |MO 5 1.0 MILES N/O RT Z                           
S|29|009092|3|1|22|3R|2|T|2|3|N|2|3|G|13|T|2|4|T|2|L|Q|P|000000778200|262247|37036761| 92005150|    |      |72|00|091|N|            |Y|2|00000060|2|00000060|US 60 0.2 MILE N/O RT AM                          
S|29|009092|3|2|22|3R|2|T|2|3|N|2|3|G|13|T|2|4|T|2|L|Q|P|000000778200|262247|37036761| 92005150|    |      |72|00|091|N|            |Y|2|00000060|2|00000060|US 60 0.2 MILE N/O RT AM                          
S|29|009094|7|1|22|3R|2|T|2|3|N|2|3|G|13|T|2|4|T|2|L|Q|P|000000778300|285890|37036880| 92004860|    |      |72|00|091|N|            |Y|2|00000060|2|00000060|US 60 0.2 MILE N/O RT AM                          
S|29|009094|7|2|22|3R|2|T|2|3|N|2|3|G|13|T|2|4|T|2|L|Q|P|000000778300|285890|37036880| 92004860|    |      |72|00|091|N|            |Y|2|00000060|2|00000060|US 60 0.2 MILE N/O RT AM                          
S|29|009102|3|1|22|3R|1|T|1|3|N|1|3|G|13|B|1|4|T|2|L|Q|P|000000105400|      |37904193| 90694140|A600|      |72|00|221|Y|094039200336|Y|3|00000008|3|00000008|MO 8 4.0 MILES E/O RTS O-U                        
S|29|009104|7|1|22|3R|1|T|1|3|H|1|3|G|13|T|1|4|T|2|Q|L|P|000000105500|      |37904193| 90694140|    |      |72|00|221|N|            |Y|3|00000008|3|00000008|MO 8 4.0 MILES E/O RTS O-U                        
S|29|009112|3|1|22|4R|1|T|1|3|N|1|3|G|13|T|1|0|Z|2|Q|L|P|000000103000|      |37746579| 91650040|    |      |72|00|065|N|            |N|3|00000072|3|00000072|MO 72 0.4 MILES E/O RT FF                         
S|29|009114|7|1|22|4R|1|T|1|3|N|1|3|G|13|T|1|0|Z|2|Q|L|P|000000103100|239290|37746579| 91650040|    |      |72|00|065|N|            |N|3|00000072|3|00000072|MO 72 0.4 MILES E/O RT FF                         
S|29|009202|3|1|22|3R|2|T|2|3|H|2|3|F|13|T|2|5|D|2|Q|L|P|000000778200|386825|36939370| 90817891|6067|000000|13|00|035|N|000000000000|Y|2|00000060|2|00000000|US 60 0.5 MILES W/O MO 21 S JCT                   
S|29|009202|3|2|22|3R|2|T|2|3|H|2|3|F|13|T|2|5|D|2|Q|L|P|000000778200|386825|36939370| 90817891|6067|000000|13|00|035|N|000000000000|Y|2|00000060|2|00000000|US 60 0.5 MILES W/O MO 21 S JCT                   
S|29|009204|7|1|22|3R|2|T|2|3|H|2|3|F|13|T|2|5|D|2|Q|L|P|000000778300|161610|36939542| 90817713|0000|000000|13|00|035|N|000000000000|Y|2|00000060|2|00000000|US 60 0.5 MILES W/O MO 21 S JCT                   
S|29|009204|7|2|22|3R|2|T|2|3|H|2|3|F|13|T|2|5|D|2|Q|L|P|000000778300|161610|36939542| 90817713|0000|000000|13|00|035|N|000000000000|Y|2|00000060|2|00000000|US 60 0.5 MILES W/O MO 21 S JCT                   
S|29|009302|3|1|22|1U|2|T|2|3|H|2|3|F|13|B|2|5|D|2|Q|L|P|000000000900|249339|37792192| 92243530|1010|      |92|00|169|Y|085044153743|Y|1|00000044|1|        |IS 44 1.5 MILES W/O RT H                          
S|29|009302|3|2|22|1U|2|T|2|3|H|2|3|F|13|B|2|5|D|2|Q|L|P|000000000900|249339|37792192| 92243530|1010|      |92|00|169|Y|085044153743|Y|1|00000044|1|        |IS 44 1.5 MILES W/O RT H                          
S|29|009304|7|1|22|1U|2|T|2|3|H|2|3|F|13|B|2|5|D|2|Q|L|P|000000001000|217873|37792317| 92243700|1010|      |92|00|169|Y|085044153743|Y|1|00000044|1|        |IS 44 1.5 MILES W/O RT H                          
S|29|009304|7|2|22|1U|2|T|2|3|H|2|3|F|13|B|2|5|D|2|Q|L|P|000000001000|217873|37792317| 92243700|1010|      |92|00|169|Y|085044153743|Y|1|00000044|1|        |IS 44 1.5 MILES W/O RT H                          
S|29|010021|1|1|22|4R|1|T|1|3| |0|0| |13|T|1|4|T|2|L|Q|P|000000101300|117415|37180131| 89772570|    |      |72|00|031|N|            |N|3|00000025|3|        |MO 25 1.7 MILES S/O RT P                          
S|29|010023|5|1|22|4R|1|T|1|3| |0|0| |13|T|1|4|T|2|L|Q|P|000000101200|      |37180131| 89772570|    |      |72|00|031|N|            |N|3|00000025|3|        |MO 25 1.7 MILES S/O RT P                          
S|29|010062|3|1|22|5R|1|T|1|3|H|1|3|D|03|T|1|0|Z|2|Q|L|P|000000108600|      |36349878| 89782770|    |      |72|00|155|N|            |N|3|0000000A|3|        |RT A 0.4 MILES E/O RT CC                          
S|29|010064|7|1|22|5R|1|T|1|3|H|1|3|D|03|T|1|0|Z|2|Q|L|P|000000108700|      |36349878| 89782770|    |      |72|00|155|N|            |N|3|0000000A|3|        |RT A 0.4 MILES E/O RT CC                          
S|29|010071|1|1|22|1R|2|T|2|3|N|2|3|D|03|T|2|0|Z|2|W|W|P|000000001200|      |36002242| 89874630|    |      |72|00|155|N|            |Y|1|00000055|1|00000055|IS 55 0.9 MILES S/O US 61                         
S|29|010071|1|2|22|1R|2|T|2|3|N|2|3|D|03|T|2|0|Z|2|W|W|P|000000001200|      |36002242| 89874630|    |      |72|00|155|N|            |Y|1|00000055|1|00000055|IS 55 0.9 MILES S/O US 61                         
S|29|010073|5|1|22|1R|2|T|2|3|N|2|3|D|03|T|2|0|Z|2|W|W|P|000000001300|337462|36002256| 89874870|    |      |72|00|155|N|            |Y|1|00000055|1|00000055|IS 55 0.9 MILES S/O US 61                         
S|29|010073|5|2|22|1R|2|T|2|3|N|2|3|D|03|T|2|0|Z|2|W|W|P|000000001300|337462|36002256| 89874870|    |      |72|00|155|N|            |Y|1|00000055|1|00000055|IS 55 0.9 MILES S/O US 61                         
S|29|010101|1|1|22|3R|2|T|2|3|N|2|3|G|03|T|2|0|Z|2|Q|L|P|000000001400|      |36854205| 90505079|0000|000000|72|00|023|N|000000000000|Y|2|00000067|2|00000067|US 67 1.0 MILES N/O US 60 N JCT                   
S|29|010101|1|2|22|3R|2|T|2|3|N|2|3|G|03|T|2|0|Z|2|Q|L|P|000000001400|      |36854205| 90505079|0000|000000|72|00|023|N|000000000000|Y|2|00000067|2|00000067|US 67 1.0 MILES N/O US 60 N JCT                   
S|29|010103|5|1|22|3R|2|T|2|3|N|2|3|G|03|T|2|0|Z|2|Q|L|P|000000001500|272262|36854097| 90505420|0000|000000|72|00|023|N|000000000000|Y|2|00000067|2|00000067|US 67 1.0 MILES N/O US 60 N JCT                   
S|29|010103|5|2|22|3R|2|T|2|3|N|2|3|G|03|T|2|0|Z|2|Q|L|P|000000001500|272262|36854097| 90505420|0000|000000|72|00|023|N|000000000000|Y|2|00000067|2|00000067|US 67 1.0 MILES N/O US 60 N JCT                   
S|29|010302|3|1|22|3R|1|T|1|3|H|1|3|G|13|B|1|4|T|2|Q|L|P|000000110000|      |36186907| 90102470|5413|      |72|00|069|Y|035083948340|Y|2|00000412|2|00000412|US 412 0.1 MILES E/O RT CC                        
S|29|010304|7|1|22|3R|1|T|1|3|N|1|3|G|13|T|1|4|T|2|Q|L|P|000000110100|      |36186907| 90102470|    |      |72|00|069|N|            |Y|2|00000412|2|00000412|US 412 0.1 MILES E/O RT CC                        
S|29|010841|1|1|22|1R|2|T|2|3|H|2|3|F|13|T|2|5|T|2|Q|L|P|000000026400|      |36905937| 89368430|    |      |08|00|133|N|            |Y|1|00000057|1|        |IS 57 0.9 MILES W/O MO 105                        
S|29|010841|1|2|22|1R|2|T|2|3|H|2|3|F|13|T|2|5|T|2|Q|L|P|000000026400|      |36905937| 89368430|    |      |08|00|133|N|            |Y|1|00000057|1|        |IS 57 0.9 MILES W/O MO 105                        
S|29|010843|5|1|22|1R|2|T|2|3|H|2|3|G|13|T|2|5|T|2|L|Q|P|000000026300|      |36906186| 89368440|    |      |08|00|133|Y|067196900000|Y|1|00000057|1|        |IS 57 0.9 MILES W/O MO 105                        
S|29|010843|5|2|22|1R|2|T|2|3|H|2|3|G|13|T|2|5|T|2|L|Q|P|000000026300|      |36906186| 89368440|    |      |08|00|133|Y|067196900000|Y|1|00000057|1|        |IS 57 0.9 MILES W/O MO 105                        
S|29|040444|7|1|22|1U|1|T|1|3| |0|0| |13|T|1|5|D|2|P| |P|000000350600|376308|39036527| 94322710|    |      |72|00|095|N|            |Y|1|00000070|1|        |IS 70 1.0 MI. E/O LITTLE BLUE EXPWY               
S|29|060022|3|1|22|1U|1|T|1|3| |0|0| |13|T|1|5|D|2|Q|L|P|000000637200|      |38631146| 90373170|    |      |10|00|189|N|            |Y|1|00000064|1|        |IS 64 0.6 MI W/O MCKNIGHT RD                      
S|29|069644|7|1|22|1U|1|T|1|3| |0|0| |13|T|1|5|D|2|A| |P|000000637300|      |38705383| 90674910|    |      |72|00|183|N|            |N|2|      40|2|      61|US 40-61 0.5 MI. E/O HWY 94                       
S|29|082752|3|1|22|5U|1|T|1|0| |0|0| |13|T|0|0| |2|L|Q|P|000019317400|      |36631940| 93276710|    |      |00|00|213|N|            |N|0|        |0|        |GREEN MOUNTIAN DR 0.2 MILE E/O MO 165             
S|29|082754|7|1|22|5U|1|T|1|0| |0|0| |13|T|0|0| |2|L|Q|P|000006928800|      |36631940| 93276710|    |      |00|00|213|N|            |N|0|        |0|        |GREEN MOUNTIAN DR 0.2 MILE E/O MO 165             
S|29|082762|3|1|22|4U|2|T|2|3|H|2|3|D|03| |0|0| |2|W|W|P|000011276400|      |36652727| 93286160|    |      |15|00|213|N|            |N|0|        |0|        |SHEPHERD OF THE HILLS EXPY 0.2 MILE E/O MO 76     
S|29|082762|3|2|22|4U|2|T|2|3|H|2|3|D|03| |0|0| |2|W|W|P|000011276400|      |36652727| 93286160|    |      |15|00|213|N|            |N|0|        |0|        |SHEPHERD OF THE HILLS EXPY 0.2 MILE E/O MO 76     
S|29|082764|7|1|22|4U|2|T|2|3|H|2|3|D|03| |0|0| |2|W|W|P|000023665000|      |36652727| 93286160|    |      |15|00|213|N|            |N|0|        |0|        |SHEPHERD OF THE HILLS EXPY 0.2 MILE E/O MO 76     
S|29|082764|7|2|22|4U|2|T|2|3|H|2|3|D|03| |0|0| |2|W|W|P|000023665000|      |36652727| 93286160|    |      |15|00|213|N|            |N|0|        |0|        |SHEPHERD OF THE HILLS EXPY 0.2 MILE E/O MO 76     
S|29|082772|3|1|22|5R|3|T|3|3| |3|3|D|03| |0|0| |2|U|U|P|000000323400|      |36674368| 93251560|    |      |72|00|213|N|            |N|3|00000248|3|        |MO 248 E/O DARLA DR                               
S|29|082772|3|2|22|5R|3|T|3|3| |3|3|D|03| |0|0| |2|U|U|P|000000323400|      |36674368| 93251560|    |      |72|00|213|N|            |N|3|00000248|3|        |MO 248 E/O DARLA DR                               
S|29|082772|3|3|22|5R|3|T|3|3| |3|3|D|03| |0|0| |2|U|U|P|000000323400|      |36674368| 93251560|    |      |72|00|213|N|            |N|3|00000248|3|        |MO 248 E/O DARLA DR                               
S|29|082774|7|1|22|5R|2|T|2|3| |2|3|D|03| |0|0| |2|U|U|P|000000323500|      |36674368| 93251560|    |      |72|00|213|N|            |N|3|00000248|3|        |MO 248 E/O DARLA DR                               
S|29|082774|7|2|22|5R|2|T|2|3| |2|3|D|03| |0|0| |2|U|U|P|000000323500|      |36674368| 93251560|    |      |72|00|213|N|            |N|3|00000248|3|        |MO 248 E/O DARLA DR                               
S|29|082811|1|1|22|5R|1|T|1|3| |0|0| |13|T|0|0| |2|L|Q|P|000000252200|      |36588179| 93314610|    |      |00|00|209|N|            |Y|3|00000165|3|        |MO 165 1.0 MILES N/O HEADWATER RD                 
S|29|082813|5|1|22|5R|1|T|1|3| |0|0| |13| |0|0| |2|L|Q|P|000000252100|      |36588179| 93314610|    |      |00|00|209|N|            |Y|3|00000165|3|        |MO 165 1.0 MILES N/O HEADWATER RD                 
S|29|082822|3|1|22|3U|2|T|2|3|N|2|3|G|13|T|0|0| |2|Q|L|P|000000192300|162235|36639796| 93267530|    |      |08|00|213|N|            |N|3|00000076|3|        |MO 76 .01 MI. E/O WILDWOOD DR.                    
S|29|082822|3|2|22|3U|2|T|2|3|N|2|3|G|13|T|0|0| |2|Q|L|P|000000192300|162235|36639796| 93267530|    |      |08|00|213|N|            |N|3|00000076|3|        |MO 76 .01 MI. E/O WILDWOOD DR.                    
S|29|082824|7|1|22|3U|1|T|1|3|N|1|3|G|13|T|0|0| |2|Q|L|P|000000192400|166990|36639796| 93267530|    |      |08|00|213|N|            |N|3|00000076|3|00000076|MO 76 .01 MI. E/O WILDWOOD DR.                    
