Record_Type|Year_Record|State_Code|Station_Id|Travel_Dir|Travel_Lane|F_System|Num_Lanes|Sample_Type_Volume|Num_Lanes_Volume|Method_Volume|Sample_Type_Class|Num_Lanes_Class|Method_Class|Algorithm_Volume|Num_Classes|Sample_Type_Truck|Num_Lanes_Truck|Method_Truck|Calibration|Data_Retrieval|Type_Sensor_1|Type_Sensor_2|Primary_Purpose|LRS_Id|LRS_Point|Latitude|Longitude|SHRP_Id|Prev_Station_Id|Year_Established|Year_Discontinued|County_Code|Is_Sample|Sample_Id|NHS|Posted_Route_Signing|Posted_Signed_Route|Con_Route_Signing|Con_Signed_Route|Station_Location
S|28|010020|1|1|22|3U|2|T|2|3|H|1|3|F|13| |0|0| |2|P|L|P|00001_0425P1|      |31554919| 91415802|    |      |80|00|000|N|            |N|2|     084|2|     425|AVC 62 - Mississippi River Bridge in Natchez      
S|28|010020|1|2|22|3U|2|T|2|3|H|1|3|F|13| |0|0| |2|P|L|P|00001_0425P1|      |31554919| 91415802|    |      |80|00|000|N|            |N|2|      84|2|     425|AVC 62 - Mississippi River Bridge in Natchez      
S|28|010020|3|1|22|3U|2|T|2|3|H|1|3|F|13| |0|0| |2|P|L|P|   01_0425P1|      |31554919| 91415802|    |      |80|00|000|N|            |N|2|     425|2|      84|AVC 62 - Mississippi River Bridge in Natchez      
S|28|010020|3|2|22|3U|2|T|2|3|H|1|3|F|13| |0|0| |2|P|L|P|   01_0425P1|      |31554919| 91415802|    |      |80|00|000|N|            |N|2|     425|2|      84|AVC 62 - Mississippi River Bridge in Natchez      
S|28|010020|5|1|22|3U|2|T|2|3|H|0|3|F|13| |0|0| |2|P|L|P|00001_0425P1|      |31554919| 91415802|    |      |80|00|000|N|            |N|2|      84|2|     425|AVC 62 - Mississippi River Bridge in Natchez      
S|28|010020|5|2|22|3U|2|T|2|3|H|0|3|F|13| |0|0| |2|P|L|P|00001_0425P1|      |31554919| 91415802|    |      |80|00|000|N|            |N|2|      84|2|     425|AVC 62 - Mississippi River Bridge in Natchez      
S|28|010020|7|1|22|3U|2|T|2|3|H|2|3|F|13| |0|0| |2|P|L|P|   01_0425P1|      |31554919| 91415802|    |      |80|00|000|N|            |N|2|     425|2|      84|AVC 62 - Mississippi River Bridge in Natchez      
S|28|010020|7|2|22|3U|2|T|2|3|H|2|3|F|13| |0|0| |2|P|L|P|   01_0425P1|      |31554919| 91415802|    |      |80|00|000|N|            |N|2|     425|2|      84|AVC 62 - Mississippi River Bridge in Natchez      
S|28|030090|3|1|22|4R|1|T|1|3|H|1|3|F|13|T|1|5|T|2|Q|L|E|   03_0048P1|      |31125969| 90852498|    |      |12|00|005|N|            |N|3|      48|9|        |WIM 348 - 0.1 mi E of Enterprise Rd               
S|28|030090|7|1|22|4R|1|T|1|3|H|1|3|F|13|T|1|5|T|2|Q|L|E|   03_0048P1|      |31125969| 90852498|    |      |12|00|005|N|            |N|3|      48|9|        |WIM 348 - 0.1 mi E of Enterprise Rd               
S|28|030150|3|1|22|4R|1|T|1|3|H|1|3|F|13| |0|0| |2|P|L|P|   03_0024P1|      |31200842| 90593529|    |      |03|00|005|N|            |N|3|      24|3|      48|AVC 141 - 2.8 mi W of Pike County Line            
S|28|030150|7|1|22|4R|1|T|1|3|H|1|3|F|13| |0|0| |2|P|L|P|   03_0024P1|      |31200842| 90593529|    |      |03|00|005|N|            |N|3|      24|3|      48|AVC 141 - 2.8 mi W of Pike County Line            
S|28|040350|1|1|22|4U|2|T|2|3|H|2|3|F|13| |0|0| |2|P|L|P|   04_0035P1|      |33041067| 89577645|    |      |94|00|007|N|            |N|3|      35|3|      19|AVC 101 - 0.3 mi N of Natchez Trace Pkwy          
S|28|040350|1|2|22|4U|2|T|2|3|H|2|3|F|13| |0|0| |2|P|L|P|   04_0035P1|      |33041067| 89577645|    |      |94|00|007|N|            |N|3|      35|3|      19|AVC 101 - 0.3 mi N of Natchez Trace Pkwy          
S|28|040350|5|1|22|4U|2|T|2|3|H|2|3|F|13| |0|0| |2|P|L|P|   04_0035P1|      |33041067| 89577645|    |      |94|00|007|N|            |N|3|      35|3|      19|AVC 101 - 0.3 mi N of Natchez Trace Pkwy          
S|28|040350|5|2|22|4U|2|T|2|3|H|2|3|F|13| |0|0| |2|P|L|P|   04_0035P1|      |33041067| 89577645|    |      |94|00|007|N|            |N|3|      35|3|      19|AVC 101 - 0.3 mi N of Natchez Trace Pkwy          
S|28|045000|1|1|22|4U|1|T|1|3|H|1|3|F|13| |0|0| |2|P|L|P|   04_0731P1|      |33041890| 89581033|    |      |94|00|007|N|            |N|3|     731|9|        |AVC 142 - 0.4 mi N of Love Rd.                    
S|28|045000|5|1|22|4U|1|T|1|3|H|1|3|F|13| |0|0| |2|P|L|P|   04_0731P1|      |33041890| 89581033|    |      |94|00|007|N|            |N|3|     731|9|        |AVC 142 - 0.4 mi N of Love Rd.                    
S|28|050457|1|1|22|6R|1|T|1|3|H|1|3|F|13| |0|0| |2|P|L|P|   05_0705P1|      |34615522| 89184166|    |      |14|00|009|N|            |N|3|     705|9|        |AVC 705 - 0.15 mi S of MS 178                     
S|28|050457|5|2|22|6R|1|T|1|3|H|1|3|F|13| |0|0| |2|P|L|P|   05_0705P1|      |34615522| 89184166|    |      |14|00|009|N|            |N|3|     705|9|        |AVC 705 - 0.15 mi S of MS 178                     
S|28|070620|1|1|22|5R|1|T|1|3|H|1|3|F|13| |0|0| |2|P|L|P|   07_0341P2|      |33922739| 89174191|    |      |80|00|013|N|            |N|3|     341|9|        |AVC 31 - 3.3 mi N of MS 8                         
S|28|070620|5|1|22|5R|1|T|1|3|H|1|3|F|13| |0|0| |2|P|L|P|   07_0341P2|      |33922739| 89174191|    |      |80|00|013|N|            |N|3|     341|9|        |AVC 31 - 3.3 mi N of MS 8                         
S|28|110400|1|1|22|5R|1|T|1|3|H|1|3|F|13| |0|0| |2|P|L|P|   11_0547P1|      |31910459| 90922733|    |      |80|00|021|Y|110011003265|N|3|     547|9|        |AVC 57 - 4.5 mi E of US 61                        
S|28|110400|5|1|22|5R|1|T|1|3|H|1|3|F|13| |0|0| |2|P|L|P|   11_0547P1|      |31910459| 90922733|    |      |80|00|021|Y|110011003265|N|3|     547|9|        |AVC 57 - 4.5 mi E of US 61                        
S|28|120700|1|1|22|5R|1|T|1|3|H|1|3|F|13| |0|0| |2|P|L|P|   12_0511P1|      |32009837| 88627161|    |      |80|00|023|N|            |N|3|     511|9|        |AVC 51 - 4.2 mi E of US 45                        
S|28|120700|5|1|22|5R|1|T|1|3|H|1|3|F|13| |0|0| |2|P|L|P|   12_0511P1|      |32009837| 88627161|    |      |80|00|023|N|            |N|3|     511|9|        |AVC 51 - 4.2 mi E of US 45                        
S|28|140030|1|1|22|4R|1|T|1|3|H|1|3|F|13| |0|0| |2|P|L|P|   14_0049P1|      |34138826| 90531471|    |      |80|00|027|N|            |Y|2|      49|9|        |AVC 39 - 1.6 mi S of MS 322                       
S|28|140030|5|1|22|4R|1|T|1|3|H|1|3|F|13| |0|0| |2|P|L|P|   14_0049P1|      |34138826| 90531471|    |      |80|00|027|N|            |Y|2|      49|9|        |AVC 39 - 1.6 mi S of MS 322                       
S|28|140170|1|1|22|3R|3|T|3|3|H|3|3|F|13|T|2|5|T|2|Q|L|L|   14_0061P1|      |34129044| 90667976|    |      |95|00|000|N|            |N|2|      61|2|     278|WIM 163 - 1.3 mi N of Bolivar County Line         
S|28|140170|1|2|22|3R|3|T|3|3|H|3|3|F|13|T|2|5|T|2|Q|L|L|   14_0061P1|      |34129044| 90667976|    |      |95|00|000|N|            |N|2|      61|2|     278|WIM 163 - 1.3 mi N of Bolivar County Line         
S|28|140170|1|3|22|3R|3|T|2|3|H|3|3|F|13|T|2|5|T|2|Q|L|L|   14_0061P1|      |34129044| 90667976|    |      |95|00|000|N|            |N|2|      61|2|     278|WIM 163 - 1.3 mi N of Bolivar County Line         
S|28|140170|5|1|22|3R|3|T|3|3|H|3|3|F|13|T|2|5|T|2|Q|L|L|   14_0061P1|      |34129044| 90667976|    |      |95|00|000|N|            |N|2|      61|2|     278|WIM 163 - 1.3 mi N of Bolivar County Line         
S|28|140170|5|2|22|3R|3|T|3|3|H|3|3|F|13|T|2|5|T|2|Q|L|L|   14_0061P1|      |34129044| 90667976|    |      |95|00|000|N|            |N|2|      61|2|     278|WIM 163 - 1.3 mi N of Bolivar County Line         
S|28|140170|5|3|22|3R|3|T|2|3|H|3|3|F|13|T|2|5|T|2|Q|L|L|   14_0061P1|      |34129044| 90667976|    |      |95|00|000|N|            |N|2|      61|2|     278|WIM 163 - 1.3 mi N of Bolivar County Line         
S|28|140380|1|1|22|3R|1|T|1|3|N|1|3|F|13|B|1|5|T|2|P|L|L|   14_0049P2|      |34454654| 90495276|    |      |93|00|027|N|            |Y|2|      49|9|        |WIM 126 - 4.5 mi NW of US 61                      
S|28|140380|5|1|22|3R|1|T|1|3|N|1|3|F|13|B|1|5|T|2|P|L|L|   14_0049P2|      |34454654| 90495276|    |      |93|00|027|N|            |Y|2|      49|9|        |WIM 126 - 4.5 mi NW of US 61                      
S|28|150130|1|1|22|5R|1|T|1|3|H|1|3|F|13| |0|0| |2|P|L|P|   15_0051P1|      |31885036| 90400824|    |      |40|00|029|N|            |Y|2|      51|9|        |AVC 3 - 0.7 mi N of MS 28                         
S|28|150130|5|1|22|5R|1|T|1|3|H|1|3|F|13| |0|0| |2|P|L|P|   15_0051P1|      |31885036| 90400824|    |      |40|00|029|N|            |Y|2|      51|9|        |AVC 3 - 0.7 mi N of MS 28                         
S|28|160010|1|1|22|3R|2|T|2|3|H|2|3|F|13| |0|0| |2|P|L|P|   16_0049P1|      |31435433| 89421264|    |      |80|00|031|Y|160901000000|Y|3|      49|0|      42|AVC 49 - 2.8 mi N of Forrest County Line          
S|28|160010|1|2|22|3R|2|T|2|3|H|2|3|F|13| |0|0| |2|P|L|P|   16_0049P1|      |31435433| 89421264|    |      |80|00|031|Y|160901000000|Y|3|      49|0|      42|AVC 49 - 2.8 mi N of Forrest County Line          
S|28|160010|5|1|22|3R|2|T|2|3|H|2|3|F|13| |0|0| |2|P|L|P|   16_0049P1|      |31435433| 89421264|    |      |80|00|031|Y|160901000000|Y|3|      49|0|      42|AVC 49 - 2.8 mi N of Forrest County Line          
S|28|160010|5|2|22|3R|2|T|2|3|H|2|3|F|13| |0|0| |2|P|L|P|   16_0049P1|      |31435433| 89421264|    |      |80|00|031|Y|160901000000|Y|3|      49|0|      42|AVC 49 - 2.8 mi N of Forrest County Line          
S|28|160300|1|1|22|3R|2|T|2|3|H|2|3|F|13| |0|0| |2|P|L|P|00016_0084P1|      |31703711| 89417900|    |      |95|00|000|N| 1.60895E+11|N|2|      84|0|        |AVC 102 - 0.5 mi W of MS 532                      
S|28|160300|1|2|22|3R|2|T|2|3|H|2|3|F|13| |0|0| |2|P|L|P|00016_0084P1|      |31703711| 89417900|    |      |95|00|000|N| 1.60895E+11|N|2|      84|0|        |AVC 102 - 0.5 mi W of MS 532                      
S|28|160300|3|1|22|3R|2|T|2|3|H|2|3|F|13| |0|0| |2|P|L|P|   16_0084P1|      |31703711| 89417900|    |      |95|00|000|N| 1.60895E+11|N|2|      84|9|        |AVC 102 - 0.5 mi W of MS 532                      
S|28|160300|3|2|22|3R|2|T|2|3|H|2|3|F|13| |0|0| |2|P|L|P|   16_0084P1|      |31703711| 89417900|    |      |95|00|000|N| 1.60895E+11|N|2|      84|9|        |AVC 102 - 0.5 mi W of MS 532                      
S|28|160300|5|1|22|3R|2|T|2|3|H|2|3|F|13| |0|0| |2|P|L|P|00016_0084P1|      |31703711| 89417900|    |      |95|00|000|N| 1.60895E+11|N|2|      84|0|        |AVC 102 - 0.5 mi W of MS 532                      
S|28|160300|5|2|22|3R|2|T|2|3|H|2|3|F|13| |0|0| |2|P|L|P|00016_0084P1|      |31703711| 89417900|    |      |95|00|000|N| 1.60895E+11|N|2|      84|0|        |AVC 102 - 0.5 mi W of MS 532                      
S|28|160300|7|1|22|3R|2|T|2|3|H|2|3|F|13| |0|0| |2|P|L|P|   16_0084P1|      |31703711| 89417900|    |      |95|00|000|N| 1.60895E+11|N|2|      84|9|        |AVC 102 - 0.5 mi W of MS 532                      
S|28|160300|7|2|22|3R|2|T|2|3|H|2|3|F|13| |0|0| |2|P|L|P|   16_0084P1|      |31703711| 89417900|    |      |95|00|000|N| 1.60895E+11|N|2|      84|9|        |AVC 102 - 0.5 mi W of MS 532                      
S|28|170090|1|1|22|4U|1|T|1|3|N|1|3|F|13|T|1|5|T|2|Q|L|E|   17_0051P1|      |34909710| 90000267|    |      |10|00|033|N|            |Y|2|      51|0|        |WIM 351 - 0.4 mi N of Star Landing Rd.            
S|28|170090|5|1|22|4U|1|T|1|3|N|1|3|F|13|T|1|5|T|2|Q|L|E|   17_0051P1|      |34909710| 90000267|    |      |10|00|033|N|            |Y|2|      51|0|        |WIM 351 - 0.4 mi N of Star Landing Rd.            
S|28|170130|3|1|22|3R|2|T|2|3|H|2|3|F|13| |0|0| |2|P|L|P|   17_0078P1|      |34991817| 89876968|    |      |80|00|033|Y|170031000000|Y|2|      78|0|        |AVC 38 - 0.6 mi S of TN State                     
S|28|170130|3|2|22|3R|2|T|2|3|H|2|3|F|13| |0|0| |2|P|L|P|   17_0078P1|      |34991817| 89876968|    |      |80|00|033|Y|170031000000|Y|2|      78|0|        |AVC 38 - 0.6 mi S of TN State                     
S|28|170130|7|1|22|3R|2|T|2|3|H|2|3|F|13| |0|0| |2|P|L|P|   17_0078P1|      |34991817| 89876968|    |      |80|00|033|Y|170031000000|Y|2|      78|0|        |AVC 38 - 0.6 mi S of TN State                     
S|28|170130|7|2|22|3R|2|T|2|3|H|2|3|F|13| |0|0| |2|P|L|P|   17_0078P1|      |34991817| 89876968|    |      |80|00|033|Y|170031000000|Y|2|      78|0|        |AVC 38 - 0.6 mi S of TN State                     
S|28|170220|1|1|22|2U|2|T|2|3|H|2|3|F|13| |0|0| |2|P|L|P|   17_0061P1|      |34970616| 90141733|    |      |95|00|033|Y|170003007718|Y|2|      61|9|        |AVC 90 - 1.9 mi S of TN State Line                
S|28|170220|1|2|22|2U|2|T|2|3|H|2|3|F|13| |0|0| |2|P|L|P|   17_0061P1|      |34970616| 90141733|    |      |95|00|033|Y|170003007718|Y|2|      61|9|        |AVC 90 - 1.9 mi S of TN State Line                
S|28|170220|5|1|22|2U|2|T|2|3|H|2|3|F|13| |0|0| |2|P|L|P|   17_0061P1|      |34970616| 90141733|    |      |95|00|033|Y|170003007718|Y|2|      61|9|        |AVC 90 - 1.9 mi S of TN State Line                
S|28|170220|5|2|22|2U|2|T|2|3|H|2|3|F|13| |0|0| |2|P|L|P|   17_0061P1|      |34970616| 90141733|    |      |95|00|033|Y|170003007718|Y|2|      61|9|        |AVC 90 - 1.9 mi S of TN State Line                
S|28|170240|1|1|22|1R|2|T|2|3|H|2|3|F|13| |0|0| |2|P|L|P|   17_0055P1|      |34780317| 89965529|    |      |80|00|033|Y|170005002180|Y|1|      55|9|        |AVC 45 - 3.0 mi S of Old MS 304                   
S|28|170240|1|2|22|1R|2|T|2|3|H|2|3|F|13| |0|0| |2|P|L|P|   17_0055P1|      |34780317| 89965529|    |      |80|00|033|Y|170005002180|Y|1|      55|9|        |AVC 45 - 3.0 mi S of Old MS 304                   
S|28|170240|5|1|22|1R|2|T|2|3|H|2|3|F|13| |0|0| |2|P|L|P|   17_0055P1|      |34780317| 89965529|    |      |80|00|033|Y|170005002180|Y|1|      55|9|        |AVC 45 - 3.0 mi S of Old MS 304                   
S|28|170240|5|2|22|1R|2|T|2|3|H|2|3|F|13| |0|0| |2|P|L|P|   17_0055P1|      |34780317| 89965529|    |      |80|00|033|Y|170005002180|Y|1|      55|9|        |AVC 45 - 3.0 mi S of Old MS 304                   
S|28|170694|3|1|22|1R|2|T|2|3|H|2|3|F|13|T|2|5|T|2|Q|L|L|   17_0069P1|      |34867226| 90130619|    |      |07|00|033|N|            |Y|1|      69|3|     304|WIM 169 - 1.0 mi E of MS 301                      
S|28|170694|3|2|22|1R|2|T|2|3|H|2|3|F|13|T|2|5|T|2|Q|L|L|   17_0069P1|      |34867226| 90130619|    |      |07|00|033|N|            |Y|1|      69|3|     304|WIM 169 - 1.0 mi E of MS 301                      
S|28|170694|7|1|22|1R|2|T|2|3|H|2|3|F|13|T|2|5|T|2|Q|L|L|   17_0069P1|      |34867226| 90130619|    |      |07|00|033|N|            |Y|1|      69|3|     304|WIM 169 - 1.0 mi E of MS 301                      
S|28|170694|7|2|22|1R|2|T|2|3|H|2|3|F|13|T|2|5|T|2|Q|L|L|   17_0069P1|      |34867226| 90130619|    |      |07|00|033|N|            |Y|1|      69|3|     304|WIM 169 - 1.0 mi E of MS 301                      
S|28|175084|3|1|22|5U|1|T|1|3|H|1|3|F|13| |0|0| |2|P|L|P|   17_0285P1|      |34947965| 90075839|    |      |14|00|000|N|            |N|9|        |9|        |AVC 202 - 0.86 mi W of Horn Lake Rd.              
S|28|175084|7|1|22|5U|1|T|1|3|H|1|3|F|13| |0|0| |2|P|L|P|   17_0285P1|      |34947965| 90075839|    |      |14|00|000|N|            |N|9|        |9|        |AVC 202 - 0.86 mi W of Horn Lake Rd.              
S|28|180620|1|1|22|1R|2|T|2|3|H|2|3|F|13| |0|0| |2|P|L|P|   18_0059P2|      |31411648| 89318543|    |      |80|00|035|N|            |Y|1|      59|0|        |AVC 44 - 4.0 mi N of US 49                        
S|28|180620|1|2|22|1R|2|T|2|3|H|2|3|F|13| |0|0| |2|P|L|P|   18_0059P2|      |31411648| 89318543|    |      |80|00|035|N|            |Y|1|      59|0|        |AVC 44 - 4.0 mi N of US 49                        
S|28|180620|5|1|22|1R|2|T|2|3|H|2|3|F|13| |0|0| |2|P|L|P|   18_0059P2|      |31411648| 89318543|    |      |80|00|035|N|            |Y|1|      59|0|        |AVC 44 - 4.0 mi N of US 49                        
S|28|180620|5|2|22|1R|2|T|2|3|H|2|3|F|13| |0|0| |2|P|L|P|   18_0059P2|      |31411648| 89318543|    |      |80|00|035|N|            |Y|1|      59|0|        |AVC 44 - 4.0 mi N of US 49                        
S|28|180830|1|1|22|5U|1|T|1|3|H|1|3|F|13| |0|0| |2|P|L|P|   18_0177P1|      |31271362| 89292697|    |      |14|00|000|N|            |N|9|        |9|        |AVC 203 - 0.46 mi S of US 49                      
S|28|180830|5|2|22|5U|1|T|1|3|H|1|3|F|13| |0|0| |2|P|L|P|   18_0177P1|      |31271362| 89292697|    |      |14|00|000|N|            |N|9|        |9|        |AVC 203 - 0.46 mi S of US 49                      
S|28|190150|3|1|22|3R|2|T|2|3|H|2|3|F|13| |0|0| |2|P|L|P|   19_0084P1|      |31507926| 90729683|    |      |95|00|037|N|            |Y|2|      84|9|        |AVC 153 - 0.6 mi E of Applewhite Rd.              
S|28|190150|3|2|22|3R|2|T|2|3|H|2|3|F|13| |0|0| |2|P|L|P|   19_0084P1|      |31507926| 90729683|    |      |95|00|037|N|            |Y|2|      84|9|        |AVC 153 - 0.6 mi E of Applewhite Rd.              
S|28|190150|7|1|22|3R|2|T|2|3|H|2|3|F|13| |0|0| |2|P|L|P|   19_0084P1|      |31507926| 90729683|    |      |95|00|037|N|            |Y|2|      84|9|        |AVC 153 - 0.6 mi E of Applewhite Rd.              
S|28|190150|7|2|22|3R|2|T|2|3|H|2|3|F|13| |0|0| |2|P|L|P|   19_0084P1|      |31507926| 90729683|    |      |95|00|037|N|            |Y|2|      84|9|        |AVC 153 - 0.6 mi E of Applewhite Rd.              
S|28|200110|3|1|22|3R|2|T|2|3|H|2|3|F|13| |0|0| |2|P|L|P|   20_0098P1|      |30874271| 88431503|    |      |80|00|039|N|            |Y|2|      98|9|        |AVC 24 - 0.1 mi W of AL State Line                
S|28|200110|3|2|22|3R|2|T|2|3|H|2|3|F|13| |0|0| |2|P|L|P|   20_0098P1|      |30874271| 88431503|    |      |80|00|039|N|            |Y|2|      98|9|        |AVC 24 - 0.1 mi W of AL State Line                
S|28|200110|7|1|22|3R|2|T|2|3|H|2|3|F|13| |0|0| |2|P|L|P|   20_0098P1|      |30874271| 88431503|    |      |80|00|039|N|            |Y|2|      98|9|        |AVC 24 - 0.1 mi W of AL State Line                
S|28|200110|7|2|22|3R|2|T|2|3|H|2|3|F|13| |0|0| |2|P|L|P|   20_0098P1|      |30874271| 88431503|    |      |80|00|039|N|            |Y|2|      98|9|        |AVC 24 - 0.1 mi W of AL State Line                
S|28|210070|1|1|22|3R|2|T|2|3|H|2|3|F|13| |0|0| |2|P|L|P|   77_0045P1|      |31469487| 88475571|    |      |80|00|041|N|            |Y|2|      45|9|        |AVC 25 - 0.2 mi N of AL State Line                
S|28|210070|1|2|22|3R|2|T|2|3|H|2|3|F|13| |0|0| |2|P|L|P|   77_0045P1|      |31469487| 88475571|    |      |80|00|041|N|            |Y|2|      45|9|        |AVC 25 - 0.2 mi N of AL State Line                
S|28|210070|5|1|22|3R|2|T|2|3|H|2|3|F|13| |0|0| |2|P|L|P|   77_0045P1|      |31469487| 88475571|    |      |80|00|041|N|            |Y|2|      45|9|        |AVC 25 - 0.2 mi N of AL State Line                
S|28|210070|5|2|22|3R|2|T|2|3|H|2|3|F|13| |0|0| |2|P|L|P|   77_0045P1|      |31469487| 88475571|    |      |80|00|041|N|            |Y|2|      45|9|        |AVC 25 - 0.2 mi N of AL State Line                
S|28|220430|1|1|22|1U|2|T|2|3|H|2|3|F|13|T|2|5|T|2|Q|L|L|   22_0055P1|      |33835176| 89838841|    |      |94|00|043|Y|220055009750|Y|1|00000055|9|        |WIM 143 - 3.1 mi N of MS 8, N of Grenada          
S|28|220430|1|2|22|1U|2|T|2|3|H|2|3|F|13|T|2|5|T|2|Q|L|L|   22_0055P1|      |33835176| 89838841|    |      |94|00|043|Y|220055009750|Y|1|00000055|9|        |WIM 143 - 3.1 mi N of MS 8, N of Grenada          
S|28|220430|5|1|22|1U|2|T|2|3|H|2|3|F|13|T|2|5|T|2|Q|L|L|   22_0055P1|      |33835176| 89838841|    |      |94|00|043|Y|220055009750|Y|1|00000055|9|        |WIM 143 - 3.1 mi N of MS 8, N of Grenada          
S|28|220430|5|2|22|1U|2|T|2|3|H|2|3|F|13|T|2|5|T|2|Q|L|L|   22_0055P1|      |33835176| 89838841|    |      |94|00|043|Y|220055009750|Y|1|00000055|9|        |WIM 143 - 3.1 mi N of MS 8, N of Grenada          
S|28|230040|3|1|22|1R|2|T|2|3|H|2|3|F|13|T|2|5|T|2|Q|L|L|   23_0010P1|      |30354791| 89434161|    |      |94|00|045|Y|230010011764|Y|1|      10|9|        |WIM 129 - 0.7 mi W of MS 43/MS 603                
S|28|230040|3|2|22|1R|2|T|2|3|H|2|3|F|13|T|2|5|T|2|Q|L|L|   23_0010P1|      |30354791| 89434161|    |      |94|00|045|Y|230010011764|Y|1|      10|9|        |WIM 129 - 0.7 mi W of MS 43/MS 603                
S|28|230040|7|1|22|1R|2|T|2|3|H|2|3|F|13|T|2|5|T|2|Q|L|L|   23_0010P1|      |30354791| 89434161|    |      |94|00|045|Y|230010011764|Y|1|      10|9|        |WIM 129 - 0.7 mi W of MS 43/MS 603                
S|28|230040|7|2|22|1R|2|T|2|3|H|2|3|F|13|T|2|5|T|2|Q|L|L|   23_0010P1|      |30354791| 89434161|    |      |94|00|045|Y|230010011764|Y|1|      10|9|        |WIM 129 - 0.7 mi W of MS 43/MS 603                
S|28|240120|3|1|22|3U|4|T|4|3|H|4|3|F|13| |0|0| |2|P|L|P|   24_0090P1|      |30364478| 89096362|    |      |93|00|047|N|            |Y|2|      90|9|        |AVC 903 - 0.2 mi W of US 49                       
S|28|240120|3|2|22|3U|4|T|4|3|H|4|3|F|13| |0|0| |2|P|L|P|   24_0090P1|      |30364478| 89096362|    |      |93|00|047|N|            |Y|2|      90|9|        |AVC 903 - 0.2 mi W of US 49                       
S|28|240120|3|3|22|3U|4|T|4|3|H|4|3|F|13| |0|0| |2|P|L|P|   24_0090P1|      |30364478| 89096362|    |      |93|00|047|N|            |Y|2|      90|9|        |AVC 903 - 0.2 mi W of US 49                       
S|28|240120|3|4|22|3U|4|T|4|3|H|4|3|F|13| |0|0| |2|P|L|P|   24_0090P1|      |30364478| 89096362|    |      |93|00|047|N|            |Y|2|      90|9|        |AVC 903 - 0.2 mi W of US 49                       
S|28|240120|7|1|22|3U|2|T|2|3|H|2|3|F|13| |0|0| |2|P|L|P|   24_0090P1|      |30364478| 89096362|    |      |93|00|047|N|            |Y|2|      90|9|        |AVC 903 - 0.2 mi W of US 49                       
S|28|240120|7|2|22|3U|2|T|2|3|H|2|3|F|13| |0|0| |2|P|L|P|   24_0090P1|      |30364478| 89096362|    |      |93|00|047|N|            |Y|2|      90|9|        |AVC 903 - 0.2 mi W of US 49                       
S|28|240232|3|1|22|1U|3|T|3|3|H|3|3|F|13| |0|0| |2|P|L|P|   24_0010P1|      |30440146| 89058639|    |      |80|00|047|Y|248835016515|Y|1|      10|9|        |AVC 72 - 1.5 mi E of US 49                        
S|28|240232|3|2|22|1U|3|T|3|3|H|3|3|F|13| |0|0| |2|P|L|P|   24_0010P1|      |30440146| 89058639|    |      |80|00|047|Y|248835016515|Y|1|      10|9|        |AVC 72 - 1.5 mi E of US 49                        
S|28|240232|3|3|22|1U|3|T|3|3|H|3|3|F|13| |0|0| |2|P|L|P|   24_0010P1|      |30440146| 89058639|    |      |80|00|047|Y|248835016515|Y|1|      10|9|        |AVC 72 - 1.5 mi E of US 49                        
S|28|240232|7|1|22|1U|3|T|3|3|H|3|3|F|13| |0|0| |2|P|L|P|   24_0010P1|      |30440146| 89058639|    |      |80|00|047|Y|248835016515|Y|1|      10|9|        |AVC 72 - 1.5 mi E of US 49                        
S|28|240232|7|2|22|1U|3|T|3|3|H|3|3|F|13| |0|0| |2|P|L|P|   24_0010P1|      |30440146| 89058639|    |      |80|00|047|Y|248835016515|Y|1|      10|9|        |AVC 72 - 1.5 mi E of US 49                        
S|28|240232|7|3|22|1U|3|T|3|3|H|3|3|F|13| |0|0| |2|P|L|P|   24_0010P1|      |30440146| 89058639|    |      |80|00|047|Y|248835016515|Y|1|      10|9|        |AVC 72 - 1.5 mi E of US 49                        
S|28|240390|3|1|22|3U|2|T|2|3|H|2|3|F|13| |0|0| |2|P|L|P|   24_0090P1|      |30394611| 88903808|    |      |95|00|047|Y|240090024665|Y|2|      90|9|        |AVC 905 - 0.1 mi E of Azalea Dr.                  
S|28|240390|3|2|22|3U|2|T|2|3|H|2|3|F|13| |0|0| |2|P|L|P|   24_0090P1|      |30394611| 88903808|    |      |95|00|047|Y|240090024665|Y|2|      90|9|        |AVC 905 - 0.1 mi E of Azalea Dr.                  
S|28|240390|7|1|22|3U|2|T|2|3|H|2|3|F|13| |0|0| |2|P|L|P|   24_0090P1|      |30394611| 88903808|    |      |95|00|047|Y|240090024665|Y|2|      90|9|        |AVC 905 - 0.1 mi E of Azalea Dr.                  
S|28|240390|7|2|22|3U|2|T|2|3|H|2|3|F|13| |0|0| |2|P|L|P|   24_0090P1|      |30394611| 88903808|    |      |95|00|047|Y|240090024665|Y|2|      90|9|        |AVC 905 - 0.1 mi E of Azalea Dr.                  
S|28|240405|3|1|22|3U|2|T|2|3|H|2|3|F|13| |0|0| |2|P|L|P|   24_0090P1|      |30393195| 88875315|    |      |93|00|047|Y|240090026215|Y|2|      90|9|        |AVC 907 - 0.1 mi W of Kuhn St.                    
S|28|240405|3|2|22|3U|2|T|2|3|H|2|3|F|13| |0|0| |2|P|L|P|   24_0090P1|      |30393195| 88875315|    |      |93|00|047|Y|240090026215|Y|2|      90|9|        |AVC 907 - 0.1 mi W of Kuhn St.                    
S|28|240405|7|1|22|3U|2|T|2|3|H|2|3|F|13| |0|0| |2|P|L|P|   24_0090P1|      |30393195| 88875315|    |      |93|00|047|Y|240090026215|Y|2|      90|9|        |AVC 907 - 0.1 mi W of Kuhn St.                    
S|28|240405|7|2|22|3U|2|T|2|3|H|2|3|F|13| |0|0| |2|P|L|P|   24_0090P1|      |30393195| 88875315|    |      |93|00|047|Y|240090026215|Y|2|      90|9|        |AVC 907 - 0.1 mi W of Kuhn St.                    
S|28|240895|1|1|22|3R|2|T|2|3|H|2|3|F|13| |0|0| |2|P|L|P|   24_0067P1|      |30648007| 89127083|    |      |80|00|047|N|            |N|3|      67|9|        |AVC 17 - 0.5 mi SE of US 49                       
S|28|240895|1|2|22|3R|2|T|2|3|H|2|3|F|13| |0|0| |2|P|L|P|   24_0067P1|      |30648007| 89127083|    |      |80|00|047|N|            |N|3|      67|9|        |AVC 17 - 0.5 mi SE of US 49                       
S|28|240895|5|1|22|3R|2|T|2|3|H|2|3|F|13| |0|0| |2|P|L|P|   24_0067P1|      |30648007| 89127083|    |      |80|00|047|N|            |N|3|      67|9|        |AVC 17 - 0.5 mi SE of US 49                       
S|28|240895|5|2|22|3R|2|T|2|3|H|2|3|F|13| |0|0| |2|P|L|P|   24_0067P1|      |30648007| 89127083|    |      |80|00|047|N|            |N|3|      67|9|        |AVC 17 - 0.5 mi SE of US 49                       
S|28|241057|1|1|22|4U|2|T|2|3|H|2|3|F|13| |0|0| |2|P|L|P|   24_0605P1|      |30469161| 89027843|    |      |82|00|047|N|            |N|3|     605|9|        |AVC 74 - 1.7 mi N of I-10                         
S|28|241057|1|2|22|4U|2|T|2|3|H|2|3|F|13| |0|0| |2|P|L|P|   24_0605P1|      |30469161| 89027843|    |      |82|00|047|N|            |N|3|     605|9|        |AVC 74 - 1.7 mi N of I-10                         
S|28|241057|5|1|22|4U|2|T|2|3|H|2|3|F|13| |0|0| |2|P|L|P|   24_0605P1|      |30469161| 89027843|    |      |82|00|047|N|            |N|3|     605|9|        |AVC 74 - 1.7 mi N of I-10                         
S|28|241057|5|2|22|4U|2|T|2|3|H|2|3|F|13| |0|0| |2|P|L|P|   24_0605P1|      |30469161| 89027843|    |      |82|00|047|N|            |N|3|     605|9|        |AVC 74 - 1.7 mi N of I-10                         
S|28|241720|1|1|22|1U|2|T|2|3|H|2|3|F|13| |0|0| |2|P|L|P|   24_0110P1|      |30436750| 88894809|    |      |09|00|047|Y|240840002480|Y|1|     110|3|      15|AVC 11 - 0.5 mi N of Rodriguez Street             
S|28|241720|1|2|22|1U|2|T|2|3|H|2|3|F|13| |0|0| |2|P|L|P|   24_0110P1|      |30436750| 88894809|    |      |09|00|047|Y|240840002480|Y|1|     110|3|      15|AVC 11 - 0.5 mi N of Rodriguez Street             
S|28|241720|5|1|22|1U|2|T|2|3|H|2|3|F|13| |0|0| |2|P|L|P|   24_0110P1|      |30436750| 88894809|    |      |09|00|047|Y|240840002480|Y|1|     110|3|      15|AVC 11 - 0.5 mi N of Rodriguez Street             
S|28|241720|5|2|22|1U|2|T|2|3|H|2|3|F|13| |0|0| |2|P|L|P|   24_0110P1|      |30436750| 88894809|    |      |09|00|047|Y|240840002480|Y|1|     110|3|      15|AVC 11 - 0.5 mi N of Rodriguez Street             
S|28|250600|3|1|22|1R|2|T|2|3|H|2|3|F|13| |0|0| |2|P|L|P|   25_0020P1|      |32357568| 90423700|    |      |80|00|049|Y|254003016000|Y|1|      20|9|        |AVC 14 - Between Norrell Rd and Bolton Brownsville
S|28|250600|3|2|22|1R|2|T|2|3|H|2|3|F|13| |0|0| |2|P|L|P|   25_0020P1|      |32357568| 90423700|    |      |80|00|049|Y|254003016000|Y|1|      20|9|        |AVC 14 - Between Norrell Rd and Bolton Brownsville
S|28|250600|7|1|22|1R|2|T|2|3|H|2|3|F|13| |0|0| |2|P|L|P|   25_0020P1|      |32357568| 90423700|    |      |80|00|049|Y|254003016000|Y|1|      20|9|        |AVC 14 - Between Norrell Rd and Bolton Brownsville
S|28|250600|7|2|22|1R|2|T|2|3|H|2|3|F|13| |0|0| |2|P|L|P|   25_0020P1|      |32357568| 90423700|    |      |80|00|049|Y|254003016000|Y|1|      20|9|        |AVC 14 - Between Norrell Rd and Bolton Brownsville
S|28|250734|1|1|22|3U|2|T|2|3|H|2|3|F|13| |0|0| |2|P|L|P|   25_0018P1|      |32275257| 90283844|    |      |80|00|049|Y|254004028027|N|3|      18|0|        |AVC 15 - 1.5 mi S of I-20                         
S|28|250734|1|2|22|3U|2|T|2|3|H|2|3|F|13| |0|0| |2|P|L|P|   25_0018P1|      |32275257| 90283844|    |      |80|00|049|Y|254004028027|N|3|      18|0|        |AVC 15 - 1.5 mi S of I-20                         
S|28|250734|5|1|22|3U|2|T|2|3|H|2|3|F|13| |0|0| |2|P|L|P|   25_0018P1|      |32275257| 90283844|    |      |80|00|049|Y|254004028027|N|3|      18|0|        |AVC 15 - 1.5 mi S of I-20                         
S|28|250734|5|2|22|3U|2|T|2|3|H|2|3|F|13| |0|0| |2|P|L|P|   25_0018P1|      |32275257| 90283844|    |      |80|00|049|Y|254004028027|N|3|      18|0|        |AVC 15 - 1.5 mi S of I-20                         
S|28|250880|1|1|22|1U|2|T|2|3|H|2|3|F|13| |0|0| |2|P|L|P|00025_0055P1|      |32235306| 90218167|    |      |80|00|049|N|            |Y|1|      55|0|        |AVC 42 - 0.5 mi S of Savanna I                    
S|28|250880|1|2|22|1U|2|T|2|3|H|2|3|F|13| |0|0| |2|P|L|P|00025_0055P1|      |32235306| 90218167|    |      |80|00|049|N|            |Y|1|      55|0|        |AVC 42 - 0.5 mi S of Savanna I                    
S|28|250880|1|3|22|1U|2|T|2|3|H|2|3|F|13| |0|0| |2|P|L|P|00025_0055P1|      |32235306| 90218167|    |      |80|00|049|N|            |Y|1|      55|0|        |AVC 42 - 0.5 mi S of Savanna I                    
S|28|250880|5|1|22|1U|2|T|2|3|H|2|3|F|13| |0|0| |2|P|L|P|00025_0055P1|      |32235306| 90218167|    |      |80|00|049|N|            |Y|1|      55|0|        |AVC 42 - 0.5 mi S of Savanna I                    
S|28|250880|5|2|22|1U|2|T|2|3|H|2|3|F|13| |0|0| |2|P|L|P|00025_0055P1|      |32235306| 90218167|    |      |80|00|049|N|            |Y|1|      55|0|        |AVC 42 - 0.5 mi S of Savanna I                    
S|28|250880|5|3|22|1U|2|T|2|3|H|2|3|F|13| |0|0| |2|P|L|P|00025_0055P1|      |32235306| 90218167|    |      |80|00|049|N|            |Y|1|      55|0|        |AVC 42 - 0.5 mi S of Savanna I                    
S|28|250921|3|1|22|1U|4|T|4|3|H|4|3|F|13| |0|0| |2|P|L|P|   25_0055P1|      |32276882| 90183472|    |      |80|00|049|Y|254006018385|Y|1|      20|0|        |AVC 27 - 0.2 mi W of Hinds County Line            
S|28|250921|3|2|22|1U|4|T|4|3|H|4|3|F|13| |0|0| |2|P|L|P|   25_0055P1|      |32276882| 90183472|    |      |80|00|049|Y|254006018385|Y|1|      20|0|        |AVC 27 - 0.2 mi W of Hinds County Line            
S|28|250921|3|3|22|1U|4|T|4|3|H|4|3|F|13| |0|0| |2|P|L|P|   25_0055P1|      |32276882| 90183472|    |      |80|00|049|Y|254006018385|Y|1|      20|0|        |AVC 27 - 0.2 mi W of Hinds County Line            
S|28|250921|3|4|22|1U|4|T|4|3|H|4|3|F|13| |0|0| |2|P|L|P|   25_0055P1|      |32276882| 90183472|    |      |80|00|049|Y|254006018385|Y|1|      20|0|        |AVC 27 - 0.2 mi W of Hinds County Line            
S|28|250921|7|1|22|1U|4|T|4|3|H|4|3|F|13| |0|0| |2|P|L|P|   25_0055P1|      |32276882| 90183472|    |      |80|00|049|Y|254006018385|Y|1|      20|0|        |AVC 27 - 0.2 mi W of Hinds County Line            
S|28|250921|7|2|22|1U|4|T|4|3|H|4|3|F|13| |0|0| |2|P|L|P|   25_0055P1|      |32276882| 90183472|    |      |80|00|049|Y|254006018385|Y|1|      20|0|        |AVC 27 - 0.2 mi W of Hinds County Line            
S|28|250921|7|3|22|1U|4|T|4|3|H|4|3|F|13| |0|0| |2|P|L|P|   25_0055P1|      |32276882| 90183472|    |      |80|00|049|Y|254006018385|Y|1|      20|0|        |AVC 27 - 0.2 mi W of Hinds County Line            
S|28|250921|7|4|22|1U|4|T|4|3|H|4|3|F|13| |0|0| |2|P|L|P|   25_0055P1|      |32276882| 90183472|    |      |80|00|049|Y|254006018385|Y|1|      20|0|        |AVC 27 - 0.2 mi W of Hinds County Line            
S|28|250990|1|1|22|1U|5|T|5|3|H|5|3|F|13| |0|0| |2|Q|L|P|   25_0055P2|      |32341505| 90158833|    |      |80|00|049|Y|254011003390|Y|1|      55|0|        |AVC 54 - 0.5 mi N of Lakeland Dr.                 
S|28|250990|1|2|22|1U|5|T|5|3|H|5|3|F|13| |0|0| |2|Q|L|P|   25_0055P2|      |32341505| 90158833|    |      |80|00|049|Y|254011003390|Y|1|      55|0|        |AVC 54 - 0.5 mi N of Lakeland Dr.                 
S|28|250990|1|3|22|1U|5|T|5|3|H|5|3|F|13| |0|0| |2|Q|L|P|   25_0055P2|      |32341505| 90158833|    |      |80|00|049|Y|254011003390|Y|1|      55|0|        |AVC 54 - 0.5 mi N of Lakeland Dr.                 
S|28|250990|1|4|22|1U|5|T|5|3|H|5|3|F|13| |0|0| |2|Q|L|P|   25_0055P2|      |32341505| 90158833|    |      |80|00|049|Y|254011003390|Y|1|      55|0|        |AVC 54 - 0.5 mi N of Lakeland Dr.                 
S|28|250990|1|5|22|1U|5|T|5|3|H|5|3|F|13| |0|0| |2|Q|L|P|   25_0055P2|      |32341505| 90158833|    |      |80|00|049|Y|254011003390|Y|1|      55|0|        |AVC 54 - 0.5 mi N of Lakeland Dr.                 
S|28|250990|5|1|22|1U|5|T|5|3|H|5|3|F|13| |0|0| |2|Q|L|P|   25_0055P2|      |32341505| 90158833|    |      |80|00|049|Y|254011003390|Y|1|      55|0|        |AVC 54 - 0.5 mi N of Lakeland Dr.                 
S|28|250990|5|2|22|1U|5|T|5|3|H|5|3|F|13| |0|0| |2|Q|L|P|   25_0055P2|      |32341505| 90158833|    |      |80|00|049|Y|254011003390|Y|1|      55|0|        |AVC 54 - 0.5 mi N of Lakeland Dr.                 
S|28|250990|5|3|22|1U|5|T|5|3|H|5|3|F|13| |0|0| |2|Q|L|P|   25_0055P2|      |32341505| 90158833|    |      |80|00|049|Y|254011003390|Y|1|      55|0|        |AVC 54 - 0.5 mi N of Lakeland Dr.                 
S|28|250990|5|4|22|1U|5|T|5|3|H|5|3|F|13| |0|0| |2|Q|L|P|   25_0055P2|      |32341505| 90158833|    |      |80|00|049|Y|254011003390|Y|1|      55|0|        |AVC 54 - 0.5 mi N of Lakeland Dr.                 
S|28|250990|5|5|22|1U|5|T|5|3|H|5|3|F|13| |0|0| |2|Q|L|P|   25_0055P2|      |32341505| 90158833|    |      |80|00|049|Y|254011003390|Y|1|      55|0|        |AVC 54 - 0.5 mi N of Lakeland Dr.                 
S|28|251010|1|1|22|1U|4|T|4|3|H|4|3|F|13| |0|0| |2|Q|L|P|   25_0055P2|      |32374058| 90148087|    |      |07|00|049|Y|254006024200|Y|1|      55|0|        |AVC 94 - 1.2 mi S of Briarwood Dr.                
S|28|251010|1|2|22|1U|4|T|4|3|H|4|3|F|13| |0|0| |2|Q|L|P|   25_0055P2|      |32374058| 90148087|    |      |07|00|049|Y|254006024200|Y|1|      55|0|        |AVC 94 - 1.2 mi S of Briarwood Dr.                
S|28|251010|1|3|22|1U|4|T|4|3|H|4|3|F|13| |0|0| |2|Q|L|P|   25_0055P2|      |32374058| 90148087|    |      |07|00|049|Y|254006024200|Y|1|      55|0|        |AVC 94 - 1.2 mi S of Briarwood Dr.                
S|28|251010|1|4|22|1U|4|T|4|3|H|4|3|F|13| |0|0| |2|Q|L|P|   25_0055P2|      |32374058| 90148087|    |      |07|00|049|Y|254006024200|Y|1|      55|0|        |AVC 94 - 1.2 mi S of Briarwood Dr.                
S|28|251010|5|1|22|1U|4|T|4|3|H|4|3|F|13| |0|0| |2|Q|L|P|   25_0055P2|      |32374058| 90148087|    |      |07|00|049|Y|254006024200|Y|1|      55|0|        |AVC 94 - 1.2 mi S of Briarwood Dr.                
S|28|251010|5|2|22|1U|4|T|4|3|H|4|3|F|13| |0|0| |2|Q|L|P|   25_0055P2|      |32374058| 90148087|    |      |07|00|049|Y|254006024200|Y|1|      55|0|        |AVC 94 - 1.2 mi S of Briarwood Dr.                
S|28|251010|5|3|22|1U|4|T|4|3|H|4|3|F|13| |0|0| |2|Q|L|P|   25_0055P2|      |32374058| 90148087|    |      |07|00|049|Y|254006024200|Y|1|      55|0|        |AVC 94 - 1.2 mi S of Briarwood Dr.                
S|28|251010|5|4|22|1U|4|T|4|3|H|4|3|F|13| |0|0| |2|Q|L|P|   25_0055P2|      |32374058| 90148087|    |      |07|00|049|Y|254006024200|Y|1|      55|0|        |AVC 94 - 1.2 mi S of Briarwood Dr.                
S|28|251030|1|1|22|1U|5|T|5|3|H|5|3|F|13| |0|0| |2|Q|L|P|00025_0055P2| 42800|32388428| 90145691|    |      |07|00|049|Y|254006026083|Y|1|      55|0|        |AVC 95 - 0.6 mi N of Beasley Rd.                  
S|28|251030|1|2|22|1U|5|T|5|3|H|5|3|F|13| |0|0| |2|Q|L|P|00025_0055P2| 42800|32388428| 90145691|    |      |07|00|049|Y|254006026083|Y|1|      55|0|        |AVC 95 - 0.6 mi N of Beasley Rd.                  
S|28|251030|1|3|22|1U|5|T|5|3|H|5|3|F|13| |0|0| |2|Q|L|P|00025_0055P2| 42800|32388428| 90145691|    |      |07|00|049|Y|254006026083|Y|1|      55|0|        |AVC 95 - 0.6 mi N of Beasley Rd.                  
S|28|251030|1|4|22|1U|5|T|5|3|H|5|3|F|13| |0|0| |2|Q|L|P|00025_0055P2| 42800|32388428| 90145691|    |      |07|00|049|Y|254006026083|Y|1|      55|0|        |AVC 95 - 0.6 mi N of Beasley Rd.                  
S|28|251030|1|5|22|1U|5|T|5|3|H|5|3|F|13| |0|0| |2|Q|L|P|00025_0055P2| 42800|32388428| 90145691|    |      |07|00|049|Y|254006026083|Y|1|      55|0|        |AVC 95 - 0.6 mi N of Beasley Rd.                  
S|28|251030|5|1|22|1U|5|T|5|3|H|5|3|F|13| |0|0| |2|Q|L|P|00025_0055P2| 42800|32388428| 90145691|    |      |07|00|049|Y|254006026083|Y|1|      55|0|        |AVC 95 - 0.6 mi N of Beasley Rd.                  
S|28|251030|5|2|22|1U|5|T|5|3|H|5|3|F|13| |0|0| |2|Q|L|P|00025_0055P2| 42800|32388428| 90145691|    |      |07|00|049|Y|254006026083|Y|1|      55|0|        |AVC 95 - 0.6 mi N of Beasley Rd.                  
S|28|251030|5|3|22|1U|5|T|5|3|H|5|3|F|13| |0|0| |2|Q|L|P|00025_0055P2| 42800|32388428| 90145691|    |      |07|00|049|Y|254006026083|Y|1|      55|0|        |AVC 95 - 0.6 mi N of Beasley Rd.                  
S|28|251030|5|4|22|1U|5|T|5|3|H|5|3|F|13| |0|0| |2|Q|L|P|00025_0055P2| 42800|32388428| 90145691|    |      |07|00|049|Y|254006026083|Y|1|      55|0|        |AVC 95 - 0.6 mi N of Beasley Rd.                  
S|28|251030|5|5|22|1U|5|T|5|3|H|5|3|F|13| |0|0| |2|Q|L|P|00025_0055P2| 42800|32388428| 90145691|    |      |07|00|049|Y|254006026083|Y|1|      55|0|        |AVC 95 - 0.6 mi N of Beasley Rd.                  
S|28|252560|1|1|22|1U|2|T|2|3|H|2|3|F|13| |0|0| |2|P|L|P|   25_0220P1|      |32349235| 90245425|    |      |08|00|049|N|            |Y|1|     220|9|        |AVC 222 - 0.5 mi N of Industrial Dr.              
S|28|252560|1|2|22|1U|2|T|2|3|H|2|3|F|13| |0|0| |2|P|L|P|   25_0220P1|      |32349235| 90245425|    |      |08|00|049|N|            |Y|1|     220|9|        |AVC 222 - 0.5 mi N of Industrial Dr.              
S|28|252560|5|1|22|1U|2|T|2|3|H|2|3|F|13| |0|0| |2|P|L|P|   25_0220P1|      |32349235| 90245425|    |      |08|00|049|N|            |Y|1|     220|9|        |AVC 222 - 0.5 mi N of Industrial Dr.              
S|28|252560|5|2|22|1U|2|T|2|3|H|2|3|F|13| |0|0| |2|P|L|P|   25_0220P1|      |32349235| 90245425|    |      |08|00|049|N|            |Y|1|     220|9|        |AVC 222 - 0.5 mi N of Industrial Dr.              
S|28|256200|3|1|22|5U|1|T|1|3|H|1|2|F|13| |0|0| |2|P|L|P|   25_0409P1|      |32370534| 90205827|    |      |14|00|000|N|            |N|9|        |9|        |AVC 204 - 0.4 mi W of Livingston Rd.              
S|28|256200|7|1|22|5U|1|T|1|3|H|1|2|F|13| |0|0| |2|P|L|P|   25_0409P1|      |32370534| 90205827|    |      |14|00|000|N|            |N|9|        |9|        |AVC 204 - 0.4 mi W of Livingston Rd.              
S|28|260685|1|1|22|1R|2|T|2|3|H|2|3|F|13|T|2|5|T|2|P|L|L|   26_0055P1|      |33151016| 89856292|    |      |02|00|051|Y|260001021920|Y|1|      55|9|        |WIM 131 - 4.4 mi N of MS 12                       
S|28|260685|1|2|22|1R|2|T|2|3|H|2|3|F|13|T|2|5|T|2|P|L|L|   26_0055P1|      |33151016| 89856292|    |      |02|00|051|Y|260001021920|Y|1|      55|9|        |WIM 131 - 4.4 mi N of MS 12                       
S|28|260685|5|1|22|1R|2|T|2|3|H|2|3|F|13|T|2|5|T|2|P|L|L|   26_0055P1|      |33151016| 89856292|    |      |02|00|051|Y|260001021920|Y|1|      55|9|        |WIM 131 - 4.4 mi N of MS 12                       
S|28|260685|5|2|22|1R|2|T|2|3|H|2|3|F|13|T|2|5|T|2|P|L|L|   26_0055P1|      |33151016| 89856292|    |      |02|00|051|Y|260001021920|Y|1|      55|9|        |WIM 131 - 4.4 mi N of MS 12                       
S|28|270225|1|1|22|3R|2|T|2|3|H|2|3|F|13| |0|0| |2|P|L|P|  27_0049WP1|      |33259313| 90586380|    |      |03|00|053|N|            |Y|2|     49W|9|        |AVC 144 - 0.8 mi S of Sunflower County Line       
S|28|270225|1|2|22|3R|2|T|2|3|H|2|3|F|13| |0|0| |2|P|L|P|  27_0049WP1|      |33259313| 90586380|    |      |03|00|053|N|            |Y|2|     49W|9|        |AVC 144 - 0.8 mi S of Sunflower County Line       
S|28|270225|5|1|22|3R|2|T|2|3|H|2|3|F|13| |0|0| |2|P|L|P|  27_0049WP1|      |33259313| 90586380|    |      |03|00|053|N|            |Y|2|     49W|9|        |AVC 144 - 0.8 mi S of Sunflower County Line       
S|28|270225|5|2|22|3R|2|T|2|3|H|2|3|F|13| |0|0| |2|P|L|P|  27_0049WP1|      |33259313| 90586380|    |      |03|00|053|N|            |Y|2|     49W|9|        |AVC 144 - 0.8 mi S of Sunflower County Line       
S|28|270450|1|1|22|5R|1|T|1|3|H|1|3|F|13| |0|0| |2|P|L|P|00027_0016P1|      |32930138| 90596725|    |      |80|00|000|N|            |N|3|      16|0|        |AVC 16 - 1.4 mi W of MS 149                       
S|28|270450|3|1|22|5R|1|T|1|3|H|1|3|F|13| |0|0| |2|P|L|P|   27_0016P1|      |32930138| 90596725|    |      |80|00|000|N|            |N|3|      16|9|        |AVC 16 - 1.4 mi W of MS 149                       
S|28|270450|5|1|22|5R|1|T|1|3|H|1|3|F|13| |0|0| |2|P|L|P|00027_0016P1|      |32930138| 90596725|    |      |80|00|000|N|            |N|3|      16|0|        |AVC 16 - 1.4 mi W of MS 149                       
S|28|270450|7|1|22|5R|1|T|1|3|H|1|3|F|13| |0|0| |2|P|L|P|   27_0016P1|      |32930138| 90596725|    |      |80|00|000|N|            |N|3|      16|9|        |AVC 16 - 1.4 mi W of MS 149                       
S|28|290007|1|1|22|3R|2|T|2|3|N|2|3|F|13|T|2|5|T|2|Q|L|L|00029_0078P1| 33987|34214588| 88202621|    |      |80|00|057|N|            |Y|2|      78|0|        |WIM 34 - 0.1 mi W of AL State Line                
S|28|290007|1|2|22|3R|2|T|2|3|N|2|3|F|13|T|2|5|T|2|Q|L|L|00029_0078P1| 33987|34214588| 88202621|    |      |80|00|057|N|            |Y|2|      78|0|        |WIM 34 - 0.1 mi W of AL State Line                
S|28|290007|5|1|22|3R|2|T|2|3|N|2|3|F|13|T|2|5|T|2|Q|L|L|00029_0078P1| 33987|34214588| 88202621|    |      |80|00|057|N|            |Y|2|      78|0|        |WIM 34 - 0.1 mi W of AL State Line                
S|28|290007|5|2|22|3R|2|T|2|3|N|2|3|F|13|T|2|5|T|2|Q|L|L|00029_0078P1| 33987|34214588| 88202621|    |      |80|00|057|N|            |Y|2|      78|0|        |WIM 34 - 0.1 mi W of AL State Line                
S|28|300020|3|1|22|3U|3|T|3|3|H|3|3|F|13| |0|0| |2|P|L|P|   30_0090P1|      |30411136| 88840760|    |      |09|00|047|N|            |Y|2|      90|9|        |AVC 909 - Biloxi to Ocean Springs US 90 bridge in 
S|28|300020|3|2|22|3U|3|T|3|3|H|3|3|F|13| |0|0| |2|P|L|P|   30_0090P1|      |30411136| 88840760|    |      |09|00|047|N|            |Y|2|      90|9|        |AVC 909 - Biloxi to Ocean Springs US 90 bridge in 
S|28|300020|3|3|22|3U|3|T|3|3|H|3|3|F|13| |0|0| |2|P|L|P|   30_0090P1|      |30411136| 88840760|    |      |09|00|047|N|            |Y|2|      90|9|        |AVC 909 - Biloxi to Ocean Springs US 90 bridge in 
S|28|300020|7|1|22|3U|3|T|3|3|H|3|3|F|13| |0|0| |2|P|L|P|   30_0090P1|      |30411136| 88840760|    |      |09|00|047|N|            |Y|2|      90|9|        |AVC 909 - Biloxi to Ocean Springs US 90 bridge in 
S|28|300020|7|2|22|3U|3|T|3|3|H|3|3|F|13| |0|0| |2|P|L|P|   30_0090P1|      |30411136| 88840760|    |      |09|00|047|N|            |Y|2|      90|9|        |AVC 909 - Biloxi to Ocean Springs US 90 bridge in 
S|28|300020|7|3|22|3U|3|T|3|3|H|3|3|F|13| |0|0| |2|P|L|P|   30_0090P1|      |30411136| 88840760|    |      |09|00|047|N|            |Y|2|      90|9|        |AVC 909 - Biloxi to Ocean Springs US 90 bridge in 
S|28|300460|1|1|22|3R|2|T|2|3|H|2|3|F|13| |0|0| |2|P|L|P|   30_0063P1|      |30731665| 88597980|    |      |95|00|059|N|            |N|3|      63|9|        |AVC 79 - 2.0 mi S of George County Line           
S|28|300460|1|2|22|3R|2|T|2|3|H|2|3|F|13| |0|0| |2|P|L|P|   30_0063P1|      |30731665| 88597980|    |      |95|00|059|N|            |N|3|      63|9|        |AVC 79 - 2.0 mi S of George County Line           
S|28|300460|5|1|22|3R|2|T|2|3|H|2|3|F|13| |0|0| |2|P|L|P|   30_0063P1|      |30731665| 88597980|    |      |95|00|059|N|            |N|3|      63|9|        |AVC 79 - 2.0 mi S of George County Line           
S|28|300460|5|2|22|3R|2|T|2|3|H|2|3|F|13| |0|0| |2|P|L|P|   30_0063P1|      |30731665| 88597980|    |      |95|00|059|N|            |N|3|      63|9|        |AVC 79 - 2.0 mi S of George County Line           
S|28|301500|3|1|22|1U|4|T|4|3|H|4|3|F|13|N|4|5|T|2|Q|L|L|   30_0010P1|      |30453784| 88882994|    |      |11|00|059|Y|302640000000|Y|1|      10|9|        |WIM 73 - 0.1 mi E of Harrison County Line         
S|28|301500|3|2|22|1U|4|T|4|3|H|4|3|F|13|N|4|5|T|2|Q|L|L|   30_0010P1|      |30453784| 88882994|    |      |11|00|059|Y|302640000000|Y|1|      10|9|        |WIM 73 - 0.1 mi E of Harrison County Line         
S|28|301500|3|3|22|1U|4|T|4|3|H|4|3|F|13|N|4|5|T|2|Q|L|L|   30_0010P1|      |30453784| 88882994|    |      |11|00|059|Y|302640000000|Y|1|      10|9|        |WIM 73 - 0.1 mi E of Harrison County Line         
S|28|301500|3|4|22|1U|4|T|4|3|H|4|3|F|13|N|4|5|T|2|Q|L|L|   30_0010P1|      |30453784| 88882994|    |      |11|00|059|Y|302640000000|Y|1|      10|9|        |WIM 73 - 0.1 mi E of Harrison County Line         
S|28|301500|7|1|22|1U|4|T|4|3|H|4|3|F|13|N|4|5|T|2|Q|L|L|   30_0010P1|      |30453784| 88882994|    |      |11|00|059|Y|302640000000|Y|1|      10|9|        |WIM 73 - 0.1 mi E of Harrison County Line         
S|28|301500|7|2|22|1U|4|T|4|3|H|4|3|F|13|N|4|5|T|2|Q|L|L|   30_0010P1|      |30453784| 88882994|    |      |11|00|059|Y|302640000000|Y|1|      10|9|        |WIM 73 - 0.1 mi E of Harrison County Line         
S|28|301500|7|3|22|1U|4|T|4|3|H|4|3|F|13|N|4|5|T|2|Q|L|L|   30_0010P1|      |30453784| 88882994|    |      |11|00|059|Y|302640000000|Y|1|      10|9|        |WIM 73 - 0.1 mi E of Harrison County Line         
S|28|301500|7|4|22|1U|4|T|4|3|H|4|3|F|13|N|4|5|T|2|Q|L|L|   30_0010P1|      |30453784| 88882994|    |      |11|00|059|Y|302640000000|Y|1|      10|9|        |WIM 73 - 0.1 mi E of Harrison County Line         
S|28|301505|3|1|22|1R|2|T|2|3|H|2|3|F|13| |0|0| |1|P|L|P|   30_0010P1|      |30434046| 88662145|    |      |09|00|059|Y|302640012500|Y|1|      10|9|        |AVC 106 - 2.5 mi E of MS 57                       
S|28|301505|3|2|22|1R|2|T|2|3|H|2|3|F|13| |0|0| |1|P|L|P|   30_0010P1|      |30434046| 88662145|    |      |09|00|059|Y|302640012500|Y|1|      10|9|        |AVC 106 - 2.5 mi E of MS 57                       
S|28|301505|7|1|22|1R|2|T|2|3|H|2|3|F|13| |0|0| |1|P|L|P|   30_0010P1|      |30434046| 88662145|    |      |09|00|059|Y|302640012500|Y|1|      10|9|        |AVC 106 - 2.5 mi E of MS 57                       
S|28|301505|7|2|22|1R|2|T|2|3|H|2|3|F|13| |0|0| |1|P|L|P|   30_0010P1|      |30434046| 88662145|    |      |09|00|059|Y|302640012500|Y|1|      10|9|        |AVC 106 - 2.5 mi E of MS 57                       
S|28|301515|3|1|22|1R|2|T|2|3|H|2|3|F|13|T|2|5|T|2|Q|L|L|   30_0010P1|      |30457637| 88460323|    |      |02|00|059|N|            |Y|1|      10|9|        |WIM 130 - 3.7 mi W of AL State Line               
S|28|301515|3|2|22|1R|2|T|2|3|H|2|3|F|13|T|2|5|T|2|Q|L|L|   30_0010P1|      |30457637| 88460323|    |      |02|00|059|N|            |Y|1|      10|9|        |WIM 130 - 3.7 mi W of AL State Line               
S|28|301515|7|1|22|1R|2|T|2|3|H|2|3|F|13|T|2|5|T|2|Q|L|L|   30_0010P1|      |30457637| 88460323|    |      |02|00|059|N|            |Y|1|      10|9|        |WIM 130 - 3.7 mi W of AL State Line               
S|28|301515|7|2|22|1R|2|T|2|3|H|2|3|F|13|T|2|5|T|2|Q|L|L|   30_0010P1|      |30457637| 88460323|    |      |02|00|059|N|            |Y|1|      10|9|        |WIM 130 - 3.7 mi W of AL State Line               
S|28|340780|1|1|22|1U|2|T|2|3|H|2|3|F|13| |0|0| |2|P|L|P|   34_0059P1|      |31636723| 89175854|    |      |03|00|067|Y|340002015320|Y|1|      59|9|        |AVC 145 - 0.3 mi N of US 11                       
S|28|340780|1|2|22|1U|2|T|2|3|H|2|3|F|13| |0|0| |2|P|L|P|   34_0059P1|      |31636723| 89175854|    |      |03|00|067|Y|340002015320|Y|1|      59|9|        |AVC 145 - 0.3 mi N of US 11                       
S|28|340780|5|1|22|1U|2|T|2|3|H|2|3|F|13| |0|0| |2|P|L|P|   34_0059P1|      |31636723| 89175854|    |      |03|00|067|Y|340002015320|Y|1|      59|9|        |AVC 145 - 0.3 mi N of US 11                       
S|28|340780|5|2|22|1U|2|T|2|3|H|2|3|F|13| |0|0| |2|P|L|P|   34_0059P1|      |31636723| 89175854|    |      |03|00|067|Y|340002015320|Y|1|      59|9|        |AVC 145 - 0.3 mi N of US 11                       
S|28|360200|1|1|22|3R|2|T|2|3|H|2|3|F|13| |0|0| |2|P|L|P|00036_0278P1|      |34350922| 89716125|    |      |09|00|000|N| 3.60002E+11|N|2|     278|3|       6|AVC 107 - 3.2 mi E of Panola County Line          
S|28|360200|1|2|22|3R|2|T|2|3|H|2|3|F|13| |0|0| |2|P|L|P|00036_0278P1|      |34350922| 89716125|    |      |09|00|000|N| 3.60002E+11|N|2|     278|3|       6|AVC 107 - 3.2 mi E of Panola County Line          
S|28|360200|3|1|22|3R|2|T|2|3|H|2|3|F|13| |0|0| |2|P|L|P|   36_0278P1|      |34350922| 89716125|    |      |09|00|000|N| 3.60002E+11|N|2|     278|3|       6|AVC 107 - 3.2 mi E of Panola County Line          
S|28|360200|3|2|22|3R|2|T|2|3|H|2|3|F|13| |0|0| |2|P|L|P|   36_0278P1|      |34350922| 89716125|    |      |09|00|000|N| 3.60002E+11|N|2|     278|3|       6|AVC 107 - 3.2 mi E of Panola County Line          
S|28|360200|5|1|22|3R|2|T|2|3|H|2|3|F|13| |0|0| |2|P|L|P|00036_0278P1|      |34350922| 89716125|    |      |09|00|000|N| 3.60002E+11|N|2|     278|3|       6|AVC 107 - 3.2 mi E of Panola County Line          
S|28|360200|5|2|22|3R|2|T|2|3|H|2|3|F|13| |0|0| |2|P|L|P|00036_0278P1|      |34350922| 89716125|    |      |09|00|000|N| 3.60002E+11|N|2|     278|3|       6|AVC 107 - 3.2 mi E of Panola County Line          
S|28|360200|7|1|22|3R|2|T|2|3|H|2|3|F|13| |0|0| |2|P|L|P|   36_0278P1|      |34350922| 89716125|    |      |09|00|000|N| 3.60002E+11|N|2|     278|3|       6|AVC 107 - 3.2 mi E of Panola County Line          
S|28|360200|7|2|22|3R|2|T|2|3|H|2|3|F|13| |0|0| |2|P|L|P|   36_0278P1|      |34350922| 89716125|    |      |09|00|000|N| 3.60002E+11|N|2|     278|3|       6|AVC 107 - 3.2 mi E of Panola County Line          
S|28|360260|3|1|22|2U|2|T|2|3|H|2|3|F|13| |0|0| |2|P|L|P|   36_0278P1|      |34354097| 89516276|    |      |80|00|071|Y|360002011595|Y|2|     278|3|       6|AVC 66 - 0.2 mi W of MS 7                         
S|28|360260|3|2|22|2U|2|T|2|3|H|2|3|F|13| |0|0| |2|P|L|P|   36_0278P1|      |34354097| 89516276|    |      |80|00|071|Y|360002011595|Y|2|     278|3|       6|AVC 66 - 0.2 mi W of MS 7                         
S|28|360260|7|1|22|2U|2|T|2|3|H|2|3|F|13| |0|0| |2|P|L|P|   36_0278P1|      |34354097| 89516276|    |      |80|00|071|Y|360002011595|Y|2|     278|3|       6|AVC 66 - 0.2 mi W of MS 7                         
S|28|360260|7|2|22|2U|2|T|2|3|H|2|3|F|13| |0|0| |2|P|L|P|   36_0278P1|      |34354097| 89516276|    |      |80|00|071|Y|360002011595|Y|2|     278|3|       6|AVC 66 - 0.2 mi W of MS 7                         
S|28|370110|1|1|22|3R|2|T|2|3|H|2|3|F|13| |0|0| |2|P|L|P|00037_0098P1|      |31288122| 89614265|    |      |03|00|000|N|            |N|2|      98|0|        |AVC 146 - 2.4 mi E of Marion County Line          
S|28|370110|1|2|22|3R|2|T|2|3|H|2|3|F|13| |0|0| |2|P|L|P|00037_0098P1|      |31288122| 89614265|    |      |03|00|000|N|            |N|2|      98|0|        |AVC 146 - 2.4 mi E of Marion County Line          
S|28|370110|3|1|22|3R|2|T|2|3|H|2|3|F|13| |0|0| |2|P|L|P|   37_0098P1|      |31288122| 89614265|    |      |03|00|000|N|            |N|2|      98|9|        |AVC 146 - 2.4 mi E of Marion County Line          
S|28|370110|3|2|22|3R|2|T|2|3|H|2|3|F|13| |0|0| |2|P|L|P|   37_0098P1|      |31288122| 89614265|    |      |03|00|000|N|            |N|2|      98|9|        |AVC 146 - 2.4 mi E of Marion County Line          
S|28|370110|5|1|22|3R|2|T|2|3|H|2|3|F|13| |0|0| |2|P|L|P|00037_0098P1|      |31288122| 89614265|    |      |03|00|000|N|            |N|2|      98|0|        |AVC 146 - 2.4 mi E of Marion County Line          
S|28|370110|5|2|22|3R|2|T|2|3|H|2|3|F|13| |0|0| |2|P|L|P|00037_0098P1|      |31288122| 89614265|    |      |03|00|000|N|            |N|2|      98|0|        |AVC 146 - 2.4 mi E of Marion County Line          
S|28|370110|7|1|22|3R|2|T|2|3|H|2|3|F|13| |0|0| |2|P|L|P|   37_0098P1|      |31288122| 89614265|    |      |03|00|000|N|            |N|2|      98|9|        |AVC 146 - 2.4 mi E of Marion County Line          
S|28|370110|7|2|22|3R|2|T|2|3|H|2|3|F|13| |0|0| |2|P|L|P|   37_0098P1|      |31288122| 89614265|    |      |03|00|000|N|            |N|2|      98|9|        |AVC 146 - 2.4 mi E of Marion County Line          
S|28|370250|1|1|22|1R|2|T|2|3|H|2|3|F|13| |0|0| |2|P|L|P|   37_0059P2|      |31146627| 89364769|    |      |02|00|073|N|            |Y|1|      59|9|        |AVC 133 - 1.1 mi N of MS 589                      
S|28|370250|1|2|22|1R|2|T|2|3|H|2|3|F|13| |0|0| |2|P|L|P|   37_0059P2|      |31146627| 89364769|    |      |02|00|073|N|            |Y|1|      59|9|        |AVC 133 - 1.1 mi N of MS 589                      
S|28|370250|5|1|22|1R|2|T|2|3|H|2|3|F|13| |0|0| |2|P|L|P|   37_0059P2|      |31146627| 89364769|    |      |02|00|073|N|            |Y|1|      59|9|        |AVC 133 - 1.1 mi N of MS 589                      
S|28|370250|5|2|22|1R|2|T|2|3|H|2|3|F|13| |0|0| |2|P|L|P|   37_0059P2|      |31146627| 89364769|    |      |02|00|073|N|            |Y|1|      59|9|        |AVC 133 - 1.1 mi N of MS 589                      
S|28|380035|1|1|22|3R|2|T|2|3|H|2|3|F|13| |0|0| |2|P|L|P|   38_0045P1|      |32281402| 88697283|    |      |02|00|075|N|            |Y|2|      45|9|        |AVC 147 - 0.5 mi S of MS 145 overpass             
S|28|380035|1|2|22|3R|2|T|2|3|H|2|3|F|13| |0|0| |2|P|L|P|   38_0045P1|      |32281402| 88697283|    |      |02|00|075|N|            |Y|2|      45|9|        |AVC 147 - 0.5 mi S of MS 145 overpass             
S|28|380035|5|1|22|3R|2|T|2|3|H|2|3|F|13| |0|0| |2|P|L|P|   38_0045P1|      |32281402| 88697283|    |      |02|00|075|N|            |Y|2|      45|9|        |AVC 147 - 0.5 mi S of MS 145 overpass             
S|28|380035|5|2|22|3R|2|T|2|3|H|2|3|F|13| |0|0| |2|P|L|P|   38_0045P1|      |32281402| 88697283|    |      |02|00|075|N|            |Y|2|      45|9|        |AVC 147 - 0.5 mi S of MS 145 overpass             
S|28|380540|1|1|22|1R|2|T|2|3|H|2|3|F|13| |0|0| |2|P|L|P|   38_0059P1|      |32326204| 88776561|    |      |10|00|075|Y|381580008450|Y|1|      59|9|        |AVC 159 - 1.7 mi S of I-20                        
S|28|380540|1|2|22|1R|2|T|2|3|H|2|3|F|13| |0|0| |2|P|L|P|   38_0059P1|      |32326204| 88776561|    |      |10|00|075|Y|381580008450|Y|1|      59|9|        |AVC 159 - 1.7 mi S of I-20                        
S|28|380540|5|1|22|1R|2|T|2|3|H|2|3|F|13| |0|0| |2|P|L|P|   38_0059P1|      |32326204| 88776561|    |      |10|00|075|Y|381580008450|Y|1|      59|9|        |AVC 159 - 1.7 mi S of I-20                        
S|28|380540|5|2|22|1R|2|T|2|3|H|2|3|F|13| |0|0| |2|P|L|P|   38_0059P1|      |32326204| 88776561|    |      |10|00|075|Y|381580008450|Y|1|      59|9|        |AVC 159 - 1.7 mi S of I-20                        
S|28|380580|3|1|22|1U|3|T|3|3|H|3|3|F|13| |0|0| |2|P|L|P|   38_0059P1|      |32348999| 88717593|    |      |80|00|075|Y|381729012180|Y|1|      20|1|      59|AVC 64 - 0.5 mi E of 49th Ave.                    
S|28|380580|3|2|22|1U|3|T|3|3|H|3|3|F|13| |0|0| |2|P|L|P|   38_0059P1|      |32348999| 88717593|    |      |80|00|075|Y|381729012180|Y|1|      20|1|      59|AVC 64 - 0.5 mi E of 49th Ave.                    
S|28|380580|3|3|22|1U|3|T|3|3|H|3|3|F|13| |0|0| |2|P|L|P|   38_0059P1|      |32348999| 88717593|    |      |80|00|075|Y|381729012180|Y|1|      20|1|      59|AVC 64 - 0.5 mi E of 49th Ave.                    
S|28|380580|7|1|22|1U|2|T|2|3|H|2|3|F|13| |0|0| |2|P|L|P|   38_0059P1|      |32348999| 88717593|    |      |80|00|075|Y|381729012180|Y|1|      20|1|      59|AVC 64 - 0.5 mi E of 49th Ave.                    
S|28|380580|7|2|22|1U|2|T|2|3|H|2|3|F|13| |0|0| |2|P|L|P|   38_0059P1|      |32348999| 88717593|    |      |80|00|075|Y|381729012180|Y|1|      20|1|      59|AVC 64 - 0.5 mi E of 49th Ave.                    
S|28|381540|1|2|22|6R|1|T|1|3|H|1|3|F|13| |0|0| |2|P|L|P|   38_1530P1|      |32500959| 88636870|    |      |14|00|000|N|            |N|9|        |9|        |AVC 201 - 2.4 mi S of John C Stennis Dr.          
S|28|381540|5|1|22|6R|1|T|1|3|H|1|3|F|13| |0|0| |2|P|L|P|   38_1530P1|      |32500959| 88636870|    |      |14|00|000|N|            |N|9|        |9|        |AVC 201 - 2.4 mi S of John C Stennis Dr.          
S|28|390030|3|1|22|3R|2|T|2|3|H|2|3|F|13| |0|0| |2|P|L|P|   39_0084P1|      |31553977| 90168547|    |      |03|00|077|Y|390015003080|Y|2|      84|9|        |AVC 148 - 4.5 mi E of Lincoln County Line         
S|28|390030|3|2|22|3R|2|T|2|3|H|2|3|F|13| |0|0| |2|P|L|P|   39_0084P1|      |31553977| 90168547|    |      |03|00|077|Y|390015003080|Y|2|      84|9|        |AVC 148 - 4.5 mi E of Lincoln County Line         
S|28|390030|7|1|22|3R|2|T|2|3|H|2|3|F|13| |0|0| |2|P|L|P|   39_0084P1|      |31553977| 90168547|    |      |03|00|077|Y|390015003080|Y|2|      84|9|        |AVC 148 - 4.5 mi E of Lincoln County Line         
S|28|390030|7|2|22|3R|2|T|2|3|H|2|3|F|13| |0|0| |2|P|L|P|   39_0084P1|      |31553977| 90168547|    |      |03|00|077|Y|390015003080|Y|2|      84|9|        |AVC 148 - 4.5 mi E of Lincoln County Line         
S|28|410220|1|1|22|4U|2|T|2|3|H|2|3|F|13| |0|0| |2|P|L|P|   41_0145P2|      |34186664| 88719881|    |      |40|00|081|N|            |N|3|     145|9|        |AVC 8 - 0.4 mi S of Palmetto Rd.                  
S|28|410220|1|2|22|4U|2|T|2|3|H|2|3|F|13| |0|0| |2|P|L|P|   41_0145P2|      |34186664| 88719881|    |      |40|00|081|N|            |N|3|     145|9|        |AVC 8 - 0.4 mi S of Palmetto Rd.                  
S|28|410220|5|1|22|4U|2|T|2|3|H|2|3|F|13| |0|0| |2|P|L|P|   41_0145P2|      |34186664| 88719881|    |      |40|00|081|N|            |N|3|     145|9|        |AVC 8 - 0.4 mi S of Palmetto Rd.                  
S|28|410220|5|2|22|4U|2|T|2|3|H|2|3|F|13| |0|0| |2|P|L|P|   41_0145P2|      |34186664| 88719881|    |      |40|00|081|N|            |N|3|     145|9|        |AVC 8 - 0.4 mi S of Palmetto Rd.                  
S|28|410701|1|1|22|3R|2|T|2|3|H|2|3|F|13| |0|0| |2|P|L|P|   58_0078P1|      |34349556| 88836288|    |      |95|00|081|Y|410500000000|Y|2|      78|0|        |AVC 111 - 2.0 mi E of MS 9                        
S|28|410701|1|2|22|3R|2|T|2|3|H|2|3|F|13| |0|0| |2|P|L|P|   58_0078P1|      |34349556| 88836288|    |      |95|00|081|Y|410500000000|Y|2|      78|0|        |AVC 111 - 2.0 mi E of MS 9                        
S|28|410701|5|1|22|3R|2|T|2|3|H|2|3|F|13| |0|0| |2|P|L|P|   58_0078P1|      |34349556| 88836288|    |      |95|00|081|Y|410500000000|Y|2|      78|0|        |AVC 111 - 2.0 mi E of MS 9                        
S|28|410701|5|2|22|3R|2|T|2|3|H|2|3|F|13| |0|0| |2|P|L|P|   58_0078P1|      |34349556| 88836288|    |      |95|00|081|Y|410500000000|Y|2|      78|0|        |AVC 111 - 2.0 mi E of MS 9                        
S|28|411765|1|1|22|2U|2|T|2|3|H|2|3|F|13| |0|0| |2|P|L|P|   41_0045P2|      |34218189| 88705019|    |      |03|00|081|N|            |Y|2|      45|9|        |AVC 149 - 0.6 mi N of Green St.                   
S|28|411765|1|2|22|2U|2|T|2|3|H|2|3|F|13| |0|0| |2|P|L|P|   41_0045P2|      |34218189| 88705019|    |      |03|00|081|N|            |Y|2|      45|9|        |AVC 149 - 0.6 mi N of Green St.                   
S|28|411765|5|1|22|2U|2|T|2|3|H|2|3|F|13| |0|0| |2|P|L|P|   41_0045P2|      |34218189| 88705019|    |      |03|00|081|N|            |Y|2|      45|9|        |AVC 149 - 0.6 mi N of Green St.                   
S|28|411765|5|2|22|2U|2|T|2|3|H|2|3|F|13| |0|0| |2|P|L|P|   41_0045P2|      |34218189| 88705019|    |      |03|00|081|N|            |Y|2|      45|9|        |AVC 149 - 0.6 mi N of Green St.                   
S|28|420190|1|1|22|3R|2|T|2|3|H|2|3|F|13| |0|0| |2|P|L|P|00042_0082P1| 22426|33531086| 90239243|    |      |40|00|083|Y|420501014240|Y|2|      82|3|     49E|AVC 5 - 0.1 mi E of US 49E                        
S|28|420190|1|2|22|3R|2|T|2|3|H|2|3|F|13| |0|0| |2|P|L|P|00042_0082P1| 22426|33531086| 90239243|    |      |40|00|083|Y|420501014240|Y|2|      82|3|     49E|AVC 5 - 0.1 mi E of US 49E                        
S|28|420190|3|1|22|3R|2|T|2|3|H|2|3|F|13| |0|0| |2|P|L|P|   42_0082P1|      |33531086| 90239243|    |      |40|00|083|Y|420501014240|Y|2|      82|3|     49E|AVC 5 - 0.1 mi E of US 49E                        
S|28|420190|3|2|22|3R|2|T|2|3|H|2|3|F|13| |0|0| |2|P|L|P|   42_0082P1|      |33531086| 90239243|    |      |40|00|083|Y|420501014240|Y|2|      82|3|     49E|AVC 5 - 0.1 mi E of US 49E                        
S|28|420190|5|1|22|3R|2|T|2|3|H|2|3|F|13| |0|0| |2|P|L|P|00042_0082P1| 22426|33531086| 90239243|    |      |40|00|083|Y|420501014240|Y|2|      82|3|     49E|AVC 5 - 0.1 mi E of US 49E                        
S|28|420190|5|2|22|3R|2|T|2|3|H|2|3|F|13| |0|0| |2|P|L|P|00042_0082P1| 22426|33531086| 90239243|    |      |40|00|083|Y|420501014240|Y|2|      82|3|     49E|AVC 5 - 0.1 mi E of US 49E                        
S|28|420190|7|1|22|3R|2|T|2|3|H|2|3|F|13| |0|0| |2|P|L|P|   42_0082P1|      |33531086| 90239243|    |      |40|00|083|Y|420501014240|Y|2|      82|3|     49E|AVC 5 - 0.1 mi E of US 49E                        
S|28|420190|7|2|22|3R|2|T|2|3|H|2|3|F|13| |0|0| |2|P|L|P|   42_0082P1|      |33531086| 90239243|    |      |40|00|083|Y|420501014240|Y|2|      82|3|     49E|AVC 5 - 0.1 mi E of US 49E                        
S|28|430260|1|1|22|1R|2|T|2|3|H|2|3|F|13|T|2|5|T|2|Q|L|L|   43_0055P1|      |31533936| 90480118|    |      |07|00|085|Y|430001005300|Y|1|      55|0|        |WIM 177 - 0.3 mi S of US 84                       
S|28|430260|1|2|22|1R|2|T|2|3|H|2|3|F|13|T|2|5|T|2|Q|L|L|   43_0055P1|      |31533936| 90480118|    |      |07|00|085|Y|430001005300|Y|1|      55|0|        |WIM 177 - 0.3 mi S of US 84                       
S|28|430260|5|1|22|1R|2|T|2|3|H|2|3|F|13|T|2|5|T|2|Q|L|L|   43_0055P1|      |31533936| 90480118|    |      |07|00|085|Y|430001005300|Y|1|      55|0|        |WIM 177 - 0.3 mi S of US 84                       
S|28|430260|5|2|22|1R|2|T|2|3|H|2|3|F|13|T|2|5|T|2|Q|L|L|   43_0055P1|      |31533936| 90480118|    |      |07|00|085|Y|430001005300|Y|1|      55|0|        |WIM 177 - 0.3 mi S of US 84                       
S|28|441423|1|1|22|3R|2|T|2|3|H|2|3|F|13| |0|0| |2|P|L|P|00044_0082P1|      |33496071| 88285805|    |      |80|00|000|N|  4.4123E+11|N|2|      82|0|        |AVC 78 - 0.3 mi W of AL State Line                
S|28|441423|1|2|22|3R|2|T|2|3|H|2|3|F|13| |0|0| |2|P|L|P|00044_0082P1|      |33496071| 88285805|    |      |80|00|000|N|  4.4123E+11|N|2|      82|0|        |AVC 78 - 0.3 mi W of AL State Line                
S|28|441423|3|1|22|3R|2|T|2|3|H|2|3|F|13| |0|0| |2|P|L|P|   44_0082P1|      |33496071| 88285805|    |      |80|00|000|N|  4.4123E+11|N|2|      82|9|        |AVC 78 - 0.3 mi W of AL State Line                
S|28|441423|3|2|22|3R|2|T|2|3|H|2|3|F|13| |0|0| |2|P|L|P|   44_0082P1|      |33496071| 88285805|    |      |80|00|000|N|  4.4123E+11|N|2|      82|9|        |AVC 78 - 0.3 mi W of AL State Line                
S|28|441423|5|1|22|3R|2|T|2|3|H|2|3|F|13| |0|0| |2|P|L|P|00044_0082P1|      |33496071| 88285805|    |      |80|00|000|N|  4.4123E+11|N|2|      82|0|        |AVC 78 - 0.3 mi W of AL State Line                
S|28|441423|5|2|22|3R|2|T|2|3|H|2|3|F|13| |0|0| |2|P|L|P|00044_0082P1|      |33496071| 88285805|    |      |80|00|000|N|  4.4123E+11|N|2|      82|0|        |AVC 78 - 0.3 mi W of AL State Line                
S|28|441423|7|1|22|3R|2|T|2|3|H|2|3|F|13| |0|0| |2|P|L|P|   44_0082P1|      |33496071| 88285805|    |      |80|00|000|N|  4.4123E+11|N|2|      82|9|        |AVC 78 - 0.3 mi W of AL State Line                
S|28|441423|7|2|22|3R|2|T|2|3|H|2|3|F|13| |0|0| |2|P|L|P|   44_0082P1|      |33496071| 88285805|    |      |80|00|000|N|  4.4123E+11|N|2|      82|9|        |AVC 78 - 0.3 mi W of AL State Line                
S|28|450600|1|1|22|1U|2|T|2|3|H|2|3|F|13|T|2|5|T|2|Q|L|L|   45_0055P1|      |32550202| 90088694|    |      |80|00|089|Y|450006005420|Y|1|      55|9|        |WIM 46 - 0.5 mi N of Sowell Rd.                   
S|28|450600|1|2|22|1U|2|T|2|3|H|2|3|F|13|T|2|5|T|2|Q|L|L|   45_0055P1|      |32550202| 90088694|    |      |80|00|089|Y|450006005420|Y|1|      55|9|        |WIM 46 - 0.5 mi N of Sowell Rd.                   
S|28|450600|5|1|22|1U|2|T|2|3|H|2|3|F|13|T|2|5|T|2|Q|L|L|   45_0055P1|      |32550202| 90088694|    |      |80|00|089|Y|450006005420|Y|1|      55|9|        |WIM 46 - 0.5 mi N of Sowell Rd.                   
S|28|450600|5|2|22|1U|2|T|2|3|H|2|3|F|13|T|2|5|T|2|Q|L|L|   45_0055P1|      |32550202| 90088694|    |      |80|00|089|Y|450006005420|Y|1|      55|9|        |WIM 46 - 0.5 mi N of Sowell Rd.                   
S|28|470002|3|1|22|1R|2|T|2|3|H|2|3|F|13|T|2|5|T|2|Q|L|L|   47_0022P1|      |34851982| 89666606|    |      |02|00|093|N|            |Y|2|      22|9|        |WIM 127 - 1.3 mi E of MS 309                      
S|28|470002|3|2|22|1R|2|T|2|3|H|2|3|F|13|T|2|5|T|2|Q|L|L|   47_0022P1|      |34851982| 89666606|    |      |02|00|093|N|            |Y|2|      22|9|        |WIM 127 - 1.3 mi E of MS 309                      
S|28|470002|7|1|22|1R|2|T|2|3|H|2|3|F|13|T|2|5|T|2|Q|L|L|   47_0022P1|      |34851982| 89666606|    |      |02|00|093|N|            |Y|2|      22|9|        |WIM 127 - 1.3 mi E of MS 309                      
S|28|470002|7|2|22|1R|2|T|2|3|H|2|3|F|13|T|2|5|T|2|Q|L|L|   47_0022P1|      |34851982| 89666606|    |      |02|00|093|N|            |Y|2|      22|9|        |WIM 127 - 1.3 mi E of MS 309                      
S|28|476021|1|1|22|3R|3|T|3|3|H|3|3|F|13|T|0|5|T|2|Q|L|L|            |      |34993452| 89615900|    |      |19|00|000|N|            |N|2|      22|9|        |US 72 North of Jonathan Dr. South of TN State Line
S|28|476021|1|2|22|3R|3|T|3|3|H|3|3|F|13|T|0|5|T|2|Q|L|L|            |      |34993452| 89615900|    |      |19|00|000|N|            |N|2|      22|9|        |US 72 North of Jonathan Dr. South of TN State Line
S|28|476021|1|3|22|3R|3|T|3|3|H|3|3|F|13|T|0|5|T|2|Q|L|L|            |      |34993452| 89615900|    |      |19|00|000|N|            |N|2|      22|9|        |US 72 North of Jonathan Dr. South of TN State Line
S|28|476021|5|1|22|3R|3|T|3|3|H|3|3|F|13|T|0|5|T|2|Q|L|L|            |      |34993452| 89615900|    |      |19|00|000|N|            |N|2|      22|9|        |US 72 North of Jonathan Dr. South of TN State Line
S|28|476021|5|2|22|3R|3|T|3|3|H|3|3|F|13|T|0|5|T|2|Q|L|L|            |      |34993452| 89615900|    |      |19|00|000|N|            |N|2|      22|9|        |US 72 North of Jonathan Dr. South of TN State Line
S|28|476021|5|3|22|3R|3|T|3|3|H|3|3|F|13|T|0|5|T|2|Q|L|L|            |      |34993452| 89615900|    |      |19|00|000|N|            |N|2|      22|9|        |US 72 North of Jonathan Dr. South of TN State Line
S|28|490151|3|1|22|3U|2|T|2|3|H|2|3|F|13|T|2|5|T|2|Q|L|L|   49_0082P1|      |33495957| 89743049|    |      |95|00|097|N|            |Y|2|      82|9|        |WIM 115 - 1.0 mi E of I-55                        
S|28|490151|3|2|22|3U|2|T|2|3|H|2|3|F|13|T|2|5|T|2|Q|L|L|   49_0082P1|      |33495957| 89743049|    |      |95|00|097|N|            |Y|2|      82|9|        |WIM 115 - 1.0 mi E of I-55                        
S|28|490151|7|1|22|3U|2|T|2|3|H|2|3|F|13|T|2|5|T|2|Q|L|L|   49_0082P1|      |33495957| 89743049|    |      |95|00|097|N|            |Y|2|      82|9|        |WIM 115 - 1.0 mi E of I-55                        
S|28|490151|7|2|22|3U|2|T|2|3|H|2|3|F|13|T|2|5|T|2|Q|L|L|   49_0082P1|      |33495957| 89743049|    |      |95|00|097|N|            |Y|2|      82|9|        |WIM 115 - 1.0 mi E of I-55                        
S|28|500150|3|1|22|4U|2|T|2|3|H|2|3|F|13| |0|0| |2|P|L|P|   50_0016P1|      |32768429| 89187639|    |      |05|00|099|Y|500016005385|N|3|      16|9|        |AVC 93 - 2.5 mi W of MS 15                        
S|28|500150|3|2|22|4U|2|T|2|3|H|2|3|F|13| |0|0| |2|P|L|P|   50_0016P1|      |32768429| 89187639|    |      |05|00|099|Y|500016005385|N|3|      16|9|        |AVC 93 - 2.5 mi W of MS 15                        
S|28|500150|7|1|22|4U|2|T|2|3|H|2|3|F|13| |0|0| |2|P|L|P|   50_0016P1|      |32768429| 89187639|    |      |05|00|099|Y|500016005385|N|3|      16|9|        |AVC 93 - 2.5 mi W of MS 15                        
S|28|500150|7|2|22|4U|2|T|2|3|H|2|3|F|13| |0|0| |2|P|L|P|   50_0016P1|      |32768429| 89187639|    |      |05|00|099|Y|500016005385|N|3|      16|9|        |AVC 93 - 2.5 mi W of MS 15                        
S|28|520300|3|1|22|4R|1|T|1|3|H|1|3|F|13| |0|0| |2|P|L|P|   52_0014P1|      |33102027| 88530705|    |      |03|00|103|N|            |N|3|      14|9|        |AVC 150 - 1.0 mi E of US 45                       
S|28|520300|7|1|22|4R|1|T|1|3|H|1|3|F|13| |0|0| |2|P|L|P|   52_0014P1|      |33102027| 88530705|    |      |03|00|103|N|            |N|3|      14|9|        |AVC 150 - 1.0 mi E of US 45                       
S|28|530027|3|1|22|3U|2|T|2|3|H|2|3|F|13|T|2|5|T|2|Q|L|L|   53_0082P1|      |33495390| 88810395|    |      |07|00|105|N|            |Y|2|      82|3|      25|WIM 182 - 0.9 mi E of MS 389                      
S|28|530027|3|2|22|3U|2|T|2|3|H|2|3|F|13|T|2|5|T|2|Q|L|L|   53_0082P1|      |33495390| 88810395|    |      |07|00|105|N|            |Y|2|      82|3|      25|WIM 182 - 0.9 mi E of MS 389                      
S|28|530027|7|1|22|3U|2|T|2|3|H|2|3|F|13|T|2|5|T|2|Q|L|L|   53_0082P1|      |33495390| 88810395|    |      |07|00|105|N|            |Y|2|      82|3|      25|WIM 182 - 0.9 mi E of MS 389                      
S|28|530027|7|2|22|3U|2|T|2|3|H|2|3|F|13|T|2|5|T|2|Q|L|L|   53_0082P1|      |33495390| 88810395|    |      |07|00|105|N|            |Y|2|      82|3|      25|WIM 182 - 0.9 mi E of MS 389                      
S|28|530190|1|1|22|4R|1|T|1|3|H|1|3|F|13| |0|0| |2|P|L|P|00053_0012P1| 17001|33397961| 88933060|    |      |80|00|105|N|            |N|3|      12|0|        |AVC 32 - 5.8 mi W of MS 25                        
S|28|530190|3|1|22|4R|1|T|1|3|H|1|3|F|13| |0|0| |2|P|L|P|   53_0012P1|      |33397961| 88933060|    |      |80|00|105|N|            |N|3|      12|0|        |AVC 32 - 5.8 mi W of MS 25                        
S|28|530190|5|1|22|4R|1|T|1|3|H|1|3|F|13| |0|0| |2|P|L|P|00053_0012P1| 17001|33397961| 88933060|    |      |80|00|105|N|            |N|3|      12|0|        |AVC 32 - 5.8 mi W of MS 25                        
S|28|530190|7|1|22|4R|1|T|1|3|H|1|3|F|13| |0|0| |2|P|L|P|   53_0012P1|      |33397961| 88933060|    |      |80|00|105|N|            |N|3|      12|0|        |AVC 32 - 5.8 mi W of MS 25                        
S|28|540500|1|1|22|4R|1|T|1|3|H|1|3|F|13| |0|0| |2|P|L|P|00054_0315P1|      |34438457| 90188301|08xx|      |95|00|107|N| 5.40021E+11|N|3|     315|0|        |AVC 116 - 2.0 mi E of MS 3                        
S|28|540500|3|1|22|4R|1|T|1|3|H|1|3|F|13| |0|0| |2|P|L|P|   54_0315P1|      |34438457| 90188301|08xx|      |95|00|107|N| 5.40021E+11|N|3|     315|9|        |AVC 116 - 2.0 mi E of MS 3                        
S|28|540500|5|1|22|4R|1|T|1|3|H|1|3|F|13| |0|0| |2|P|L|P|00054_0315P1|      |34438457| 90188301|08xx|      |95|00|107|N| 5.40021E+11|N|3|     315|0|        |AVC 116 - 2.0 mi E of MS 3                        
S|28|540500|7|1|22|4R|1|T|1|3|H|1|3|F|13| |0|0| |2|P|L|P|   54_0315P1|      |34438457| 90188301|08xx|      |95|00|107|N| 5.40021E+11|N|3|     315|9|        |AVC 116 - 2.0 mi E of MS 3                        
S|28|540930|1|1|22|4R|1|T|1|3|H|1|3|F|13| |0|0| |2|P|L|P|00054_0315P1|      |34437248| 89883980|3090|      |02|00|107|N|            |N|3|     315|0|        |AVC 122 - 1.1 mi E of I-55                        
S|28|540930|3|1|22|4R|1|T|1|3|H|1|3|F|13| |0|0| |2|P|L|P|   54_0315P1|      |34437248| 89883980|3090|      |02|00|107|N|            |N|3|     315|9|        |AVC 122 - 1.1 mi E of I-55                        
S|28|540930|5|1|22|4R|1|T|1|3|H|1|3|F|13| |0|0| |2|P|L|P|00054_0315P1|      |34437248| 89883980|3090|      |02|00|107|N|            |N|3|     315|0|        |AVC 122 - 1.1 mi E of I-55                        
S|28|540930|7|1|22|4R|1|T|1|3|H|1|3|F|13| |0|0| |2|P|L|P|   54_0315P1|      |34437248| 89883980|3090|      |02|00|107|N|            |N|3|     315|9|        |AVC 122 - 1.1 mi E of I-55                        
S|28|550530|1|1|22|1R|2|T|2|3|H|2|3|F|13|T|2|5|T|2|Q|L|L|   55_0059P1|      |30490381| 89672440|    |      |03|00|109|Y|550011000695|Y|1|      59|0|        |WIM 128 - 1.7 mi N of LA State Line               
S|28|550530|1|2|22|1R|2|T|2|3|H|2|3|F|13|T|2|5|T|2|Q|L|L|   55_0059P1|      |30490381| 89672440|    |      |03|00|109|Y|550011000695|Y|1|      59|0|        |WIM 128 - 1.7 mi N of LA State Line               
S|28|550530|5|1|22|1R|2|T|2|3|H|2|3|F|13|T|2|5|T|2|Q|L|L|   55_0059P1|      |30490381| 89672440|    |      |03|00|109|Y|550011000695|Y|1|      59|0|        |WIM 128 - 1.7 mi N of LA State Line               
S|28|550530|5|2|22|1R|2|T|2|3|H|2|3|F|13|T|2|5|T|2|Q|L|L|   55_0059P1|      |30490381| 89672440|    |      |03|00|109|Y|550011000695|Y|1|      59|0|        |WIM 128 - 1.7 mi N of LA State Line               
S|28|560440|1|1|22|5R|1|T|1|3|H|1|3|F|13| |0|0| |2|P|L|P|   56_0029P1|101554|31347145| 89108145|    |      |09|00|111|N|            |N|3|      29|9|        |AVC 140 - 2.0 mi S of MS 42                       
S|28|560440|5|1|22|5R|1|T|1|3|H|1|3|F|13| |0|0| |2|P|L|P|   56_0029P1|101554|31347145| 89108145|    |      |09|00|111|N|            |N|3|      29|9|        |AVC 140 - 2.0 mi S of MS 42                       
S|28|570510|1|1|22|1R|2|T|2|3|H|2|3|F|13|T|2|5|T|2|Q|L|L|   57_0055P1|      |31006584| 90504288|    |      |80|00|113|N|            |Y|1|      55|9|        |WIM 77 - 0.5 mi N of LA State Line                
S|28|570510|1|2|22|1R|2|T|2|3|H|2|3|F|13|T|2|5|T|2|Q|L|L|   57_0055P1|      |31006584| 90504288|    |      |80|00|113|N|            |Y|1|      55|9|        |WIM 77 - 0.5 mi N of LA State Line                
S|28|570510|5|1|22|1R|2|T|2|3|H|2|3|F|13|T|2|5|T|2|Q|L|L|   57_0055P1|      |31006584| 90504288|    |      |80|00|113|N|            |Y|1|      55|9|        |WIM 77 - 0.5 mi N of LA State Line                
S|28|570510|5|2|22|1R|2|T|2|3|H|2|3|F|13|T|2|5|T|2|Q|L|L|   57_0055P1|      |31006584| 90504288|    |      |80|00|113|N|            |Y|1|      55|9|        |WIM 77 - 0.5 mi N of LA State Line                
S|28|610470|1|1|22|3R|2|T|2|3|H|2|3|F|13|T|2|5|T|2|Q|L|L|   61_0049P1|      |32050438| 89985866|    |      |80|00|121|Y|610004000280|Y|2|      49|9|        |WIM 124 - 0.1 mi N of Simpson County Line         
S|28|610470|1|2|22|3R|2|T|2|3|H|2|3|F|13|T|2|5|T|2|Q|L|L|   61_0049P1|      |32050438| 89985866|    |      |80|00|121|Y|610004000280|Y|2|      49|9|        |WIM 124 - 0.1 mi N of Simpson County Line         
S|28|610470|5|1|22|3R|2|T|2|3|H|2|3|F|13|T|2|5|T|2|Q|L|L|   61_0049P1|      |32050438| 89985866|    |      |80|00|121|Y|610004000280|Y|2|      49|9|        |WIM 124 - 0.1 mi N of Simpson County Line         
S|28|610470|5|2|22|3R|2|T|2|3|H|2|3|F|13|T|2|5|T|2|Q|L|L|   61_0049P1|      |32050438| 89985866|    |      |80|00|121|Y|610004000280|Y|2|      49|9|        |WIM 124 - 0.1 mi N of Simpson County Line         
S|28|610570|3|1|22|1U|3|T|3|3|H|3|3|F|13| |0|0| |2|P|L|P|   61_0020P1|      |32267480| 90148158|    |      |03|00|121|Y|610001001182|Y|1|      20|9|        |AVC 92 - 1.2 mi E of US 49                        
S|28|610570|3|2|22|1U|3|T|3|3|H|3|3|F|13| |0|0| |2|P|L|P|   61_0020P1|      |32267480| 90148158|    |      |03|00|121|Y|610001001182|Y|1|      20|9|        |AVC 92 - 1.2 mi E of US 49                        
S|28|610570|3|3|22|1U|3|T|3|3|H|3|3|F|13| |0|0| |2|P|L|P|   61_0020P1|      |32267480| 90148158|    |      |03|00|121|Y|610001001182|Y|1|      20|9|        |AVC 92 - 1.2 mi E of US 49                        
S|28|610570|7|1|22|1U|3|T|3|3|H|3|3|F|13| |0|0| |2|P|L|P|   61_0020P1|      |32267480| 90148158|    |      |03|00|121|Y|610001001182|Y|1|      20|9|        |AVC 92 - 1.2 mi E of US 49                        
S|28|610570|7|2|22|1U|3|T|3|3|H|3|3|F|13| |0|0| |2|P|L|P|   61_0020P1|      |32267480| 90148158|    |      |03|00|121|Y|610001001182|Y|1|      20|9|        |AVC 92 - 1.2 mi E of US 49                        
S|28|610570|7|3|22|1U|3|T|3|3|H|3|3|F|13| |0|0| |2|P|L|P|   61_0020P1|      |32267480| 90148158|    |      |03|00|121|Y|610001001182|Y|1|      20|9|        |AVC 92 - 1.2 mi E of US 49                        
S|28|610590|1|1|22|1U|2|T|2|3|H|2|3|F|13| |0|0| |2|P|L|P|00061_0020P1|      |32279934| 90022095|    |      |80|00|121|N|            |N|1|      20|0|        |AVC 53 - 1.5 mi E of MS 18                        
S|28|610590|1|2|22|1U|2|T|2|3|H|2|3|F|13| |0|0| |2|P|L|P|00061_0020P1|      |32279934| 90022095|    |      |80|00|121|N|            |N|1|      20|0|        |AVC 53 - 1.5 mi E of MS 18                        
S|28|610590|3|1|22|1U|2|T|2|3|H|2|3|F|13| |0|0| |2|P|L|P|   61_0020P1|      |32279934| 90022095|    |      |80|00|121|N|            |N|1|      20|9|        |AVC 53 - 1.5 mi E of MS 18                        
S|28|610590|3|2|22|1U|2|T|2|3|H|2|3|F|13| |0|0| |2|P|L|P|   61_0020P1|      |32279934| 90022095|    |      |80|00|121|N|            |N|1|      20|9|        |AVC 53 - 1.5 mi E of MS 18                        
S|28|610590|5|1|22|1U|2|T|2|3|H|2|3|F|13| |0|0| |2|P|L|P|00061_0020P1|      |32279934| 90022095|    |      |80|00|121|N|            |N|1|      20|0|        |AVC 53 - 1.5 mi E of MS 18                        
S|28|610590|5|2|22|1U|2|T|2|3|H|2|3|F|13| |0|0| |2|P|L|P|00061_0020P1|      |32279934| 90022095|    |      |80|00|121|N|            |N|1|      20|0|        |AVC 53 - 1.5 mi E of MS 18                        
S|28|610590|7|1|22|1U|2|T|2|3|H|2|3|F|13| |0|0| |2|P|L|P|   61_0020P1|      |32279934| 90022095|    |      |80|00|121|N|            |N|1|      20|9|        |AVC 53 - 1.5 mi E of MS 18                        
S|28|610590|7|2|22|1U|2|T|2|3|H|2|3|F|13| |0|0| |2|P|L|P|   61_0020P1|      |32279934| 90022095|    |      |80|00|121|N|            |N|1|      20|9|        |AVC 53 - 1.5 mi E of MS 18                        
S|28|610830|1|1|22|1U|5|T|5|3|H|5|3|F|13| |0|0| |2|P|L|P|   61_0055P1|      |32286046| 90168537|    |      |09|00|121|Y|610002000000|Y|1|      55|0|        |AVC 91 - 0.7 mi N of I-20                         
S|28|610830|1|2|22|1U|5|T|5|3|H|5|3|F|13| |0|0| |2|P|L|P|   61_0055P1|      |32286046| 90168537|    |      |09|00|121|Y|610002000000|Y|1|      55|0|        |AVC 91 - 0.7 mi N of I-20                         
S|28|610830|1|3|22|1U|5|T|5|3|H|5|3|F|13| |0|0| |2|P|L|P|   61_0055P1|      |32286046| 90168537|    |      |09|00|121|Y|610002000000|Y|1|      55|0|        |AVC 91 - 0.7 mi N of I-20                         
S|28|610830|1|4|22|1U|5|T|5|3|H|5|3|F|13| |0|0| |2|P|L|P|   61_0055P1|      |32286046| 90168537|    |      |09|00|121|Y|610002000000|Y|1|      55|0|        |AVC 91 - 0.7 mi N of I-20                         
S|28|610830|1|5|22|1U|5|T|5|3|H|5|3|F|13| |0|0| |2|P|L|P|   61_0055P1|      |32286046| 90168537|    |      |09|00|121|Y|610002000000|Y|1|      55|0|        |AVC 91 - 0.7 mi N of I-20                         
S|28|610830|5|1|22|1U|4|T|4|3|H|4|3|F|13| |0|0| |2|P|L|P|   61_0055P1|      |32286046| 90168537|    |      |09|00|121|Y|610002000000|Y|1|      55|0|        |AVC 91 - 0.7 mi N of I-20                         
S|28|610830|5|2|22|1U|4|T|4|3|H|4|3|F|13| |0|0| |2|P|L|P|   61_0055P1|      |32286046| 90168537|    |      |09|00|121|Y|610002000000|Y|1|      55|0|        |AVC 91 - 0.7 mi N of I-20                         
S|28|610830|5|3|22|1U|4|T|4|3|H|4|3|F|13| |0|0| |2|P|L|P|   61_0055P1|      |32286046| 90168537|    |      |09|00|121|Y|610002000000|Y|1|      55|0|        |AVC 91 - 0.7 mi N of I-20                         
S|28|610830|5|4|22|1U|4|T|4|3|H|4|3|F|13| |0|0| |2|P|L|P|   61_0055P1|      |32286046| 90168537|    |      |09|00|121|Y|610002000000|Y|1|      55|0|        |AVC 91 - 0.7 mi N of I-20                         
S|28|620250|3|1|22|1R|2|T|2|3|H|2|3|F|13|T|2|5|T|2|Q|L|L|   62_0020P1|      |32329050| 89460091|    |      |04|00|123|Y|620004016500|Y|1|      20|9|        |WIM 117 - 1.5 mi E of MS 35                       
S|28|620250|3|2|22|1R|2|T|2|3|H|2|3|F|13|T|2|5|T|2|Q|L|L|   62_0020P1|      |32329050| 89460091|    |      |04|00|123|Y|620004016500|Y|1|      20|9|        |WIM 117 - 1.5 mi E of MS 35                       
S|28|620250|7|1|22|1R|2|T|2|3|H|2|3|F|13|T|2|5|T|2|Q|L|L|   62_0020P1|      |32329050| 89460091|    |      |04|00|123|Y|620004016500|Y|1|      20|9|        |WIM 117 - 1.5 mi E of MS 35                       
S|28|620250|7|2|22|1R|2|T|2|3|H|2|3|F|13|T|2|5|T|2|Q|L|L|   62_0020P1|      |32329050| 89460091|    |      |04|00|123|Y|620004016500|Y|1|      20|9|        |WIM 117 - 1.5 mi E of MS 35                       
S|28|660020|1|1|22|3R|2|T|2|3|H|2|3|F|13| |0|0| |2|P|L|P|   66_0049P1|      |30753954| 89135139|    |      |80|00|131|Y|660008000000|Y|2|      49|0|        |AVC 22 - 5.0 mi N of Harrison County Line         
S|28|660020|1|2|22|3R|2|T|2|3|H|2|3|F|13| |0|0| |2|P|L|P|   66_0049P1|      |30753954| 89135139|    |      |80|00|131|Y|660008000000|Y|2|      49|0|        |AVC 22 - 5.0 mi N of Harrison County Line         
S|28|660020|5|1|22|3R|2|T|2|3|H|2|3|F|13| |0|0| |2|P|L|P|   66_0049P1|      |30753954| 89135139|    |      |80|00|131|Y|660008000000|Y|2|      49|0|        |AVC 22 - 5.0 mi N of Harrison County Line         
S|28|660020|5|2|22|3R|2|T|2|3|H|2|3|F|13| |0|0| |2|P|L|P|   66_0049P1|      |30753954| 89135139|    |      |80|00|131|Y|660008000000|Y|2|      49|0|        |AVC 22 - 5.0 mi N of Harrison County Line         
S|28|670400|1|1|22|3R|2|T|2|3|H|2|3|F|13|T|2|5|T|2|Q|L|L|00067_0082P1|      |33442974| 90721237|    |      |02|00|133|N| 6.70002E+11|N|2|      82|0|        |WIM 125 - 0.8 mi E of Washington County Line      
S|28|670400|1|2|22|3R|2|T|2|3|H|2|3|F|13|T|2|5|T|2|Q|L|L|00067_0082P1|      |33442974| 90721237|    |      |02|00|133|N| 6.70002E+11|N|2|      82|0|        |WIM 125 - 0.8 mi E of Washington County Line      
S|28|670400|3|1|22|3R|2|T|2|3|H|2|3|F|13|T|2|5|T|2|Q|L|L|   67_0082P1|      |33442974| 90721237|    |      |02|00|133|N| 6.70002E+11|N|2|      82|9|        |WIM 125 - 0.8 mi E of Washington County Line      
S|28|670400|3|2|22|3R|2|T|2|3|H|2|3|F|13|T|2|5|T|2|Q|L|L|   67_0082P1|      |33442974| 90721237|    |      |02|00|133|N| 6.70002E+11|N|2|      82|9|        |WIM 125 - 0.8 mi E of Washington County Line      
S|28|670400|5|1|22|3R|2|T|2|3|H|2|3|F|13|T|2|5|T|2|Q|L|L|00067_0082P1|      |33442974| 90721237|    |      |02|00|133|N| 6.70002E+11|N|2|      82|0|        |WIM 125 - 0.8 mi E of Washington County Line      
S|28|670400|5|2|22|3R|2|T|2|3|H|2|3|F|13|T|2|5|T|2|Q|L|L|00067_0082P1|      |33442974| 90721237|    |      |02|00|133|N| 6.70002E+11|N|2|      82|0|        |WIM 125 - 0.8 mi E of Washington County Line      
S|28|670400|7|1|22|3R|2|T|2|3|H|2|3|F|13|T|2|5|T|2|Q|L|L|   67_0082P1|      |33442974| 90721237|    |      |02|00|133|N| 6.70002E+11|N|2|      82|9|        |WIM 125 - 0.8 mi E of Washington County Line      
S|28|670400|7|2|22|3R|2|T|2|3|H|2|3|F|13|T|2|5|T|2|Q|L|L|   67_0082P1|      |33442974| 90721237|    |      |02|00|133|N| 6.70002E+11|N|2|      82|9|        |WIM 125 - 0.8 mi E of Washington County Line      
S|28|690150|1|1|22|1R|2|T|2|3|H|2|3|F|13|T|2|5|T|2|Q|L|L|   69_0055P1|      |34567237| 89943115|    |      |06|00|137|N|            |Y|1|      55|9|        |WIM 121 - 1.0 mi N of Panola County Line          
S|28|690150|1|2|22|1R|2|T|2|3|H|2|3|F|13|T|2|5|T|2|Q|L|L|   69_0055P1|      |34567237| 89943115|    |      |06|00|137|N|            |Y|1|      55|9|        |WIM 121 - 1.0 mi N of Panola County Line          
S|28|690150|5|1|22|1R|2|T|2|3|H|2|3|F|13|T|2|5|T|2|Q|L|L|   69_0055P1|      |34567237| 89943115|    |      |06|00|137|N|            |Y|1|      55|9|        |WIM 121 - 1.0 mi N of Panola County Line          
S|28|690150|5|2|22|1R|2|T|2|3|H|2|3|F|13|T|2|5|T|2|Q|L|L|   69_0055P1|      |34567237| 89943115|    |      |06|00|137|N|            |Y|1|      55|9|        |WIM 121 - 1.0 mi N of Panola County Line          
S|28|710100|1|1|22|6R|1|T|1|3|H|1|3|F|13| |0|0| |2|P|L|P|   71_0172P1|      |34773228| 88127144|    |      |14|00|141|N|            |N|3|     172|9|        |AVC 172 - 0.91 mi W of US 72                      
S|28|710100|5|2|22|6R|1|T|1|3|H|1|3|F|13| |0|0| |2|P|L|P|   71_0172P1|      |34773228| 88127144|    |      |14|00|141|N|            |N|3|     172|9|        |AVC 172 - 0.91 mi W of US 72                      
S|28|710107|3|1|22|3R|2|T|2|3|H|2|3|F|13|B|2|5|T|2|Q|L|L|   71_0072P1|      |34773983| 88147855|3019|      |80|00|141|Y|711000010000|Y|2|      72|9|        |WIM 118 - 2.0 mi W of AL State Line               
S|28|710107|3|2|22|3R|2|T|2|3|H|2|3|F|13|B|2|5|T|2|Q|L|L|   71_0072P1|      |34773983| 88147855|3019|      |80|00|141|Y|711000010000|Y|2|      72|9|        |WIM 118 - 2.0 mi W of AL State Line               
S|28|710107|7|1|22|3R|2|T|2|3|H|2|3|F|13|B|2|5|T|2|Q|L|L|   71_0072P1|      |34773983| 88147855|3019|      |80|00|141|Y|711000010000|Y|2|      72|9|        |WIM 118 - 2.0 mi W of AL State Line               
S|28|710107|7|2|22|3R|2|T|2|3|H|2|3|F|13|B|2|5|T|2|Q|L|L|   71_0072P1|      |34773983| 88147855|3019|      |80|00|141|Y|711000010000|Y|2|      72|9|        |WIM 118 - 2.0 mi W of AL State Line               
S|28|730006|1|1|22|3R|2|T|2|3|H|2|3|F|13| |0|0| |2|P|L|P|   73_0078P1|      |34511933| 89047256|    |      |03|00|145|N|            |Y|2|      78|0|        |AVC 152 - 2.6 mi NW of MS 30                      
S|28|730006|1|2|22|3R|2|T|2|3|H|2|3|F|13| |0|0| |2|P|L|P|   73_0078P1|      |34511933| 89047256|    |      |03|00|145|N|            |Y|2|      78|0|        |AVC 152 - 2.6 mi NW of MS 30                      
S|28|730006|5|1|22|3R|2|T|2|3|H|2|3|F|13| |0|0| |2|P|L|P|   73_0078P1|      |34511933| 89047256|    |      |03|00|145|N|            |Y|2|      78|0|        |AVC 152 - 2.6 mi NW of MS 30                      
S|28|730006|5|2|22|3R|2|T|2|3|H|2|3|F|13| |0|0| |2|P|L|P|   73_0078P1|      |34511933| 89047256|    |      |03|00|145|N|            |Y|2|      78|0|        |AVC 152 - 2.6 mi NW of MS 30                      
S|28|740410|1|1|22|5R|1|T|1|3|H|1|3|F|13| |0|0| |2|P|L|P|00074_0048P1| 28300|31074352| 89989067|    |      |80|00|147|N|            |N|3|      48|0|        |AVC 68 - 9.3 mi SE of MS 198                      
S|28|740410|3|1|22|5R|1|T|1|3|H|1|3|F|13| |0|0| |2|P|L|P|   74_0048P1|      |31074352| 89989067|    |      |80|00|147|N|            |N|3|      48|0|        |AVC 68 - 9.3 mi SE of MS 198                      
S|28|740410|5|1|22|5R|1|T|1|3|H|1|3|F|13| |0|0| |2|P|L|P|00074_0048P1| 28300|31074352| 89989067|    |      |80|00|147|N|            |N|3|      48|0|        |AVC 68 - 9.3 mi SE of MS 198                      
S|28|740410|7|1|22|5R|1|T|1|3|H|1|3|F|13| |0|0| |2|P|L|P|   74_0048P1|      |31074352| 89989067|    |      |80|00|147|N|            |N|3|      48|0|        |AVC 68 - 9.3 mi SE of MS 198                      
S|28|750220|1|1|22|3R|2|T|2|3|H|2|3|F|13|T|2|5|T|2|Q|L|L|   75_0061P2|      |32441799| 90819855|    |      |80|00|149|Y|750003022752|Y|2|      61|9|        |WIM 123 - 2.5 mi S of MS 3                        
S|28|750220|1|2|22|3R|2|T|2|3|H|2|3|F|13|T|2|5|T|2|Q|L|L|   75_0061P2|      |32441799| 90819855|    |      |80|00|149|Y|750003022752|Y|2|      61|9|        |WIM 123 - 2.5 mi S of MS 3                        
S|28|750220|5|1|22|3R|2|T|2|3|H|2|3|F|13|T|2|5|T|2|Q|L|L|   75_0061P2|      |32441799| 90819855|    |      |80|00|149|Y|750003022752|Y|2|      61|9|        |WIM 123 - 2.5 mi S of MS 3                        
S|28|750220|5|2|22|3R|2|T|2|3|H|2|3|F|13|T|2|5|T|2|Q|L|L|   75_0061P2|      |32441799| 90819855|    |      |80|00|149|Y|750003022752|Y|2|      61|9|        |WIM 123 - 2.5 mi S of MS 3                        
S|28|750340|3|1|22|1R|2|T|2|3|H|2|3|F|13|B|2|5|T|2|Q|L|L|   75_0020P1|      |32353379| 90789105|9030|      |95|00|149|Y|750001010000|Y|1|      20|0|        |WIM 119 - 2.5 mi E of MS 27                       
S|28|750340|3|2|22|1R|2|T|2|3|H|2|3|F|13|B|2|5|T|2|Q|L|L|   75_0020P1|      |32353379| 90789105|9030|      |95|00|149|Y|750001010000|Y|1|      20|0|        |WIM 119 - 2.5 mi E of MS 27                       
S|28|750340|7|1|22|1R|2|T|2|3|H|2|3|F|13|B|2|5|T|2|Q|L|L|   75_0020P1|      |32353379| 90789105|9030|      |95|00|149|Y|750001010000|Y|1|      20|0|        |WIM 119 - 2.5 mi E of MS 27                       
S|28|750340|7|2|22|1R|2|T|2|3|H|2|3|F|13|B|2|5|T|2|Q|L|L|   75_0020P1|      |32353379| 90789105|9030|      |95|00|149|Y|750001010000|Y|1|      20|0|        |WIM 119 - 2.5 mi E of MS 27                       
S|28|750370|1|1|22|4R|1|T|1|3|H|1|3|F|13|T|1|5|T|2|Q|L|L|   75_0027P1|      |32245330| 90749464|    |      |02|00|149|N|            |N|3|      27|9|        |WIM 132 - 1.5 mi NW of Hinds County Line          
S|28|750370|5|1|22|4R|1|T|1|3|H|1|3|F|13|T|1|5|T|2|Q|L|L|   75_0027P1|      |32245330| 90749464|    |      |02|00|149|N|            |N|3|      27|9|        |WIM 132 - 1.5 mi NW of Hinds County Line          
S|28|760210|3|1|22|3R|2|T|2|3|H|2|3|F|13| |0|0| |2|P|L|P|   76_0082P1|      |33302517| 91132531|    |      |80|00|151|Y|762001000530|Y|2|      82|2|     278|AVC 61 - 0.5 mi E of AR State Line                
S|28|760210|3|2|22|3R|2|T|2|3|H|2|3|F|13| |0|0| |2|P|L|P|   76_0082P1|      |33302517| 91132531|    |      |80|00|151|Y|762001000530|Y|2|      82|2|     278|AVC 61 - 0.5 mi E of AR State Line                
S|28|760210|7|1|22|3R|2|T|2|3|H|2|3|F|13| |0|0| |2|P|L|P|   76_0082P1|      |33302517| 91132531|    |      |80|00|151|Y|762001000530|Y|2|      82|2|     278|AVC 61 - 0.5 mi E of AR State Line                
S|28|760210|7|2|22|3R|2|T|2|3|H|2|3|F|13| |0|0| |2|P|L|P|   76_0082P1|      |33302517| 91132531|    |      |80|00|151|Y|762001000530|Y|2|      82|2|     278|AVC 61 - 0.5 mi E of AR State Line                
S|28|760690|1|1|22|3U|2|T|2|3|H|2|3|F|13| |0|0| |2|P|L|P|   76_0001P1|      |33362385| 91040680|4024|      |09|00|151|Y|762003025500|N|3|       1|9|        |AVC 120 - 2.5 mi S of US 82                       
S|28|760690|1|2|22|3U|2|T|2|3|H|2|3|F|13| |0|0| |2|P|L|P|   76_0001P1|      |33362385| 91040680|4024|      |09|00|151|Y|762003025500|N|3|       1|9|        |AVC 120 - 2.5 mi S of US 82                       
S|28|760690|5|1|22|3U|2|T|2|3|H|2|3|F|13| |0|0| |2|P|L|P|   76_0001P1|      |33362385| 91040680|4024|      |09|00|151|Y|762003025500|N|3|       1|9|        |AVC 120 - 2.5 mi S of US 82                       
S|28|760690|5|2|22|3U|2|T|2|3|H|2|3|F|13| |0|0| |2|P|L|P|   76_0001P1|      |33362385| 91040680|4024|      |09|00|151|Y|762003025500|N|3|       1|9|        |AVC 120 - 2.5 mi S of US 82                       
S|28|761100|3|1|22|5R|1|T|1|3|H|1|3|F|13| |0|0| |2|P|L|P|   76_0438P1|      |33269109| 91029428|    |      |09|00|151|N|            |N|3|     438|9|        |AVC 43 - 0.2 mi E of MS 1                         
S|28|761100|7|1|22|5R|1|T|1|3|H|1|3|F|13| |0|0| |2|P|L|P|   76_0438P1|      |33269109| 91029428|    |      |09|00|151|N|            |N|3|     438|9|        |AVC 43 - 0.2 mi E of MS 1                         
S|28|790010|1|1|22|3R|2|T|2|3|H|2|3|F|13|T|2|5|T|2|Q|L|L|   79_0061P1|      |31032293| 91331135|    |      |80|00|157|Y|790009000000|Y|2|      61|9|        |WIM 18 - 2.7 mi N of LA State Line                
S|28|790010|1|2|22|3R|2|T|2|3|H|2|3|F|13|T|2|5|T|2|Q|L|L|   79_0061P1|      |31032293| 91331135|    |      |80|00|157|Y|790009000000|Y|2|      61|9|        |WIM 18 - 2.7 mi N of LA State Line                
S|28|790010|5|1|22|3R|2|T|2|3|H|2|3|F|13|T|2|5|T|2|Q|L|L|   79_0061P1|      |31032293| 91331135|    |      |80|00|157|Y|790009000000|Y|2|      61|9|        |WIM 18 - 2.7 mi N of LA State Line                
S|28|790010|5|2|22|3R|2|T|2|3|H|2|3|F|13|T|2|5|T|2|Q|L|L|   79_0061P1|      |31032293| 91331135|    |      |80|00|157|Y|790009000000|Y|2|      61|9|        |WIM 18 - 2.7 mi N of LA State Line                
S|28|801000|1|1|22|4U|1|T|1|3|H|1|3|F|13| |0|0| |2|P|L|P|   80_0015P1|      |33100778| 89071416|    |      |80|00|159|Y|800394013509|N|3|      15|9|        |AVC 76 - 0.6 mi SE of MS 25                       
S|28|801000|5|1|22|4U|1|T|1|3|H|1|3|F|13| |0|0| |2|P|L|P|   80_0015P1|      |33100778| 89071416|    |      |80|00|159|Y|800394013509|N|3|      15|9|        |AVC 76 - 0.6 mi SE of MS 25                       
S|28|N4201N|1|1|22|4R|1|T|1|3| |0|0| |13| |0|0| |2|L| |P|00000000NATR| 13357|32292165| 90408395|    |      |94|00|049|N|            |N|9|   0001B|9|        |From MS Rt 467 To Interstate 20                   
S|28|N4201N|5|1|22|4R|1|T|1|3| |0|0| |13| |0|0| |2|L| |P|00000000NATR| 13357|32292165| 90408395|    |      |94|00|049|N|            |N|9|   0001B|9|        |From MS Rt 467 To Interstate 20                   
S|28|N4202N|1|1|22|4R|1|T|1|3| |0|3| |13| |0|0| |2|L| |P|00000000NATR|  3604|32426667| 90125266|    |      |94|00|089|N|            |N|9|   0001C|9|        |From Interstate 55 To Old Canton Rd               
S|28|N4202N|5|1|22|4R|1|T|1|3| |0|3| |13| |0|0| |2|L| |P|00000000NATR|  3604|32426667| 90125266|    |      |94|00|089|N|            |N|9|   0001C|9|        |From Interstate 55 To Old Canton Rd               
S|28|N4209N|1|1|22|4R|1|T|1|3| |0|3| |13| |0|0| |2|L| |P|00000000NATR|     0|31711138| 91178880|    |      |00|00|063|N|            |N|9|   0001A|9|        |From US 61 To MS 553                              
S|28|N4209N|5|1|22|4R|1|T|1|3| |0|3| |13| |0|0| |2|L| |P|00000000NATR|     0|31711138| 91178880|    |      |00|00|063|N|            |N|9|   0001A|9|        |From US 61 To MS 553                              
S|28|N4210N|1|1|22|4R|1|T|1|3| |0|3| |13| |0|0| |2|L| |P|00000000NATR| 23496|33417405| 89269967|    |      |00|00|019|N|            |N|9|   0001D|9|        |From MS 413 to MS 9                               
S|28|N4210N|5|1|22|4R|1|T|1|3| |0|3| |13| |0|0| |2|L| |P|00000000NATR| 23496|33417405| 89269967|    |      |00|00|019|N|            |N|9|   0001D|9|        |From MS 413 to MS 9                               
