Record_Type|Year_Record|State_Code|Station_Id|Travel_Dir|Travel_Lane|F_System|Num_Lanes|Sample_Type_Volume|Num_Lanes_Volume|Method_Volume|Sample_Type_Class|Num_Lanes_Class|Method_Class|Algorithm_Volume|Num_Classes|Sample_Type_Truck|Num_Lanes_Truck|Method_Truck|Calibration|Data_Retrieval|Type_Sensor_1|Type_Sensor_2|Primary_Purpose|LRS_Id|LRS_Point|Latitude|Longitude|SHRP_Id|Prev_Station_Id|Year_Established|Year_Discontinued|County_Code|Is_Sample|Sample_Id|NHS|Posted_Route_Signing|Posted_Signed_Route|Con_Route_Signing|Con_Signed_Route|Station_Location
S|30|000002|3|1|22|3R|1|T|1|3|H|1|3|L|15|N|0|0|Z|2|Q|Q|P|000000000800|884080|46566668|111807108|0000|      |61|00|043|Y|000000000215|Y|2|00000012|2|        |US 12  US 287, RP 55.3    1MI. W OF S 284         
S|30|000002|7|1|22|3R|1|T|1|3|H|1|3|L|15|N|0|0|Z|2|Q|Q|P|000000000800|884080|46566668|111807108|0000|      |61|00|043|Y|000000000215|Y|2|00000012|2|        |US 12  US 287, RP 55.3    1MI. W OF S 284         
S|30|000003|1|1|22|1U|1|T|1|3|H|1|3|L|15|N|0|0| |2|Q|L|P|000000001500|307558|46586034|111991531|    |      |88|00|049|Y|000000000307|Y|1|00000015|0|        |I 15, RP 191.8     0.5 MI. SOUTH OF US 12         
S|30|000003|1|2|22|1U|1|T|1|3|H|1|3|L|15|N|0|0| |2|Q|L|P|000000001500|307558|46586034|111991531|    |      |88|00|049|Y|000000000307|Y|1|00000015|0|        |I 15, RP 191.8     0.5 MI. SOUTH OF US 12         
S|30|000003|5|1|22|1U|1|T|1|3|H|1|3|L|15|N|0|0| |2|Q|L|P|000000001500|307558|46586034|111991531|    |      |88|00|049|Y|000000000307|Y|1|00000015|0|        |I 15, RP 191.8     0.5 MI. SOUTH OF US 12         
S|30|000003|5|2|22|1U|1|T|1|3|H|1|3|L|15|N|0|0| |2|Q|L|P|000000001500|307558|46586034|111991531|    |      |88|00|049|Y|000000000307|Y|1|00000015|0|        |I 15, RP 191.8     0.5 MI. SOUTH OF US 12         
S|30|000005|1|1|22|4R|1|T|1|3|H|1|3|L|15|N|0|0|Z|2|Q|Q|P|000000002700|127457|46977871|104188992|    |      |40|00|109|N|000000000000|N|3|00000007|0|        |MT 7,  RP 79.2  .5 MI SOUTH OF GRANT AVE.WIBAUX,  
S|30|000005|5|1|22|4R|1|T|1|3|H|1|3|L|15|N|0|0|Z|2|Q|Q|P|000000002700|127457|46977871|104188992|    |      |40|00|109|N|000000000000|N|3|00000007|0|        |MT 7,  RP 79.2  .5 MI SOUTH OF GRANT AVE.WIBAUX,  
S|30|000006|1|1|22|5R|1|T|1|3|N|0|1|A|01|N|0|0| |2|L|L|P|000000028800|147000|45841171|111326565|    |      |39|00|031|N|000000000000|N|3|00000288|0|        |S 288, RP 0.9     .9 MI. SOUTH OF I-90            
S|30|000006|5|1|22|5R|1|T|1|3|N|0|1|A|01|N|0|0| |2|L|L|P|000000028800|147000|45841171|111326565|    |      |39|00|031|N|000000000000|N|3|00000288|0|        |S 288, RP 0.9     .9 MI. SOUTH OF I-90            
S|30|000008|1|1|22|3R|1|T|1|3|H|1|3|L|15|N|0|0|Z|2|Q|Q|P|000000000500|420680|47264245|114171649|    |000105|61|00|047|Y|000000000146|Y|2|00000093|3|        |US 93, RP 26.3 0.5 MI. SOUTH OF RAVALLI           
S|30|000008|5|1|22|3R|1|T|1|3|H|1|3|L|15|N|0|0|Z|2|Q|Q|P|000000000500|420680|47264245|114171649|    |000105|61|00|047|Y|000000000146|Y|2|00000093|3|        |US 93, RP 26.3 0.5 MI. SOUTH OF RAVALLI           
S|30|000009|1|1|22|1R|1|T|1|3|H|1|3|G|15|N|0|0| |2|Q|Q|P|000000001500|460247|47547826|111461961|    |      |40|00|013|N|000000000000|Y|1|00000015|2|        |I 15US89, RP 287.1   7 MI. WES                    
S|30|000009|1|2|22|1R|1|T|1|3|H|1|3|G|15|N|0|0| |2|Q|Q|P|000000001500|460247|47547826|111461961|    |      |40|00|013|N|000000000000|Y|1|00000015|2|        |I 15US89, RP 287.1   7 MI. WES                    
S|30|000009|5|1|22|1R|1|T|1|3|H|1|3|G|15|N|0|0| |2|Q|Q|P|000000001500|460247|47547826|111461961|    |      |40|00|013|N|000000000000|Y|1|00000015|2|        |I 15US89, RP 287.1   7 MI. WES                    
S|30|000009|5|2|22|1R|1|T|1|3|H|1|3|G|15|N|0|0| |2|Q|Q|P|000000001500|460247|47547826|111461961|    |      |40|00|013|N|000000000000|Y|1|00000015|2|        |I 15US89, RP 287.1   7 MI. WES                    
S|30|000010|3|1|22|3R|1|T|1|3|N|1|3|L|15|N|0|0|Z|2|Q|Q|P|000000000100|952044|48106018|105601424|    |      |40|00|085|N|000000000000|Y|2|00000002|0|        |US-2, RP 592.7   .5 MI. EAST OF E INDIAN ST.      
S|30|000010|7|1|22|3R|1|T|1|3|N|1|3|L|15|N|0|0|Z|2|Q|Q|P|000000000100|952044|48106018|105601424|    |      |40|00|085|N|000000000000|Y|2|00000002|0|        |US-2, RP 592.7   .5 MI. EAST OF E INDIAN ST.      
S|30|000012|3|1|22|3R|1|T|1|3|N|1|3|L|15|N|0|0|Z|2|Q|Q|P|000000005700|122186|47055464|109532276|    |      |40|00|027|N|000000000000|Y|2|00000087|3|        |US-87MT-200, RP 76.2 MI. 6 MI W OF LEWISTOWN      
S|30|000012|7|1|22|3R|1|T|1|3|N|1|3|L|15|N|0|0|Z|2|Q|Q|P|000000005700|122186|47055464|109532276|    |      |40|00|027|N|000000000000|Y|2|00000087|3|        |US-87MT-200, RP 76.2 MI. 6 MI W OF LEWISTOWN      
S|30|000013|3|1|22|3R|1|T|1|3|N|1|1|A|15|N|0|0| |2|L|L|P|000000004300|151640|47188844|109408360|    |      |40|00|027|N|000000000000|N|2|00000191|0|        |Brooks US-191, 7 miles north o                    
S|30|000013|7|1|22|3R|1|T|1|3|N|1|1|A|15|N|0|0| |2|L|L|P|000000004300|151640|47188844|109408360|    |      |40|00|027|N|000000000000|N|2|00000191|0|        |Brooks US-191, 7 miles north o                    
S|30|000014|3|1|22|4R|1|T|1|3|N|1|3|L|15|N|0|0|Z|2|Q|Q|P|000000027800|556100|45198958|112755435|    |      |40|00|001|N|000000000000|N|3|00000278|0|        |S-278, RP 3.5    7 MI. WEST OF I-15               
S|30|000014|7|1|22|4R|1|T|1|3|N|1|3|L|15|N|0|0|Z|2|Q|Q|P|000000027800|556100|45198958|112755435|    |      |40|00|001|N|000000000000|N|3|00000278|0|        |S-278, RP 3.5    7 MI. WEST OF I-15               
S|30|000015|3|1|22|3R|1|T|1|3|N|1|1|A|15|N|0|0| |2|L|L|P|000000002400|105400|46893241|113776031|    |      |41|00|063|N|000000000000|Y|3|00000200|0|        |MT-200, RP 5.5  NORTH OF CAMEB                    
S|30|000015|7|1|22|3R|1|T|1|3|N|1|1|A|15|N|0|0| |2|L|L|P|000000002400|105400|46893241|113776031|    |      |41|00|063|N|000000000000|Y|3|00000200|0|        |MT-200, RP 5.5  NORTH OF CAMEB                    
S|30|000018|3|1|22|3R|1|T|1|3|N|1|1|A|15|N|0|0| |2|L|L|P|000000001200|669200|44680955|111200116|    |      |70|00|031|Y|000000000255|Y|2|00000020|0|        |US-20, RP 4.2   WEST OF WEST Y                    
S|30|000018|7|1|22|3R|1|T|1|3|N|1|1|A|15|N|0|0| |2|L|L|P|000000001200|669200|44680955|111200116|    |      |70|00|031|Y|000000000255|Y|2|00000020|0|        |US-20, RP 4.2   WEST OF WEST Y                    
S|30|000019|1|1|22|3R|1|T|1|3|H|1|3|G|15|N|0|0| |2|Q|Q|P|000000005000|131150|44773859|111113273|    |      |50|00|031|Y|000000000494|Y|2|00000191|2|        |US 287, 7.7 MI NORTH OF WEST Y                    
S|30|000019|5|1|22|3R|1|T|1|3|H|1|3|G|15|N|0|0| |2|Q|Q|P|000000005000|131150|44773859|111113273|    |      |50|00|031|Y|000000000494|Y|2|00000191|2|        |US 287, 7.7 MI NORTH OF WEST Y                    
S|30|000020|1|1|22|3R|1|T|1|3|H|1|3|L|15|N|0|0|Z|2|Q|L|P|000000001100|272230|45206073|110894766|    |      |50|00|067|N|000000000000|Y|2|00000089|0|        |US 89,  RP 16.8  17.0 MI. NORTH OF GARDNER        
S|30|000020|5|1|22|3R|1|T|1|3|H|1|3|L|15|N|0|0|Z|2|Q|L|P|000000001100|272230|45206073|110894766|    |      |50|00|067|N|000000000000|Y|2|00000089|0|        |US 89,  RP 16.8  17.0 MI. NORTH OF GARDNER        
S|30|000021|3|1|22|3U|1|T|1|3|N|0|1|A|01|N|0|0| |2|L|N|P|000000000800|708860|46593705|112020482|    |      |56|00|049|Y|000000000211|Y|2|00000012|0|        |US-12, RP 44.1  BTWN BILLINGSMISSOULA ST. HELENA  
S|30|000021|3|2|22|3U|1|T|1|3|N|0|1|A|01|N|0|0| |2|L|N|P|000000000800|708860|46593705|112020482|    |      |56|00|049|Y|000000000211|Y|2|00000012|0|        |US-12, RP 44.1  BTWN BILLINGSMISSOULA ST. HELENA  
S|30|000021|7|1|22|3U|1|T|1|3|N|0|1|A|01|N|0|0| |2|L|N|P|000000000800|708860|46593705|112020482|    |      |56|00|049|Y|000000000211|Y|2|00000012|0|        |US-12, RP 44.1  BTWN BILLINGSMISSOULA ST. HELENA  
S|30|000021|7|2|22|3U|1|T|1|3|N|0|1|A|01|N|0|0| |2|L|N|P|000000000800|708860|46593705|112020482|    |      |56|00|049|Y|000000000211|Y|2|00000012|0|        |US-12, RP 44.1  BTWN BILLINGSMISSOULA ST. HELENA  
S|30|000022|1|1|22|3R|1|T|1|3|N|0|1|A|01|N|0|0| |2|L|L|P|000000001800|226240|46555745|106044095|    |      |89|00|017|N|000000000000|N|3|00000059|0|        |MT-59, 20 miles north of Miles City P-18 (C000018)
S|30|000022|5|1|22|3R|1|T|1|3|N|0|1|A|01|N|0|0| |2|L|L|P|000000001800|226240|46555745|106044095|    |      |89|00|017|N|000000000000|N|3|00000059|0|        |MT-59, 20 miles north of Miles City P-18 (C000018)
S|30|000023|1|1|22|5R|1|T|1|3|N|1|1|A|15|N|0|0| |2|L|L|P|000000024100|492400|48557928|108767039|    |      |57|00|005|N|000000000000|N|3|00000241|0|        |S-241, RP 3.1 NORTH OF HARLEM                     
S|30|000023|5|1|22|5R|1|T|1|3|N|1|1|A|15|N|0|0| |2|L|L|P|000000024100|492400|48557928|108767039|    |      |57|00|005|N|000000000000|N|3|00000241|0|        |S-241, RP 3.1 NORTH OF HARLEM                     
S|30|000024|3|1|22|3U|1|T|1|3|N|1|1|A|15|N|0|0| |2|L|L|P|000000000100|191337|48196883|114356349|    |      |57|00|029|N|000000000000|Y|2|00000002|0|        |US-2, 1.3 miles west of Kalisp                    
S|30|000024|7|1|22|3U|1|T|1|3|N|1|1|A|15|N|0|0| |2|L|L|P|000000000100|191337|48196883|114356349|    |      |57|00|029|N|000000000000|Y|2|00000002|0|        |US-2, 1.3 miles west of Kalisp                    
S|30|000027|1|1|22|3R|1|T|1|3|H|1|3|L|15|N|0|0|Z|2|Q|L|P|000000006100|111231|47382861|108768489|    |      |61|00|027|N|000000000000|Y|2|00000191|0|        |US 191, RP 69.6 .3 MI. NORTH OF US 191 & MT19     
S|30|000027|5|1|22|3R|1|T|1|3|H|1|3|L|15|N|0|0|Z|2|Q|L|P|000000006100|111231|47382861|108768489|    |      |61|00|027|N|000000000000|Y|2|00000191|0|        |US 191, RP 69.6 .3 MI. NORTH OF US 191 & MT19     
S|30|000028|1|1|22|5R|1|T|1|3|H|1|3|L|15|N|0|0|Z|2|Q|Q|P|000000761100|557700|47545029|111471607|    |      |61|00|013|N|000000000000|N|0|00000000|0|        |#7611  RP 3.8 1 MI. SOUTH OF VAUGHN               
S|30|000028|5|1|22|5R|1|T|1|3|H|1|3|L|15|N|0|0|Z|2|Q|Q|P|000000761100|557700|47545029|111471607|    |      |61|00|013|N|000000000000|N|0|00000000|0|        |#7611  RP 3.8 1 MI. SOUTH OF VAUGHN               
S|30|000029|1|1|22|7R|1|T|1|3|N|1|1|A|15|N|0|0| |2|L|L|P|000005668300|699700|45717619|108632545|    |      |62|00|111|N|000000000000|N|0|00000000|0|        |X-56683, RP 4.3   .5 MI. W OF                     
S|30|000029|5|1|22|7R|1|T|1|3|N|1|1|A|15|N|0|0| |2|L|L|P|000005668300|699700|45717619|108632545|    |      |62|00|111|N|000000000000|N|0|00000000|0|        |X-56683, RP 4.3   .5 MI. W OF                     
S|30|000030|3|1|22|1R|1|T|1|3|H|1|3|L|15|N|0|0|Z|2|Q|L|P|000000009000|740180|47200413|114921289|    |      |62|00|061|N|000000000000|Y|1|00000090|0|        |I-90, RP 46.8 0.7 MI.WEST OF  SUPERIOR INTERCHANGE
S|30|000030|3|2|22|1R|1|T|1|3|H|1|3|L|15|N|0|0|Z|2|Q|L|P|000000009000|740180|47200413|114921289|    |      |62|00|061|N|000000000000|Y|1|00000090|0|        |I-90, RP 46.8 0.7 MI.WEST OF  SUPERIOR INTERCHANGE
S|30|000030|7|1|22|1R|1|T|1|3|H|1|3|L|15|N|0|0|Z|2|Q|L|P|000000009000|740180|47200413|114921289|    |      |62|00|061|N|000000000000|Y|1|00000090|0|        |I-90, RP 46.8 0.7 MI.WEST OF  SUPERIOR INTERCHANGE
S|30|000030|7|2|22|1R|1|T|1|3|H|1|3|L|15|N|0|0|Z|2|Q|L|P|000000009000|740180|47200413|114921289|    |      |62|00|061|N|000000000000|Y|1|00000090|0|        |I-90, RP 46.8 0.7 MI.WEST OF  SUPERIOR INTERCHANGE
S|30|000031|3|1|22|1R|1|T|1|3|H|1|3|L|15|N|0|0|Z|2|Q|L|P|000000009400|209819|46352393|105920155|0000|      |63|00|017|Y|000000000750|Y|1|00000094|2|        |I-94, RP 130.85   8 MI. WEST OF MILLES CITY       
S|30|000031|3|2|22|1R|1|T|1|3|H|1|3|L|15|N|0|0|Z|2|Q|L|P|000000009400|209819|46352393|105920155|0000|      |63|00|017|Y|000000000750|Y|1|00000094|2|        |I-94, RP 130.85   8 MI. WEST OF MILLES CITY       
S|30|000031|7|1|22|1R|1|T|1|3|H|1|3|L|15|N|0|0|Z|2|Q|L|P|000000009400|209819|46352393|105920155|0000|      |63|00|017|Y|000000000750|Y|1|00000094|2|        |I-94, RP 130.85   8 MI. WEST OF MILLES CITY       
S|30|000031|7|2|22|1R|1|T|1|3|H|1|3|L|15|N|0|0|Z|2|Q|L|P|000000009400|209819|46352393|105920155|0000|      |63|00|017|Y|000000000750|Y|1|00000094|2|        |I-94, RP 130.85   8 MI. WEST OF MILLES CITY       
S|30|000032|5|1|22|4U|1|T|1|3|N|0|1|A|01|N|0|0| |2|L|N|P|000000521700|772000|47510309|111264201|    |      |70|00|013|N|000000000000|N|0|00000000|0|        |25TH ST N BTWN 4TH & 5TH ST. N  RP .49 GRT FALLS  
S|30|000032|5|2|22|4U|1|T|1|3|N|0|1|A|01|N|0|0| |2|L|N|P|000000521700|772000|47510309|111264201|    |      |70|00|013|N|000000000000|N|0|00000000|0|        |25TH ST N BTWN 4TH & 5TH ST. N  RP .49 GRT FALLS  
S|30|000033|1|1|22|3U|1|T|1|3|N|0|1|A|01|N|0|0| |2|L|N|P|000000006000|151904|47494245|111291287|    |      |65|00|013|Y|000000000573|Y|2|00000089|3|        |US-89 RP 93.5 10TH AVE.S BTWN 9TH10TH ST SOUTH    
S|30|000033|1|2|22|3U|1|T|1|3|N|0|1|A|01|N|0|0| |2|L|N|P|000000006000|151904|47494245|111291287|    |      |65|00|013|Y|000000000573|Y|2|00000089|3|        |US-89 RP 93.5 10TH AVE.S BTWN 9TH10TH ST SOUTH    
S|30|000033|1|3|22|3U|1|T|1|3|N|0|1|A|01|N|0|0| |2|L|N|P|000000006000|151904|47494245|111291287|    |      |65|00|013|Y|000000000573|Y|2|00000089|3|        |US-89 RP 93.5 10TH AVE.S BTWN 9TH10TH ST SOUTH    
S|30|000033|5|1|22|3U|1|T|1|3|N|0|1|A|01|N|0|0| |2|L|N|P|000000006000|151904|47494245|111291287|    |      |65|00|013|Y|000000000573|Y|2|00000089|3|        |US-89 RP 93.5 10TH AVE.S BTWN 9TH10TH ST SOUTH    
S|30|000033|5|2|22|3U|1|T|1|3|N|0|1|A|01|N|0|0| |2|L|N|P|000000006000|151904|47494245|111291287|    |      |65|00|013|Y|000000000573|Y|2|00000089|3|        |US-89 RP 93.5 10TH AVE.S BTWN 9TH10TH ST SOUTH    
S|30|000033|5|3|22|3U|1|T|1|3|N|0|1|A|01|N|0|0| |2|L|N|P|000000006000|151904|47494245|111291287|    |      |65|00|013|Y|000000000573|Y|2|00000089|3|        |US-89 RP 93.5 10TH AVE.S BTWN 9TH10TH ST SOUTH    
S|30|000034|3|1|22|4R|1|T|1|3|H|1|3|G|15|N|0|0| |2|Q|Q|P|000000001400|462532|46296037|106789572|    |      |65|00|087|N|000000000000|N|2|00000012|0|        |US-12, RP 265.1    5 MI. NORTH                    
S|30|000034|7|1|22|4R|1|T|1|3|H|1|3|G|15|N|0|0| |2|Q|Q|P|000000001400|462532|46296037|106789572|    |      |65|00|087|N|000000000000|N|2|00000012|0|        |US-12, RP 265.1    5 MI. NORTH                    
S|30|000035|3|1|22|5R|1|T|1|3|N|1|1|A|15|N|0|0| |2|L|L|P|000000021000|573000|46833583|113822134|    |      |65|00|063|N|000000000000|N|3|00000210|0|        |S-210, RP 3.6   3 MI. SOUTHEAS                    
S|30|000035|7|1|22|5R|1|T|1|3|N|1|1|A|15|N|0|0| |2|L|L|P|000000021000|573000|46833583|113822134|    |      |65|00|063|N|000000000000|N|3|00000210|0|        |S-210, RP 3.6   3 MI. SOUTHEAS                    
S|30|000036|3|1|22|3R|1|T|1|3|N|1|1|A|15|N|0|0| |2|L|L|P|000000000100|350838|48531280|113053676|    |      |66|00|035|Y|000000000048|Y|2|00000002|0|        |US-2, RP 219.5   2.3 MI. WEST                     
S|30|000036|7|1|22|3R|1|T|1|3|N|1|1|A|15|N|0|0| |2|L|L|P|000000000100|350838|48531280|113053676|    |      |66|00|035|Y|000000000048|Y|2|00000002|0|        |US-2, RP 219.5   2.3 MI. WEST                     
S|30|000037|1|1|22|3U|1|T|1|3|N|0|1|A|01|N|0|0| |2|L|N|P|000000810700|238300|46870811|114002278|    |      |66|00|063|N|000000000000|Y|0|00000000|0|        |RP 1.5 ORANGE ST BRIDGE .2 MI SW OF W MAIN        
S|30|000037|1|2|22|3U|1|T|1|3|N|0|1|A|01|N|0|0| |2|L|N|P|000000810700|238300|46870811|114002278|    |      |66|00|063|N|000000000000|Y|0|00000000|0|        |RP 1.5 ORANGE ST BRIDGE .2 MI SW OF W MAIN        
S|30|000037|5|1|22|3U|1|T|1|3|N|0|1|A|01|N|0|0| |2|L|N|P|000000810700|238300|46870811|114002278|    |      |66|00|063|N|000000000000|Y|0|00000000|0|        |RP 1.5 ORANGE ST BRIDGE .2 MI SW OF W MAIN        
S|30|000037|5|2|22|3U|1|T|1|3|N|0|1|A|01|N|0|0| |2|L|N|P|000000810700|238300|46870811|114002278|    |      |66|00|063|N|000000000000|Y|0|00000000|0|        |RP 1.5 ORANGE ST BRIDGE .2 MI SW OF W MAIN        
S|30|000038|3|1|22|3R|1|T|1|3|H|1|3|L|15|N|0|0|Z|2|Q|Q|P|000000005700|334338|47299394|106959824|    |      |67|00|033|Y|000000000538|Y|3|00000200|0|        |MT-200, RP 209.5    .5 MI. WEST OF JORDAN         
S|30|000038|7|1|22|3R|1|T|1|3|H|1|3|L|15|N|0|0|Z|2|Q|Q|P|000000005700|334338|47299394|106959824|    |      |67|00|033|Y|000000000538|Y|3|00000200|0|        |MT-200, RP 209.5    .5 MI. WEST OF JORDAN         
S|30|000039|1|1|22|4R|1|T|1|3|N|1|1|A|15|N|0|0| |2|L|L|P|000000000300|128809|48268577|112532100|    |      |67|00|073|N|000000000000|N|2|00000089|0|        |US 89, RP 81.3     .5  MI. SOU                    
S|30|000039|5|1|22|4R|1|T|1|3|N|1|1|A|15|N|0|0| |2|L|L|P|000000000300|128809|48268577|112532100|    |      |67|00|073|N|000000000000|N|2|00000089|0|        |US 89, RP 81.3     .5  MI. SOU                    
S|30|000040|1|1|22|5R|1|T|1|3|N|1|1|A|15|N|0|0| |2|L|L|P|000008100300|156490|47008232|112029904|    |      |68|00|049|N|000000000000|N|0|00000000|0|        |RP 2.5  2.5 miles north of WOL                    
S|30|000040|5|1|22|5R|1|T|1|3|N|1|1|A|15|N|0|0| |2|L|L|P|000008100300|156490|47008232|112029904|    |      |68|00|049|N|000000000000|N|0|00000000|0|        |RP 2.5  2.5 miles north of WOL                    
S|30|000042|1|1|22|4U|1|T|1|3|N|0|1|A|01|N|0|0| |2|L|N|P|000000522600|339100|47510249|111262446|    |      |72|00|013|N|000000000000|N|0|00000000|0|        |RP 2.094 26 ST N  BTWN 4TH & 5TH ST. N GREAT FALLS
S|30|000042|1|2|22|4U|1|T|1|3|N|0|1|A|01|N|0|0| |2|L|N|P|000000522600|339100|47510249|111262446|    |      |72|00|013|N|000000000000|N|0|00000000|0|        |RP 2.094 26 ST N  BTWN 4TH & 5TH ST. N GREAT FALLS
S|30|000043|1|1|22|3R|1|T|1|3|N|1|3|L|15|N|0|0| |2|L|L|P|000000005000|805055|45281249|111226114|    |      |72|00|031|N|000000000000|Y|2|00000191|0|        |US 191, RP 49.8 1.5 MILES NORTH OF MT 64 BIG SKY  
S|30|000043|5|1|22|3R|1|T|1|3|N|1|3|L|15|N|0|0| |2|L|L|P|000000005000|805055|45281249|111226114|    |      |72|00|031|N|000000000000|Y|2|00000191|0|        |US 191, RP 49.8 1.5 MILES NORTH OF MT 64 BIG SKY  
S|30|000046|3|1|22|3R|1|T|1|3|H|1|3|G|15|N|0|0| |2|Q|Q|P|000000000100|599363|48560514|109884212|    |      |80|00|041|N|000000000000|Y|2|00000002|0|        |US-2, RP 372.9   3 MI. EAST OF                    
S|30|000046|7|1|22|3R|1|T|1|3|H|1|3|G|15|N|0|0| |2|Q|Q|P|000000000100|599363|48560514|109884212|    |      |80|00|041|N|000000000000|Y|2|00000002|0|        |US-2, RP 372.9   3 MI. EAST OF                    
S|30|000047|1|1|22|3R|1|T|1|3|N|1|3|L|15|N|0|0|Z|2|Q|L|P|000000000700|116407|46602385|114091715|    |      |80|00|081|Y|000000000185|Y|2|00000093|0|        |US-93, RP 72.5 1 MI. SOUTH OF  FLORENCE           
S|30|000047|1|2|22|3R|1|T|1|3|N|1|3|L|15|N|0|0|Z|2|Q|L|P|000000000700|116407|46602385|114091715|    |      |80|00|081|Y|000000000185|Y|2|00000093|0|        |US-93, RP 72.5 1 MI. SOUTH OF  FLORENCE           
S|30|000047|5|1|22|3R|1|T|1|3|N|1|3|L|15|N|0|0|Z|2|Q|L|P|000000000700|116407|46602385|114091715|    |      |80|00|081|Y|000000000185|Y|2|00000093|0|        |US-93, RP 72.5 1 MI. SOUTH OF  FLORENCE           
S|30|000047|5|2|22|3R|1|T|1|3|N|1|3|L|15|N|0|0|Z|2|Q|L|P|000000000700|116407|46602385|114091715|    |      |80|00|081|Y|000000000185|Y|2|00000093|0|        |US-93, RP 72.5 1 MI. SOUTH OF  FLORENCE           
S|30|000049|1|1|22|4R|1|T|1|3|N|0|1|A|01|N|0|0| |2|L|L|P|000000003900|816308|46243449|106816156|    |      |80|00|087|N|000000000000|N|3|00000039|0|        |MT 39, RP 50.7   0.5 MILES SOUTH OF I 94          
S|30|000049|5|1|22|4R|1|T|1|3|N|0|1|A|01|N|0|0| |2|L|L|P|000000003900|816308|46243449|106816156|    |      |80|00|087|N|000000000000|N|3|00000039|0|        |MT 39, RP 50.7   0.5 MILES SOUTH OF I 94          
S|30|000050|1|1|22|3U|1|T|1|3|N|0|1|A|01|N|0|0| |2|L|N|P|000000001600|445884|45814122|108470962|    |      |81|00|111|Y|000000000359|Y|2|00000087|0|        |US-87  RP 1.7 MAIN BTWN MILTON & HANSEN BILLINGS  
S|30|000050|1|2|22|3U|1|T|1|3|N|0|1|A|01|N|0|0| |2|L|N|P|000000001600|445884|45814122|108470962|    |      |81|00|111|Y|000000000359|Y|2|00000087|0|        |US-87  RP 1.7 MAIN BTWN MILTON & HANSEN BILLINGS  
S|30|000050|1|3|22|3U|1|T|1|3|N|0|1|A|01|N|0|0| |2|L|N|P|000000001600|445884|45814122|108470962|    |      |81|00|111|Y|000000000359|Y|2|00000087|0|        |US-87  RP 1.7 MAIN BTWN MILTON & HANSEN BILLINGS  
S|30|000050|5|1|22|3U|1|T|1|3|N|0|1|A|01|N|0|0| |2|L|N|P|000000001600|445884|45814122|108470962|    |      |81|00|111|Y|000000000359|Y|2|00000087|0|        |US-87  RP 1.7 MAIN BTWN MILTON & HANSEN BILLINGS  
S|30|000050|5|2|22|3U|1|T|1|3|N|0|1|A|01|N|0|0| |2|L|N|P|000000001600|445884|45814122|108470962|    |      |81|00|111|Y|000000000359|Y|2|00000087|0|        |US-87  RP 1.7 MAIN BTWN MILTON & HANSEN BILLINGS  
S|30|000050|5|3|22|3U|1|T|1|3|N|0|1|A|01|N|0|0| |2|L|N|P|000000001600|445884|45814122|108470962|    |      |81|00|111|Y|000000000359|Y|2|00000087|0|        |US-87  RP 1.7 MAIN BTWN MILTON & HANSEN BILLINGS  
S|30|000051|3|1|22|3U|1|T|1|3|N|0|1|A|01|N|0|0| |2|L|N|P|000000100600|340400|45776977|108573816|    |      |81|00|111|N|000000000000|N|0|00000000|0|        |RP 2.136  BTWN 22ND STGAY PL  BILLINGS            
S|30|000051|3|2|22|3U|1|T|1|3|N|0|1|A|01|N|0|0| |2|L|N|P|000000100600|340400|45776977|108573816|    |      |81|00|111|N|000000000000|N|0|00000000|0|        |RP 2.136  BTWN 22ND STGAY PL  BILLINGS            
S|30|000051|7|1|22|3U|1|T|1|3|N|0|1|A|01|N|0|0| |2|L|N|P|000000100600|340400|45776977|108573816|    |      |81|00|111|N|000000000000|N|0|00000000|0|        |RP 2.136  BTWN 22ND STGAY PL  BILLINGS            
S|30|000051|7|2|22|3U|1|T|1|3|N|0|1|A|01|N|0|0| |2|L|N|P|000000100600|340400|45776977|108573816|    |      |81|00|111|N|000000000000|N|0|00000000|0|        |RP 2.136  BTWN 22ND STGAY PL  BILLINGS            
S|30|000054|1|1|22|5U|1|T|1|3|N|0|1|A|01|N|0|0| |2|L|N|P|000006736200|121400|45778491|108564156|    |      |84|00|111|N|000000000000|N|0|00000000|0|        |L-56-2410 RP 763 19 St W. btwn Wy. Ylstn., Bill   
S|30|000054|5|1|22|5U|1|T|1|3|N|0|1|A|01|N|0|0| |2|L|N|P|000006736200|121400|45778491|108564156|    |      |84|00|111|N|000000000000|N|0|00000000|0|        |L-56-2410 RP 763 19 St W. btwn Wy. Ylstn., Bill   
S|30|000056|1|1|22|3R|1|T|1|3|N|1|3|L|15|N|0|0|Z|2|Q|L|P|000000000700|815970|46285603|114161800|    |      |86|00|081|Y|000000000180|Y|2|00000093|0|        |US-93, RP 50.1 2.5 miles north of Hamilton        
S|30|000056|1|2|22|3R|1|T|1|3|N|1|3|L|15|N|0|0|Z|2|Q|L|P|000000000700|815970|46285603|114161800|    |      |86|00|081|Y|000000000180|Y|2|00000093|0|        |US-93, RP 50.1 2.5 miles north of Hamilton        
S|30|000056|5|1|22|3R|1|T|1|3|N|1|3|L|15|N|0|0|Z|2|Q|L|P|000000000700|815970|46285603|114161800|    |      |86|00|081|Y|000000000180|Y|2|00000093|0|        |US-93, RP 50.1 2.5 miles north of Hamilton        
S|30|000056|5|2|22|3R|1|T|1|3|N|1|3|L|15|N|0|0|Z|2|Q|L|P|000000000700|815970|46285603|114161800|    |      |86|00|081|Y|000000000180|Y|2|00000093|0|        |US-93, RP 50.1 2.5 miles north of Hamilton        
S|30|000057|3|1|22|1R|1|T|1|3|N|1|3|L|15|N|0|0| |2|L|L|P|000000009000|854320|45281369|107346423|7076|      |92|00|003|N|000000000000|Y|1|00000090|2|        |I 90,  RP 533.1   JUST SOUTH OF LODGE GRASS       
S|30|000057|3|2|22|1R|1|T|1|3|N|1|3|L|15|N|0|0| |2|L|L|P|000000009000|854320|45281369|107346423|7076|      |92|00|003|N|000000000000|Y|1|00000090|2|        |I 90,  RP 533.1   JUST SOUTH OF LODGE GRASS       
S|30|000057|7|1|22|1R|1|T|1|3|N|1|3|L|15|N|0|0| |2|L|L|P|000000009000|854320|45281369|107346423|7076|      |92|00|003|N|000000000000|Y|1|00000090|2|        |I 90,  RP 533.1   JUST SOUTH OF LODGE GRASS       
S|30|000057|7|2|22|1R|1|T|1|3|N|1|3|L|15|N|0|0| |2|L|L|P|000000009000|854320|45281369|107346423|7076|      |92|00|003|N|000000000000|Y|1|00000090|2|        |I 90,  RP 533.1   JUST SOUTH OF LODGE GRASS       
S|30|000058|1|1|22|4R|1|T|1|3|N|1|1|A|15|N|0|0| |2|L|L|P|000000002800|112872|45221148|109240725|    |      |86|00|009|N|000000000000|N|2|00000212|0|        |US 212,  RP 72.05  1.8 MI. NOR                    
S|30|000058|5|1|22|4R|1|T|1|3|N|1|1|A|15|N|0|0| |2|L|L|P|000000002800|112872|45221148|109240725|    |      |86|00|009|N|000000000000|N|2|00000212|0|        |US 212,  RP 72.05  1.8 MI. NOR                    
S|30|000059|3|1|22|1U|1|T|1|3|H|1|3|L|15|N|0|0|Z|2|Q|L|P|000000009000|720095|45752124|108522645|0000|      |90|00|111|Y|000000000705|Y|1|00000090|2|00000212|I-90, RP 447.8  .5 MI. E OF S BILLINGS BLVD. BILL 
S|30|000059|3|2|22|1U|1|T|1|3|H|1|3|L|15|N|0|0|Z|2|Q|L|P|000000009000|720095|45752124|108522645|0000|      |90|00|111|Y|000000000705|Y|1|00000090|2|00000212|I-90, RP 447.8  .5 MI. E OF S BILLINGS BLVD. BILL 
S|30|000059|7|1|22|1U|1|T|1|3|H|1|3|L|15|N|0|0|Z|2|Q|L|P|000000009000|720095|45752124|108522645|0000|      |90|00|111|Y|000000000705|Y|1|00000090|2|00000212|I-90, RP 447.8  .5 MI. E OF S BILLINGS BLVD. BILL 
S|30|000059|7|2|22|1U|1|T|1|3|H|1|3|L|15|N|0|0|Z|2|Q|L|P|000000009000|720095|45752124|108522645|0000|      |90|00|111|Y|000000000705|Y|1|00000090|2|00000212|I-90, RP 447.8  .5 MI. E OF S BILLINGS BLVD. BILL 
S|30|000060|3|1|22|3R|2|T|1|3|N|2|1|A|15|N|0|0| |2|L|L|P|000000000100|224920|48378095|114128321|    |      |82|00|029|Y|000000000034|Y|2|00000002|0|        |US-2, RP 139.6  2 MI. NORTH OF                    
S|30|000060|3|2|22|3R|2|T|1|3|N|2|1|A|15|N|0|0| |2|L|L|P|000000000100|224920|48378095|114128321|    |      |82|00|029|Y|000000000034|Y|2|00000002|0|        |US-2, RP 139.6  2 MI. NORTH OF                    
S|30|000060|7|1|22|3R|2|T|1|3|N|2|1|A|15|N|0|0| |2|L|L|P|000000000100|224920|48378095|114128321|    |      |82|00|029|Y|000000000034|Y|2|00000002|0|        |US-2, RP 139.6  2 MI. NORTH OF                    
S|30|000060|7|2|22|3R|2|T|1|3|N|2|1|A|15|N|0|0| |2|L|L|P|000000000100|224920|48378095|114128321|    |      |82|00|029|Y|000000000034|Y|2|00000002|0|        |US-2, RP 139.6  2 MI. NORTH OF                    
S|30|000061|1|1|22|1R|1|T|1|3|N|1|3|L|15|N|0|0|Z|2|Q|L|P|000000001500|575401|48461744|111883466|    |      |91|00|101|N|000000000000|Y|1|00000015|0|        |I 15,  RP 359.55  JUST N OF MARIAS INTERCHANGE    
S|30|000061|1|2|22|1R|1|T|1|3|N|1|3|L|15|N|0|0|Z|2|Q|L|P|000000001500|575401|48461744|111883466|    |      |91|00|101|N|000000000000|Y|1|00000015|0|        |I 15,  RP 359.55  JUST N OF MARIAS INTERCHANGE    
S|30|000061|5|1|22|1R|1|T|1|3|N|1|3|L|15|N|0|0|Z|2|Q|L|P|000000001500|575401|48461744|111883466|    |      |91|00|101|N|000000000000|Y|1|00000015|0|        |I 15,  RP 359.55  JUST N OF MARIAS INTERCHANGE    
S|30|000061|5|2|22|1R|1|T|1|3|N|1|3|L|15|N|0|0|Z|2|Q|L|P|000000001500|575401|48461744|111883466|    |      |91|00|101|N|000000000000|Y|1|00000015|0|        |I 15,  RP 359.55  JUST N OF MARIAS INTERCHANGE    
S|30|000063|3|1|22|3R|1|T|1|3|H|1|3|L|15|N|0|0|Z|2|Q|Q|P|000000003700|122747|45563976|105996209|    |      |92|00|075|N|000000000000|Y|2|00000212|0|        |US-212,  RP 76.3  13 MI. EAST OF ASHLAND          
S|30|000063|7|1|22|3R|1|T|1|3|H|1|3|L|15|N|0|0|Z|2|Q|Q|P|000000003700|122747|45563976|105996209|    |      |92|00|075|N|000000000000|Y|2|00000212|0|        |US-212,  RP 76.3  13 MI. EAST OF ASHLAND          
S|30|000064|3|1|22|5R|1|T|1|3|N|1|1|A|15|N|0|0| |2|L|L|P|000008106400|264900|45267429|111285891|    |      |92|00|031|Y|000000001282|N|3|00000064|0|        |MT64     RP 1.6   1.6 MI. W OF                    
S|30|000064|7|1|22|5R|1|T|1|3|N|1|1|A|15|N|0|0| |2|L|L|P|000008106400|264900|45267429|111285891|    |      |92|00|031|Y|000000001282|N|3|00000064|0|        |MT64     RP 1.6   1.6 MI. W OF                    
S|30|000066|1|1|22|4R|1|T|1|3|H|1|3|G|15|N|0|0| |2|Q|Q|P|000000008300|131100|47014262|113371846|    |      |92|00|063|N|000000000000|N|3|00000083|0|        |MT 83, RP 0.8       1 MILE NOR                    
S|30|000066|5|1|22|4R|1|T|1|3|H|1|3|G|15|N|0|0| |2|Q|Q|P|000000008300|131100|47014262|113371846|    |      |92|00|063|N|000000000000|N|3|00000083|0|        |MT 83, RP 0.8       1 MILE NOR                    
S|30|000067|1|1|22|4U|1|T|1|3|N|0|1|A|01|N|0|0| |2|L|N|P|000000811500|136000|46871303|113980021|    |      |93|00|063|N|000000000000|N|0|00000000|0|        |RP .076 VAN BUREN ST.N OF POPLAR ST. MISSOULA     
S|30|000067|5|1|22|4U|1|T|1|3|N|0|1|A|01|N|0|0| |2|L|N|P|000000811500|136000|46871303|113980021|    |      |93|00|063|N|000000000000|N|0|00000000|0|        |RP .076 VAN BUREN ST.N OF POPLAR ST. MISSOULA     
S|30|000068|3|1|22|5U|1|T|1|3|N|0|1|A|01|N|0|0| |2|L|N|P|000000811600|360300|46857128|113993391|    |      |93|00|063|Y|000000001223|N|0|00000000|0|        |U-8116  RP 2.198 BECKWITH  W OF HILDA ST. MISSOULA
S|30|000068|7|1|22|5U|1|T|1|3|N|0|1|A|01|N|0|0| |2|L|N|P|000000811600|360300|46857128|113993391|    |      |93|00|063|Y|000000001223|N|0|00000000|0|        |U-8116  RP 2.198 BECKWITH  W OF HILDA ST. MISSOULA
S|30|000069|1|1|22|5R|1|T|1|3|N|0|1|A|01|N|0|0| |2|L|N|P|000000027300|206300|46148168|112891512|0800|000109|95|00|023|N|000000000000|N|3|00000273|0|        |S 273,  RP 1   1 MILE NORTH OF MT 48              
S|30|000069|5|1|22|5R|1|T|1|3|N|0|1|A|01|N|0|0| |2|L|N|P|000000027300|206300|46148168|112891512|0800|000109|95|00|023|N|000000000000|N|3|00000273|0|        |S 273,  RP 1   1 MILE NORTH OF MT 48              
S|30|000070|3|1|22|3R|1|T|1|3|N|1|3|L|15|N|0|0|Z|2|L|L|P|000000002400|119384|46959144|112640971|0000|      |98|00|049|Y|000000000431|Y|3|00000200|0|        |MT-200,  RP 73 EAST OF LINCOLN                    
S|30|000070|7|1|22|3R|1|T|1|3|N|1|3|L|15|N|0|0|Z|2|L|L|P|000000002400|119384|46959144|112640971|0000|      |98|00|049|Y|000000000431|Y|3|00000200|0|        |MT-200,  RP 73 EAST OF LINCOLN                    
S|30|000071|3|1|22|1R|1|T|1|3|H|1|3|L|15|N|0|0|Z|2|Q|L|P|000000009000|512988|45657332|110767593|0000|      |02|00|031|Y|000000000677|Y|1|00000090|2|        |I-90,   RP 323  BOZEMAN HILL                      
S|30|000071|3|2|22|1R|1|T|1|3|H|1|3|L|15|N|0|0|Z|2|Q|L|P|000000009000|512988|45657332|110767593|0000|      |02|00|031|Y|000000000677|Y|1|00000090|2|        |I-90,   RP 323  BOZEMAN HILL                      
S|30|000071|7|1|22|1R|1|T|1|3|H|1|3|L|15|N|0|0|Z|2|Q|L|P|000000009000|512988|45657332|110767593|0000|      |02|00|031|Y|000000000677|Y|1|00000090|2|        |I-90,   RP 323  BOZEMAN HILL                      
S|30|000071|7|2|22|1R|1|T|1|3|H|1|3|L|15|N|0|0|Z|2|Q|L|P|000000009000|512988|45657332|110767593|0000|      |02|00|031|Y|000000000677|Y|1|00000090|2|        |I-90,   RP 323  BOZEMAN HILL                      
S|30|000072|1|1|22|4R|1|T|1|3|H|1|3|L|15|N|0|0|Z|2|Q|Q|P|000000001300|633360|45226432|111678848|0000|      |09|00|057|N|000000000000|N|2|00000287|0|        |US-287 South of Ennis P-13 (C000013) RP 39.5      
S|30|000072|5|1|22|4R|1|T|1|3|H|1|3|L|15|N|0|0|Z|2|Q|Q|P|000000001300|633360|45226432|111678848|0000|      |09|00|057|N|000000000000|N|2|00000287|0|        |US-287 South of Ennis P-13 (C000013) RP 39.5      
S|30|000073|1|1|22|4R|1|T|1|3|H|1|3|L|15|N|0|0|Z|2|Q|Q|P|000000005200|386100|47688965|114073832|0000|      |09|00|047|Y|000000000503|N|3|00000035|0|        |MT 35  RP 2.5  2.8 Mi EAST OF US 93               
S|30|000073|5|1|22|4R|1|T|1|3|H|1|3|L|15|N|0|0|Z|2|Q|Q|P|000000005200|386100|47688965|114073832|0000|      |09|00|047|Y|000000000503|N|3|00000035|0|        |MT 35  RP 2.5  2.8 Mi EAST OF US 93               
S|30|000074|1|1|22|3R|1|T|1|3|H|1|3|L|15|N|0|0|Z|2|Q|Q|P|000000000500|120732|47815044|114333006|0000|      |09|00|047|N|000000000000|Y|2|00000093|0|        |US 93 RP 75.74   SOUTH OF MT 28                   
S|30|000074|5|1|22|3R|1|T|1|3|H|1|3|L|15|N|0|0|Z|2|Q|Q|P|000000000500|120732|47815044|114333006|0000|      |09|00|047|N|000000000000|Y|2|00000093|0|        |US 93 RP 75.74   SOUTH OF MT 28                   
S|30|000075|1|1|22|4R|1|T|1|3|H|1|3|L|15|N|0|0|Z|1|Q|Q|P|000000002800|850150|45034651|109424712|    |      |11|00|009|Y|000000000444|N|2|00000212|0|        |US 212, P-28 (C000028) RP 54.7, 13.8 SW of S-308  
S|30|000075|5|1|22|4R|1|T|1|3|H|1|3|L|15|N|0|0|Z|1|Q|Q|P|000000002800|850150|45034651|109424712|    |      |11|00|009|Y|000000000444|N|2|00000212|0|        |US 212, P-28 (C000028) RP 54.7, 13.8 SW of S-308  
S|30|000076|3|1|22|4R|1|T|1|3|H|1|3|L|15|N|0|0|Z|2|Q|P|P|000000020100|102294|47867785|104197243|    |      |90|00|083|Y|000000000785|N|3|00000201|0|        |P-201, RP 62.2 4.3 mi E of MT-16                  
S|30|000076|7|1|22|4R|1|T|1|3|H|1|3|L|15|N|0|0|Z|2|Q|P|P|000000020100|102294|47867785|104197243|    |      |90|00|083|Y|000000000785|N|3|00000201|0|        |P-201, RP 62.2 4.3 mi E of MT-16                  
S|30|000077|3|1|22|4R|1|T|1|3|H|1|3|L|15|N|0|0|Z|2|Q|P|P|000000000200|104150|46353963|104167798|    |      |90|00|025|Y|000000000123|N|2|00000012|0|        |US-12, RP 88.5, 1.3 mi E of RR tracks             
S|30|000077|7|1|22|4R|1|T|1|3|H|1|3|L|15|N|0|0|Z|2|Q|P|P|000000000200|104150|46353963|104167798|    |      |90|00|025|Y|000000000123|N|2|00000012|0|        |US-12, RP 88.5, 1.3 mi E of RR tracks             
S|30|000078|3|1|22|4R|1|T|1|3|N|1|3|L|15|N|0|0| |2|Q|Q|P|000000001400| 73470|46499605|110356434|    |      |15|00|059|N|000000000000|N|2|00000012|0|        |US-12, 2.5 miles west of S-294 P-14 (C000014) RP 7
S|30|000078|7|1|22|4R|1|T|1|3|N|1|3|L|15|N|0|0| |2|Q|Q|P|000000001400| 73470|46499605|110356434|    |      |15|00|059|N|000000000000|N|2|00000012|0|        |US-12, 2.5 miles west of S-294 P-14 (C000014) RP 7
S|30|000079|3|1|22|4U|1|T|1|3|H|1|3|F|15|N|0|0| |2|Q|L|P|0000C000430E|   673|46616568|111975761|    |      |16|00|049|N|000000000000|N|5|00000430|5|        |U-5818, RP 0.672                                  
S|30|000079|7|1|22|4U|1|T|1|3|H|1|3|F|15|N|0|0| |2|Q|L|P|0000C000430E|   673|46616568|111975761|    |      |16|00|049|N|000000000000|N|5|00000430|5|        |U-5818, RP 0.672                                  
S|30|000080|1|1|22|4U|1|T|1|3|N|1|3|L|15|N|0|0| |2|Q|L|P|000000581000|   145|46614259|112053892|    |      |16|00|049|N|000000000000|N|9|        |0|        |U-5810, Henderson St in Helena (C005810) RP 0.145 
S|30|000080|5|1|22|4U|1|T|1|3|N|1|3|L|15|N|0|0| |2|Q|L|P|000000581000|   145|46614259|112053892|    |      |16|00|049|N|000000000000|N|9|        |0|        |U-5810, Henderson St in Helena (C005810) RP 0.145 
S|30|000101|3|1|22|3R|1|T|1|3|H|1|3|M|15|T|1|5|T|2|Q|Q|P|000000000800|116234|46386344|111572719|0000|      |96|00|007|Y|000000000217|Y|2|00000012|2|        |US-12,  RP 72.3   5 MI. WEST OF TOWNSEND          
S|30|000101|7|1|22|3R|1|T|1|3|H|1|3|M|15|T|1|5|T|2|Q|Q|P|000000000800|116234|46386344|111572719|0000|      |96|00|007|Y|000000000217|Y|2|00000012|2|        |US-12,  RP 72.3   5 MI. WEST OF TOWNSEND          
S|30|000102|1|1|22|5R|1|T|1|3|H|1|3|M|15|B|1|5|T|2|Q|L|P|000000031400|247400|45009015|106879915|0000|000102|10|00|003|N|000000000000|N|3|00000314|0|        |S-314 RP 1.5   NEAR DECKER                        
S|30|000102|5|1|22|5R|1|T|1|3|H|1|3|M|15|B|1|5|T|2|Q|L|P|000000031400|247400|45009015|106879915|0000|000102|10|00|003|N|000000000000|N|3|00000314|0|        |S-314 RP 1.5   NEAR DECKER                        
S|30|000103|3|1|22|1R|1|T|1|3|H|1|3|M|15|T|1|5|T|2|Q|Q|P|000000009400|312052|46916999|104982281|0000|      |97|00|021|N|000000000000|Y|1|00000094|0|        |I-94,  RP 194.7,  BAD ROUTE                       
S|30|000103|3|2|22|1R|1|T|1|3|H|1|3|M|15|T|1|5|T|2|Q|Q|P|000000009400|312052|46916999|104982281|0000|      |97|00|021|N|000000000000|Y|1|00000094|0|        |I-94,  RP 194.7,  BAD ROUTE                       
S|30|000103|7|1|22|1R|1|T|1|3|H|1|3|M|15|T|1|5|T|2|Q|Q|P|000000009400|312052|46916999|104982281|0000|      |97|00|021|N|000000000000|Y|1|00000094|0|        |I-94,  RP 194.7,  BAD ROUTE                       
S|30|000103|7|2|22|1R|1|T|1|3|H|1|3|M|15|T|1|5|T|2|Q|Q|P|000000009400|312052|46916999|104982281|0000|      |97|00|021|N|000000000000|Y|1|00000094|0|        |I-94,  RP 194.7,  BAD ROUTE                       
S|30|000104|3|1|22|1R|1|T|1|3|H|1|3|M|15|T|1|5|T|2|Q|Q|P|000000009000|459623|45861283|111358196|0000|      |96|00|031|Y|000000000665|Y|1|00000090|0|        |I-90,  RP 287.4,  5 MI. WEST OF MANHATTAN         
S|30|000104|3|2|22|1R|1|T|1|3|H|1|3|M|15|T|1|5|T|2|Q|Q|P|000000009000|459623|45861283|111358196|0000|      |96|00|031|Y|000000000665|Y|1|00000090|0|        |I-90,  RP 287.4,  5 MI. WEST OF MANHATTAN         
S|30|000104|7|1|22|1R|1|T|1|3|H|1|3|M|15|T|1|5|T|2|Q|Q|P|000000009000|459623|45861283|111358196|0000|      |96|00|031|Y|000000000665|Y|1|00000090|0|        |I-90,  RP 287.4,  5 MI. WEST OF MANHATTAN         
S|30|000104|7|2|22|1R|1|T|1|3|H|1|3|M|15|T|1|5|T|2|Q|Q|P|000000009000|459623|45861283|111358196|0000|      |96|00|031|Y|000000000665|Y|1|00000090|0|        |I-90,  RP 287.4,  5 MI. WEST OF MANHATTAN         
S|30|000107|1|1|22|3R|1|T|1|3|H|1|3|M|15|T|1|5|T|2|Q|Q|P|000000005000|120725|45569473|111196832|0000|      |97|00|031|Y|000000000498|Y|2|00000191|0|        |US 191, RP 74.8, GALLATION NORTH OF COTTONWOOD RD.
S|30|000107|5|1|22|3R|1|T|1|3|H|1|3|M|15|T|1|5|T|2|Q|Q|P|000000005000|120725|45569473|111196832|0000|      |97|00|031|Y|000000000498|Y|2|00000191|0|        |US 191, RP 74.8, GALLATION NORTH OF COTTONWOOD RD.
S|30|000110|1|1|22|3R|1|T|1|3|H|1|3|M|15|T|1|5|T|2|Q|Q|P|000000005300|529620|46108923|108879026|0000|      |97|00|111|Y|000000000513|Y|3|00000003|0|        |MT-3,  RP 32.5,  NORTH OF BROADVIEW               
S|30|000110|5|1|22|3R|1|T|1|3|H|1|3|M|15|T|1|5|T|2|Q|Q|P|000000005300|529620|46108923|108879026|0000|      |97|00|111|Y|000000000513|Y|3|00000003|0|        |MT-3,  RP 32.5,  NORTH OF BROADVIEW               
S|30|000111|3|1|22|4R|1|T|1|3|H|1|3|M|15|B|1|5|T|2|Q|Q|P|000000000200|224540|46401062|105640979|6004|      |98|00|017|Y|000000000117|N|2|00000012|0|        |US 12,  RP 14.0,   EAST OF GOV HILL,  MILES CITY  
S|30|000111|7|1|22|4R|1|T|1|3|H|1|3|M|15|B|1|5|T|2|Q|Q|P|000000000200|224540|46401062|105640979|6004|      |98|00|017|Y|000000000117|N|2|00000012|0|        |US 12,  RP 14.0,   EAST OF GOV HILL,  MILES CITY  
S|30|000113|3|1|22|3R|1|T|1|3|H|1|3|M|15|B|1|5|T|2|Q|Q|P|000000001400|230851|46306405|108992242|8129|      |99|00|037|N|000000000000|Y|2|00000012|3|        |US 12, RP 143.5 , 1 MI. WEST OF MT 3              
S|30|000113|7|1|22|3R|1|T|1|3|H|1|3|M|15|B|1|5|T|2|Q|Q|P|000000001400|230851|46306405|108992242|8129|      |99|00|037|N|000000000000|Y|2|00000012|3|        |US 12, RP 143.5 , 1 MI. WEST OF MT 3              
S|30|000114|3|1|22|3R|1|T|1|3|H|1|3|M|15|B|1|5|T|2|Q|Q|P|000000005700|565420|47158349|110249331|1001|      |99|00|045|N|000000000000|Y|2|00000087|3|        |US 87,  RP 35.1,  WEST OF  STANFORD               
S|30|000114|7|1|22|3R|1|T|1|3|H|1|3|M|15|B|1|5|T|2|Q|Q|P|000000005700|565420|47158349|110249331|1001|      |99|00|045|N|000000000000|Y|2|00000087|3|        |US 87,  RP 35.1,  WEST OF  STANFORD               
S|30|000115|3|1|22|3R|1|T|1|3|H|1|3|M|15|T|1|5|T|2|Q|L|P|000000001000|496990|47805077|110873297|    |      |99|00|015|Y|000000000235|Y|2|00000087|0|        |US-87, near Fort Benton N-10 (                    
S|30|000115|7|1|22|3R|1|T|1|3|H|1|3|M|15|T|1|5|T|2|Q|L|P|000000001000|496990|47805077|110873297|    |      |99|00|015|Y|000000000235|Y|2|00000087|0|        |US-87, near Fort Benton N-10 (                    
S|30|000116|3|1|22|3R|1|T|1|3|H|1|3|M|15|T|1|5|T|2|Q|Q|P|000000000100|630827|48564722|109468210|0000|      |99|00|041|Y|000000000070|Y|2|00000002|0|        |US 2,  RP 392.2,  EAST OF HAVRE                   
S|30|000116|3|2|22|3R|1|T|1|3|H|1|3|M|15|T|1|5|T|2|Q|Q|P|000000000100|630827|48564722|109468210|0000|      |99|00|041|Y|000000000070|Y|2|00000002|0|        |US 2,  RP 392.2,  EAST OF HAVRE                   
S|30|000116|7|1|22|3R|1|T|1|3|H|1|3|M|15|T|1|5|T|2|Q|Q|P|000000000100|630827|48564722|109468210|0000|      |99|00|041|Y|000000000070|Y|2|00000002|0|        |US 2,  RP 392.2,  EAST OF HAVRE                   
S|30|000117|1|1|22|3R|1|T|1|3|H|1|3|M|15|T|1|5|T|2|Q|Q|P|000000002900|791110|45634107|112308043|0000|      |99|00|057|N|000000000000|Y|3|00000287|0|        |MT-41, near Twin Bridges N-29 (C000029) RP 49.2   
S|30|000117|5|1|22|3R|1|T|1|3|H|1|3|M|15|T|1|5|T|2|Q|Q|P|000000002900|791110|45634107|112308043|0000|      |99|00|057|N|000000000000|Y|3|00000287|0|        |MT-41, near Twin Bridges N-29 (C000029) RP 49.2   
S|30|000118|3|1|22|4R|1|T|1|3|H|1|3|M|15|T|1|5|T|2|Q|Q|P|000000000600|135619|47362208|114789716|0000|      |99|00|089|N|000000000000|N|3|00000200|0|        |MT 200, RP 84.3,  3 MI. EAST OF  PARADISE         
S|30|000118|7|1|22|4R|1|T|1|3|H|1|3|M|15|T|1|5|T|2|Q|Q|P|000000000600|135619|47362208|114789716|0000|      |99|00|089|N|000000000000|N|3|00000200|0|        |MT 200, RP 84.3,  3 MI. EAST OF  PARADISE         
S|30|000120|3|1|22|1R|1|T|1|3|H|1|3|M|15|B|1|5|T|2|Q|Q|P|000000009000|666643|45598974|109116484|7066|000108|01|00|095|Y|000000000690|Y|1|00000090|0|        |I-90, RP 416.25,  COLUMBUS                        
S|30|000120|3|2|22|1R|1|T|1|3|H|1|3|M|15|B|1|5|T|2|Q|Q|P|000000009000|666643|45598974|109116484|7066|000108|01|00|095|Y|000000000690|Y|1|00000090|0|        |I-90, RP 416.25,  COLUMBUS                        
S|30|000120|7|1|22|1R|1|T|1|3|H|1|3|M|15|B|1|5|T|2|Q|Q|P|000000009000|666643|45598974|109116484|7066|000108|01|00|095|Y|000000000690|Y|1|00000090|0|        |I-90, RP 416.25,  COLUMBUS                        
S|30|000120|7|2|22|1R|1|T|1|3|H|1|3|M|15|B|1|5|T|2|Q|Q|P|000000009000|666643|45598974|109116484|7066|000108|01|00|095|Y|000000000690|Y|1|00000090|0|        |I-90, RP 416.25,  COLUMBUS                        
S|30|000121|3|1|22|1R|1|T|1|3|H|1|3|M|15|T|1|5|T|2|Q|Q|P|000000009000|192573|46797778|113763833|0000|000001|01|00|063|Y|000000001366|Y|1|00000090|2|        |I-90,  RP 119.5,   SOUTH OF TURAH                 
S|30|000121|3|2|22|1R|1|T|1|3|H|1|3|M|15|T|1|5|T|2|Q|Q|P|000000009000|192573|46797778|113763833|0000|000001|01|00|063|Y|000000001366|Y|1|00000090|2|        |I-90,  RP 119.5,   SOUTH OF TURAH                 
S|30|000121|7|1|22|1R|1|T|1|3|H|1|3|M|15|T|1|5|T|2|Q|Q|P|000000009000|192573|46797778|113763833|0000|000001|01|00|063|Y|000000001366|Y|1|00000090|2|        |I-90,  RP 119.5,   SOUTH OF TURAH                 
S|30|000121|7|2|22|1R|1|T|1|3|H|1|3|M|15|T|1|5|T|2|Q|Q|P|000000009000|192573|46797778|113763833|0000|000001|01|00|063|Y|000000001366|Y|1|00000090|2|        |I-90,  RP 119.5,   SOUTH OF TURAH                 
S|30|000122|1|1|22|1R|1|T|1|3|H|1|3|M|15|T|1|5|T|2|Q|Q|P|000000001500|105852|45238807|112639360|    |      |01|00|001|N|000000000000|Y|1|00000015|0|        |I-15,  RP 65.7,  NORTH OF DILLON                  
S|30|000122|1|2|22|1R|1|T|1|3|H|1|3|M|15|T|1|5|T|2|Q|Q|P|000000001500|105852|45238807|112639360|    |      |01|00|001|N|000000000000|Y|1|00000015|0|        |I-15,  RP 65.7,  NORTH OF DILLON                  
S|30|000122|5|1|22|1R|1|T|1|3|H|1|3|M|15|T|1|5|T|2|Q|Q|P|000000001500|105852|45238807|112639360|    |      |01|00|001|N|000000000000|Y|1|00000015|0|        |I-15,  RP 65.7,  NORTH OF DILLON                  
S|30|000122|5|2|22|1R|1|T|1|3|H|1|3|M|15|T|1|5|T|2|Q|Q|P|000000001500|105852|45238807|112639360|    |      |01|00|001|N|000000000000|Y|1|00000015|0|        |I-15,  RP 65.7,  NORTH OF DILLON                  
S|30|000123|3|1|22|1R|1|T|1|3|H|1|3|M|15|T|1|5|T|2|Q|Q|P|000000009000|734651|45824561|108387279|0000|      |01|00|111|Y|000000001465|Y|1|00000090|2|        |I-90, RP 458.65, SOUTH OF BILLINGS, PINE HILL     
S|30|000123|3|2|22|1R|1|T|1|3|H|1|3|M|15|T|1|5|T|2|Q|Q|P|000000009000|734651|45824561|108387279|0000|      |01|00|111|Y|000000001465|Y|1|00000090|2|        |I-90, RP 458.65, SOUTH OF BILLINGS, PINE HILL     
S|30|000123|7|1|22|1R|1|T|1|3|H|1|3|M|15|T|1|5|T|2|Q|Q|P|000000009000|734651|45824561|108387279|0000|      |01|00|111|Y|000000001465|Y|1|00000090|2|        |I-90, RP 458.65, SOUTH OF BILLINGS, PINE HILL     
S|30|000123|7|2|22|1R|1|T|1|3|H|1|3|M|15|T|1|5|T|2|Q|Q|P|000000009000|734651|45824561|108387279|0000|      |01|00|111|Y|000000001465|Y|1|00000090|2|        |I-90, RP 458.65, SOUTH OF BILLINGS, PINE HILL     
S|30|000124|3|1|22|1R|1|T|1|3|H|1|3|M|15|T|1|5|T|2|Q|Q|P|000000009000|408271|45871996|111970484|0000|      |01|00|043|Y|000000000663|Y|1|00000090|0|        |I-90, RP 255.6,   EAST OF MT 69  CARDWELL         
S|30|000124|3|2|22|1R|1|T|1|3|H|1|3|M|15|T|1|5|T|2|Q|Q|P|000000009000|408271|45871996|111970484|0000|      |01|00|043|Y|000000000663|Y|1|00000090|0|        |I-90, RP 255.6,   EAST OF MT 69  CARDWELL         
S|30|000124|7|1|22|1R|1|T|1|3|H|1|3|M|15|T|1|5|T|2|Q|Q|P|000000009000|408271|45871996|111970484|0000|      |01|00|043|Y|000000000663|Y|1|00000090|0|        |I-90, RP 255.6,   EAST OF MT 69  CARDWELL         
S|30|000124|7|2|22|1R|1|T|1|3|H|1|3|M|15|T|1|5|T|2|Q|Q|P|000000009000|408271|45871996|111970484|0000|      |01|00|043|Y|000000000663|Y|1|00000090|0|        |I-90, RP 255.6,   EAST OF MT 69  CARDWELL         
S|30|000125|1|1|22|1R|1|T|1|3|H|1|3|M|15|B|1|5|T|2|Q|Q|P|000000001500|372231|47048795|111997466|0100|000007|01|00|049|N|000000000000|Y|1|00000015|0|        |I-15,  RP 231.9  NORTH OF US 287, WOLF CREEK      
S|30|000125|1|2|22|1R|1|T|1|3|H|1|3|M|15|B|1|5|T|2|Q|Q|P|000000001500|372231|47048795|111997466|0100|000007|01|00|049|N|000000000000|Y|1|00000015|0|        |I-15,  RP 231.9  NORTH OF US 287, WOLF CREEK      
S|30|000125|5|1|22|1R|1|T|1|3|H|1|3|M|15|B|1|5|T|2|Q|Q|P|000000001500|372231|47048795|111997466|0100|000007|01|00|049|N|000000000000|Y|1|00000015|0|        |I-15,  RP 231.9  NORTH OF US 287, WOLF CREEK      
S|30|000125|5|2|22|1R|1|T|1|3|H|1|3|M|15|B|1|5|T|2|Q|Q|P|000000001500|372231|47048795|111997466|0100|000007|01|00|049|N|000000000000|Y|1|00000015|0|        |I-15,  RP 231.9  NORTH OF US 287, WOLF CREEK      
S|30|000126|7|1|22|3R|1|N|1|3|N|1|3|L|15|T|1|5|T|2|Q|Q|P|000000027300|206300|47341531|110885274|0000|      |01|00|013|N|000000000000|Y|2|00000087|3|        |US 87, RP .75, SOUTH OF US 89 ARMINGTON           
S|30|000127|1|1|22|3R|1|T|1|3|H|1|3|M|15|T|1|5|T|2|Q|Q|P|000000006000|116360|47361040|110906166|0000|      |01|00|013|Y|000000000566|Y|2|00000087|2|        |US-89, West Armington N-60 (C000060) RP 71.9      
S|30|000127|5|1|22|3R|1|T|1|3|H|1|3|M|15|T|1|5|T|2|Q|Q|P|000000006000|116360|47361040|110906166|0000|      |01|00|013|Y|000000000566|Y|2|00000087|2|        |US-89, West Armington N-60 (C000060) RP 71.9      
S|30|000128|1|1|22|4R|1|T|1|3|H|1|3|M|15|T|1|5|T|2|Q|Q|P|000000006900|432990|46130486|111971409|    |      |05|00|043|N|000000000000|N|3|00000069|0|        |MT 69, RP 27.14,  SOUTH OF BOULDER                
S|30|000128|5|1|22|4R|1|T|1|3|H|1|3|M|15|T|1|5|T|2|Q|Q|P|000000006900|432990|46130486|111971409|    |      |05|00|043|N|000000000000|N|3|00000069|0|        |MT 69, RP 27.14,  SOUTH OF BOULDER                
S|30|000129|1|1|22|1U|1|T|1|3|H|1|3|M|15|T|1|5|T|2|Q|Q|P|000000001500|201907|45993352|112557139|    |      |07|00|093|Y|000000001408|Y|1|00000015|1|        |I 15  I 90, RP 125.4,  BUTTE ROCKER               
S|30|000129|1|2|22|1U|1|T|1|3|H|1|3|M|15|T|1|5|T|2|Q|Q|P|000000001500|201907|45993352|112557139|    |      |07|00|093|Y|000000001408|Y|1|00000015|1|        |I 15  I 90, RP 125.4,  BUTTE ROCKER               
S|30|000129|5|1|22|1U|1|T|1|3|H|1|3|M|15|T|1|5|T|2|Q|Q|P|000000001500|201907|45993352|112557139|    |      |07|00|093|Y|000000001408|Y|1|00000015|1|        |I 15  I 90, RP 125.4,  BUTTE ROCKER               
S|30|000129|5|2|22|1U|1|T|1|3|H|1|3|M|15|T|1|5|T|2|Q|Q|P|000000001500|201907|45993352|112557139|    |      |07|00|093|Y|000000001408|Y|1|00000015|1|        |I 15  I 90, RP 125.4,  BUTTE ROCKER               
S|30|000130|3|1|22|3R|1|T|1|3|H|1|3|M|15|T|1|5|T|2|Q|Q|P|000000000100|357720|48540480|112999282|    |      |05|00|035|N|000000000000|Y|2|00000002|2|        |US 2, RP 222.06,  .5 MI. WEST OF US 89, E BROWNING
S|30|000130|7|1|22|3R|1|T|1|3|H|1|3|M|15|T|1|5|T|2|Q|Q|P|000000000100|357720|48540480|112999282|    |      |05|00|035|N|000000000000|Y|2|00000002|2|        |US 2, RP 222.06,  .5 MI. WEST OF US 89, E BROWNING
S|30|000131|3|1|22|1R|1|T|1|3|H|1|3|M|15|T|1|5|T|2|Q|Q|P|000000009400|389813|46988287|104168157|    |000025|06|00|109|Y|000000000774|Y|1|00000094|0|        |I 94,  RP 243,  SOUTH OF MT 7,   WIBAUX           
S|30|000131|3|2|22|1R|1|T|1|3|H|1|3|M|15|T|1|5|T|2|Q|Q|P|000000009400|389813|46988287|104168157|    |000025|06|00|109|Y|000000000774|Y|1|00000094|0|        |I 94,  RP 243,  SOUTH OF MT 7,   WIBAUX           
S|30|000131|7|1|22|1R|1|T|1|3|H|1|3|M|15|T|1|5|T|2|Q|Q|P|000000009400|389813|46988287|104168157|    |000025|06|00|109|Y|000000000774|Y|1|00000094|0|        |I 94,  RP 243,  SOUTH OF MT 7,   WIBAUX           
S|30|000131|7|2|22|1R|1|T|1|3|H|1|3|M|15|T|1|5|T|2|Q|Q|P|000000009400|389813|46988287|104168157|    |000025|06|00|109|Y|000000000774|Y|1|00000094|0|        |I 94,  RP 243,  SOUTH OF MT 7,   WIBAUX           
S|30|000132|3|1|22|3R|1|T|1|3|H|1|3|M|15|T|1|5|T|2|Q|Q|P|000000002400|504870|46992726|113392217|    |      |06|00|063|Y|000000001339|Y|3|00000200|0|        |MT-200,  RP 30.7,  SW OF MT 83 CLEARWATER         
S|30|000132|7|1|22|3R|1|T|1|3|H|1|3|M|15|T|1|5|T|2|Q|Q|P|000000002400|504870|46992726|113392217|    |      |06|00|063|Y|000000001339|Y|3|00000200|0|        |MT-200,  RP 30.7,  SW OF MT 83 CLEARWATER         
S|30|000133|1|1|22|3R|1|T|1|3|H|1|3|M|15|T|1|5|T|2|Q|Q|P|000000000500|124748|47835679|114336176|    |000062|08|00|047|Y|000000000154|Y|2|00000093|0|        |US-93, RP 78.1  .8 MI NORTH OF MT 23,  ELMO       
S|30|000133|5|1|22|3R|1|T|1|3|H|1|3|M|15|T|1|5|T|2|Q|Q|P|000000000500|124748|47835679|114336176|    |000062|08|00|047|Y|000000000154|Y|2|00000093|0|        |US-93, RP 78.1  .8 MI NORTH OF MT 23,  ELMO       
S|30|000134|1|1|22|5R|1|T|1|3|H|1|3|M|15|T|1|5|T|2|Q|Q|P|000000023200|625910|48943133|110215097|    |      |08|00|041|N|000000000000|N|3|00000232|0|        |S-232, RP 39.4,  SOUTH OF CANADA BORDER           
S|30|000134|5|1|22|5R|1|T|1|3|H|1|3|M|15|T|1|5|T|2|Q|Q|P|000000023200|625910|48943133|110215097|    |      |08|00|041|N|000000000000|N|3|00000232|0|        |S-232, RP 39.4,  SOUTH OF CANADA BORDER           
S|30|000135|1|1|22|3R|1|T|1|3|H|1|3|M|15|T|1|5|T|2|Q|Q|P|000000009900|818350|48957582|107818428|    |      |08|00|071|Y|000000001554|Y|2|00000191|0|        |US 191, RP 50.9 PORT OF MORGAN, CANADIAN BORDER   
S|30|000135|5|1|22|3R|1|T|1|3|H|1|3|M|15|T|1|5|T|2|Q|Q|P|000000009900|818350|48957582|107818428|    |      |08|00|071|Y|000000001554|Y|2|00000191|0|        |US 191, RP 50.9 PORT OF MORGAN, CANADIAN BORDER   
S|30|000136|1|1|22|1R|1|T|1|3|H|1|3|M|15|T|1|5|T|2|Q|Q|P|000000001500|627491|48914123|111919684|    |      |09|00|101|Y|000000001549|Y|1|00000015|0|        |I-15, RP 392, 2 mi NW of Sunburst Int.            
S|30|000136|1|2|22|1R|1|T|1|3|H|1|3|M|15|T|1|5|T|2|Q|Q|P|000000001500|627491|48914123|111919684|    |      |09|00|101|Y|000000001549|Y|1|00000015|0|        |I-15, RP 392, 2 mi NW of Sunburst Int.            
S|30|000136|5|1|22|1R|1|T|1|3|H|1|3|M|15|T|1|5|T|2|Q|Q|P|000000001500|627491|48914123|111919684|    |      |09|00|101|Y|000000001549|Y|1|00000015|0|        |I-15, RP 392, 2 mi NW of Sunburst Int.            
S|30|000136|5|2|22|1R|1|T|1|3|H|1|3|M|15|T|1|5|T|2|Q|Q|P|000000001500|627491|48914123|111919684|    |      |09|00|101|Y|000000001549|Y|1|00000015|0|        |I-15, RP 392, 2 mi NW of Sunburst Int.            
S|30|000137|3|1|22|1R|1|T|1|3|H|1|3|M|15|T|1|5|T|2|Q|Q|P|000000009000|513520|47299974|115127479|    |      |10|00|061|N|000000000000|Y|1|00000090|0|        |I-90, RP 32.2, 1 mi W of MT-135 in ST Regis       
S|30|000137|3|2|22|1R|1|T|1|3|H|1|3|M|15|T|1|5|T|2|Q|Q|P|000000009000|513520|47299974|115127479|    |      |10|00|061|N|000000000000|Y|1|00000090|0|        |I-90, RP 32.2, 1 mi W of MT-135 in ST Regis       
S|30|000137|7|1|22|1R|1|T|1|3|H|1|3|M|15|T|1|5|T|2|Q|Q|P|000000009000|513520|47299974|115127479|    |      |10|00|061|N|000000000000|Y|1|00000090|0|        |I-90, RP 32.2, 1 mi W of MT-135 in ST Regis       
S|30|000137|7|2|22|1R|1|T|1|3|H|1|3|M|15|T|1|5|T|2|Q|Q|P|000000009000|513520|47299974|115127479|    |      |10|00|061|N|000000000000|Y|1|00000090|0|        |I-90, RP 32.2, 1 mi W of MT-135 in ST Regis       
S|30|000138|1|1|22|3R|1|T|1|3|H|1|3|M|15|T|1|5|T|2|Q|Q|P|000000003400|183940|48938797|104574623|    |      |11|00|091|Y|000000001421|Y|3|00000016|0|        |MT-16,  RP 11.3,    N. of Plentywood              
S|30|000138|5|1|22|3R|1|T|1|3|H|1|3|M|15|T|1|5|T|2|Q|Q|P|000000003400|183940|48938797|104574623|    |      |11|00|091|Y|000000001421|Y|3|00000016|0|        |MT-16,  RP 11.3,    N. of Plentywood              
S|30|000141|3|1|22|4R|1|T|1|3|H|1|3|M|15|T|1|5|T|2|Q|L|P|000000008400|295140|45649195|111391978|    |      |12|00|031|N|000000000000|N|3|00000084|0|        |MT-84, RP 18.4,  7.5 MI W. of S-288               
S|30|000141|7|1|22|4R|1|T|1|3|H|1|3|M|15|T|1|5|T|2|Q|L|P|000000008400|295140|45649195|111391978|    |      |12|00|031|N|000000000000|N|3|00000084|0|        |MT-84, RP 18.4,  7.5 MI W. of S-288               
S|30|000142|1|1|22|1R|1|T|1|3|H|1|3|M|15|T|1|5|T|2|P|L|P|000000001500|250140|44635713|112597713|    |      |12|00|001|Y|000000000272|Y|1|00000015|0|        |I-15, RP 15.5,  South of Lima                     
S|30|000142|1|2|22|1R|1|T|1|3|H|1|3|M|15|T|1|5|T|2|P|L|P|000000001500|250140|44635713|112597713|    |      |12|00|001|Y|000000000272|Y|1|00000015|0|        |I-15, RP 15.5,  South of Lima                     
S|30|000142|5|1|22|1R|1|T|1|3|H|1|3|M|15|T|1|5|T|2|P|L|P|000000001500|250140|44635713|112597713|    |      |12|00|001|Y|000000000272|Y|1|00000015|0|        |I-15, RP 15.5,  South of Lima                     
S|30|000142|5|2|22|1R|1|T|1|3|H|1|3|M|15|T|1|5|T|2|P|L|P|000000001500|250140|44635713|112597713|    |      |12|00|001|Y|000000000272|Y|1|00000015|0|        |I-15, RP 15.5,  South of Lima                     
S|30|000143|1|1|22|4R|2|T|1|3|H|1|3|M|15|T|1|5|T|2|Q|L|P|000000001300|633360|45160011|111678428|    |      |13|00|057|N|000000000000|N|2|00000287|0|        |US-287, S. of Cameron, (C000013) RP 30.05         
S|30|000143|5|1|22|4R|2|T|1|3|H|1|3|M|15|T|1|5|T|2|Q|L|P|000000001300|633360|45160011|111678428|    |      |13|00|057|N|000000000000|N|2|00000287|0|        |US-287, S. of Cameron, (C000013) RP 30.05         
S|30|000144|1|1|22|3R|2|T|1|3|H|1|3|M|15|T|1|5|T|2|Q|L|P|000000001600|189460|46046000|108467000|    |      |13|00|111|N|000000000000|Y|2|00000087|0|        |N-16 US-87 South of Roundup                       
S|30|000144|5|1|22|3R|2|T|1|3|H|1|3|M|15|T|1|5|T|2|Q|L|P|000000001600|189460|46046000|108467000|    |      |13|00|111|N|000000000000|Y|2|00000087|0|        |N-16 US-87 South of Roundup                       
S|30|000145|1|1|22|3R|1|T|1|3|H|1|3|M|15|T|1|5|T|2|Q|L|P|000000002000|202895|47333696|104481120|    |      |13|00|083|N|000000000000|Y|3|00000016|0|        |N-20 MT-16 RP 21.3, North of Glendive             
S|30|000145|1|2|22|3R|1|T|1|3|H|1|3|M|15|T|1|5|T|2|Q|L|P|000000002000|202895|47333696|104481120|    |      |13|00|083|N|000000000000|Y|3|00000016|0|        |N-20 MT-16 RP 21.3, North of Glendive             
S|30|000145|5|1|22|3R|1|T|1|3|H|1|3|M|15|T|1|5|T|2|Q|L|P|000000002000|202895|47333696|104481120|    |      |13|00|083|N|000000000000|Y|3|00000016|0|        |N-20 MT-16 RP 21.3, North of Glendive             
S|30|000145|5|2|22|3R|1|T|1|3|H|1|3|M|15|T|1|5|T|2|Q|L|P|000000002000|202895|47333696|104481120|    |      |13|00|083|N|000000000000|Y|3|00000016|0|        |N-20 MT-16 RP 21.3, North of Glendive             
S|30|000146|3|1|22|1R|4|T|1|3|H|1|3|M|15|T|1|5|T|2|Q|Q|P|000000009000|101590|47410922|115515833|    |      |14|00|061|Y|000000000624|Y|1|00000090|0|        |I-90 West of Haugan (C000090) R.P. 10.0           
S|30|000146|3|2|22|1R|4|T|1|3|H|1|3|M|15|T|1|5|T|2|Q|Q|P|000000009000|101590|47410922|115515833|    |      |14|00|061|Y|000000000624|Y|1|00000090|0|        |I-90 West of Haugan (C000090) R.P. 10.0           
S|30|000146|7|1|22|1R|4|T|1|3|H|1|3|M|15|T|1|5|T|2|Q|Q|P|000000009000|101590|47410922|115515833|    |      |14|00|061|Y|000000000624|Y|1|00000090|0|        |I-90 West of Haugan (C000090) R.P. 10.0           
S|30|000146|7|2|22|1R|4|T|1|3|H|1|3|M|15|T|1|5|T|2|Q|Q|P|000000009000|101590|47410922|115515833|    |      |14|00|061|Y|000000000624|Y|1|00000090|0|        |I-90 West of Haugan (C000090) R.P. 10.0           
S|30|000147|3|1|22|3R|1|T|1|3|H|1|3|M|15|T|1|5|T|2|Q|Q|P|000000000100| 18504|48443062|115820374|    |      |16|00|053|Y|000000000006|Y|2|00000002|0|        |US 2, RP 18.48, E of Troy (C000001)               
S|30|000147|7|1|22|3R|1|T|1|3|H|1|3|M|15|T|1|5|T|2|Q|Q|P|000000000100| 18504|48443062|115820374|    |      |16|00|053|Y|000000000006|Y|2|00000002|0|        |US 2, RP 18.48, E of Troy (C000001)               
S|30|000148|3|1|22|4R|1|T|1|3|H|1|3|M|15|T|1|5|T|1|Q|Q|P|000000005700| 58511|47698517|104442209|    |      |16|00|083|N|000000000000|N|3|00000200|0|        |MT-200, 12.5 mi W of MT-16, P-51 (C000051) RP 58.6
S|30|000148|7|1|22|4R|1|T|1|3|H|1|3|M|15|T|1|5|T|1|Q|Q|P|000000005700| 58511|47698517|104442209|    |      |16|00|083|N|000000000000|N|3|00000200|0|        |MT-200, 12.5 mi W of MT-16, P-51 (C000051) RP 58.6
S|30|000149|3|1|22|3R|1|T|1|3|H|1|3|M|15|T|1|5|T|2|Q|Q|P|000000002400|119384|46970818|112568206|    |      |16|00|049|N|000000000000|Y|3|00000200|0|        |MT 200, RP 77, 5.5 Miles E of Lincoln             
S|30|000149|7|1|22|3R|1|T|1|3|H|1|3|M|15|T|1|5|T|2|Q|Q|P|000000002400|119384|46970818|112568206|    |      |16|00|049|N|000000000000|Y|3|00000200|0|        |MT 200, RP 77, 5.5 Miles E of Lincoln             
S|30|000203|3|1|22|1U|1|T|1|3|H|1|3|M|15|T|1|5|T|2|Q|Q|P|000000009000|701501|45686007|108697576|    |      |00|00|111|Y|000000000698|Y|1|000090  |0|        |I-90, near Mossmain (C000090) RP 438              
S|30|000203|3|2|22|1U|1|T|1|3|H|1|3|M|15|T|1|5|T|2|Q|Q|P|000000009000|701501|45686007|108697576|    |      |00|00|111|Y|000000000698|Y|1|000090  |0|        |I-90, near Mossmain (C000090) RP 438              
S|30|000203|7|1|22|1U|1|T|1|3|H|1|3|M|15|T|1|5|T|2|Q|Q|P|000000009000|701501|45686007|108697576|    |      |00|00|111|Y|000000000698|Y|1|000090  |0|        |I-90, near Mossmain (C000090) RP 438              
S|30|000203|7|2|22|1U|1|T|1|3|H|1|3|M|15|T|1|5|T|2|Q|Q|P|000000009000|701501|45686007|108697576|    |      |00|00|111|Y|000000000698|Y|1|000090  |0|        |I-90, near Mossmain (C000090) RP 438              
S|30|0W-204|3|1|22|3R|1|T|1|3|H|1|3|F|15|T|1|5|D|2|Q|L|E|            |      |45428609|105405028|    |      |20|00|000|N|         415|N|2|00US 212|2|000MT 59|US 212                                            
S|30|0W-204|7|1|22|3R|1|T|1|3|H|1|3|F|15|T|1|5|D|2|Q|L|E|            |      |45428609|105405028|    |      |20|00|000|N|         415|N|2|00US 212|2|000MT 59|US 212                                            
S|30|N2305N|1|1|22|4R|1|T|1|3| |0|0| |13| |0|0| |2|L| |P|00000000GLAC|  2671|48506999|113987417|    |      |94|00|035|N|            |N|9|   0010W|9|        |From Park Boundary To Camas Rd                    
S|30|N2305N|5|1|22|4R|1|T|1|3| |0|0| |13| |0|0| |2|L| |P|00000000GLAC|  2671|48506999|113987417|    |      |94|00|035|N|            |N|9|   0010W|9|        |From Park Boundary To Camas Rd                    
S|30|n2307e|3|1|22|4R|1|T|1|3| |0|0| |13| |0|0| |2|L| |P|00000000GLAC| 79574|48746926|113439358|    |      |94|00|035|N|            |N|9|   0010W|9|        |St Mary Entrance                                  
S|30|n2307e|7|1|22|4R|1|T|1|3| |0|0| |13| |0|0| |2|L| |P|00000000GLAC| 79574|48746926|113439358|    |      |94|00|035|N|            |N|9|   0010W|9|        |St Mary Entrance                                  
