Record_Type|Year_Record|State_Code|Station_Id|Travel_Dir|Travel_Lane|F_System|Num_Lanes|Sample_Type_Volume|Num_Lanes_Volume|Method_Volume|Sample_Type_Class|Num_Lanes_Class|Method_Class|Algorithm_Volume|Num_Classes|Sample_Type_Truck|Num_Lanes_Truck|Method_Truck|Calibration|Data_Retrieval|Type_Sensor_1|Type_Sensor_2|Primary_Purpose|LRS_Id|LRS_Point|Latitude|Longitude|SHRP_Id|Prev_Station_Id|Year_Established|Year_Discontinued|County_Code|Is_Sample|Sample_Id|NHS|Posted_Route_Signing|Posted_Signed_Route|Con_Route_Signing|Con_Signed_Route|Station_Location
S|38|000001|3|1|22|1R|2|N|2|3|H|2|3|K|15|T|2|5|T|2|Q| |P|000000000000| 34700|46889310|103349200|    |      |03|00|007|N|            |Y|1|00000000|0|        |Interstate 94, RP 34 @.7 - EB Lanes O             
S|38|000001|3|2|22|1R|2|N|2|3|H|2|3|K|15|T|2|5|T|2|Q| |P|000000000000| 34700|46889310|103349200|    |      |03|00|007|N|            |Y|1|00000000|0|        |Interstate 94, RP 34 @.7 - EB Lanes O             
S|38|000002|1|1|22|3R|1|N|1|3|H|1|3|K|15|T|1|5|T|2|Q| |L|000000000000| 12200|46117000|103411000|    |      |03|00|011|N|            |Y|2|00000000|0|        |Highway 85, RP 12 offset .2 - South o             
S|38|000002|5|2|22|3R|1|N|1|3|H|1|3|M|13|N|1|5|T|2|Q|Z|O|000000008500| 12200|46117000|103411000|    |000000|03|00|011|Y|000085011333|Y|2|85      |0|        |HWY 85  - 4 MILES SOUTH OF BOWMAN                 
S|38|000004|1|1|22|1R|1|N|2|3|N|3|2|M|13|N|2|5|T|2|Q| |P|000000000000|     0|       0|        0|0000|000000|00|00|000|Y|000000000010|Y|0|04608100|0|09683500|0          2003    077N            Y0200000029Inte
S|38|000004|1|2|22|1R|1|N|2|3|N|3|2|M|13|N|2|5|T|2|Q| |P|000000000000|     0|       0|        0|0000|000000|00|00|000|Y|000000000010|Y|0|04608100|0|09683500|0          2003    077N            Y0200000029Inte
S|38|000005|3|1|22|3R|2|N|4|3|H|4|3|K|15|T|4|5|T|2|Q| |P|000000000000| 13400|48139860|103757200|    |      |14|00|105|N|            |Y|2|00000002|0|        |U.S.Highway 2, RP 13.44 West of Willi             
S|38|000005|3|2|22|3R|2|N|4|3|H|4|3|K|15|T|4|5|T|2|Q| |P|000000000000| 13400|48139860|103757200|    |      |14|00|105|N|            |Y|2|00000002|0|        |U.S.Highway 2, RP 13.44 West of Willi             
S|38|000005|7|1|22|3R|2|N|4|3|H|4|3|K|15|T|4|5|T|2|Q| |P|000000000000| 13400|48139860|103757200|    |      |14|00|105|N|            |Y|2|00000002|0|        |U.S.Highway 2, RP 13.44 West of Willi             
S|38|000005|7|2|22|3R|2|N|4|3|H|4|3|K|15|T|4|5|T|2|Q| |P|000000000000| 13400|48139860|103757200|    |      |14|00|105|N|            |Y|2|00000002|0|        |U.S.Highway 2, RP 13.44 West of Willi             
S|38|000006|1|1|22|1R|2|N|2|3|H|2|3|K|15|T|2|5|T|2|Q| |P|000000000000|207870|48867820| 97230110|    |      |04|00|067|N|            |Y|1|00000029|0|        |Interstate 29, RP 207.8 SB lanes only             
S|38|000006|1|2|22|1R|2|N|2|3|H|2|3|K|15|T|2|5|T|2|Q| |P|000000000000|207870|48867820| 97230110|    |      |04|00|067|N|            |Y|1|00000029|0|        |Interstate 29, RP 207.8 SB lanes only             
S|38|000006|5|1|22|1R|2|N|2|3|N|2|3|M|15|N|2|5|T|2|Q| |P|000000000000|207900|48867820| 97230110|    |      |04|00|067|N|            |Y|1|00000029|0|00000000|Interstate 29, RP 207.8 SB lanes only             
S|38|000006|5|2|22|1R|2|N|2|3|N|2|3|M|15|N|2|5|T|2|Q| |P|000000000000|207900|48867820| 97230110|    |      |04|00|067|N|            |Y|1|00000029|0|00000000|Interstate 29, RP 207.8 SB lanes only             
S|38|000007|3|1|22|1R|2|N|2|3|H|2|3|K|15|T|2|5|T|2|Q| |P|000000000000|347520|46847730| 96887570|    |      |04|00|017|N|            |Y|1|00000094|0|        |Interstate 94, RP 347.52 WB lanes onl             
S|38|000007|3|2|22|1R|2|N|2|3|H|2|3|K|15|T|2|5|T|2|Q| |P|000000000000|347520|46847730| 96887570|    |      |04|00|017|N|            |Y|1|00000094|0|        |Interstate 94, RP 347.52 WB lanes onl             
S|38|000007|7|1|22|1R|2|N|2|3|H|2|3|K|15|T|2|5|T|2|Q| |P|000000000000|347520|46847730| 96887570|    |      |04|00|017|N|            |Y|1|00000094|0|        |Interstate 94, RP 347.52 WB lanes onl             
S|38|000007|7|2|22|1R|2|N|2|3|H|2|3|K|15|T|2|5|T|2|Q| |P|000000000000|347520|46847730| 96887570|    |      |04|00|017|N|            |Y|1|00000094|0|        |Interstate 94, RP 347.52 WB lanes onl             
S|38|000009|1|1|22|3R|2|N|4|3|H|4|3|K|15|T|4|5|T|2|Q| |P|000000000000|120660|47225160|100933800|    |      |04|00|055|N|            |Y|2|00000083|0|        |U.S. Hwy 83, RP 120.6                             
S|38|000009|1|2|22|3R|2|N|4|3|H|4|3|K|15|T|4|5|T|2|Q| |P|000000000000|120660|47225160|100933800|    |      |04|00|055|N|            |Y|2|00000083|0|        |U.S. Hwy 83, RP 120.6                             
S|38|000009|5|1|22|3R|2|N|4|3|H|4|3|K|15|T|4|5|T|2|Q| |P|000000000000|120660|47225160|100933800|    |      |04|00|055|N|            |Y|2|00000083|0|        |U.S. Hwy 83, RP 120.6                             
S|38|000009|5|2|22|3R|2|N|4|3|H|4|3|K|15|T|4|5|T|2|Q| |P|000000000000|120660|47225160|100933800|    |      |04|00|055|N|            |Y|2|00000083|0|        |U.S. Hwy 83, RP 120.6                             
S|38|000014|3|1|22|1R|2|N|2|3|H|2|3|K|15|T|2|5|T|2|Q| |P|000000000000|165000|46838880|100656944|    |      |14|00|015|N|            |Y|1|00000094|0|        |Interstate 94 EB, RP 165.0                        
S|38|000014|3|2|22|1R|2|N|2|3|H|2|3|K|15|T|2|5|T|2|Q| |P|000000000000|165000|46838880|100656944|    |      |14|00|015|N|            |Y|1|00000094|0|        |Interstate 94 EB, RP 165.0                        
S|38|000015|3|1|22|1R|2|N|2|3|H|2|3|K|15|T|2|5|T|2|Q| |P|000000000000|169800|46837220|100555833|    |      |14|00|015|N|            |Y|1|00000094|0|        |Interstate 94 WB, RP 169.80                       
S|38|000015|3|2|22|1R|2|N|2|3|H|2|3|K|15|T|2|5|T|2|Q| |P|000000000000|169800|46837220|100555833|    |      |14|00|015|N|            |Y|1|00000094|0|        |Interstate 94 WB, RP 169.80                       
S|38|000015|7|1|22|1R|2|N|2|3|H|2|3|K|15|T|2|5|T|2|Q| |P|000000000000|      |46837220|100555833|    |      |14|00|015|N|            |Y|9|0000094I|0|        |nterstate 94 WB, RP 169.80                        
S|38|000015|7|2|22|1R|2|N|2|3|H|2|3|K|15|T|2|5|T|2|Q| |P|000000000000|      |46837220|100555833|    |      |14|00|015|N|            |Y|9|0000094I|0|        |nterstate 94 WB, RP 169.80                        
S|38|000016|1|1|22|3R|1|N|1|3|H|1|3|K|15|T|1|5|T|2|B| |E|000000000000|   177|48320000|103394900|    |      |16|00|053|N|            |Y|0|0000000H|0|        |ighway 85 south of Williston RP 176@6             
S|38|000016|9|1|22|3R|1|N|1|3|H|1|3|K|15|T|1|5|T|2|B| |E|000000000000|   177|48320000|103394900|    |      |16|00|053|N|            |Y|9|0000000H|0|        |ighway 85 south of Williston RP 176@6             
S|38|000101|1|1|22|5R|1|T|2|3|N|2|3|G|13| |0|0| |2|L|P|O|000000000000|     0|48233500|101209500|    |000000|14|00|101|N|            |N|5|5145    |0|        |CMC 5145 - 0.3 MILES NORTH OF US2                 
S|38|000101|5|2|22|5R|1|T|2|3|N|2|3|G|13| |0|0| |2|L|P|O|000000000000|     0|48233500|101209500|    |000000|14|00|101|N|            |N|5|5145    |0|        |CMC 5145 - 0.3 MILES NORTH OF US2                 
S|38|000103|3|1|22|5R|1|T|2|3|N|2|3|G|13| |0|0| |2|L|P|O|000000000000|     0|48283400|101248900|    |000000|14|00|101|N|            |N|5|5138    |0|        |CMC 5138 - 2.1 MILES EAST OF US 83                
S|38|000103|7|2|22|5R|1|T|2|3|N|2|3|G|13| |0|0| |2|L|P|O|000000000000|     0|48283400|101248900|    |000000|14|00|101|N|            |N|5|5138    |0|        |CMC 5138 - 2.1 MILES EAST OF US 83                
S|38|000201|3|1|22|3R|2|T|4|3|N|4|3|G|13|N|0|0| |2|P|L|O|000000000200| 51300|48342285|103217296|    |000000|90|00|105|Y|000002045389|Y|2|00000002|0|        |2.1 MILES WEST OF RAY                             
S|38|000201|3|2|22|3R|2|T|4|3|N|4|3|G|13|N|0|0| |2|P|L|O|000000000200| 51300|48342285|103217296|    |000000|90|00|105|Y|000002045389|Y|2|00000002|0|        |2.1 MILES WEST OF RAY                             
S|38|000201|7|3|22|3R|2|T|4|3|N|4|3|G|13|N|0|0| |2|P|L|O|000000000200| 51300|48342285|103217296|    |000000|90|00|105|Y|000002045389|Y|2|00000002|0|        |2.1 MILES WEST OF RAY                             
S|38|000201|7|4|22|3R|2|T|4|3|N|4|3|G|13|N|0|0| |2|P|L|O|000000000200| 51300|48342285|103217296|    |000000|90|00|105|Y|000002045389|Y|2|00000002|0|        |2.1 MILES WEST OF RAY                             
S|38|000203|1|1|22|3R|2|T|4|3|N|4|3|G|13|N|0|0| |2|P|L|O|000000008300|168700|47772701|101292960|    |000000|90|00|055|Y|000083164653|Y|2|00000083|0|        |3.3 MILES SOUTH OF ND 53                          
S|38|000203|1|2|22|3R|2|T|4|3|N|4|3|G|13|N|0|0| |2|P|L|O|000000008300|168700|47772701|101292960|    |000000|90|00|055|Y|000083164653|Y|2|00000083|0|        |3.3 MILES SOUTH OF ND 53                          
S|38|000203|5|3|22|3R|2|T|4|3|N|4|3|G|13|N|0|0| |2|P|L|O|000000008300|168700|47772701|101292960|    |000000|90|00|055|Y|000083164653|Y|2|00000083|0|        |3.3 MILES SOUTH OF ND 53                          
S|38|000203|5|4|22|3R|2|T|4|3|N|4|3|G|13|N|0|0| |2|P|L|O|000000008300|168700|47772701|101292960|    |000000|90|00|055|Y|000083164653|Y|2|00000083|0|        |3.3 MILES SOUTH OF ND 53                          
S|38|000205|3|1|22|3R|1|T|2|3|N|2|3|G|13|N|0|0| |2|P|L|O|000000001300|337200|46225735| 97697282|    |000000|90|00|081|N|            |Y|3|00000013|0|        |2.1 MILES WEST OF ND 32                           
S|38|000205|7|2|22|3R|1|T|2|3|N|2|3|G|13|N|0|0| |2|P|L|O|000000001300|337200|46225735| 97697282|    |000000|90|00|081|N|            |Y|3|00000013|0|        |2.1 MILES WEST OF ND 32                           
S|38|000207|3|1|22|1R|2|T|4|3|N|4|3|G|13|N|0|0| |2|P|L|O|000000009400|231300|46877965| 99278707|    |000000|90|00|093|N|            |Y|1|00000094|0|        |0.9 MILES EAST OF MEDINA                          
S|38|000207|3|2|22|1R|2|T|4|3|N|4|3|G|13|N|0|0| |2|P|L|O|000000009400|231300|46877965| 99278707|    |000000|90|00|093|N|            |Y|1|00000094|0|        |0.9 MILES EAST OF MEDINA                          
S|38|000207|7|3|22|1R|2|T|4|3|N|4|3|G|13|N|0|0| |2|P|L|O|000000009400|231300|46877965| 99278707|    |000000|90|00|093|N|            |Y|1|00000094|0|        |0.9 MILES EAST OF MEDINA                          
S|38|000207|7|4|22|1R|2|T|4|3|N|4|3|G|13|N|0|0| |2|P|L|O|000000009400|231300|46877965| 99278707|    |000000|90|00|093|N|            |Y|1|00000094|0|        |0.9 MILES EAST OF MEDINA                          
S|38|000211|1|1|22|1R|2|T|4|3|N|4|3|G|13|N|0|0| |2|P|L|O|000000002900|112800|47526792| 97091450|    |000000|90|00|097|Y|000029110795|Y|1|00000029|0|        |4.0 MILES NORTH OF MAYVILLE INT.                  
S|38|000211|1|2|22|1R|2|T|4|3|N|4|3|G|13|N|0|0| |2|P|L|O|000000002900|112800|47526792| 97091450|    |000000|90|00|097|Y|000029110795|Y|1|00000029|0|        |4.0 MILES NORTH OF MAYVILLE INT.                  
S|38|000211|5|3|22|1R|2|T|4|3|N|4|3|G|13|N|0|0| |2|P|L|O|000000002900|112800|47526792| 97091450|    |000000|90|00|097|Y|000029110795|Y|1|00000029|0|        |4.0 MILES NORTH OF MAYVILLE INT.                  
S|38|000211|5|4|22|1R|2|T|4|3|N|4|3|G|13|N|0|0| |2|P|L|O|000000002900|112800|47526792| 97091450|    |000000|90|00|097|Y|000029110795|Y|1|00000029|0|        |4.0 MILES NORTH OF MAYVILLE INT.                  
S|38|000215|3|1|22|3R|2|T|4|3|N|4|3|G|13|N|0|0| |2|P|L|O|000000005200|260000|46982284| 98755404|    |000000|90|00|093|N|            |Y|2|00000052|0|        |2.5 MILES NORTH OF JAMESTOWN                      
S|38|000215|3|2|22|3R|2|T|4|3|N|4|3|G|13|N|0|0| |2|P|L|O|000000005200|260000|46982284| 98755404|    |000000|90|00|093|N|            |Y|2|00000052|0|        |2.5 MILES NORTH OF JAMESTOWN                      
S|38|000215|7|3|22|3R|2|T|4|3|N|4|3|G|13|N|0|0| |2|P|L|O|000000005200|260000|46982284| 98755404|    |000000|90|00|093|N|            |Y|2|00000052|0|        |2.5 MILES NORTH OF JAMESTOWN                      
S|38|000215|7|4|22|3R|2|T|4|3|N|4|3|G|13|N|0|0| |2|P|L|O|000000005200|260000|46982284| 98755404|    |000000|90|00|093|N|            |Y|2|00000052|0|        |2.5 MILES NORTH OF JAMESTOWN                      
S|38|000217|3|1|22|1U|3|T|6|3|N|6|3|G|13|N|0|0| |2|P|L|O|000000009400|352000|46847904| 96783505|    |000000|90|00|017|Y|000094351596|Y|1|00000094|0|        |RED RIVER BRIDGE                                  
S|38|000217|3|2|22|1U|3|T|6|3|N|6|3|G|13|N|0|0| |2|P|L|O|000000009400|352000|46847904| 96783505|    |000000|90|00|017|Y|000094351596|Y|1|00000094|0|        |RED RIVER BRIDGE                                  
S|38|000217|3|3|22|1U|3|T|6|3|N|6|3|G|13|N|0|0| |2|P|L|O|000000009400|352000|46847904| 96783505|    |000000|90|00|017|Y|000094351596|Y|1|00000094|0|        |RED RIVER BRIDGE                                  
S|38|000217|7|4|22|1U|3|T|6|3|N|6|3|G|13|N|0|0| |2|P|L|O|000000009400|352000|46847904| 96783505|    |000000|90|00|017|Y|000094351596|Y|1|00000094|0|        |RED RIVER BRIDGE                                  
S|38|000217|7|5|22|1U|3|T|6|3|N|6|3|G|13|N|0|0| |2|P|L|O|000000009400|352000|46847904| 96783505|    |000000|90|00|017|Y|000094351596|Y|1|00000094|0|        |RED RIVER BRIDGE                                  
S|38|000217|7|6|22|1U|3|T|6|3|N|6|3|G|13|N|0|0| |2|P|L|O|000000009400|352000|46847904| 96783505|    |000000|90|00|017|Y|000094351596|Y|1|00000094|0|        |RED RIVER BRIDGE                                  
S|38|000219|1|1|22|3R|1|T|2|3|N|2|3|G|13|N|0|0| |2|P|L|O|000000000600| 55900|46658689|100904575|    |000000|90|00|059|N|            |N|3|00000006|0|        |11.0  MILES SOUTH OF MANDAN                       
S|38|000219|5|2|22|3R|1|T|2|3|N|2|3|G|13|N|0|0| |2|P|L|O|000000000600| 55900|46658689|100904575|    |000000|90|00|059|N|            |N|3|00000006|0|        |11.0  MILES SOUTH OF MANDAN                       
S|38|000221|1|1|22|3R|1|T|2|3|N|2|3|G|13|N|0|0| |2|P|L|O|000000008500| 80900|46971188|103189437|    |000000|90|00|007|Y|000085075762|Y|2|00000085|0|        |5.1 MILES NORTH OF I-94                           
S|38|000221|5|2|22|3R|1|T|2|3|N|2|3|G|13|N|0|0| |2|P|L|O|000000008500| 80900|46971188|103189437|    |000000|90|00|007|Y|000085075762|Y|2|00000085|0|        |5.1 MILES NORTH OF I-94                           
S|38|000223|3|1|22|1R|2|T|4|3|N|4|3|G|13|N|0|0| |2|P|L|O|000000009400|126900|46861494|101433965|    |000000|90|00|059|Y|000094120304|Y|1|00000094|0|        |0.8 MILES WEST OF ND 31 INT.                      
S|38|000223|3|2|22|1R|2|T|4|3|N|4|3|G|13|N|0|0| |2|P|L|O|000000009400|126900|46861494|101433965|    |000000|90|00|059|Y|000094120304|Y|1|00000094|0|        |0.8 MILES WEST OF ND 31 INT.                      
S|38|000223|7|3|22|1R|2|T|4|3|N|4|3|G|13|N|0|0| |2|P|L|O|000000009400|126900|46861494|101433965|    |000000|90|00|059|Y|000094120304|Y|1|00000094|0|        |0.8 MILES WEST OF ND 31 INT.                      
S|38|000223|7|4|22|1R|2|T|4|3|N|4|3|G|13|N|0|0| |2|P|L|O|000000009400|126900|46861494|101433965|    |000000|90|00|059|Y|000094120304|Y|1|00000094|0|        |0.8 MILES WEST OF ND 31 INT.                      
S|38|000225|3|1|22|5R|1|T|2|3|N|2|3|G|13|N|0|0| |2|P|L|O|000000000000|     0|46822559|100329126|    |000000|90|00|015|N|            |N|5|00000836|0|        |CMC 0836 - 1.9 MILES WEST OF US 83                
S|38|000225|7|2|22|5R|1|T|2|3|N|2|3|G|13|N|0|0| |2|P|L|O|000000000000|     0|46822559|100329126|    |000000|90|00|015|N|            |N|5|00000836|0|        |CMC 0836 - 1.9 MILES WEST OF US 83                
S|38|000229|3|1|22|3R|1|T|2|3|N|2|3|F|13| |0|0| |2|L|L|O|000000020000|345300|47439928| 98024148|    |000000|90|00|039|N|            |Y|3|00000200|0|        |4.0 MILES EAST OF COOPERSTOWN                     
S|38|000229|7|2|22|3R|1|T|2|3|N|2|3|F|13| |0|0| |2|L|L|O|000000020000|345300|47439928| 98024148|    |000000|90|00|039|N|            |Y|3|00000200|0|        |4.0 MILES EAST OF COOPERSTOWN                     
S|38|000231|3|1|22|4R|1|T|2|3|N|2|3|G|13|N|0|0| |2|P|L|O|000000017000|122200|48412555| 97533323|    |000000|90|00|099|N|            |N|3|00000017|0|        |5.5 MILES WEST OF GRAFTON                         
S|38|000231|7|2|22|4R|1|T|2|3|N|2|3|G|13|N|0|0| |2|P|L|O|000000017000|122200|48412555| 97533323|    |000000|90|00|099|N|            |N|3|00000017|0|        |5.5 MILES WEST OF GRAFTON                         
S|38|000233|3|1|22|3R|1|T|2|3|N|2|3|G|13|N|0|0| |2|P|L|O|000000005200| 78300|48348604|101549167|    |000000|90|00|101|Y|000052068633|Y|2|00000052|0|        |1.5 MILES SOUTHEAST OF FOXHOLM                    
S|38|000233|7|2|22|3R|1|T|2|3|N|2|3|G|13|N|0|0| |2|P|L|O|000000005200| 78300|48348604|101549167|    |000000|90|00|101|Y|000052068633|Y|2|00000052|0|        |1.5 MILES SOUTHEAST OF FOXHOLM                    
S|38|000235|1|1|22|1U|3|T|6|3|N|6|3|G|13|N|0|0| |2|P|L|O|000000002900| 66797|46898831| 96839657|    |000000|90|00|017|Y|000029066255|Y|1|00000029|0|        |NORTH OF 12TH AVE.                                
S|38|000235|1|2|22|1U|3|T|6|3|N|6|3|G|13|N|0|0| |2|P|L|O|000000002900| 66797|46898831| 96839657|    |000000|90|00|017|Y|000029066255|Y|1|00000029|0|        |NORTH OF 12TH AVE.                                
S|38|000235|1|3|22|1U|3|T|6|3|N|6|3|G|13|N|0|0| |2|P|L|O|000000002900| 66797|46898831| 96839657|    |000000|90|00|017|Y|000029066255|Y|1|00000029|0|        |NORTH OF 12TH AVE.                                
S|38|000235|5|4|22|1U|3|T|6|3|N|6|3|G|13|N|0|0| |2|P|L|O|000000002900| 66797|46898831| 96839657|    |000000|90|00|017|Y|000029066255|Y|1|00000029|0|        |NORTH OF 12TH AVE.                                
S|38|000235|5|5|22|1U|3|T|6|3|N|6|3|G|13|N|0|0| |2|P|L|O|000000002900| 66797|46898831| 96839657|    |000000|90|00|017|Y|000029066255|Y|1|00000029|0|        |NORTH OF 12TH AVE.                                
S|38|000235|5|6|22|1U|3|T|6|3|N|6|3|G|13|N|0|0| |2|P|L|O|000000002900| 66797|46898831| 96839657|    |000000|90|00|017|Y|000029066255|Y|1|00000029|0|        |NORTH OF 12TH AVE.                                
S|38|000237|1|1|22|3R|1|T|2|3|N|2|3|G|13|N|0|0| |2|P|L|O|000000000100|205200|48635279| 98361742|    |000000|90|00|019|Y|000001201028|N|3|00000001|0|        |8.5 MILES SOUTH LANGDON                           
S|38|000237|5|2|22|3R|1|T|2|3|N|2|3|G|13|N|0|0| |2|P|L|O|000000000100|205200|48635279| 98361742|    |000000|90|00|019|Y|000001201028|N|3|00000001|0|        |8.5 MILES SOUTH LANGDON                           
S|38|000239|3|1|22|3R|1|T|3|3|N|3|3|G|13|N|0|0| |2|P|L|O|000000002300| 42900|47982437|102630488|    |000000|90|00|053|Y|000023035587|Y|3|00000023|0|        |4.7 MILES EAST OF ND 22                           
S|38|000239|7|2|22|3R|2|T|3|3|N|3|3|G|13|N|0|0| |2|P|L|O|000000002300| 42900|47982437|102630488|    |000000|90|00|053|Y|000023035587|Y|3|00000023|0|        |4.7 MILES EAST OF ND 22                           
S|38|000239|7|3|22|3R|2|T|3|3|N|3|3|G|13|N|0|0| |2|P|L|O|000000002300| 42900|47982437|102630488|    |000000|90|00|053|Y|000023035587|Y|3|00000023|0|        |4.7 MILES EAST OF ND 22                           
S|38|000241|3|1|22|3R|1|T|2|3|N|2|3|G|13|N|0|0| |2|P|L|O|000000000500|174000|48820788|100539120|    |000000|90|00|009|Y|000005170201|Y|3|00000500|0|        |0.2 MILES WEST OF ND 14                           
S|38|000241|7|2|22|3R|1|T|2|3|N|2|3|G|13|N|0|0| |2|P|L|O|000000000500|174000|48820788|100539120|    |000000|90|00|009|Y|000005170201|Y|3|00000500|0|        |0.2 MILES WEST OF ND 14                           
S|38|000243|1|1|22|1R|2|T|4|3|N|4|3|G|13|N|0|0| |2|P|L|O|000000002900|196599|48710193| 97189979|    |000000|90|00|067|Y|000029194000|Y|1|00000029|0|        |0.5 MILES NORTH OF BOWESMONT                      
S|38|000243|1|2|22|1R|2|T|4|3|N|4|3|G|13|N|0|0| |2|P|L|O|000000002900|196599|48710193| 97189979|    |000000|90|00|067|Y|000029194000|Y|1|00000029|0|        |0.5 MILES NORTH OF BOWESMONT                      
S|38|000243|5|3|22|1R|2|T|4|3|N|4|3|G|13|N|0|0| |2|P|L|O|000000002900|196599|48710193| 97189979|    |000000|90|00|067|Y|000029194000|Y|1|00000029|0|        |0.5 MILES NORTH OF BOWESMONT                      
S|38|000243|5|4|22|1R|2|T|4|3|N|4|3|G|13|N|0|0| |2|P|L|O|000000002900|196599|48710193| 97189979|    |000000|90|00|067|Y|000029194000|Y|1|00000029|0|        |0.5 MILES NORTH OF BOWESMONT                      
S|38|000245|3|1|22|1R|2|T|4|3|N|4|3|G|13|N|0|0| |2|P|L|O|000000009400|314000|46875900| 97605400|    |000000|90|00|017|N|            |Y|1|00000094|0|        |2.3 MILES WEST OF BUFFALO INT.                    
S|38|000245|3|2|22|1R|2|T|4|3|N|4|3|G|13|N|0|0| |2|P|L|O|000000009400|314000|46875900| 97605400|    |000000|90|00|017|N|            |Y|1|00000094|0|        |2.3 MILES WEST OF BUFFALO INT.                    
S|38|000245|7|3|22|1R|2|T|4|3|N|4|3|G|13|N|0|0| |2|P|L|O|000000009400|314000|46875900| 97605400|    |000000|90|00|017|N|            |Y|1|00000094|0|        |2.3 MILES WEST OF BUFFALO INT.                    
S|38|000245|7|4|22|1R|2|T|4|3|N|4|3|G|13|N|0|0| |2|P|L|O|000000009400|314000|46875900| 97605400|    |000000|90|00|017|N|            |Y|1|00000094|0|        |2.3 MILES WEST OF BUFFALO INT.                    
S|38|000247|1|1|22|4R|1|T|2|3|N|2|3|G|13|N|0|0| |2|P|L|O|000000002000| 20400|47198088| 98679275|    |000000|90|00|093|N|            |N|3|00000020|0|        |1.8 MILES SOUTH OF ND 9                           
S|38|000247|5|2|22|4R|1|T|2|3|N|2|3|G|13|N|0|0| |2|P|L|O|000000002000| 20400|47198088| 98679275|    |000000|90|00|093|N|            |N|3|00000020|0|        |1.8 MILES SOUTH OF ND 9                           
S|38|000249|3|1|22|4R|1|T|2|3|N|2|3|G|13|N|0|0| |2|P|L|O|000000003700| 54800|47646648|101442629|    |000000|90|00|055|N|            |N|3|00000037|0|        |1.0 MILES WEST OF GARRISON                        
S|38|000249|7|2|22|4R|1|T|2|3|N|2|3|G|13|N|0|0| |2|P|L|O|000000003700| 54800|47646648|101442629|    |000000|90|00|055|N|            |N|3|00000037|0|        |1.0 MILES WEST OF GARRISON                        
S|38|000251|1|1|22|3R|1|T|2|3|N|2|3|G|13|N|0|0| |2|L|P|O|000000008300|  1100|45958124|100067079|    |000000|90|00|029|N|            |Y|2|00000083|0|        |1.1 MILES NORTH OF SOUTH DAKOTA LINE              
S|38|000251|5|2|22|3R|1|T|2|3|N|2|3|G|13|N|0|0| |2|L|P|O|000000008300|  1100|45958124|100067079|    |000000|90|00|029|N|            |Y|2|00000083|0|        |1.1 MILES NORTH OF SOUTH DAKOTA LINE              
S|38|000253|3|1|22|3R|2|T|4|3|N|4|3|G|13|N|0|0| |2|P|L|O|000000000200|205900|48354774|100076132|    |000000|90|00|069|Y|000002199902|Y|2|00000002|0|        |3.5 MILES WEST OF ND 3                            
S|38|000253|3|2|22|3R|2|T|4|3|N|4|3|G|13|N|0|0| |2|P|L|O|000000000200|205900|48354774|100076132|    |000000|90|00|069|Y|000002199902|Y|2|00000002|0|        |3.5 MILES WEST OF ND 3                            
S|38|000253|7|3|22|3R|2|T|4|3|N|4|3|G|13|N|0|0| |2|P|L|O|000000000200|205900|48354774|100076132|    |000000|90|00|069|Y|000002199902|Y|2|00000002|0|        |3.5 MILES WEST OF ND 3                            
S|38|000253|7|4|22|3R|2|T|4|3|N|4|3|G|13|N|0|0| |2|P|L|O|000000000200|205900|48354774|100076132|    |000000|90|00|069|Y|000002199902|Y|2|00000002|0|        |3.5 MILES WEST OF ND 3                            
S|38|000255|3|1|22|3R|1|T|2|3|N|2|3|G|13|N|0|0| |2|P|L|O|000000000500| 28700|48908919|103434787|    |000000|90|00|023|N|            |N|3|00000005|0|        |6.0 MILES WEST OF CROSBY                          
S|38|000255|7|2|22|3R|1|T|2|3|N|2|3|G|13|N|0|0| |2|P|L|O|000000000500| 28700|48908919|103434787|    |000000|90|00|023|N|            |N|3|00000005|0|        |6.0 MILES WEST OF CROSBY                          
S|38|000257|3|1|22|3R|2|T|4|3|N|4|3|G|13|N|0|0| |2|P|L|O|000000000200|  2400|48140471|103994085|    |000000|90|00|105|N|            |Y|2|00000002|0|        |2.4 MILES EAST OF MONTANA LINE                    
S|38|000257|3|2|22|3R|2|T|4|3|N|4|3|G|13|N|0|0| |2|P|L|O|000000000200|  2400|48140471|103994085|    |000000|90|00|105|N|            |Y|2|00000002|0|        |2.4 MILES EAST OF MONTANA LINE                    
S|38|000257|3|3|22|3R|2|T|4|3|N|4|3|G|13|N|0|0| |2|P|L|O|000000000200|  2400|48140471|103994085|    |000000|90|00|105|N|            |Y|2|00000002|0|        |2.4 MILES EAST OF MONTANA LINE                    
S|38|000257|7|4|22|3R|2|T|4|3|N|4|3|G|13|N|0|0| |2|P|L|O|000000000200|  2400|48140471|103994085|    |000000|90|00|105|N|            |Y|2|00000002|0|        |2.4 MILES EAST OF MONTANA LINE                    
S|38|000259|3|0|22|5R|1|T|2|3|N|0|0| |13|N|0|0| |2|L|Z|O|000000000000|     0|47049975| 97238677|    |000000|90|00|017|N|            |N|5|        |0|        |CMC 0918 - 12.0 MILES EAST OF AYR                 
S|38|000259|7|0|22|5R|1|T|2|3|N|0|0| |13|N|0|0| |2|L|Z|O|000000000000|     0|47049975| 97238677|    |000000|90|00|017|N|            |N|5|        |0|        |CMC 0918 - 12.0 MILES EAST OF AYR                 
S|38|000261|1|1|22|3R|1|T|2|3|N|2|3|G|13|N|0|0| |2|P|L|O|000000021800|117900|47537220| 99117439|    |000000|08|00|031|N|            |Y|2|00000281|0|        |5.5 MILES NORTH OF JUNCTION WITH HWY 200          
S|38|000261|5|2|22|3R|1|T|2|3|N|2|3|G|13|N|0|0| |2|P|L|O|000000021800|117900|47537220| 99117439|    |000000|08|00|031|N|            |Y|2|00000281|0|        |5.5 MILES NORTH OF JUNCTION WITH HWY 200          
S|38|000265|1|1|22|1R|2|T|4|3|N|4|3|G|13|N|0|0| |2|P|L|O|000000002900| 25000|46296774| 96831013|    |000000|90|00|077|N|            |Y|1|00000029|0|        |2.5 MILES NORTH OF ND 13                          
S|38|000265|1|2|22|1R|2|T|4|3|N|4|3|G|13|N|0|0| |2|P|L|O|000000002900| 25000|46296774| 96831013|    |000000|90|00|077|N|            |Y|1|00000029|0|        |2.5 MILES NORTH OF ND 13                          
S|38|000265|5|3|22|1R|2|T|4|3|N|4|3|G|13|N|0|0| |2|P|L|O|000000002900| 25000|46296774| 96831013|    |000000|90|00|077|N|            |Y|1|00000029|0|        |2.5 MILES NORTH OF ND 13                          
S|38|000265|5|4|22|1R|2|T|4|3|N|4|3|G|13|N|0|0| |2|P|L|O|000000002900| 25000|46296774| 96831013|    |000000|90|00|077|N|            |Y|1|00000029|0|        |2.5 MILES NORTH OF ND 13                          
S|38|000267|1|1|22|5R|1|T|2|3|N|2|3|G|13|N|0|0| |2|P|L|O|000000180400|329850|48078430|103809014|    |000000|08|00|105|N|            |N|3|00001804|0|        |1.5 MILES NORTHEAST OF TRENTON                    
S|38|000267|5|2|22|5R|1|T|2|3|N|2|3|G|13|N|0|0| |2|P|L|O|000000180400|329850|48078430|103809014|    |000000|08|00|105|N|            |N|3|00001804|0|        |1.5 MILES NORTHEAST OF TRENTON                    
S|38|000271|3|1|22|3R|1|T|2|3|N|2|3|G|13|N|0|0| |2|L|Z|O|000000020000|131000|47299117|102046208|    |000000|90|00|057|Y|000200126338|Y|3|00000200|0|        |0.7 MILES EAST OF GOLDEN VALLEY                   
S|38|000271|7|2|22|3R|1|T|2|3|N|2|3|G|13|N|0|0| |2|L|Z|O|000000020000|131000|47299117|102046208|    |000000|90|00|057|Y|000200126338|Y|3|00000200|0|        |0.7 MILES EAST OF GOLDEN VALLEY                   
S|38|000273|3|1|22|3R|1|T|2|3|N|2|3|G|13|N|0|0| |2|P|L|O|000000002100| 67600|46370592|102007168|    |000000|90|00|037|N|            |N|3|00000021|0|        |2.1 MILES WEST OF ND 49                           
S|38|000273|7|2|22|3R|1|T|2|3|N|2|3|G|13|N|0|0| |2|P|L|O|000000002100| 67600|46370592|102007168|    |000000|90|00|037|N|            |N|3|00000021|0|        |2.1 MILES WEST OF ND 49                           
S|38|000275|1|1|22|4R|1|T|2|3|N|2|3|G|13|N|0|0| |2|P|L|O|000000003100| 97100|47131678|101426409|    |000000|90|00|065|N|            |N|3|00000031|0|        |1.2 MILES NORTH OF HANNOVER                       
S|38|000275|5|2|22|4R|1|T|2|3|N|2|3|G|13|N|0|0| |2|P|L|O|000000003100| 97100|47131678|101426409|    |000000|90|00|065|N|            |N|3|00000031|0|        |1.2 MILES NORTH OF HANNOVER                       
S|38|000277|1|0|22|5R|1|T|2|3| |0|0| |13|N|0|0| |2|L|Z|O|000000000000|     0|46443575|102550641|    |000000|90|00|041|N|            |N|5|        |0|        |CMC 2117 - 2.0 MILES NORTH OF ND 21               
S|38|000277|5|0|22|5R|1|T|2|3| |0|0| |13|N|0|0| |2|L|Z|O|000000000000|     0|46443575|102550641|    |000000|90|00|041|N|            |N|5|        |0|        |CMC 2117 - 2.0 MILES NORTH OF ND 21               
S|38|000279|3|1|22|1R|2|T|4|3|N|4|3|G|13|N|0|0| |2|P|L|O|000000009400| 34710|46889626|103350132|    |000000|90|00|007|Y|000094038369|Y|1|00000094|0|        |7.8 MILES WEST OF US 85 INT.                      
S|38|000279|3|2|22|1R|2|T|4|3|N|4|3|G|13|N|0|0| |2|P|L|O|000000009400| 34710|46889626|103350132|    |000000|90|00|007|Y|000094038369|Y|1|00000094|0|        |7.8 MILES WEST OF US 85 INT.                      
S|38|000279|7|3|22|1R|2|T|4|3|N|4|3|G|13|N|0|0| |2|P|L|O|000000009400| 34710|46889626|103350132|    |000000|90|00|007|Y|000094038369|Y|1|00000094|0|        |7.8 MILES WEST OF US 85 INT.                      
S|38|000279|7|4|22|1R|2|T|4|3|N|4|3|G|13|N|0|0| |2|P|L|O|000000009400| 34710|46889626|103350132|    |000000|90|00|007|Y|000094038369|Y|1|00000094|0|        |7.8 MILES WEST OF US 85 INT.                      
S|38|000281|3|1|22|3R|1|T|2|3|N|2|3|G|13|N|0|0| |2|P|L|O|000000005200|102700|48156974|101180783|    |000000|90|00|101|N|            |Y|2|00000052|0|        |WEST OF SAWYER                                    
S|38|000281|7|2|22|3R|1|T|2|3|N|2|3|G|13|N|0|0| |2|P|L|O|000000005200|102700|48156974|101180783|    |000000|90|00|101|N|            |Y|2|00000052|0|        |WEST OF SAWYER                                    
S|38|000283|3|1|22|1U|2|T|4|3|N|4|3|G|13|N|0|0| |2|P|L|O|000000009400|159000|46831240|100784862|    |000000|90|00|015|N|            |Y|1|00000094|0|        |0.4 MILES WEST OF US 83 INT.                      
S|38|000283|3|2|22|1U|2|T|4|3|N|4|3|G|13|N|0|0| |2|P|L|O|000000009400|159000|46831240|100784862|    |000000|90|00|015|N|            |Y|1|00000094|0|        |0.4 MILES WEST OF US 83 INT.                      
S|38|000283|7|3|22|1U|2|T|4|3|N|4|3|G|13|N|0|0| |2|P|L|O|000000009400|159000|46831240|100784862|    |000000|90|00|015|N|            |Y|1|00000094|0|        |0.4 MILES WEST OF US 83 INT.                      
S|38|000283|7|4|22|1U|2|T|4|3|N|4|3|G|13|N|0|0| |2|P|L|O|000000009400|159000|46831240|100784862|    |000000|90|00|015|N|            |Y|1|00000094|0|        |0.4 MILES WEST OF US 83 INT.                      
S|38|000285|1|1|22|1R|2|T|4|3|N|4|3|G|13|N|0|0| |2|P|L|O|000000002900| 55500|46734900| 96839150|    |000000|90|00|017|Y|000029054167|Y|1|00000029|0|        |1.3 MILES NORTH OF DAVENPORT INT                  
S|38|000285|1|2|22|1R|2|T|4|3|N|4|3|G|13|N|0|0| |2|P|L|O|000000002900| 55500|46734900| 96839150|    |000000|90|00|017|Y|000029054167|Y|1|00000029|0|        |1.3 MILES NORTH OF DAVENPORT INT                  
S|38|000285|5|3|22|1R|2|T|4|3|N|4|3|G|13|N|0|0| |2|P|L|O|000000002900| 55500|46734900| 96839150|    |000000|90|00|017|Y|000029054167|Y|1|00000029|0|        |1.3 MILES NORTH OF DAVENPORT INT                  
S|38|000285|5|4|22|1R|2|T|4|3|N|4|3|G|13|N|0|0| |2|P|L|O|000000002900| 55500|46734900| 96839150|    |000000|90|00|017|Y|000029054167|Y|1|00000029|0|        |1.3 MILES NORTH OF DAVENPORT INT                  
S|38|000287|1|1|22|3U|2|T|4|3|N|4|3|G|13|N|0|0| |2|P|L|O|0000000B8100|942000|47895275| 97045002|    |000000|90|00|035|Y|000081941996|Y|2|00000B81|0|        |S. WASHINGTON BETWEEN 24 AND 28 AVE. S.           
S|38|000287|1|2|22|3U|2|T|4|3|N|4|3|G|13|N|0|0| |2|P|L|O|0000000B8100|942000|47895275| 97045002|    |000000|90|00|035|Y|000081941996|Y|2|00000B81|0|        |S. WASHINGTON BETWEEN 24 AND 28 AVE. S.           
S|38|000287|5|3|22|3U|2|T|4|3|N|4|3|G|13|N|0|0| |2|P|L|O|0000000B8100|942000|47895275| 97045002|    |000000|90|00|035|Y|000081941996|Y|2|00000B81|0|        |S. WASHINGTON BETWEEN 24 AND 28 AVE. S.           
S|38|000287|5|4|22|3U|2|T|4|3|N|4|3|G|13|N|0|0| |2|P|L|O|0000000B8100|942000|47895275| 97045002|    |000000|90|00|035|Y|000081941996|Y|2|00000B81|0|        |S. WASHINGTON BETWEEN 24 AND 28 AVE. S.           
S|38|000289|1|1|22|4R|1|T|2|3|N|2|3|G|13|N|0|0| |2|P|L|O|000000002200| 81500|47031226|102799825|    |000000|90|00|025|N|            |N|3|00000022|0|        |SOUTH OF MANNING                                  
S|38|000289|5|2|22|4R|1|T|2|3|N|2|3|G|13|N|0|0| |2|P|L|O|000000002200| 81500|47031226|102799825|    |000000|90|00|025|N|            |N|3|00000022|0|        |SOUTH OF MANNING                                  
S|38|000291|3|1|22|4R|1|T|2|3|N|2|3|G|13|N|0|0| |2|P|L|O|000000001200|  4867|46297380|103948770|    |000000|11|00|087|N|            |N|2|00000012|0|        |1.0 MILE WEST OF MARMARTH                         
S|38|000291|7|2|22|4R|1|T|2|3|N|2|3|G|13|N|0|0| |2|P|L|O|000000001200|  4867|46297380|103948770|    |000000|11|00|087|N|            |N|2|00000012|0|        |1.0 MILE WEST OF MARMARTH                         
S|38|000293|1|1|22|4R|1|T|2|3|N|2|3|G|13|N|0|0| |2|P|L|O|000000002200|112135|47444900|102819700|    |000000|11|00|025|N|            |N|3|00000022|0|        |5.9 MILES NORTH OF KILLDEER                       
S|38|000293|5|2|22|4R|1|T|2|3|N|2|3|G|13|N|0|0| |2|P|L|O|000000002200|112135|47444900|102819700|    |000000|11|00|025|N|            |N|3|00000022|0|        |5.9 MILES NORTH OF KILLDEER                       
S|38|000295|1|1|22|4R|1|T|2|3|N|2|3|G|13|N|0|0| |2|P|L|O|000000001800|239330|48959470| 97557100|    |000000|11|00|067|N|            |N|3|00000018|0|        |1.2 MILES SOUTH OF NECHE                          
S|38|000295|5|2|22|4R|1|T|2|3|N|2|3|G|13|N|0|0| |2|P|L|O|000000001800|239330|48959470| 97557100|    |000000|11|00|067|N|            |N|3|00000018|0|        |1.2 MILES SOUTH OF NECHE                          
S|38|000297|1|1|22|3R|2|T|4|3|N|4|3|F|13| |0|0| |2|L|L|O|000000000085|193700|48241000|103687000|    |000000|13|00|105|N|            |Y|2|00000085|0|        |NW WILLISTON TRUCK RELIEVER ROUTE                 
S|38|000297|1|2|22|3R|2|T|4|3|N|4|3|F|13| |0|0| |2|L|L|O|000000000085|193700|48241000|103687000|    |000000|13|00|105|N|            |Y|2|00000085|0|        |NW WILLISTON TRUCK RELIEVER ROUTE                 
S|38|000297|5|3|22|3R|2|T|4|3|N|4|3|F|13| |0|0| |2|L|L|O|000000000085|193700|48241000|103687000|    |000000|13|00|105|N|            |Y|2|00000085|0|        |NW WILLISTON TRUCK RELIEVER ROUTE                 
S|38|000297|5|4|22|3R|2|T|4|3|N|4|3|F|13| |0|0| |2|L|L|O|000000000085|193700|48241000|103687000|    |000000|13|00|105|N|            |Y|2|00000085|0|        |NW WILLISTON TRUCK RELIEVER ROUTE                 
S|38|000299|3|1|22|3R|1|T|2|3|N|2|3|F|13| |0|0| |2|L|L|O|000000000000|     0|47357000|102902000|    |000000|18|00|025|N|            |Y|3|00000200|0|        |6.7 MILES WEST OF JCT. ND 22 AND ND 200           
S|38|000299|7|2|22|3R|1|T|2|3|N|2|3|F|13| |0|0| |2|L|L|O|000000000000|     0|47357000|102902000|    |000000|18|00|025|N|            |Y|3|00000200|0|        |6.7 MILES WEST OF JCT. ND 22 AND ND 200           
S|38|000303|3|1|22|3R|2|T|4|3|N|4|3|G|13|N|0|0| |2|P|L|O|000000000200|300500|48031682| 98227708|3005|000000|90|00|063|Y|000002296000|Y|2|00000002|0|        |4.0 MILES EAST OF ND 1                            
S|38|000303|3|2|22|3R|2|T|4|3|N|4|3|G|13|N|0|0| |2|P|L|O|000000000200|300500|48031682| 98227708|3005|000000|90|00|063|Y|000002296000|Y|2|00000002|0|        |4.0 MILES EAST OF ND 1                            
S|38|000303|7|3|22|3R|2|T|4|3|N|4|3|G|13|N|0|0| |2|P|L|O|000000000200|300500|48031682| 98227708|3005|000000|90|00|063|Y|000002296000|Y|2|00000002|0|        |4.0 MILES EAST OF ND 1                            
S|38|000303|7|4|22|3R|2|T|4|3|N|4|3|G|13|N|0|0| |2|P|L|O|000000000200|300500|48031682| 98227708|3005|000000|90|00|063|Y|000002296000|Y|2|00000002|0|        |4.0 MILES EAST OF ND 1                            
S|38|000307|1|1|22|3R|2|T|4|3|N|4|3|G|13|N|0|0| |2|P|L|O|000000008300|130600|47326700|101075600|    |000000|90|00|055|Y|000083128197|Y|2|00000083|0|        |NORTH OF WASHBURN                                 
S|38|000307|1|2|22|3R|2|T|4|3|N|4|3|G|13|N|0|0| |2|P|L|O|000000008300|130600|47326700|101075600|    |000000|90|00|055|Y|000083128197|Y|2|00000083|0|        |NORTH OF WASHBURN                                 
S|38|000307|5|3|22|3R|2|T|4|3|N|4|3|G|13|N|0|0| |2|P|L|O|000000008300|130600|47326700|101075600|    |000000|90|00|055|Y|000083128197|Y|2|00000083|0|        |NORTH OF WASHBURN                                 
S|38|000307|5|4|22|3R|2|T|4|3|N|4|3|G|13|N|0|0| |2|P|L|O|000000008300|130600|47326700|101075600|    |000000|90|00|055|Y|000083128197|Y|2|00000083|0|        |NORTH OF WASHBURN                                 
S|38|000309|3|1|22|3R|1|T|2|3|N|2|3|G|13| |0|0| |2|P|L|O|000000002300| 58700|47977690|102293959|    |000000|12|00|061|Y|23056405    |Y|3|00000023|0|        |8.4 MILES EAST OF NEW TOWN                        
S|38|000309|7|2|22|3R|1|T|2|3|N|2|3|G|13| |0|0| |2|P|L|O|000000002300| 58700|47977690|102293959|    |000000|12|00|061|Y|23056405    |Y|3|00000023|0|        |8.4 MILES EAST OF NEW TOWN                        
S|38|000311|3|1|22|3R|2|T|4|3|N|4|3|G|13| |0|0| |2|P|L|O|000000000200| 27600|48272560|103625363|    |000000|13|00|105|Y|2023429     |Y|2|00000002|0|        |5.2 MILES NORTH OF WILLISTON                      
S|38|000311|3|2|22|3R|2|T|4|3|N|4|3|G|13| |0|0| |2|P|L|O|000000000200| 27600|48272560|103625363|    |000000|13|00|105|Y|2023429     |Y|2|00000002|0|        |5.2 MILES NORTH OF WILLISTON                      
S|38|000311|7|3|22|3R|2|T|4|3|N|4|3|G|13| |0|0| |2|P|L|O|000000000200| 27600|48272560|103625363|    |000000|13|00|105|Y|2023429     |Y|2|00000002|0|        |5.2 MILES NORTH OF WILLISTON                      
S|38|000311|7|4|22|3R|2|T|4|3|N|4|3|G|13| |0|0| |2|P|L|O|000000000200| 27600|48272560|103625363|    |000000|13|00|105|Y|2023429     |Y|2|00000002|0|        |5.2 MILES NORTH OF WILLISTON                      
S|38|000315|3|1|22|3R|1|T|2|3|N|2|3|F|13| |0|0| |2|L|L|O|000000002300|102200|47978866|101365781|    |000000|17|00|101|N|            |Y|3|00000023|0|        |3.3 MILES WEST OF THE JUNCTION WITH US 83         
S|38|000315|7|2|22|3R|1|T|2|3|N|2|3|F|13| |0|0| |2|L|L|O|000000002300|102200|47978866|101365781|    |000000|17|00|101|N|            |Y|3|00000023|0|        |3.3 MILES WEST OF THE JUNCTION WITH US 83         
S|38|000337|3|1|22|3R|2|T|4|3|N|4|3|G|13|N|0|0| |2|L|L|O|000000000200|106300|48325371|102040863|    |000000|15|00|061|N|            |Y|2|00000002|0|        |1.0 MILES EAST OF BLAISDELL                       
S|38|000337|3|2|22|3R|2|T|4|3|N|4|3|G|13|N|0|0| |2|L|L|O|000000000200|106300|48325371|102040863|    |000000|15|00|061|N|            |Y|2|00000002|0|        |1.0 MILES EAST OF BLAISDELL                       
S|38|000337|7|3|22|3R|2|T|4|3|N|4|3|G|13|N|0|0| |2|L|L|O|000000000200|106300|48325371|102040863|    |000000|15|00|061|N|            |Y|2|00000002|0|        |1.0 MILES EAST OF BLAISDELL                       
S|38|000337|7|4|22|3R|2|T|4|3|N|4|3|G|13|N|0|0| |2|L|L|O|000000000200|106300|48325371|102040863|    |000000|15|00|061|N|            |Y|2|00000002|0|        |1.0 MILES EAST OF BLAISDELL                       
S|38|000339|1|1|22|3R|1|T|2|3|N|2|3|G|13| |0|0| |2|L|P|O|000000008500|113700|47412410|103248182|    |000000|14|00|053|N|            |Y|2|00000085|0|        |1.3 MILES NORTH OF GRASSY BUTTE                   
S|38|000339|5|2|22|3R|1|T|2|3|N|2|3|G|13| |0|0| |2|L|P|O|000000008500|113700|47412410|103248182|    |000000|14|00|053|N|            |Y|2|00000085|0|        |1.3 MILES NORTH OF GRASSY BUTTE                   
S|38|000341|1|1|22|3R|2|T|4|3|N|4|3|G|13| |0|0| |2|L|L|O|000000008500|162208|47846100|103658900|    |000000|15|00|053|N|            |Y|2|00000085|0|        |1/2 MILE W OF ALEXANDER                           
S|38|000341|1|2|22|3R|2|T|4|3|N|4|3|G|13| |0|0| |2|L|L|O|000000008500|162208|47846100|103658900|    |000000|15|00|053|N|            |Y|2|00000085|0|        |1/2 MILE W OF ALEXANDER                           
S|38|000341|5|3|22|3R|2|T|4|3|N|4|3|G|13| |0|0| |2|L|L|O|000000008500|162208|47846100|103658900|    |000000|15|00|053|N|            |Y|2|00000085|0|        |1/2 MILE W OF ALEXANDER                           
S|38|000341|5|4|22|3R|2|T|4|3|N|4|3|G|13| |0|0| |2|L|L|O|000000008500|162208|47846100|103658900|    |000000|15|00|053|N|            |Y|2|00000085|0|        |1/2 MILE W OF ALEXANDER                           
S|38|000343|3|1|22|3R|1|T|3|3|N|3|3|G|13| |0|0| |2|L|L|O|000000002300| 10700|47804293|103064078|    |000000|15|00|053|Y|23008451    |Y|3|00000023|0|        |9.1 MILES EAST OF WATFORD CITY                    
S|38|000343|3|2|22|3R|2|T|3|3|N|3|3|G|13| |0|0| |2|L|L|O|000000002300| 10700|47804293|103064078|    |000000|15|00|053|Y|23008451    |Y|3|00000023|0|        |9.1 MILES EAST OF WATFORD CITY                    
S|38|000343|7|2|22|3R|2|T|3|3|N|3|3|G|13| |0|0| |2|L|L|O|000000002300| 10700|47804293|103064078|    |000000|15|00|053|Y|23008451    |Y|3|00000023|0|        |9.1 MILES EAST OF WATFORD CITY                    
S|38|000343|7|3|22|3R|2|T|3|3|N|3|3|G|13| |0|0| |2|L|L|O|000000002300| 10700|47804293|103064078|    |000000|15|00|053|Y|23008451    |Y|3|00000023|0|        |9.1 MILES EAST OF WATFORD CITY                    
S|38|000345|1|1|22|3R|1|T|2|3|N|2|3|F|13| |0|0| |2|L|L|O|000000008500|205480|48403339|103624446|    |000000|17|00|105|N|            |Y|2|00000085|0|        |15.4 MILES NORTH OF WILLISTON                     
S|38|000345|5|2|22|3R|1|T|2|3|N|2|3|F|13| |0|0| |2|L|L|O|000000008500|205480|48403339|103624446|    |000000|17|00|105|N|            |Y|2|00000085|0|        |15.4 MILES NORTH OF WILLISTON                     
S|38|000349|1|1|22|3R|1|T|2|3|N|2|3|F|13| |0|0| |2|L|L|O|000000004900| 91770|47116670|101783333|    |000000|17|00|057|N|            |Y|3|00004900|0|        |10.5 MILES SOUTH OF BEULAH                        
S|38|000349|5|2|22|3R|1|T|2|3|N|2|3|F|13| |0|0| |2|L|L|O|000000004900| 91770|47116670|101783333|    |000000|17|00|057|N|            |Y|3|00004900|0|        |10.5 MILES SOUTH OF BEULAH                        
S|38|000351|3|1|22|3R|1|T|2|3|N|2|3|G|13| |0|0| |2|L|L|O|000000000500| 52200|48894523|102935186|    |000000|15|00|013|Y|000005051702|Y|3|00000500|0|        |3.2 MILES EAST OF NOONAN                          
S|38|000351|7|2|22|3R|1|T|2|3|N|2|3|G|13| |0|0| |2|L|L|O|000000000500| 52200|48894523|102935186|    |000000|15|00|013|Y|000005051702|Y|3|00000500|0|        |3.2 MILES EAST OF NOONAN                          
S|38|000353|3|1|22|3R|2|T|4|3|N|4|3|F|13| |0|0| |2|L|L|O|000000000000|     0|48300000|101677000|    |000000|18|00|049|N|            |Y|2|00000002|0|        |8.3 MILES EAST OF GRANVILLE                       
S|38|000353|3|2|22|3R|2|T|4|3|N|4|3|F|13| |0|0| |2|L|L|O|000000000000|     0|48300000|101677000|    |000000|18|00|049|N|            |Y|2|00000002|0|        |8.3 MILES EAST OF GRANVILLE                       
S|38|000353|7|3|22|3R|2|T|4|3|N|4|3|F|13| |0|0| |2|L|L|O|000000000000|     0|48300000|101677000|    |000000|18|00|049|N|            |Y|2|00000002|0|        |8.3 MILES EAST OF GRANVILLE                       
S|38|000353|7|4|22|3R|2|T|4|3|N|4|3|F|13| |0|0| |2|L|L|O|000000000000|     0|48300000|101677000|    |000000|18|00|049|N|            |Y|2|00000002|0|        |8.3 MILES EAST OF GRANVILLE                       
S|38|000355|1|1|22|3R|1|T|2|3|N|2|3|F|13| |0|0| |2|L|L|O|000000000000|     0|48458100|101358500|    |000000|18|00|075|N|            |Y|3|00000005|0|        |3.6 MILES WEST OF MOHALL                          
S|38|000355|3|1|22|3R|1|T|2|3|N|2|3|F|13| |0|0| |2|L|L|O|000000000000|     0|48763000|101609600|    |000000|18|00|075|N|            |Y|3|00000005|0|        |3.6 MILES WEST OF MOHALL                          
S|38|000355|5|2|22|3R|1|T|2|3|N|2|3|F|13| |0|0| |2|L|L|O|000000000000|     0|48458100|101358500|    |000000|18|00|075|N|            |Y|3|00000005|0|        |3.6 MILES WEST OF MOHALL                          
S|38|000355|7|2|22|3R|1|T|2|3|N|2|3|F|13| |0|0| |2|L|L|O|000000000000|     0|48763000|101609600|    |000000|18|00|075|N|            |Y|3|00000005|0|        |3.6 MILES WEST OF MOHALL                          
S|38|000373|1|1|22|4R|1|T|2|3|N|2|3|G|13| |0|0| |2|L|L|O|000000002200| 57200|46684579|102789886|    |000000|15|00|089|N|            |N|3|00000022|0|        |11.4 MILES SOUTH OF DICKINSON                     
S|38|000373|5|2|22|4R|1|T|2|3|N|2|3|G|13| |0|0| |2|L|L|O|000000002200| 57200|46684579|102789886|    |000000|15|00|089|N|            |N|3|00000022|0|        |11.4 MILES SOUTH OF DICKINSON                     
S|38|000419|3|1|22|3R|2|T|4|3|N|4|3|G|13| |0|0| |2|L|P|O|000000000200|340500|47933200| 97415400|    |000000|15|00|035|Y|2337320     |Y|2|00000002|0|        |2.5 MILES WEST OF EMERADO                         
S|38|000419|3|2|22|3R|2|T|4|3|N|4|3|G|13| |0|0| |2|L|P|O|000000000200|340500|47933200| 97415400|    |000000|15|00|035|Y|2337320     |Y|2|00000002|0|        |2.5 MILES WEST OF EMERADO                         
S|38|000419|7|3|22|3R|2|T|4|3|N|4|3|G|13| |0|0| |2|L|P|O|000000000200|340500|47933200| 97415400|    |000000|15|00|035|Y|2337320     |Y|2|00000002|0|        |2.5 MILES WEST OF EMERADO                         
S|38|000419|7|4|22|3R|2|T|4|3|N|4|3|G|13| |0|0| |2|L|P|O|000000000200|340500|47933200| 97415400|    |000000|15|00|035|Y|2337320     |Y|2|00000002|0|        |2.5 MILES WEST OF EMERADO                         
S|38|000423|1|1|22|3R|1|T|2|3|N|2|3|G|13| |0|0| |2|L|L|O|000000000300|165560|47853900| 99940400|    |000000|15|00|069|Y|3165117     |Y|3|00000003|0|        |5.6 MILES NORTH OF HARVEY                         
S|38|000423|5|2|22|3R|1|T|2|3|N|2|3|G|13| |0|0| |2|L|L|O|000000000300|165560|47853900| 99940400|    |000000|15|00|069|Y|3165117     |Y|3|00000003|0|        |5.6 MILES NORTH OF HARVEY                         
S|38|000429|1|1|22|3R|1|T|2|3|N|2|3|G|13| |0|0| |2|L|L|O|000000000100|161180|48012400| 98332600|    |000000|15|00|063|N|            |Y|3|        |0|        |1.6 MILES SOUTH OF LAKOTA                         
S|38|000429|5|2|22|3R|1|T|2|3|N|2|3|G|13| |0|0| |2|L|L|O|000000000100|161180|48012400| 98332600|    |000000|15|00|063|N|            |Y|3|        |0|        |1.6 MILES SOUTH OF LAKOTA                         
S|38|000447|1|1|22|3R|1|T|2|3|N|2|3|G|13| |0|0| |2|L|P|O|000000028100|250700|48804170| 99996243|    |000000|14|00|079|N|            |Y|2|00000281|0|        |2.95 MILES EAST OF DUNSEITH                       
S|38|000447|5|2|22|3R|1|T|2|3|N|2|3|G|13| |0|0| |2|L|P|O|000000028100|250700|48804170| 99996243|    |000000|14|00|079|N|            |Y|2|00000281|0|        |2.95 MILES EAST OF DUNSEITH                       
S|38|000449|1|1|22|3R|1|T|2|3|N|2|3|G|13| |0|0| |2|L|L|O|000000028100|141480|47865100| 99124800|    |000000|15|00|005|Y|281140208   |Y|2|00000281|0|        |2.5 MILES NORTH OF SHEYENNE                       
S|38|000449|5|2|22|3R|1|T|2|3|N|2|3|G|13| |0|0| |2|L|L|O|000000028100|141480|47865100| 99124800|    |000000|15|00|005|Y|281140208   |Y|2|00000281|0|        |2.5 MILES NORTH OF SHEYENNE                       
S|38|000453|1|1|22|4R|1|T|2|3|N|2|3|F|13| |0|0| |2|L|L|O|000000000100| 13350|46087000| 98090830|    |000000|17|00|021|N|            |N|3|00000001|0|        |3.0 MILES SOUTH OF OAKES                          
S|38|000453|5|2|22|4R|1|T|2|3|N|2|3|F|13| |0|0| |2|L|L|O|000000000100| 13350|46087000| 98090830|    |000000|17|00|021|N|            |N|3|00000001|0|        |3.0 MILES SOUTH OF OAKES                          
S|38|000461|3|1|22|4R|1|T|2|3|N|2|3|G|13| |0|0| |2|L|L|O|000000001500|129000|47773300| 97187800|    |000000|15|00|035|Y|15127640    |N|3|00000015|0|        |3.4 MILES WEST OF THOMPSON                        
S|38|000461|7|2|22|4R|1|T|2|3|N|2|3|G|13| |0|0| |2|L|L|O|000000001500|129000|47773300| 97187800|    |000000|15|00|035|Y|15127640    |N|3|00000015|0|        |3.4 MILES WEST OF THOMPSON                        
S|38|000493|3|1|22|5R|1|T|2|3|N|2|3|G|13| |0|0| |2|L|L|O|000000006600|117150|48600800| 97573800|    |000000|15|00|067|N|            |N|3|00000066|0|        |5.8 MILES WEST OF ST. THOMAS                      
S|38|000493|7|2|22|5R|1|T|2|3|N|2|3|G|13| |0|0| |2|L|L|O|000000006600|117150|48600800| 97573800|    |000000|15|00|067|N|            |N|3|00000066|0|        |5.8 MILES WEST OF ST. THOMAS                      
S|38|000501|1|0|22|3U|2|T|5|3|N|0|0| |13|N|0|0| |2|L|Z|O|0000000B8100|925400|46856854| 96798600|    |000000|90|00|017|Y|000081925197|Y|2|00000B81|0|        |UNIVERSITY AVE. BET 15 AND 15 1/2 AVE.            
S|38|000501|5|0|22|3U|3|T|5|3|N|0|0| |13|N|0|0| |2|L|Z|O|0000000B8100|925400|46856854| 96798600|    |000000|90|00|017|Y|000081925197|Y|2|00000B81|0|        |UNIVERSITY AVE. BET 15 AND 15 1/2 AVE.            
S|38|000503|3|1|22|3U|2|T|4|3|N|4|3|G|13|N|0|0| |2|P|L|O|000000081000|  5575|46805340|100731053|    |000000|11|00|015|N|            |Y|3|00000810|0|        |BIS. EXPWY. SOUTH OF  E. MAIN STREET              
S|38|000503|3|2|22|3U|2|T|4|3|N|4|3|G|13|N|0|0| |2|P|L|O|000000081000|  5575|46805340|100731053|    |000000|11|00|015|N|            |Y|3|00000810|0|        |BIS. EXPWY. SOUTH OF  E. MAIN STREET              
S|38|000503|7|3|22|3U|2|T|4|3|N|4|3|G|13|N|0|0| |2|P|L|O|000000081000|  5575|46805340|100731053|    |000000|11|00|015|N|            |Y|3|00000810|0|        |BIS. EXPWY. SOUTH OF  E. MAIN STREET              
S|38|000503|7|4|22|3U|2|T|4|3|N|4|3|G|13|N|0|0| |2|P|L|O|000000081000|  5575|46805340|100731053|    |000000|11|00|015|N|            |Y|3|00000810|0|        |BIS. EXPWY. SOUTH OF  E. MAIN STREET              
S|38|000513|3|1|22|3U|2|T|4|3|N|4|3|G|13| |0|0| |2|L|L|O|0000000B1000|933500|46877131| 96929276|    |000000|15|00|017|N|            |Y|2|0000B10 |0|        |MAIN ST. WEST OF 15TH ST NW                       
S|38|000513|3|2|22|3U|2|T|4|3|N|4|3|G|13| |0|0| |2|L|L|O|0000000B1000|933500|46877131| 96929276|    |000000|15|00|017|N|            |Y|2|0000B10 |0|        |MAIN ST. WEST OF 15TH ST NW                       
S|38|000513|7|3|22|3U|2|T|4|3|N|4|3|G|13| |0|0| |2|L|L|O|0000000B1000|933500|46877131| 96929276|    |000000|15|00|017|N|            |Y|2|0000B10 |0|        |MAIN ST. WEST OF 15TH ST NW                       
S|38|000513|7|4|22|3U|2|T|4|3|N|4|3|G|13| |0|0| |2|L|L|O|0000000B1000|933500|46877131| 96929276|    |000000|15|00|017|N|            |Y|2|0000B10 |0|        |MAIN ST. WEST OF 15TH ST NW                       
S|38|000603|3|0|22|3U|1|T|2|3|N|0|0| |13|N|0|0| |2|L|Z|O|00000000B200|900700|48145159|103644274|    |000000|90|00|105|Y|000002900774|Y|2|000000B2|0|        |2ND ST. WEST OF 14TH AVE. WEST                    
S|38|000603|7|0|22|3U|1|T|2|3|N|0|0| |13|N|0|0| |2|L|Z|O|00000000B200|900700|48145159|103644274|    |000000|90|00|105|Y|000002900774|Y|2|000000B2|0|        |2ND ST. WEST OF 14TH AVE. WEST                    
S|38|000605|3|0|22|3U|2|T|4|3|N|0|0| |13|N|0|0| |2|L|Z|O|0000000B9400|917142|46829276|100867989|    |000000|90|00|059|Y|000094917024|Y|4|00000B94|0|        |EAST MAIN ST. WEST OF TWIN CITY DRIVE             
S|38|000605|7|0|22|3U|2|T|4|3|N|0|0| |13|N|0|0| |2|L|Z|O|0000000B9400|917142|46829276|100867989|    |000000|90|00|059|Y|000094917024|Y|4|00000B94|0|        |EAST MAIN ST. WEST OF TWIN CITY DRIVE             
S|38|000607|3|0|22|4U|1|T|2|3|N|0|0| |13|N|0|0| |2|L|Z|O|000000000000|     0|46888698|102780835|    |000000|90|00|089|Y|008329000380|N|7|        |0|        |9TH ST. EAST BET. 2ND AVE. & 3RD AVE. EAST        
S|38|000607|7|0|22|4U|1|T|2|3|N|0|0| |13|N|0|0| |2|L|Z|O|000000000000|     0|46888698|102780835|    |000000|90|00|089|Y|008329000380|N|7|        |0|        |9TH ST. EAST BET. 2ND AVE. & 3RD AVE. EAST        
S|38|000609|3|0|22|5U|1|T|2|3|N|0|0| |13|N|0|0| |2|L|Z|O|000000000000|     0|48217389|101314265|    |000000|90|00|101|N|            |N|7|        |0|        |16TH AVE BET. 12TH ST SW. & 17TH AVE. SW.         
S|38|000609|7|0|22|5U|1|T|2|3|N|0|0| |13|N|0|0| |2|L|Z|O|000000000000|     0|48217389|101314265|    |000000|90|00|101|N|            |N|7|        |0|        |16TH AVE BET. 12TH ST SW. & 17TH AVE. SW.         
S|38|000611|3|0|22|4U|1|T|2|3|N|0|0| |13|N|0|0| |2|L|Z|O|000000000000|     0|48245197|101312517|    |000000|90|00|101|N|            |N|7|        |0|        |UNIVERSITY AVE. BET 12TH ST. & 13TH ST. NW.       
S|38|000611|7|0|22|4U|1|T|2|3|N|0|0| |13|N|0|0| |2|L|Z|O|000000000000|     0|48245197|101312517|    |000000|90|00|101|N|            |N|7|        |0|        |UNIVERSITY AVE. BET 12TH ST. & 13TH ST. NW.       
S|38|000727|3|1|22|4R|1|T|2|3|N|2|3|G|13| |0|0| |2|L|L|O|000000004600| 84200|46629800| 97589600|    |000000|15|00|017|N|            |N|3|00000046|0|        |EAST EDGE OF ENDERLIN                             
S|38|000727|7|2|22|4R|1|T|2|3|N|2|3|G|13| |0|0| |2|L|L|O|000000004600| 84200|46629800| 97589600|    |000000|15|00|017|N|            |N|3|00000046|0|        |EAST EDGE OF ENDERLIN                             
S|38|000759|1|1|22|4R|1|T|2|3|N|2|3|G|13| |0|0| |2|L|L|O|000000003600|  2770|47142600|100733200|    |000000|15|00|015|Y|36000000    |N|3|00000036|0|        |2.3 MILES SE OF WILTON                            
S|38|000759|3|1|22|4R|1|T|2|3|N|2|3|G|13| |0|0| |2|L|L|O|000000003600|  2770|47142600|100733200|    |000000|15|00|015|Y|36000000    |N|3|00000036|0|        |2.3 MILES SE OF WILTON                            
S|38|000759|5|2|22|4R|1|T|2|3|N|2|3|G|13| |0|0| |2|L|L|O|000000003600|  2770|47142600|100733200|    |000000|15|00|015|Y|36000000    |N|3|00000036|0|        |2.3 MILES SE OF WILTON                            
S|38|000759|7|2|22|4R|1|T|2|3|N|2|3|G|13| |0|0| |2|L|L|O|000000003600|  2770|47142600|100733200|    |000000|15|00|015|Y|36000000    |N|3|00000036|0|        |2.3 MILES SE OF WILTON                            
S|38|000783|1|1|22|5R|1|T|2|3|N|2|3|G|13| |0|0| |2|L|L|O|000000005600| 16580|46260800| 98943700|    |000000|15|00|021|N|            |N|3|00000056|0|        |2.7 MILES SOUTH OF KULM                           
S|38|000783|5|2|22|5R|1|T|2|3|N|2|3|G|13| |0|0| |2|L|L|O|000000005600| 16580|46260800| 98943700|    |000000|15|00|021|N|            |N|3|00000056|0|        |2.7 MILES SOUTH OF KULM                           
