Record_Type|Year_Record|State_Code|Station_Id|Travel_Dir|Travel_Lane|F_System|Num_Lanes|Sample_Type_Volume|Num_Lanes_Volume|Method_Volume|Sample_Type_Class|Num_Lanes_Class|Method_Class|Algorithm_Volume|Num_Classes|Sample_Type_Truck|Num_Lanes_Truck|Method_Truck|Calibration|Data_Retrieval|Type_Sensor_1|Type_Sensor_2|Primary_Purpose|LRS_Id|LRS_Point|Latitude|Longitude|SHRP_Id|Prev_Station_Id|Year_Established|Year_Discontinued|County_Code|Is_Sample|Sample_Id|NHS|Posted_Route_Signing|Posted_Signed_Route|Con_Route_Signing|Con_Signed_Route|Station_Location
S|31|000001|0|0|22|5R|2|T|2|3|N|2|3|F|13|N|0|0| |2|L|Q|P|000000008800| 31221|41641655|103678784|    |      |36|00|007|N|            |N|3|      88|0|        |N88 0.5 MILES WEST OF N JCT N71 NEAR HARRISBURG   
S|31|000001|3|1|22|5R|1|T|1|3|N|1|3|F|13|N|0|0| |2|L|Q|P|000000008800| 31221|41641655|103678784|    |      |36|00|007|N|            |N|3|      88|0|        |N88 0.5 MILES WEST OF N JCT N71 NEAR HARRISBURG   
S|31|000001|7|1|22|5R|1|T|1|3|N|1|3|F|13|N|0|0| |2|L|Q|P|000000008800| 31221|41641655|103678784|    |      |36|00|007|N|            |N|3|      88|0|        |N88 0.5 MILES WEST OF N JCT N71 NEAR HARRISBURG   
S|31|000002|0|0|22|4R|2|T|2|3|N|2|3|F|13|N|0|0| |2|L|Q|P|000000003000|405716|40730572| 99476642|    |      |36|00|047|N|            |N|2|      30|0|        |US30 4.0 MILES WEST OF ELM CREEK                  
S|31|000002|3|1|22|4R|1|T|1|3|N|1|3|F|13|N|0|0| |2|L|Q|P|000000003000|405716|40730572| 99476642|    |      |36|00|047|N|            |N|2|      30|0|        |US30 4.0 MILES WEST OF ELM CREEK                  
S|31|000002|7|1|22|4R|1|T|1|3|N|1|3|F|13|N|0|0| |2|L|Q|P|000000003000|405716|40730572| 99476642|    |      |36|00|047|N|            |N|2|      30|0|        |US30 4.0 MILES WEST OF ELM CREEK                  
S|31|000003|0|0|22|4R|2|T|2|3|N|2|3|F|13|N|0|0| |2|L|Q|P|000000000400|156267|40307222| 97831081|    |      |36|00|129|N|            |N|3|       4|0|        |N4 0.5 MILES WEST OF DAVENPORT                    
S|31|000003|3|1|22|4R|1|T|1|3|N|1|3|F|13|N|0|0| |2|L|Q|P|000000000400|156267|40307222| 97831081|    |      |36|00|129|N|            |N|3|       4|0|        |N4 0.5 MILES WEST OF DAVENPORT                    
S|31|000003|7|1|22|4R|1|T|1|3|N|1|3|F|13|N|0|0| |2|L|Q|P|000000000400|156267|40307222| 97831081|    |      |36|00|129|N|            |N|3|       4|0|        |N4 0.5 MILES WEST OF DAVENPORT                    
S|31|000004|1|1|22|3R|2|T|1|3|N|1|3|F|13|N|0|0| |2|L|Q|P|000000007700|192156|41528000| 96497230|    |      |36|00|053|Y|27077 120500|Y|2|      77|2|     275|US77 4.5 MILES NORTH OF FREMONT                   
S|31|000004|1|2|22|3R|2|T|1|3|N|1|3|F|13|N|0|0| |2|L|Q|P|000000007700|192156|41528000| 96497230|    |      |36|00|053|Y|27077 120500|Y|2|      77|2|     275|US77 4.5 MILES NORTH OF FREMONT                   
S|31|000004|5|1|22|3R|2|T|1|3|N|1|3|F|13|N|0|0| |2|L|Q|P|000000007700|192156|41528000| 96497230|    |      |36|00|053|Y|27077 120500|Y|2|      77|2|     275|US77 4.5 MILES NORTH OF FREMONT                   
S|31|000004|5|2|22|3R|2|T|1|3|N|1|3|F|13|N|0|0| |2|L|Q|P|000000007700|192156|41528000| 96497230|    |      |36|00|053|Y|27077 120500|Y|2|      77|2|     275|US77 4.5 MILES NORTH OF FREMONT                   
S|31|000005|1|1|22|2U|2|T|1|3|N|1|3|F|13|N|0|0| |2|L|Q|P|000000000600|562788|41153000| 96237410|    |      |36|00|153|Y|F44D39778CD9|Y|2|       6|0|        |US6 0.5 MILES NORTH OF GRETNA                     
S|31|000005|1|2|22|2U|2|T|1|3|N|1|3|F|13|N|0|0| |2|L|Q|P|000000000600|562788|41153000| 96237410|    |      |36|00|153|Y|F44D39778CD9|Y|2|       6|0|        |US6 0.5 MILES NORTH OF GRETNA                     
S|31|000005|5|1|22|2U|2|T|1|3|N|1|3|F|13|N|0|0| |2|L|Q|P|000000000600|562788|41153000| 96237410|    |      |36|00|153|Y|F44D39778CD9|Y|2|       6|0|        |US6 0.5 MILES NORTH OF GRETNA                     
S|31|000005|5|2|22|2U|2|T|1|3|N|1|3|F|13|N|0|0| |2|L|Q|P|000000000600|562788|41153000| 96237410|    |      |36|00|153|Y|F44D39778CD9|Y|2|       6|0|        |US6 0.5 MILES NORTH OF GRETNA                     
S|31|000006|1|1|22|2U|1|T|1|3|N|1|3|F|13|N|0|0| |2|L|Q|P|000000007500| 94951|40811373| 95911592|    |      |36|00|025|Y|13073 071130|Y|2|      75|0|        |US75 1.1 MILES SOUTH OF UNION                     
S|31|000006|2|1|22|2U|1|T|1|3|N|1|3|F|13|N|0|0| |2|L|Q|P|000000007500| 94951|40811373| 95911592|    |      |36|00|025|Y|13073 071130|Y|2|      75|0|        |US75 1.1 MILES SOUTH OF UNION                     
S|31|000006|5|1|22|2U|1|T|1|3|N|1|3|F|13|N|0|0| |2|L|Q|P|000000007500| 94951|40811373| 95911592|    |      |36|00|025|Y|13073 071130|Y|2|      75|0|        |US75 1.1 MILES SOUTH OF UNION                     
S|31|000006|9|0|22|3R|2|T|2|3|N|2|3|F|13|N|0|0| |2|L|Q|P|000000007500| 94951|40811373| 95911592|    |      |36|00|025|Y|13073 071130|Y|2|      75|0|        |US75 1.1 MILES SOUTH OF UNION                     
S|31|000007|3|1|22|3R|2|T|1|3|N|1|3|F|13|N|0|0| |2|L|Q|P|000000002000|685259|42448314| 96493903|    |      |36|00|043|N|            |Y|2|      20|0|        |US20 4.6 MILES WEST OF SOUTH SIOUX CITY           
S|31|000007|3|2|22|3R|2|T|1|3|N|1|3|F|13|N|0|0| |2|L|Q|P|000000002000|685259|42448314| 96493903|    |      |36|00|043|N|            |Y|2|      20|0|        |US20 4.6 MILES WEST OF SOUTH SIOUX CITY           
S|31|000007|7|1|22|3R|2|T|1|3|N|1|3|F|13|N|0|0| |2|L|Q|P|000000002000|685259|42448314| 96493903|    |      |36|00|043|N|            |Y|2|      20|0|        |US20 4.6 MILES WEST OF SOUTH SIOUX CITY           
S|31|000007|7|2|22|3R|2|T|1|3|N|1|3|F|13|N|0|0| |2|L|Q|P|000000002000|685259|42448314| 96493903|    |      |36|00|043|N|            |Y|2|      20|0|        |US20 4.6 MILES WEST OF SOUTH SIOUX CITY           
S|31|000008|0|0|22|3R|2|T|2|3|N|2|3|F|13|N|0|0| |2|L|Q|P|000000002000|100906|42826464|102938377|    |      |40|00|045|Y|23020 063510|Y|2|      20|0|        |US20 3.5 MILES EAST OF CHADRON                    
S|31|000008|3|1|22|3R|1|T|1|3|N|1|3|F|13|N|0|0| |2|L|Q|P|000000002000|100906|42826464|102938377|    |      |40|00|045|Y|23020 063510|Y|2|      20|0|        |US20 3.5 MILES EAST OF CHADRON                    
S|31|000008|7|1|22|3R|1|T|1|3|N|1|3|F|13|N|0|0| |2|L|Q|P|000000002000|100906|42826464|102938377|    |      |40|00|045|Y|23020 063510|Y|2|      20|0|        |US20 3.5 MILES EAST OF CHADRON                    
S|31|000009|0|0|22|3R|2|T|2|3|N|2|3|F|13|N|0|0| |2|L|Q|P|000000000200|437581|41449235| 99736388|    |      |40|00|041|N|            |Y|3|       2|3|      92|N2 6.3 MILES NORTHWEST OF BROKEN BOW              
S|31|000009|1|1|22|3R|1|T|1|3|N|1|3|F|13|N|0|0| |2|L|Q|P|000000000200|437581|41449235| 99736388|    |      |40|00|041|N|            |Y|3|       2|3|      92|N2 6.3 MILES NORTHWEST OF BROKEN BOW              
S|31|000009|5|1|22|3R|1|T|1|3|N|1|3|F|13|N|0|0| |2|L|Q|P|000000000200|437581|41449235| 99736388|    |      |40|00|041|N|            |Y|3|       2|3|      92|N2 6.3 MILES NORTHWEST OF BROKEN BOW              
S|31|000010|0|0|22|3R|2|T|2|3|N|2|3|F|13|N|0|0| |2|L|Q|P|000000000600|199559|40306781| 99945105|    |      |40|00|065|Y|33006 125910|Y|2|       6|3|      34|US34 3.5 MILES WEST OF ARAPAHOE                   
S|31|000010|3|1|22|3R|1|T|1|3|N|1|3|F|13|N|0|0| |2|L|Q|P|000000000600|199559|40306781| 99945105|    |      |40|00|065|Y|33006 125910|Y|2|       6|3|      34|US34 3.5 MILES WEST OF ARAPAHOE                   
S|31|000010|7|1|22|3R|1|T|1|3|N|1|3|F|13|N|0|0| |2|L|Q|P|000000000600|199559|40306781| 99945105|    |      |40|00|065|Y|33006 125910|Y|2|       6|3|      34|US34 3.5 MILES WEST OF ARAPAHOE                   
S|31|000011|0|0|22|5R|2|T|2|3|N|2|3|F|13|N|0|0| |2|L|Q|P|000000279500|  1770|41119400| 97577700|    |      |40|00|143|N|            |N|0|00000000|0|        |CO RD 0.4 MILES EAST OF STROMSBURG                
S|31|000011|3|1|22|5R|1|T|1|3|N|1|3|F|13|N|0|0| |2|L|Q|P|000000279500|  1770|41119400| 97577700|    |      |40|00|143|N|            |N|0|00000000|0|        |CO RD 0.4 MILES EAST OF STROMSBURG                
S|31|000011|7|1|22|5R|1|T|1|3|N|1|3|F|13|N|0|0| |2|L|Q|P|000000279500|  1770|41119400| 97577700|    |      |40|00|143|N|            |N|0|00000000|0|        |CO RD 0.4 MILES EAST OF STROMSBURG                
S|31|000012|1|1|22|4R|1|T|1|3|N|1|3|F|13|N|0|0| |2|L|Q|P|000000000900| 15128|41990557| 96709792|    |      |40|00|039|N|            |N|3|       9|0|        |N12 9.8 MILES NORTH OF WEST POINT                 
S|31|000012|5|1|22|4R|1|T|1|3|N|1|3|F|13|N|0|0| |2|L|Q|P|000000000900| 15128|41990557| 96709792|    |      |40|00|039|N|            |N|3|       9|0|        |N12 9.8 MILES NORTH OF WEST POINT                 
S|31|000012|9|0|22|4R|2|T|2|3|N|2|3|F|13|N|0|0| |2|L|Q|P|000000000900| 15128|41990557| 96709792|    |      |40|00|039|N|            |N|3|       9|0|        |N12 9.8 MILES NORTH OF WEST POINT                 
S|31|000013|0|0|22|5R|2|T|2|3|N|2|3|F|13|N|0|0| |2|L|Q|P|000000292000| 53269|40378340| 96610950|    |      |50|00|067|N|            |N|0|00000000|0|        |CO RD 6.0 MILES EAST OF PICKRELL                  
S|31|000013|3|1|22|5R|1|T|1|3|N|1|3|F|13|N|0|0| |2|L|Q|P|000000292000| 53269|40378340| 96610950|    |      |50|00|067|N|            |N|0|00000000|0|        |CO RD 6.0 MILES EAST OF PICKRELL                  
S|31|000013|7|1|22|5R|1|T|1|3|N|1|3|F|13|N|0|0| |2|L|Q|P|000000292000| 53269|40378340| 96610950|    |      |50|00|067|N|            |N|0|00000000|0|        |CO RD 6.0 MILES EAST OF PICKRELL                  
S|31|000014|1|1|22|4R|1|T|1|3|N|1|3|F|13|N|0|0| |2|L|Q|P|000000000700| 65178|42506385| 99871775|    |      |50|00|017|N|            |N|3|       7|0|        |N7 2.5 MILES SOUTH OF AINSWORTH                   
S|31|000014|5|1|22|4R|1|T|1|3|N|1|3|F|13|N|0|0| |2|L|Q|P|000000000700| 65178|42506385| 99871775|    |      |50|00|017|N|            |N|3|       7|0|        |N7 2.5 MILES SOUTH OF AINSWORTH                   
S|31|000014|9|0|22|4R|2|T|2|3|N|2|3|F|13|N|0|0| |2|L|Q|P|000000000700| 65178|42506385| 99871775|    |      |50|00|017|N|            |N|3|       7|0|        |N7 2.5 MILES SOUTH OF AINSWORTH                   
S|31|000015|9|0|22|5R|2|T|2|3|N|0|0| |13|N|0|0| |2|L| |P|000000123500| 34279|41134780|102476000|    |      |50|00|049|N|            |N|0|00000000|0|        |CO RD 3.0 MILES NORTH OF CHAPPELL                 
S|31|000016|1|0|22|4U|3|T|3|3|N|3|3|F|13|N|0|0| |2|L|Q|P|000000522700|163831|40800760| 96698300|    |      |51|00|109|N|            |N|0|00000000|0|        |17TH ST JUST NORTH OF "B" STREET IN LINCOLN       
S|31|000016|5|0|22|4U|2|T|2|3|N|2|3|F|13|N|0|0| |2|L|Q|P|000000522500|163831|40800760| 96696645|    |      |55|00|109|N|            |N|0|00000000|0|        |16TH ST JUST NORTH OF "B" STREET IN LINCOLN       
S|31|000017|1|0|22|1U|3|T|3|3|N|0|0| |13|N|0|0| |2|L| |P|000000008000|709721|41180000| 96115920|    |      |59|00|153|Y|77080 443490|Y|1|      80|0|        |I80 DOUGLAS-SARPY COUNTY LINE                     
S|31|000017|5|0|22|1U|3|T|3|3|N|0|0| |13|N|0|0| |2|L| |P|000000008000|709721|41188000| 96115920|    |      |59|00|153|Y|77080 443490|Y|1|      80|0|        |I80 DOUGLAS-SARPY COUNTY LINE                     
S|31|000018|5|1|22|4U|2|T|1|3|N|1|3|F|13|N|0|0| |2|L|Q|P|000000522500|163831|40800760| 96696645|    |      |55|00|109|N|            |N|0|00000000|0|        |16TH ST JUST NORTH OF "B" STREET IN LINCOLN       
S|31|000018|5|2|22|4U|2|T|1|3|N|1|3|F|13|N|0|0| |2|L|Q|P|000000522500|163831|40800760| 96696645|    |      |55|00|109|N|            |N|0|00000000|0|        |16TH ST JUST NORTH OF "B" STREET IN LINCOLN       
S|31|000019|0|0|22|4R|2|T|2|3|N|2|3|F|13|N|0|0| |2|L|Q|P|000000000600|   161|40581692|102051141|    |      |63|00|029|Y|15006 004190|N|2|       6|0|        |US6 NEBRASKA-COLORADO STATE LINE                  
S|31|000019|3|1|22|4R|1|T|1|3|N|1|3|F|13|N|0|0| |2|L|Q|P|000000000600|   161|40581692|102051141|    |      |63|00|029|Y|15006 004190|N|2|       6|0|        |US6 NEBRASKA-COLORADO STATE LINE                  
S|31|000019|7|1|22|4R|1|T|1|3|N|1|3|F|13|N|0|0| |2|L|Q|P|000000000600|   161|40581692|102051141|    |      |63|00|029|Y|15006 004190|N|2|       6|0|        |US6 NEBRASKA-COLORADO STATE LINE                  
S|31|000020|3|1|22|1R|2|T|1|3|N|1|3|F|13|N|0|0| |2|L|Q|P|000000008000|400888|40691640| 99532309|    |      |64|00|047|N|            |Y|1|      80|0|        |I80 0.4 MILES EAST OF THE OVERTON INTG            
S|31|000020|3|2|22|1R|2|T|1|3|N|1|3|F|13|N|0|0| |2|L|Q|P|000000008000|400888|40691640| 99532309|    |      |64|00|047|N|            |Y|1|      80|0|        |I80 0.4 MILES EAST OF THE OVERTON INTG            
S|31|000020|7|1|22|1R|2|T|1|3|N|1|3|F|13|N|0|0| |2|L|Q|P|000000008000|400888|40691640| 99532309|    |      |64|00|047|N|            |Y|1|      80|0|        |I80 0.4 MILES EAST OF THE OVERTON INTG            
S|31|000020|7|2|22|1R|2|T|1|3|N|1|3|F|13|N|0|0| |2|L|Q|P|000000008000|400888|40691640| 99532309|    |      |64|00|047|N|            |Y|1|      80|0|        |I80 0.4 MILES EAST OF THE OVERTON INTG            
S|31|000021|3|1|22|3R|2|T|1|3|N|1|3|F|13|N|0|0| |2|L| |P|000000002600| 44418|41840469|103607973|    |      |64|00|157|Y|79026 031760|Y|2|      26|0|        |US26 3.0 MILES EAST OF SCOTTSBLUFF                
S|31|000021|3|2|22|3R|2|T|1|3|N|1|3|F|13|N|0|0| |2|L| |P|000000002600| 44418|41840469|103607973|    |      |64|00|157|Y|79026 031760|Y|2|      26|0|        |US26 3.0 MILES EAST OF SCOTTSBLUFF                
S|31|000021|7|1|22|3R|2|T|1|3|N|1|3|F|13|N|0|0| |2|L| |P|000000002600| 44418|41840469|103607973|    |      |64|00|157|Y|79026 031760|Y|2|      26|0|        |US26 3.0 MILES EAST OF SCOTTSBLUFF                
S|31|000021|7|2|22|3R|2|T|1|3|N|1|3|F|13|N|0|0| |2|L| |P|000000002600| 44418|41840469|103607973|    |      |64|00|157|Y|79026 031760|Y|2|      26|0|        |US26 3.0 MILES EAST OF SCOTTSBLUFF                
S|31|000023|1|1|22|3U|2|T|1|3|N|1|3|F|13|N|0|0| |2|L|Q|P|000000007500|154980|41341800| 95963000|    |      |73|00|055|Y|28075 095990|Y|2|      75|0|        |US75 JUST SOUTH OF MCKINLEY STREET IN NORTH OMAHA 
S|31|000023|1|2|22|3U|2|T|1|3|N|1|3|F|13|N|0|0| |2|L|Q|P|000000007500|154980|41341800| 95963000|    |      |73|00|055|Y|28075 095990|Y|2|      75|0|        |US75 JUST SOUTH OF MCKINLEY STREET IN NORTH OMAHA 
S|31|000023|5|1|22|3U|2|T|1|3|N|1|3|F|13|N|0|0| |2|L|Q|P|000000007500|154980|41341800| 95963000|    |      |73|00|055|N|28075 095990|Y|2|      75|0|        |US75 JUST SOUTH OF MCKINLEY STREET IN NORTH OMAHA 
S|31|000023|5|2|22|3U|2|T|1|3|N|1|3|F|13|N|0|0| |2|L|Q|P|000000007500|154980|41341800| 95963000|    |      |73|00|055|N|28075 095990|Y|2|      75|0|        |US75 JUST SOUTH OF MCKINLEY STREET IN NORTH OMAHA 
S|31|000024|3|0|22|1U|6|T|6|3|N|0|0| |13|N|0|0| |2|X| |P|000000008000|728228|41226714| 95962561|    |      |66|00|055|Y|28080 452160|Y|1|      80|0|        |I80 EAST OF 42ND STREET IN OMAHA                  
S|31|000024|7|0|22|1U|7|T|7|3|N|0|0| |13|N|0|0| |2|X| |P|000000008000|728228|41226714| 95962561|    |      |66|00|055|Y|28080 452160|Y|1|      80|0|        |I80 EAST OF 42ND STREET IN OMAHA                  
S|31|000025|3|1|22|2U|2|T|1|3|N|1|3|F|13|N|0|0| |2|L|Q|P|000000006400|107020|41292132| 96174900|    |      |06|00|055|Y|28064 063640|N|3|      64|0|        |N64 EAST OF 168TH STREET IN OMAHA                 
S|31|000025|3|2|22|2U|2|T|1|3|N|1|3|F|13|N|0|0| |2|L|Q|P|000000006400|107020|41292132| 96174900|    |      |06|00|055|Y|28064 063640|N|3|      64|0|        |N64 EAST OF 168TH STREET IN OMAHA                 
S|31|000025|7|1|22|2U|2|T|1|3|N|1|3|F|13|N|0|0| |2|L|Q|P|000000006400|107020|41292132| 96174900|    |      |06|00|055|Y|28064 063640|N|3|      64|0|        |N64 EAST OF 168TH STREET IN OMAHA                 
S|31|000025|7|2|22|2U|2|T|1|3|N|1|3|F|13|N|0|0| |2|L|Q|P|000000006400|107020|41292132| 96174900|    |      |06|00|055|Y|28064 063640|N|3|      64|0|        |N64 EAST OF 168TH STREET IN OMAHA                 
S|31|000026|1|1|22|2U|2|T|1|3|N|1|3|F|13|N|0|0| |2|L|Q|P|000000007500|132771|41147865| 95938585|    |      |66|00|153|Y|77075 081740|Y|2|      75|0|        |US75 JUST NORTH OF JCT N370 IN BELLEVUE           
S|31|000026|1|2|22|2U|2|T|1|3|N|1|3|F|13|N|0|0| |2|L|Q|P|000000007500|132771|41147865| 95938585|    |      |66|00|153|Y|77075 081740|Y|2|      75|0|        |US75 JUST NORTH OF JCT N370 IN BELLEVUE           
S|31|000026|5|1|22|2U|2|T|1|3|N|1|3|F|13|N|0|0| |2|L|Q|P|000000007500|132771|41147865| 95938585|    |      |66|00|153|Y|77075 081740|Y|2|      75|0|        |US75 JUST NORTH OF JCT N370 IN BELLEVUE           
S|31|000026|5|2|22|2U|2|T|1|3|N|1|3|F|13|N|0|0| |2|L|Q|P|000000007500|132771|41147865| 95938585|    |      |66|00|153|Y|77075 081740|Y|2|      75|0|        |US75 JUST NORTH OF JCT N370 IN BELLEVUE           
S|31|000027|3|0|22|1R|2|T|2|3|N|0|0| |13|N|0|0| |2|X| |P|000000007600|  3218|41020745|102165276|    |      |19|00|049|Y|25076 000000|Y|1|      76|0|        |I76 NE-CO LINE                                    
S|31|000027|7|0|22|1R|2|T|2|3|N|0|0| |13|N|0|0| |2|X| |P|000000007600|  3218|41020745|102165276|    |      |19|00|049|Y|25076 000000|Y|1|      76|0|        |I76 NE-CO LINE                                    
S|31|000028|3|0|22|3U|2|T|2|3|N|0|0| |13|N|0|0| |2|L| |P|000000003400|526577|40813442| 96660934|    |      |71|00|109|Y|55034 328140|Y|2|      34|0|        |US34 WEST OF 44TH STREET IN LINCOLN               
S|31|000028|7|0|22|3U|2|T|2|3|N|0|0| |13|N|0|0| |2|L| |P|000000003400|526577|40813442| 96660934|    |      |71|00|109|Y|55034 328140|Y|2|      34|0|        |US34 WEST OF 44TH STREET IN LINCOLN               
S|31|000029|3|1|22|3U|3|T|1|3|N|1|3|F|13|N|0|0| |2|L|Q|P|000000003000|506139|40919000| 98356310|    |      |72|00|079|N|            |Y|2|      30|0|        |US30 EAST OF BROADWELL AVE IN GRAND ISLAND        
S|31|000029|3|2|22|3U|3|T|1|3|N|1|3|F|13|N|0|0| |2|L|Q|P|000000003000|506139|40919000| 98356310|    |      |72|00|079|N|            |Y|2|      30|0|        |US30 EAST OF BROADWELL AVE IN GRAND ISLAND        
S|31|000029|3|3|22|3U|3|T|1|3|N|1|3|F|13|N|0|0| |2|L|Q|P|000000003000|506139|40919000| 98356310|    |      |72|00|079|N|            |Y|2|      30|0|        |US30 EAST OF BROADWELL AVE IN GRAND ISLAND        
S|31|000029|7|1|22|3U|2|T|1|3|N|1|3|F|13|N|0|0| |2|L|Q|P|000000003000|506139|40919000| 98356310|    |      |72|00|079|N|            |Y|2|      30|0|        |US30 EAST OF BROADWELL AVE IN GRAND ISLAND        
S|31|000029|7|2|22|3U|2|T|1|3|N|1|3|F|13|N|0|0| |2|L|Q|P|000000003000|506139|40919000| 98356310|    |      |72|00|079|N|            |Y|2|      30|0|        |US30 EAST OF BROADWELL AVE IN GRAND ISLAND        
S|31|000030|0|0|22|5R|2|T|2|3|N|2|3|F|13|N|0|0| |2|L|Q|P|000000012100|128587|42844677| 97400453|    |      |73|00|027|N|            |N|3|     121|0|        |N121 EAST OF GAVINS POINT DAM                     
S|31|000030|3|1|22|5R|1|T|1|3|N|1|3|F|13|N|0|0| |2|L|Q|P|000000012100|128587|42844677| 97400453|    |      |73|00|027|N|            |N|3|     121|0|        |N121 EAST OF GAVINS POINT DAM                     
S|31|000030|7|1|22|5R|1|T|1|3|N|1|3|F|13|N|0|0| |2|L|Q|P|000000012100|128587|42844677| 97400453|    |      |73|00|027|N|            |N|3|     121|0|        |N121 EAST OF GAVINS POINT DAM                     
S|31|000031|3|1|22|1R|2|T|1|3|N|1|3|F|13|N|0|0| |2|L|Q|P|000000008000|141944|41057482|102430168|    |      |73|00|049|Y|25080 095020|Y|1|      80|0|        |I80 EAST OF CHAPPELL INTERCHANGE                  
S|31|000031|3|2|22|1R|2|T|1|3|N|1|3|F|13|N|0|0| |2|L|Q|P|000000008000|141944|41057482|102430168|    |      |73|00|049|Y|25080 095020|Y|1|      80|0|        |I80 EAST OF CHAPPELL INTERCHANGE                  
S|31|000031|7|1|22|1R|2|T|1|3|N|1|3|F|13|N|0|0| |2|L|Q|P|000000008000|141944|41057482|102430168|    |      |73|00|049|Y|25080 095020|Y|1|      80|0|        |I80 EAST OF CHAPPELL INTERCHANGE                  
S|31|000031|7|2|22|1R|2|T|1|3|N|1|3|F|13|N|0|0| |2|L|Q|P|000000008000|141944|41057482|102430168|    |      |73|00|049|Y|25080 095020|Y|1|      80|0|        |I80 EAST OF CHAPPELL INTERCHANGE                  
S|31|000032|3|1|22|1U|2|T|1|3|N|1|3|F|13|N|0|0| |2|L|Q|P|000000068000| 21404|41345000| 95957120|    |      |75|00|055|Y|28680 013430|Y|1|     680|0|        |I680 MISSOURI RIVER BRIDGE IN OMAHA               
S|31|000032|3|2|22|1U|2|T|1|3|N|1|3|F|13|N|0|0| |2|L|Q|P|000000068000| 21404|41345000| 95957120|    |      |75|00|055|Y|28680 013430|Y|1|     680|0|        |I680 MISSOURI RIVER BRIDGE IN OMAHA               
S|31|000032|7|1|22|1U|2|T|1|3|N|1|3|F|13|N|0|0| |2|L|Q|P|000000068000| 21404|41345000| 95957120|    |      |75|00|055|Y|28680 013430|Y|1|     680|0|        |I680 MISSOURI RIVER BRIDGE IN OMAHA               
S|31|000032|7|2|22|1U|2|T|1|3|N|1|3|F|13|N|0|0| |2|L|Q|P|000000068000| 21404|41345000| 95957120|    |      |75|00|055|Y|28680 013430|Y|1|     680|0|        |I680 MISSOURI RIVER BRIDGE IN OMAHA               
S|31|000033|1|1|22|3R|2|T|1|3|N|1|3|F|13|N|0|0| |2|L|Q|P|000000008100| 50855|40437438| 97596070|    |      |75|00|059|N|            |Y|2|      81|0|        |US81 6.0 MILES SOUTH OF GENEVA                    
S|31|000033|1|2|22|3R|2|T|1|3|N|1|3|F|13|N|0|0| |2|L|Q|P|000000008100| 50855|40437438| 97596070|    |      |75|00|059|N|            |Y|2|      81|0|        |US81 6.0 MILES SOUTH OF GENEVA                    
S|31|000033|5|1|22|3R|2|T|1|3|N|1|3|F|13|N|0|0| |2|L|Q|P|000000008100| 50855|40437438| 97596070|    |      |75|00|059|N|            |Y|2|      81|0|        |US81 6.0 MILES SOUTH OF GENEVA                    
S|31|000033|5|2|22|3R|2|T|1|3|N|1|3|F|13|N|0|0| |2|L|Q|P|000000008100| 50855|40437438| 97596070|    |      |75|00|059|N|            |Y|2|      81|0|        |US81 6.0 MILES SOUTH OF GENEVA                    
S|31|000034|1|1|22|3R|1|T|1|3|N|1|3|F|13|N|0|0| |2|L|Q|P|000000008300| 99780|40832242|100753871|    |      |76|00|111|N|            |Y|2|      83|0|        |US83 14.0 MILES SOUTH OF NORTH PLATTE             
S|31|000034|5|1|22|3R|1|T|1|3|N|1|3|F|13|N|0|0| |2|L|Q|P|000000008300| 99780|40832242|100753871|    |      |76|00|111|N|            |Y|2|      83|0|        |US83 14.0 MILES SOUTH OF NORTH PLATTE             
S|31|000034|9|0|22|3R|2|T|2|3|N|2|3|F|13|N|0|0| |2|L|Q|P|000000008300| 99780|40832242|100753871|    |      |76|00|111|N|            |Y|2|      83|0|        |US83 14.0 MILES SOUTH OF NORTH PLATTE             
S|31|000035|1|1|22|4R|1|T|1|3|N|1|3|F|13|N|0|0| |2|L|Q|P|000000028100| 70811|40558917| 98401977|    |      |76|00|001|N|            |N|2|     281|0|        |US281 0.5 MILES SOUTH OF US6&34  SOUTH OF HASTINGS
S|31|000035|5|1|22|4R|1|T|1|3|N|1|3|F|13|N|0|0| |2|L|Q|P|000000028100| 70811|40558917| 98401977|    |      |76|00|001|N|            |N|2|     281|0|        |US281 0.5 MILES SOUTH OF US6&34  SOUTH OF HASTINGS
S|31|000035|9|0|22|4R|2|T|2|3|N|2|3|F|13|N|0|0| |2|L|Q|P|000000028100| 70811|40558917| 98401977|    |      |76|00|001|N|            |N|2|     281|0|        |US281 0.5 MILES SOUTH OF US6&34  SOUTH OF HASTINGS
S|31|000036|3|0|22|1U|2|T|2|3|N|2|3|F|13|L|2|4|D|2|L|Q|P|000000012900|  4828|42447349| 96384995|4019|      |78|00|043|Y|22129 001750|Y|1|     129|2|      20|I129 MISSOURI RIVER BRIDGE IN SOUTH SIOUX CITY    
S|31|000036|7|0|22|1U|2|T|2|3|N|2|3|F|13|L|2|4|D|2|L|Q|P|000000012900|  4828|42447349| 96384995|    |      |78|00|043|Y|22129 001750|Y|1|     129|2|      20|I129 MISSOURI RIVER BRIDGE IN SOUTH SIOUX CITY    
S|31|000037|0|0|22|6R|2|T|2|3|N|0|0| |13|N|0|0| |2|L| |P|000000757800|  4023|40147670| 98068960|    |      |79|00|129|N|            |N|0|00000000|0|        |CO RD 3.5 MILES SOUTH OF NELSON                   
S|31|000038|3|1|22|1R|2|T|1|3|N|1|3|F|13|N|0|0| |2|L|Q|P|000000008000|609298|40822087| 97120909|    |      |80|00|159|Y|80080 373090|Y|1|      80|0|        |I80 WEST OF SEWARD INTERCHANGE                    
S|31|000038|3|2|22|1R|2|T|1|3|N|1|3|F|13|N|0|0| |2|L|Q|P|000000008000|609298|40822087| 97120909|    |      |80|00|159|Y|80080 373090|Y|1|      80|0|        |I80 WEST OF SEWARD INTERCHANGE                    
S|31|000038|7|1|22|1R|2|T|1|3|N|1|3|F|13|N|0|0| |2|L|Q|P|000000008000|609298|40822087| 97120909|    |      |80|00|159|Y|80080 373090|Y|1|      80|0|        |I80 WEST OF SEWARD INTERCHANGE                    
S|31|000038|7|2|22|1R|2|T|1|3|N|1|3|F|13|N|0|0| |2|L|Q|P|000000008000|609298|40822087| 97120909|    |      |80|00|159|Y|80080 373090|Y|1|      80|0|        |I80 WEST OF SEWARD INTERCHANGE                    
S|31|000039|0|0|22|3R|2|T|2|3|N|2|3|F|13|N|0|0| |2|L|Q|P|000000281300|148060|41199161| 98440050|    |      |80|00|093|N|            |Y|2|     281|3|      92|US281 1.0 MILE SOUTHEAST OF SAINT PAUL            
S|31|000039|1|1|22|1R|2|T|1|3|N|1|3|F|13|N|0|0| |2|L|Q|P|000000281300|148060|41199161| 98440050|    |      |80|00|093|N|            |Y|2|     281|3|      92|US281 1.0 MILE SOUTHEAST OF SAINT PAUL            
S|31|000039|5|1|22|1R|2|T|1|3|N|1|3|F|13|N|0|0| |2|L|Q|P|000000281300|148060|41199161| 98440050|    |      |80|00|093|N|            |Y|2|     281|3|      92|US281 1.0 MILE SOUTHEAST OF SAINT PAUL            
S|31|000040|1|1|22|1U|4|T|1|3|N|1|3|F|13|L|3|4|D|2|L|Q|P|000000068000|  6437|41271410| 96076105|5052|      |82|00|055|Y|28680 004330|Y|1|     680|0|        |I680 NORTH OF DODGE STREET IN OMAHA               
S|31|000040|1|2|22|1U|4|T|1|3|N|1|3|F|13|L|3|4|D|2|L|Q|P|000000068000|  6437|41271410| 96076105|5052|      |82|00|055|Y|28680 004330|Y|1|     680|0|        |I680 NORTH OF DODGE STREET IN OMAHA               
S|31|000040|1|3|22|1U|4|T|1|3|N|1|3|F|13|L|3|4|D|2|L|Q|P|000000068000|  6437|41271410| 96076105|5052|      |82|00|055|Y|28680 004330|Y|1|     680|0|        |I680 NORTH OF DODGE STREET IN OMAHA               
S|31|000040|1|4|22|1U|4|T|1|3|N|1|3|F|13|L|3|4|D|2|L|Q|P|000000068000|  6437|41271410| 96076105|5052|      |82|00|055|Y|28680 004330|Y|1|     680|0|        |I680 NORTH OF DODGE STREET IN OMAHA               
S|31|000040|5|0|22|1U|4|T|4|3|N|4|3|F|13|L|3|4|D|2|L|Q|P|000000068000|  6437|41271410| 96076105|    |      |82|00|055|Y|28680 004330|Y|1|     680|0|        |I680 NORTH OF DODGE STREET IN OMAHA               
S|31|000041|1|0|22|3R|2|T|2|3|N|0|0| |13|N|0|0| |2|L| |P|000000008100|259104|42102860| 97426520|    |      |83|00|139|Y|70081 161950|Y|2|      81|0|        |US81 3.0 MILES NORTH OF NORFOLK                   
S|31|000041|5|0|22|3R|2|T|2|3|N|0|0| |13|N|0|0| |2|L| |P|000000008100|259104|42102860| 97426520|    |      |83|00|139|Y|70081 161950|Y|2|      81|0|        |US81 3.0 MILES NORTH OF NORFOLK                   
S|31|000042|1|0|22|4U|2|T|2|3|N|0|0| |13|N|0|0| |2|L| |P|000000571900|161095|41850740|103636280|    |      |84|00|157|Y|795719003100|N|0|00000000|0|        |21ST AVE NORTH OF BELTLINE HIGHWAY IN SCOTTSBLUFF 
S|31|000042|5|0|22|4U|2|T|2|3|N|0|0| |13|N|0|0| |2|L| |P|000000571900|161095|41850740|103636280|    |      |84|00|157|Y|795719003100|N|0|00000000|0|        |21ST AVE NORTH OF BELTLINE HIGHWAY IN SCOTTSBLUFF 
S|31|000043|3|1|22|1R|1|T|1|3|N|1|3|F|13|N|0|0| |2|L|Q|P|000000008000|243011|41119613|101253186|    |      |84|00|111|Y|56080 158030|Y|1|      80|0|        |I80 0.5 MILES WEST OF THE SUTHERLAND INTERCHANGE  
S|31|000043|3|2|22|1R|1|T|1|3|N|1|3|F|13|N|0|0| |2|L|Q|P|000000008000|243011|41119613|101253186|    |      |84|00|111|Y|56080 158030|Y|1|      80|0|        |I80 0.5 MILES WEST OF THE SUTHERLAND INTERCHANGE  
S|31|000043|7|1|22|1R|2|T|1|3|N|1|3|F|13|N|0|0| |2|L|Q|P|000000008000|243011|41119613|101253186|    |      |84|00|111|Y|56080 158030|Y|1|      80|0|        |I80 0.5 MILES WEST OF THE SUTHERLAND INTERCHANGE  
S|31|000043|7|2|22|1R|2|T|1|3|N|1|3|F|13|N|0|0| |2|L|Q|P|000000008000|243011|41119613|101253186|    |      |84|00|111|Y|56080 158030|Y|1|      80|0|        |I80 0.5 MILES WEST OF THE SUTHERLAND INTERCHANGE  
S|31|000044|0|0|22|5U|2|T|2|3|N|0|0| |13|N|0|0| |2|L| |P|000000660200|161578|40448870| 99380920|    |      |84|00|137|Y|696604000500|N|0|00000000|0|        |14TH AVE WEST OF US183 IN HOLDREGE                
S|31|000045|3|1|22|1R|2|T|1|3|N|1|3|F|13|L|2|4|D|2|L|Q|P|000000008000|531084|40821819| 98038458|    |      |84|00|081|Y|41080 324140|Y|1|      80|0|        |I80 1.0 MILE WEST OF THE AURORA INTERCHANGE       
S|31|000045|3|2|22|1R|2|T|1|3|N|1|3|F|13|L|2|4|D|2|L|Q|P|000000008000|531084|40821819| 98038458|    |      |84|00|081|Y|41080 324140|Y|1|      80|0|        |I80 1.0 MILE WEST OF THE AURORA INTERCHANGE       
S|31|000045|7|1|22|1R|2|T|1|3|N|1|3|F|13|L|2|4|D|2|L|Q|P|000000008000|531084|40821819| 98038458|3024|      |84|00|081|Y|41080 324140|Y|1|      80|0|        |I80 1.0 MILE WEST OF THE AURORA INTERCHANGE       
S|31|000045|7|2|22|1R|2|T|1|3|N|1|3|F|13|L|2|4|D|2|L|Q|P|000000008000|531084|40821819| 98038458|3024|      |84|00|081|Y|41080 324140|Y|1|      80|0|        |I80 1.0 MILE WEST OF THE AURORA INTERCHANGE       
S|31|000046|1|1|22|1U|2|T|1|3|N|1|3|F|13|N|0|0| |2|L|Q|P|000000018000|  4828|40833630| 96712000|    |      |84|00|109|Y|55180 003470|Y|1|     180|0|        |I180 SOUTH OF CORNHUSKER HIGHWAY IN LINCOLN       
S|31|000046|1|2|22|1U|2|T|1|3|N|1|3|F|13|N|0|0| |2|L|Q|P|000000018000|  4828|40833630| 96712000|    |      |84|00|109|Y|55180 003470|Y|1|     180|0|        |I180 SOUTH OF CORNHUSKER HIGHWAY IN LINCOLN       
S|31|000046|5|1|22|1U|2|T|1|3|N|1|3|F|13|N|0|0| |2|L|Q|P|000000018000|  4828|40833630| 96712000|    |      |84|00|109|Y|55180 003470|Y|1|     180|0|        |I180 SOUTH OF CORNHUSKER HIGHWAY IN LINCOLN       
S|31|000046|5|2|22|1U|2|T|1|3|N|1|3|F|13|N|0|0| |2|L|Q|P|000000018000|  4828|40833630| 96712000|    |      |84|00|109|Y|55180 003470|Y|1|     180|0|        |I180 SOUTH OF CORNHUSKER HIGHWAY IN LINCOLN       
S|31|000047|3|1|22|3R|1|T|1|3|N|1|3|F|13|N|0|0| |2|L|Q|P|000000027500|104607|42025382| 97615100|    |      |87|00|117|Y|60275 065510|Y|2|     275|0|        |US275 WEST OF JCT N121, WEST OF NORFOLK           
S|31|000047|7|1|22|3R|1|T|1|3|N|1|3|F|13|N|0|0| |2|L|Q|P|000000027500|104607|42025328| 97615100|    |      |87|00|117|Y|60275 065510|Y|2|     275|0|        |US275 WEST OF JCT N121, WEST OF NORFOLK           
S|31|000048|3|1|22|3R|1|T|1|3|N|1|3|F|13|N|0|0| |2|L|Q|P|000000002000|326697|42805000|100501870|    |      |89|00|031|N|            |Y|2|      20|0|        |US20 EAST OF VALENTINE                            
S|31|000048|7|1|22|3R|1|T|1|3|N|1|3|F|13|N|0|0| |2|L|Q|P|000000002000|326697|42805000|100501870|    |      |89|00|031|N|            |Y|2|      20|0|        |US20 EAST OF VALENTINE                            
S|31|000049|3|0|22|3R|1|T|1|3|N|0|0| |13|N|0|0| |2|L| |P|000000000200|236574|41997011|101740043|    |      |88|95|075|N|            |Y|3|       2|3|      61|N2 EAST OF HYANNIS                                
S|31|000049|7|0|22|3R|1|T|1|3|N|0|0| |13|N|0|0| |2|L| |P|000000000200|236574|41997011|101740043|    |      |88|95|075|N|            |Y|3|       2|3|      61|N2 EAST OF HYANNIS                                
S|31|000050|1|1|22|5R|1|T|1|3|N|1|3|F|13|N|0|0| |2|L|Q|P|000000009600| 21561|41825219| 99196491|    |      |94|00|071|N|            |N|3|      96|0|        |N96 NORTHWEST OF BURWELL                          
S|31|000050|5|1|22|5R|1|T|1|3|N|1|3|F|13|N|0|0| |2|L|Q|P|000000009600| 21561|41825219| 99196491|    |      |94|00|071|N|            |N|3|      96|0|        |N96 NORTHWEST OF BURWELL                          
S|31|000051|0|0|22|5R|2|T|2|3|N|0|0| |13|N|0|0| |2|L| |P|000000271000| 26554|40974370| 97179070|    |      |95|00|159|N|            |N|0|00000000|0|        |CO RD WEST OF STAPLEHURST                         
S|31|000052|9|0|22|5R|2|T|2|3|N|0|0| |13|N|0|0| |2|L| |P|000000276500| 11265|40725800| 97806500|    |      |95|00|185|Y|932765010570|N|0|00000000|0|        |CO RD SOUTH OF HENDERSON                          
S|31|000053|3|1|22|1R|2|T|1|3|N|1|3|F|13|L|2|4|D|2|L|Q|P|000000008000|104607|41112931|102852155|6702|      |99|00|033|Y|17080 069630|Y|1|      80|0|        |I80 EAST OF SIDNEY INTERCHANGE                    
S|31|000053|3|2|22|1R|2|T|1|3|N|1|3|F|13|L|2|4|D|2|L|Q|P|000000008000|104607|41112931|102852155|6702|      |99|00|033|Y|17080 069630|Y|1|      80|0|        |I80 EAST OF SIDNEY INTERCHANGE                    
S|31|000053|7|1|22|1R|2|T|1|3|N|1|3|F|13|L|2|4|D|2|L|Q|P|000000008000|104607|41112931|102852155|    |      |99|00|033|Y|17080 069630|Y|1|      80|0|        |I80 EAST OF SIDNEY INTERCHANGE                    
S|31|000053|7|2|22|1R|2|T|1|3|N|1|3|F|13|L|2|4|D|2|L|Q|P|000000008000|104607|41112931|102852155|    |      |99|00|033|Y|17080 069630|Y|1|      80|0|        |I80 EAST OF SIDNEY INTERCHANGE                    
S|31|000054|3|1|22|1R|2|T|1|3|N|1|3|F|13|L|2|4|D|2|L|Q|P|000000008000|442570|40669699| 99040999|    |      |99|00|019|N|            |Y|1|      80|0|        |I80 EAST OF KEARNEY INTERCHANGE                   
S|31|000054|3|2|22|1R|2|T|1|3|N|1|3|F|13|L|2|4|D|2|L|Q|P|000000008000|442570|40669699| 99040999|    |      |99|00|019|N|            |Y|1|      80|0|        |I80 EAST OF KEARNEY INTERCHANGE                   
S|31|000054|7|1|22|1R|2|T|1|3|N|1|3|F|13|L|2|4|D|2|L|Q|P|000000008000|442570|40669699| 99040999|3018|      |99|00|019|N|            |Y|1|      80|0|        |I80 EAST OF KEARNEY INTERCHANGE                   
S|31|000054|7|2|22|1R|2|T|1|3|N|1|3|F|13|L|2|4|D|2|L|Q|P|000000008000|442570|40669699| 99040999|3018|      |99|00|019|N|            |Y|1|      80|0|        |I80 EAST OF KEARNEY INTERCHANGE                   
S|31|000055|3|0|22|1R|2|T|2|3|N|2|3|F|13|L|2|4|D|2|L|Q|P|000000008000|619597|40821030| 96989556|    |      |99|00|179|N|            |Y|1|      80|0|        |I80 EAST OF MILFORD INTERCHANGE                   
S|31|000055|7|0|22|1R|2|T|2|3|N|2|3|F|13|L|2|4|D|2|L|Q|P|000000008000|619597|40821030| 96989556|7050|      |99|00|179|N|            |Y|1|      80|0|        |I80 EAST OF MILFORD INTERCHANGE                   
S|31|000056|3|1|22|1R|3|T|1|3|N|1|3|F|13|L|3|4|D|2|L|Q|P|000000008000|692018|41063942| 96291759|7005|      |99|00|153|Y|77080 429930|Y|1|      80|0|        |I80 WEST OF GRETNA INTERCHANGE                    
S|31|000056|3|2|22|1R|3|T|1|3|N|1|3|F|13|L|3|4|D|2|L|Q|P|000000008000|692018|41063942| 96291759|7005|      |99|00|153|Y|77080 429930|Y|1|      80|0|        |I80 WEST OF GRETNA INTERCHANGE                    
S|31|000056|3|3|22|1R|3|T|1|3|N|1|3|F|13|L|3|4|D|2|L|Q|P|000000008000|692018|41063942| 96291759|7005|      |99|00|153|Y|77080 429930|Y|1|      80|0|        |I80 WEST OF GRETNA INTERCHANGE                    
S|31|000056|7|1|22|1R|3|T|1|3|N|1|3|F|13|L|3|4|D|2|L|Q|P|000000008000|692018|41063942| 96291759|7005|      |99|00|153|Y|77080 429930|Y|1|      80|0|        |I80 WEST OF GRETNA INTERCHANGE                    
S|31|000056|7|2|22|1R|3|T|1|3|N|1|3|F|13|L|3|4|D|2|L|Q|P|000000008000|692018|41063942| 96291759|7005|      |99|00|153|Y|77080 429930|Y|1|      80|0|        |I80 WEST OF GRETNA INTERCHANGE                    
S|31|000056|7|3|22|1R|3|T|1|3|N|1|3|F|13|L|3|4|D|2|L|Q|P|000000008000|692018|41063942| 96291759|7005|      |99|00|153|Y|77080 429930|Y|1|      80|0|        |I80 WEST OF GRETNA INTERCHANGE                    
S|31|000057|3|1|22|3R|1|T|1|3|N|1|3|F|13|L|1|4|D|2|L|Q|P|000000000600|212433|40307266| 99792320|    |      |99|00|065|Y|33006 132610|Y|2|       6|2|      34|US6 & 34 WEST OF ARAPAHOE                         
S|31|000057|7|1|22|3R|1|T|1|3|N|1|3|F|13|L|1|4|D|2|L|Q|P|000000000600|212433|40307266| 99792320|1030|      |99|00|065|Y|33006 132610|Y|2|       6|2|      34|US6 & 34 WEST OF ARAPAHOE                         
S|31|000058|3|1|22|3R|1|T|1|3|N|1|3|F|13|L|1|4|D|2|L|Q|P|000000000600|244620|40374631| 99463861|    |      |99|00|137|Y|69006 151570|Y|2|       6|0|        |US6 WEST OF HOLDREGE                              
S|31|000058|7|1|22|3R|1|T|1|3|N|1|3|F|13|L|1|4|D|2|L|Q|P|000000000600|244620|40374631| 99463861|6700|      |99|00|137|Y|69006 151570|Y|2|       6|0|        |US6 WEST OF HOLDREGE                              
S|31|000059|1|1|22|3R|1|T|1|3|N|1|3|F|13|L|2|4|D|2|L|Q|P|000000008100|270370|42191573| 97426452|3033|      |99|00|139|N|            |Y|2|      81|0|        |US81 NORTH OF JCT N13 TO HADAR                    
S|31|000059|5|1|22|3R|1|T|1|3|N|1|3|F|13|L|2|4|D|2|L|Q|P|000000008100|270370|42191573| 97426452|    |      |99|00|139|N|            |Y|2|      81|0|        |US81 NORTH OF JCT N13 TO HADAR                    
S|31|000060|3|1|22|3R|1|T|1|3|N|1|3|F|13|L|1|4|D|2|L|Q|P|000000002000|627644|42424000| 97127980|    |      |99|00|027|Y|14020 391360|Y|2|      20|0|        |US20 WEST OF LAUREL                               
S|31|000060|7|1|22|3R|1|T|1|3|N|1|3|F|13|L|1|4|D|2|L|Q|P|000000002000|627644|42424000| 97127980|7017|      |99|00|027|Y|14020 391360|Y|2|      20|0|        |US20 WEST OF LAUREL                               
S|31|000061|3|1|22|3R|1|T|1|3|N|1|3|F|13|L|1|4|D|2|L|Q|P|000000003000|692018|41451308| 96420236|7040|      |99|00|053|N|            |Y|2|      30|0|        |US30 WEST OF ARLINGTON                            
S|31|000061|7|1|22|3R|1|T|1|3|N|1|3|F|13|L|1|4|D|2|L|Q|P|000000003000|692018|41451308| 96420236|    |      |99|00|053|N|            |Y|2|      30|0|        |US30 WEST OF ARLINGTON                            
S|31|000062|1|1|22|3U|2|T|1|3|N|1|3|F|13|L|2|4|D|2|L|Q|P|000000028100|112654|40924072| 98383238|6701|      |99|00|079|Y|40281 071480|Y|2|     281|0|        |US281 IN GRAND ISLAND                             
S|31|000062|1|2|22|3U|2|T|1|3|N|1|3|F|13|L|2|4|D|2|L|Q|P|000000028100|112654|40924072| 98383238|6701|      |99|00|079|Y|40281 071480|Y|2|     281|0|        |US281 IN GRAND ISLAND                             
S|31|000062|5|1|22|3U|2|T|1|3|N|1|3|F|13|L|2|4|D|2|L|Q|P|000000028100|112654|40924072| 98383238|    |      |99|00|079|Y|40281 071480|Y|2|     281|0|        |US281 IN GRAND ISLAND                             
S|31|000062|5|2|22|3U|2|T|1|3|N|1|3|F|13|L|2|4|D|2|L|Q|P|000000028100|112654|40924072| 98383238|    |      |99|00|079|Y|40281 071480|Y|2|     281|0|        |US281 IN GRAND ISLAND                             
S|31|000063|1|0|22|2U|2|T|2|3|N|2|3|F|13|L|2|4|D|2|L|Q|P|000000007700| 88514|40712491| 96708197|    |      |99|00|109|Y|55077 056930|Y|2|      77|0|        |US77 SOUTH OF LINCOLN                             
S|31|000063|5|0|22|2U|2|T|2|3|N|2|3|F|13|L|2|4|D|2|L|Q|P|000000007700| 88514|40712491| 96708197|3028|      |99|00|109|Y|55077 056930|Y|2|      77|0|        |US77 SOUTH OF LINCOLN                             
S|31|000064|1|1|22|3R|2|T|1|3|N|1|3|F|13|L|2|4|D|2|L|Q|P|000000008100|  3219|40031111| 97614172|    |      |99|00|169|Y|85081 001040|Y|2|      81|0|        |US81 SOUTH OF HEBRON                              
S|31|000064|1|2|22|3R|2|T|1|3|N|1|3|F|13|L|2|4|D|2|L|Q|P|000000008100|  3219|40031111| 97614172|    |      |99|00|169|Y|85081 001040|Y|2|      81|0|        |US81 SOUTH OF HEBRON                              
S|31|000064|5|1|22|3R|2|T|1|3|N|1|3|F|13|L|2|4|D|2|L|Q|P|000000008100|  3219|40031111| 97614172|0114|      |99|00|169|Y|85081 001040|Y|2|      81|0|        |US81 SOUTH OF HEBRON                              
S|31|000064|5|2|22|3R|2|T|1|3|N|1|3|F|13|L|2|4|D|2|L|Q|P|000000008100|  3219|40031111| 97614172|0114|      |99|00|169|Y|85081 001040|Y|2|      81|0|        |US81 SOUTH OF HEBRON                              
S|31|000065|3|1|22|3R|2|T|1|3|N|1|3|F|13|N|0|0| |2|L|Q|P|000000000200|758001|40711000| 96494920|    |      |99|00|109|Y|BFD7A792F51F|Y|3|       2|3|      43|N2 EAST OF W JCT N43 (BENNET CORNER)              
S|31|000065|3|2|22|3R|2|T|1|3|N|1|3|F|13|N|0|0| |2|L|Q|P|000000000200|758001|40711000| 96494920|    |      |99|00|109|Y|BFD7A792F51F|Y|3|       2|3|      43|N2 EAST OF W JCT N43 (BENNET CORNER)              
S|31|000065|7|1|22|3R|2|T|1|3|N|1|3|F|13|N|0|0| |2|L|Q|P|000000000200|758001|40711000| 96494920|    |      |99|00|109|Y|BFD7A792F51F|Y|3|       2|3|      43|N2 EAST OF W JCT N43 (BENNET CORNER)              
S|31|000065|7|2|22|3R|2|T|1|3|N|1|3|F|13|N|0|0| |2|L|Q|P|000000000200|758001|40711000| 96494920|    |      |99|00|109|Y|BFD7A792F51F|Y|3|       2|3|      43|N2 EAST OF W JCT N43 (BENNET CORNER)              
S|31|000067|3|0|22|1R|2|T|2|3|N|0|0| |13|N|0|0| |2|X| |P|000000008000|   772|41183174|104044030|    |      |19|00|105|Y|53080 000480|Y|1|      80|0|        |I80 AT PINE BLUFFS INTERCHANGE                    
S|31|000067|7|0|22|1R|2|T|2|3|N|0|0| |13|N|0|0| |2|X| |P|000000008000|   772|41183174|104044030|    |      |19|00|105|Y|53080 000480|Y|1|      80|0|        |I80 AT PINE BLUFFS INTERCHANGE                    
S|31|000068|3|0|22|5R|1|T|1|3|N|0|0| |13|N|0|0| |2|X| |P|000000005600| 32187|41552713| 98172053|    |      |21|00|011|N|            |N|3|      56|0|        |N56 WEST OF CEDAR RAPIDS                          
S|31|000068|7|0|22|5R|1|T|1|3|N|0|0| |13|N|0|0| |2|X| |P|000000005600| 32187|41552713| 98172053|    |      |21|00|011|N|            |N|3|      56|0|        |N56 WEST OF CEDAR RAPIDS                          
S|31|000069|3|0|22|1R|2|T|2|3|N|0|0| |13|N|0|0| |2|X| |P|000000008000|289620|41096691|100676171|    |      |19|00|111|Y|56080 179720|Y|1|      80|0|        |I80 EAST OF NORTH PLATTE                          
S|31|000069|7|0|22|1R|2|T|2|3|N|0|0| |13|N|0|0| |2|X| |P|000000008000|289620|41096691|100676171|    |      |19|00|111|Y|56080 179720|Y|1|      80|0|        |I80 EAST OF NORTH PLATTE                          
S|31|000070|1|0|22|1U|4|T|4|3|N|0|0| |13|N|0|0| |2|X| |P|000000048000|  2868|41252298| 95954285|    |      |19|00|055|N|            |Y|1|     480|2|      75|I480 AT LEAVENWORTH ST IN OMAHA                   
S|31|000070|5|0|22|1U|4|T|4|3|N|0|0| |13|N|0|0| |2|X| |P|000000048000|  2868|41252298| 95954285|    |      |19|00|055|N|            |Y|1|     480|2|      75|I480 AT LEAVENWORTH ST IN OMAHA                   
S|31|000071|1|0|22|4R|3|T|3|3|N|0|0| |13|N|0|0| |2|X| |P|000000005000|111021|40913886| 96177857|    |      |19|00|025|N|            |N|3|      50|0|        |N50 SOUTH OF MANLEY                               
S|31|000071|5|0|22|4R|1|T|1|3|N|0|0| |13|N|0|0| |2|X| |P|000000005000|111021|40913886| 96177857|    |      |19|00|025|N|            |N|3|      50|0|        |N50 SOUTH OF MANLEY                               
S|31|000072|3|0|22|4U|1|T|1|3|N|0|0| |13|N|0|0| |2|X| |P|000000003400|406273|40887384| 98353650|    |      |20|00|079|Y|DB32C4DF15A6|N|2|      34|3|       2|US34 IN GRAND ISLAND                              
S|31|000072|7|0|22|4U|1|T|1|3|N|0|0| |13|N|0|0| |2|X| |P|000000003400|406273|40887384| 98353650|    |      |20|00|079|Y|DB32C4DF15A6|N|2|      34|3|       2|US34 IN GRAND ISLAND                              
S|31|000074|1|0|22|4U|1|T|1|3|N|0|0| |13|N|0|0| |2|X| |P|000000001500|108286|40921416| 97100591|    |      |20|00|159|Y|015   067090|N|3|      15|0|        |N15 SOUTH OF PINEWOOD IN SEWARD                   
S|31|000074|5|0|22|4U|1|T|1|3|N|0|0| |13|N|0|0| |2|X| |P|000000001500|108286|40921416| 97100591|    |      |20|00|159|Y|015   067090|N|3|      15|0|        |N15 SOUTH OF PINEWOOD IN SEWARD                   
S|31|000077|1|0|22|3U|2|T|2|3|N|0|0| |13|N|0|0| |2|X| |P|000000631300|   804|40853818| 97595113|    |      |21|00|185|N|            |N|0|00000000|0|        |LINCOLN AVE N OF US81 IN YORK                     
S|31|000077|5|0|22|3U|2|T|2|3|N|0|0| |13|N|0|0| |2|X| |P|000000631300|   804|40853818| 97595113|    |      |21|00|185|N|            |N|0|00000000|0|        |LINCOLN AVE N OF US81 IN YORK                     
S|31|000101|3|1|22|1R|2|N|2|2|N|2|2|F|13|T|2|4|M|1|P|N|P|000000008000|168981|41036194|102134200|    |      |88|00|049|Y|25080 108250|Y|1|      80|0|        |JCT I76  E LEG                                    
S|31|000101|3|2|22|1R|2|N|2|2|N|2|2|F|13|T|2|4|M|1|P|N|P|000000008000|168981|41036194|102134200|    |      |88|00|049|Y|25080 108250|Y|1|      80|0|        |JCT I76  E LEG                                    
S|31|000101|7|1|22|1R|2|N|2|2|N|2|2|F|13|T|2|4|M|1|P|N|P|000000008000|168981|41036194|102134200|    |      |88|00|049|Y|25080 108250|Y|1|      80|0|        |JCT I76  E LEG                                    
S|31|000101|7|2|22|1R|2|N|2|2|N|2|2|F|13|T|2|4|M|1|P|N|P|000000008000|168981|41036194|102134200|    |      |88|00|049|Y|25080 108250|Y|1|      80|0|        |JCT I76  E LEG                                    
S|31|000103|3|1|22|1R|2|N|2|2|N|2|2|F|13|T|2|4|M|1|P|N|P|000000008000| 56327|41221780|103463358|    |      |88|00|033|Y|17080 038960|Y|1|      80|0|        |DIX INTG  E LEG                                   
S|31|000103|3|2|22|1R|2|N|2|2|N|2|2|F|13|T|2|4|M|1|P|N|P|000000008000| 56327|41221780|103463358|    |      |88|00|033|Y|17080 038960|Y|1|      80|0|        |DIX INTG  E LEG                                   
S|31|000103|7|1|22|1R|2|N|2|2|N|2|2|F|13|T|2|4|M|1|P|N|P|000000008000| 56327|41221780|103463358|    |      |88|00|033|Y|17080 038960|Y|1|      80|0|        |DIX INTG  E LEG                                   
S|31|000103|7|2|22|1R|2|N|2|2|N|2|2|F|13|T|2|4|M|1|P|N|P|000000008000| 56327|41221780|103463358|    |      |88|00|033|Y|17080 038960|Y|1|      80|0|        |DIX INTG  E LEG                                   
S|31|000112|1|1|22|3R|1|N|1|2|N|1|2|F|13|T|1|4|M|1|P|N|P|000000027500|187650|41850986| 96710356|    |      |88|00|039|Y|20275 117460|N|2|     275|0|        |JCT 13TH & LINCOLN  N LEG  WEST POINT             
S|31|000112|5|1|22|3R|1|N|1|2|N|1|2|F|13|T|1|4|M|1|P|N|P|000000027500|187650|41850986| 96710356|    |      |88|00|039|Y|20275 117460|N|2|     275|0|        |JCT 13TH & LINCOLN  N LEG  WEST POINT             
S|31|000113|3|1|22|4R|1|N|1|2|N|1|2|F|13|T|1|4|M|1|P|N|P|000000003400|493264|40888500| 96977692|    |      |88|00|159|Y|80034 310340|N|2|      34|0|        |JCT US34 & GARLAND SPUR  E LEG                    
S|31|000113|7|1|22|4R|1|N|1|2|N|1|2|F|13|T|1|4|M|1|P|N|P|000000003400|493264|40888500| 96977692|    |      |88|00|159|Y|80034 310340|N|2|      34|0|        |JCT US34 & GARLAND SPUR  E LEG                    
S|31|000114|4|1|22|4R|1|N|1|2|N|1|2|F|13|T|1|4|M|1|P|N|P|000000001100| 74030|41300406| 98579300|    |      |88|00|093|Y|47011 050502|N|3|      11|0|        |1NW OF ELBA                                       
S|31|000114|8|1|22|4R|1|N|1|2|N|1|2|F|13|T|1|4|M|1|P|N|P|000000001100| 74030|41300406| 98579300|    |      |88|00|093|Y|47011 050502|N|3|      11|0|        |1NW OF ELBA                                       
S|31|000115|3|1|22|4R|1|N|1|2|N|1|2|F|13|T|1|4|M|1|P|N|P|000000000600|428086|40645639| 97422861|    |      |88|00|059|Y|30006 268350|N|2|       6|0|        |1E OF EXETER  NE LEG                              
S|31|000115|7|1|22|4R|1|N|1|2|N|1|2|F|13|T|1|4|M|1|P|N|P|000000000600|428086|40645639| 97422861|    |      |88|00|059|Y|30006 268350|N|2|       6|0|        |1E OF EXETER  NE LEG                              
S|31|000116|3|1|22|4R|1|N|1|2|N|1|2|F|13|T|1|4|M|1|P|N|P|000000003300| 16093|40622556| 96980739|    |      |88|00|151|Y|76033 010650|N|3|      33|3|     103|W JCT N33 & N103  E LEG  NEAR CRETE               
S|31|000116|7|1|22|4R|1|N|1|2|N|1|2|F|13|T|1|4|M|1|P|N|P|000000003300| 16093|40622556| 96980739|    |      |88|00|151|Y|76033 010650|N|3|      33|3|     103|W JCT N33 & N103  E LEG  NEAR CRETE               
S|31|000117|1|1|22|5R|1|N|1|2|N|1|2|F|13|T|1|4|M|1|P|N|P|000000S76D00|  1609|40477128| 97083986|    |      |88|00|151|Y|76S76D007020|N|3|    S76D|0|        |JCT N41 & S76D  S LEG  NEAR SWANTON               
S|31|000117|5|1|22|5R|1|N|1|2|N|1|2|F|13|T|1|4|M|1|P|N|P|000000S76D00|  1609|40477128| 97083986|    |      |88|00|151|Y|76S76D007020|N|3|    S76D|0|        |JCT N41 & S76D  S LEG  NEAR SWANTON               
S|31|000118|1|1|22|5R|1|N|1|2|N|1|2|F|13|T|1|4|M|1|P|N|P|000000326500| 50694|40332406| 96614219|    |      |88|00|067|Y|343265033300|N|5|    3265|0|        |3.8N 7E OF JCT US77 & US136  N LEG                
S|31|000118|5|1|22|5R|1|N|1|2|N|1|2|F|13|T|1|4|M|1|P|N|P|000000326500| 50694|40332406| 96614219|    |      |88|00|067|Y|343265033300|N|5|    3265|0|        |3.8N 7E OF JCT US77 & US136  N LEG                
S|31|000119|1|1|22|5R|1|N|1|2|N|1|2|F|13|T|1|4|M|1|P|N|P|000000286500|   169|41458578| 97387942|    |      |88|00|141|Y|712865002000|N|5|    2865|0|        |4E 1.5S OF JCT US81 & N22  N LEG                  
S|31|000119|5|1|22|5R|1|N|1|2|N|1|2|F|13|T|1|4|M|1|P|N|P|000000286500|   169|41458578| 97387942|    |      |88|00|141|Y|712865002000|N|5|    2865|0|        |4E 1.5S OF JCT US81 & N22  N LEG                  
S|31|000120|1|1|22|6R|1|N|1|2|N|1|2|F|13|T|1|4|M|1|P|N|P|000000700200|  9500|42000312|  9722055|    |      |88|00|167|N|            |N|5|    7002|0|        |.7S OF JCT N24 & STANTON/MADISON CO LINE  S LEG   
S|31|000120|5|1|22|6R|1|N|1|2|N|1|2|F|13|T|1|4|M|1|P|N|P|000000700200|  9500|42000312|  9722055|    |      |88|00|167|N|            |N|5|    7002|0|        |.7S OF JCT N24 & STANTON/MADISON CO LINE  S LEG   
S|31|000201|3|1|22|1R|2|N|2|2|N|2|2|F|13|T|2|4|M|1|P|N|P|000000008000|386243|40725625| 99700564|    |      |88|00|047|Y|24080 248560|Y|1|      80|0|        |LEXINGTON INTG  E LEG                             
S|31|000201|3|2|22|1R|2|N|2|2|N|2|2|F|13|T|2|4|M|1|P|N|P|000000008000|386243|40725625| 99700564|    |      |88|00|047|Y|24080 248560|Y|1|      80|0|        |LEXINGTON INTG  E LEG                             
S|31|000201|7|1|22|1R|2|N|2|2|N|2|2|F|13|T|2|4|M|1|P|N|P|000000008000|386243|40725625| 99700564|    |      |88|00|047|Y|24080 248560|Y|1|      80|0|        |LEXINGTON INTG  E LEG                             
S|31|000201|7|2|22|1R|2|N|2|2|N|2|2|F|13|T|2|4|M|1|P|N|P|000000008000|386243|40725625| 99700564|    |      |88|00|047|Y|24080 248560|Y|1|      80|0|        |LEXINGTON INTG  E LEG                             
S|31|000202|3|1|22|1R|2|N|2|2|N|2|2|F|13|T|2|4|M|1|P|N|P|000000008000|329916|40963964|100278456|    |      |88|00|047|Y|24080 211800|Y|1|      80|0|        |BRADY INTG  E LEG                                 
S|31|000202|3|2|22|1R|2|N|2|2|N|2|2|F|13|T|2|4|M|1|P|N|P|000000008000|329916|40963964|100278456|    |      |88|00|047|Y|24080 211800|Y|1|      80|0|        |BRADY INTG  E LEG                                 
S|31|000202|7|1|22|1R|2|N|2|2|N|2|2|F|13|T|2|4|M|1|P|N|P|000000008000|329916|40963964|100278456|    |      |88|00|047|Y|24080 211800|Y|1|      80|0|        |BRADY INTG  E LEG                                 
S|31|000202|7|2|22|1R|2|N|2|2|N|2|2|F|13|T|2|4|M|1|P|N|P|000000008000|329916|40963964|100278456|    |      |88|00|047|Y|24080 211800|Y|1|      80|0|        |BRADY INTG  E LEG                                 
S|31|000213|3|1|22|4R|1|N|1|2|N|1|2|F|13|T|1|4|M|1|P|N|P|000000000800| 51499|40020864| 97469083|    |      |88|00|169|Y|85008 038160|N|3|       8|0|        |2E OF JCT HUBBELL SPUR                            
S|31|000213|7|1|22|4R|1|N|1|2|N|1|2|F|13|T|1|4|M|1|P|N|P|000000000800| 51499|40020864| 97469083|    |      |88|00|169|Y|85008 038160|N|3|       8|0|        |2E OF JCT HUBBELL SPUR                            
S|31|000214|1|1|22|4R|1|N|1|2|N|1|2|F|13|T|1|4|M|1|P|N|P|000000007100|210824|42579933|103395400|    |      |88|00|045|Y|23071 135700|N|3|      71|0|        |3.7S OF S JCT US20 & N71  S LEG                   
S|31|000214|5|1|22|4R|1|N|1|2|N|1|2|F|13|T|1|4|M|1|P|N|P|000000007100|210824|42579933|103395400|    |      |88|00|045|Y|23071 135700|N|3|      71|0|        |3.7S OF S JCT US20 & N71  S LEG                   
S|31|000215|1|1|22|4R|1|N|1|2|N|1|2|F|13|T|1|4|M|1|P|N|P|000000001100|181856|42050542| 99069792|    |      |88|00|071|Y|36011 114890|N|3|      11|0|        |3S OF N CO LINE  N LEG                            
S|31|000215|5|1|22|4R|1|N|1|2|N|1|2|F|13|T|1|4|M|1|P|N|P|000000001100|181856|42050542| 99069792|    |      |88|00|071|Y|36011 114890|N|3|      11|0|        |3S OF N CO LINE  N LEG                            
S|31|000216|1|1|22|4R|1|N|1|2|N|1|2|F|13|T|1|4|M|1|P|N|P|000000007500|189903|41570861| 96162914|    |      |88|00|177|Y|89073 138550|N|2|      75|0|        |.5N 1.5NW OF W JCT US75 & US30  N LEG             
S|31|000216|5|1|22|4R|1|N|1|2|N|1|2|F|13|T|1|4|M|1|P|N|P|000000007500|189903|41570861| 96162914|    |      |88|00|177|Y|89073 138550|N|2|      75|0|        |.5N 1.5NW OF W JCT US75 & US30  N LEG             
S|31|000217|1|1|22|4R|1|N|1|2|N|1|2|F|13|T|1|4|M|1|P|N|P|000000000500|  9656|40244472| 97726517|    |      |88|00|169|Y|85005 011040|N|3|       5|0|        |4S OF JCT N5 & N4  S LEG                          
S|31|000217|5|1|22|4R|1|N|1|2|N|1|2|F|13|T|1|4|M|1|P|N|P|000000000500|  9656|40244472| 97726517|    |      |88|00|169|Y|85005 011040|N|3|       5|0|        |4S OF JCT N5 & N4  S LEG                          
S|31|000218|3|1|22|5R|1|N|1|2|N|1|2|F|13|T|1|4|M|1|P|N|P|000000106000|   805|41859450|103624114|    |      |88|00|157|Y|791060000990|N|5|    1060|0|        |.25E OF JCT US26 & OVERLAND DR         SCOTTSBLUFF
S|31|000218|7|1|22|5R|1|N|1|2|N|1|2|F|13|T|1|4|M|1|P|N|P|000000106000|   805|41859450|103624114|    |      |88|00|157|Y|791060000990|N|5|    1060|0|        |.25E OF JCT US26 & OVERLAND DR         SCOTTSBLUFF
S|31|000219|1|1|22|5R|1|N|1|2|N|1|2|F|13|T|1|4|M|1|P|N|P|000000S34B00|  1609|40469600| 96609614|    |      |88|00|067|Y|34S34B004030|N|3|    S34B|0|        |JCT S34B & N41  N LEG (FIRTH)                     
S|31|000219|5|1|22|5R|1|N|1|2|N|1|2|F|13|T|1|4|M|1|P|N|P|000000S34B00|  1609|40469600| 96609614|    |      |88|00|067|Y|34S34B004030|N|3|    S34B|0|        |JCT S34B & N41  N LEG (FIRTH)                     
S|31|000222|3|1|22|1U|2|N|2|2|N|2|2|F|13|T|2|4|M|1|P|N|P|000000008000|719377|41222311| 96055967|    |      |88|00|055|Y|28080 448270|Y|1|      80|0|        |JCT I80 & 84TH ST  W LEG                     OMAHA
S|31|000222|3|2|22|1U|2|N|2|2|N|2|2|F|13|T|2|4|M|1|P|N|P|000000008000|719377|41222311| 96055967|    |      |88|00|055|Y|28080 448270|Y|1|      80|0|        |JCT I80 & 84TH ST  W LEG                     OMAHA
S|31|000222|7|1|22|1U|2|N|2|2|N|2|2|F|13|T|2|4|M|1|P|N|P|000000008000|719377|41222311| 96055967|    |      |88|00|055|Y|28080 448270|Y|1|      80|0|        |JCT I80 & 84TH ST  W LEG                     OMAHA
S|31|000222|7|2|22|1U|2|N|2|2|N|2|2|F|13|T|2|4|M|1|P|N|P|000000008000|719377|41222311| 96055967|    |      |88|00|055|Y|28080 448270|Y|1|      80|0|        |JCT I80 & 84TH ST  W LEG                     OMAHA
S|31|000223|1|1|22|1U|2|N|2|2|N|2|2|F|13|T|2|4|M|1|P|N|P|000000018000|  4828|40827008| 96712050|    |      |88|00|109|Y|55180 003470|Y|1|     180|0|        |JCT I180 & CORNHUSKER HWY  S LEG           LINCOLN
S|31|000223|1|2|22|1U|2|N|2|2|N|2|2|F|13|T|2|4|M|1|P|N|P|000000018000|  4828|40827008| 96712050|    |      |88|00|109|Y|55180 003470|Y|1|     180|0|        |JCT I180 & CORNHUSKER HWY  S LEG           LINCOLN
S|31|000223|5|1|22|1U|2|N|2|2|N|2|2|F|13|T|2|4|M|1|P|N|P|000000018000|  4828|40827008| 96712050|    |      |88|00|109|Y|55180 003470|Y|1|     180|0|        |JCT I180 & CORNHUSKER HWY  S LEG           LINCOLN
S|31|000223|5|2|22|1U|2|N|2|2|N|2|2|F|13|T|2|4|M|1|P|N|P|000000018000|  4828|40827008| 96712050|    |      |88|00|109|Y|55180 003470|Y|1|     180|0|        |JCT I180 & CORNHUSKER HWY  S LEG           LINCOLN
S|31|000224|1|1|22|3U|1|N|1|2|N|1|2|F|13|T|1|4|M|1|P|N|P|        7100|      |41853728|103675044|    |      |88|00|157|N|79071 060300|N|3|      71|0|        |JCT BELTLINE HWY & AVE "I"  S LEG      SCOTTSBLUFF
S|31|000224|3|1|22|4U|1|N|1|2|N|1|2|F|13|T|1|4|M|1|P|N|P|000000003000| 95756|41145006|102962757|    |      |06|00|033|N|            |N|2|      30|0|        |JCT ILLINOIS ST & FT SIDNEY RD  W LEG       SIDNEY
S|31|000224|5|1|22|3U|1|N|1|2|N|1|2|F|13|T|1|4|M|1|P|N|P|        7100|      |41853728|103675044|    |      |88|00|157|N|79071 060300|N|3|      71|0|        |JCT BELTLINE HWY & AVE "I"  S LEG      SCOTTSBLUFF
S|31|000224|7|1|22|4U|1|N|1|2|N|1|2|F|13|T|1|4|M|1|P|N|P|000000003000| 95756|41145006|102962757|    |      |06|00|033|N|            |N|2|      30|0|        |JCT ILLINOIS ST & FT SIDNEY RD  W LEG       SIDNEY
S|31|000225|1|1|22|3U|2|N|2|2|N|2|2|F|13|T|2|4|M|1|P|N|P|000000524900| 10300|40826728| 96605892|    |      |88|00|109|Y|555249006450|N|5|    5249|0|        |JCT 84TH & HOLDREGE ST  S LEG              LINCOLN
S|31|000225|1|2|22|3U|2|N|2|2|N|2|2|F|13|T|2|4|M|1|P|N|P|000000524900| 10300|40826728| 96605892|    |      |88|00|109|Y|555249006450|N|5|    5249|0|        |JCT 84TH & HOLDREGE ST  S LEG              LINCOLN
S|31|000225|5|1|22|3U|2|N|2|2|N|2|2|F|13|T|2|4|M|1|P|N|P|000000524900| 10300|40826728| 96605892|    |      |88|00|109|Y|555249006450|N|5|    5249|0|        |JCT 84TH & HOLDREGE ST  S LEG              LINCOLN
S|31|000225|5|2|22|3U|2|N|2|2|N|2|2|F|13|T|2|4|M|1|P|N|P|000000524900| 10300|40826728| 96605892|    |      |88|00|109|Y|555249006450|N|5|    5249|0|        |JCT 84TH & HOLDREGE ST  S LEG              LINCOLN
S|31|000226|3|1|22|3U|2|N|2|2|N|2|2|F|13|T|2|4|M|1|P|N|P|000000000200|744000|40751094| 96634475|    |      |88|00|109|Y|55002 464710|Y|3|       2|0|        |JCT OLD CHENEY RD & N2  SE LEG             LINCOLN
S|31|000226|3|2|22|3U|2|N|2|2|N|2|2|F|13|T|2|4|M|1|P|N|P|000000000200|744000|40751094| 96634475|    |      |88|00|109|Y|55002 464710|Y|3|       2|0|        |JCT OLD CHENEY RD & N2  SE LEG             LINCOLN
S|31|000226|4|1|22|3U|2|N|2|2|N|2|2|F|13|T|2|4|M|1|P|N|P|000000000200|744000|40749761| 96632024|    |      |88|00|109|Y|55002 464710|Y|3|       2|0|        |JCT N2 & APPLES WAY  SE LEG                LINCOLN
S|31|000226|4|2|22|3U|2|N|2|2|N|2|2|F|13|T|2|4|M|1|P|N|P|000000000200|744000|40749761| 96632024|    |      |88|00|109|Y|55002 464710|Y|3|       2|0|        |JCT N2 & APPLES WAY  SE LEG                LINCOLN
S|31|000226|7|1|22|3U|2|N|2|2|N|2|2|F|13|T|2|4|M|1|P|N|P|000000000200|744000|40751094| 96634475|    |      |88|00|109|Y|55002 464710|Y|3|       2|0|        |JCT OLD CHENEY RD & N2  SE LEG             LINCOLN
S|31|000226|7|2|22|3U|2|N|2|2|N|2|2|F|13|T|2|4|M|1|P|N|P|000000000200|744000|40751094| 96634475|    |      |88|00|109|Y|55002 464710|Y|3|       2|0|        |JCT OLD CHENEY RD & N2  SE LEG             LINCOLN
S|31|000226|8|1|22|3U|2|N|2|2|N|2|2|F|13|T|2|4|M|1|P|N|P|000000000200|744000|40749761| 96632024|    |      |88|00|109|Y|55002 464710|Y|3|       2|0|        |JCT N2 & APPLES WAY  SE LEG                LINCOLN
S|31|000226|8|2|22|3U|2|N|2|2|N|2|2|F|13|T|2|4|M|1|P|N|P|000000000200|744000|40749761| 96632024|    |      |88|00|109|Y|55002 464710|Y|3|       2|0|        |JCT N2 & APPLES WAY  SE LEG                LINCOLN
S|31|000227|3|1|22|3U|1|N|1|2|N|1|2|F|13|T|1|4|M|1|P|N|P|000000003400|374172|40887058| 98345794|    |      |88|00|079|Y|40034 233030|N|2|      34|0|        |JCT US34 & LOCUST ST  W LEG           GRAND ISLAND
S|31|000227|7|1|22|3U|1|N|1|2|N|1|2|F|13|T|1|4|M|1|P|N|P|000000003400|374172|40887058| 98345794|    |      |88|00|079|Y|40034 233030|N|2|      34|0|        |JCT US34 & LOCUST ST  W LEG           GRAND ISLAND
S|31|000229|1|1|22|4U|1|N|1|2|N|1|2|F|13|T|1|4|M|1|P|N|P|000000510300| 12878|41319006| 95942706|    |      |88|00|055|Y|285103009480|N|5|    5103|0|        |JCT PERSHING DR & READ ST  SE LEG            OMAHA
S|31|000229|5|1|22|4U|1|N|1|2|N|1|2|F|13|T|1|4|M|1|P|N|P|000000510300| 12878|41319006| 95942706|    |      |88|00|055|Y|285103009480|N|5|    5103|0|        |JCT PERSHING DR & READ ST  SE LEG            OMAHA
S|31|000230|3|1|22|4U|2|N|2|2|N|2|2|F|13|T|2|4|M|1|P|N|P|000000500600| 12070|41159225| 95944544|    |      |88|00|153|Y|773790009270|N|5|    5006|0|        |25TH ST & CORNHUSKER RD  E LEG               OMAHA
S|31|000230|3|2|22|4U|2|N|2|2|N|2|2|F|13|T|2|4|M|1|P|N|P|000000500600| 12070|41159225| 95944544|    |      |88|00|153|Y|773790009270|N|5|    5006|0|        |25TH ST & CORNHUSKER RD  E LEG               OMAHA
S|31|000230|7|1|22|4U|2|N|2|2|N|2|2|F|13|T|2|4|M|1|P|N|P|000000500600| 12070|41159225| 95944544|    |      |88|00|153|Y|773790009270|N|5|    5006|0|        |25TH ST & CORNHUSKER RD  E LEG               OMAHA
S|31|000230|7|2|22|4U|2|N|2|2|N|2|2|F|13|T|2|4|M|1|P|N|P|000000500600| 12070|41159225| 95944544|    |      |88|00|153|Y|773790009270|N|5|    5006|0|        |25TH ST & CORNHUSKER RD  E LEG               OMAHA
S|31|000231|3|1|22|3U|1|N|1|2|N|1|2|F|13|T|1|4|M|1|P|N|P|000000003000| 96239|41146325|102962103|    |      |06|00|033|Y|17030 059830|N|2|      30|0|        |JCT ILLINOIS ST & FT SIDNEY RD  W LEG       SIDNEY
S|31|000231|7|1|22|3U|1|N|1|2|N|1|2|F|13|T|1|4|M|1|P|N|P|000000003000| 96239|41146325|102962103|    |      |06|00|033|Y|17030 059830|N|2|      30|0|        |JCT ILLINOIS ST & FT SIDNEY RD  W LEG       SIDNEY
S|31|000301|3|1|22|1R|2|N|2|2|N|2|2|F|13|T|2|4|M|1|P|N|P|000000008000|225308|41104472|101465175|    |      |88|00|101|Y|51080 145670|Y|1|      80|0|        |ROSCOE INTG  E LEG                                
S|31|000301|3|2|22|1R|2|N|2|2|N|2|2|F|13|T|2|4|M|1|P|N|P|000000008000|225308|41104472|101465175|    |      |88|00|101|Y|51080 145670|Y|1|      80|0|        |ROSCOE INTG  E LEG                                
S|31|000301|7|1|22|1R|2|N|2|2|N|2|2|F|13|T|2|4|M|1|P|N|P|000000008000|225308|41104472|101465175|    |      |88|00|101|Y|51080 145670|Y|1|      80|0|        |ROSCOE INTG  E LEG                                
S|31|000301|7|2|22|1R|2|N|2|2|N|2|2|F|13|T|2|4|M|1|P|N|P|000000008000|225308|41104472|101465175|    |      |88|00|101|Y|51080 145670|Y|1|      80|0|        |ROSCOE INTG  E LEG                                
S|31|000303|3|1|22|1R|2|N|2|2|N|2|2|F|13|T|2|4|M|1|P|N|P|000000008000|329916|40963964|100278456|    |      |88|00|111|Y|56080 208210|Y|1|      80|0|        |BRADY INTG  E LEG                                 
S|31|000303|3|2|22|1R|2|N|2|2|N|2|2|F|13|T|2|4|M|1|P|N|P|000000008000|329916|40963964|100278456|    |      |88|00|111|Y|56080 208210|Y|1|      80|0|        |BRADY INTG  E LEG                                 
S|31|000303|7|1|22|1R|2|N|2|2|N|2|2|F|13|T|2|4|M|1|P|N|P|000000008000|329916|40963964|100278456|    |      |88|00|111|Y|56080 208210|Y|1|      80|0|        |BRADY INTG  E LEG                                 
S|31|000303|7|2|22|1R|2|N|2|2|N|2|2|F|13|T|2|4|M|1|P|N|P|000000008000|329916|40963964|100278456|    |      |88|00|111|Y|56080 208210|Y|1|      80|0|        |BRADY INTG  E LEG                                 
S|31|000304|3|1|22|1R|3|N|3|2|N|3|2|F|13|B|3|4|M|1|P|N|R|000000008000|683971|40983611| 96371322|7005|      |88|00|153|Y|77080 429930|Y|1|      80|0|        |GREENWOOD INTG  E LEG                             
S|31|000304|3|2|22|1R|3|N|3|2|N|3|2|F|13|B|3|4|M|1|P|N|R|000000008000|683971|40983611| 96371322|7005|      |88|00|153|Y|77080 429930|Y|1|      80|0|        |GREENWOOD INTG  E LEG                             
S|31|000304|3|3|22|1R|3|N|3|2|N|3|2|F|13|B|3|4|M|1|P|N|R|000000008000|683971|40983611| 96371322|7005|      |88|00|153|Y|77080 429930|Y|1|      80|0|        |GREENWOOD INTG  E LEG                             
S|31|000304|7|1|22|1R|3|N|3|2|N|3|2|F|13|T|3|4|M|1|P|N|P|000000008000|683971|40983611| 96371322|    |      |88|00|153|Y|77080 429930|Y|1|      80|0|        |GREENWOOD INTG  E LEG                             
S|31|000304|7|2|22|1R|3|N|3|2|N|3|2|F|13|T|3|4|M|1|P|N|P|000000008000|683971|40983611| 96371322|    |      |88|00|153|Y|77080 429930|Y|1|      80|0|        |GREENWOOD INTG  E LEG                             
S|31|000304|7|3|22|1R|3|N|3|2|N|3|2|F|13|T|3|4|M|1|P|N|P|000000008000|683971|40983611| 96371322|    |      |88|00|153|Y|77080 429930|Y|1|      80|0|        |GREENWOOD INTG  E LEG                             
S|31|000305|3|1|22|1R|2|N|2|2|N|2|2|F|13|T|2|4|M|1|P|N|P|000000008000|619597|40820997| 96989258|    |      |88|00|159|N|            |Y|1|      80|0|        |MILFORD INTG  E LEG                               
S|31|000305|3|2|22|1R|2|N|2|2|N|2|2|F|13|T|2|4|M|1|P|N|P|000000008000|619597|40820977| 96989258|    |      |88|00|159|N|            |Y|1|      80|0|        |MILFORD INTG  E LEG                               
S|31|000305|7|1|22|1R|2|N|2|2|N|2|2|F|13|B|2|4|M|1|P|N|R|000000008000|619597|40820997| 96989258|7050|      |88|00|159|N|            |Y|1|      80|0|        |MILFORD INTG  E LEG                               
S|31|000305|7|2|22|1R|2|N|2|2|N|2|2|F|13|B|2|4|M|1|P|N|R|000000008000|619597|40820997| 96989258|7050|      |88|00|159|N|            |Y|1|      80|0|        |MILFORD INTG  E LEG                               
S|31|000306|3|1|22|1R|2|N|2|2|N|2|2|F|13|T|2|4|M|1|P|N|P|000000008000|531084|40821992| 98038497|    |      |88|00|081|N|            |Y|1|      80|0|        |AURORA INTG  W LEG                                
S|31|000306|3|2|22|1R|2|N|2|2|N|2|2|F|13|T|2|4|M|1|P|N|P|000000008000|531084|40821992| 98038497|    |      |88|00|081|N|            |Y|1|      80|0|        |AURORA INTG  W LEG                                
S|31|000306|7|1|22|1R|2|N|2|2|N|2|2|F|13|B|2|4|M|1|P|N|R|000000008000|531084|40821992| 98038497|3024|      |88|00|081|N|            |Y|1|      80|0|        |AURORA INTG  W LEG                                
S|31|000306|7|2|22|1R|2|N|2|2|N|2|2|F|13|B|2|4|M|1|P|N|R|000000008000|531084|40821992| 98038497|3024|      |88|00|081|N|            |Y|1|      80|0|        |AURORA INTG  W LEG                                
S|31|000307|3|1|22|1R|2|N|2|2|N|2|2|F|13|T|2|4|M|1|P|N|P|000000008000|442570|40669303| 99031097|    |      |88|00|019|N|            |Y|1|      80|0|        |KEARNEY INTG  E LEG                               
S|31|000307|3|2|22|1R|2|N|2|2|N|2|2|F|13|T|2|4|M|1|P|N|P|000000008000|442570|40669303| 99031097|    |      |88|00|019|N|            |Y|1|      80|0|        |KEARNEY INTG  E LEG                               
S|31|000307|7|1|22|1R|2|N|2|2|N|2|2|F|13|B|2|4|M|1|P|N|R|000000008000|442570|40669303| 99031097|3018|      |88|00|019|N|            |Y|1|      80|0|        |KEARNEY INTG  E LEG                               
S|31|000307|7|2|22|1R|2|N|2|2|N|2|2|F|13|B|2|4|M|1|P|N|R|000000008000|442570|40669303| 99031097|3018|      |88|00|019|N|            |Y|1|      80|0|        |KEARNEY INTG  E LEG                               
S|31|000308|3|1|22|3R|1|N|1|2|N|1|2|F|13|T|1|4|M|1|P|N|P|000000002000|627644|42423689| 97119939|    |      |88|00|027|Y|14020 391360|Y|2|      20|0|        |1W OF S JCT US20 & N15  W LEG                     
S|31|000308|7|1|22|3R|1|N|1|2|N|1|2|F|13|B|1|4|M|1|P|N|R|000000002000|627644|42423689| 97119939|7017|      |88|00|027|Y|14020 391360|Y|2|      20|0|        |1W OF S JCT US20 & N15  W LEG                     
S|31|000309|3|1|22|3R|1|N|1|2|N|1|2|F|13|B|1|4|M|1|P|N|R|000000003000|692018|41451119| 96416622|7040|      |88|00|053|N|            |Y|2|      30|0|        |JCT DODGE/WASHINGTON CO LINE  W LEG               
S|31|000309|7|1|22|3R|1|N|1|2|N|1|2|F|13|T|1|4|M|1|P|N|P|000000003000|692018|41451119| 96416622|    |      |88|00|053|N|            |Y|2|      30|0|        |JCT DODGE/WASHINGTON CO LINE  W LEG               
S|31|000310|3|1|22|3R|1|N|1|2|N|1|2|F|13|T|1|4|M|1|P|N|P|000000000600|212433|40306919| 99786400|    |      |88|00|065|Y|33006 132610|Y|2|       6|2|      34|JCT US6 & US136  W LEG                            
S|31|000310|7|1|22|3R|1|N|1|2|N|1|2|F|13|B|1|4|M|1|P|N|R|000000000600|212433|40306919| 99786400|1030|      |88|00|065|Y|33006 132610|Y|2|       6|2|      34|JCT US6 & US136  W LEG                            
S|31|000311|1|1|22|3R|1|N|1|2|N|1|2|F|13|B|1|4|M|1|P|N|R|000000008100|270370|42200031| 97426067|3033|      |88|00|139|Y|70081 179880|Y|2|      81|0|        |S JCT US81 & N98  S LEG                           
S|31|000311|5|1|22|3R|1|N|1|2|N|1|2|F|13|T|1|4|M|1|P|N|P|000000008100|270370|42200031| 97426067|    |      |88|00|139|Y|70081 179880|Y|2|      81|0|        |S JCT US81 & N98  S LEG                           
S|31|000312|1|1|22|3R|2|N|2|2|N|2|2|F|13|T|2|4|M|1|P|N|P|000000003400|617988|41062764| 95928092|    |      |88|00|153|Y|6D7FB18F609B|Y|2|      34|2|      75|JCT US75 & SARPY/CASS CO LINE  N LEG              
S|31|000312|1|2|22|3R|2|N|2|2|N|2|2|F|13|T|2|4|M|1|P|N|P|000000003400|617988|41062794| 95928092|    |      |88|00|153|Y|6D7FB18F609B|Y|2|      34|2|      75|JCT US75 & SARPY/CASS CO LINE  N LEG              
S|31|000312|5|1|22|3R|2|N|2|2|N|2|2|F|13|T|2|4|M|1|P|N|P|000000003400|617988|41062764| 95928092|    |      |88|00|153|Y|6D7FB18F609B|Y|2|      34|2|      75|JCT US75 & SARPY/CASS CO LINE  N LEG              
S|31|000312|5|2|22|3R|2|N|2|2|N|2|2|F|13|T|2|4|M|1|P|N|P|000000003400|617988|41062764| 95928092|    |      |88|00|153|Y|6D7FB18F609B|Y|2|      34|2|      75|JCT US75 & SARPY/CASS CO LINE  N LEG              
S|31|000313|3|1|22|4R|1|N|1|2|N|1|2|F|13|T|1|4|M|1|P|N|P|000000005100| 17703|42003297| 96717636|    |      |88|00|039|Y|20051 011760|N|3|      51|0|        |JCT N51 & N9  W LEG                               
S|31|000313|7|1|22|4R|1|N|1|2|N|1|2|F|13|T|1|4|M|1|P|N|P|000000005100| 17703|42003297| 96717636|    |      |88|00|039|Y|20051 011760|N|3|      51|0|        |JCT N51 & N9  W LEG                               
S|31|000314|3|1|22|4R|1|N|1|2|N|1|2|F|13|T|1|4|M|1|P|N|P|000000003000|201168|41121264|101741842|    |      |88|00|101|Y|51030 125100|N|2|      30|0|        |1.5W OF JCT US30 & US26  E LEG                    
S|31|000314|7|1|22|4R|1|N|1|2|N|1|2|F|13|T|1|4|M|1|P|N|P|000000003000|201168|41121264|101741842|    |      |88|00|101|Y|51030 125100|N|2|      30|0|        |1.5W OF JCT US30 & US26  E LEG                    
S|31|000315|3|1|22|4R|1|N|1|2|N|1|2|F|13|T|1|4|M|1|P|N|P|000000003000| 48280|41235492|103505636|    |      |88|00|105|Y|53030 030840|N|2|      30|0|        |.5W OF DIX                                        
S|31|000315|7|1|22|4R|1|N|1|2|N|1|2|F|13|T|1|4|M|1|P|N|P|000000003000| 48280|41235492|103505636|    |      |88|00|105|Y|53030 030840|N|2|      30|0|        |.5W OF DIX                                        
S|31|000316|1|1|22|4R|1|N|1|2|N|1|2|F|13|T|1|4|M|1|P|N|P|000000001400| 99779|40831000| 97996450|    |      |88|00|081|Y|41014 063130|N|3|      14|0|        |.5N OF AURORA INTG  N LEG                         
S|31|000316|5|1|22|4R|1|N|1|2|N|1|2|F|13|T|1|4|M|1|P|N|P|000000001400| 99779|40831000| 97996450|    |      |88|00|081|Y|41014 063130|N|3|      14|0|        |.5N OF AURORA INTG  N LEG                         
S|31|000317|1|1|22|5R|1|N|1|2|N|1|2|F|13|T|1|4|M|1|P|N|P|000000207500| 20921|41436825| 99134619|    |      |88|00|175|Y|882075013270|N|5|    2075|0|        |4E 2.5N OF SW CORNER OF VALLEY CO  N LEG          
S|31|000317|5|1|22|5R|1|N|1|2|N|1|2|F|13|T|1|4|M|1|P|N|P|000000207500| 20921|41436825| 99134619|    |      |88|00|175|Y|882075013270|N|5|    2075|0|        |4E 2.5N OF SW CORNER OF VALLEY CO  N LEG          
S|31|000318|1|1|22|5R|1|N|1|2|N|1|2|F|13|T|1|4|M|1|P|N|P|000000312500| 26554|41683081| 97349014|    |      |88|00|141|Y|713125017820|N|5|    3125|0|        |6E OF JCT US81 & N91  S LEG                       
S|31|000318|5|1|22|5R|1|N|1|2|N|1|2|F|13|T|1|4|M|1|P|N|P|000000312500| 26554|41683081| 97349014|    |      |88|00|141|Y|713125017820|N|5|    3125|0|        |6E OF JCT US81 & N91  S LEG                       
S|31|000319|1|1|22|5R|1|N|1|2|N|1|2|F|13|T|1|4|M|1|P|N|P|000000003200| 28968|41832914| 97774675|    |      |88|00|117|Y|59032 018260|N|3|      32|0|        |E JCT N32 & N45  N LEG                            
S|31|000319|5|1|22|5R|1|N|1|2|N|1|2|F|13|T|1|4|M|1|P|N|P|000000003200| 28968|41832917| 97774675|    |      |88|00|117|Y|59032 018260|N|3|      32|0|        |E JCT N32 & N45  N LEG                            
S|31|000321|1|1|22|1U|2|N|2|2|N|2|2|F|13|T|2|4|M|1|P|N|R|000000068000|  8047|41291142| 96073653|5052|      |88|00|055|Y|28680 006040|Y|1|     680|0|        |JCT I680 & MAPLE ST  N LEG                   OMAHA
S|31|000321|1|2|22|1U|2|N|2|2|N|2|2|F|13|T|2|4|M|1|P|N|R|000000068000|  8047|41291142| 96073653|5052|      |88|00|055|Y|28680 006040|Y|1|     680|0|        |JCT I680 & MAPLE ST  N LEG                   OMAHA
S|31|000321|5|1|22|1U|2|N|2|2|N|2|2|F|13|T|2|4|M|1|P|N|P|000000068000|  8047|41291142| 96073653|    |      |88|00|055|Y|28680 006040|Y|1|     680|0|        |JCT I680 & MAPLE ST  N LEG                   OMAHA
S|31|000321|5|2|22|1U|2|N|2|2|N|2|2|F|13|T|2|4|M|1|P|N|P|000000068000|  8047|41291142| 96073653|    |      |88|00|055|Y|28680 006040|Y|1|     680|0|        |JCT I680 & MAPLE ST  N LEG                   OMAHA
S|31|000328|1|1|22|3U|2|N|2|2|N|2|2|F|13|T|2|4|M|1|P|N|R|000000028100|112654|40920097| 98382861|6701|      |88|00|079|Y|40281 071480|Y|2|     281|3|       2|JCT US281 & OLD POTASH  N LEG         GRAND ISLAND
S|31|000328|1|2|22|3U|2|N|2|2|N|2|2|F|13|T|2|4|M|1|P|N|R|000000028100|112654|40920097| 98382861|6701|      |88|00|079|Y|40281 071480|Y|2|     281|3|       2|JCT US281 & OLD POTASH  N LEG         GRAND ISLAND
S|31|000328|5|1|22|3U|2|N|2|2|N|2|2|F|13|T|2|4|M|1|P|N|P|000000028100|112654|40920097| 98382861|    |      |88|00|079|Y|40281 071480|Y|2|     281|3|       2|JCT US281 & OLD POTASH  N LEG         GRAND ISLAND
S|31|000328|5|2|22|3U|2|N|2|2|N|2|2|F|13|T|2|4|M|1|P|N|P|000000028100|112654|40920097| 98382861|    |      |88|00|079|Y|40281 071480|Y|2|     281|3|       2|JCT US281 & OLD POTASH  N LEG         GRAND ISLAND
S|31|000352|3|1|22|3R|1|N|1|2|N|1|2|F|13|T|1|4|M|1|P|N|P|000000000600|244620|40373114| 99465367|    |      |88|00|137|Y|69006 151570|Y|2|       6|2|      34|.25 NE OF ATLANTA                                 
S|31|000352|7|1|22|3R|1|N|1|2|N|1|2|F|13|B|1|4|M|1|P|N|R|000000000600|244620|40373114| 99465367|6700|      |88|00|137|Y|69006 151570|Y|2|       6|2|      34|.25 NE OF ATLANTA                                 
S|31|000353|3|1|22|1U|2|N|2|2|N|2|2|F|13|T|2|4|M|1|P|N|R|000000012900|  4828|42447272| 96385489|4019|      |88|00|043|Y|22129 001750|Y|1|     129|0|        |JCT I129 & DAKOTA AVE  E LEG      SOUTH SIOUX CITY
S|31|000353|3|2|22|1U|2|N|2|2|N|2|2|F|13|T|2|4|M|1|P|N|R|000000012900|  4828|42447272| 96385489|4019|      |88|00|043|Y|22129 001750|Y|1|     129|0|        |JCT I129 & DAKOTA AVE  E LEG      SOUTH SIOUX CITY
S|31|000353|7|1|22|1U|2|N|2|2|N|2|2|F|13|T|2|4|M|1|P|N|P|000000012900|  4828|42447272| 96385489|    |      |88|00|043|Y|22129 001750|Y|1|     129|0|        |JCT I129 & DAKOTA AVE  E LEG      SOUTH SIOUX CITY
S|31|000353|7|2|22|1U|2|N|2|2|N|2|2|F|13|T|2|4|M|1|P|N|P|000000012900|  4828|42447272| 96385489|    |      |88|00|043|Y|22129 001750|Y|1|     129|0|        |JCT I129 & DAKOTA AVE  E LEG      SOUTH SIOUX CITY
S|31|000354|3|1|22|1R|2|N|2|2|N|2|2|F|13|B|2|4|M|1|P|N|R|000000008000|104607|41112472|102935703|6702|      |88|00|033|Y|17080 069630|Y|1|      80|0|        |SE SIDNEY INTG  E LEG                             
S|31|000354|3|2|22|1R|2|N|2|2|N|2|2|F|13|B|2|4|M|1|P|N|R|000000008000|104607|41112472|102935703|6702|      |88|00|033|Y|17080 069630|Y|1|      80|0|        |SE SIDNEY INTG  E LEG                             
S|31|000354|7|1|22|1R|2|N|2|2|N|2|2|F|13|T|2|4|M|1|P|N|P|000000008000|104607|41112472|102935703|    |      |88|00|033|Y|17080 069630|Y|1|      80|0|        |SE SIDNEY INTG  E LEG                             
S|31|000354|7|2|22|1R|2|N|2|2|N|2|2|F|13|T|2|4|M|1|P|N|P|000000008000|104607|41112472|102935703|    |      |88|00|033|Y|17080 069630|Y|1|      80|0|        |SE SIDNEY INTG  E LEG                             
S|31|000355|3|1|22|1R|2|N|2|2|N|2|2|F|13|B|2|4|M|1|P|N|R|000000008000|506943|40820714| 98247336|3023|      |88|00|079|N|            |Y|1|      80|0|        |GRAND ISLAND INTG  E LEG                          
S|31|000355|3|2|22|1R|2|N|2|2|N|2|2|F|13|B|2|4|M|1|P|N|R|000000008000|506943|40820714| 98247336|3023|      |88|00|079|N|            |Y|1|      80|0|        |GRAND ISLAND INTG  E LEG                          
S|31|000355|7|1|22|1R|2|N|2|2|N|2|2|F|13|B|2|4|M|1|P|N|P|000000008000|506943|40820714| 98247336|    |      |88|00|079|N|            |Y|1|      80|0|        |GRAND ISLAND INTG  E LEG                          
S|31|000355|7|2|22|1R|2|N|2|2|N|2|2|F|13|B|2|4|M|1|P|N|P|000000008000|506943|40820714| 98247336|    |      |88|00|079|N|            |Y|1|      80|0|        |GRAND ISLAND INTG  E LEG                          
S|31|000356|1|1|22|3R|2|N|2|2|N|2|2|F|13|T|2|4|M|1|P|N|P|000000007700| 88514|40411344| 96708056|    |      |88|00|109|Y|55077 056930|Y|2|      77|0|        |JCT US77 & ROKEBY RD  N LEG                       
S|31|000356|1|2|22|3R|2|N|2|2|N|2|2|F|13|T|2|4|M|1|P|N|P|000000007700| 88514|40411344| 96708056|    |      |88|00|109|Y|55077 056930|Y|2|      77|0|        |JCT US77 & ROKEBY RD  N LEG                       
S|31|000356|5|1|22|3R|2|N|2|2|N|2|2|F|13|B|2|4|M|1|P|N|R|000000007700| 88514|40411344| 96708056|3028|      |88|00|109|Y|55077 056930|Y|2|      77|0|        |JCT US77 & ROKEBY RD  N LEG                       
S|31|000356|5|2|22|3R|2|N|2|2|N|2|2|F|13|B|2|4|M|1|P|N|R|000000007700| 88514|40411344| 96708056|3028|      |88|00|109|Y|55077 056930|Y|2|      77|0|        |JCT US77 & ROKEBY RD  N LEG                       
