Record_Type|Year_Record|State_Code|Station_Id|Travel_Dir|Travel_Lane|F_System|Num_Lanes|Sample_Type_Volume|Num_Lanes_Volume|Method_Volume|Sample_Type_Class|Num_Lanes_Class|Method_Class|Algorithm_Volume|Num_Classes|Sample_Type_Truck|Num_Lanes_Truck|Method_Truck|Calibration|Data_Retrieval|Type_Sensor_1|Type_Sensor_2|Primary_Purpose|LRS_Id|LRS_Point|Latitude|Longitude|SHRP_Id|Prev_Station_Id|Year_Established|Year_Discontinued|County_Code|Is_Sample|Sample_Id|NHS|Posted_Route_Signing|Posted_Signed_Route|Con_Route_Signing|Con_Signed_Route|Station_Location
S|33|000001|1|0|22|1U|3|N|3|3|H|3|3|M|14|B|3|5|C|2|L|Q|L|            |      |43009174| 71434399|    |      |98|00|013|Y|117099900656|Y|1|93      |0|        |I-93 NB Manchester                                
S|33|000001|1|1|22|1U|3|T|3|3|H|3|3|M|14|B|3|5|C|2|L|Q|P|1Hestia     |      |43009174| 71434399|618 |      |98|00|013|Y|117099900656|Y|1|93      |0|        |I-93 NB Manchester                                
S|33|000001|1|2|22|1U|3|T|3|3|H|3|3|M|14|B|3|5|C|2|L|Q|P|1Hestia     |      |43009174| 71434399|618 |      |98|00|013|Y|117099900656|Y|1|93      |0|        |I93 NB Manchest                                   
S|33|000001|1|3|22|1U|3|T|3|3|H|3|3|M|14|B|3|5|C|2|L|Q|P|1Hestia     |      |43009174| 71434399|618 |      |98|00|013|Y|117099900656|Y|1|93      |0|        |I-93 NB Manchester                                
S|33|000001|1|4|22|1U|2|T|2|3|H|2|3|M|14|B|2|5|C|2|L|Q|L|1Hestia     |      |43005800| 71261700|319 |      |98|00|013|Y|170999006560|Y|1|93      |0|        |I93 NB Manchest                                   
S|33|000002|5|0|22|1U|3|N|3|3|H|3|3|M|14|B|3|5|C|2|L|Q|L|1Hestia     |      |43009174| 71434399|618 |      |98|00|013|Y|117099900656|Y|1|93      |0|        |I93 SB Manchester                                 
S|33|000002|5|1|22|1U|3|T|3|3|H|3|3|M|14|B|3|5|C|2|L|Q|P|1Hestia     |      |43009174| 71434399|618 |      |98|00|013|Y|117099900656|Y|1|93      |0|        |I93 SB Manchester                                 
S|33|000002|5|2|22|1U|3|T|3|3|H|3|3|M|14|B|3|5|C|2|L|Q|P|1Hestia     |      |43009174| 71434399|618 |      |98|00|013|Y|117099900656|Y|1|93      |0|        |I93 SB Manchester                                 
S|33|000002|5|3|22|1U|3|T|3|3|H|3|3|M|14|B|3|5|C|2|L|Q|P|1Hestia     |      |43009174| 71434399|618 |      |98|00|013|Y|117099900656|Y|1|93      |0|        |I93 SB Manchester                                 
S|33|000003|1|0|22|1U|4|N|4|3|H|4|3|M|14|B|4|5|C|2|L|Q|L|            |      |42542600| 70523800|    |      |01|00|015|Y|000000000095|Y|1|95      |0|        |I-95 NB Hampton Falls                             
S|33|000003|1|4|22|1U|2|T|2|3|H|2|3|M|14|B|2|5|C|2|L|Q|L|1Hestia     |      |42542600| 70523800|365 |      |01|00|015|Y|380999000000|Y|1|95      |0|        |I-95 NB Hampton Falls                             
S|33|000003|5|0|22|1U|4|N|4|3|H|4|3|M|14|B|4|5|C|2|L|Q|L|            |      |42542600| 70523800|    |      |01|00|015|Y|000000000095|Y|1|95      |0|        |I-95 SB Hampton Falls                             
S|33|000003|5|1|22|1U|2|T|2|3|H|2|3|M|14|B|2|5|C|2|L|Q|L|1Hestia     |      |42542600| 70523800|365 |      |01|00|015|Y|380999000000|Y|1|95      |0|        |I-95 SB Hampton Falls                             
S|33|000004|3|0|22|1U|2|N|2|3|H|2|3|M|14|B|2|5|C|2|L|Q|L|            |      |43140300| 71285200|    |      |02|00|013|N|108099700226|Y|1|393     |0|        |I393 EB Concord                                   
S|33|000004|3|1|22|1U|2|N|2|3|H|2|3|M|14|B|2|5|C|2|L|Q|L|            |      |43140300| 71285200|    |      |02|00|013|N|108099700226|Y|1|393     |0|        |I393 EB Concord                                   
S|33|000004|3|2|22|1U|2|N|2|3|H|2|3|M|14|B|2|5|C|2|L|Q|L|            |      |43140300| 71285200|    |      |02|00|013|N|108099700226|Y|1|393     |0|        |I393 EB Concord                                   
S|33|000004|7|0|22|1U|2|N|2|3|H|2|3|M|14|B|2|5|C|2|L|Q|L|            |      |43140300| 71285200|    |      |02|00|013|N|108099700226|Y|1|393     |0|        |I393 WB Concord                                   
S|33|000004|7|1|22|1U|2|N|2|3|H|2|3|M|14|B|2|5|C|2|L|Q|L|            |      |43140300| 71285200|    |      |02|00|013|N|108099700226|Y|1|393     |0|        |I393 WB Concord                                   
S|33|000004|7|2|22|1U|2|N|2|3|H|2|3|M|14|B|2|5|C|2|L|Q|L|            |      |43140300| 71285200|    |      |02|00|013|N|108099700226|Y|1|393     |0|        |I393 WB Concord                                   
S|33|000005|1|0|22|2U|3|N|3|3|H|3|3|M|14|B|3|5|C|2|L|Q|L|            |      |43289616| 70988886|    |     1|20|00|171|Y|009980036501|Y|1|6      0|0|       S|pauldingTurnpike Rochester NB                     
S|33|000005|1|1|22|2U|3|N|3|3|H|3|3|M|14|B|3|5|C|2|L|Q|L|            |      |43289616| 70988886|    |     1|20|00|171|Y|009980036501|Y|1|6      0|0|       S|pauldingTurnpike Rochester NB                     
S|33|000005|1|2|22|2U|3|N|3|3|H|3|3|M|14|B|3|5|C|2|L|Q|L|            |      |43289616| 70988886|    |     1|20|00|171|Y|009980036501|Y|1|6      0|0|       S|pauldingTurnpike Rochester NB                     
S|33|000005|1|3|22|2U|3|N|3|3|H|3|3|M|14|B|3|5|C|2|L|Q|L|            |      |43289616| 70988886|    |     1|20|00|171|Y|009980036501|Y|1|6      0|0|       S|pauldingTurnpike Rochester NB                     
S|33|000005|5|0|22|2U|3|N|3|3|H|3|3|M|14|B|3|5|C|2|L|Q|L|            |      |43289616| 70988886|    |     1|20|00|171|Y|009980036501|Y|1|6      0|0|       S|pauldingTurnpike Rochester SB                     
S|33|000005|5|1|22|2U|3|N|3|3|H|3|3|M|14|B|3|5|C|2|L|Q|L|            |      |43289616| 70988886|    |     1|20|00|171|Y|009980036501|Y|1|6      0|0|       S|pauldingTurnpike Rochester SB                     
S|33|000005|5|2|22|2U|3|N|3|3|H|3|3|M|14|B|3|5|C|2|L|Q|L|            |      |43289616| 70988886|    |     1|20|00|171|Y|009980036501|Y|1|6      0|0|       S|pauldingTurnpike Rochester SB                     
S|33|000005|5|3|22|2U|3|N|3|3|H|3|3|M|14|B|3|5|C|2|L|Q|L|            |      |43289616| 70988886|    |     1|20|00|171|Y|009980036501|Y|1|6      0|0|       S|pauldingTurnpike Rochester SB                     
S|33|000006|1|1|22|1U|4|T|4|3|H|4|3|F|13|T|4|5|M|2|P|L|P|0000I0000093|  2603|42773067| 71241628|0000|000000|15|00|015|Y|000000000040|Y|1|00000093|0|        |I93 NB at MM 2 between exits 1 and 2              
S|33|000006|1|2|22|1U|4|T|4|3|H|4|3|F|13|T|4|5|M|2|P|L|P|0000I0000093|  2603|42773067| 71241628|0000|000000|15|00|015|Y|000000000040|Y|1|00000093|0|        |I93 NB at MM 2 between exits 1 and 2              
S|33|000006|1|3|22|1U|4|T|4|3|H|4|3|F|13|T|4|5|M|2|P|L|P|0000I0000093|  2603|42773067| 71241628|0000|000000|15|00|015|Y|000000000040|Y|1|00000093|0|        |I93 NB at MM 2 between exits 1 and 2              
S|33|000006|1|4|22|1U|4|T|4|3|H|4|3|F|13|T|4|5|M|2|P|L|P|0000I0000093|  2603|42773067| 71241628|0000|000000|15|00|015|Y|000000000040|Y|1|00000093|0|        |I93 NB at MM 2 between exits 1 and 2              
S|33|000007|5|1|22|1U|4|T|4|3|H|4|3|F|13|T|4|5|M|2|P|L|P|0000I0000093| 23000|42771250| 71241403|0000|000000|15|00|015|Y|000000000040|Y|1|00000093|0|        |I93 SB at MM 2 between exits 1 and 2              
S|33|000007|5|2|22|1U|4|T|4|3|H|4|3|F|13|T|4|5|M|2|P|L|P|0000I0000093| 23000|42771250| 71241403|0000|000000|15|00|015|Y|000000000040|Y|1|00000093|0|        |I93 SB at MM 2 between exits 1 and 2              
S|33|000007|5|3|22|1U|4|T|4|3|H|4|3|F|13|T|4|5|M|2|P|L|P|0000I0000093| 23000|42771250| 71241403|0000|000000|15|00|015|Y|000000000040|Y|1|00000093|0|        |I93 SB at MM 2 between exits 1 and 2              
S|33|000007|5|4|22|1U|4|T|4|3|H|4|3|F|13|T|4|5|M|2|P|L|P|0000I0000093| 23000|42771250| 71241403|0000|000000|15|00|015|Y|000000000040|Y|1|00000093|0|        |I93 SB at MM 2 between exits 1 and 2              
S|33|011001|0|0|22|4R|1|T|1|3|N|0|0| |13| |0|0| |2|L|N|P|            |      |43492430| 71255400|    |      |55|00|001|Y|000000002522|N|3|00000011|0|        |ALTON-NH 11 S OF LOON COVE                        
S|33|011001|9|0|22|4R|1|T|1|3|N|0|0| |13| |0|0| |2|L|N|P|            |      |43492430| 71255400|    |      |55|00|001|Y|000000002522|N|3|00000011|0|        |ALTON-NH 11 S OF LOON COVE                        
S|33|011002|3|0|22|4R|1|T|1|3|N|0|0| |13| |0|0| |2|L|N|P|            |      |43492430| 71255400|    |      |55|00|001|Y|000000002522|N|3|00000011|0|        |ALTON-NH 11 EB S OF LOON COVE                     
S|33|011003|7|0|22|4R|1|T|1|3|N|0|0| |13| |0|0| |2|L|N|P|            |      |43492430| 71255400|    |      |55|00|001|Y|000000002522|N|3|00000011|0|        |ALTON-NH 11 WB S OF LOON COVE                     
S|33|015015|3|0|22|4R|1|T|1|3|N|0|0| |13| |0|0| |2|L|N|P|            |      |43438586| 71852517|    |      |10|00|013|N|000000003935|N|2|00000004|3|00000011|ANDOVER-US 4/NH 11 EB W OF DEPOT ST               
S|33|015016|7|0|22|4R|1|T|1|3|N|0|0| |13| |0|0| |2|L|N|P|            |      |43438586| 71852517|    |      |10|00|013|N|000000003935|N|2|00000004|3|00000011|ANDOVER-US 4/NH 11 WB W OF DEPOT ST               
S|33|015056|0|0|22|4R|1|T|1|3|N|0|0| |13| |0|0| |2|L|N|P|            |      |43438586| 71852517|    |      |10|00|013|N|000000003935|N|2|00000004|3|00000011|ANDOVER-US 4/NH 11 W OF DEPOT ST                  
S|33|015056|9|0|22|4R|1|T|1|3|N|0|0| |13| |0|0| |2|L|N|P|            |      |43438586| 71852517|    |      |10|00|013|N|000000003935|N|2|00000004|3|00000011|ANDOVER-US 4/NH 11 W OF DEPOT ST                  
S|33|029001|0|0|22|3R|1|T|1|3|N|0|0| |13| |0|0| |2|L|N|P|            |      |44074190| 71299700|    |      |55|00|003|Y|000000004065|Y|2|00000302|0|        |BARTLETT-US 302 2 MI E  OF HARTS LOCATION TL      
S|33|029001|9|0|22|3R|1|T|1|3|N|0|0| |13| |0|0| |2|L|N|P|            |      |44074190| 71299700|    |      |55|00|003|Y|000000004065|Y|2|00000302|0|        |BARTLETT-US 302 2 MI E  OF HARTS LOCATION TL      
S|33|029002|3|0|22|3R|1|T|1|3|N|0|0| |13| |0|0| |2|L|N|P|            |      |44074190| 71299700|    |      |55|00|003|Y|000000004065|Y|2|00000302|0|        |BARTLETT-US 302 EB 2 MI E  OF HARTS LOCATION TL   
S|33|029003|7|0|22|3R|1|T|1|3|N|0|0| |13| |0|0| |2|L|N|P|            |      |44074190| 71299700|    |      |55|00|003|Y|000000004065|Y|2|00000302|0|        |BARTLETT-US 302 WB 2 MI E  OF HARTS LOCATION TL   
S|33|037090|9|0|22|2U|2|T|2|3|N|0|0| |13| |0|0| |2|L|N|P|            |      |42915055| 71465158|    |      |89|00|011|Y|000000003637|Y|3|0000FEET|0|        |BEDFORD-FEET AT BEDFORD TOLL                      
S|33|037100|1|0|22|2U|2|T|2|3|N|0|0| |13| |0|0| |2|L|N|P|            |      |42915055| 71465158|    |      |89|00|011|Y|000000003637|Y|3|0000FEET|0|        |BEDFORD-FEET NB AT BEDFORD TOLL                   
S|33|037101|5|0|22|2U|2|T|2|3|N|0|0| |13| |0|0| |2|L|N|P|            |      |42915055| 71465158|    |      |89|00|011|Y|000000003637|Y|3|0000FEET|0|        |BEDFORD-FEET SB AT BEDFORD TOLL                   
S|33|039022|9|0|22|3U|1|T|1|3|N|0|0| |13| |0|0| |2|L|N|P|            |      |43503190| 71505170|    |      |81|00|001|Y|000000003825|Y|2|00000003|3|00000011|BELMONT-US 3 & NH 11 W OF UNION RD                
S|33|039023|5|0|22|3U|1|T|1|3|N|0|0| |13| |0|0| |2|L|N|P|            |      |43503190| 71505170|    |      |81|00|001|Y|000000003825|Y|2|00000003|3|00000011|BELMONT-US 3 & NH 11 SB W OF UNION RD             
S|33|039024|1|0|22|3U|1|T|1|3|N|0|0| |13| |0|0| |2|L|N|P|            |      |43503190| 71505170|    |      |81|00|001|Y|000000003825|Y|2|00000003|3|00000011|BELMONT-US 3 & NH 11 NB W OF UNION RD             
S|33|051003|9|0|22|5R|1|T|1|3|N|0|0| |13| |0|0| |2|L|N|P|            |      |43145250| 71493700|    |      |81|00|013|Y|000000002161|N|3|0000003A|0|        |BOW-NH 3A S OF ROBINSON RD                        
S|33|051004|5|0|22|5R|1|T|1|3|N|0|0| |13| |0|0| |2|L|N|P|            |      |43145250| 71493700|    |      |81|00|013|Y|000000002161|N|3|0000003A|0|        |BOW-NH 3A SB S OF ROBINSON RD                     
S|33|051005|1|0|22|5R|1|T|1|3|N|0|0| |13| |0|0| |2|L|N|P|            |      |43145250| 71493700|    |      |81|00|013|Y|000000002161|N|3|0000003A|0|        |BOW-NH 3A NB S OF ROBINSON RD                     
S|33|067002|9|0|22|1U|2|T|2|3|N|0|0| |13| |0|0| |2|L|N|P|            |      |43780460| 71678280|    |      |63|00|009|Y|000000000071|Y|1|00000093|0|        |CAMPTON-I-93 BETWEEN EXITS 26-27                  
S|33|067003|1|0|22|1U|2|T|2|3|N|0|0| |13| |0|0| |2|L|N|P|            |      |43780460| 71678280|    |      |63|00|009|Y|000000000071|Y|1|00000093|0|        |CAMPTON-I-93 NB BETWEEN EXITS 26-27               
S|33|067004|5|0|22|1U|2|T|2|3|N|0|0| |13| |0|0| |2|L|N|P|            |      |43780460| 71678280|    |      |63|00|009|Y|000000000071|Y|1|00000093|0|        |CAMPTON-I-93 SB BETWEEN EXITS 26-27               
S|33|071002|3|0|22|3R|2|T|2|3|N|0|0| |13| |0|0| |2|L|N|P|            |      |43039190| 71299680|    |      |86|00|015|Y|000000002908|Y|3|00000101|0|        |CANDIA-NH 101 EB BETWEEN EXITS 3-4                
S|33|071003|7|0|22|3R|2|T|2|3|N|0|0| |13| |0|0| |2|L|N|P|            |      |43039190| 71299680|    |      |86|00|015|Y|000000002908|Y|3|00000101|0|        |CANDIA-NH 101 WB BETWEEN EXITS 3-4                
S|33|071090|0|0|22|3R|2|T|2|3|N|0|0| |13| |0|0| |2|L|N|P|            |      |43039190| 71299680|    |      |86|00|015|Y|000000002908|Y|3|00000101|0|        |CANDIA-NH 101 BETWEEN EXITS 3-4                   
S|33|071090|9|0|22|3R|2|T|2|3|N|0|0| |13| |0|0| |2|L|N|P|            |      |43039190| 71299680|    |      |86|00|015|Y|000000002908|Y|3|00000101|0|        |CANDIA-NH 101 BETWEEN EXITS 3-4                   
S|33|087021|0|0|22|3R|1|T|1|3|N|0|0| |13| |0|0| |2|L|N|P|            |      |42887020| 72534520|    |      |69|00|005|Y|000000002205|Y|3|00000009|0|        |CHESTERFIELD-NH 9 9/10 MI E OF VT SL              
S|33|087021|9|0|22|3R|1|T|1|3|N|0|0| |13| |0|0| |2|L|N|P|            |      |42887020| 72534520|    |      |69|00|005|Y|000000002205|Y|3|00000009|0|        |CHESTERFIELD-NH 9 9/10 MI E OF VT SL              
S|33|087066|3|0|22|3R|1|T|1|3|N|0|0| |13| |0|0| |2|L|N|P|            |      |42887020| 72534520|    |      |69|00|005|Y|000000002205|Y|3|00000009|0|        |CHESTERFIELD-NH 9 EB 9/10 MI E OF VT SL           
S|33|087067|7|0|22|3R|1|T|1|3|N|0|0| |13| |0|0| |2|L|N|P|            |      |42887020| 72534520|    |      |69|00|005|Y|000000002205|Y|3|00000009|0|        |CHESTERFIELD-NH 9 WB 9/10 MI E OF VT SL           
S|33|089001|9|0|22|4R|1|T|1|3|N|0|0| |13| |0|0| |2|L|N|P|            |      |43262740| 71371720|    |      |55|00|013|Y|000000002698|N|3|00000028|0|        |CHICHESTER-NH 28 N OF BEAR HILL RD                
S|33|089002|0|0|22|3R|2|T|2|3|N|0|0| |13| |0|0| |2|L|N|P|            |      |43243080| 71402650|    |      |55|00|013|N|000000003949|Y|2|00000004|2|00000202|CHICHESTER-US 4/202 & NH 9 E OF MAIN ST           
S|33|089002|9|0|22|3R|2|T|2|3|N|0|0| |13| |0|0| |2|L|N|P|            |      |43243080| 71402650|    |      |55|00|013|N|000000003949|Y|2|00000004|2|00000202|CHICHESTER-US 4/202 & NH 9 E OF MAIN ST           
S|33|089003|3|0|22|3R|1|T|1|3|N|0|0| |13| |0|0| |2|L|N|P|            |      |43243080| 71402650|    |      |55|00|013|N|000000003949|Y|2|00000004|2|00000202|CHICHESTER-US 4/202 & NH 9 EB E OF MAIN ST        
S|33|089004|7|0|22|3R|2|T|2|3|N|0|0| |13| |0|0| |2|L|N|P|            |      |43243080| 71402650|    |      |55|00|013|N|000000003949|Y|2|00000004|2|00000202|CHICHESTER-US 4/202 & NH 9 WB E OF MAIN ST        
S|33|089057|5|0|22|4R|1|T|1|3|N|0|0| |13| |0|0| |2|L|N|P|            |      |43262740| 71371720|    |      |55|00|013|Y|000000002698|N|3|00000028|0|        |CHICHESTER-NH 28 SB N OF BEAR HILL RD             
S|33|089058|1|0|22|4R|1|T|1|3|N|0|0| |13| |0|0| |2|L|N|P|            |      |43262740| 71371720|    |      |55|00|013|Y|000000002698|N|3|00000028|0|        |CHICHESTER-NH 28 NB N OF BEAR HILL RD             
S|33|091002|5|0|22|4R|1|T|1|3|N|0|0| |13| |0|0| |2|L|N|P|            |      |43399910| 72393970|    |      |60|00|019|Y|000000002450|Y|3|00000012|3|00000103|CLAREMONT-NH 12/103 SB E OF VERMONT SL            
S|33|091003|1|0|22|4R|1|T|1|3|N|0|0| |13| |0|0| |2|L|N|P|            |      |43399910| 72393970|    |      |60|00|019|Y|000000002450|Y|3|00000012|3|00000103|CLAREMONT-NH 12/103 NB E OF VERMONT SL            
S|33|099008|1|0|22|1U|2|T|2|3|N|0|0| |13| |0|0| |2|L|N|P|            |      |43248620| 71545710|    |      |60|00|013|Y|000000000060|Y|1|00000093|0|        |CONCORD-I-93 NB BETWEEN EXITS 16-17               
S|33|099009|5|0|22|1U|2|T|2|3|N|0|0| |13| |0|0| |2|L|N|P|            |      |43248620| 71545710|    |      |60|00|013|Y|000000000060|Y|1|00000093|0|        |CONCORD-I-93 SB BETWEEN EXITS 16-17               
S|33|099011|1|0|22|1U|2|T|2|3|N|0|0| |13| |0|0| |2|L|N|P|            |      |43183220| 71525090|    |      |57|00|013|Y|000000003651|Y|1|00000093|0|        |CONCORD-I-93 NB BETWEEN EXITS 12-13               
S|33|099012|5|0|22|1U|2|T|2|3|N|0|0| |13| |0|0| |2|L|N|P|            |      |43183220| 71525090|    |      |57|00|013|Y|000000003651|Y|1|00000093|0|        |CONCORD-I-93 SB BETWEEN EXITS 12-13               
S|33|099056|9|0|22|3R|1|T|1|3|N|0|0| |13| |0|0| |2|L|N|P|            |      |43244330| 71464630|    |      |91|00|013|Y|000000003026|Y|3|00000106|0|        |CONCORD-NH 106 N OF AUTUMN DR                     
S|33|099091|9|0|22|1U|2|T|2|3|N|0|0| |13| |0|0| |2|L|N|P|            |      |43248620| 71545710|    |      |60|00|013|Y|000000000060|Y|1|00000093|0|        |CONCORD-I-93 BETWEEN EXITS 16-17                  
S|33|099092|9|0|22|1U|2|T|2|3|N|0|0| |13| |0|0| |2|L|N|P|            |      |43183220| 71525090|    |      |57|00|013|Y|000000003651|Y|1|00000093|0|        |CONCORD-I-93 BETWEEN EXITS 12-13                  
S|33|099101|3|0|22|1U|2|T|2|3|N|0|0| |13| |0|0| |2|L|N|P|            |      |43219970| 71521830|    |      |81|00|013|Y|000000000106|Y|1|00000393|0|        |CONCORD-I-393 EB BETWEEN EXITS 1-2                
S|33|099102|7|0|22|1U|2|T|2|3|N|0|0| |13| |0|0| |2|L|N|P|            |      |43219970| 71521830|    |      |81|00|013|Y|000000000106|Y|1|00000393|0|        |CONCORD-I-393 WB BETWEEN EXITS 1-2                
S|33|099103|0|0|22|1U|2|T|2|3|N|0|0| |13| |0|0| |2|L|N|P|            |      |43219970| 71521830|    |      |81|00|013|Y|000000000106|Y|1|00000393|0|        |CONCORD-I-393 BETWEEN EXITS 1-2                   
S|33|099103|9|0|22|1U|2|T|2|3|N|0|0| |13| |0|0| |2|L|N|P|            |      |43219970| 71521830|    |      |81|00|013|Y|000000000106|Y|1|00000393|0|        |CONCORD-I-393 BETWEEN EXITS 1-2                   
S|33|099278|9|0|22|4U|1|T|1|3|N|0|0| |13| |0|0| |2|L|N|P|            |      |43250860| 71573460|    |      |92|00|013|N|000000003799|N|2|00000003|0|        |CONCORD-US 3 N OF SEWALLS FALLS RD                
S|33|099298|5|0|22|4U|1|T|1|3|N|0|0| |13| |0|0| |2|L|N|P|            |      |43250860| 71573460|    |      |92|00|013|N|000000003799|N|2|00000003|0|        |CONCORD-US 3 SB N OF SEWALLS FALLS RD             
S|33|099299|1|0|22|4U|1|T|1|3|N|0|0| |13| |0|0| |2|L|N|P|            |      |43250860| 71573460|    |      |92|00|013|N|000000003799|N|2|00000003|0|        |CONCORD-US 3 NB N OF SEWALLS FALLS RD             
S|33|099314|5|0|22|3R|1|T|1|3|N|0|0| |13| |0|0| |2|L|N|P|            |      |43244330| 71464630|    |      |91|00|013|Y|000000003026|Y|3|00000106|0|        |CONCORD-NH 106 SB N OF AUTUMN DR                  
S|33|099315|1|0|22|3R|1|T|1|3|N|0|0| |13| |0|0| |2|L|N|P|            |      |43244330| 71464630|    |      |91|00|013|Y|000000003026|Y|3|00000106|0|        |CONCORD-NH 106 NB N OF AUTUMN DR                  
S|33|125001|9|0|22|4U|1|T|1|3|N|0|0| |13| |0|0| |2|L|N|P|            |      |43172770| 70861110|    |      |55|00|017|Y|000000000859|N|6|00000000|0|        |DOVER-DOVER PT RD S OF MIDDLEBROOK RD             
S|33|125002|5|0|22|4U|1|T|1|3|N|0|0| |13| |0|0| |2|L|N|P|            |      |43172770| 70861110|    |      |55|00|017|Y|000000000859|N|6|00000000|0|        |DOVER-DOVER PT RD SB S OF MIDDLEBROOK RD          
S|33|125003|1|0|22|4U|1|T|1|3|N|0|0| |13| |0|0| |2|L|N|P|            |      |43172770| 70861110|    |      |55|00|017|Y|000000000859|N|6|00000000|0|        |DOVER-DOVER PT RD NB S OF MIDDLEBROOK RD          
S|33|125090|9|0|22|2U|2|T|2|3|N|0|0| |13| |0|0| |2|L|N|P|            |      |43137735| 70902790|    |      |57|00|017|Y|000000003970|Y|3|00000016|0|        |DOVER-SPAULDING TPK BETWEEN EXITS 6-7             
S|33|125200|1|0|22|2U|2|T|2|3|N|0|0| |13| |0|0| |2|L|N|P|            |      |43137735| 70902790|    |      |57|00|017|Y|000000003970|Y|3|00000016|0|        |DOVER-SPAULDING TPK NB BETWEEN EXITS 6-7          
S|33|125201|5|0|22|2U|2|T|2|3|N|0|0| |13| |0|0| |2|L|N|P|            |      |43137735| 70902790|    |      |57|00|017|Y|000000003970|Y|3|00000016|0|        |DOVER-SPAULDING TPK SB BETWEEN EXITS 6-7          
S|33|133019|3|0|22|3U|1|T|1|3|N|0|0| |13| |0|0| |2|L|N|P|            |      |43137810| 70902900|    |      |81|00|017|Y|000000003970|Y|2|00000004|0|        |DURHAM-US 4 EB E OF NH 108                        
S|33|133020|7|0|22|3U|1|T|1|3|N|0|0| |13| |0|0| |2|L|N|P|            |      |43137810| 70902900|    |      |81|00|017|Y|000000003970|Y|2|00000004|0|        |DURHAM-US 4 WB E OF NH 108                        
S|33|133021|0|0|22|3U|1|T|1|3|N|0|0| |13| |0|0| |2|L|N|P|            |      |43137810| 70902900|    |      |81|00|017|Y|000000003970|Y|2|00000004|0|        |DURHAM-US 4 E OF NH 108                           
S|33|133021|9|0|22|3U|1|T|1|3|N|0|0| |13| |0|0| |2|L|N|P|            |      |43137810| 70902900|    |      |81|00|017|Y|000000003970|Y|2|00000004|0|        |DURHAM-US 4 E OF NH 108                           
S|33|153001|0|0|22|2U|2|T|2|3|N|0|0| |13| |0|0| |2|L|N|P|            |      |42985150| 70919340|    |      |59|00|015|Y|000000002921|Y|3|00000101|0|        |EXETER-NH 101 BETWEEN EXITS 11-12                 
S|33|153001|9|0|22|2U|2|T|2|3|N|0|0| |13| |0|0| |2|L|N|P|            |      |42985150| 70919340|    |      |59|00|015|Y|000000002921|Y|3|00000101|0|        |EXETER-NH 101 BETWEEN EXITS 11-12                 
S|33|153150|3|0|22|2U|2|T|2|3|N|0|0| |13| |0|0| |2|L|N|P|            |      |42985150| 70919340|    |      |59|00|015|Y|000000002921|Y|3|00000101|0|        |EXETER-NH 101 EB BETWEEN EXITS 11-12              
S|33|153151|7|0|22|2U|2|T|2|3|N|0|0| |13| |0|0| |2|L|N|P|            |      |42985150| 70919340|    |      |59|00|015|Y|000000002921|Y|3|00000101|0|        |EXETER-NH 101 WB BETWEEN EXITS 11-12              
S|33|169053|9|0|22|3U|1|T|1|3|N|0|0| |13| |0|0| |2|L|N|P|            |      |43548700| 71439040|    |      |73|00|001|Y|000000003834|Y|2|00000003|3|00000011|GILFORD-US 3 & NH 11 1.2 MI N OF NH 11A           
S|33|169085|5|0|22|3U|1|T|1|3|N|0|0| |13| |0|0| |2|L|N|P|            |      |43548700| 71439040|    |      |73|00|001|Y|000000003834|Y|2|00000003|3|00000011|GILFORD-US 3 & NH 11 SB 1.2 MI N OF NH 11A        
S|33|169086|1|0|22|3U|1|T|1|3|N|0|0| |13| |0|0| |2|L|N|P|            |      |43548700| 71439040|    |      |73|00|001|Y|000000003834|Y|2|00000003|3|00000011|GILFORD-US 3 & NH 11 NB 1.2 MI N OF NH 11A        
S|33|197002|9|0|22|4U|1|T|1|3|N|0|0| |13| |0|0| |2|L|N|P|            |      |42892830| 70817270|    |      |55|00|015|N|000000002079|N|3|0000001A|0|        |HAMPTON-NH 1A AT SEABROOK TL                      
S|33|197003|5|0|22|4U|1|T|1|3|N|0|0| |13| |0|0| |2|L|N|P|            |      |42892830| 70817270|    |      |55|00|015|N|000000002079|N|3|0000001A|0|        |HAMPTON-NH 1A SB AT SEABROOK TL                   
S|33|197004|1|0|22|4U|1|T|1|3|N|0|0| |13| |0|0| |2|L|N|P|            |      |42892830| 70817270|    |      |55|00|015|N|000000002079|N|3|0000001A|0|        |HAMPTON-NH 1A NB AT SEABROOK TL                   
S|33|197076|9|0|22|4U|1|T|1|3|N|0|0| |13| |0|0| |2|L|N|P|            |      |42924520| 70852800|    |      |90|00|015|N|000000003673|N|2|00000001|0|        |HAMPTON-US 1 S OF RAMP TO NH 101                  
S|33|197077|5|0|22|4U|1|T|1|3|N|0|0| |13| |0|0| |2|L|N|P|            |      |42924520| 70852800|    |      |90|00|015|N|000000003673|N|2|00000001|0|        |HAMPTON-US 1 SB S OF RAMP TO NH 101               
S|33|197078|1|0|22|4U|1|T|1|3|N|0|0| |13| |0|0| |2|L|N|P|            |      |42924520| 70852800|    |      |90|00|015|N|000000003673|N|2|00000001|0|        |HAMPTON-US 1 NB S OF RAMP TO NH 101               
S|33|197090|9|0|22|1U|2|T|2|3|N|0|0| |13| |0|0| |2|L|N|P|            |      |42962688| 70856334|    |      |55|00|015|Y|000000003656|Y|1|00000095|0|        |HAMPTON-I-95 AT HAMPTON TOLL EXIT 2               
S|33|197100|1|0|22|1U|2|T|2|3|N|0|0| |13| |0|0| |2|L|N|P|            |      |42962688| 70856334|    |      |55|00|015|Y|000000003656|Y|1|00000095|0|        |HAMPTON-I-95 NB AT HAMPTON TOLL EXIT 2            
S|33|197101|5|0|22|1U|2|T|2|3|N|0|0| |13| |0|0| |2|L|N|P|            |      |42962688| 70856334|    |      |55|00|015|Y|000000003656|Y|1|00000095|0|        |HAMPTON-I-95 SB AT HAMPTON TOLL EXIT 2            
S|33|217001|0|0|22|3R|1|T|1|3|N|0|0| |13| |0|0| |2|L|N|P|            |      |43112960| 71953410|    |      |55|00|011|Y|000000002229|Y|3|00000009|3|00000031|HILLSBORO-NH 9/31 W OF NH 31 NORTH                
S|33|217001|9|0|22|3R|1|T|1|3|N|0|0| |13| |0|0| |2|L|N|P|            |      |43112960| 71953410|    |      |55|00|011|Y|000000002229|Y|3|00000009|3|00000031|HILLSBORO-NH 9/31 W OF NH 31 NORTH                
S|33|217002|3|0|22|3R|1|T|1|3|N|0|0| |13| |0|0| |2|L|N|P|            |      |43112960| 71953410|    |      |55|00|011|Y|000000002229|Y|3|00000009|3|00000031|HILLSBORO-NH 9/31 EB W OF NH 31 NORTH             
S|33|217003|7|0|22|3R|1|T|1|3|N|0|0| |13| |0|0| |2|L|N|P|            |      |43112960| 71953410|    |      |55|00|011|Y|000000002229|Y|3|00000009|3|00000031|HILLSBORO-NH 9/31 WB W OF NH 31 NORTH             
S|33|225091|9|0|22|1R|2|T|2|3|N|0|0| |13| |0|0| |2|L|N|P|            |      |43085784| 71473982|    |      |87|00|013|Y|000000003646|Y|1|00000093|0|        |HOOKSETT-I-93/FEET AT HOOKSETT TOLL EXIT 11       
S|33|225100|1|0|22|1R|2|T|2|3|N|0|0| |13| |0|0| |2|L|N|P|            |      |43085784| 71473982|    |      |87|00|013|Y|000000003646|Y|1|00000093|0|        |HOOKSETT-I-93/FEET NB AT HOOKSETT TOLL EXIT 11    
S|33|225101|5|0|22|1R|2|T|2|3|N|0|0| |13| |0|0| |2|L|N|P|            |      |43085784| 71473982|    |      |87|00|013|Y|000000003646|Y|1|00000093|0|        |HOOKSETT-I-93/FEET SB AT HOOKSETT TOLL EXIT 11    
S|33|225114|5|0|22|4U|2|T|2|3|N|0|0| |13| |0|0| |2|L|N|P|            |      |43669170| 72233730|    |      |88|00|009|Y|000000003340|N|3|00000120|0|        |LEBANON-NH 120 SB 1 MI S OF HANOVER TL            
S|33|225115|1|0|22|4U|2|T|2|3|N|0|0| |13| |0|0| |2|L|N|P|            |      |43669170| 72233730|    |      |88|00|009|Y|000000003340|N|3|00000120|0|        |LEBANON-NH 120 NB 1 MI S OF HANOVER TL												
S|33|227001|9|0|22|1R|2|T|2|3|N|0|0| |13| |0|0| |2|L|N|P|            |      |43182140| 71643130|    |      |60|00|013|Y|000000000020|Y|1|00000089|0|        |HOPKINTON-I-89 BETWEEN EXITS 3-4                  
S|33|227002|1|0|22|1R|2|T|2|3|N|0|0| |13| |0|0| |2|L|N|P|            |      |43182140| 71643130|    |      |60|00|013|Y|000000000020|Y|1|00000089|0|        |HOPKINTON-I-89 NB BETWEEN EXITS 3-4               
S|33|227003|5|0|22|1R|2|T|2|3|N|0|0| |13| |0|0| |2|L|N|P|            |      |43182140| 71643130|    |      |60|00|013|Y|000000000020|Y|1|00000089|0|        |HOPKINTON-I-89 SB BETWEEN EXITS 3-4               
S|33|229022|0|0|22|3U|2|T|2|3|N|0|0| |13| |0|0| |2|L|N|P|            |      |42724800| 71434560|    |      |79|00|011|Y|000000000908|Y|3|0000FEET|0|        |HUDSON-CIRCUMFERENCE RD E OF NASHUA TL            
S|33|229022|9|0|22|3U|2|T|2|3|N|0|0| |13| |0|0| |2|L|N|P|            |      |42724800| 71434560|    |      |79|00|011|Y|000000000908|Y|3|0000FEET|0|        |HUDSON-CIRCUMFERENCE RD E OF NASHUA TL            
S|33|229101|3|0|22|3U|2|T|2|3|N|0|0| |13| |0|0| |2|L|N|P|            |      |42724800| 71434560|    |      |79|00|011|Y|000000000908|Y|3|0000FEET|0|        |HUDSON-CIRCUMFERENCE RD EB E OF NASHUA TL         
S|33|229102|7|0|22|3U|2|T|2|3|N|0|0| |13| |0|0| |2|L|N|P|            |      |42724800| 71434560|    |      |79|00|011|Y|000000000908|Y|3|0000FEET|0|        |HUDSON-CIRCUMFERENCE RD WB E OF NASHUA TL         
S|33|231001|9|0|22|3R|1|T|1|3|N|0|0| |13| |0|0| |2|L|N|P|            |      |44190920| 71227850|    |      |55|00|003|Y|000000002537|Y|3|00000016|0|        |JACKSON-NH 16 S OF BLAKE HOUSE DR                 
S|33|231002|5|0|22|3R|1|T|1|3|N|0|0| |13| |0|0| |2|L|N|P|            |      |44190920| 71227850|    |      |55|00|003|Y|000000002537|Y|3|00000016|0|        |JACKSON-NH 16 SB S OF BLAKE HOUSE DR              
S|33|231003|1|0|22|3R|1|T|1|3|N|0|0| |13| |0|0| |2|L|N|P|            |      |44190920| 71227850|    |      |55|00|003|Y|000000002537|Y|3|00000016|0|        |JACKSON-NH 16 NB S OF BLAKE HOUSE DR              
S|33|235001|0|0|22|3R|1|T|1|3|N|0|0| |13| |0|0| |2|L|N|P|            |      |44366700| 71397060|    |      |55|00|007|N|000000003718|Y|2|00000002|0|        |JEFFERSON-US 2 0.7 MI W OF RANDOLPH TL            
S|33|235001|9|0|22|3R|1|T|1|3|N|0|0| |13| |0|0| |2|L|N|P|            |      |44366700| 71397060|    |      |55|00|007|N|000000003718|Y|2|00000002|0|        |JEFFERSON-US 2 0.7 MI W OF RANDOLPH TL            
S|33|235002|3|0|22|3R|1|T|1|3|N|0|0| |13| |0|0| |2|L|N|P|            |      |44366700| 71397060|    |      |55|00|007|N|000000003718|Y|2|00000002|0|        |JEFFERSON-US 2 EB 0.7 MI W OF RANDOLPH TL         
S|33|235003|7|0|22|3R|1|T|1|3|N|0|0| |13| |0|0| |2|L|N|P|            |      |44366700| 71397060|    |      |55|00|007|N|000000003718|Y|2|00000002|0|        |JEFFERSON-US 2 WB 0.7 MI W OF RANDOLPH TL         
S|33|253001|5|0|22|1U|2|T|2|3|N|0|0| |13| |0|0| |2|L|N|P|            |      |43633450| 72326440|    |      |67|00|009|N|000000000038|Y|1|00000089|0|        |LEBANON-I-89 SB AT VERMONT SL                     
S|33|253002|1|0|22|1U|2|T|2|3|N|0|0| |13| |0|0| |2|L|N|P|            |      |43633450| 72326440|    |      |67|00|009|N|000000000038|Y|1|00000089|0|        |LEBANON-I-89 NB AT VERMONT SL                     
S|33|253025|9|0|22|4U|2|T|2|3|N|0|0| |13| |0|0| |2|L|N|P|            |      |43669170| 72233730|    |      |88|00|009|Y|000000003340|N|3|00000120|0|        |LEBANON-NH 120 1 MI S OF HANOVER TL               
S|33|253090|9|0|22|1U|2|T|2|3|N|0|0| |13| |0|0| |2|L|N|P|            |      |43633450| 72326440|    |      |67|00|009|N|000000000038|Y|1|00000089|0|        |LEBANON-I-89 AT VERMONT SL                        
S|33|253114|5|0|22|4U|2|T|2|3|N|0|0| |13| |0|0| |2|L|N|P|            |      |43669170| 72233730|    |      |88|00|009|Y|000000003340|N|3|00000120|0|        |LEBANON-NH 120 SB 1 MI S OF HANOVER TL            
S|33|253115|1|0|22|4U|2|T|2|3|N|0|0| |13| |0|0| |2|L|N|P|            |      |43669170| 72233730|    |      |88|00|009|Y|000000003340|N|3|00000120|0|        |LEBANON-NH 120 NB 1 MI S OF HANOVER TL            
S|33|255001|9|0|22|3R|1|T|1|3|N|0|0| |13| |0|0| |2|L|N|P|            |      |43166110| 71005410|    |      |55|00|017|Y|000000003430|Y|3|00000125|0|        |LEE-NH 125 N OF PINKHAM RD                        
S|33|255002|5|0|22|3R|1|T|1|3|N|0|0| |13| |0|0| |2|L|N|P|            |      |43166110| 71005410|    |      |55|00|017|Y|000000003430|Y|3|00000125|0|        |LEE-NH 125 SB N OF PINKHAM RD                     
S|33|255003|1|0|22|3R|1|T|1|3|N|0|0| |13| |0|0| |2|L|N|P|            |      |43166110| 71005410|    |      |55|00|017|Y|000000003430|Y|3|00000125|0|        |LEE-NH 125 NB N OF PINKHAM RD                     
S|33|259002|5|0|22|1R|2|T|2|3|N|0|0| |13| |0|0| |2|L|N|P|            |      |44070230| 71689490|    |      |87|00|009|Y|000000000078|Y|1|00000093|0|        |LINCOLN-I-93 SB BETWEEN EXITS 33-34A              
S|33|259003|1|0|22|1R|2|T|2|3|N|0|0| |13| |0|0| |2|L|N|P|            |      |44070230| 71689490|    |      |87|00|009|Y|000000000078|Y|1|00000093|0|        |LINCOLN-I-93 NB BETWEEN EXITS 33-34A              
S|33|259090|9|0|22|1R|2|T|2|3|N|0|0| |13| |0|0| |2|L|N|P|            |      |44070230| 71689490|    |      |87|00|009|Y|000000000078|Y|1|00000093|0|        |LINCOLN-I-93 BETWEEN EXITS 33-34A                 
S|33|265090|5|0|22|1R|2|T|2|3|N|0|0| |13| |0|0| |2|L|N|P|            |      |44341250| 71890410|    |      |83|00|009|Y|000000000094|Y|1|00000093|0|        |LITTLETON-I-93 SB AT VERMONT SL                   
S|33|265091|1|0|22|1R|2|T|2|3|N|0|0| |13| |0|0| |2|L|N|P|            |      |44341250| 71890410|    |      |83|00|009|Y|000000000094|Y|1|00000093|0|        |LITTLETON-I-93 NB AT VERMONT SL                   
S|33|265092|9|0|22|1R|2|T|2|3|N|0|0| |13| |0|0| |2|L|N|P|            |      |44341250| 71890410|    |      |83|00|009|Y|000000000094|Y|1|00000093|0|        |LITTLETON-I-93 AT VERMONT SL                      
S|33|277021|9|0|22|4R|1|T|1|3|N|0|0| |13| |0|0| |2|L|N|P|            |      |43839770| 72150670|    |      |61|00|009|Y|000000002326|N|3|00000010|0|        |LYME-NH 10 N OF NORTH THETFORD RD                 
S|33|277022|5|0|22|4R|1|T|1|3|N|0|0| |13| |0|0| |2|L|N|P|            |      |43839770| 72150670|    |      |61|00|009|Y|000000002326|N|3|00000010|0|        |LYME-NH 10 SB N OF NORTH THETFORD RD              
S|33|277023|1|0|22|4R|1|T|1|3|N|0|0| |13| |0|0| |2|L|N|P|            |      |43839770| 72150670|    |      |61|00|009|Y|000000002326|N|3|00000010|0|        |LYME-NH 10 NB N OF NORTH THETFORD RD              
S|33|285009|5|0|22|1U|3|T|3|3|N|0|0| |13| |0|0| |2|L|N|P|            |      |43031070| 71450070|    |      |77|00|011|Y|000000000054|Y|1|00000093|0|        |MANCHESTER-I-93 SB BETWEEN EXITS 9-10             
S|33|285010|1|0|22|1U|3|T|3|3|N|0|0| |13| |0|0| |2|L|N|P|            |      |43031070| 71450070|    |      |77|00|011|Y|000000000054|Y|1|00000093|0|        |MANCHESTER-I-93 NB BETWEEN EXITS 9-10             
S|33|285092|9|0|22|1U|3|T|3|3|N|0|0| |13| |0|0| |2|L|N|P|            |      |43031070| 71450070|    |      |77|00|011|Y|000000000054|Y|1|00000093|0|        |MANCHESTER-I-93 BETWEEN EXITS 9-10                
S|33|287001|9|0|22|3R|1|T|1|3|N|0|0| |13| |0|0| |2|L|N|P|            |      |42873820| 72223020|    |      |59|00|005|Y|000000002418|Y|3|00000012|0|        |MARLBOROUGH-NH 12 AT SWANZEY TL                   
S|33|287006|5|0|22|3R|1|T|1|3|N|0|0| |13| |0|0| |2|L|N|P|            |      |42873820| 72223020|    |      |59|00|005|Y|000000002418|Y|3|00000012|0|        |MARLBOROUGH-NH 12 SB AT SWANZEY TL                
S|33|287007|1|0|22|3R|1|T|1|3|N|0|0| |13| |0|0| |2|L|N|P|            |      |42873820| 72223020|    |      |59|00|005|Y|000000002418|Y|3|00000012|0|        |MARLBOROUGH-NH 12 NB AT SWANZEY TL                
S|33|295003|3|0|22|4R|1|T|1|3|N|0|0| |13| |0|0| |2|L|N|P|            |      |43620160| 71555710|    |      |55|00|001|Y|000000003016|Y|3|00000104|0|        |MEREDITH-NH 104 EB W OF CHASE RD                  
S|33|295004|7|0|22|4R|1|T|1|3|N|0|0| |13| |0|0| |2|L|N|P|            |      |43620160| 71555710|    |      |55|00|001|Y|000000003016|Y|3|00000104|0|        |MEREDITH-NH 104 WB W OF CHASE RD                  
S|33|295022|0|0|22|4R|1|T|1|3|N|0|0| |13| |0|0| |2|L|N|P|            |      |43620160| 71555710|    |      |55|00|001|Y|000000003016|Y|3|00000104|0|        |MEREDITH-NH 104 W OF CHASE RD                     
S|33|295022|9|0|22|4R|1|T|1|3|N|0|0| |13| |0|0| |2|L|N|P|            |      |43620160| 71555710|    |      |55|00|001|Y|000000003016|Y|3|00000104|0|        |MEREDITH-NH 104 W OF CHASE RD                     
S|33|297001|9|0|22|4U|1|T|1|3|N|0|0| |13| |0|0| |2|L|N|P|            |      |42888290| 71474380|    |      |55|00|011|N|000000003739|N|2|00000003|0|        |MERRIMACK-US 3 N OF HILTON DR                     
S|33|297004|5|0|22|4U|1|T|1|3|N|0|0| |13| |0|0| |2|L|N|P|            |      |42888290| 71474380|    |      |55|00|011|N|000000003739|N|2|00000003|0|        |MERRIMACK-US 3 SB N OF HILTON DR                  
S|33|297005|1|0|22|4U|1|T|1|3|N|0|0| |13| |0|0| |2|L|N|P|            |      |42888290| 71474380|    |      |55|00|011|N|000000003739|N|2|00000003|0|        |MERRIMACK-US 3 NB N OF HILTON DR                  
S|33|303001|0|0|22|3U|2|T|2|3|N|0|0| |13| |0|0| |2|L|N|P|            |      |42824082| 71611912|    |      |61|00|011|Y|000000002943|Y|3|0000101A|0|        |MILFORD-NH 101A W OF OVERLOOK DR                  
S|33|303001|9|0|22|3U|2|T|2|3|N|0|0| |13| |0|0| |2|L|N|P|            |      |42824082| 71611912|    |      |61|00|011|Y|000000002943|Y|3|0000101A|0|        |MILFORD-NH 101A W OF OVERLOOK DR                  
S|33|303002|3|0|22|3U|2|T|2|3|N|0|0| |13| |0|0| |2|L|N|P|            |      |42824082| 71611912|    |      |61|00|011|Y|000000002943|Y|3|0000101A|0|        |MILFORD-NH 101A EB W OF OVERLOOK DR               
S|33|303003|7|0|22|3U|2|T|2|3|N|0|0| |13| |0|0| |2|L|N|P|            |      |42824082| 71611912|    |      |61|00|011|Y|000000002943|Y|3|0000101A|0|        |MILFORD-NH 101A WB W OF OVERLOOK DR               
S|33|315038|7|0|22|3U|2|T|2|3|N|0|0| |13| |0|0| |2|L|N|P|            |      |42763650| 71442210|    |      |79|00|011|Y|000000003176|N|3|00000111|0|        |NASHUA-NH 111 WB AT HUDSON TL                     
S|33|315039|3|0|22|3U|2|T|2|3|N|0|0| |13| |0|0| |2|L|N|P|            |      |42763650| 71442210|    |      |79|00|011|Y|000000003176|N|3|00000111|0|        |NASHUA-NH 111 EB AT HUDSON TL                     
S|33|315051|0|0|22|3U|2|T|2|3|N|0|0| |13| |0|0| |2|L|N|P|            |      |42763650| 71442210|    |      |79|00|011|Y|000000003176|N|3|00000111|0|        |NASHUA-NH 111 AT HUDSON TL                        
S|33|315051|9|0|22|3U|2|T|2|3|N|0|0| |13| |0|0| |2|L|N|P|            |      |42763650| 71442210|    |      |79|00|011|Y|000000003176|N|3|00000111|0|        |NASHUA-NH 111 AT HUDSON TL                        
S|33|315064|5|0|22|2U|5|T|5|3|N|0|0| |13| |0|0| |2|L|N|P|            |      |42759810| 71493050|    |      |00|00|011|N|000000003621|Y|3|00000003|0|        |NASHUA-FEET US 3 SB BETWEEN EXITS 5-6             
S|33|315065|1|0|22|2U|5|T|5|3|N|0|0| |13| |0|0| |2|L|N|P|            |      |42759810| 71493050|    |      |00|00|011|N|000000003621|Y|3|00000003|0|        |NASHUA-FEET US 3 NB BETWEEN EXITS 5-6             
S|33|315281|9|0|22|2U|5|T|5|3|N|0|0| |13| |0|0| |2|L|N|P|            |      |42759810| 71493050|    |      |00|00|011|N|000000003621|Y|3|00000003|0|        |NASHUA-FEET US 3 BETWEEN EXITS 5-6                
S|33|331001|9|0|22|2U|2|T|2|3|N|0|0| |13| |0|0| |2|L|N|P|            |      |43115570| 70822010|    |      |55|00|015|Y|000000003596|Y|2|00000004|0|        |NEWINGTON-SPAULDING TPK US 4/NH 16 BETWEEN EXITS 4
S|33|331002|5|0|22|2U|2|T|2|3|N|0|0| |13| |0|0| |2|L|N|P|            |      |43115570| 70822010|    |      |55|00|015|Y|000000003596|Y|2|00000004|0|        |NEWINGTON-SPAULDING TPK US 4/NH 16 SB BETWEEN EXIT
S|33|331003|1|0|22|2U|2|T|2|3|N|0|0| |13| |0|0| |2|L|N|P|            |      |43115570| 70822010|    |      |55|00|015|Y|000000003596|Y|2|00000004|0|        |NEWINGTON-SPAULDING TPK US 4/NH 16 NB BETWEEN EXIT
S|33|339001|9|0|22|5R|1|T|1|3|N|0|0| |13| |0|0| |2|L|N|P|            |      |43396941| 72182236|    |      |55|00|019|Y|000000002311|N|3|00000010|0|        |NEWPORT-NH 10 N OF CORBIN RD                      
S|33|339002|5|0|22|5R|1|T|1|3|N|0|0| |13| |0|0| |2|L|N|P|            |      |43396941| 72182236|    |      |55|00|019|Y|000000002311|N|3|00000010|0|        |NEWPORT-NH 10 SB N OF CORBIN RD                   
S|33|339003|1|0|22|5R|1|T|1|3|N|0|0| |13| |0|0| |2|L|N|P|            |      |43396941| 72182236|    |      |55|00|019|Y|000000002311|N|3|00000010|0|        |NEWPORT-NH 10 NB N OF CORBIN RD                   
S|33|345001|9|0|22|3U|1|T|1|3|N|0|0| |13| |0|0| |2|L|N|P|            |      |42989570| 70820880|    |      |55|00|015|Y|000000003679|N|2|00000001|0|        |NORTH HAMPTON-US 1 N OF NORTH RD                  
S|33|345005|5|0|22|3U|1|T|1|3|N|0|0| |13| |0|0| |2|L|N|P|            |      |42989570| 70820880|    |      |55|00|015|Y|000000003679|N|2|00000001|0|        |NORTH HAMPTON-US 1 SB N OF NORTH RD               
S|33|345006|1|0|22|3U|1|T|1|3|N|0|0| |13| |0|0| |2|L|N|P|            |      |42989570| 70820880|    |      |55|00|015|Y|000000003679|N|2|00000001|0|        |NORTH HAMPTON-US 1 NB N OF NORTH RD               
S|33|347001|9|0|22|4R|1|T|1|3|N|0|0| |13| |0|0| |2|L|N|P|            |      |44617960| 71538200|    |      |55|00|007|N|000000003886|N|2|00000003|0|        |NORTHUMBERLAND-US 3 S OF BALL RD S INT            
S|33|347002|5|0|22|4R|1|T|1|3|N|0|0| |13| |0|0| |2|L|N|P|            |      |44617960| 71538200|    |      |55|00|007|N|000000003886|N|2|00000003|0|        |NORTHUMBERLAND-US 3 SB S OF BALL RD S INT         
S|33|347003|1|0|22|4R|1|T|1|3|N|0|0| |13| |0|0| |2|L|N|P|            |      |44617960| 71538200|    |      |55|00|007|N|000000003886|N|2|00000003|0|        |NORTHUMBERLAND-US 3 NB S OF BALL RD S INT         
S|33|349001|0|0|22|3R|1|T|1|3|N|0|0| |13| |0|0| |2|L|N|P|            |      |43187080| 71139300|    |      |63|00|015|Y|000000003959|Y|2|00000004|0|        |NORTHWOOD-US 4 AT NOTTINGHAM TL                   
S|33|349001|9|0|22|3R|1|T|1|3|N|0|0| |13| |0|0| |2|L|N|P|            |      |43187080| 71139300|    |      |63|00|015|Y|000000003959|Y|2|00000004|0|        |NORTHWOOD-US 4 AT NOTTINGHAM TL                   
S|33|349002|3|0|22|3R|1|T|1|3|N|0|0| |13| |0|0| |2|L|N|P|            |      |43187080| 71139300|    |      |63|00|015|Y|000000003959|Y|2|00000004|0|        |NORTHWOOD-US 4 EB AT NOTTINGHAM TL                
S|33|349003|7|0|22|3R|1|T|1|3|N|0|0| |13| |0|0| |2|L|N|P|            |      |43187080| 71139300|    |      |63|00|015|Y|000000003959|Y|2|00000004|0|        |NORTHWOOD-US 4 WB AT NOTTINGHAM TL                
S|33|357020|5|0|22|3R|1|T|1|3|N|0|0| |13| |0|0| |2|L|N|P|            |      |43747550| 71132480|    |      |55|00|003|Y|000000002522|Y|3|00000016|0|        |OSSIPEE-NH 16 SB S OF PINE RIVER RD               
S|33|357021|9|0|22|3R|1|T|1|3|N|0|0| |13| |0|0| |2|L|N|P|            |      |43747550| 71132480|    |      |55|00|003|Y|000000002522|Y|3|00000016|0|        |OSSIPEE-NH 16 S OF PINE RIVER RD                  
S|33|357022|1|0|22|3R|1|T|1|3|N|0|0| |13| |0|0| |2|L|N|P|            |      |43747550| 71132480|    |      |55|00|003|Y|000000002522|Y|3|00000016|0|        |OSSIPEE-NH 16 NB S OF PINE RIVER RD               
S|33|387052|0|0|22|4R|1|T|1|3|N|0|0| |13| |0|0| |2|L|N|P|            |      |42785590| 72034310|    |      |81|00|005|Y|000000003982|N|2|00000202|0|        |RINDGE-US 202 N OF OLD JAFFREY RD                 
S|33|387052|9|0|22|4R|1|T|1|3|N|0|0| |13| |0|0| |2|L|N|P|            |      |42785590| 72034310|    |      |81|00|005|Y|000000003982|N|2|00000202|0|        |RINDGE-US 202 N OF OLD JAFFREY RD                 
S|33|387063|3|0|22|4R|1|T|1|3|N|0|0| |13| |0|0| |2|L|N|P|            |      |42785590| 72034310|    |      |81|00|005|Y|000000003982|N|2|00000202|0|        |RINDGE-US 202 EB N OF OLD JAFFREY RD              
S|33|387064|7|0|22|4R|1|T|1|3|N|0|0| |13| |0|0| |2|L|N|P|            |      |42785590| 72034310|    |      |81|00|005|Y|000000003982|N|2|00000202|0|        |RINDGE-US 202 WB N OF OLD JAFFREY RD              
S|33|389090|9|0|22|2U|2|T|2|3|N|0|0| |13| |0|0| |2|L|N|P|            |      |43274346| 70963461|    |      |58|00|017|Y|000000003601|Y|3|00000016|0|        |ROCHESTER-SPAULDING TPK NH 16 BETWEEN EXIT 9-11   
S|33|389100|1|0|22|2U|2|T|2|3|N|0|0| |13| |0|0| |2|L|N|P|            |      |43274346| 70963461|    |      |58|00|017|Y|000000003601|Y|3|00000016|0|        |ROCHESTER-SPAULDING TPK NH 16 NB BETWEEN EXIT 9-11
S|33|389101|5|0|22|2U|2|T|2|3|N|0|0| |13| |0|0| |2|L|N|P|            |      |43274346| 70963461|    |      |58|00|017|Y|000000003601|Y|3|00000016|0|        |ROCHESTER-SPAULDING TPK NH 16 SB BETWEEN EXIT 9-11
S|33|395021|9|0|22|4R|1|T|1|3|N|0|0| |13| |0|0| |2|L|N|P|            |      |43785970| 71789520|    |      |55|00|009|Y|000000002574|N|3|00000025|0|        |RUMNEY-NH 25 W OF POLAR CAVES                     
S|33|395022|5|0|22|4R|1|T|1|3|N|0|0| |13| |0|0| |2|L|N|P|            |      |43785970| 71789520|    |      |55|00|009|Y|000000002574|N|3|00000025|0|        |RUMNEY-NH 25 SB W OF POLAR CAVES                  
S|33|395023|1|0|22|4R|1|T|1|3|N|0|0| |13| |0|0| |2|L|N|P|            |      |43785970| 71789520|    |      |55|00|009|Y|000000002574|N|3|00000025|0|        |RUMNEY-NH 25 NB W OF POLAR CAVES                  
S|33|399001|1|0|22|1U|3|T|3|3|N|0|0| |13| |0|0| |2|L|N|P|            |      |42744540| 71210870|    |      |62|00|015|Y|000000000039|Y|1|00000093|0|        |SALEM-I-93 NB AT MASS SL                          
S|33|399002|5|0|22|1U|3|T|3|3|N|0|0| |13| |0|0| |2|L|N|P|            |      |42744540| 71210870|    |      |62|00|015|Y|000000000039|Y|1|00000093|0|        |SALEM-I-93 SB AT MASS SL                          
S|33|399090|9|0|22|1U|3|T|3|3|N|0|0| |13| |0|0| |2|L|N|P|            |      |42744540| 71210870|    |      |62|00|015|Y|000000000039|Y|1|00000093|0|        |SALEM-I-93 AT MASS SL                             
S|33|409001|1|0|22|1U|4|T|4|3|N|0|0| |13| |0|0| |2|L|N|P|            |      |42882520| 70882760|    |      |82|00|015|Y|000000003653|Y|1|00000095|0|        |SEABROOK-I-95 NB AT MASS SL                       
S|33|409002|5|0|22|1U|4|T|4|3|N|0|0| |13| |0|0| |2|L|N|P|            |      |42882520| 70882760|    |      |82|00|015|Y|000000003653|Y|1|00000095|0|        |SEABROOK-I-95 SB AT MASS SL                       
S|33|409003|9|0|22|1U|4|T|4|3|N|0|0| |13| |0|0| |2|L|N|P|            |      |42882520| 70882760|    |      |82|00|015|Y|000000003653|Y|1|00000095|0|        |SEABROOK-I-95 AT MASS SL                          
S|33|439001|5|0|22|1R|2|T|2|3|N|0|0| |13| |0|0| |2|L|N|P|            |      |43295370| 71839180|    |      |83|00|013|Y|000000000026|Y|1|00000089|0|        |SUTTON-I-89 SB BETWEEN EXITS 9-10                 
S|33|439002|1|0|22|1R|2|T|2|3|N|0|0| |13| |0|0| |2|L|N|P|            |      |43295370| 71839180|    |      |83|00|013|Y|000000000026|Y|1|00000089|0|        |SUTTON-I-89 NB BETWEEN EXITS 9-10                 
S|33|439005|9|0|22|1R|2|T|2|3|N|0|0| |13| |0|0| |2|L|N|P|            |      |43295370| 71839180|    |      |83|00|013|Y|000000000026|Y|1|00000089|0|        |SUTTON-I-89 BETWEEN EXITS 9-10                    
S|33|443001|0|0|22|4R|1|T|1|3|N|0|0| |13| |0|0| |2|L|N|P|            |      |43829490| 71285370|    |      |62|00|003|Y|000000002585|Y|3|00000025|3|00000113|TAMWORTH-NH 25/NH 113 E OF LORDS HILL RD          
S|33|443001|9|0|22|4R|1|T|1|3|N|0|0| |13| |0|0| |2|L|N|P|            |      |43829490| 71285370|    |      |62|00|003|Y|000000002585|Y|3|00000025|3|00000113|TAMWORTH-NH 25/NH 113 E OF LORDS HILL RD          
S|33|443002|3|0|22|4R|1|T|1|3|N|0|0| |13| |0|0| |2|L|N|P|            |      |43829490| 71285370|    |      |62|00|003|Y|000000002585|Y|3|00000025|3|00000113|TAMWORTH-NH 25/NH 113 EB E OF LORDS HILL RD       
S|33|443003|7|0|22|4R|1|T|1|3|N|0|0| |13| |0|0| |2|L|N|P|            |      |43829490| 71285370|    |      |62|00|003|Y|000000002585|Y|3|00000025|3|00000113|TAMWORTH-NH 25/NH 113 WB E OF LORDS HILL RD       
S|33|445001|0|0|22|3R|1|T|1|3|N|0|0| |13| |0|0| |2|L|N|P|            |      |42836370| 71817970|    |      |55|00|011|Y|000000002877|Y|3|00000101|0|        |TEMPLE-NH 101 W OF OLD COUNTY FARM RD             
S|33|445001|9|0|22|3R|1|T|1|3|N|0|0| |13| |0|0| |2|L|N|P|            |      |42836370| 71817970|    |      |55|00|011|Y|000000002877|Y|3|00000101|0|        |TEMPLE-NH 101 W OF OLD COUNTY FARM RD             
S|33|445002|3|0|22|3R|1|T|1|3|N|0|0| |13| |0|0| |2|L|N|P|            |      |42836370| 71817970|    |      |55|00|011|Y|000000002877|Y|3|00000101|0|        |TEMPLE-NH 101 EB W OF OLD COUNTY FARM RD          
S|33|445003|7|0|22|3R|1|T|1|3|N|0|0| |13| |0|0| |2|L|N|P|            |      |42836370| 71817970|    |      |55|00|011|Y|000000002877|Y|3|00000101|0|        |TEMPLE-NH 101 WB W OF OLD COUNTY FARM RD          
S|33|451001|9|0|22|1U|2|T|2|3|N|0|0| |13| |0|0| |2|L|N|P|            |      |43442470| 71576350|    |      |61|00|001|Y|000000000064|Y|1|00000093|0|        |TILTON-I-93 BETWEEN EXITS 19-20                   
S|33|451002|5|0|22|1U|2|T|2|3|N|0|0| |13| |0|0| |2|L|N|P|            |      |43442470| 71576350|    |      |61|00|001|Y|000000000064|Y|1|00000093|0|        |TILTON-I-93 SB BETWEEN EXITS 19-20                
S|33|451003|1|0|22|1U|2|T|2|3|N|0|0| |13| |0|0| |2|L|N|P|            |      |43442470| 71576350|    |      |61|00|001|Y|000000000064|Y|1|00000093|0|        |TILTON-I-93 NB BETWEEN EXITS 19-20                
S|33|463007|5|0|22|5R|1|T|1|3|N|0|0| |13| |0|0| |2|L|N|P|            |      |43206790| 71851440|    |      |87|00|013|N|000000003277|N|3|00000114|0|        |WARNER-NH 114 SB E OF MINK HILL RD                
S|33|463008|1|0|22|5R|1|T|1|3|N|0|0| |13| |0|0| |2|L|N|P|            |      |43206790| 71851440|    |      |87|00|013|N|000000003277|N|3|00000114|0|        |WARNER-NH 114 NB E OF MINK HILL RD                
S|33|463050|9|0|22|5R|1|T|1|3|N|0|0| |13| |0|0| |2|L|N|P|            |      |43206790| 71851440|    |      |87|00|013|N|000000003277|N|3|00000114|0|        |WARNER-NH 114 E OF MINK HILL RD                   
S|33|489001|9|0|22|5R|1|T|1|3|N|0|0| |13| |0|0| |2|L|N|P|            |      |42845070| 71261650|    |      |55|00|015|Y|000000002651|N|3|00000028|0|        |WINDHAM-NH 28 S OF LIBBEY RD N INT                
S|33|489002|9|0|22|1R|2|T|2|3|N|0|0| |13| |0|0| |2|L|N|P|            |      |42854910| 71330630|    |      |64|00|015|Y|000000000044|Y|1|00000093|0|        |WINDHAM-I-93 BETWEEN EXIT 3-4                     
S|33|489003|1|0|22|1R|2|T|2|3|N|0|0| |13| |0|0| |2|L|N|P|            |      |42854910| 71330630|    |      |64|00|000|N|          44|N|1|      93|0|        |WINDHAM-I-93 NB BETWEEN EXIT 3-4                  
S|33|489003|5|0|22|1R|2|T|2|3|N|0|0| |13| |0|0| |2|L|N|P|            |      |42854910| 71330630|    |      |64|00|000|N|          44|N|1|      93|0|        |WI+A239:AO246NDHAM-I-93 NB BETWEEN EXIT 3-4       
S|33|489004|5|0|22|1R|2|T|2|3|N|0|0| |13| |0|0| |2|L|N|P|            |      |42854910| 71330630|    |      |64|00|015|Y|000000000044|Y|1|00000093|0|        |WINDHAM-I-93 SB BETWEEN EXIT 3-4                  
S|33|489005|5|0|22|5R|1|T|1|3|N|0|0| |13| |0|0| |2|L|N|P|            |      |42845070| 71261650|    |      |55|00|015|Y|000000002651|N|3|00000028|0|        |WINDHAM-NH 28 SB S OF LIBBEY RD N INT             
S|33|489006|1|0|22|5R|1|T|1|3|N|0|0| |13| |0|0| |2|L|N|P|            |      |42845070| 71261650|    |      |55|00|015|Y|000000002651|N|3|00000028|0|        |WINDHAM-NH 28 NB S OF LIBBEY RD N INT             
S|33|493054|9|0|22|4R|1|T|1|3|N|0|0| |13| |0|0| |2|L|N|P|            |      |43531260| 71204090|    |      |82|00|003|Y|000000002708|N|3|00000028|0|        |WOLFEBORO-NH 28 S OF DREW HILL RD                 
S|33|493068|5|0|22|4R|1|T|1|3|N|0|0| |13| |0|0| |2|L|N|P|            |      |43531260| 71204090|    |      |82|00|003|Y|000000002708|N|3|00000028|0|        |WOLFEBORO-NH 28 SB S OF DREW HILL RD              
S|33|493069|1|0|22|4R|1|T|1|3|N|0|0| |13| |0|0| |2|L|N|P|            |      |43531260| 71204090|    |      |82|00|003|Y|000000002708|N|3|00000028|0|        |WOLFEBORO-NH 28 NB S OF DREW HILL RD              
