Record_Type|Year_Record|State_Code|Station_Id|Travel_Dir|Travel_Lane|F_System|Num_Lanes|Sample_Type_Volume|Num_Lanes_Volume|Method_Volume|Sample_Type_Class|Num_Lanes_Class|Method_Class|Algorithm_Volume|Num_Classes|Sample_Type_Truck|Num_Lanes_Truck|Method_Truck|Calibration|Data_Retrieval|Type_Sensor_1|Type_Sensor_2|Primary_Purpose|LRS_Id|LRS_Point|Latitude|Longitude|SHRP_Id|Prev_Station_Id|Year_Established|Year_Discontinued|County_Code|Is_Sample|Sample_Id|NHS|Posted_Route_Signing|Posted_Signed_Route|Con_Route_Signing|Con_Signed_Route|Station_Location
S|40|AVC001|3|1|22|4U|2|T|2|3|H|2|3|G|15| |0|0| |2|P|N|P|400014HX0000|  4001|35334288| 97521508|    |      |95|00|027|N|            |N|3|0037On S|0|        |H-37, 1.70 miles W of I-35, in Moore              
S|40|AVC001|3|2|22|4U|2|T|2|3|H|2|3|G|15| |0|0| |2|P|N|P|400014HX0000|  4001|35334288| 97521508|    |      |95|00|027|N|            |N|3|0037On S|0|        |H-37, 1.70 miles W of I-35, in Moore              
S|40|AVC001|7|1|22|4U|2|T|2|3|H|2|3|G|15| |0|0| |2|P|N|P|400014HX0000|  4001|35334288| 97521508|    |      |95|00|027|N|            |N|3|0037On S|0|        |H-37, 1.70 miles W of I-35, in Moore              
S|40|AVC001|7|2|22|4U|2|T|2|3|H|2|3|G|15| |0|0| |2|P|N|P|400014HX0000|  4001|35334288| 97521508|    |      |95|00|027|N|            |N|3|0037On S|0|        |H-37, 1.70 miles W of I-35, in Moore              
S|40|AVC002|1|1|22|3U|2|T|2|3|H|2|3|G|15| |0|0| |2|P|N|P|400004HX0000| 13448|35170749| 97410023|    |      |95|00|027|Y|000000000261|N|2|0077On U|0|        |S-77, 1.10 miles S of SH-9, in Norman             
S|40|AVC002|1|2|22|3U|2|T|2|3|H|2|3|G|15| |0|0| |2|P|N|P|400004HX0000| 13448|35170749| 97410023|    |      |95|00|027|Y|000000000261|N|2|0077On U|0|        |S-77, 1.10 miles S of SH-9, in Norman             
S|40|AVC002|5|1|22|3U|2|T|2|3|H|2|3|G|15| |0|0| |2|P|N|P|400004HX0000| 13448|35170749| 97410023|    |      |95|00|027|Y|000000000261|N|2|0077On U|0|        |S-77, 1.10 miles S of SH-9, in Norman             
S|40|AVC002|5|2|22|3U|2|T|2|3|H|2|3|G|15| |0|0| |2|P|N|P|400004HX0000| 13448|35170749| 97410023|    |      |95|00|027|Y|000000000261|N|2|0077On U|0|        |S-77, 1.10 miles S of SH-9, in Norman             
S|40|AVC003|3|1|22|2U|2|T|2|3|H|2|3|G|15| |0|0| |2|P|N|P|400009HX0000|  2660|35181552| 97446692|    |      |95|00|027|N|            |Y|3|0009On S|0|        |H-9, 2.10 miles E of I-35, in Norman              
S|40|AVC003|3|2|22|2U|2|T|2|3|H|2|3|G|15| |0|0| |2|P|N|P|400009HX0000|  2660|35181552| 97446692|    |      |95|00|027|N|            |Y|3|0009On S|0|        |H-9, 2.10 miles E of I-35, in Norman              
S|40|AVC003|7|1|22|2U|2|T|2|3|H|2|3|G|15| |0|0| |2|P|N|P|400009HX0000|  2660|35181552| 97446692|    |      |95|00|027|N|            |Y|3|0009On S|0|        |H-9, 2.10 miles E of I-35, in Norman              
S|40|AVC003|7|2|22|2U|2|T|2|3|H|2|3|G|15| |0|0| |2|P|N|P|400009HX0000|  2660|35181552| 97446692|    |      |95|00|027|N|            |Y|3|0009On S|0|        |H-9, 2.10 miles E of I-35, in Norman              
S|40|AVC004|3|1|22|3U|2|T|2|3|H|2|3|G|15| |0|0| |2|P|N|P|900036HX0000| 11419|35391728| 97734781|    |      |95|00|017|Y|000000000185|N|3|0152On S|0|        |H-152, 0.55 miles W of SH-4, in Musta             
S|40|AVC004|3|2|22|3U|2|T|2|3|H|2|3|G|15| |0|0| |2|P|N|P|900036HX0000| 11419|35391728| 97734781|    |      |95|00|017|Y|000000000185|N|3|0152On S|0|        |H-152, 0.55 miles W of SH-4, in Musta             
S|40|AVC004|7|1|22|3U|2|T|2|3|H|2|3|G|15| |0|0| |2|P|N|P|900036HX0000| 11419|35391728| 97734781|    |      |95|00|017|Y|000000000185|N|3|0152On S|0|        |H-152, 0.55 miles W of SH-4, in Musta             
S|40|AVC004|7|2|22|3U|2|T|2|3|H|2|3|G|15| |0|0| |2|P|N|P|900036HX0000| 11419|35391728| 97734781|    |      |95|00|017|Y|000000000185|N|3|0152On S|0|        |H-152, 0.55 miles W of SH-4, in Musta             
S|40|AVC005|3|1|22|3U|2|T|2|3|H|2|3|G|15| |0|0| |2|P|N|P|500004HX0000|  9904|35493143| 97289381|    |      |95|00|109|Y|000000000875|N|2|0062On U|0|        |S-62, 9.75 miles E of I-35, in Chocta             
S|40|AVC005|3|2|22|3U|2|T|2|3|H|2|3|G|15| |0|0| |2|P|N|P|500004HX0000|  9904|35493143| 97289381|    |      |95|00|109|Y|000000000875|N|2|0062On U|0|        |S-62, 9.75 miles E of I-35, in Chocta             
S|40|AVC005|7|1|22|3U|2|T|2|3|H|2|3|G|15| |0|0| |2|P|N|P|500004HX0000|  9904|35493143| 97289381|    |      |95|00|109|Y|000000000875|N|2|0062On U|0|        |S-62, 9.75 miles E of I-35, in Chocta             
S|40|AVC005|7|2|22|3U|2|T|2|3|H|2|3|G|15| |0|0| |2|P|N|P|500004HX0000|  9904|35493143| 97289381|    |      |95|00|109|Y|000000000875|N|2|0062On U|0|        |S-62, 9.75 miles E of I-35, in Chocta             
S|40|AVC006|3|1|22|3U|3|T|3|3|H|3|3|G|15| |0|0| |2|P|N|P|500006HX0000|  4719|35511223| 97588050|    |      |95|00|109|N|            |Y|3|0066On 3|0|        |9th St (SH-66), 1.00 miles W of I-44,             
S|40|AVC006|3|2|22|3U|3|T|3|3|H|3|3|G|15| |0|0| |2|P|N|P|500006HX0000|  4719|35511223| 97588050|    |      |95|00|109|N|            |Y|3|0066On 3|0|        |9th St (SH-66), 1.00 miles W of I-44,             
S|40|AVC006|3|3|22|3U|3|T|3|3|H|3|3|G|15| |0|0| |2|P|N|P|500006HX0000|  4719|35511223| 97588050|    |      |95|00|109|N|            |Y|3|0066On 3|0|        |9th St (SH-66), 1.00 miles W of I-44,             
S|40|AVC006|7|1|22|3U|3|T|3|3|H|3|3|G|15| |0|0| |2|P|N|P|500006HX0000|  4719|35511223| 97588050|    |      |95|00|109|N|            |Y|3|0066On 3|0|        |9th St (SH-66), 1.00 miles W of I-44,             
S|40|AVC006|7|2|22|3U|3|T|3|3|H|3|3|G|15| |0|0| |2|P|N|P|500006HX0000|  4719|35511223| 97588050|    |      |95|00|109|N|            |Y|3|0066On 3|0|        |9th St (SH-66), 1.00 miles W of I-44,             
S|40|AVC006|7|3|22|3U|3|T|3|3|H|3|3|G|15| |0|0| |2|P|N|P|500006HX0000|  4719|35511223| 97588050|    |      |95|00|109|N|            |Y|3|0066On 3|0|        |9th St (SH-66), 1.00 miles W of I-44,             
S|40|AVC007|3|1|22|1U|3|T|3|3|H|3|3|G|15| |0|0| |2|P|N|P|500069HX0000|  3433|35460018| 97610468|    |      |95|00|109|N|            |Y|1|0040On I|0|        |-40, 2.00 miles W of I-44, in Oklahom             
S|40|AVC007|3|2|22|1U|3|T|3|3|H|3|3|G|15| |0|0| |2|P|N|P|500069HX0000|  3433|35460018| 97610468|    |      |95|00|109|N|            |Y|1|0040On I|0|        |-40, 2.00 miles W of I-44, in Oklahom             
S|40|AVC007|3|3|22|1U|3|T|3|3|H|3|3|G|15| |0|0| |2|P|N|P|500069HX0000|  3433|35460018| 97610468|    |      |95|00|109|N|            |Y|1|0040On I|0|        |-40, 2.00 miles W of I-44, in Oklahom             
S|40|AVC007|7|1|22|1U|3|T|3|3|H|3|3|G|15| |0|0| |2|P|N|P|500069HX0000|  3433|35460018| 97610468|    |      |95|00|109|N|            |Y|1|0040On I|0|        |-40, 2.00 miles W of I-44, in Oklahom             
S|40|AVC007|7|2|22|1U|3|T|3|3|H|3|3|G|15| |0|0| |2|P|N|P|500069HX0000|  3433|35460018| 97610468|    |      |95|00|109|N|            |Y|1|0040On I|0|        |-40, 2.00 miles W of I-44, in Oklahom             
S|40|AVC007|7|3|22|1U|3|T|3|3|H|3|3|G|15| |0|0| |2|P|N|P|500069HX0000|  3433|35460018| 97610468|    |      |95|00|109|N|            |Y|1|0040On I|0|        |-40, 2.00 miles W of I-44, in Oklahom             
S|40|AVC008|3|1|22|1U|3|T|3|3|H|3|3|G|15| |0|0| |2|P|N|P|500068HX0000|  3846|35439393| 97415171|    |      |95|00|109|N|            |Y|1|0040On I|0|        |-40, 3.80 miles E of I-35, in Midwest             
S|40|AVC008|3|2|22|1U|3|T|3|3|H|3|3|G|15| |0|0| |2|P|N|P|500068HX0000|  3846|35439393| 97415171|    |      |95|00|109|N|            |Y|1|0040On I|0|        |-40, 3.80 miles E of I-35, in Midwest             
S|40|AVC008|3|3|22|1U|3|T|3|3|H|3|3|G|15| |0|0| |2|P|N|P|500068HX0000|  3846|35439393| 97415171|    |      |95|00|109|N|            |Y|1|0040On I|0|        |-40, 3.80 miles E of I-35, in Midwest             
S|40|AVC008|7|1|22|1U|3|T|3|3|H|3|3|G|15| |0|0| |2|P|N|P|500068HX0000|  3846|35439393| 97415171|    |      |95|00|109|N|            |Y|1|0040On I|0|        |-40, 3.80 miles E of I-35, in Midwest             
S|40|AVC008|7|2|22|1U|3|T|3|3|H|3|3|G|15| |0|0| |2|P|N|P|500068HX0000|  3846|35439393| 97415171|    |      |95|00|109|N|            |Y|1|0040On I|0|        |-40, 3.80 miles E of I-35, in Midwest             
S|40|AVC008|7|3|22|1U|3|T|3|3|H|3|3|G|15| |0|0| |2|P|N|P|500068HX0000|  3846|35439393| 97415171|    |      |95|00|109|N|            |Y|1|0040On I|0|        |-40, 3.80 miles E of I-35, in Midwest             
S|40|AVC009|3|1|22|3U|2|T|2|3|H|2|3|G|15| |0|0| |2|P|N|P|900006HX0000|  5832|36065198| 96067460|    |      |95|00|037|N|            |Y|3|0066On S|0|        |H-66, 1.40 miles E of 81st St, in Sap             
S|40|AVC009|3|2|22|3U|2|T|2|3|H|2|3|G|15| |0|0| |2|P|N|P|900006HX0000|  5832|36065198| 96067460|    |      |95|00|037|N|            |Y|3|0066On S|0|        |H-66, 1.40 miles E of 81st St, in Sap             
S|40|AVC009|7|1|22|3U|2|T|2|3|H|2|3|G|15| |0|0| |2|P|N|P|900006HX0000|  5832|36065198| 96067460|    |      |95|00|037|N|            |Y|3|0066On S|0|        |H-66, 1.40 miles E of 81st St, in Sap             
S|40|AVC009|7|2|22|3U|2|T|2|3|H|2|3|G|15| |0|0| |2|P|N|P|900006HX0000|  5832|36065198| 96067460|    |      |95|00|037|N|            |Y|3|0066On S|0|        |H-66, 1.40 miles E of 81st St, in Sap             
S|40|AVC010|1|1|22|2U|3|T|3|3|H|3|3|G|15| |0|0| |2|P|N|P|200081HX0000|  3711|36191865| 95851645|    |      |95|00|143|Y|000000001356|Y|2|0169On U|0|        |S-169, 2.10 miles N of I-244, in Tuls             
S|40|AVC010|1|2|22|2U|3|T|3|3|H|3|3|G|15| |0|0| |2|P|N|P|200081HX0000|  3711|36191865| 95851645|    |      |95|00|143|Y|000000001356|Y|2|0169On U|0|        |S-169, 2.10 miles N of I-244, in Tuls             
S|40|AVC010|1|3|22|2U|3|T|3|3|H|3|3|G|15| |0|0| |2|P|N|P|200081HX0000|  3711|36191865| 95851645|    |      |95|00|143|Y|000000001356|Y|2|0169On U|0|        |S-169, 2.10 miles N of I-244, in Tuls             
S|40|AVC010|5|1|22|2U|3|T|3|3|H|3|3|G|15| |0|0| |2|P|N|P|200081HX0000|  3711|36191865| 95851645|    |      |95|00|143|Y|000000001356|Y|2|0169On U|0|        |S-169, 2.10 miles N of I-244, in Tuls             
S|40|AVC010|5|2|22|2U|3|T|3|3|H|3|3|G|15| |0|0| |2|P|N|P|200081HX0000|  3711|36191865| 95851645|    |      |95|00|143|Y|000000001356|Y|2|0169On U|0|        |S-169, 2.10 miles N of I-244, in Tuls             
S|40|AVC010|5|3|22|2U|3|T|3|3|H|3|3|G|15| |0|0| |2|P|N|P|200081HX0000|  3711|36191865| 95851645|    |      |95|00|143|Y|000000001356|Y|2|0169On U|0|        |S-169, 2.10 miles N of I-244, in Tuls             
S|40|AVC011|1|1|22|2U|2|T|2|3|H|2|3|G|15| |0|0| |2|P|N|P|200018HX0000|  3849|36000580| 96011541|    |      |06|00|143|Y|000000001315|Y|2|0075On U|0|        |S-75, 0.80 miles N of SH-117, in Jenk             
S|40|AVC011|1|2|22|2U|2|T|2|3|H|2|3|G|15| |0|0| |2|P|N|P|200018HX0000|  3849|36000580| 96011541|    |      |06|00|143|Y|000000001315|Y|2|0075On U|0|        |S-75, 0.80 miles N of SH-117, in Jenk             
S|40|AVC011|5|1|22|2U|2|T|2|3|H|2|3|G|15| |0|0| |2|P|N|P|200018HX0000|  3849|36000580| 96011541|    |      |06|00|143|Y|000000001315|Y|2|0075On U|0|        |S-75, 0.80 miles N of SH-117, in Jenk             
S|40|AVC011|5|2|22|2U|2|T|2|3|H|2|3|G|15| |0|0| |2|P|N|P|200018HX0000|  3849|36000580| 96011541|    |      |06|00|143|Y|000000001315|Y|2|0075On U|0|        |S-75, 0.80 miles N of SH-117, in Jenk             
S|40|AVC012|3|1|22|3U|2|T|2|3|H|2|3|G|15| |0|0| |2|P|N|P|200031HX0000|   336|36220498| 95845791|    |      |95|00|143|Y|000000001325|Y|3|0266On U|0|        |S-266, 0.40 miles E of US-169, in Tul             
S|40|AVC012|3|2|22|3U|2|T|2|3|H|2|3|G|15| |0|0| |2|P|N|P|200031HX0000|   336|36220498| 95845791|    |      |95|00|143|Y|000000001325|Y|3|0266On U|0|        |S-266, 0.40 miles E of US-169, in Tul             
S|40|AVC012|7|1|22|3U|2|T|2|3|H|2|3|G|15| |0|0| |2|P|N|P|200031HX0000|   336|36220498| 95845791|    |      |95|00|143|Y|000000001325|Y|3|0266On U|0|        |S-266, 0.40 miles E of US-169, in Tul             
S|40|AVC012|7|2|22|3U|2|T|2|3|H|2|3|G|15| |0|0| |2|P|N|P|200031HX0000|   336|36220498| 95845791|    |      |95|00|143|Y|000000001325|Y|3|0266On U|0|        |S-266, 0.40 miles E of US-169, in Tul             
S|40|AVC013|1|1|22|3U|2|T|2|3|H|2|3|G|15| |0|0| |2|P|N|P|200076HX0000|  1208|36093075| 96118403|    |      |95|00|143|N|            |Y|3|0097On S|0|        |H-97, 3.00 miles S of US-412, in Sand             
S|40|AVC013|1|2|22|3U|2|T|2|3|H|2|3|G|15| |0|0| |2|P|N|P|200076HX0000|  1208|36093075| 96118403|    |      |95|00|143|N|            |Y|3|0097On S|0|        |H-97, 3.00 miles S of US-412, in Sand             
S|40|AVC013|5|1|22|3U|2|T|2|3|H|2|3|G|15| |0|0| |2|P|N|P|200076HX0000|  1208|36093075| 96118403|    |      |95|00|143|N|            |Y|3|0097On S|0|        |H-97, 3.00 miles S of US-412, in Sand             
S|40|AVC013|5|2|22|3U|2|T|2|3|H|2|3|G|15| |0|0| |2|P|N|P|200076HX0000|  1208|36093075| 96118403|    |      |95|00|143|N|            |Y|3|0097On S|0|        |H-97, 3.00 miles S of US-412, in Sand             
S|40|AVC014|1|1|22|3U|3|T|3|3|H|3|3|G|15| |0|0| |2|P|N|P|200006HX0000|  1174|36008532| 95886450|    |      |95|00|143|N|            |Y|2|0064On U|0|        |S-64 (Memorial Rd), 1.10 miles S of t             
S|40|AVC014|1|2|22|3U|3|T|3|3|H|3|3|G|15| |0|0| |2|P|N|P|200006HX0000|  1174|36008532| 95886450|    |      |95|00|143|N|            |Y|2|0064On U|0|        |S-64 (Memorial Rd), 1.10 miles S of t             
S|40|AVC014|1|3|22|3U|3|T|3|3|H|3|3|G|15| |0|0| |2|P|N|P|200006HX0000|  1174|36008532| 95886450|    |      |95|00|143|N|            |Y|2|0064On U|0|        |S-64 (Memorial Rd), 1.10 miles S of t             
S|40|AVC014|5|1|22|3U|3|T|3|3|H|3|3|G|15| |0|0| |2|P|N|P|200006HX0000|  1174|36008532| 95886450|    |      |95|00|143|N|            |Y|2|0064On U|0|        |S-64 (Memorial Rd), 1.10 miles S of t             
S|40|AVC014|5|2|22|3U|3|T|3|3|H|3|3|G|15| |0|0| |2|P|N|P|200006HX0000|  1174|36008532| 95886450|    |      |95|00|143|N|            |Y|2|0064On U|0|        |S-64 (Memorial Rd), 1.10 miles S of t             
S|40|AVC014|5|3|22|3U|3|T|3|3|H|3|3|G|15| |0|0| |2|P|N|P|200006HX0000|  1174|36008532| 95886450|    |      |95|00|143|N|            |Y|2|0064On U|0|        |S-64 (Memorial Rd), 1.10 miles S of t             
S|40|AVC015|3|1|22|1U|2|T|2|3|H|2|3|G|15| |0|0| |2|P|N|P|600049HX0000|  7128|34601433| 98377128|    |      |95|00|031|Y|000000000319|Y|1|0044On I|0|        |-44, 0.50 miles N of SH-7 (Lee Blvd),             
S|40|AVC015|3|2|22|1U|2|T|2|3|H|2|3|G|15| |0|0| |2|P|N|P|600049HX0000|  7128|34601433| 98377128|    |      |95|00|031|Y|000000000319|Y|1|0044On I|0|        |-44, 0.50 miles N of SH-7 (Lee Blvd),             
S|40|AVC015|7|1|22|1U|2|T|2|3|H|2|3|G|15| |0|0| |2|P|N|P|600049HX0000|  7128|34601433| 98377128|    |      |95|00|031|Y|000000000319|Y|1|0044On I|0|        |-44, 0.50 miles N of SH-7 (Lee Blvd),             
S|40|AVC015|7|2|22|1U|2|T|2|3|H|2|3|G|15| |0|0| |2|P|N|P|600049HX0000|  7128|34601433| 98377128|    |      |95|00|031|Y|000000000319|Y|1|0044On I|0|        |-44, 0.50 miles N of SH-7 (Lee Blvd),             
S|40|AVC016|3|1|22|4R|1|T|1|3|H|1|3|G|15| |0|0| |2|P|N|P|600002HX0000|  5847|36695319| 97357117|    |      |95|00|071|N|            |N|2|0060On U|0|        |S-60, 0.60 miles W of I-35                        
S|40|AVC016|7|1|22|4R|1|T|1|3|H|1|3|G|15| |0|0| |2|P|N|P|600002HX0000|  5847|36695319| 97357117|    |      |95|00|071|N|            |N|2|0060On U|0|        |S-60, 0.60 miles W of I-35                        
S|40|AVC017|3|1|22|3R|2|T|2|3|H|2|3|G|15| |0|0| |2|P|N|P|300004HX0000|  1484|34637613| 99395454|    |      |95|00|065|Y|000000000572|Y|2|0062On U|0|        |S-62, 3.50 miles W of US-283, in Altu             
S|40|AVC017|3|2|22|3R|2|T|2|3|H|2|3|G|15| |0|0| |2|P|N|P|300004HX0000|  1484|34637613| 99395454|    |      |95|00|065|Y|000000000572|Y|2|0062On U|0|        |S-62, 3.50 miles W of US-283, in Altu             
S|40|AVC017|7|1|22|3R|2|T|2|3|H|2|3|G|15| |0|0| |2|P|N|P|300004HX0000|  1484|34637613| 99395454|    |      |95|00|065|Y|000000000572|Y|2|0062On U|0|        |S-62, 3.50 miles W of US-283, in Altu             
S|40|AVC017|7|2|22|3R|2|T|2|3|H|2|3|G|15| |0|0| |2|P|N|P|300004HX0000|  1484|34637613| 99395454|    |      |95|00|065|Y|000000000572|Y|2|0062On U|0|        |S-62, 3.50 miles W of US-283, in Altu             
S|40|AVC018|3|1|22|2U|3|T|3|3|H|3|3|G|15| |0|0| |2|P|N|P|200086HX0000| 12050|36158405| 96052295|    |      |95|00|143|Y|000000001371|Y|2|0064On U|0|        |S-64, 0.38 miles W of 49th W Ave, E o             
S|40|AVC018|3|2|22|2U|3|T|3|3|H|3|3|G|15| |0|0| |2|P|N|P|200086HX0000| 12050|36158405| 96052295|    |      |95|00|143|Y|000000001371|Y|2|0064On U|0|        |S-64, 0.38 miles W of 49th W Ave, E o             
S|40|AVC018|3|3|22|2U|3|T|3|3|H|3|3|G|15| |0|0| |2|P|N|P|200086HX0000| 12050|36158405| 96052295|    |      |95|00|143|Y|000000001371|Y|2|0064On U|0|        |S-64, 0.38 miles W of 49th W Ave, E o             
S|40|AVC018|7|1|22|2U|3|T|3|3|H|3|3|G|15| |0|0| |2|P|N|P|200086HX0000| 12050|36158405| 96052295|    |      |95|00|143|Y|000000001371|Y|2|0064On U|0|        |S-64, 0.38 miles W of 49th W Ave, E o             
S|40|AVC018|7|2|22|2U|3|T|3|3|H|3|3|G|15| |0|0| |2|P|N|P|200086HX0000| 12050|36158405| 96052295|    |      |95|00|143|Y|000000001371|Y|2|0064On U|0|        |S-64, 0.38 miles W of 49th W Ave, E o             
S|40|AVC018|7|3|22|2U|3|T|3|3|H|3|3|G|15| |0|0| |2|P|N|P|200086HX0000| 12050|36158405| 96052295|    |      |95|00|143|Y|000000001371|Y|2|0064On U|0|        |S-64, 0.38 miles W of 49th W Ave, E o             
S|40|AVC019|3|1|22|1U|3|T|3|3|H|3|3|G|15| |0|0| |2|P|N|P|200078HX0000| 12899|36154064| 95839130|    |      |95|00|143|Y|000000001343|Y|1|0044On I|0|        |-44, 200 ft W of Exit 236 (129th E. A             
S|40|AVC019|3|2|22|1U|3|T|3|3|H|3|3|G|15| |0|0| |2|P|N|P|200078HX0000| 12899|36154064| 95839130|    |      |95|00|143|Y|000000001343|Y|1|0044On I|0|        |-44, 200 ft W of Exit 236 (129th E. A             
S|40|AVC019|3|3|22|1U|3|T|3|3|H|3|3|G|15| |0|0| |2|P|N|P|200078HX0000| 12899|36154064| 95839130|    |      |95|00|143|Y|000000001343|Y|1|0044On I|0|        |-44, 200 ft W of Exit 236 (129th E. A             
S|40|AVC019|7|1|22|1U|3|T|3|3|H|3|3|G|15| |0|0| |2|P|N|P|200078HX0000| 12899|36154064| 95839130|    |      |95|00|143|Y|000000001343|Y|1|0044On I|0|        |-44, 200 ft W of Exit 236 (129th E. A             
S|40|AVC019|7|2|22|1U|3|T|3|3|H|3|3|G|15| |0|0| |2|P|N|P|200078HX0000| 12899|36154064| 95839130|    |      |95|00|143|Y|000000001343|Y|1|0044On I|0|        |-44, 200 ft W of Exit 236 (129th E. A             
S|40|AVC019|7|3|22|1U|3|T|3|3|H|3|3|G|15| |0|0| |2|P|N|P|200078HX0000| 12899|36154064| 95839130|    |      |95|00|143|Y|000000001343|Y|1|0044On I|0|        |-44, 200 ft W of Exit 236 (129th E. A             
S|40|AVC020|1|1|22|1U|3|T|3|3|H|3|3|G|15| |0|0| |2|P|N|P|500015HX0000|  3496|35426878| 97486054|    |      |00|00|109|N|            |Y|1|0035On I|0|        |-35, 500 ft S of the Grand Ave (SE 36             
S|40|AVC020|1|2|22|1U|3|T|3|3|H|3|3|G|15| |0|0| |2|P|N|P|500015HX0000|  3496|35426878| 97486054|    |      |00|00|109|N|            |Y|1|0035On I|0|        |-35, 500 ft S of the Grand Ave (SE 36             
S|40|AVC020|1|3|22|1U|3|T|3|3|H|3|3|G|15| |0|0| |2|P|N|P|500015HX0000|  3496|35426878| 97486054|    |      |00|00|109|N|            |Y|1|0035On I|0|        |-35, 500 ft S of the Grand Ave (SE 36             
S|40|AVC020|5|1|22|1U|3|T|3|3|H|3|3|G|15| |0|0| |2|P|N|P|500015HX0000|  3496|35426878| 97486054|    |      |00|00|109|N|            |Y|1|0035On I|0|        |-35, 500 ft S of the Grand Ave (SE 36             
S|40|AVC020|5|2|22|1U|3|T|3|3|H|3|3|G|15| |0|0| |2|P|N|P|500015HX0000|  3496|35426878| 97486054|    |      |00|00|109|N|            |Y|1|0035On I|0|        |-35, 500 ft S of the Grand Ave (SE 36             
S|40|AVC020|5|3|22|1U|3|T|3|3|H|3|3|G|15| |0|0| |2|P|N|P|500015HX0000|  3496|35426878| 97486054|    |      |00|00|109|N|            |Y|1|0035On I|0|        |-35, 500 ft S of the Grand Ave (SE 36             
S|40|AVC021|3|1|22|5R|2|T|2|3|H|2|3|G|15| |0|0| |2|P|N|P|100012HX0000| 13588|35533543| 95309667|    |      |00|00|101|N|            |N|2|0064On U|0|        |S-64 , 2.39 miles N of SH-2, N of War             
S|40|AVC021|3|2|22|5R|2|T|2|3|H|2|3|G|15| |0|0| |2|P|N|P|100012HX0000| 13588|35533543| 95309667|    |      |00|00|101|N|            |N|2|0064On U|0|        |S-64 , 2.39 miles N of SH-2, N of War             
S|40|AVC021|7|1|22|5R|2|T|2|3|H|2|3|G|15| |0|0| |2|P|N|P|100012HX0000| 13588|35533543| 95309667|    |      |00|00|101|N|            |N|2|0064On U|0|        |S-64 , 2.39 miles N of SH-2, N of War             
S|40|AVC021|7|2|22|5R|2|T|2|3|H|2|3|G|15| |0|0| |2|P|N|P|100012HX0000| 13588|35533543| 95309667|    |      |00|00|101|N|            |N|2|0064On U|0|        |S-64 , 2.39 miles N of SH-2, N of War             
S|40|AVC022|1|1|22|3U|1|T|1|3|H|1|3|G|15| |0|0| |2|P|N|P|500002HX0000|  8343|34720700| 97212940|    |      |00|00|049|N|            |N|2|0077On U|0|        |S-77, 1.74 miles S of SH-19, in Pauls             
S|40|AVC022|5|1|22|3U|1|T|1|3|H|1|3|G|15| |0|0| |2|P|N|P|500002HX0000|  8343|34720700| 97212940|    |      |00|00|049|N|            |N|2|0077On U|0|        |S-77, 1.74 miles S of SH-19, in Pauls             
S|40|AVC023|3|1|22|1U|3|T|3|3|H|3|3|G|15| |0|0| |2|P|N|P|500005HX0000|  3359|35441676| 97569755|    |      |00|00|109|Y|000000000883|Y|1|0044On I|0|        |-44, 0.5 miles N of SW 29th St , in O             
S|40|AVC023|3|2|22|1U|3|T|3|3|H|3|3|G|15| |0|0| |2|P|N|P|500005HX0000|  3359|35441676| 97569755|    |      |00|00|109|Y|000000000883|Y|1|0044On I|0|        |-44, 0.5 miles N of SW 29th St , in O             
S|40|AVC023|3|3|22|1U|3|T|3|3|H|3|3|G|15| |0|0| |2|P|N|P|500005HX0000|  3359|35441676| 97569755|    |      |00|00|109|Y|000000000883|Y|1|0044On I|0|        |-44, 0.5 miles N of SW 29th St , in O             
S|40|AVC023|7|1|22|1U|3|T|3|3|H|3|3|G|15| |0|0| |2|P|N|P|500005HX0000|  3359|35441676| 97569755|    |      |00|00|109|Y|000000000883|Y|1|0044On I|0|        |-44, 0.5 miles N of SW 29th St , in O             
S|40|AVC023|7|2|22|1U|3|T|3|3|H|3|3|G|15| |0|0| |2|P|N|P|500005HX0000|  3359|35441676| 97569755|    |      |00|00|109|Y|000000000883|Y|1|0044On I|0|        |-44, 0.5 miles N of SW 29th St , in O             
S|40|AVC023|7|3|22|1U|3|T|3|3|H|3|3|G|15| |0|0| |2|P|N|P|500005HX0000|  3359|35441676| 97569755|    |      |00|00|109|Y|000000000883|Y|1|0044On I|0|        |-44, 0.5 miles N of SW 29th St , in O             
S|40|AVC024|1|1|22|2U|4|T|4|3|H|4|3|G|15| |0|0| |2|P|N|P|500067HX0000|  2332|35563772| 97513710|    |      |00|00|109|N|            |Y|2|0077On U|0|        |S-77, 0.1 miles S of Britton Rd                   
S|40|AVC024|1|2|22|2U|4|T|4|3|H|4|3|G|15| |0|0| |2|P|N|P|500067HX0000|  2332|35563772| 97513710|    |      |00|00|109|N|            |Y|2|0077On U|0|        |S-77, 0.1 miles S of Britton Rd                   
S|40|AVC024|1|3|22|2U|4|T|4|3|H|4|3|G|15| |0|0| |2|P|N|P|500067HX0000|  2332|35563772| 97513710|    |      |00|00|109|N|            |Y|2|0077On U|0|        |S-77, 0.1 miles S of Britton Rd                   
S|40|AVC024|1|4|22|2U|4|T|4|3|H|4|3|G|15| |0|0| |2|P|N|P|500067HX0000|  2332|35563772| 97513710|    |      |00|00|109|N|            |Y|2|0077On U|0|        |S-77, 0.1 miles S of Britton Rd                   
S|40|AVC024|5|1|22|2U|4|T|4|3|H|4|3|G|15| |0|0| |2|P|N|P|500067HX0000|  2332|35563772| 97513710|    |      |00|00|109|N|            |Y|2|0077On U|0|        |S-77, 0.1 miles S of Britton Rd                   
S|40|AVC024|5|2|22|2U|4|T|4|3|H|4|3|G|15| |0|0| |2|P|N|P|500067HX0000|  2332|35563772| 97513710|    |      |00|00|109|N|            |Y|2|0077On U|0|        |S-77, 0.1 miles S of Britton Rd                   
S|40|AVC024|5|3|22|2U|4|T|4|3|H|4|3|G|15| |0|0| |2|P|N|P|500067HX0000|  2332|35563772| 97513710|    |      |00|00|109|N|            |Y|2|0077On U|0|        |S-77, 0.1 miles S of Britton Rd                   
S|40|AVC024|5|4|22|2U|4|T|4|3|H|4|3|G|15| |0|0| |2|P|N|P|500067HX0000|  2332|35563772| 97513710|    |      |00|00|109|N|            |Y|2|0077On U|0|        |S-77, 0.1 miles S of Britton Rd                   
S|40|AVC025|3|1|22|2U|4|T|4|3|H|4|3|G|15| |0|0| |2|P|N|P|200080HX0000| 10297|36083363| 95823969|    |      |00|00|143|N|            |Y|3|0051On S|0|        |H-51, 0.50 miles W of 145th Ave                   
S|40|AVC025|3|2|22|2U|4|T|4|3|H|4|3|G|15| |0|0| |2|P|N|P|200080HX0000| 10297|36083363| 95823969|    |      |00|00|143|N|            |Y|3|0051On S|0|        |H-51, 0.50 miles W of 145th Ave                   
S|40|AVC025|3|3|22|2U|4|T|4|3|H|4|3|G|15| |0|0| |2|P|N|P|200080HX0000| 10297|36083363| 95823969|    |      |00|00|143|N|            |Y|3|0051On S|0|        |H-51, 0.50 miles W of 145th Ave                   
S|40|AVC025|3|4|22|2U|4|T|4|3|H|4|3|G|15| |0|0| |2|P|N|P|200080HX0000| 10297|36083363| 95823969|    |      |00|00|143|N|            |Y|3|0051On S|0|        |H-51, 0.50 miles W of 145th Ave                   
S|40|AVC025|7|1|22|2U|4|T|4|3|H|4|3|G|15| |0|0| |2|P|N|P|200080HX0000| 10297|36083363| 95823969|    |      |00|00|143|N|            |Y|3|0051On S|0|        |H-51, 0.50 miles W of 145th Ave                   
S|40|AVC025|7|2|22|2U|4|T|4|3|H|4|3|G|15| |0|0| |2|P|N|P|200080HX0000| 10297|36083363| 95823969|    |      |00|00|143|N|            |Y|3|0051On S|0|        |H-51, 0.50 miles W of 145th Ave                   
S|40|AVC025|7|3|22|2U|4|T|4|3|H|4|3|G|15| |0|0| |2|P|N|P|200080HX0000| 10297|36083363| 95823969|    |      |00|00|143|N|            |Y|3|0051On S|0|        |H-51, 0.50 miles W of 145th Ave                   
S|40|AVC025|7|4|22|2U|4|T|4|3|H|4|3|G|15| |0|0| |2|P|N|P|200080HX0000| 10297|36083363| 95823969|    |      |00|00|143|N|            |Y|3|0051On S|0|        |H-51, 0.50 miles W of 145th Ave                   
S|40|AVC026|3|1|22|1U|3|T|3|3|H|3|3|G|15| |0|0| |2|P|N|P|500007HX0000|  9163|35534553| 97487461|    |      |00|00|109|N|            |Y|1|0044On I|0|        |-44, 0.40 miles E of Kelly Ave, in Ok             
S|40|AVC026|3|2|22|1U|3|T|3|3|H|3|3|G|15| |0|0| |2|P|N|P|500007HX0000|  9163|35534553| 97487461|    |      |00|00|109|N|            |Y|1|0044On I|0|        |-44, 0.40 miles E of Kelly Ave, in Ok             
S|40|AVC026|3|3|22|1U|3|T|3|3|H|3|3|G|15| |0|0| |2|P|N|P|500007HX0000|  9163|35534553| 97487461|    |      |00|00|109|N|            |Y|1|0044On I|0|        |-44, 0.40 miles E of Kelly Ave, in Ok             
S|40|AVC026|7|1|22|1U|3|T|3|3|H|3|3|G|15| |0|0| |2|P|N|P|500007HX0000|  9163|35534553| 97487461|    |      |00|00|109|N|            |Y|1|0044On I|0|        |-44, 0.40 miles E of Kelly Ave, in Ok             
S|40|AVC026|7|2|22|1U|3|T|3|3|H|3|3|G|15| |0|0| |2|P|N|P|500007HX0000|  9163|35534553| 97487461|    |      |00|00|109|N|            |Y|1|0044On I|0|        |-44, 0.40 miles E of Kelly Ave, in Ok             
S|40|AVC026|7|3|22|1U|3|T|3|3|H|3|3|G|15| |0|0| |2|P|N|P|500007HX0000|  9163|35534553| 97487461|    |      |00|00|109|N|            |Y|1|0044On I|0|        |-44, 0.40 miles E of Kelly Ave, in Ok             
S|40|AVC027|3|1|22|3R|2|T|2|3|H|2|3|G|15| |0|0| |2|P|N|P|700002HX0000| 23796|36362570| 99298782|    |      |00|00|153|N|            |Y|2|0183On U|0|        |S-270, 3.80 miles E of SH-34. SE of W             
S|40|AVC027|3|2|22|3R|2|T|2|3|H|2|3|G|15| |0|0| |2|P|N|P|700002HX0000| 23796|36362570| 99298782|    |      |00|00|153|N|            |Y|2|0183On U|0|        |S-270, 3.80 miles E of SH-34. SE of W             
S|40|AVC027|7|1|22|3R|2|T|2|3|H|2|3|G|15| |0|0| |2|P|N|P|700002HX0000| 23796|36362570| 99298782|    |      |00|00|153|N|            |Y|2|0183On U|0|        |S-270, 3.80 miles E of SH-34. SE of W             
S|40|AVC027|7|2|22|3R|2|T|2|3|H|2|3|G|15| |0|0| |2|P|N|P|700002HX0000| 23796|36362570| 99298782|    |      |00|00|153|N|            |Y|2|0183On U|0|        |S-270, 3.80 miles E of SH-34. SE of W             
S|40|AVC028|1|1|22|1R|2|T|2|3|H|2|3|G|15| |0|0| |2|P|N|P|300017HX0000|   795|33735036| 97150516|    |      |06|00|085|N|            |Y|1|0035On I|0|        |-35, 0.10 miles N of the Red River Br             
S|40|AVC028|1|2|22|1R|2|T|2|3|H|2|3|G|15| |0|0| |2|P|N|P|300017HX0000|   795|33735036| 97150516|    |      |06|00|085|N|            |Y|1|0035On I|0|        |-35, 0.10 miles N of the Red River Br             
S|40|AVC028|5|1|22|1R|2|T|2|3|H|2|3|G|15| |0|0| |2|P|N|P|300017HX0000|   795|33735036| 97150516|    |      |06|00|085|N|            |Y|1|0035On I|0|        |-35, 0.10 miles N of the Red River Br             
S|40|AVC028|5|2|22|1R|2|T|2|3|H|2|3|G|15| |0|0| |2|P|N|P|300017HX0000|   795|33735036| 97150516|    |      |06|00|085|N|            |Y|1|0035On I|0|        |-35, 0.10 miles N of the Red River Br             
S|40|AVC029|1|1|22|3R|2|T|2|3|H|2|3|G|15| |0|0| |2|P|N|P|700003HX0000| 16432|34141177| 96267377|    |      |07|00|013|N|            |Y|2|0069On U|0|        |S-69, 0.74 miles N of SH-22, NE of Du             
S|40|AVC029|1|2|22|3R|2|T|2|3|H|2|3|G|15| |0|0| |2|P|N|P|700003HX0000| 16432|34141177| 96267377|    |      |07|00|013|N|            |Y|2|0069On U|0|        |S-69, 0.74 miles N of SH-22, NE of Du             
S|40|AVC029|5|1|22|3R|2|T|2|3|H|2|3|G|15| |0|0| |2|P|N|P|700003HX0000| 16432|34141177| 96267377|    |      |07|00|013|N|            |Y|2|0069On U|0|        |S-69, 0.74 miles N of SH-22, NE of Du             
S|40|AVC029|5|2|22|3R|2|T|2|3|H|2|3|G|15| |0|0| |2|P|N|P|700003HX0000| 16432|34141177| 96267377|    |      |07|00|013|N|            |Y|2|0069On U|0|        |S-69, 0.74 miles N of SH-22, NE of Du             
S|40|AVC030|1|1|22|3R|2|T|2|3|H|2|3|G|15| |0|0| |2|P|N|P|100056HX0000|  5569|35626048| 95463849|    |      |06|00|101|N|            |Y|2|0069On U|0|        |S-69, 11.30 miles N  of US-266, S of              
S|40|AVC030|1|2|22|3R|2|T|2|3|H|2|3|G|15| |0|0| |2|P|N|P|100056HX0000|  5569|35626048| 95463849|    |      |06|00|101|N|            |Y|2|0069On U|0|        |S-69, 11.30 miles N  of US-266, S of              
S|40|AVC030|5|1|22|3R|2|T|2|3|H|2|3|G|15| |0|0| |2|P|N|P|100056HX0000|  5569|35626048| 95463849|    |      |06|00|101|N|            |Y|2|0069On U|0|        |S-69, 11.30 miles N  of US-266, S of              
S|40|AVC030|5|2|22|3R|2|T|2|3|H|2|3|G|15| |0|0| |2|P|N|P|100056HX0000|  5569|35626048| 95463849|    |      |06|00|101|N|            |Y|2|0069On U|0|        |S-69, 11.30 miles N  of US-266, S of              
S|40|AVC031|1|1|22|1R|2|T|2|3|H|2|3|G|15| |0|0| |2|P|N|P|600025HX0000| 27909|36996934| 97343224|    |      |00|00|071|Y|000000004222|Y|1|0035On I|0|        |-35, 0.10 miles S of the Kansas/Oklah             
S|40|AVC031|1|2|22|1R|2|T|2|3|H|2|3|G|15| |0|0| |2|P|N|P|600025HX0000| 27909|36996934| 97343224|    |      |00|00|071|Y|000000004222|Y|1|0035On I|0|        |-35, 0.10 miles S of the Kansas/Oklah             
S|40|AVC031|5|1|22|1R|2|T|2|3|H|2|3|G|15| |0|0| |2|P|N|P|600025HX0000| 27909|36996934| 97343224|    |      |00|00|071|Y|000000004222|Y|1|0035On I|0|        |-35, 0.10 miles S of the Kansas/Oklah             
S|40|AVC031|5|2|22|1R|2|T|2|3|H|2|3|G|15| |0|0| |2|P|N|P|600025HX0000| 27909|36996934| 97343224|    |      |00|00|071|Y|000000004222|Y|1|0035On I|0|        |-35, 0.10 miles S of the Kansas/Oklah             
S|40|AVC032|3|1|22|4U|2|T|2|3|H|2|3|G|15| |0|0| |2|P|N|P|000018HX0000| 12279|36115898| 97144951|    |      |00|00|119|N|            |N|3|0051On S|0|        |H-51, 3.50 miles E of SH-51C, W of St             
S|40|AVC032|3|2|22|4U|2|T|2|3|H|2|3|G|15| |0|0| |2|P|N|P|000018HX0000| 12279|36115898| 97144951|    |      |00|00|119|N|            |N|3|0051On S|0|        |H-51, 3.50 miles E of SH-51C, W of St             
S|40|AVC032|7|1|22|4U|2|T|2|3|H|2|3|G|15| |0|0| |2|P|N|P|000018HX0000| 12279|36115898| 97144951|    |      |00|00|119|N|            |N|3|0051On S|0|        |H-51, 3.50 miles E of SH-51C, W of St             
S|40|AVC032|7|2|22|4U|2|T|2|3|H|2|3|G|15| |0|0| |2|P|N|P|000018HX0000| 12279|36115898| 97144951|    |      |00|00|119|N|            |N|3|0051On S|0|        |H-51, 3.50 miles E of SH-51C, W of St             
S|40|AVC033|1|1|22|3R|1|T|1|3|H|1|3|G|15| |0|0| |2|P|N|P|600012HX0000| 15485|35281686| 97953694|    |      |05|00|051|Y|000000000517|Y|2|0081On U|0|        |S-81, 2.10 miles S of SH-37, S of Min             
S|40|AVC033|5|1|22|3R|1|T|1|3|H|1|3|G|15| |0|0| |2|P|N|P|600012HX0000| 15485|35281686| 97953694|    |      |05|00|051|Y|000000000517|Y|2|0081On U|0|        |S-81, 2.10 miles S of SH-37, S of Min             
S|40|AVC034|3|1|22|4R|2|T|2|3|H|2|3|G|15|0|0|0| |2|P|N|P|            |      |36536745| 97872704|    |      |07|00|000|N|            |N|3|      60|0|        |On US-60_5.00 miles E of SH-45_N of Enid          
S|40|AVC034|3|2|22|4R|2|T|2|3|H|2|3|G|15|0|0|0| |2|P|N|P|            |      |36536745| 97872704|    |      |07|00|000|N|            |N|3|      60|0|        |On US-60_5.00 miles E of SH-45_N of Enid          
S|40|AVC034|7|1|22|4R|2|T|2|3|H|2|3|G|15|0|0|0| |2|P|N|P|            |      |36536745| 97872704|    |      |07|00|000|N|            |N|3|      60|0|        |On US-60_5.00 miles E of SH-45_N of Enid          
S|40|AVC034|7|2|22|4R|2|T|2|3|H|2|3|G|15|0|0|0| |2|P|N|P|            |      |36536745| 97872704|    |      |07|00|000|N|            |N|3|      60|0|        |On US-60_5.00 miles E of SH-45_N of Enid          
S|40|AVC035|1|1|22|3U|2|T|2|3|H|2|3|G|15| |0|0| |2|P|N|P|600011HX0000|  3869|35664581| 95961864|    |      |00|00|111|N|            |Y|2|0075On U|0|        |S-75, 3.80 miles N of US-62, in Okmul             
S|40|AVC035|1|2|22|3U|2|T|2|3|H|2|3|G|15| |0|0| |2|P|N|P|600011HX0000|  3869|35664581| 95961864|    |      |00|00|111|N|            |Y|2|0075On U|0|        |S-75, 3.80 miles N of US-62, in Okmul             
S|40|AVC035|5|1|22|3U|2|T|2|3|H|2|3|G|15| |0|0| |2|P|N|P|600011HX0000|  3869|35664581| 95961864|    |      |00|00|111|N|            |Y|2|0075On U|0|        |S-75, 3.80 miles N of US-62, in Okmul             
S|40|AVC035|5|2|22|3U|2|T|2|3|H|2|3|G|15| |0|0| |2|P|N|P|600011HX0000|  3869|35664581| 95961864|    |      |00|00|111|N|            |Y|2|0075On U|0|        |S-75, 3.80 miles N of US-62, in Okmul             
S|40|AVC036|3|1|22|1R|2|T|2|3|H|2|3|G|15| |0|0| |2|P|N|P|700006HX0000|  1020|34112868| 98527094|    |      |00|00|033|Y|000000000342|Y|1|0044On I|0|        |-44, 0.20 miles N of the Red River Br             
S|40|AVC036|3|2|22|1R|2|T|2|3|H|2|3|G|15| |0|0| |2|P|N|P|700006HX0000|  1020|34112868| 98527094|    |      |00|00|033|Y|000000000342|Y|1|0044On I|0|        |-44, 0.20 miles N of the Red River Br             
S|40|AVC036|7|1|22|1R|2|T|2|3|H|2|3|G|15| |0|0| |2|P|N|P|700006HX0000|  1020|34112868| 98527094|    |      |00|00|033|Y|000000000342|Y|1|0044On I|0|        |-44, 0.20 miles N of the Red River Br             
S|40|AVC036|7|2|22|1R|2|T|2|3|H|2|3|G|15| |0|0| |2|P|N|P|700006HX0000|  1020|34112868| 98527094|    |      |00|00|033|Y|000000000342|Y|1|0044On I|0|        |-44, 0.20 miles N of the Red River Br             
S|40|AVC037|3|1|22|5R|1|T|1|3|H|1|3|G|15| |0|0| |2|P|N|P|500008HX0000| 19731|35291316| 99015580|    |      |05|00|149|Y|000000001404|N|3|0152On S|0|        |H-152, 1.50 miles W of US-183, W of C             
S|40|AVC037|7|1|22|5R|1|T|1|3|H|1|3|G|15| |0|0| |2|P|N|P|500008HX0000| 19731|35291316| 99015580|    |      |05|00|149|Y|000000001404|N|3|0152On S|0|        |H-152, 1.50 miles W of US-183, W of C             
S|40|AVC038|3|1|22|4R|1|T|1|3|H|1|3|G|15| |0|0| |2|P|N|P|600006HX0000|  4482|36797782| 98800576|    |      |07|00|151|N|            |N|2|0064On U|0|        |S-64, 4.30 miles E of SH-14, W of Alv             
S|40|AVC038|7|1|22|4R|1|T|1|3|H|1|3|G|15| |0|0| |2|P|N|P|600006HX0000|  4482|36797782| 98800576|    |      |07|00|151|N|            |N|2|0064On U|0|        |S-64, 4.30 miles E of SH-14, W of Alv             
S|40|AVC039|3|1|22|5R|1|T|1|3|H|1|3|G|15| |0|0| |2|P|N|P|700016HX0000|  2658|36116521| 97851394|    |      |06|00|073|Y|000000000612|N|3|0051On S|0|        |H-51, 2.60 miles E of US-81, E of Hen             
S|40|AVC039|7|1|22|5R|1|T|1|3|H|1|3|G|15| |0|0| |2|P|N|P|700016HX0000|  2658|36116521| 97851394|    |      |06|00|073|Y|000000000612|N|3|0051On S|0|        |H-51, 2.60 miles E of US-81, E of Hen             
S|40|AVC040|3|1|22|4R|1|T|1|3|H|1|3|G|15| |0|0| |2|P|N|P|000002HX0000|  3298|35985914| 96868845|    |      |00|00|119|N|            |N|3|0018On S|0|        |H-33, 0.50 miles E of SH-18, W of Cus             
S|40|AVC040|7|1|22|4R|1|T|1|3|H|1|3|G|15| |0|0| |2|P|N|P|000002HX0000|  3298|35985914| 96868845|    |      |00|00|119|N|            |N|3|0018On S|0|        |H-33, 0.50 miles E of SH-18, W of Cus             
S|40|AVC041|3|1|22|3R|1|T|1|3|H|1|3|G|15| |0|0| |2|P|N|P|700002HX0000|  4791|36676737| 96982348|    |      |06|00|113|N|            |Y|2|0060On U|0|        |S-60, 4.90 miles E of US-177, E of Po             
S|40|AVC041|7|1|22|3R|1|T|1|3|H|1|3|G|15| |0|0| |2|P|N|P|700002HX0000|  4791|36676737| 96982348|    |      |06|00|113|N|            |Y|2|0060On U|0|        |S-60, 4.90 miles E of US-177, E of Po             
S|40|AVC042|3|1|22|3R|1|T|1|3|H|1|3|G|15| |0|0| |2|P|N|P|800004HX0000| 12000|36628594| 95240541|    |      |00|00|035|N|            |Y|2|0060On U|0|        |S-60, 0.10 miles NW of SH-66, W of Vi             
S|40|AVC042|7|1|22|3R|1|T|1|3|H|1|3|G|15| |0|0| |2|P|N|P|800004HX0000| 12000|36628594| 95240541|    |      |00|00|035|N|            |Y|2|0060On U|0|        |S-60, 0.10 miles NW of SH-66, W of Vi             
S|40|AVC043|3|1|22|5R|1|T|1|3|H|1|3|G|15| |0|0| |2|P|N|P|800008HX0000|  4061|36612279| 95281641|    |      |00|00|035|N|            |N|3|0066On S|0|        |H-66, 3.00 miles SW of US-60, W of Vi             
S|40|AVC043|7|1|22|5R|1|T|1|3|H|1|3|G|15| |0|0| |2|P|N|P|800008HX0000|  4061|36612279| 95281641|    |      |00|00|035|N|            |N|3|0066On S|0|        |H-66, 3.00 miles SW of US-60, W of Vi             
S|40|AVC044|1|1|22|3R|1|T|1|3|H|1|3|G|15| |0|0| |2|P|N|P|100002HX0000| 10217|35771109| 94625876|    |      |00|00|001|N|            |Y|2|0059On U|0|        |S-59, 2.50 miles S of SH-100, S of St             
S|40|AVC044|5|1|22|3R|1|T|1|3|H|1|3|G|15| |0|0| |2|P|N|P|100002HX0000| 10217|35771109| 94625876|    |      |00|00|001|N|            |Y|2|0059On U|0|        |S-59, 2.50 miles S of SH-100, S of St             
S|40|AVC045|1|1|22|4R|1|T|1|3|H|1|3|G|15| |0|0| |2|P|N|P|900010HX0000| 11150|35037862| 95314371|    |      |07|00|077|Y|000000002562|N|3|0002On S|0|        |H-2, 7.70 miles S of SH-31, N of Wilb             
S|40|AVC045|5|1|22|4R|1|T|1|3|H|1|3|G|15| |0|0| |2|P|N|P|900010HX0000| 11150|35037862| 95314371|    |      |07|00|077|Y|000000002562|N|3|0002On S|0|        |H-2, 7.70 miles S of SH-31, N of Wilb             
S|40|AVC046|1|1|22|5R|1|T|1|3|H|1|3|G|15| |0|0| |2|P|N|P|000004HX0000|  2119|34534063| 97123401|    |      |07|00|099|N|            |N|2|0077On U|0|        |S-77. 2.00 miles N of SH-7, N of Davi             
S|40|AVC046|5|1|22|5R|1|T|1|3|H|1|3|G|15| |0|0| |2|P|N|P|000004HX0000|  2119|34534063| 97123401|    |      |07|00|099|N|            |N|2|0077On U|0|        |S-77. 2.00 miles N of SH-7, N of Davi             
S|40|AVC047|3|1|22|5R|1|T|1|3|H|1|3|G|15| |0|0| |2|P|N|P|100008HX0000|  3435|35709769| 96837691|    |      |06|00|081|N|            |N|3|0066On S|0|        |H-66, 2.40 miles E of SH-18N, E of Ch             
S|40|AVC047|7|1|22|5R|1|T|1|3|H|1|3|G|15| |0|0| |2|P|N|P|100008HX0000|  3435|35709769| 96837691|    |      |06|00|081|N|            |N|3|0066On S|0|        |H-66, 2.40 miles E of SH-18N, E of Ch             
S|40|AVC048|1|1|22|3R|1|T|1|3|H|1|3|G|15| |0|0| |2|P|N|P|400008HX0000|  1998|34187334| 97982231|    |      |00|00|067|N|            |Y|2|0081On U|0|        |S-81, 2.00 miles N of US-70, N of Wau             
S|40|AVC048|5|1|22|3R|1|T|1|3|H|1|3|G|15| |0|0| |2|P|N|P|400008HX0000|  1998|34187334| 97982231|    |      |00|00|067|N|            |Y|2|0081On U|0|        |S-81, 2.00 miles N of US-70, N of Wau             
S|40|AVC049|3|1|22|4R|1|T|1|3|H|1|3|G|15| |0|0| |2|P|N|P|400004HX0000|  3141|34158367| 97927322|    |      |00|00|067|Y|000000000577|N|2|0070On U|0|        |S-70, 3.20 miles E of US-81, E of Wau             
S|40|AVC049|7|1|22|4R|1|T|1|3|H|1|3|G|15| |0|0| |2|P|N|P|400004HX0000|  3141|34158367| 97927322|    |      |00|00|067|Y|000000000577|N|2|0070On U|0|        |S-70, 3.20 miles E of US-81, E of Wau             
S|40|AVC050|3|1|22|5R|1|T|1|3|H|1|3|G|15| |0|0| |2|P|N|P|200014HX0000|  5859|35239666| 96142872|    |      |06|00|063|Y|000000000561|N|3|0009On S|0|        |H-9, 6.00 miles E of US-75, E of Wetu             
S|40|AVC050|7|1|22|5R|1|T|1|3|H|1|3|G|15| |0|0| |2|P|N|P|200014HX0000|  5859|35239666| 96142872|    |      |06|00|063|Y|000000000561|N|3|0009On S|0|        |H-9, 6.00 miles E of US-75, E of Wetu             
S|40|AVC051|3|1|22|4R|1|T|1|3|H|1|3|G|15| |0|0| |2|P|N|P|100006HX0000| 11343|34942427| 95902594|    |      |00|00|121|Y|000000002594|N|2|0270On U|0|        |S-270, 8.00 miles W of  US-69, NW of              
S|40|AVC051|7|1|22|4R|1|T|1|3|H|1|3|G|15| |0|0| |2|P|N|P|100006HX0000| 11343|34942427| 95902594|    |      |00|00|121|Y|000000002594|N|2|0270On U|0|        |S-270, 8.00 miles W of  US-69, NW of              
S|40|AVC052|1|1|22|3R|1|T|1|3|H|1|3|G|15| |0|0| |2|P|N|P|500002HX0000| 10171|34550147| 96233324|    |      |07|00|029|Y|000000000296|Y|2|0075On U|0|        |S-75, 3.00 miles SE of SH-3, NW of Co             
S|40|AVC052|5|1|22|3R|1|T|1|3|H|1|3|G|15| |0|0| |2|P|N|P|500002HX0000| 10171|34550147| 96233324|    |      |07|00|029|Y|000000000296|Y|2|0075On U|0|        |S-75, 3.00 miles SE of SH-3, NW of Co             
S|40|AVC053|1|1|22|3U|2|T|2|3|H|2|3|G|15| |0|0| |2|P|N|P|700042HX0000|  2266|35192057| 96674944|    |      |00|00|133|N|            |Y|3|0003On S|0|        |H-99, 2.10 miles S of US-270, S of Se             
S|40|AVC053|1|2|22|3U|2|T|2|3|H|2|3|G|15| |0|0| |2|P|N|P|700042HX0000|  2266|35192057| 96674944|    |      |00|00|133|N|            |Y|3|0003On S|0|        |H-99, 2.10 miles S of US-270, S of Se             
S|40|AVC053|5|1|22|3U|2|T|2|3|H|2|3|G|15| |0|0| |2|P|N|P|700042HX0000|  2266|35192057| 96674944|    |      |00|00|133|N|            |Y|3|0003On S|0|        |H-99, 2.10 miles S of US-270, S of Se             
S|40|AVC053|5|2|22|3U|2|T|2|3|H|2|3|G|15| |0|0| |2|P|N|P|700042HX0000|  2266|35192057| 96674944|    |      |00|00|133|N|            |Y|3|0003On S|0|        |H-99, 2.10 miles S of US-270, S of Se             
S|40|AVC054|3|1|22|1R|2|T|2|3|H|2|3|G|15| |0|0| |2|P|N|P|500001HX0000|    88|35226867| 99998733|    |      |05|00|009|Y|000000004201|Y|1|0040On I|0|        |-40, 400 ft E of the Texas SL                     
S|40|AVC054|3|2|22|1R|2|T|2|3|H|2|3|G|15| |0|0| |2|P|N|P|500001HX0000|    88|35226867| 99998733|    |      |05|00|009|Y|000000004201|Y|1|0040On I|0|        |-40, 400 ft E of the Texas SL                     
S|40|AVC054|7|1|22|1R|2|T|2|3|H|2|3|G|15| |0|0| |2|P|N|P|500001HX0000|    88|35226867| 99998733|    |      |05|00|009|Y|000000004201|Y|1|0040On I|0|        |-40, 400 ft E of the Texas SL                     
S|40|AVC054|7|2|22|1R|2|T|2|3|H|2|3|G|15| |0|0| |2|P|N|P|500001HX0000|    88|35226867| 99998733|    |      |05|00|009|Y|000000004201|Y|1|0040On I|0|        |-40, 400 ft E of the Texas SL                     
S|40|AVC055|1|1|22|3R|1|T|1|3|H|1|3|G|15| |0|0| |2|P|N|P|600012HX0000|  2613|35097382| 97961404|    |      |00|00|051|N|            |Y|2|0081On U|0|        |S-81, 2.50 miles N of US-62, N of Chi             
S|40|AVC055|5|1|22|3R|1|T|1|3|H|1|3|G|15| |0|0| |2|P|N|P|600012HX0000|  2613|35097382| 97961404|    |      |00|00|051|N|            |Y|2|0081On U|0|        |S-81, 2.50 miles N of US-62, N of Chi             
S|40|AVC056|1|1|22|1U|3|T|3|3|H|3|3|G|15| |0|0| |2|P|N|P|500015HX0000|  7944|35474792| 97465942|    |      |00|00|109|N|            |Y|1|0035On I|0|        |-35, 0.40 miles S of NE 10th St                   
S|40|AVC056|1|2|22|1U|3|T|3|3|H|3|3|G|15| |0|0| |2|P|N|P|500015HX0000|  7944|35474792| 97465942|    |      |00|00|109|N|            |Y|1|0035On I|0|        |-35, 0.40 miles S of NE 10th St                   
S|40|AVC056|1|3|22|1U|3|T|3|3|H|3|3|G|15| |0|0| |2|P|N|P|500015HX0000|  7944|35474792| 97465942|    |      |00|00|109|N|            |Y|1|0035On I|0|        |-35, 0.40 miles S of NE 10th St                   
S|40|AVC056|5|1|22|1U|3|T|3|3|H|3|3|G|15| |0|0| |2|P|N|P|500015HX0000|  7944|35474792| 97465942|    |      |00|00|109|N|            |Y|1|0035On I|0|        |-35, 0.40 miles S of NE 10th St                   
S|40|AVC056|5|2|22|1U|3|T|3|3|H|3|3|G|15| |0|0| |2|P|N|P|500015HX0000|  7944|35474792| 97465942|    |      |00|00|109|N|            |Y|1|0035On I|0|        |-35, 0.40 miles S of NE 10th St                   
S|40|AVC056|5|3|22|1U|3|T|3|3|H|3|3|G|15| |0|0| |2|P|N|P|500015HX0000|  7944|35474792| 97465942|    |      |00|00|109|N|            |Y|1|0035On I|0|        |-35, 0.40 miles S of NE 10th St                   
S|40|AVC057|1|1|22|4R|1|T|1|3|H|1|3|G|15| |0|0| |2|P|N|P|700004HX0000|  4705|36328963| 98479747|    |      |00|00|093|N|            |N|2|0060On U|0|        |S-60, 3.50 miles N of SH-8, N of Fair             
S|40|AVC057|5|1|22|4R|1|T|1|3|H|1|3|G|15| |0|0| |2|P|N|P|700004HX0000|  4705|36328963| 98479747|    |      |00|00|093|N|            |N|2|0060On U|0|        |S-60, 3.50 miles N of SH-8, N of Fair             
S|40|AVC058|3|1|22|3R|2|T|2|3|H|2|3|G|15| |0|0| |2|P|N|P|000004HX0000| 10044|36768273|101344219|    |      |00|00|139|Y|000000001274|Y|2|0054On U|0|        |S-54, 8.60 miles NE of US-64, NE of G             
S|40|AVC058|3|2|22|3R|2|T|2|3|H|2|3|G|15| |0|0| |2|P|N|P|000004HX0000| 10044|36768273|101344219|    |      |00|00|139|Y|000000001274|Y|2|0054On U|0|        |S-54, 8.60 miles NE of US-64, NE of G             
S|40|AVC058|7|1|22|3R|2|T|2|3|H|2|3|G|15| |0|0| |2|P|N|P|000004HX0000| 10044|36768273|101344219|    |      |00|00|139|Y|000000001274|Y|2|0054On U|0|        |S-54, 8.60 miles NE of US-64, NE of G             
S|40|AVC058|7|2|22|3R|2|T|2|3|H|2|3|G|15| |0|0| |2|P|N|P|000004HX0000| 10044|36768273|101344219|    |      |00|00|139|Y|000000001274|Y|2|0054On U|0|        |S-54, 8.60 miles NE of US-64, NE of G             
S|40|AVC059|3|1|22|3R|1|T|1|3|H|1|3|G|15| |0|0| |2|P|N|P|000024HX0000|  1271|36634517|101205987|    |      |07|00|139|N|            |Y|3|0003On S|0|        |H-3, 1.30 miles SE of SH-94, W of Har             
S|40|AVC059|7|1|22|3R|1|T|1|3|H|1|3|G|15| |0|0| |2|P|N|P|000024HX0000|  1271|36634517|101205987|    |      |07|00|139|N|            |Y|3|0003On S|0|        |H-3, 1.30 miles SE of SH-94, W of Har             
S|40|AVC060|3|1|22|4R|1|T|1|3|H|1|3|G|15| |0|0| |2|P|N|P|800018HX0000|  9387|35117331| 98470341|    |      |05|00|015|Y|000000000133|N|3|0009On S|0|        |H-9, 1.50 miles W of.SH-146, W of Ft              
S|40|AVC060|7|1|22|4R|1|T|1|3|H|1|3|G|15| |0|0| |2|P|N|P|800018HX0000|  9387|35117331| 98470341|    |      |05|00|015|Y|000000000133|N|3|0009On S|0|        |H-9, 1.50 miles W of.SH-146, W of Ft              
S|40|AVC061|3|1|22|1U|3|T|3|3|H|3|3|G|15| |0|0| |2|P|N|P|500071HX0000|  2012|35391324| 97539482|    |      |00|00|109|N|            |Y|1|0240On I|0|        |-240, 2.00 miles E of I-44, in Oklaho             
S|40|AVC061|3|2|22|1U|3|T|3|3|H|3|3|G|15| |0|0| |2|P|N|P|500071HX0000|  2012|35391324| 97539482|    |      |00|00|109|N|            |Y|1|0240On I|0|        |-240, 2.00 miles E of I-44, in Oklaho             
S|40|AVC061|3|3|22|1U|3|T|3|3|H|3|3|G|15| |0|0| |2|P|N|P|500071HX0000|  2012|35391324| 97539482|    |      |00|00|109|N|            |Y|1|0240On I|0|        |-240, 2.00 miles E of I-44, in Oklaho             
S|40|AVC061|7|1|22|1U|3|T|3|3|H|3|3|G|15| |0|0| |2|P|N|P|500071HX0000|  2012|35391324| 97539482|    |      |00|00|109|N|            |Y|1|0240On I|0|        |-240, 2.00 miles E of I-44, in Oklaho             
S|40|AVC061|7|2|22|1U|3|T|3|3|H|3|3|G|15| |0|0| |2|P|N|P|500071HX0000|  2012|35391324| 97539482|    |      |00|00|109|N|            |Y|1|0240On I|0|        |-240, 2.00 miles E of I-44, in Oklaho             
S|40|AVC061|7|3|22|1U|3|T|3|3|H|3|3|G|15| |0|0| |2|P|N|P|500071HX0000|  2012|35391324| 97539482|    |      |00|00|109|N|            |Y|1|0240On I|0|        |-240, 2.00 miles E of I-44, in Oklaho             
S|40|AVC062|3|1|22|3R|2|T|2|3|H|2|3|G|15| |0|0| |2|P|N|P|200044HX0000|  4435|34000052| 95399970|    |      |06|00|023|N|            |Y|2|0070On U|0|        |S-70,  4.40 miles E of US-70B E of Hu             
S|40|AVC062|3|2|22|3R|2|T|2|3|H|2|3|G|15| |0|0| |2|P|N|P|200044HX0000|  4435|34000052| 95399970|    |      |06|00|023|N|            |Y|2|0070On U|0|        |S-70,  4.40 miles E of US-70B E of Hu             
S|40|AVC062|7|1|22|3R|2|T|2|3|H|2|3|G|15| |0|0| |2|P|N|P|200044HX0000|  4435|34000052| 95399970|    |      |06|00|023|N|            |Y|2|0070On U|0|        |S-70,  4.40 miles E of US-70B E of Hu             
S|40|AVC062|7|2|22|3R|2|T|2|3|H|2|3|G|15| |0|0| |2|P|N|P|200044HX0000|  4435|34000052| 95399970|    |      |06|00|023|N|            |Y|2|0070On U|0|        |S-70,  4.40 miles E of US-70B E of Hu             
S|40|AVC063|3|1|22|1U|3|T|3|3|H|3|3|G|15| |0|0| |2|P|N|P|200009HX0000|  3939|36134564| 96008202|    |      |00|00|143|Y|000000002618|Y|1|0244On I|0|        |-244, 0.30 miles N of 23rd St OP                  
S|40|AVC063|3|2|22|1U|3|T|3|3|H|3|3|G|15| |0|0| |2|P|N|P|200009HX0000|  3939|36134564| 96008202|    |      |00|00|143|Y|000000002618|Y|1|0244On I|0|        |-244, 0.30 miles N of 23rd St OP                  
S|40|AVC063|3|3|22|1U|3|T|3|3|H|3|3|G|15| |0|0| |2|P|N|P|200009HX0000|  3939|36134564| 96008202|    |      |00|00|143|Y|000000002618|Y|1|0244On I|0|        |-244, 0.30 miles N of 23rd St OP                  
S|40|AVC063|7|1|22|1U|3|T|3|3|H|3|3|G|15| |0|0| |2|P|N|P|200009HX0000|  3939|36134564| 96008202|    |      |00|00|143|Y|000000002618|Y|1|0244On I|0|        |-244, 0.30 miles N of 23rd St OP                  
S|40|AVC063|7|2|22|1U|3|T|3|3|H|3|3|G|15| |0|0| |2|P|N|P|200009HX0000|  3939|36134564| 96008202|    |      |00|00|143|Y|000000002618|Y|1|0244On I|0|        |-244, 0.30 miles N of 23rd St OP                  
S|40|AVC063|7|3|22|1U|3|T|3|3|H|3|3|G|15| |0|0| |2|P|N|P|200009HX0000|  3939|36134564| 96008202|    |      |00|00|143|Y|000000002618|Y|1|0244On I|0|        |-244, 0.30 miles N of 23rd St OP                  
S|40|AVC064|3|1|22|1U|4|T|4|3|H|4|3|G|15| |0|0| |2|P|N|P|200009HX0000|  9581|36159375| 95933405|    |      |07|00|143|N|            |Y|1|0244On I|0|        |-244, 0.40 miles E of Harvard Ave                 
S|40|AVC064|3|2|22|1U|4|T|4|3|H|4|3|G|15| |0|0| |2|P|N|P|200009HX0000|  9581|36159375| 95933405|    |      |07|00|143|N|            |Y|1|0244On I|0|        |-244, 0.40 miles E of Harvard Ave                 
S|40|AVC064|3|3|22|1U|4|T|4|3|H|4|3|G|15| |0|0| |2|P|N|P|200009HX0000|  9581|36159375| 95933405|    |      |07|00|143|N|            |Y|1|0244On I|0|        |-244, 0.40 miles E of Harvard Ave                 
S|40|AVC064|3|4|22|1U|4|T|4|3|H|4|3|G|15| |0|0| |2|P|N|P|200009HX0000|  9581|36159375| 95933405|    |      |07|00|143|N|            |Y|1|0244On I|0|        |-244, 0.40 miles E of Harvard Ave                 
S|40|AVC064|7|1|22|1U|4|T|4|3|H|4|3|G|15| |0|0| |2|P|N|P|200009HX0000|  9581|36159375| 95933405|    |      |07|00|143|N|            |Y|1|0244On I|0|        |-244, 0.40 miles E of Harvard Ave                 
S|40|AVC064|7|2|22|1U|4|T|4|3|H|4|3|G|15| |0|0| |2|P|N|P|200009HX0000|  9581|36159375| 95933405|    |      |07|00|143|N|            |Y|1|0244On I|0|        |-244, 0.40 miles E of Harvard Ave                 
S|40|AVC064|7|3|22|1U|4|T|4|3|H|4|3|G|15| |0|0| |2|P|N|P|200009HX0000|  9581|36159375| 95933405|    |      |07|00|143|N|            |Y|1|0244On I|0|        |-244, 0.40 miles E of Harvard Ave                 
S|40|AVC064|7|4|22|1U|4|T|4|3|H|4|3|G|15| |0|0| |2|P|N|P|200009HX0000|  9581|36159375| 95933405|    |      |07|00|143|N|            |Y|1|0244On I|0|        |-244, 0.40 miles E of Harvard Ave                 
S|40|AVC065|1|1|22|2U|3|T|3|3|H|3|3|G|15| |0|0| |2|P|N|P|500063HX0000|  2882|35547179| 97575943|    |      |00|00|109|N|            |Y|3|0074On H|0|        |efner Pkwy, 0.70 miles N of 63rd St B             
S|40|AVC065|1|2|22|2U|3|T|3|3|H|3|3|G|15| |0|0| |2|P|N|P|500063HX0000|  2882|35547179| 97575943|    |      |00|00|109|N|            |Y|3|0074On H|0|        |efner Pkwy, 0.70 miles N of 63rd St B             
S|40|AVC065|1|3|22|2U|3|T|3|3|H|3|3|G|15| |0|0| |2|P|N|P|500063HX0000|  2882|35547179| 97575943|    |      |00|00|109|N|            |Y|3|0074On H|0|        |efner Pkwy, 0.70 miles N of 63rd St B             
S|40|AVC065|5|1|22|2U|3|T|3|3|H|3|3|G|15| |0|0| |2|P|N|P|500063HX0000|  2882|35547179| 97575943|    |      |00|00|109|N|            |Y|3|0074On H|0|        |efner Pkwy, 0.70 miles N of 63rd St B             
S|40|AVC065|5|2|22|2U|3|T|3|3|H|3|3|G|15| |0|0| |2|P|N|P|500063HX0000|  2882|35547179| 97575943|    |      |00|00|109|N|            |Y|3|0074On H|0|        |efner Pkwy, 0.70 miles N of 63rd St B             
S|40|AVC065|5|3|22|2U|3|T|3|3|H|3|3|G|15| |0|0| |2|P|N|P|500063HX0000|  2882|35547179| 97575943|    |      |00|00|109|N|            |Y|3|0074On H|0|        |efner Pkwy, 0.70 miles N of 63rd St B             
S|40|AVC067|3|1|22|1R|2|T|2|3|H|2|3|G|15| |0|0| |2|P|N|P|500068HX0000| 12257|35398339| 97278181|    |      |05|00|109|N|            |Y|1|0040On I|0|        |-40, 0.80 miles E of I-240                        
S|40|AVC067|3|2|22|1R|2|T|2|3|H|2|3|G|15| |0|0| |2|P|N|P|500068HX0000| 12257|35398339| 97278181|    |      |05|00|109|N|            |Y|1|0040On I|0|        |-40, 0.80 miles E of I-240                        
S|40|AVC067|7|1|22|1R|2|T|2|3|H|2|3|G|15| |0|0| |2|P|N|P|500068HX0000| 12257|35398339| 97278181|    |      |05|00|109|N|            |Y|1|0040On I|0|        |-40, 0.80 miles E of I-240                        
S|40|AVC067|7|2|22|1R|2|T|2|3|H|2|3|G|15| |0|0| |2|P|N|P|500068HX0000| 12257|35398339| 97278181|    |      |05|00|109|N|            |Y|1|0040On I|0|        |-40, 0.80 miles E of I-240                        
S|40|AVC068|1|1|22|2U|3|T|3|3|H|3|3|G|15| |0|0| |2|P|N|P|200083HX0000|  7304|36113526| 95859627|    |      |08|00|143|N|            |Y|2|0169On U|0|        |S-169, 0.35 miles S of 31st St                    
S|40|AVC068|1|2|22|2U|3|T|3|3|H|3|3|G|15| |0|0| |2|P|N|P|200083HX0000|  7304|36113526| 95859627|    |      |08|00|143|N|            |Y|2|0169On U|0|        |S-169, 0.35 miles S of 31st St                    
S|40|AVC068|1|3|22|2U|3|T|3|3|H|3|3|G|15| |0|0| |2|P|N|P|200083HX0000|  7304|36113526| 95859627|    |      |08|00|143|N|            |Y|2|0169On U|0|        |S-169, 0.35 miles S of 31st St                    
S|40|AVC068|5|1|22|2U|3|T|3|3|H|3|3|G|15| |0|0| |2|P|N|P|200083HX0000|  7304|36113526| 95859627|    |      |08|00|143|N|            |Y|2|0169On U|0|        |S-169, 0.35 miles S of 31st St                    
S|40|AVC068|5|2|22|2U|3|T|3|3|H|3|3|G|15| |0|0| |2|P|N|P|200083HX0000|  7304|36113526| 95859627|    |      |08|00|143|N|            |Y|2|0169On U|0|        |S-169, 0.35 miles S of 31st St                    
S|40|AVC068|5|3|22|2U|3|T|3|3|H|3|3|G|15| |0|0| |2|P|N|P|200083HX0000|  7304|36113526| 95859627|    |      |08|00|143|N|            |Y|2|0169On U|0|        |S-169, 0.35 miles S of 31st St                    
S|40|AVC069|1|1|22|1U|3|T|3|3|H|3|3|G|15| |0|0| |2|P|N|P|400006HX0000| 13319|35376128| 97494896|    |      |09|00|027|Y|000000000276|Y|1|0035On I|0|        |-35, at S end of SE 89th Street Bridg             
S|40|AVC069|1|2|22|1U|3|T|3|3|H|3|3|G|15| |0|0| |2|P|N|P|400006HX0000| 13319|35376128| 97494896|    |      |09|00|027|Y|000000000276|Y|1|0035On I|0|        |-35, at S end of SE 89th Street Bridg             
S|40|AVC069|1|3|22|1U|3|T|3|3|H|3|3|G|15| |0|0| |2|P|N|P|400006HX0000| 13319|35376128| 97494896|    |      |09|00|027|Y|000000000276|Y|1|0035On I|0|        |-35, at S end of SE 89th Street Bridg             
S|40|AVC069|5|1|22|1U|3|T|3|3|H|3|3|G|15| |0|0| |2|P|N|P|400006HX0000| 13319|35376128| 97494896|    |      |09|00|027|Y|000000000276|Y|1|0035On I|0|        |-35, at S end of SE 89th Street Bridg             
S|40|AVC069|5|2|22|1U|3|T|3|3|H|3|3|G|15| |0|0| |2|P|N|P|400006HX0000| 13319|35376128| 97494896|    |      |09|00|027|Y|000000000276|Y|1|0035On I|0|        |-35, at S end of SE 89th Street Bridg             
S|40|AVC069|5|3|22|1U|3|T|3|3|H|3|3|G|15| |0|0| |2|P|N|P|400006HX0000| 13319|35376128| 97494896|    |      |09|00|027|Y|000000000276|Y|1|0035On I|0|        |-35, at S end of SE 89th Street Bridg             
S|40|AVC070|1|1|22|5R|2|T|2|3|H|2|3|G|15| |0|0| |2|P|N|P|300026HX0000|  7558|35407804| 96912091|    |      |09|00|125|N|            |N|3|0018On S|0|        |H-18, 1.62 miles N of I-40                        
S|40|AVC070|1|2|22|5R|2|T|2|3|H|2|3|G|15| |0|0| |2|P|N|P|300026HX0000|  7558|35407804| 96912091|    |      |09|00|125|N|            |N|3|0018On S|0|        |H-18, 1.62 miles N of I-40                        
S|40|AVC070|5|1|22|5R|2|T|2|3|H|2|3|G|15| |0|0| |2|P|N|P|300026HX0000|  7558|35407804| 96912091|    |      |09|00|125|N|            |N|3|0018On S|0|        |H-18, 1.62 miles N of I-40                        
S|40|AVC070|5|2|22|5R|2|T|2|3|H|2|3|G|15| |0|0| |2|P|N|P|300026HX0000|  7558|35407804| 96912091|    |      |09|00|125|N|            |N|3|0018On S|0|        |H-18, 1.62 miles N of I-40                        
S|40|AVC071|1|1|22|5R|2|T|2|3|H|2|3|G|15| |0|0| |2|P|N|P|500063HX0000| 15011|35720562| 97584663|    |      |09|00|109|N|            |N|3|0074On S|0|        |H-74, 0.32 miles S of Waterloo Rd                 
S|40|AVC071|1|2|22|5R|2|T|2|3|H|2|3|G|15| |0|0| |2|P|N|P|500063HX0000| 15011|35720562| 97584663|    |      |09|00|109|N|            |N|3|0074On S|0|        |H-74, 0.32 miles S of Waterloo Rd                 
S|40|AVC071|5|1|22|5R|2|T|2|3|H|2|3|G|15| |0|0| |2|P|N|P|500063HX0000| 15011|35720562| 97584663|    |      |09|00|109|N|            |N|3|0074On S|0|        |H-74, 0.32 miles S of Waterloo Rd                 
S|40|AVC071|5|2|22|5R|2|T|2|3|H|2|3|G|15| |0|0| |2|P|N|P|500063HX0000| 15011|35720562| 97584663|    |      |09|00|109|N|            |N|3|0074On S|0|        |H-74, 0.32 miles S of Waterloo Rd                 
S|40|AVC072|3|1|22|1U|4|T|4|3|H|4|3|G|15| |0|0| |2|P|N|P|500069HX0000|  8906|35456166| 97514425|    |      |95|00|109|N|            |Y|1|0040On I|0|        |-40 Crosstown, EB 265 ft W of Shields             
S|40|AVC072|3|2|22|1U|4|T|4|3|H|4|3|G|15| |0|0| |2|P|N|P|500069HX0000|  8906|35456166| 97514425|    |      |95|00|109|N|            |Y|1|0040On I|0|        |-40 Crosstown, EB 265 ft W of Shields             
S|40|AVC072|3|3|22|1U|4|T|4|3|H|4|3|G|15| |0|0| |2|P|N|P|500069HX0000|  8906|35456166| 97514425|    |      |95|00|109|N|            |Y|1|0040On I|0|        |-40 Crosstown, EB 265 ft W of Shields             
S|40|AVC072|3|4|22|1U|4|T|4|3|H|4|3|G|15| |0|0| |2|P|N|P|500069HX0000|  8906|35456166| 97514425|    |      |95|00|109|N|            |Y|1|0040On I|0|        |-40 Crosstown, EB 265 ft W of Shields             
S|40|AVC072|7|1|22|1U|4|T|3|3|N|4|3|G|15|N|0|0| |2|P|L|P|   5.569E+11|      |35456150| 97514341|    |      |95|00|000|N|            |N|1|I0000040|0|        |On EBL's of Crosstown w of sh                     
S|40|AVC072|7|2|22|1U|4|T|3|3|N|4|3|G|15|N|0|0| |2|P|L|P|   5.569E+11|      |35456150| 97514341|    |      |95|00|000|N|            |N|1|I0000040|0|        |On EBL's of Crosstown w of sh                     
S|40|AVC072|7|3|22|1U|4|T|3|3|N|4|3|G|15|N|0|0| |2|P|L|P|   5.569E+11|      |35456150| 97514341|    |      |95|00|000|N|            |N|1|I0000040|0|        |On EBL's of Crosstown w of sh                     
S|40|AVC072|7|4|22|1U|4|T|3|3|N|4|3|G|15|N|0|0| |2|P|L|P|   5.569E+11|      |35456150| 97514341|    |      |95|00|000|N|            |N|1|I0000040|0|        |On EBL's of Crosstown w of sh                     
S|40|AVC072|7|5|22|1U|4|T|3|3|N|4|3|G|15|N|0|0| |2|P|L|P|   5.569E+11|      |35456150| 97514341|    |      |95|00|000|N|            |N|1|I0000040|0|        |On EBL's of Crosstown w of sh                     
S|40|AVC073|7|1|22|1U|5|T|5|3|H|5|3|G|15| |0|0| |2|P|N|P|500069HX0000|  8906|35456166| 97514425|    |      |95|00|109|N|            |N|1|0040On I|0|        |-40 Crosstown, EB 265 ft W of Shields             
S|40|AVC073|7|2|22|1U|5|T|5|3|H|5|3|G|15| |0|0| |2|P|N|P|500069HX0000|  8906|35456166| 97514425|    |      |95|00|109|N|            |N|1|0040On I|0|        |-40 Crosstown, EB 265 ft W of Shields             
S|40|AVC073|7|3|22|1U|5|T|5|3|H|5|3|G|15| |0|0| |2|P|N|P|500069HX0000|  8906|35456166| 97514425|    |      |95|00|109|N|            |N|1|0040On I|0|        |-40 Crosstown, EB 265 ft W of Shields             
S|40|AVC073|7|4|22|1U|5|T|5|3|H|5|3|G|15| |0|0| |2|P|N|P|500069HX0000|  8906|35456166| 97514425|    |      |95|00|109|N|            |N|1|0040On I|0|        |-40 Crosstown, EB 265 ft W of Shields             
S|40|AVC073|7|5|22|1U|5|T|5|3|H|5|3|G|15| |0|0| |2|P|N|P|500069HX0000|  8906|35456166| 97514425|    |      |95|00|109|N|            |N|1|0040On I|0|        |-40 Crosstown, EB 265 ft W of Shields             
S|40|AVC501|1|1|22|3R|2|T|2|3|H|2|3|G|15| |0|0| |2|P|N|P|400021HX0000| 14803|36636906| 95935272|    |      |18|00|147|Y|000000004274|Y|2|0075On U|0|        |S-75, 6.30 miles S of US-60, S of Bar             
S|40|AVC501|1|2|22|3R|2|T|2|3|H|2|3|G|15| |0|0| |2|P|N|P|400021HX0000| 14803|36636906| 95935272|    |      |18|00|147|Y|000000004274|Y|2|0075On U|0|        |S-75, 6.30 miles S of US-60, S of Bar             
S|40|AVC501|5|1|22|3R|2|T|2|3|H|2|3|G|15| |0|0| |2|P|N|P|400021HX0000| 14803|36636906| 95935272|    |      |18|00|147|Y|000000004274|Y|2|0075On U|0|        |S-75, 6.30 miles S of US-60, S of Bar             
S|40|AVC501|5|2|22|3R|2|T|2|3|H|2|3|G|15| |0|0| |2|P|N|P|400021HX0000| 14803|36636906| 95935272|    |      |18|00|147|Y|000000004274|Y|2|0075On U|0|        |S-75, 6.30 miles S of US-60, S of Bar             
S|40|AVC502|1|1|22|1R|2|T|2|3|H|2|3|G|15| |0|0| |2|P|N|P|000032HX0000|  6471|34462906| 97146850|    |      |18|00|099|Y|000000000793|Y|1|0035On I|0|        |-35, 3.60 miles S of SH-7, S of Davis             
S|40|AVC502|1|2|22|1R|2|T|2|3|H|2|3|G|15| |0|0| |2|P|N|P|000032HX0000|  6471|34462906| 97146850|    |      |18|00|099|Y|000000000793|Y|1|0035On I|0|        |-35, 3.60 miles S of SH-7, S of Davis             
S|40|AVC502|5|1|22|1R|2|T|2|3|H|2|3|G|15| |0|0| |2|P|N|P|000032HX0000|  6471|34462906| 97146850|    |      |18|00|099|Y|000000000793|Y|1|0035On I|0|        |-35, 3.60 miles S of SH-7, S of Davis             
S|40|AVC502|5|2|22|1R|2|T|2|3|H|2|3|G|15| |0|0| |2|P|N|P|000032HX0000|  6471|34462906| 97146850|    |      |18|00|099|Y|000000000793|Y|1|0035On I|0|        |-35, 3.60 miles S of SH-7, S of Davis             
S|40|AVC503|3|1|22|1U|2|T|2|3|H|2|3|G|15| |0|0| |2|P|N|P|500071HX0000|  7121|35391216| 97449054|    |      |18|00|109|N|            |Y|1|0240On I|0|        |-240, 2.57 miles E of I-35, in Oklaho             
S|40|AVC503|3|2|22|1U|2|T|2|3|H|2|3|G|15| |0|0| |2|P|N|P|500071HX0000|  7121|35391216| 97449054|    |      |18|00|109|N|            |Y|1|0240On I|0|        |-240, 2.57 miles E of I-35, in Oklaho             
S|40|AVC503|7|1|22|1U|2|T|2|3|H|2|3|G|15| |0|0| |2|P|N|P|500071HX0000|  7121|35391216| 97449054|    |      |18|00|109|N|            |Y|1|0240On I|0|        |-240, 2.57 miles E of I-35, in Oklaho             
S|40|AVC503|7|2|22|1U|2|T|2|3|H|2|3|G|15| |0|0| |2|P|N|P|500071HX0000|  7121|35391216| 97449054|    |      |18|00|109|N|            |Y|1|0240On I|0|        |-240, 2.57 miles E of I-35, in Oklaho             
S|40|AVC504|1|1|22|1R|2|T|2|3|H|2|3|G|15| |0|0| |2|P|N|P|200030HX0000|   588|35733785| 97416162|    |      |18|00|083|N|            |Y|1|0035On I|0|        |-35, 0.50 miles N of Waterloo Rd                  
S|40|AVC504|1|2|22|1R|2|T|2|3|H|2|3|G|15| |0|0| |2|P|N|P|200030HX0000|   588|35733785| 97416162|    |      |18|00|083|N|            |Y|1|0035On I|0|        |-35, 0.50 miles N of Waterloo Rd                  
S|40|AVC504|5|1|22|1R|2|T|2|3|H|2|3|G|15| |0|0| |2|P|N|P|200030HX0000|   588|35733785| 97416162|    |      |18|00|083|N|            |Y|1|0035On I|0|        |-35, 0.50 miles N of Waterloo Rd                  
S|40|AVC504|5|2|22|1R|2|T|2|3|H|2|3|G|15| |0|0| |2|P|N|P|200030HX0000|   588|35733785| 97416162|    |      |18|00|083|N|            |Y|1|0035On I|0|        |-35, 0.50 miles N of Waterloo Rd                  
S|40|AVC505|1|1|22|3R|2|T|2|3|H|2|3|G|15| |0|0| |2|P|N|P|300008HX0000|  8312|36074065| 95364597|    |      |18|00|145|Y|000000003891|Y|2|0069On U|0|        |S-69, 6.50 miles S of US-412, S of Ch             
S|40|AVC505|1|2|22|3R|2|T|2|3|H|2|3|G|15| |0|0| |2|P|N|P|300008HX0000|  8312|36074065| 95364597|    |      |18|00|145|Y|000000003891|Y|2|0069On U|0|        |S-69, 6.50 miles S of US-412, S of Ch             
S|40|AVC505|5|1|22|3R|2|T|2|3|H|2|3|G|15| |0|0| |2|P|N|P|300008HX0000|  8312|36074065| 95364597|    |      |18|00|145|Y|000000003891|Y|2|0069On U|0|        |S-69, 6.50 miles S of US-412, S of Ch             
S|40|AVC505|5|2|22|3R|2|T|2|3|H|2|3|G|15| |0|0| |2|P|N|P|300008HX0000|  8312|36074065| 95364597|    |      |18|00|145|Y|000000003891|Y|2|0069On U|0|        |S-69, 6.50 miles S of US-412, S of Ch             
S|40|AVC506|3|1|22|1R|2|T|2|3|H|2|3|G|15| |0|0| |2|P|N|P|400022HX0000| 19465|35429580| 96106891|    |      |18|00|107|N|            |Y|1|0040On I|0|        |-40, 0.94 miles E of US-75 S, E of Ok             
S|40|AVC506|3|2|22|1R|2|T|2|3|H|2|3|G|15| |0|0| |2|P|N|P|400022HX0000| 19465|35429580| 96106891|    |      |18|00|107|N|            |Y|1|0040On I|0|        |-40, 0.94 miles E of US-75 S, E of Ok             
S|40|AVC506|7|1|22|1R|2|T|2|3|H|2|3|G|15| |0|0| |2|P|N|P|400022HX0000| 19465|35429580| 96106891|    |      |18|00|107|N|            |Y|1|0040On I|0|        |-40, 0.94 miles E of US-75 S, E of Ok             
S|40|AVC506|7|2|22|1R|2|T|2|3|H|2|3|G|15| |0|0| |2|P|N|P|400022HX0000| 19465|35429580| 96106891|    |      |18|00|107|N|            |Y|1|0040On I|0|        |-40, 0.94 miles E of US-75 S, E of Ok             
S|40|AVC507|3|1|22|3R|2|T|2|3|H|2|3|G|15| |0|0| |2|P|N|P|600002HX0000| 10180|35841311| 98468251|    |      |18|00|011|N|            |Y|2|0270On U|0|        |S-270, 2.70 miles W of SH-8, W of Wat             
S|40|AVC507|3|2|22|3R|2|T|2|3|H|2|3|G|15| |0|0| |2|P|N|P|600002HX0000| 10180|35841311| 98468251|    |      |18|00|011|N|            |Y|2|0270On U|0|        |S-270, 2.70 miles W of SH-8, W of Wat             
S|40|AVC507|7|1|22|3R|2|T|2|3|H|2|3|G|15| |0|0| |2|P|N|P|600002HX0000| 10180|35841311| 98468251|    |      |18|00|011|N|            |Y|2|0270On U|0|        |S-270, 2.70 miles W of SH-8, W of Wat             
S|40|AVC507|7|2|22|3R|2|T|2|3|H|2|3|G|15| |0|0| |2|P|N|P|600002HX0000| 10180|35841311| 98468251|    |      |18|00|011|N|            |Y|2|0270On U|0|        |S-270, 2.70 miles W of SH-8, W of Wat             
S|40|AVC509|3|1|22|2U|2|T|2|3|H|2|3|G|15| |0|0| |2|P|N|P|200044HX0000|  1009|34755452| 96687130|    |      |18|00|123|Y|000000001756|Y|3|0003On S|0|        |H-3, 1.10 miles E of SH-1, in Ada                 
S|40|AVC509|3|2|22|2U|2|T|2|3|H|2|3|G|15| |0|0| |2|P|N|P|200044HX0000|  1009|34755452| 96687130|    |      |18|00|123|Y|000000001756|Y|3|0003On S|0|        |H-3, 1.10 miles E of SH-1, in Ada                 
S|40|AVC509|7|1|22|2U|2|T|2|3|H|2|3|G|15| |0|0| |2|P|N|P|200044HX0000|  1009|34755452| 96687130|    |      |18|00|123|Y|000000001756|Y|3|0003On S|0|        |H-3, 1.10 miles E of SH-1, in Ada                 
S|40|AVC509|7|2|22|2U|2|T|2|3|H|2|3|G|15| |0|0| |2|P|N|P|200044HX0000|  1009|34755452| 96687130|    |      |18|00|123|Y|000000001756|Y|3|0003On S|0|        |H-3, 1.10 miles E of SH-1, in Ada                 
S|40|AVC510|1|1|22|3R|2|T|2|3|H|2|3|G|15| |0|0| |2|P|N|P|100004HX0000|  4827|35068675| 95705180|    |      |18|00|121|N|            |Y|2|0069On U|0|        |S-69, 5.40 miles N of SH-113 S, N of              
S|40|AVC510|1|2|22|3R|2|T|2|3|H|2|3|G|15| |0|0| |2|P|N|P|100004HX0000|  4827|35068675| 95705180|    |      |18|00|121|N|            |Y|2|0069On U|0|        |S-69, 5.40 miles N of SH-113 S, N of              
S|40|AVC510|5|1|22|3R|2|T|2|3|H|2|3|G|15| |0|0| |2|P|N|P|100004HX0000|  4827|35068675| 95705180|    |      |18|00|121|N|            |Y|2|0069On U|0|        |S-69, 5.40 miles N of SH-113 S, N of              
S|40|AVC510|5|2|22|3R|2|T|2|3|H|2|3|G|15| |0|0| |2|P|N|P|100004HX0000|  4827|35068675| 95705180|    |      |18|00|121|N|            |Y|2|0069On U|0|        |S-69, 5.40 miles N of SH-113 S, N of              
S|40|AVC511|1|1|22|3R|2|T|2|3|H|2|3|G|15| |0|0| |2|P|N|P|600006HX0000|  3352|34730346| 97958095|    |      |18|00|051|N|            |Y|2|0081On U|0|        |S-81, 2.46 miles S of US-81B S, S of              
S|40|AVC511|1|2|22|3R|2|T|2|3|H|2|3|G|15| |0|0| |2|P|N|P|600006HX0000|  3352|34730346| 97958095|    |      |18|00|051|N|            |Y|2|0081On U|0|        |S-81, 2.46 miles S of US-81B S, S of              
S|40|AVC511|5|1|22|3R|2|T|2|3|H|2|3|G|15| |0|0| |2|P|N|P|600006HX0000|  3352|34730346| 97958095|    |      |18|00|051|N|            |Y|2|0081On U|0|        |S-81, 2.46 miles S of US-81B S, S of              
S|40|AVC511|5|2|22|3R|2|T|2|3|H|2|3|G|15| |0|0| |2|P|N|P|600006HX0000|  3352|34730346| 97958095|    |      |18|00|051|N|            |Y|2|0081On U|0|        |S-81, 2.46 miles S of US-81B S, S of              
S|40|AVC514|3|1|22|1R|2|T|2|3|H|2|3|G|15| |0|0| |2|P|N|P|500002HX0000|   991|35421399| 99346853|    |      |18|00|149|Y|000000003900|Y|1|0040On I|0|        |-40, 1.46 miles E of SH-34                        
S|40|AVC514|3|2|22|1R|2|T|2|3|H|2|3|G|15| |0|0| |2|P|N|P|500002HX0000|   991|35421399| 99346853|    |      |18|00|149|Y|000000003900|Y|1|0040On I|0|        |-40, 1.46 miles E of SH-34                        
S|40|AVC514|7|1|22|1R|2|T|2|3|H|2|3|G|15| |0|0| |2|P|N|P|500002HX0000|   991|35421399| 99346853|    |      |18|00|149|Y|000000003900|Y|1|0040On I|0|        |-40, 1.46 miles E of SH-34                        
S|40|AVC514|7|2|22|1R|2|T|2|3|H|2|3|G|15| |0|0| |2|P|N|P|500002HX0000|   991|35421399| 99346853|    |      |18|00|149|Y|000000003900|Y|1|0040On I|0|        |-40, 1.46 miles E of SH-34                        
S|40|AVC516|3|1|22|3R|2|T|2|3|H|2|3|G|15| |0|0| |2|P|N|P|900018HX0000|  2952|36169629| 95387364|    |      |18|00|097|N|            |Y|2|0412On U|0|        |S-412, 2.60 miles W of US-69, W of Ch             
S|40|AVC516|3|2|22|3R|2|T|2|3|H|2|3|G|15| |0|0| |2|P|N|P|900018HX0000|  2952|36169629| 95387364|    |      |18|00|097|N|            |Y|2|0412On U|0|        |S-412, 2.60 miles W of US-69, W of Ch             
S|40|AVC516|7|1|22|3R|2|T|2|3|H|2|3|G|15| |0|0| |2|P|N|P|900018HX0000|  2952|36169629| 95387364|    |      |18|00|097|N|            |Y|2|0412On U|0|        |S-412, 2.60 miles W of US-69, W of Ch             
S|40|AVC516|7|2|22|3R|2|T|2|3|H|2|3|G|15| |0|0| |2|P|N|P|900018HX0000|  2952|36169629| 95387364|    |      |18|00|097|N|            |Y|2|0412On U|0|        |S-412, 2.60 miles W of US-69, W of Ch             
S|40|AVC518|3|1|22|3R|2|T|2|3|H|2|3|G|15| |0|0| |2|P|N|P|600003HX0000|  9767|34637947| 98655226|    |      |18|00|031|N|            |Y|2|0062On U|0|        |S-62, 1.30 miles W of SH-115                      
S|40|AVC518|3|2|22|3R|2|T|2|3|H|2|3|G|15| |0|0| |2|P|N|P|600003HX0000|  9767|34637947| 98655226|    |      |18|00|031|N|            |Y|2|0062On U|0|        |S-62, 1.30 miles W of SH-115                      
S|40|AVC518|7|1|22|3R|2|T|2|3|H|2|3|G|15| |0|0| |2|P|N|P|600003HX0000|  9767|34637947| 98655226|    |      |18|00|031|N|            |Y|2|0062On U|0|        |S-62, 1.30 miles W of SH-115                      
S|40|AVC518|7|2|22|3R|2|T|2|3|H|2|3|G|15| |0|0| |2|P|N|P|600003HX0000|  9767|34637947| 98655226|    |      |18|00|031|N|            |Y|2|0062On U|0|        |S-62, 1.30 miles W of SH-115                      
S|40|AVC521|1|1|22|3R|2|T|2|3|H|2|3|G|15| |0|0| |2|P|N|P|700002HX0000|  1276|33838155| 96520078|    |      |18|00|013|N|            |Y|2|0069On U|0|        |S-69, 1.10 miles N of the Red River B             
S|40|AVC521|1|2|22|3R|2|T|2|3|H|2|3|G|15| |0|0| |2|P|N|P|700002HX0000|  1276|33838155| 96520078|    |      |18|00|013|N|            |Y|2|0069On U|0|        |S-69, 1.10 miles N of the Red River B             
S|40|AVC521|5|1|22|3R|2|T|2|3|H|2|3|G|15| |0|0| |2|P|N|P|700002HX0000|  1276|33838155| 96520078|    |      |18|00|013|N|            |Y|2|0069On U|0|        |S-69, 1.10 miles N of the Red River B             
S|40|AVC521|5|2|22|3R|2|T|2|3|H|2|3|G|15| |0|0| |2|P|N|P|700002HX0000|  1276|33838155| 96520078|    |      |18|00|013|N|            |Y|2|0069On U|0|        |S-69, 1.10 miles N of the Red River B             
S|40|AVC522|3|1|22|5R|1|T|1|3|H|1|3|G|15| |0|0| |2|P|N|P|000058HX0000|  1219|35105290| 94614706|    |      |18|00|079|N|            |N|3|0112On S|0|        |H-112, 1.20 miles E of US-59, E of Po             
S|40|AVC522|7|1|22|5R|1|T|1|3|H|1|3|G|15| |0|0| |2|P|N|P|000058HX0000|  1219|35105290| 94614706|    |      |18|00|079|N|            |N|3|0112On S|0|        |H-112, 1.20 miles E of US-59, E of Po             
S|40|AVC523|3|1|22|3R|1|T|1|3|H|1|3|G|15| |0|0| |2|P|N|P|700006HX0000|  8646|36391115| 98285617|    |      |18|00|093|N|            |Y|2|0412On U|0|        |S-412, 2.10 miles W of SH-58, W of Ri             
S|40|AVC523|7|1|22|3R|1|T|1|3|H|1|3|G|15| |0|0| |2|P|N|P|700006HX0000|  8646|36391115| 98285617|    |      |18|00|093|N|            |Y|2|0412On U|0|        |S-412, 2.10 miles W of SH-58, W of Ri             
S|40|AVC525|1|1|22|3R|1|T|1|3|N|1|3|G|15|N|1|5|T|2|P|L|P|131000000816|      |36810189|102517409|0   |WIM025|00|00|013|N|            |N|2|US000287|0|        |5.6 miles N of intersect of SH                    
S|40|AVC525|3|1|22|3R|1|T|1|3|H|1|3|G|15| |0|0| |2|P|N|P|300010HX0000|  6898|36810189|102517409|    |      |18|00|025|Y|000000000257|Y|2|0287On U|0|        |S-287, 5.60 miles N of SH-325                     
S|40|AVC525|5|1|22|3R|1|T|1|3|N|1|3|G|15|N|1|5|T|2|P|L|P|131000000816|      |36810189|102517409|0   |WIM025|00|00|001|N|            |N|2|US000287|0|        |5.6 miles N of intersect of SH                    
S|40|AVC525|7|1|22|3R|1|T|1|3|H|1|3|G|15| |0|0| |2|P|N|P|300010HX0000|  6898|36810189|102517409|    |      |18|00|025|Y|000000000257|Y|2|0287On U|0|        |S-287, 5.60 miles N of SH-325                     
S|40|AVC527|1|1|22|1R|2|T|2|3|H|2|3|G|15|0|0|0| |2|P|N|P|            |      |36746220| 97345729|    |      |18|00|000|N|            |Y|2|      35|0|        |On I-35_3.50 miles N of US-60_S of Blackwell      
S|40|AVC527|1|2|22|1R|2|T|2|3|H|2|3|G|15|0|0|0| |2|P|N|P|            |      |36746220| 97345729|    |      |18|00|000|N|            |Y|2|      35|0|        |On I-35_3.50 miles N of US-60_S of Blackwell      
S|40|AVC527|5|1|22|1R|2|T|2|3|H|2|3|G|15|0|0|0| |2|P|N|P|            |      |36746220| 97345729|    |      |18|00|000|N|            |Y|2|      35|0|        |On I-35_3.50 miles N of US-60_S of Blackwell      
S|40|AVC527|5|2|22|1R|2|T|2|3|H|2|3|G|15|0|0|0| |2|P|N|P|            |      |36746220| 97345729|    |      |18|00|000|N|            |Y|2|      35|0|        |On I-35_3.50 miles N of US-60_S of Blackwell      
S|40|AVC528|3|1|22|1R|3|T|3|3|H|3|3|G|15| |0|0| |2|P|N|P|900005HX0000| 27481|35500670| 97832111|    |      |18|00|017|N|            |Y|1|0040On I|0|        |-40, 300 ft W of Gregory Road                     
S|40|AVC528|3|2|22|1R|3|T|3|3|H|3|3|G|15| |0|0| |2|P|N|P|900005HX0000| 27481|35500670| 97832111|    |      |18|00|017|N|            |Y|1|0040On I|0|        |-40, 300 ft W of Gregory Road                     
S|40|AVC528|3|3|22|1R|3|T|3|3|H|3|3|G|15| |0|0| |2|P|N|P|900005HX0000| 27481|35500670| 97832111|    |      |18|00|017|N|            |Y|1|0040On I|0|        |-40, 300 ft W of Gregory Road                     
S|40|AVC528|7|1|22|1R|3|T|3|3|H|3|3|G|15| |0|0| |2|P|N|P|900005HX0000| 27481|35500670| 97832111|    |      |18|00|017|N|            |Y|1|0040On I|0|        |-40, 300 ft W of Gregory Road                     
S|40|AVC528|7|2|22|1R|3|T|3|3|H|3|3|G|15| |0|0| |2|P|N|P|900005HX0000| 27481|35500670| 97832111|    |      |18|00|017|N|            |Y|1|0040On I|0|        |-40, 300 ft W of Gregory Road                     
S|40|AVC528|7|3|22|1R|3|T|3|3|H|3|3|G|15| |0|0| |2|P|N|P|900005HX0000| 27481|35500670| 97832111|    |      |18|00|017|N|            |Y|1|0040On I|0|        |-40, 300 ft W of Gregory Road                     
S|40|AVC529|3|1|22|1R|2|T|2|3|H|2|3|G|15| |0|0| |2|P|N|P|800023HX0000|  3678|35445802| 94742733|    |      |18|00|135|N|            |Y|1|0040On I|0|        |-40, 0.96 miles E of US-64                        
S|40|AVC529|3|2|22|1R|2|T|2|3|H|2|3|G|15| |0|0| |2|P|N|P|800023HX0000|  3678|35445802| 94742733|    |      |18|00|135|N|            |Y|1|0040On I|0|        |-40, 0.96 miles E of US-64                        
S|40|AVC529|7|1|22|1R|2|T|2|3|H|2|3|G|15| |0|0| |2|P|N|P|800023HX0000|  3678|35445802| 94742733|    |      |18|00|135|N|            |Y|1|0040On I|0|        |-40, 0.96 miles E of US-64                        
S|40|AVC529|7|2|22|1R|2|T|2|3|H|2|3|G|15| |0|0| |2|P|N|P|800023HX0000|  3678|35445802| 94742733|    |      |18|00|135|N|            |Y|1|0040On I|0|        |-40, 0.96 miles E of US-64                        
S|40|AVC530|1|1|22|1U|2|T|2|3|H|2|3|G|15| |0|0| |2|P|N|P|400005HX0000| 23465|35158591| 97481714|    |      |18|00|087|Y|000000000694|Y|1|0035On I|0|        |-35, 0.47 miles W of SH-74                        
S|40|AVC530|1|2|22|1U|2|T|2|3|H|2|3|G|15| |0|0| |2|P|N|P|400005HX0000| 23465|35158591| 97481714|    |      |18|00|087|Y|000000000694|Y|1|0035On I|0|        |-35, 0.47 miles W of SH-74                        
S|40|AVC530|5|1|22|1U|2|T|2|3|H|2|3|G|15| |0|0| |2|P|N|P|400005HX0000| 23465|35158591| 97481714|    |      |18|00|087|Y|000000000694|Y|1|0035On I|0|        |-35, 0.47 miles W of SH-74                        
S|40|AVC530|5|2|22|1U|2|T|2|3|H|2|3|G|15| |0|0| |2|P|N|P|400005HX0000| 23465|35158591| 97481714|    |      |18|00|087|Y|000000000694|Y|1|0035On I|0|        |-35, 0.47 miles W of SH-74                        
S|40|AVC532|3|1|22|3R|2|T|2|3|H|2|3|G|15| |0|0| |2|P|N|P|500002HX0000| 15234|33939994| 94912391|    |      |18|00|089|N|            |Y|2|0070On U|0|        |S-70, 4.50 miles W of US-259                      
S|40|AVC532|3|2|22|3R|2|T|2|3|H|2|3|G|15| |0|0| |2|P|N|P|500002HX0000| 15234|33939994| 94912391|    |      |18|00|089|N|            |Y|2|0070On U|0|        |S-70, 4.50 miles W of US-259                      
S|40|AVC532|7|1|22|3R|2|T|2|3|H|2|3|G|15| |0|0| |2|P|N|P|500002HX0000| 15234|33939994| 94912391|    |      |18|00|089|N|            |Y|2|0070On U|0|        |S-70, 4.50 miles W of US-259                      
S|40|AVC532|7|2|22|3R|2|T|2|3|H|2|3|G|15| |0|0| |2|P|N|P|500002HX0000| 15234|33939994| 94912391|    |      |18|00|089|N|            |Y|2|0070On U|0|        |S-70, 4.50 miles W of US-259                      
S|40|WIM001|1|1|22|3R|2|T|2|3|H|2|3|G|15|T|2|5|T|2|P|N|P|400021HX0000| 14803|36636906| 95935272|4155|      |95|17|147|Y|000000004274|Y|2|0075On U|0|        |S-75, 6.30 miles S of US-60, S of Bar             
S|40|WIM001|1|2|22|3R|2|T|2|3|H|2|3|G|15|T|2|5|T|2|P|N|P|400021HX0000| 14803|36636906| 95935272|4155|      |95|17|147|Y|000000004274|Y|2|0075On U|0|        |S-75, 6.30 miles S of US-60, S of Bar             
S|40|WIM001|5|1|22|3R|2|T|2|3|H|2|3|G|15|T|2|5|T|2|P|N|P|400021HX0000| 14803|36636906| 95935272|4155|      |95|17|147|Y|000000004274|Y|2|0075On U|0|        |S-75, 6.30 miles S of US-60, S of Bar             
S|40|WIM001|5|2|22|3R|2|T|2|3|H|2|3|G|15|T|2|5|T|2|P|N|P|400021HX0000| 14803|36636906| 95935272|4155|      |95|17|147|Y|000000004274|Y|2|0075On U|0|        |S-75, 6.30 miles S of US-60, S of Bar             
S|40|WIM002|1|1|22|1R|2|T|2|3|H|2|3|G|15|T|2|5|T|2|P|N|P|000032HX0000|  6471|34462906| 97146850|    |      |95|17|099|Y|000000000793|Y|1|0035On I|0|        |-35, 3.60 miles S of SH-7, S of Davis             
S|40|WIM002|1|2|22|1R|2|T|2|3|H|2|3|G|15|T|2|5|T|2|P|N|P|000032HX0000|  6471|34462906| 97146850|    |      |95|17|099|Y|000000000793|Y|1|0035On I|0|        |-35, 3.60 miles S of SH-7, S of Davis             
S|40|WIM002|5|1|22|1R|2|T|2|3|H|2|3|G|15|T|2|5|T|2|P|N|P|000032HX0000|  6471|34462906| 97146850|    |      |95|17|099|Y|000000000793|Y|1|0035On I|0|        |-35, 3.60 miles S of SH-7, S of Davis             
S|40|WIM002|5|2|22|1R|2|T|2|3|H|2|3|G|15|T|2|5|T|2|P|N|P|000032HX0000|  6471|34462906| 97146850|    |      |95|17|099|Y|000000000793|Y|1|0035On I|0|        |-35, 3.60 miles S of SH-7, S of Davis             
S|40|WIM003|3|1|22|1U|2|T|2|3|H|2|3|G|15|T|2|5|T|2|P|N|P|500071HX0000|  7121|35391216| 97449054|    |      |95|17|109|N|            |Y|1|0240On I|0|        |-240, 2.57 miles E of I-35, in Oklaho             
S|40|WIM003|3|2|22|1U|2|T|2|3|H|2|3|G|15|T|2|5|T|2|P|N|P|500071HX0000|  7121|35391216| 97449054|    |      |95|17|109|N|            |Y|1|0240On I|0|        |-240, 2.57 miles E of I-35, in Oklaho             
S|40|WIM003|7|1|22|1U|2|T|2|3|H|2|3|G|15|T|2|5|T|2|P|N|P|500071HX0000|  7121|35391216| 97449054|    |      |95|17|109|N|            |Y|1|0240On I|0|        |-240, 2.57 miles E of I-35, in Oklaho             
S|40|WIM003|7|2|22|1U|2|T|2|3|H|2|3|G|15|T|2|5|T|2|P|N|P|500071HX0000|  7121|35391216| 97449054|    |      |95|17|109|N|            |Y|1|0240On I|0|        |-240, 2.57 miles E of I-35, in Oklaho             
S|40|WIM005|1|1|22|3R|2|T|2|3|H|2|3|G|15|T|2|5|T|2|P|N|P|300008HX0000|  8312|36074065| 95364597|4157|      |95|17|145|Y|000000003891|Y|2|0069On U|0|        |S-69, 6.50 miles S of US-412, S of Ch             
S|40|WIM005|1|2|22|3R|2|T|2|3|H|2|3|G|15|T|2|5|T|2|P|N|P|300008HX0000|  8312|36074065| 95364597|4157|      |95|17|145|Y|000000003891|Y|2|0069On U|0|        |S-69, 6.50 miles S of US-412, S of Ch             
S|40|WIM005|5|1|22|3R|2|T|2|3|H|2|3|G|15|T|2|5|T|2|P|N|P|300008HX0000|  8312|36074065| 95364597|4157|      |95|17|145|Y|000000003891|Y|2|0069On U|0|        |S-69, 6.50 miles S of US-412, S of Ch             
S|40|WIM005|5|2|22|3R|2|T|2|3|H|2|3|G|15|T|2|5|T|2|P|N|P|300008HX0000|  8312|36074065| 95364597|4157|      |95|17|145|Y|000000003891|Y|2|0069On U|0|        |S-69, 6.50 miles S of US-412, S of Ch             
S|40|WIM006|3|1|22|1R|2|T|2|3|H|2|3|G|15|T|2|5|T|2|P|N|P|400022HX0000| 19465|35429580| 96106891|    |      |95|17|107|N|            |Y|1|0040On I|0|        |-40, 0.94 miles E of US-75 S, E of Ok             
S|40|WIM006|3|2|22|1R|2|T|2|3|H|2|3|G|15|T|2|5|T|2|P|N|P|400022HX0000| 19465|35429580| 96106891|    |      |95|17|107|N|            |Y|1|0040On I|0|        |-40, 0.94 miles E of US-75 S, E of Ok             
S|40|WIM006|7|1|22|1R|2|T|2|3|H|2|3|G|15|T|2|5|T|2|P|N|P|400022HX0000| 19465|35429580| 96106891|    |      |95|17|107|N|            |Y|1|0040On I|0|        |-40, 0.94 miles E of US-75 S, E of Ok             
S|40|WIM006|7|2|22|1R|2|T|2|3|H|2|3|G|15|T|2|5|T|2|P|N|P|400022HX0000| 19465|35429580| 96106891|    |      |95|17|107|N|            |Y|1|0040On I|0|        |-40, 0.94 miles E of US-75 S, E of Ok             
S|40|WIM007|3|1|22|3R|2|T|2|3|H|2|3|G|15|T|2|5|T|2|P|N|P|600002HX0000| 10180|35841311| 98468251|    |      |95|17|011|N|            |Y|2|0270On U|0|        |S-270, 2.70 miles W of SH-8, W of Wat             
S|40|WIM007|3|2|22|3R|2|T|2|3|H|2|3|G|15|T|2|5|T|2|P|N|P|600002HX0000| 10180|35841311| 98468251|    |      |95|17|011|N|            |Y|2|0270On U|0|        |S-270, 2.70 miles W of SH-8, W of Wat             
S|40|WIM007|7|1|22|3R|2|T|2|3|H|2|3|G|15|T|2|5|T|2|P|N|P|600002HX0000| 10180|35841311| 98468251|    |      |95|17|011|N|            |Y|2|0270On U|0|        |S-270, 2.70 miles W of SH-8, W of Wat             
S|40|WIM007|7|2|22|3R|2|T|2|3|H|2|3|G|15|T|2|5|T|2|P|N|P|600002HX0000| 10180|35841311| 98468251|    |      |95|17|011|N|            |Y|2|0270On U|0|        |S-270, 2.70 miles W of SH-8, W of Wat             
S|40|WIM009|3|1|22|2U|2|T|2|3|H|2|3|G|15|T|2|5|T|2|P|N|P|200044HX0000|  1009|34755452| 96687130|    |      |95|17|123|Y|000000001756|Y|3|0003On S|0|        |H-3, 1.10 miles E of SH-1, in Ada                 
S|40|WIM009|3|2|22|2U|2|T|2|3|H|2|3|G|15|T|2|5|T|2|P|N|P|200044HX0000|  1009|34755452| 96687130|    |      |95|17|123|Y|000000001756|Y|3|0003On S|0|        |H-3, 1.10 miles E of SH-1, in Ada                 
S|40|WIM009|7|1|22|2U|2|T|2|3|H|2|3|G|15|T|2|5|T|2|P|N|P|200044HX0000|  1009|34755452| 96687130|    |      |95|17|123|Y|000000001756|Y|3|0003On S|0|        |H-3, 1.10 miles E of SH-1, in Ada                 
S|40|WIM009|7|2|22|2U|2|T|2|3|H|2|3|G|15|T|2|5|T|2|P|N|P|200044HX0000|  1009|34755452| 96687130|    |      |95|17|123|Y|000000001756|Y|3|0003On S|0|        |H-3, 1.10 miles E of SH-1, in Ada                 
S|40|WIM010|1|1|22|3R|2|T|2|3|H|2|3|G|15|T|2|5|T|2|P|N|P|100004HX0000|  4827|35068675| 95705180|4166|      |95|17|121|N|            |Y|2|0069On U|0|        |S-69, 5.40 miles N of SH-113 S, N of              
S|40|WIM010|1|2|22|3R|2|T|2|3|H|2|3|G|15|T|2|5|T|2|P|N|P|100004HX0000|  4827|35068675| 95705180|4166|      |95|17|121|N|            |Y|2|0069On U|0|        |S-69, 5.40 miles N of SH-113 S, N of              
S|40|WIM010|5|1|22|3R|2|T|2|3|H|2|3|G|15|T|2|5|T|2|P|N|P|100004HX0000|  4827|35068675| 95705180|4166|      |95|17|121|N|            |Y|2|0069On U|0|        |S-69, 5.40 miles N of SH-113 S, N of              
S|40|WIM010|5|2|22|3R|2|T|2|3|H|2|3|G|15|T|2|5|T|2|P|N|P|100004HX0000|  4827|35068675| 95705180|4166|      |95|17|121|N|            |Y|2|0069On U|0|        |S-69, 5.40 miles N of SH-113 S, N of              
S|40|WIM011|1|1|22|3R|2|T|2|3|H|2|3|G|15|T|2|5|T|2|P|N|P|600006HX0000|  3352|34730346| 97958095|4154|      |95|17|051|N|            |Y|2|0081On U|0|        |S-81, 2.46 miles S of US-81B S, S of              
S|40|WIM011|1|2|22|3R|2|T|2|3|H|2|3|G|15|T|2|5|T|2|P|N|P|600006HX0000|  3352|34730346| 97958095|4154|      |95|17|051|N|            |Y|2|0081On U|0|        |S-81, 2.46 miles S of US-81B S, S of              
S|40|WIM011|5|1|22|3R|2|T|2|3|H|2|3|G|15|T|2|5|T|2|P|N|P|600006HX0000|  3352|34730346| 97958095|4154|      |95|17|051|N|            |Y|2|0081On U|0|        |S-81, 2.46 miles S of US-81B S, S of              
S|40|WIM011|5|2|22|3R|2|T|2|3|H|2|3|G|15|T|2|5|T|2|P|N|P|600006HX0000|  3352|34730346| 97958095|4154|      |95|17|051|N|            |Y|2|0081On U|0|        |S-81, 2.46 miles S of US-81B S, S of              
S|40|WIM016|3|1|22|3R|2|T|2|3|H|2|3|G|15|T|2|5|T|2|P|N|P|900018HX0000|  2952|36169629| 95387364|5021|      |95|17|097|N|            |Y|2|0412On U|0|        |S-412, 2.60 miles W of US-69, W of Ch             
S|40|WIM016|3|2|22|3R|2|T|2|3|H|2|3|G|15|T|2|5|T|2|P|N|P|900018HX0000|  2952|36169629| 95387364|5021|      |95|17|097|N|            |Y|2|0412On U|0|        |S-412, 2.60 miles W of US-69, W of Ch             
S|40|WIM016|7|1|22|3R|2|T|2|3|H|2|3|G|15|T|2|5|T|2|P|N|P|900018HX0000|  2952|36169629| 95387364|5021|      |95|17|097|N|            |Y|2|0412On U|0|        |S-412, 2.60 miles W of US-69, W of Ch             
S|40|WIM016|7|2|22|3R|2|T|2|3|H|2|3|G|15|T|2|5|T|2|P|N|P|900018HX0000|  2952|36169629| 95387364|5021|      |95|17|097|N|            |Y|2|0412On U|0|        |S-412, 2.60 miles W of US-69, W of Ch             
S|40|WIM021|1|1|22|3R|2|T|2|3|H|2|3|G|15|T|2|5|T|2|P|N|P|700002HX0000|   136|33824678| 96531396|    |      |00|17|013|Y|000000000107|Y|2|0069On U|0|        |S-69, 1.10 miles N of the Red River B             
S|40|WIM021|1|2|22|3R|2|T|2|3|H|2|3|G|15|T|2|5|T|2|P|N|P|700002HX0000|   136|33824678| 96531396|    |      |00|17|013|Y|000000000107|Y|2|0069On U|0|        |S-69, 1.10 miles N of the Red River B             
S|40|WIM021|5|1|22|3R|2|T|2|3|H|2|3|G|15|T|2|5|T|2|P|N|P|700002HX0000|   136|33824678| 96531396|    |      |00|17|013|Y|000000000107|Y|2|0069On U|0|        |S-69, 1.10 miles N of the Red River B             
S|40|WIM021|5|2|22|3R|2|T|2|3|H|2|3|G|15|T|2|5|T|2|P|N|P|700002HX0000|   136|33824678| 96531396|    |      |00|17|013|Y|000000000107|Y|2|0069On U|0|        |S-69, 1.10 miles N of the Red River B             
S|40|WIM022|3|1|22|5R|1|T|1|3|H|1|3|G|15|T|1|5|T|2|P|N|P|000058HX0000|  1219|35105290| 94614706|    |      |00|17|079|N|            |N|3|0112On S|0|        |H-112, 1.20 miles E of US-59, E of Po             
S|40|WIM022|7|1|22|5R|1|T|1|3|H|1|3|G|15|T|1|5|T|2|P|N|P|000058HX0000|  1219|35105290| 94614706|    |      |00|17|079|N|            |N|3|0112On S|0|        |H-112, 1.20 miles E of US-59, E of Po             
S|40|WIM023|3|1|22|3R|1|T|1|3|H|1|3|G|15|T|1|5|T|2|P|N|P|700006HX0000|  8646|36391115| 98285617|    |      |00|17|093|N|            |Y|2|0060On U|0|        |S-412, 2.10 miles W of SH-58, W of Ri             
S|40|WIM023|7|1|22|3R|1|T|1|3|H|1|3|G|15|T|1|5|T|2|P|N|P|700006HX0000|  8646|36391115| 98285617|    |      |00|17|093|N|            |Y|2|0060On U|0|        |S-412, 2.10 miles W of SH-58, W of Ri             
S|40|WIM025|3|1|22|3R|1|T|1|3|H|1|3|G|15|T|1|5|T|2|P|N|P|300010HX0000|  6898|36810189|102517409|    |      |00|17|025|Y|000000000257|Y|2|0287On U|0|        |S-287, 5.60 miles N of SH-325                     
S|40|WIM025|7|1|22|3R|1|T|1|3|H|1|3|G|15|T|1|5|T|2|P|N|P|300010HX0000|  6898|36810189|102517409|    |      |00|17|025|Y|000000000257|Y|2|0287On U|0|        |S-287, 5.60 miles N of SH-325                     
S|40|WIM027|1|1|22|1R|2|T|2|3|H|2|3|G|15|T|2|5|T|2|P|N|P|600025HX0000| 10511|36746220| 97345729|    |      |00|17|071|N|            |Y|1|0035On I|0|        |-35, 3.50 miles N of US-60, S of Blac             
S|40|WIM027|1|2|22|1R|2|T|2|3|H|2|3|G|15|T|2|5|T|2|P|N|P|600025HX0000| 10511|36746220| 97345729|    |      |00|17|071|N|            |Y|1|0035On I|0|        |-35, 3.50 miles N of US-60, S of Blac             
S|40|WIM027|5|1|22|1R|2|T|2|3|H|2|3|G|15|T|2|5|T|2|P|N|P|600025HX0000| 10511|36746220| 97345729|    |      |00|17|071|N|            |Y|1|0035On I|0|        |-35, 3.50 miles N of US-60, S of Blac             
S|40|WIM027|5|2|22|1R|2|T|2|3|H|2|3|G|15|T|2|5|T|2|P|N|P|600025HX0000| 10511|36746220| 97345729|    |      |00|17|071|N|            |Y|1|0035On I|0|        |-35, 3.50 miles N of US-60, S of Blac             
S|40|WIM028|3|1|22|1R|3|T|3|3|H|3|3|G|15|T|3|5|T|2|P|N|P|900005HX0000| 27481|35500670| 97832111|    |      |00|17|017|N|            |Y|1|0040On I|0|        |-40, 300 ft W of Gregory Road                     
S|40|WIM028|3|2|22|1R|3|T|3|3|H|3|3|G|15|T|3|5|T|2|P|N|P|900005HX0000| 27481|35500670| 97832111|    |      |00|17|017|N|            |Y|1|0040On I|0|        |-40, 300 ft W of Gregory Road                     
S|40|WIM028|3|3|22|1R|3|T|3|3|H|3|3|G|15|T|3|5|T|2|P|N|P|900005HX0000| 27481|35500670| 97832111|    |      |00|17|017|N|            |Y|1|0040On I|0|        |-40, 300 ft W of Gregory Road                     
S|40|WIM028|7|1|22|1R|3|T|3|3|H|3|3|G|15|T|3|5|T|2|P|N|P|900005HX0000| 27481|35500670| 97832111|    |      |00|17|017|N|            |Y|1|0040On I|0|        |-40, 300 ft W of Gregory Road                     
S|40|WIM028|7|2|22|1R|3|T|3|3|H|3|3|G|15|T|3|5|T|2|P|N|P|900005HX0000| 27481|35500670| 97832111|    |      |00|17|017|N|            |Y|1|0040On I|0|        |-40, 300 ft W of Gregory Road                     
S|40|WIM028|7|3|22|1R|3|T|3|3|H|3|3|G|15|T|3|5|T|2|P|N|P|900005HX0000| 27481|35500670| 97832111|    |      |00|17|017|N|            |Y|1|0040On I|0|        |-40, 300 ft W of Gregory Road                     
S|40|WIM029|3|1|22|1R|2|T|2|3|H|2|3|G|15|T|2|5|T|2|P|N|P|800023HX0000|  3678|35445802| 94742733|    |      |00|17|135|N|            |Y|1|0040On I|0|        |-40, 0.96 miles E of US-64                        
S|40|WIM029|3|2|22|1R|2|T|2|3|H|2|3|G|15|T|2|5|T|2|P|N|P|800023HX0000|  3678|35445802| 94742733|    |      |00|17|135|N|            |Y|1|0040On I|0|        |-40, 0.96 miles E of US-64                        
S|40|WIM029|7|1|22|1R|2|T|2|3|H|2|3|G|15|T|2|5|T|2|P|N|P|800023HX0000|  3678|35445802| 94742733|    |      |00|17|135|N|            |Y|1|0040On I|0|        |-40, 0.96 miles E of US-64                        
S|40|WIM029|7|2|22|1R|2|T|2|3|H|2|3|G|15|T|2|5|T|2|P|N|P|800023HX0000|  3678|35445802| 94742733|    |      |00|17|135|N|            |Y|1|0040On I|0|        |-40, 0.96 miles E of US-64                        
S|40|WIM030|1|1|22|1U|2|T|2|3|H|2|3|G|15|T|2|5|T|2|P|N|P|400005HX0000| 23465|35158591| 97481714|    |      |00|17|087|Y|000000000694|Y|1|0035On I|0|        |-35, 0.47 miles W of SH-74                        
S|40|WIM030|1|2|22|1U|2|T|2|3|H|2|3|G|15|T|2|5|T|2|P|N|P|400005HX0000| 23465|35158591| 97481714|    |      |00|17|087|Y|000000000694|Y|1|0035On I|0|        |-35, 0.47 miles W of SH-74                        
S|40|WIM030|5|1|22|1U|2|T|2|3|H|2|3|G|15|T|2|5|T|2|P|N|P|400005HX0000| 23465|35158591| 97481714|    |      |00|17|087|Y|000000000694|Y|1|0035On I|0|        |-35, 0.47 miles W of SH-74                        
S|40|WIM030|5|2|22|1U|2|T|2|3|H|2|3|G|15|T|2|5|T|2|P|N|P|400005HX0000| 23465|35158591| 97481714|    |      |00|17|087|Y|000000000694|Y|1|0035On I|0|        |-35, 0.47 miles W of SH-74                        
S|40|WIM031|1|1|22|1U|2|T|2|3|H|2|3|G|15|T|2|5|T|2|P|N|P|400005HX0000| 12934|35035049| 97375811|    |      |00|17|087|N|            |Y|1|0035On I|0|        |-35, 0.92 miles S of Exit 95, near Pu             
S|40|WIM031|1|2|22|1U|2|T|2|3|H|2|3|G|15|T|2|5|T|2|P|N|P|400005HX0000| 12934|35035049| 97375811|    |      |00|17|087|N|            |Y|1|0035On I|0|        |-35, 0.92 miles S of Exit 95, near Pu             
S|40|WIM031|5|1|22|1U|2|T|2|3|H|2|3|G|15|T|2|5|T|2|P|N|P|400005HX0000| 12934|35035049| 97375811|    |      |00|17|087|N|            |Y|1|0035On I|0|        |-35, 0.92 miles S of Exit 95, near Pu             
S|40|WIM031|5|2|22|1U|2|T|2|3|H|2|3|G|15|T|2|5|T|2|P|N|P|400005HX0000| 12934|35035049| 97375811|    |      |00|17|087|N|            |Y|1|0035On I|0|        |-35, 0.92 miles S of Exit 95, near Pu             
S|40|WIM032|1|1|22|3R|2|T|2|3|H|2|3|G|15|T|2|5|T|2|P|N|P|500002HX0000| 15234|33939994| 94912391|    |      |11|17|089|N|            |Y|2|0070On U|0|        |S-70, 4.50 miles W of US-259                      
S|40|WIM032|1|2|22|3R|2|T|2|3|H|2|3|G|15|T|2|5|T|2|P|N|P|500002HX0000| 15234|33939994| 94912391|    |      |11|17|089|N|            |Y|2|0070On U|0|        |S-70, 4.50 miles W of US-259                      
S|40|WIM032|3|1|22|3R|2|T|2|3|N|2|3|G|15|N|1|5|T|2|P|L|P|450200001366|      |33939994| 94912391|    |      |11|00|045|N|            |N|2|US000070|0|        |On US-70, 4.5 miles W of Junct                    
S|40|WIM032|3|2|22|3R|2|T|2|3|N|2|3|G|15|N|1|5|T|2|P|L|P|450200001366|      |33939994| 94912391|    |      |11|00|045|N|            |N|2|US000070|0|        |On US-70, 4.5 miles W of Junct                    
S|40|WIM032|5|1|22|3R|2|T|2|3|H|2|3|G|15|T|2|5|T|2|P|N|P|500002HX0000| 15234|33939994| 94912391|    |      |11|17|089|N|            |Y|2|0070On U|0|        |S-70, 4.50 miles W of US-259                      
S|40|WIM032|5|2|22|3R|2|T|2|3|H|2|3|G|15|T|2|5|T|2|P|N|P|500002HX0000| 15234|33939994| 94912391|    |      |11|17|089|N|            |Y|2|0070On U|0|        |S-70, 4.50 miles W of US-259                      
S|40|WIM032|7|1|22|3R|2|T|2|3|N|2|3|G|15|N|1|5|T|2|P|L|P|450200001366|      |33939994| 94912391|    |      |11|00|045|N|            |N|2|US000070|0|        |On US-70, 4.5 miles W of Junct                    
S|40|WIM032|7|2|22|3R|2|T|2|3|N|2|3|G|15|N|1|5|T|2|P|L|P|450200001366|      |33939994| 94912391|    |      |11|00|045|N|            |N|2|US000070|0|        |On US-70, 4.5 miles W of Junct                    
S|40|WIM104|1|1|22|1R|2|T|2|3|H|2|3|G|15|T|2|5|T|2|P|N|P|200030HX0000|   588|35733785| 97416162|    |      |95|17|083|N|            |Y|1|0035On I|0|        |-35, 0.50 miles N of Waterloo Rd                  
S|40|WIM104|1|2|22|1R|2|T|2|3|H|2|3|G|15|T|2|5|T|2|P|N|P|200030HX0000|   588|35733785| 97416162|    |      |95|17|083|N|            |Y|1|0035On I|0|        |-35, 0.50 miles N of Waterloo Rd                  
S|40|WIM104|5|1|22|1R|2|T|2|3|H|2|3|G|15|T|2|5|T|2|P|N|P|200030HX0000|   588|35733785| 97416162|    |      |95|17|083|N|            |Y|1|0035On I|0|        |-35, 0.50 miles N of Waterloo Rd                  
S|40|WIM104|5|2|22|1R|2|T|2|3|H|2|3|G|15|T|2|5|T|2|P|N|P|200030HX0000|   588|35733785| 97416162|    |      |95|17|083|N|            |Y|1|0035On I|0|        |-35, 0.50 miles N of Waterloo Rd                  
S|40|WIM114|3|1|22|1R|2|T|2|3|H|2|3|G|15|T|2|5|T|2|P|N|P|500002HX0000|   991|35421399| 99346853|    |      |95|17|149|Y|000000003900|Y|1|0040On I|0|        |-40, 1.46 miles E of SH-34                        
S|40|WIM114|3|2|22|1R|2|T|2|3|H|2|3|G|15|T|2|5|T|2|P|N|P|500002HX0000|   991|35421399| 99346853|    |      |95|17|149|Y|000000003900|Y|1|0040On I|0|        |-40, 1.46 miles E of SH-34                        
S|40|WIM114|7|1|22|1R|2|T|2|3|H|2|3|G|15|T|2|5|T|2|P|N|P|500002HX0000|   991|35421399| 99346853|    |      |95|17|149|Y|000000003900|Y|1|0040On I|0|        |-40, 1.46 miles E of SH-34                        
S|40|WIM114|7|2|22|1R|2|T|2|3|H|2|3|G|15|T|2|5|T|2|P|N|P|500002HX0000|   991|35421399| 99346853|    |      |95|17|149|Y|000000003900|Y|1|0040On I|0|        |-40, 1.46 miles E of SH-34                        
S|40|WIM118|3|1|22|3R|2|T|2|3|H|2|3|G|15|T|2|5|T|2|P|N|P|600003HX0000|  9767|34637947| 98655226|0100|      |95|17|031|N|            |Y|2|0062On U|0|        |S-62, 1.30 miles W of SH-115                      
S|40|WIM118|3|2|22|3R|2|T|2|3|H|2|3|G|15|T|2|5|T|2|P|N|P|600003HX0000|  9767|34637947| 98655226|0100|      |95|17|031|N|            |Y|2|0062On U|0|        |S-62, 1.30 miles W of SH-115                      
S|40|WIM118|7|1|22|3R|2|T|2|3|H|2|3|G|15|T|2|5|T|2|P|N|P|600003HX0000|  9767|34637947| 98655226|0100|      |95|17|031|N|            |Y|2|0062On U|0|        |S-62, 1.30 miles W of SH-115                      
S|40|WIM118|7|2|22|3R|2|T|2|3|H|2|3|G|15|T|2|5|T|2|P|N|P|600003HX0000|  9767|34637947| 98655226|0100|      |95|17|031|N|            |Y|2|0062On U|0|        |S-62, 1.30 miles W of SH-115                      
