Record_Type|Year_Record|State_Code|Station_Id|Travel_Dir|Travel_Lane|F_System|Num_Lanes|Sample_Type_Volume|Num_Lanes_Volume|Method_Volume|Sample_Type_Class|Num_Lanes_Class|Method_Class|Algorithm_Volume|Num_Classes|Sample_Type_Truck|Num_Lanes_Truck|Method_Truck|Calibration|Data_Retrieval|Type_Sensor_1|Type_Sensor_2|Primary_Purpose|LRS_Id|LRS_Point|Latitude|Longitude|SHRP_Id|Prev_Station_Id|Year_Established|Year_Discontinued|County_Code|Is_Sample|Sample_Id|NHS|Posted_Route_Signing|Posted_Signed_Route|Con_Route_Signing|Con_Signed_Route|Station_Location
S|41|001001|1|0|22|5R|1|T|1|3|N|0|0| |13|N|0|0| |0|L| |P|006600100S00|      |44952160|117941590|    |      |57|00|001|N|            |N|2|00000030|0|00000000|4.84 miles south of Union-Baker County Line       
S|41|001001|5|0|22|5R|1|T|1|3|N|0|0| |13|N|0|0| |0|L| |P|006600100S00|      |44952160|117941590|    |      |57|00|001|N|            |N|2|00000030|0|00000000|4.84 miles south of Union-Baker County Line       
S|41|001007|1|0|22|5R|1|T|1|3|N|0|0| |13|N|0|0| |0|L| |P|034000100S00|      |44861994|117775232|    |      |58|00|001|N|            |N|3|00000203|0|00000000|2.08 miles east of Old Oregon Trail Highway No. 6 
S|41|001007|5|0|22|5R|1|T|1|3|N|0|0| |13|N|0|0| |0|L| |P|034000100S00|      |44861994|117775232|    |      |58|00|001|N|            |N|3|00000203|0|00000000|2.08 miles east of Old Oregon Trail Highway No. 6 
S|41|001010|3|0|22|5R|1|T|1|3|N|0|0| |13|N|0|0| |0|L| |P|001200100S00|      |44781472|117227199|    |      |57|00|001|N|            |N|3|00000086|0|00000000|2.21 miles northwest of Dry Gulch Road            
S|41|001010|7|0|22|5R|1|T|1|3|N|0|0| |13|N|0|0| |0|L| |P|001200100S00|      |44781472|117227199|    |      |57|00|001|N|            |N|3|00000086|0|00000000|2.21 miles northwest of Dry Gulch Road            
S|41|001011|3|0|22|1R|2|T|2|3|N|0|0| |13|N|0|0| |0|L| |P|000600100S00|286650|45012428|117916276|    |      |74|00|001|Y|000I08427752|Y|1|00000084|0|00000000|0.45 mile south of south of Union-Baker County Lin
S|41|001011|7|0|22|1R|2|T|2|3|N|0|0| |13|N|0|0| |0|L| |P|000600100S00|286650|45012428|117916276|    |      |74|00|001|Y|000I08427752|Y|1|00000084|0|00000000|0.45 mile south of south of Union-Baker County Lin
S|41|001012|1|0|22|4R|1|T|1|3|N|0|0| |13|N|0|0| |0|L| |P|007100100S00|      |44742277|117835583|    |      |81|00|000|N|            |N|3|     007|0|     000|0.20 mile south of Griffin Gulch Lane             
S|41|001012|5|0|22|4R|1|T|1|3|N|0|0| |13|N|0|0| |0|L| |P|007100100S00|      |44742277|117835583|    |      |81|00|000|N|            |N|3|       7|0|       0|0.20 mile south of Griffin Gulch Lane             
S|41|001013|3|0|22|1R|2|T|2|3|N|0|0| |13| |0|0| |0|L| |P|000600100S00|309020|44697179|117695470|    |      |10|00|001|Y|000I08429802|Y|1|00000084|0|00000000|4.27 miles north of Encina Interchange            
S|41|001013|7|0|22|1R|2|T|2|3|N|0|0| |13| |0|0| |0|L| |P|000600100S00|309020|44697179|117695470|    |      |10|00|001|Y|000I08429802|Y|1|00000084|0|00000000|4.27 miles north of Encina Interchange            
S|41|001014|3|0|22|1R|2|T|2|3|N|0|0| |13| |0|0| |0|L| |P|000600100S00|336290|44492637|117365657|    |      |70|00|001|Y|000I08433576|Y|0|00000084|0|00000000|0.53 mile south of Weatherby Interchange          
S|41|001014|7|0|22|1R|2|T|2|3|N|0|0| |13| |0|0| |0|L| |P|000600100S00|336290|44492637|117365657|    |      |70|00|001|Y|000I08433576|Y|0|00000084|0|00000000|0.53 mile south of Weatherby Interchange          
S|41|002003|3|0|22|4R|1|T|1|3|N|0|0| |13| |0|0| |0|L| |P|002700100S00|      |44492290|123444980|    |      |58|00|003|N|            |N|3|00000034|0|00000000|4.67 miles southwest of Corvallis-Newport Highway 
S|41|002003|7|0|22|4R|1|T|1|3|N|0|0| |13| |0|0| |0|L| |P|002700100S00|      |44492290|123444980|    |      |58|00|003|N|            |N|3|00000034|0|00000000|4.67 miles southwest of Corvallis-Newport Highway 
S|41|002005|1|0|22|4R|1|T|1|3|N|0|0| |13| |0|0| |0|L| |P|019100100S00|      |44654700|123428963|    |      |57|00|003|Y|001019102987|N|3|00000223|0|00000000|1.41 miles south of Hoskins-Summit Road           
S|41|002005|5|0|22|4R|1|T|1|3|N|0|0| |13| |0|0| |0|L| |P|019100100S00|      |44654700|123428963|    |      |57|00|003|Y|001019102987|N|3|00000223|0|00000000|1.41 miles south of Hoskins-Summit Road           
S|41|002007|1|0|22|4R|1|T|1|3|N|0|0| |13| |0|0| |0|L| |P|009100100S00|      |44401047|123282542|    |      |54|00|003|N|            |N|3|0000099W|0|00000000|5.47 miles north of Monroe Cemetery Road          
S|41|002007|5|0|22|4R|1|T|1|3|N|0|0| |13| |0|0| |0|L| |P|009100100S00|      |44401047|123282542|    |      |54|00|003|N|            |N|3|0000099W|0|00000000|5.47 miles north of Monroe Cemetery Road          
S|41|003006|3|0|22|3R|1|T|1|3|N|0|0| |13| |0|0| |0|L| |P|002600100S00|      |45322785|121905646|    |      |95|00|005|N|            |Y|2|00000026|0|00000000|0.30 mile east of Camp Creek Rd (USFS 28)         
S|41|003006|7|0|22|3R|1|T|1|3|N|0|0| |13| |0|0| |0|L| |P|002600100S00|      |45322785|121905646|    |      |95|00|005|N|            |Y|2|00000026|0|00000000|0.30 mile east of Camp Creek Rd (USFS 28)         
S|41|003007|3|0|22|3R|2|T|2|3|N|0|0| |13| |0|0| |0|L| |P|002600100S00|      |45284315|121705611|    |      |96|00|005|N|            |Y|3|00000035|0|00000000|0.02 mile west of Warm Springs Highway No. 53 (US2
S|41|003007|7|0|22|3R|2|T|2|3|N|0|0| |13| |0|0| |0|L| |P|002600100S00|      |45284315|121705611|    |      |96|00|005|N|            |Y|3|00000035|0|00000000|0.02 mile west of Warm Springs Highway No. 53 (US2
S|41|003008|1|0|22|5R|1|T|1|3|N|0|0| |13| |0|0| |0|L| |P|017300100S00|      |45301756|121740437|    |      |95|00|005|N|            |N|3|00000173|0|00000000|0.04 mile north of Mt. Hood Highway No. 26 (US26) 
S|41|003008|5|0|22|5R|1|T|1|3|N|0|0| |13| |0|0| |0|L| |P|017300100S00|      |45301756|121740437|    |      |95|00|005|N|            |N|3|00000173|0|00000000|0.04 mile north of Mt. Hood Highway No. 26 (US26) 
S|41|003009|1|0|22|3R|1|T|1|3|N|0|0| |13| |0|0| |0|L| |P|005300100S00|      |45280850|121713720|    |      |96|00|005|N|            |Y|2|00000026|0|00000000|0.32 mile south of Mt. Hood Highway No. 26 (OR35) 
S|41|003009|5|0|22|3R|1|T|1|3|N|0|0| |13| |0|0| |0|L| |P|005300100S00|      |45280850|121713720|    |      |96|00|005|N|            |Y|2|00000026|0|00000000|0.32 mile south of Mt. Hood Highway No. 26 (OR35) 
S|41|003011|1|0|22|1R|3|T|3|3|N|0|0| |13| |0|0| |0|L| |P|000100100S00|281200|45266350|122781080|    |      |73|00|005|Y|000I00528081|Y|1|00000005|0|00000000|1.38 miles south of Wilsonville-Hubbard Highway No
S|41|003011|5|0|22|1R|3|T|3|3|N|0|0| |13| |0|0| |0|L| |P|000100100S00|281200|45266350|122781080|    |      |73|00|005|Y|000I00528081|Y|1|00000005|0|00000000|1.38 miles south of Wilsonville-Hubbard Highway No
S|41|003013|1|0|22|4R|1|T|1|3|N|0|0| |13| |0|0| |0|L| |P|016000100S00|      |45080250|122676280|    |      |58|00|005|N|            |N|3|00000213|0|00000000|2.05 miles northeast of Clackamas-Marion County Li
S|41|003013|5|0|22|4R|1|T|1|3|N|0|0| |13| |0|0| |0|L| |P|016000100S00|      |45080250|122676280|    |      |58|00|005|N|            |N|3|00000213|0|00000000|2.05 miles northeast of Clackamas-Marion County Li
S|41|003014|3|0|22|4R|1|T|1|3|N|0|0| |13| |0|0| |0|L| |P|016100100S00|      |45198220|122389140|    |      |57|00|005|N|            |N|3|00000211|0|00000000|3.17 miles northeast of Wall Street               
S|41|003014|7|0|22|4R|1|T|1|3|N|0|0| |13| |0|0| |0|L| |P|016100100S00|      |45198220|122389140|    |      |57|00|005|N|            |N|3|00000211|0|00000000|3.17 miles northeast of Wall Street               
S|41|003016|1|0|22|1U|3|T|3|3|N|0|0| |13| |0|0| |0|L| |P|006400100S00|      |45373448|122728294|    |      |69|00|005|Y|000I20528921|Y|1|00000205|0|00000000|1.99 miles east of Pacific Highway No. 1 (I-5)    
S|41|003016|5|0|22|1U|3|T|3|3|N|0|0| |13| |0|0| |0|L| |P|006400100S00|      |45373448|122728294|    |      |69|00|005|Y|000I20528921|Y|1|00000205|0|00000000|1.99 miles east of Pacific Highway No. 1 (I-5)    
S|41|003017|3|0|22|3U|2|T|2|3|N|0|0| |13| |0|0| |0|L| |P|017100100S00|      |45408450|122532810|    |      |05|00|005|N|            |Y|3|00000212|3|00000224|0.14 mile west of S.E. 130th Avenue               
S|41|003017|7|0|22|3U|2|T|2|3|N|0|0| |13| |0|0| |0|L| |P|017100100S00|      |45408450|122532810|    |      |05|00|005|N|            |Y|3|00000212|3|00000224|0.14 mile west of S.E. 130th Avenue               
S|41|003018|3|0|22|2U|2|T|2|3|N|0|0| |13| |0|0| |0|L| |P|017100100S00|      |45423230|122584620|    |      |08|00|005|Y|001017100330|Y|3|00000224|0|00000000|0.13 mile west of Johnson Road                    
S|41|003018|7|0|22|2U|2|T|2|3|N|0|0| |13| |0|0| |0|L| |P|017100100S00|      |45423230|122584620|    |      |08|00|005|Y|001017100330|Y|3|00000224|0|00000000|0.13 mile west of Johnson Road                    
S|41|003020|1|0|22|4R|2|T|2|3|N|0|0| |13| |0|0| |0|L| |P|016000100S00|      |45248170|122583990|    |      |09|00|005|N|            |N|3|00000213|0|00000000|0.94 mile south of S. Spangler Road               
S|41|003020|5|0|22|4R|1|T|1|3|N|0|0| |13| |0|0| |0|L| |P|016000100S00|      |45248170|122583990|    |      |09|00|005|N|            |N|3|00000213|0|00000000|0.94 mile south of S. Spangler Road               
S|41|003021|3|0|22|2U|2|N|2|0|N|2|0| |13| |0|0| |0|L| |P|007500100S00|      |45412685|122551127|    |      |69|00|000|N|           0|N|0|       0|0|       0|0.80 mile north of Clackamas Highway              
S|41|003021|3|1|22|2U|2|N|2|0|N|2|0| |13| |0|0| |0|L| |P|007500100S00|      |45412685|122551127|    |      |69|00|000|N|           0|N|0|       0|0|       0|0.80 mile north of Clackamas Highway              
S|41|003021|3|2|22|2U|2|N|2|0|N|2|0| |13| |0|0| |0|L| |P|007500100S00|      |45412685|122551127|    |      |69|00|000|N|           0|N|0|       0|0|       0|0.80 mile north of Clackamas Highway              
S|41|003021|7|0|22|2U|2|N|2|0|N|2|0| |13| |0|0| |0|L| |P|007500100S00|      |45412685|122551127|    |      |69|00|000|N|           0|N|0|       0|0|       0|0.80 mile north of Clackamas Highway              
S|41|003021|7|1|22|2U|2|N|2|0|N|2|0| |13| |0|0| |0|L| |P|007500100S00|      |45412685|122551127|    |      |69|00|000|N|           0|N|0|       0|0|       0|0.80 mile north of Clackamas Highway              
S|41|003021|7|2|22|2U|2|N|2|0|N|2|0| |13| |0|0| |0|L| |P|007500100S00|      |45412685|122551127|    |      |69|00|000|N|           0|N|0|       0|0|       0|0.80 mile north of Clackamas Highway              
S|41|004001|1|0|22|3R|1|T|1|3|N|0|0| |13| |0|0| |0|L| |P|000900100S00|      |46066200|123916090|    |      |57|00|007|N|            |Y|2|00000101|0|00000000|2.09 miles north of Dellmoor Loop Road            
S|41|004001|5|0|22|3R|1|T|1|3|N|0|0| |13| |0|0| |0|L| |P|000900100S00|      |46066200|123916090|    |      |57|00|007|N|            |Y|2|00000101|0|00000000|2.09 miles north of Dellmoor Loop Road            
S|41|004004|1|0|22|3U|1|T|1|3|N|0|0| |13| |0|0| |0|L| |P|000900100S00|      |46187926|123852979|    |      |95|00|007|Y|001000900367|Y|2|00000101|0|00000000|0.01 mile north of Lower Columbia River Highway No
S|41|004004|5|0|22|3U|1|T|1|3|N|0|0| |13| |0|0| |0|L| |P|000900100S00|      |46187926|123852979|    |      |95|00|007|Y|001000900367|Y|2|00000101|0|00000000|0.01 mile north of Lower Columbia River Highway No
S|41|005006|3|0|22|3R|1|T|1|3|N|0|0| |13| |0|0| |0|L| |P|009200100S00|      |46099290|123063650|    |      |55|00|009|N|            |Y|2|00000030|0|00000000|1.03 miles west of Rainier Road                   
S|41|005006|7|0|22|3R|1|T|1|3|N|0|0| |13| |0|0| |0|L| |P|009200100S00|      |46099290|123063650|    |      |55|00|009|N|            |Y|2|00000030|0|00000000|1.03 miles west of Rainier Road                   
S|41|006001|1|0|22|3R|1|T|1|3|N|0|0| |13| |0|0| |0|L| |P|000900100S00|221670|43595760|124181260|    |      |92|00|011|N|            |Y|2|00000101|0|00000000|1.09 miles south of Douglas-Coos County Line      
S|41|006001|5|0|22|3R|1|T|1|3|N|0|0| |13| |0|0| |0|L| |P|000900100S00|221670|43595760|124181260|    |      |92|00|011|N|            |Y|2|00000101|0|00000000|1.09 miles south of Douglas-Coos County Line      
S|41|006004|1|0|22|3R|1|T|1|3|N|0|0| |13| |0|0| |0|L| |P|000900100S00|275870|43093110|124415060|    |      |55|00|011|N|            |Y|2|00000101|0|00000000|1.02 miles south of 18th S.W. Street              
S|41|006004|5|0|22|3R|1|T|1|3|N|0|0| |13| |0|0| |0|L| |P|000900100S00|275870|43093110|124415060|    |      |55|00|011|N|            |Y|2|00000101|0|00000000|1.02 miles south of 18th S.W. Street              
S|41|006009|1|0|22|3R|3|T|3|3|N|0|0| |13| |0|0| |0|L| |P|000900100S00|243990|43296180|124215840|    |      |99|00|011|N|            |Y|2|00000101|0|00000000|0.28 mile north of Coos Bay-Roseburg Highway No. 3
S|41|006009|5|0|22|3R|2|T|2|3|N|0|0| |13| |0|0| |0|L| |P|000900100S00|243990|43296180|124215840|    |      |99|00|011|N|            |Y|2|00000101|0|00000000|0.28 mile north of Coos Bay-Roseburg Highway No. 3
S|41|007001|3|0|22|3R|1|T|1|3|N|0|0| |13| |0|0| |0|L| |P|004100100S00|      |44305140|120764570|    |      |55|00|013|N|            |Y|2|00000026|0|00000000|2.03 miles west of Ochoco Dam                     
S|41|007001|7|0|22|3R|1|T|1|3|N|0|0| |13| |0|0| |0|L| |P|004100100S00|      |44305140|120764570|    |      |55|00|013|N|            |Y|2|00000026|0|00000000|2.03 miles west of Ochoco Dam                     
S|41|007002|3|0|22|3R|1|T|1|3|N|0|0| |13| |0|0| |0|L| |P|004100100S00|      |44262450|121115671|    |      |07|00|013|N|            |Y|3|00000126|0|00000000|0.35 mile west of Deschutes-Crook County Line     
S|41|007002|7|0|22|3R|1|T|1|3|N|0|0| |13| |0|0| |0|L| |P|004100100S00|      |44262450|121115671|    |      |07|00|013|N|            |Y|3|00000126|0|00000000|0.35 mile west of Deschutes-Crook County Line     
S|41|008005|1|0|22|3R|1|T|1|3|N|0|0| |13| |0|0| |0|L| |P|000900100S00|362000|42012960|124216160|    |      |56|00|015|Y|001000936191|Y|2|00000101|0|00000000|1.11 miles north of Oregon-California State Line  
S|41|008005|5|0|22|3R|1|T|1|3|N|0|0| |13| |0|0| |0|L| |P|000900100S00|362000|42012960|124216160|    |      |56|00|015|Y|001000936191|Y|2|00000101|0|00000000|1.11 miles north of Oregon-California State Line  
S|41|008009|1|0|22|3R|1|T|1|3|N|0|0| |13| |0|0| |0|L| |P|000900100S00|301450|42743110|124490230|    |      |01|00|015|N|            |Y|2|00000101|0|00000000|0.11 mile southeast of Jefferson Street (Battle Ro
S|41|008009|5|0|22|3R|2|T|2|3|N|0|0| |13| |0|0| |0|L| |P|000900100S00|301450|42743110|124490230|    |      |01|00|015|N|            |Y|2|00000101|0|00000000|0.11 mile southeast of Jefferson Street (Battle Ro
S|41|009003|1|0|22|3U|2|T|2|3|N|0|0| |13| |0|0| |0|L| |P|000400100S00|142410|44006027|121325146|    |      |51|00|017|Y|001000414233|Y|2|00000097|0|00000000|0.17 mile south of China Hat Road                 
S|41|009003|5|0|22|3U|2|T|2|3|N|0|0| |13| |0|0| |0|L| |P|000400100S00|142410|44006027|121325146|    |      |51|00|017|Y|001000414233|Y|2|00000097|0|00000000|0.17 mile south of China Hat Road                 
S|41|009005|3|0|22|3R|1|T|1|3|N|0|0| |13| |0|0| |0|L| |P|000700100S00|      |44049630|121191530|    |      |52|00|017|Y|001000701242|Y|2|00000020|0|00000000|1.49 miles east of Powell Butte Road              
S|41|009005|7|0|22|3R|1|T|1|3|N|0|0| |13| |0|0| |0|L| |P|000700100S00|      |44049630|121191530|    |      |52|00|017|Y|001000701242|Y|2|00000020|0|00000000|1.49 miles east of Powell Butte Road              
S|41|009007|1|0|22|3U|2|T|2|3|N|0|0| |13| |0|0| |0|L| |P|000400100S00|135950|44083230|121301070|    |      |98|00|017|Y|001000413546|Y|2|00000097|0|00000000|0.49 mile south of Empire Avenue                  
S|41|009007|5|0|22|3U|2|T|2|3|N|0|0| |13| |0|0| |0|L| |P|000400100S00|135950|44083230|121301070|    |      |98|00|017|Y|001000413546|Y|2|00000097|0|00000000|0.49 mile south of Empire Avenue                  
S|41|009009|1|0|22|3U|2|T|2|3|N|0|0| |13| |0|0| |0|L| |P|000400100S00|137360|44064440|121307220|    |      |99|00|017|Y|001004013700|Y|2|00000097|0|00000000|0.23 mile south of Revere Avenue                  
S|41|009009|5|0|22|3U|2|T|2|3|N|0|0| |13| |0|0| |0|L| |P|000400100S00|137360|44064440|121307220|    |      |99|00|017|Y|001004013700|Y|2|00000097|0|00000000|0.23 mile south of Revere Avenue                  
S|41|009014|3|0|22|3R|1|T|1|3|N|0|0| |13| |0|0| |0|L| |P|001600100S00|      |44375100|121636130|    |      |57|00|017|N|            |Y|2|00000020|3|00000126|0.31 mile south of Black Butte Ranch Road         
S|41|009014|7|0|22|3R|1|T|1|3|N|0|0| |13| |0|0| |0|L| |P|001600100S00|      |44375100|121636130|    |      |57|00|017|N|            |Y|2|00000020|3|00000126|0.31 mile south of Black Butte Ranch Road         
S|41|009015|3|0|22|3R|1|T|1|3|N|0|0| |13| |0|0| |0|L| |P|001700100S00|      |44201360|121404660|    |      |03|00|017|N|            |Y|2|00000020|0|00000000|0.47 mile northwest of Innes Market Road          
S|41|009015|7|0|22|3R|1|T|1|3|N|0|0| |13| |0|0| |0|L| |P|001700100S00|      |44201360|121404660|    |      |03|00|017|N|            |Y|2|00000020|0|00000000|0.47 mile northwest of Innes Market Road          
S|41|009020|1|0|22|3U|2|T|2|3|N|0|0| |13| |0|0| |0|L| |P|000400100S00|124390|44232450|121202870|    |      |94|00|017|Y|001000412360|Y|2|00000097|0|00000000|0.79 miles south of Yew Avenue                    
S|41|009020|5|0|22|3U|2|T|2|3|N|0|0| |13| |0|0| |0|L| |P|000400100S00|124390|44232450|121202870|    |      |94|00|017|Y|001000412360|Y|2|00000097|0|00000000|0.79 miles south of Yew Avenue                    
S|41|009021|3|0|22|3R|1|T|1|3|N|0|0| |13| |0|0| |0|L| |P|001500100S00|108270|44272950|121246130|    |      |07|00|017|N|            |Y|3|00000126|0|00000000|1.38 miles west of S.W. Helmholtz Way (S.W. 43rd S
S|41|009021|7|0|22|3R|1|T|1|3|N|0|0| |13| |0|0| |0|L| |P|001500100S00|108270|44272950|121246130|    |      |07|00|017|N|            |Y|3|00000126|0|00000000|1.38 miles west of S.W. Helmholtz Way (S.W. 43rd S
S|41|009022|1|0|22|3U|2|T|2|3|N|0|0| |13| |0|0| |0|L| |P|000400100S00|120920|44276680|121168820|    |      |09|00|017|N|            |Y|2|00000097|0|00000000|0.04 mile north of S.W. Antler Avenue             
S|41|009022|5|0|22|3U|2|T|2|3|N|0|0| |13| |0|0| |0|L| |P|000400100S00|120920|44276680|121168820|    |      |09|00|017|N|            |Y|2|00000097|0|00000000|0.04 mile north of S.W. Antler Avenue             
S|41|009023|1|0|22|3U|2|T|2|3|N|0|0| |13| |0|0| |0|L| |P|000400100S00|119090|44304610|121173160|    |      |09|00|017|N|            |Y|2|00000097|0|00000000|0.57 mile south of O'Neil Highway No. 370         
S|41|009023|5|0|22|3U|2|T|2|3|N|0|0| |13| |0|0| |0|L| |P|000400100S00|119090|44304610|121173160|    |      |09|00|017|N|            |Y|2|00000097|0|00000000|0.57 mile south of O'Neil Highway No. 370         
S|41|009024|3|0|22|3R|1|T|1|3|N|0|0| |13| |0|0| |0|L| |P|000700100S00|      |43674450|120237830|    |      |08|00|017|Y|001000706200|Y|2|00000020|0|00000000|5.80 miles northwest of Deschutes-Lake County Line
S|41|009024|7|0|22|3R|1|T|1|3|N|0|0| |13| |0|0| |0|L| |P|000700100S00|      |43674450|120237830|    |      |08|00|017|Y|001000706200|Y|2|00000020|0|00000000|5.80 miles northwest of Deschutes-Lake County Line
S|41|009025|1|0|22|3U|2|T|2|3|N|0|0| |13| |0|0| |0|L| |P|000400100S00|140450|44022410|121318770|    |      |10|00|017|N|            |Y|2|00000097|0|00000000|0.07 mile north of Pinebrook Boulevard            
S|41|009025|5|0|22|3U|2|T|2|3|N|0|0| |13| |0|0| |0|L| |P|000400100S00|140450|44022410|121318770|    |      |10|00|017|N|            |Y|2|00000097|0|00000000|0.07 mile north of Pinebrook Boulevard            
S|41|010003|3|0|22|3R|1|T|1|3|N|1|0| |13| |1|0| |0|A| |P|004500100S00|      |43660180|123720520|    |      |56|00|000|N|            |N|3|      38|0|       0|7.08 miles east of Scottsburg West Road           
S|41|010003|7|0|22|3R|1|T|1|3|N|1|0| |13| |1|0| |0|A| |P|004500100S00|      |43660180|123720520|    |      |56|00|000|N|            |N|3|      38|0|       0|7.08 miles east of Scottsburg West Road           
S|41|010004|3|0|22|4R|1|T|1|3|N|0|0| |13| |0|0| |0|L| |P|013800100S00|      |43298020|122908270|    |      |67|00|019|N|            |N|3|00000138|0|00000000|0.10 mile west of Susan Creek Road                
S|41|010004|7|0|22|4R|2|T|2|3|N|0|0| |13| |0|0| |0|L| |P|013800100S00|      |43298020|122908270|    |      |67|00|019|N|            |N|3|00000138|0|00000000|0.10 mile west of Susan Creek Road                
S|41|010005|1|0|22|1U|2|T|2|3|N|2|0| |13|N|0|0| |0|L| |P|000100100S00|129750|43298954|123350034|    |      |99|00|000|N|            |N|1|       5|0|       0|0.53 mile north of Winchester Interchange         
S|41|010005|5|0|22|1U|3|T|3|3|H|3|3|L|15|N|0|0| |2|L| |P|000100100S00|129750|43298954|123350034|    |      |99|00|197|N|            |N|1|      81|2|      11|0.80 S Ramp Fr Exit 77                            
S|41|010006|3|0|22|3R|1|T|1|3|N|1|0| |13| |1|0| |0|A| |P|003500100S00|      |43106100|123464720|    |      |57|00|000|N|            |N|3|      42|0|       0|1.22 miles west of Brockway Road                  
S|41|010006|7|0|22|3R|1|T|1|3|N|1|0| |13| |1|0| |0|A| |P|003500100S00|      |43106100|123464720|    |      |57|00|000|N|            |N|3|      42|0|       0|1.22 miles west of Brockway Road                  
S|41|010007|1|0|22|1R|2|T|2|3|N|0|0| |13| |0|0| |0|L| |P|000100100S00|145390|43501640|123321650|    |      |56|00|019|Y|000I00514465|Y|1|00000005|0|00000000|5.06 miles north of OR99                          
S|41|010007|5|0|22|1R|2|T|2|3|N|0|0| |13| |0|0| |0|L| |P|000100100S00|145390|43501640|123321650|    |      |56|00|019|Y|000I00514465|Y|1|00000005|0|00000000|5.06 miles north of OR99                          
S|41|010008|1|0|22|1R|2|T|2|3|N|0|0| |13| |0|0| |0|L| |P|000100100S00|      |42931550|123283360|    |      |08|00|019|Y|000I00509828|Y|1|00000005|0|00000000|0.54 mile north of Canyonville/Days Creek Intercha
S|41|010008|5|0|22|1R|2|T|2|3|N|0|0| |13| |0|0| |0|L| |P|000100100S00|      |42931550|123283360|    |      |08|00|019|Y|000I00509828|Y|1|00000005|0|00000000|0.54 mile north of Canyonville/Days Creek Intercha
S|41|010010|1|0|22|1R|2|N|2|0|N|0|0| |13| |0|0| |0|L| |P|000100100S00|151570|43578069|123264077|    |      |69|00|019|Y|000000000000|Y|1|00000005|3|00000099|0.20 miles south of Wilson Rd overpass            
S|41|010010|5|0|22|1R|2|N|2|0|N|0|0| |13| |0|0| |0|L| |P|000100100S00|151570|43578069|123264077|    |      |69|00|019|Y|000000000000|Y|1|00000005|3|00000099|0.20 miles south of Wilson Rd overpass            
S|41|011004|3|0|22|5R|1|T|1|3|N|0|0| |13| |0|0| |0|L| |P|030000100S00|      |45232040|120169140|    |      |58|00|021|N|            |N|3|00000206|0|00000000|0.86 mile east of John Day Highway No. 5 (OR19)   
S|41|011004|7|0|22|5R|1|T|1|3|N|0|0| |13| |0|0| |0|L| |P|030000100S00|      |45232040|120169140|    |      |58|00|021|N|            |N|3|00000206|0|00000000|0.86 mile east of John Day Highway No. 5 (OR19)   
S|41|011007|1|0|22|4R|1|T|1|3|N|0|0| |13| |0|0| |0|L| |P|000500100S00|      |45644785|120167843|    |      |57|00|021|Y|001000500398|N|3|00000019|0|00000000|6.81 miles south of Columbia River Highway No. 2 (
S|41|011007|5|0|22|4R|1|T|1|3|N|0|0| |13| |0|0| |0|L| |P|000500100S00|      |45644785|120167843|    |      |57|00|021|Y|001000500398|N|3|00000019|0|00000000|6.81 miles south of Columbia River Highway No. 2 (
S|41|011009|3|0|22|1R|2|T|2|3|N|2|0| |13| |2|0| |0|A| |P|000200100S00|147780|45790405|120030624|    |      |06|00|000|N|000I08414735|N|1|      84|0|       0|0.43 mile east of Heppner Highway No. 52 (OR74)   
S|41|011009|7|0|22|1R|2|T|2|3|N|2|0| |13| |2|0| |0|A| |P|000200100S00|147780|45790405|120030624|    |      |06|00|000|N|000I08414735|N|1|      84|0|       0|0.43 mile east of Heppner Highway No. 52 (OR74)   
S|41|012003|3|0|22|3R|1|T|1|3|N|0|0| |13| |0|0| |0|L| |P|000500100S00|131400|44465320|119529320|    |      |57|00|023|Y|001000513114|Y|2|00000026|0|00000000|1.05 miles east of Franks Creek Road in Dayville  
S|41|012003|7|0|22|3R|1|T|1|3|N|0|0| |13| |0|0| |0|L| |P|000500100S00|131400|44465320|119529320|    |      |57|00|023|Y|001000513114|Y|2|00000026|0|00000000|1.05 miles east of Franks Creek Road in Dayville  
S|41|012006|1|0|22|3R|1|T|1|3|N|0|0| |13| |0|0| |0|L| |P|002800100S00|      |44720220|119103810|    |      |58|00|023|Y|001002808975|Y|2|00000395|0|00000000|0.62 mile south of bridge over Long Creek         
S|41|012006|5|0|22|3R|1|T|1|3|N|0|0| |13| |0|0| |0|L| |P|002800100S00|      |44720220|119103810|    |      |58|00|023|Y|001002808975|Y|2|00000395|0|00000000|0.62 mile south of bridge over Long Creek         
S|41|012009|3|0|22|3R|1|T|1|3|N|0|0| |13| |0|0| |0|L| |P|000500100S00|175790|44463740|118698810|    |      |81|00|023|Y|500000175590|Y|2|00000026|0|00000000|0.53 mile east of Main Street in Prairie City     
S|41|012009|7|0|22|3R|1|T|1|3|N|0|0| |13| |0|0| |0|L| |P|000500100S00|175790|44463740|118698810|    |      |81|00|023|Y|500000175590|Y|2|00000026|0|00000000|0.53 mile east of Main Street in Prairie City     
S|41|013001|1|0|22|3R|1|T|1|3|N|0|0| |13| |0|0| |0|L| |P|004800100S00|      |43628980|119004930|    |      |58|00|025|N|            |Y|2|00000395|0|00000000|1.31 mile north of Central Oregon Highway No. 7 (U
S|41|013001|5|0|22|3R|1|T|1|3|N|0|0| |13| |0|0| |0|L| |P|004800100S00|      |43628980|119004930|    |      |58|00|025|N|            |Y|2|00000395|0|00000000|1.31 mile north of Central Oregon Highway No. 7 (U
S|41|013003|3|0|22|3R|1|T|1|3|N|0|0| |13| |0|0| |0|L| |P|000700100S00|126600|43526430|119084380|    |      |58|00|025|N|            |Y|2|00000020|0|00000000|0.04 mile northeast of Greenhouse Lane, southwest 
S|41|013003|7|0|22|3R|1|T|1|3|N|0|0| |13| |0|0| |0|L| |P|000700100S00|126600|43526430|119084380|    |      |58|00|025|N|            |Y|2|00000020|0|00000000|0.04 mile northeast of Greenhouse Lane, southwest 
S|41|013005|1|0|22|4R|1|T|1|3|N|0|0| |13| |0|0| |0|L| |P|044000100S00|      |43585720|119020080|    |      |02|00|025|Y|001044000000|N|3|00000205|0|00000000|0.01 mile south of Steens Highway No. 442 (OR78)  
S|41|013005|5|0|22|4R|1|T|1|3|N|0|0| |13| |0|0| |0|L| |P|044000100S00|      |43585720|119020080|    |      |02|00|025|Y|001044000000|N|3|00000205|0|00000000|0.01 mile south of Steens Highway No. 442 (OR78)  
S|41|013007|3|0|22|4R|1|T|1|3|N|0|0| |13| |0|0| |0|L| |P|044200100S00|      |43585860|119020670|    |      |02|00|025|N|            |N|3|00000078|0|00000000|0.03 mile west of Frenchglen Highway No. 440 (OR20
S|41|013007|7|0|22|4R|1|T|1|3|N|0|0| |13| |0|0| |0|L| |P|044200100S00|      |43585860|119020670|    |      |02|00|025|N|            |N|3|00000078|0|00000000|0.03 mile west of Frenchglen Highway No. 440 (OR20
S|41|014003|1|0|22|3R|1|T|1|3|N|0|0| |13| |0|0| |0|L| |P|002600100S00|      |45508310|121563540|    |      |68|00|027|N|            |Y|3|00000035|0|00000000|2.12 miles south of Hood River Highway No. 281    
S|41|014003|5|0|22|3R|1|T|1|3|N|0|0| |13| |0|0| |0|L| |P|002600100S00|      |45508310|121563540|    |      |68|00|027|N|            |Y|3|00000035|0|00000000|2.12 miles south of Hood River Highway No. 281    
S|41|014004|3|0|22|1R|2|T|2|3|N|0|0| |13| |0|0| |0|L| |P|000200100S00|      |45674992|121868055|    |      |10|00|027|Y|000I08404524|Y|1|00000084|0|00000000|0.20 mile east of East Cascade Locks Interchange  
S|41|014004|7|0|22|1R|2|T|2|3|N|0|0| |13| |0|0| |0|L| |P|000200100S00|      |45674992|121868055|    |      |10|00|027|Y|000I08404524|Y|1|00000084|0|00000000|0.20 mile east of East Cascade Locks Interchange  
S|41|015001|1|0|22|1R|2|T|2|3|N|0|0| |13| |0|0| |0|L| |P|000100100S00|      |42432410|123080950|    |      |69|00|029|Y|000I00504083|Y|1|00000005|0|00000000|2.77 miles south of the Valley of the Rogue Bridge
S|41|015001|5|0|22|1R|2|T|2|3|N|0|0| |13| |0|0| |0|L| |P|000100100S00|      |42432410|123080950|    |      |69|00|029|Y|000I00504083|Y|1|00000005|0|00000000|2.77 miles south of the Valley of the Rogue Bridge
S|41|015002|1|0|22|1R|2|T|2|3|N|0|0| |13| |0|0| |0|L| |P|000100100S00|      |42146013|122638982|    |      |65|00|029|Y|000I00500532|Y|1|00000005|0|00000000|0.86 mile south of Rogue Valley Highway No. 63 Int
S|41|015002|5|0|22|1R|3|T|3|3|N|0|0| |13| |0|0| |0|L| |P|000100100S00|      |42146013|122638982|    |      |65|00|029|Y|000I00500532|Y|1|00000005|0|00000000|0.86 mile south of Rogue Valley Highway No. 63 Int
S|41|015007|3|0|22|4R|1|T|1|3|N|0|0| |13| |0|0| |0|L| |P|002100100S00|      |42131390|122609370|    |      |56|00|029|N|            |N|3|00000066|0|00000000|0.15 mile east of Siskiyou Highway No. 273 (OR273)
S|41|015007|7|0|22|4R|1|T|1|3|N|0|0| |13| |0|0| |0|L| |P|002100100S00|      |42131390|122609370|    |      |56|00|029|N|            |N|3|00000066|0|00000000|0.15 mile east of Siskiyou Highway No. 273 (OR273)
S|41|015011|3|0|22|4R|1|T|1|3|N|0|0| |13| |0|0| |0|L| |P|027200100S00|      |42235300|123052220|    |      |57|00|029|N|            |N|3|00000238|0|00000000|0.68 mile west of Applegate Road at Ruch          
S|41|015011|7|0|22|4R|1|T|1|3|N|0|0| |13| |0|0| |0|L| |P|027200100S00|      |42235300|123052220|    |      |57|00|029|N|            |N|3|00000238|0|00000000|0.68 mile west of Applegate Road at Ruch          
S|41|015013|3|0|22|4R|2|T|2|3|N|0|0| |13| |0|0| |0|L| |P|002200100S00|      |42548120|122810120|    |      |56|00|029|N|            |N|3|00000062|0|00000000|1.83 miles north of Sams Valley Highway No. 271 (O
S|41|015013|7|0|22|4R|1|T|1|3|N|0|0| |13| |0|0| |0|L| |P|002200100S00|      |42548120|122810120|    |      |56|00|029|N|            |N|3|00000062|0|00000000|1.83 miles north of Sams Valley Highway No. 271 (O
S|41|015014|1|0|22|3U|2|T|2|3|N|0|0| |13| |0|0| |0|L| |P|006300100S00|      |42231340|122759150|    |      |58|00|029|N|            |Y|3|00000099|0|00000000|0.33 mile northwest of Talent Avenue              
S|41|015014|5|0|22|3U|2|T|2|3|N|0|0| |13| |0|0| |0|L| |P|006300100S00|      |42231340|122759150|    |      |58|00|029|N|            |Y|3|00000099|0|00000000|0.33 mile northwest of Talent Avenue              
S|41|015017|3|0|22|3U|2|T|2|3|N|0|0| |13| |0|0| |0|L| |P|002200100S00|      |42356080|122866920|    |      |95|00|029|Y|010022001000|Y|3|00000062|0|00000000|0.64 mile east of Pacific Highway No. 1 (I-5)     
S|41|015017|7|0|22|3U|2|T|2|3|N|0|0| |13| |0|0| |0|L| |P|002200100S00|      |42356080|122866920|    |      |95|00|029|Y|010022001000|Y|3|00000062|0|00000000|0.64 mile east of Pacific Highway No. 1 (I-5)     
S|41|015019|1|0|22|1U|2|T|2|3|N|0|0| |13| |0|0| |0|L| |P|000100100S00|      |42323230|122865600|    |      |67|00|029|Y|000I00502758|Y|1|00000005|0|00000000|1.96 mile southeast of the South Medford Interchan
S|41|015019|5|0|22|1U|2|T|2|3|N|0|0| |13| |0|0| |0|L| |P|000100100S00|      |42323230|122865600|    |      |67|00|029|Y|000I00502758|Y|1|00000005|0|00000000|1.96 mile southeast of the South Medford Interchan
S|41|015020|3|0|22|3R|1|T|1|3|N|0|0| |13| |0|0| |0|L| |P|027000100S00|      |42422300|122579530|    |      |66|00|029|N|            |Y|3|00000140|0|00000000|1.27 miles east of Lake Creek Loop (east junction)
S|41|015020|7|0|22|3R|1|T|1|3|N|0|0| |13| |0|0| |0|L| |P|027000100S00|      |42422300|122579530|    |      |66|00|029|N|            |Y|3|00000140|0|00000000|1.27 miles east of Lake Creek Loop (east junction)
S|41|015021|1|0|22|1U|2|N|2|0|H|2|3|K|13|B|2|4|C|1|E| |P|000100100S00|      |42222034|122724789|    |      |99|00|029|Y|000000000000|Y|1|00000005|0|00000000|0.98 mile south of North Ashland Interchange      
S|41|015021|5|0|22|1U|2|N|2|0|H|2|3|K|13|B|2|4|C|1|E| |P|000100100S00|      |42222034|122724789|    |      |99|00|029|Y|000000000000|Y|1|00000005|0|00000000|0.98 mile south of North Ashland Interchange      
S|41|016002|1|0|22|3R|1|T|1|3|N|0|0| |13| |0|0| |0|L| |P|000400100S00|      |44611770|121136690|    |      |52|00|031|N|            |Y|2|00000097|2|00000026|0.18 mile north of Madras-Prineville Highway No. 3
S|41|016002|5|0|22|3R|1|T|1|3|N|0|0| |13| |0|0| |0|L| |P|000400100S00|      |44611770|121136690|    |      |52|00|031|N|            |Y|2|00000097|2|00000026|0.18 mile north of Madras-Prineville Highway No. 3
S|41|016006|3|0|22|3R|1|T|1|3|N|0|0| |13| |0|0| |0|L| |P|005300100S00|113170|44697680|121159730|    |      |58|00|031|N|            |Y|2|00000026|0|00000000|4.54 miles northwest of The Dalles-California High
S|41|016006|7|0|22|3R|1|T|1|3|N|0|0| |13| |0|0| |0|L| |P|005300100S00|113170|44697680|121159730|    |      |58|00|031|N|            |Y|2|00000026|0|00000000|4.54 miles northwest of The Dalles-California High
S|41|017001|1|0|22|1R|2|T|2|3|N|0|0| |13| |0|0| |0|L| |P|000100100S00|      |42536680|123370090|    |      |38|00|033|Y|000I00506145|Y|1|00000005|0|00000000|2.08 miles south of Monument Drive (Jump Off Joe) 
S|41|017001|5|0|22|1R|2|T|2|3|N|0|0| |13| |0|0| |0|L| |P|000100100S00|      |42536680|123370090|    |      |38|00|033|Y|000I00506145|Y|1|00000005|0|00000000|2.08 miles south of Monument Drive (Jump Off Joe) 
S|41|017003|1|0|22|3R|1|T|1|3|N|1|0| |13| |1|0| |0|A| |P|002500100S00|      |42002140|123722840|    |      |69|00|000|N|  1002503812|N|2|     199|0|       0|0.37 mile north of Oregon-California State Line   
S|41|017003|5|0|22|3R|1|T|1|3|N|1|0| |13| |1|0| |0|A| |P|002500100S00|      |42002140|123722840|    |      |69|00|000|N|  1002503812|N|2|     199|0|       0|0.37 mile north of Oregon-California State Line   
S|41|017005|1|0|22|3R|2|T|2|3|N|0|0| |13| |0|0| |0|L| |P|002500100S00|      |42411760|123417350|    |      |02|00|033|N|            |Y|2|00000199|0|00000000|0.50 mile east of Redwood Avenue                  
S|41|017005|5|0|22|3R|2|T|2|3|N|0|0| |13| |0|0| |0|L| |P|002500100S00|      |42411760|123417350|    |      |02|00|033|N|            |Y|2|00000199|0|00000000|0.50 mile east of Redwood Avenue                  
S|41|018006|1|0|22|3R|1|T|1|3|N|1|0| |13| |1|0| |0|A| |P|000400100S00|204650|43197849|121779985|    |      |57|00|000|N|            |N|2|      97|0|       0|0.40 miles south of Chemult Dump Road             
S|41|018006|5|0|22|3R|1|T|1|3|N|1|0| |13| |1|0| |0|A| |P|000400100S00|204650|43197849|121779985|    |      |57|00|000|N|            |N|2|      97|0|       0|0.40 miles south of Chemult Dump Road             
S|41|018017|3|0|22|3R|1|T|1|3|N|0|0| |13| |0|0| |0|L| |P|002000100S00|      |42440180|121196830|    |      |58|00|035|N|            |Y|3|00000140|0|00000000|4.20 miles east of Yellow Jacket Springs Road at B
S|41|018017|7|0|22|3R|1|T|1|3|N|0|0| |13| |0|0| |0|L| |P|002000100S00|      |42440180|121196830|    |      |58|00|035|N|            |Y|3|00000140|0|00000000|4.20 miles east of Yellow Jacket Springs Road at B
S|41|018018|1|0|22|3U|2|T|2|3|N|0|0| |13| |0|0| |0|L| |P|005000100S00|      |42225250|121758590|    |      |99|00|035|Y|0010050X0446|Y|3|00000039|2|00097Bus|0.46 mile south of Main Street                    
S|41|018018|5|0|22|3U|2|T|2|3|N|0|0| |13| |0|0| |0|L| |P|005000100S00|      |42225250|121758590|    |      |99|00|035|Y|0010050X0446|Y|3|00000039|2|00097Bus|0.46 mile south of Main Street                    
S|41|018019|1|0|22|3R|1|T|1|3|N|0|0| |13| |0|0| |0|L| |P|000400100S00|291730|42003340|121889130|    |      |55|00|035|Y|001000428287|Y|2|00000097|0|00000000|At the Oregon-California State Line               
S|41|018019|5|0|22|3R|1|T|1|3|N|0|0| |13| |0|0| |0|L| |P|000400100S00|291730|42003340|121889130|    |      |55|00|035|Y|001000428287|Y|2|00000097|0|00000000|At the Oregon-California State Line               
S|41|018020|3|0|22|3R|1|T|1|3|N|0|0| |13| |0|0| |0|L| |P|005000100S00|      |42024130|121558350|    |      |58|00|035|N|            |Y|3|00000039|0|00000000|0.36 mile west of Hatfield Highway No. 426 (OR39) 
S|41|018020|7|0|22|3R|1|T|1|3|N|0|0| |13| |0|0| |0|L| |P|005000100S00|      |42024130|121558350|    |      |58|00|035|N|            |Y|3|00000039|0|00000000|0.36 mile west of Hatfield Highway No. 426 (OR39) 
S|41|018021|3|0|22|5R|1|T|1|3|N|0|0| |13| |0|0| |0|L| |P|002200100S00|      |42697090|121977670|    |      |58|00|035|N|            |N|3|00000062|0|00000000|0.28 mile northwest of Sun Mountain Road          
S|41|018021|7|0|22|5R|1|T|1|3|N|0|0| |13| |0|0| |0|L| |P|002200100S00|      |42697090|121977670|    |      |58|00|035|N|            |N|3|00000062|0|00000000|0.28 mile northwest of Sun Mountain Road          
S|41|018022|1|0|22|3R|1|T|1|3|N|0|0| |13| |0|0| |0|L| |P|000400100S00|254300|42494890|121878210|    |      |01|00|035|N|            |Y|2|00000097|0|00000000|3.53 miles north of Modoc Point Road              
S|41|018022|5|0|22|3R|1|T|1|3|N|0|0| |13| |0|0| |0|L| |P|000400100S00|254300|42494890|121878210|    |      |01|00|035|N|            |Y|2|00000097|0|00000000|3.53 miles north of Modoc Point Road              
S|41|018023|1|0|22|3R|1|T|1|3|N|1|0| |13| |1|0| |0|A| |P|000400100S00|243220|42654500|121877640|    |      |08|00|000|N|            |N|2|      97|0|       0|4.32 miles north of Chiloquin Highway No. 422     
S|41|018023|5|0|22|3R|1|T|1|3|N|1|0| |13| |1|0| |0|A| |P|000400100S00|243220|42654500|121877640|    |      |08|00|000|N|            |N|2|      97|0|       0|4.32 miles north of Chiloquin Highway No. 422     
S|41|018024|3|0|22|3U|1|T|1|3|N|0|0| |13| |0|0| |0|Z| |P|042400100S00|      |42175151|121758073|    |      |12|00|035|N|000000000000|Y|3|00000140|0|00000000|At Washburn Way                                   
S|41|018024|7|0|22|3U|1|T|1|3|N|0|0| |13| |0|0| |0|Z| |P|042400100S00|      |42175151|121758073|    |      |12|00|035|N|000000000000|Y|3|00000140|0|00000000|At Washburn Way                                   
S|41|019004|1|0|22|3R|1|T|1|3|N|0|0| |13| |0|0| |0|L| |P|001900100S00|120830|42479940|120282150|    |      |55|00|037|Y|190000120570|Y|2|00000395|0|00000000|0.26 mile south of Lakeview-Burns Highway No. 49 (
S|41|019004|5|0|22|3R|1|T|1|3|N|0|0| |13| |0|0| |0|L| |P|001900100S00|120830|42479940|120282150|    |      |55|00|037|Y|190000120570|Y|2|00000395|0|00000000|0.26 mile south of Lakeview-Burns Highway No. 49 (
S|41|019008|1|0|22|3R|1|T|1|3|N|0|0| |13| |0|0| |0|L| |P|001900100S00|157430|41996540|120298060|    |      |58|00|037|Y|001001914865|Y|2|00000395|0|00000000|0.30 mile north of Oregon-California State Line   
S|41|019008|5|0|22|3R|1|T|1|3|N|0|0| |13| |0|0| |0|L| |P|001900100S00|157430|41996540|120298060|    |      |58|00|037|Y|001001914865|Y|2|00000395|0|00000000|0.30 mile north of Oregon-California State Line   
S|41|019010|1|0|22|4R|1|T|1|3|N|1|0| |13| |1|0| |0|A| |P|001900100S00|      |43127610|121005920|    |      |58|00|000|N|  1001905073|N|3|      31|0|       0|2.25 miles southeast of 1st Street                
S|41|019010|5|0|22|4R|1|T|1|3|N|1|0| |13| |1|0| |0|A| |P|001900100S00|      |43127610|121005920|    |      |58|00|000|N|  1001905073|N|3|      31|0|       0|2.25 miles southeast of 1st Street                
S|41|020004|3|0|22|5R|1|T|1|3|N|0|0| |13| |0|0| |0|L| |P|022900100S00|      |44145900|123392840|    |      |68|00|039|N|            |N|3|00000036|0|00000000|2.36 miles southwest of Goldson Road              
S|41|020004|7|0|22|5R|1|T|1|3|N|0|0| |13| |0|0| |0|L| |P|022900100S00|      |44145900|123392840|    |      |68|00|039|N|            |N|3|00000036|0|00000000|2.36 miles southwest of Goldson Road              
S|41|020005|3|0|22|3R|1|T|1|3|N|0|0| |13| |0|0| |0|L| |P|006200100S00|      |44049440|123412780|    |      |60|00|039|N|            |Y|3|00000126|0|00000000|3.06 miles west of Territorial Highway No. 200 (OR
S|41|020005|7|0|22|3R|1|T|1|3|N|0|0| |13| |0|0| |0|L| |P|006200100S00|      |44049440|123412780|    |      |60|00|039|N|            |Y|3|00000126|0|00000000|3.06 miles west of Territorial Highway No. 200 (OR
S|41|020008|3|0|22|1U|3|T|3|3|N|0|0| |13| |0|0| |0|L| |P|022700100S00|      |44062780|123062650|    |      |60|00|039|Y|000I10500235|Y|1|00000105|0|00000000|0.66 mile west of Pacific Highway No. 1 (I-5) in E
S|41|020008|7|0|22|1U|3|T|3|3|N|0|0| |13| |0|0| |0|L| |P|022700100S00|      |44062780|123062650|    |      |60|00|039|Y|000I10500235|Y|1|00000105|0|00000000|0.66 mile west of Pacific Highway No. 1 (I-5) in E
S|41|020010|3|0|22|3R|1|T|1|3|N|0|0| |13| |0|0| |0|L| |P|001500100S00|      |44131690|122524900|    |      |58|00|039|N|            |Y|3|00000126|0|00000000|2.74 miles east of S. Gate Creek Road             
S|41|020010|7|0|22|3R|1|T|1|3|N|0|0| |13| |0|0| |0|L| |P|001500100S00|      |44131690|122524900|    |      |58|00|039|N|            |Y|3|00000126|0|00000000|2.74 miles east of S. Gate Creek Road             
S|41|020011|3|0|22|2U|3|T|3|3|N|3|0| |13| |0|0| |0|L| |P|006900100S00|      |44086450|123061270|    |      |69|00|039|Y|000000000000|Y|3|00000569|0|00000000|0.76 mile west of Pacific Highway No. 1  (i-5)    
S|41|020011|7|0|22|2U|3|T|3|3|N|3|0| |13| |0|0| |0|L| |P|006900100S00|      |44086450|123061270|    |      |69|00|039|Y|000000000000|Y|3|00000569|0|00000000|0.76 mile west of Pacific Highway No. 1  (i-5)    
S|41|020017|3|0|22|3R|1|T|1|3|N|0|0| |13| |0|0| |0|L| |P|001800100S00|      |43729300|122436930|    |      |53|00|039|N|            |Y|3|00000058|0|00000000|0.10 mile east of Kitson Springs Road             
S|41|020017|7|0|22|3R|1|T|1|3|N|0|0| |13| |0|0| |0|L| |P|001800100S00|      |43729300|122436930|    |      |53|00|039|N|            |Y|3|00000058|0|00000000|0.10 mile east of Kitson Springs Road             
S|41|020020|1|0|22|1R|2|T|2|3|N|0|0| |13| |0|0| |0|L| |P|000100100S00|169250|43750420|123114050|    |      |01|00|039|Y|000I00516846|Y|1|00000005|0|00000000|1.24 miles northeast of Douglas-Lane County Line  
S|41|020020|5|0|22|1R|2|T|2|3|N|0|0| |13| |0|0| |0|L| |P|000100100S00|169250|43750420|123114050|    |      |01|00|039|Y|000I00516846|Y|1|00000005|0|00000000|1.24 miles northeast of Douglas-Lane County Line  
S|41|020023|1|0|22|4R|1|T|1|3|N|0|0| |13| |0|0| |0|L| |P|020000100S00|      |44134660|123321830|    |      |61|00|039|N|            |N|3|00000200|0|00000000|3.46 miles south of Mapleton-Junction City Highway
S|41|020023|5|0|22|4R|1|T|1|3|N|0|0| |13| |0|0| |0|L| |P|020000100S00|      |44134660|123321830|    |      |61|00|039|N|            |N|3|00000200|0|00000000|3.46 miles south of Mapleton-Junction City Highway
S|41|020024|1|0|22|3U|2|T|2|3|N|0|0| |13| |0|0| |0|L| |P|009100100S00|115280|44144958|123200267|    |      |09|00|039|N|            |Y|3|00000099|0|00000000|1.00 mile south of Meadowview Road                
S|41|020024|5|0|22|3U|2|T|2|3|N|0|0| |13| |0|0| |0|L| |P|009100100S00|115280|44144958|123200267|    |      |09|00|039|N|            |Y|3|00000099|0|00000000|1.00 mile south of Meadowview Road                
S|41|020025|1|0|22|1U|2|T|2|3|N|0|0| |13| |0|0| |0|L| |P|000100100S00|190920|44029511|123029858|    |      |10|00|039|Y|000I00519074|Y|1|00000005|0|00000000|1.06 mile south of Glenwood Interchange           
S|41|020025|5|0|22|1U|2|T|2|3|N|0|0| |13| |0|0| |0|L| |P|000100100S00|190920|44029511|123029858|    |      |10|00|039|Y|000I00519074|Y|1|00000005|0|00000000|1.06 mile south of Glenwood Interchange           
S|41|020026|1|0|22|3R|1|T|1|3|N|0|0| |13| |0|0| |0|L| |P|000900100S00|186460|44028303|124100609|    |      |10|00|039|N|            |Y|2|00000101|0|00000000|0.77 mile north of Heceta Beach Road              
S|41|020026|5|0|22|3R|1|T|1|3|N|0|0| |13| |0|0| |0|L| |P|000900100S00|186460|44028303|124100609|    |      |10|00|039|N|            |Y|2|00000101|0|00000000|0.77 mile north of Heceta Beach Road              
S|41|020027|3|0|22|2U|2|T|2|3|N|0|0| |13| |0|0| |0|L| |P|022700100S00|      |44058346|122947066|    |      |10|00|039|Y|001022700716|Y|3|00000126|0|00000000|0.39 mile north of 52nd Street                    
S|41|020027|7|0|22|2U|2|T|2|3|N|0|0| |13| |0|0| |0|L| |P|022700100S00|      |44058346|122947066|    |      |10|00|039|Y|001022700716|Y|3|00000126|0|00000000|0.39 mile north of 52nd Street                    
S|41|020028|3|0|22|2U|2|T|2|3|N|0|0| |13| |0|0| |0|L| |P|006900100S00|      |44078413|123173188|    |      |10|00|039|Y|001006900429|Y|3|00000569|0|00000000|0.42 mile south of Barger Drive Interchange       
S|41|020028|7|0|22|2U|2|T|2|3|N|0|0| |13| |0|0| |0|L| |P|006900100S00|      |44078413|123173188|    |      |10|00|039|Y|001006900429|Y|3|00000569|0|00000000|0.42 mile south of Barger Drive Interchange       
S|41|021006|3|0|22|3R|1|T|1|3|N|0|0| |13| |0|0| |0|L| |P|003300100S00|      |44595650|123598950|    |      |57|00|041|N|            |Y|2|00000020|0|00000000|0.11 mile west of Lincoln-Benton County Line      
S|41|021006|7|0|22|3R|1|T|1|3|N|0|0| |13| |0|0| |0|L| |P|003300100S00|      |44595650|123598950|    |      |57|00|041|N|            |Y|2|00000020|0|00000000|0.11 mile west of Lincoln-Benton County Line      
S|41|021007|1|0|22|3U|1|T|1|3|N|0|0| |13| |0|0| |0|L| |P|000900100S00|112350|44997700|123996710|    |      |99|00|041|N|            |Y|2|00000101|0|00000000|At West Devils Lake Road                          
S|41|021007|5|0|22|3U|1|T|1|3|N|0|0| |13| |0|0| |0|L| |P|000900100S00|112350|44997700|123996710|    |      |99|00|041|N|            |Y|2|00000101|0|00000000|At West Devils Lake Road                          
S|41|021008|1|0|22|3U|1|T|1|3|N|0|0| |13| |0|0| |0|L| |P|000900100S00|114910|44967470|124016320|    |      |98|00|041|Y|001000911491|Y|2|00000101|0|00000000|0.07 mile north of "D" River State Wayside        
S|41|021008|5|0|22|3U|1|T|1|3|N|0|0| |13| |0|0| |0|L| |P|000900100S00|114910|44967470|124016320|    |      |98|00|041|Y|001000911491|Y|2|00000101|0|00000000|0.07 mile north of "D" River State Wayside        
S|41|021009|1|0|22|3U|1|T|1|3|N|0|0| |13| |0|0| |0|L| |P|000900100S00|139110|44654540|124052990|    |      |97|00|041|Y|001000913928|Y|2|00000101|0|00000000|At 25th Street, in Newport                        
S|41|021009|5|0|22|3U|1|T|1|3|N|0|0| |13| |0|0| |0|L| |P|000900100S00|139110|44654540|124052990|    |      |97|00|041|Y|001000913928|Y|2|00000101|0|00000000|At 25th Street, in Newport                        
S|41|021010|1|0|22|3U|1|T|1|3|N|0|0| |13| |0|0| |0|L| |P|000900100S00|111000|45011183|123978273|    |      |13|00|041|N|000000000000|Y|2|00000101|0|00000000|0.30 mile north of East Devils Lake Road          
S|41|021010|5|0|22|3U|1|T|1|3|N|0|0| |13| |0|0| |0|L| |P|000900100S00|111000|45011183|123978273|    |      |13|00|041|N|000000000000|Y|2|00000101|0|00000000|0.30 mile north of East Devils Lake Road          
S|41|021011|1|0|22|3U|1|T|1|3|N|0|0| |13| |0|0| |0|L| |P|000900100S00|119150|44914302|124005118|    |      |14|00|041|N|000000000000|N|2|00000101|0|00000000|0.01 mile south of South Drift Creek Road         
S|41|021011|5|0|22|3U|1|T|1|3|N|0|0| |13| |0|0| |0|L| |P|000900100S00|119150|44914302|124005118|    |      |14|00|041|N|000000000000|N|2|00000101|0|00000000|0.01 mile south of South Drift Creek Road         
S|41|022005|1|0|22|1U|2|T|2|3|N|0|0| |13| |0|0| |0|L| |P|000100100S00|234800|44653560|123061360|    |      |99|00|043|Y|000I00523476|Y|1|00000005|0|00000000|0.41 mile north of Albany-Junction City Highway No
S|41|022005|5|0|22|1U|2|T|2|3|N|0|0| |13| |0|0| |0|L| |P|000100100S00|234800|44653560|123061360|    |      |99|00|043|Y|000I00523476|Y|1|00000005|0|00000000|0.41 mile north of Albany-Junction City Highway No
S|41|022010|3|0|22|4R|1|T|1|3|N|0|0| |13| |0|0| |0|L| |P|021100100S00|      |44629550|122942550|    |      |50|00|043|Y|001021100073|N|3|00000226|0|00000000|0.43 mile east of Santiam Highway No. 16 (US20)   
S|41|022010|7|0|22|4R|1|T|1|3|N|0|0| |13| |0|0| |0|L| |P|021100100S00|      |44629550|122942550|    |      |50|00|043|Y|001021100073|N|3|00000226|0|00000000|0.43 mile east of Santiam Highway No. 16 (US20)   
S|41|022012|1|0|22|4R|1|T|1|3|N|0|0| |13| |0|0| |0|L| |P|005800100S00|      |44356150|123108400|    |      |54|00|043|N|            |N|3|0000099E|0|00000000|2.28 miles south of Halsey-Sweet Home Highway No. 
S|41|022012|5|0|22|4R|1|T|1|3|N|0|0| |13| |0|0| |0|L| |P|005800100S00|      |44356150|123108400|    |      |54|00|043|N|            |N|3|0000099E|0|00000000|2.28 miles south of Halsey-Sweet Home Highway No. 
S|41|022013|3|0|22|3R|2|T|2|3|N|0|0| |13| |0|0| |0|L| |P|001600100S00|      |44485240|122831170|    |      |57|00|043|Y|001001601813|Y|2|00000020|0|00000000|0.38 mile southeast of Sodaville-Waterloo Drive, s
S|41|022013|7|0|22|3R|2|T|2|3|N|0|0| |13| |0|0| |0|L| |P|001600100S00|      |44485240|122831170|    |      |57|00|043|Y|001001601813|Y|2|00000020|0|00000000|0.38 mile southeast of Sodaville-Waterloo Drive, s
S|41|022016|1|0|22|1R|2|T|2|3|N|0|0| |13| |0|0| |0|L| |P|000100100S00|214560|44359950|123061410|    |      |94|00|043|Y|000I00520906|Y|1|00000005|0|00000000|2.01 miles south of Halsey-Sweet Home Highway No. 
S|41|022016|5|0|22|1R|2|T|2|3|N|0|0| |13| |0|0| |0|L| |P|000100100S00|214560|44359950|123061410|    |      |94|00|043|Y|000I00520906|Y|1|00000005|0|00000000|2.01 miles south of Halsey-Sweet Home Highway No. 
S|41|022017|3|0|22|3R|1|T|1|3|N|0|0| |13| |0|0| |0|L| |P|001600100S00|      |44403530|122298480|    |      |98|00|043|N|            |Y|2|00000020|0|00000000|0.91 mile west of Soda Fork Road                  
S|41|022017|7|0|22|3R|1|T|1|3|N|0|0| |13| |0|0| |0|L| |P|001600100S00|      |44403530|122298480|    |      |98|00|043|N|            |Y|2|00000020|0|00000000|0.91 mile west of Soda Fork Road                  
S|41|022020|3|0|22|3R|2|T|2|3|N|0|0| |13| |0|0| |0|L| |P|021000100S00|      |44567260|123180890|    |      |04|00|043|N|            |Y|3|00000034|0|00000000|0.89 mile east of Riverside Drive                 
S|41|022020|7|0|22|3R|2|T|2|3|N|0|0| |13| |0|0| |0|L| |P|021000100S00|      |44567260|123180890|    |      |04|00|043|N|            |Y|3|00000034|0|00000000|0.89 mile east of Riverside Drive                 
S|41|022022|3|0|22|3U|2|T|2|3|N|0|0| |13| |0|0| |0|L| |P|005800100S00|      |44632520|123098000|    |      |07|00|043|Y|001005800211|Y|2|00000020|3|0000099E|0.28 mile northeast of Albany-Corvallis Highway No
S|41|022022|7|0|22|3U|2|T|2|3|N|0|0| |13| |0|0| |0|L| |P|005800100S00|      |44632520|123098000|    |      |07|00|043|Y|001005800211|Y|2|00000020|3|0000099E|0.28 mile northeast of Albany-Corvallis Highway No
S|41|023006|3|0|22|3R|1|T|1|3|N|0|0| |13| |0|0| |0|L| |P|000700100S00|257860|43988680|117012390|    |      |54|00|045|N|            |Y|2|00000020|2|00000026|0.26 mile west of Olds Ferry Ontario Highway No. 4
S|41|023006|7|0|22|3R|1|T|1|3|N|0|0| |13| |0|0| |0|L| |P|000700100S00|257860|43988680|117012390|    |      |54|00|045|N|            |Y|2|00000020|2|00000026|0.26 mile west of Olds Ferry Ontario Highway No. 4
S|41|023012|1|0|22|3R|1|T|1|3|N|1|0| |13| |1|0| |0|A| |P|045600100S00|      |42411240|117861850|    |      |58|00|000|N|  1045608622|N|2|      95|0|       0|6.74 miles north of Blue Mountain Pass Summit     
S|41|023012|5|0|22|3R|1|T|1|3|N|1|0| |13| |1|0| |0|A| |P|045600100S00|      |42411240|117861850|    |      |58|00|000|N|  1045608622|N|2|      95|0|       0|6.74 miles north of Blue Mountain Pass Summit     
S|41|023013|3|0|22|3R|1|T|1|3|N|0|0| |13| |0|0| |0|L| |P|000700100S00|189340|43746860|118083140|    |      |58|00|045|Y|001000718927|Y|2|00000020|0|00000000|0.07 mile east of Juntura-Riverside Road          
S|41|023013|7|0|22|3R|1|T|1|3|N|0|0| |13| |0|0| |0|L| |P|000700100S00|189340|43746860|118083140|    |      |58|00|045|Y|001000718927|Y|2|00000020|0|00000000|0.07 mile east of Juntura-Riverside Road          
S|41|023014|3|0|22|1U|2|T|2|3|N|0|0| |13| |0|0| |0|L| |P|000600100S00|376980|44021300|116947570|    |      |61|00|045|Y|000I08437672|Y|1|00000084|1|00000000|1.03 miles northwest of Oregon-Idaho State Line   
S|41|023014|7|0|22|1U|2|T|2|3|N|0|0| |13| |0|0| |0|L| |P|000600100S00|376980|44021300|116947570|    |      |61|00|045|Y|000I08437672|Y|1|00000084|1|00000000|1.03 miles northwest of Oregon-Idaho State Line   
S|41|023016|3|0|22|1R|2|T|2|3|N|0|0| |13| |0|0| |0|L| |P|000600100S00|353470|44286100|117217340|    |      |67|00|045|Y|000I08434473|Y|1|00000084|0|00000000|1.47 miles south of Baker-Malheur County Line     
S|41|023016|7|0|22|1R|2|T|2|3|N|0|0| |13| |0|0| |0|L| |P|000600100S00|353470|44286100|117217340|    |      |67|00|045|Y|000I08434473|Y|1|00000084|0|00000000|1.47 miles south of Baker-Malheur County Line     
S|41|024001|1|0|22|4R|1|T|1|3|N|0|0| |13| |0|0| |0|L| |P|008100100S00|      |45121240|122858180|    |      |37|00|047|N|            |N|3|0000099E|0|00000000|1.29 miles south of Hillsboro-Silverton Highway No
S|41|024001|5|0|22|4R|1|T|1|3|N|0|0| |13| |0|0| |0|L| |P|008100100S00|      |45121240|122858180|    |      |37|00|047|N|            |N|3|0000099E|0|00000000|1.29 miles south of Hillsboro-Silverton Highway No
S|41|024004|3|0|22|2U|2|T|2|3|N|0|0| |13| |0|0| |0|L| |P|016200100S00|      |44907460|122962410|    |      |67|00|047|Y|241016200403|Y|3|00000022|0|00000000|0.91 mile east of Lancaster Drive Interchange     
S|41|024004|7|0|22|2U|2|T|2|3|N|0|0| |13| |0|0| |0|L| |P|016200100S00|      |44907460|122962410|    |      |67|00|047|Y|241016200403|Y|3|00000022|0|00000000|0.91 mile east of Lancaster Drive Interchange     
S|41|024005|3|0|22|3R|2|T|2|3|N|0|0| |13| |0|0| |0|L| |P|016200100S00|      |44842920|122848490|    |      |01|00|047|N|            |Y|3|00000022|0|00000000|1.08 miles east of Shaw Highway Interchange       
S|41|024005|7|0|22|3R|2|T|2|3|N|0|0| |13| |0|0| |0|L| |P|016200100S00|      |44842920|122848490|    |      |01|00|047|N|            |Y|3|00000022|0|00000000|1.08 miles east of Shaw Highway Interchange       
S|41|024013|3|0|22|3R|1|T|1|3|N|0|0| |13| |0|0| |0|L| |P|016200100S00|      |44755950|122404750|    |      |01|00|047|N|            |Y|3|00000022|0|00000000|0.95 mile west of Railroad Avenue SE (Entrance to 
S|41|024013|7|0|22|3R|1|T|1|3|N|0|0| |13| |0|0| |0|L| |P|016200100S00|      |44755950|122404750|    |      |01|00|047|N|            |Y|3|00000022|0|00000000|0.95 mile west of Railroad Avenue SE (Entrance to 
S|41|024014|3|0|22|2U|5|T|5|3|N|0|0| |13| |0|0| |0|L| |P|003000100S00|      |44945419|123043014|    |      |53|00|047|Y|001003002574|Y|3|00000022|0|00000000|0.38 mile west of Salem Highway No. 72 (OR22), Pol
S|41|024014|7|0|22|2U|5|T|5|3|N|0|0| |13| |0|0| |0|L| |P|003000100S00|      |44945419|123043014|    |      |53|00|047|Y|001003002574|Y|3|00000022|0|00000000|0.38 mile west of Salem Highway No. 72 (OR22), Pol
S|41|024015|3|0|22|3R|1|T|1|3|N|0|0| |13| |0|0| |0|L| |P|016200100S00|      |44726320|122135410|    |      |97|00|047|N|            |Y|3|00000022|0|00000000|1.20 miles east of Detroit Avenue                 
S|41|024015|7|0|22|3R|1|T|1|3|N|0|0| |13| |0|0| |0|L| |P|016200100S00|      |44726320|122135410|    |      |97|00|047|N|            |Y|3|00000022|0|00000000|1.20 miles east of Detroit Avenue                 
S|41|024016|1|0|22|4R|1|T|1|3|N|0|0| |13| |0|0| |0|L| |P|005100100S00|      |45227530|122775060|    |      |54|00|047|N|            |N|3|00000551|0|00000000|0.22 mile south of Ehlen Road                     
S|41|024016|5|0|22|4R|1|T|1|3|N|0|0| |13| |0|0| |0|L| |P|005100100S00|      |45227530|122775060|    |      |54|00|047|N|            |N|3|00000551|0|00000000|0.22 mile south of Ehlen Road                     
S|41|024020|1|0|22|4R|1|T|1|3|N|0|0| |13| |0|0| |0|L| |P|014000100S00|      |45182160|122944120|    |      |58|00|047|N|            |N|3|00000219|0|00000000|1.85 miles south of St. Paul Highway N.E.         
S|41|024020|5|0|22|4R|1|T|1|3|N|0|0| |13| |0|0| |0|L| |P|014000100S00|      |45182160|122944120|    |      |58|00|047|N|            |N|3|00000219|0|00000000|1.85 miles south of St. Paul Highway N.E.         
S|41|024021|1|0|22|1R|3|T|3|3|N|0|0| |13| |0|0| |0|L| |P|000100100S00|252200|44892970|122990840|    |      |70|00|047|Y|000I00525153|Y|1|00000005|0|00000000|0.02 mile north of Turner Road Overcrossing       
S|41|024021|5|0|22|1R|3|T|3|3|N|0|0| |13| |0|0| |0|L| |P|000100100S00|252200|44892970|122990840|    |      |70|00|047|Y|000I00525153|Y|1|00000005|0|00000000|0.02 mile north of Turner Road Overcrossing       
S|41|024022|1|0|22|2U|2|T|2|3|N|0|0| |13| |0|0| |0|L| |P|007200100S00|      |44996538|123004486|    |      |10|00|047|Y|000007200043|Y|3|0099EBUS|0|00000000|0.87 mile north of Hyacinth Street N.E.           
S|41|024022|5|0|22|2U|2|T|2|3|N|0|0| |13| |0|0| |0|L| |P|007200100S00|      |44996538|123004486|    |      |10|00|047|Y|000007200043|Y|3|0099EBUS|0|00000000|0.87 mile north of Hyacinth Street N.E.           
S|41|025007|3|0|22|4R|1|T|1|3|N|0|0| |13| |0|0| |0|L| |P|005200100S00|      |45436220|119663860|    |      |58|00|049|N|            |N|3|00000074|0|00000000|1.38 miles southeast of Lexington-Echo Highway No.
S|41|025007|7|0|22|4R|1|T|1|3|N|0|0| |13| |0|0| |0|L| |P|005200100S00|      |45436220|119663860|    |      |58|00|049|N|            |N|3|00000074|0|00000000|1.38 miles southeast of Lexington-Echo Highway No.
S|41|025008|3|0|22|1R|2|T|2|3|N|0|0| |13| |0|0| |0|L| |P|000600100S00|168550|45831810|119611940|    |      |70|00|049|Y|000I08416758|Y|1|00000084|0|00000000|0.60 mile southeast of Columbia River Highway No. 
S|41|025008|7|0|22|1R|2|T|2|3|N|0|0| |13| |0|0| |0|L| |P|000600100S00|168550|45831810|119611940|    |      |70|00|049|Y|000I08416758|Y|1|00000084|0|00000000|0.60 mile southeast of Columbia River Highway No. 
S|41|026001|3|0|22|1U|2|T|2|3|N|0|0| |13| |0|0| |0|L| |P|000200100S00|      |45544580|122384210|    |      |51|00|051|Y|000I08401737|Y|1|00000084|0|00000000|0.04 mile west of Sandy River, east of Troutdale  
S|41|026001|7|0|22|1U|2|T|2|3|N|0|0| |13| |0|0| |0|L| |P|000200100S00|      |45544580|122384210|    |      |51|00|051|Y|000I08401737|Y|1|00000084|0|00000000|0.04 mile west of Sandy River, east of Troutdale  
S|41|026002|3|0|22|2U|3|T|3|3|N|0|0| |13| |0|0| |0|L| |P|004700100S00|      |45515608|122694603|    |      |69|00|051|Y|001004707331|Y|2|00000026|0|00000000|0.20 mile west of Stadium Freeway No. 61 (I-405), 
S|41|026002|7|0|22|2U|4|T|4|3|N|0|0| |13| |0|0| |0|L| |P|004700100S00|      |45515608|122694603|    |      |69|00|051|Y|001004707331|Y|2|00000026|0|00000000|0.20 mile west of Stadium Freeway No. 61 (I-405), 
S|41|026003|3|0|22|3U|2|T|2|3|N|0|0| |13| |0|0| |0|L| |P|002600100S00|      |45491570|122403380|    |      |51|00|051|N|            |Y|2|00000026|0|00000000|0.18 mile southeast of SE Powell Valley Road      
S|41|026003|7|0|22|3U|2|T|2|3|N|0|0| |13| |0|0| |0|L| |P|002600100S00|      |45491570|122403380|    |      |51|00|051|N|            |Y|2|00000026|0|00000000|0.18 mile southeast of SE Powell Valley Road      
S|41|026004|1|0|22|1U|4|T|4|3|N|0|0| |13| |0|0| |0|L| |P|000100100S00|307970|45612700|122678650|    |      |53|00|051|Y|000I00530798|Y|1|00000005|0|00000000|0.41 mile south of Oregon-Washington State Line   
S|41|026004|5|0|22|1U|4|T|4|3|N|0|0| |13| |0|0| |0|L| |P|000100100S00|307970|45612700|122678650|    |      |53|00|051|Y|000I00530798|Y|1|00000005|0|00000000|0.41 mile south of Oregon-Washington State Line   
S|41|026005|1|0|22|1U|4|T|4|3|N|0|0| |13| |0|0| |0|L| |P|006100100S00|      |45505543|122678901|    |      |66|00|051|Y|000I40530011|Y|1|00000405|0|00000000|0.64 mile northwest of Pacific Highway No. 1 (I-5)
S|41|026005|5|0|22|1U|4|T|4|3|N|0|0| |13| |0|0| |0|L| |P|006100100S00|      |45505543|122678901|    |      |66|00|051|Y|000I40530011|Y|1|00000405|0|00000000|0.64 mile northwest of Pacific Highway No. 1 (I-5)
S|41|026012|3|0|22|5R|1|T|1|3|N|0|0| |13| |0|0| |0|L| |P|010000100S00|      |45552700|122184800|    |      |58|00|051|N|            |N|0|00000000|0|00000000|0.10 mile west of Bridal Veil Falls State Park    
S|41|026012|7|0|22|5R|1|T|1|3|N|0|0| |13| |0|0| |0|L| |P|010000100S00|      |45552700|122184800|    |      |58|00|051|N|            |N|0|00000000|0|00000000|0.10 mile west of Bridal Veil Falls State Park    
S|41|026014|3|0|22|1U|3|T|3|3|N|0|0| |13| |0|0| |0|L| |P|000200100S00|      |45527420|122609360|    |      |96|00|051|Y|001000200255|Y|1|00000084|0|00000000|At the N.E. 53rd Avenue Undercrossing.            
S|41|026014|7|0|22|1U|3|T|3|3|N|0|0| |13| |0|0| |0|L| |P|000200100S00|      |45527420|122609360|    |      |96|00|051|Y|001000200255|Y|1|00000084|0|00000000|At the N.E. 53rd Avenue Undercrossing.            
S|41|026015|3|0|22|1U|3|T|3|3|N|0|0| |13| |0|0| |0|L| |P|000200100S00|      |45525290|122661270|    |      |99|00|051|Y|001000200001|Y|1|00000084|0|00000000|0.49 mile east of Pacific Highway No. 1 Interchang
S|41|026015|7|0|22|1U|4|T|4|3|N|0|0| |13| |0|0| |0|L| |P|000200100S00|      |45525290|122661270|    |      |99|00|051|Y|001000200001|Y|1|00000084|0|00000000|0.49 mile east of Pacific Highway No. 1 Interchang
S|41|026016|1|0|22|1U|3|T|3|3|N|0|0| |13| |0|0| |0|L| |P|000100100S00|298240|45480160|122678960|    |      |62|00|051|Y|000I00529731|N|1|00000005|0|00000000|1.07 miles north of S.W. Terwilliger Boulevard, in
S|41|026016|5|0|22|1U|3|T|3|3|N|0|0| |13| |0|0| |0|L| |P|000100100S00|298240|45480160|122678960|    |      |62|00|051|Y|000I00529731|N|1|00000005|0|00000000|1.07 miles north of S.W. Terwilliger Boulevard, in
S|41|026018|1|0|22|1U|3|T|3|3|N|0|0| |13| |0|0| |0|L| |P|006400100S00|      |45515110|122565250|    |      |96|00|051|Y|0I2050020450|Y|1|00000205|0|00000000|0.22 mile south of S.E. Washington Street Undercro
S|41|026018|5|0|22|1U|3|T|3|3|N|0|0| |13| |0|0| |0|L| |P|006400100S00|      |45515110|122565250|    |      |96|00|051|Y|0I2050020450|Y|1|00000205|0|00000000|0.22 mile south of S.E. Washington Street Undercro
S|41|026019|1|0|22|1U|3|T|3|3|N|0|0| |13| |0|0| |0|L| |P|000100100S00|304660|45566110|122678710|    |      |64|00|051|Y|000I00530544|N|1|00000005|0|00000000|0.03 mile south of N. Ainsworth Street undercrossi
S|41|026019|5|0|22|1U|3|T|3|3|N|0|0| |13| |0|0| |0|L| |P|000100100S00|304660|45566110|122678710|    |      |64|00|051|Y|000I00530544|N|1|00000005|0|00000000|0.03 mile south of N. Ainsworth Street undercrossi
S|41|026022|1|0|22|1U|3|T|3|3|N|0|0| |13| |0|0| |0|L| |P|006400100S00|      |45484620|122565860|    |      |96|00|051|Y|000I20530573|Y|1|00000205|0|00000000|0.87 mile south of Mt. Hood Highway No. 26 (US26) 
S|41|026022|5|0|22|1U|3|T|3|3|N|0|0| |13| |0|0| |0|L| |P|006400100S00|      |45484620|122565860|    |      |96|00|051|Y|000I20530573|Y|1|00000205|0|00000000|0.87 mile south of Mt. Hood Highway No. 26 (US26) 
S|41|026024|1|0|22|1U|4|T|4|3|N|0|0| |13| |0|0| |0|L| |P|006400100S00|      |45583230|122543796|    |      |83|00|051|Y|0I2050024880|Y|1|00000205|0|00000000|1.06 mile south of Oregon-Washington State Line   
S|41|026024|5|0|22|1U|4|T|4|3|N|0|0| |13| |0|0| |0|L| |P|006400100S00|      |45583230|122543796|    |      |83|00|051|Y|0I2050024880|Y|1|00000205|0|00000000|1.06 mile south of Oregon-Washington State Line   
S|41|026026|1|0|22|1U|5|T|5|3|N|0|0| |13| |0|0| |0|L| |P|000100100S00|300370|45507332|122670153|    |      |66|00|051|Y|000I00530028|Y|1|00000005|0|00000000|0.34 mile northeast of Stadium Freeway No. 61 Inte
S|41|026026|5|0|22|1U|4|T|4|3|N|0|0| |13| |0|0| |0|L| |P|000100100S00|300370|45507332|122670153|    |      |66|00|051|Y|000I00530028|Y|1|00000005|0|00000000|0.34 mile northeast of Stadium Freeway No. 61 Inte
S|41|026027|1|0|22|1U|4|T|4|3|N|0|0| |13| |0|0| |0|L| |P|006100100S00|      |45537328|122683752|    |      |78|00|051|Y|000I40500268|Y|1|00000405|0|00000000|1.16 mile southwest of Pacific Highway No. 1 (I-5)
S|41|026027|5|0|22|1U|5|T|5|3|N|0|0| |13| |0|0| |0|L| |P|006100100S00|      |45537328|122683752|    |      |78|00|051|Y|000I40500268|Y|1|00000405|0|00000000|1.16 mile southwest of Pacific Highway No. 1 (I-5)
S|41|026028|3|0|22|1U|3|T|3|3|N|0|0| |13| |0|0| |0|L| |P|000200100S00|      |45542189|122505335|    |      |10|00|051|Y|000I08400139|Y|1|00000084|0|00000000|1.59 miles west of N.E. 181st Avenue Interchange  
S|41|026028|7|0|22|1U|3|T|3|3|N|0|0| |13| |0|0| |0|L| |P|000200100S00|      |45542189|122505335|    |      |10|00|051|Y|000I08400139|Y|1|00000084|0|00000000|1.59 miles west of N.E. 181st Avenue Interchange  
S|41|027001|3|0|22|3R|1|T|1|3|N|0|0| |13| |0|0| |0|L| |P|003900100S00|      |45061930|123568370|    |      |50|00|053|N|            |Y|3|00000018|0|00000000|0.19 mile east of Three Rivers Highway No. 32 (OR2
S|41|027001|7|0|22|3R|1|T|1|3|N|0|0| |13| |0|0| |0|L| |P|003900100S00|      |45061930|123568370|    |      |50|00|053|N|            |Y|3|00000018|0|00000000|0.19 mile east of Three Rivers Highway No. 32 (OR2
S|41|027002|1|0|22|3U|2|T|2|3|N|0|0| |13| |0|0| |0|L| |P|015000100S00|      |44972650|123066010|    |      |05|00|053|N|            |Y|3|00000221|0|00000000|0.09 mile north of Brush College Road N.W.        
S|41|027002|5|0|22|3U|2|T|2|3|N|0|0| |13| |0|0| |0|L| |P|015000100S00|      |44972650|123066010|    |      |05|00|053|N|            |Y|3|00000221|0|00000000|0.09 mile north of Brush College Road N.W.        
S|41|027005|1|0|22|4R|1|T|1|3|N|0|0| |13| |0|0| |0|L| |P|009100100S00|      |44740770|123223110|    |      |01|00|053|Y|001009107233|N|3|0000099W|0|00000000|1.43 mile north of Polk-Benton County Line        
S|41|027005|5|0|22|4R|1|T|1|3|N|0|0| |13| |0|0| |0|L| |P|009100100S00|      |44740770|123223110|    |      |01|00|053|Y|001009107233|N|3|0000099W|0|00000000|1.43 mile north of Polk-Benton County Line        
S|41|027006|3|0|22|3R|2|T|2|3|N|0|0| |13| |0|0| |0|L| |P|003000100S00|      |44932950|123160990|    |      |01|00|053|N|            |Y|3|00000022|0|00000000|0.90 mile west of Independence Highway No. 193 (OR
S|41|027006|7|0|22|3R|2|T|2|3|N|0|0| |13| |0|0| |0|L| |P|003000100S00|      |44932950|123160990|    |      |01|00|053|N|            |Y|3|00000022|0|00000000|0.90 mile west of Independence Highway No. 193 (OR
S|41|028001|1|0|22|3R|1|T|1|3|N|0|0| |13| |0|0| |0|L| |P|004200100S00|      |45490690|120716360|    |      |58|00|055|N|            |Y|2|00000097|0|00000000|0.83 mile northwest of 1st Street                 
S|41|028001|5|0|22|3R|1|T|1|3|N|0|0| |13| |0|0| |0|L| |P|004200100S00|      |45490690|120716360|    |      |58|00|055|N|            |Y|2|00000097|0|00000000|0.83 mile northwest of 1st Street                 
S|41|028002|3|0|22|1R|2|T|2|3|N|0|0| |13| |0|0| |0|L| |P|000200100S00|109510|45695100|120739210|    |      |69|00|055|Y|000I08410026|Y|1|00000084|0|00000000|0.44 miles west of Rutus/John Day Dam Interchange 
S|41|028002|7|0|22|1R|2|T|2|3|N|0|0| |13| |0|0| |0|L| |P|000200100S00|109510|45695100|120739210|    |      |69|00|055|Y|000I08410026|Y|1|00000084|0|00000000|0.44 miles west of Rutus/John Day Dam Interchange 
S|41|029001|1|0|22|3R|1|T|1|3|N|0|0| |13| |0|0| |0|L| |P|000900100S00|      |45570650|123942690|    |      |54|00|057|N|            |Y|2|00000101|0|00000000|2.08 miles south of Washington Street             
S|41|029001|5|0|22|3R|1|T|1|3|N|0|0| |13| |0|0| |0|L| |P|000900100S00|      |45570650|123942690|    |      |54|00|057|N|            |Y|2|00000101|0|00000000|2.08 miles south of Washington Street             
S|41|030002|3|0|22|4R|1|T|1|3|N|0|0| |13| |0|0| |0|L| |P|000200100S00|193700|45917260|119130430|    |      |62|00|059|Y|001000219556|N|2|00000730|0|00000000|0.24 mile east of Pendleton-Cold Springs Highway N
S|41|030002|7|0|22|4R|1|T|1|3|N|0|0| |13| |0|0| |0|L| |P|000200100S00|193700|45917260|119130430|    |      |62|00|059|Y|001000219556|N|2|00000730|0|00000000|0.24 mile east of Pendleton-Cold Springs Highway N
S|41|030004|3|0|22|1R|2|T|2|3|N|0|0| |13| |0|0| |0|L| |P|000600100S00|203340|45689270|118924530|    |      |54|00|059|Y|000I08420287|Y|1|00000084|0|00000000|4.13 miles west of Pendleton Highway No. 67  Inter
S|41|030004|7|0|22|1R|2|T|2|3|N|0|0| |13| |0|0| |0|L| |P|000600100S00|203340|45689270|118924530|    |      |54|00|059|Y|000I08420287|Y|1|00000084|0|00000000|4.13 miles west of Pendleton Highway No. 67  Inter
S|41|030007|1|0|22|3R|1|T|1|3|N|0|0| |13| |0|0| |0|L| |P|002800100S00|      |45472660|118848390|    |      |54|00|059|N|            |Y|2|00000395|0|00000000|1.34 miles southwest of W. Main Street            
S|41|030007|5|0|22|3R|1|T|1|3|N|0|0| |13| |0|0| |0|L| |P|002800100S00|      |45472660|118848390|    |      |54|00|059|N|            |Y|2|00000395|0|00000000|1.34 miles southwest of W. Main Street            
S|41|030008|1|0|22|3U|1|T|1|3|N|0|0| |13| |0|0| |0|L| |P|002800100S00|      |45661620|118807210|    |      |99|00|059|N|            |Y|2|00000395|0|00000000|0.09 mile south of Old Oregon Trail Highway No. 6 
S|41|030008|5|0|22|3U|1|T|1|3|N|0|0| |13| |0|0| |0|L| |P|002800100S00|      |45661620|118807210|    |      |99|00|059|N|            |Y|2|00000395|0|00000000|0.09 mile south of Old Oregon Trail Highway No. 6 
S|41|030012|3|0|22|4R|2|T|2|3|N|0|0| |13| |0|0| |0|L| |P|033000100S00|      |45824640|118414390|    |      |68|00|059|N|            |N|3|00000204|0|00000000|1.44 miles east of Oregon-Washington Highway No. 8
S|41|030012|7|0|22|4R|1|T|1|3|N|0|0| |13| |0|0| |0|L| |P|033000100S00|      |45824640|118414390|    |      |68|00|059|N|            |N|3|00000204|0|00000000|1.44 miles east of Oregon-Washington Highway No. 8
S|41|030019|1|0|22|3R|2|T|2|3|N|0|0| |13| |0|0| |0|L| |P|005400100S00|      |45807100|119244680|    |      |05|00|059|N|            |Y|2|00000395|0|00000000|0.12 mile northwest of Feedville Road (Northwest o
S|41|030019|5|0|22|3R|2|T|2|3|N|0|0| |13| |0|0| |0|L| |P|005400100S00|      |45807100|119244680|    |      |05|00|059|N|            |Y|2|00000395|0|00000000|0.12 mile northwest of Feedville Road (Northwest o
S|41|030021|1|0|22|3R|2|T|2|3|N|0|0| |13| |0|0| |0|L| |P|000800100S00|      |45988260|118387260|    |      |57|00|059|N|            |Y|3|00000011|0|00000000|0.86 mile south of Oregon-Washington State Line   
S|41|030021|5|0|22|3R|3|T|3|3|N|0|0| |13| |0|0| |0|L| |P|000800100S00|      |45988260|118387260|    |      |57|00|059|N|            |Y|3|00000011|0|00000000|0.86 mile south of Oregon-Washington State Line   
S|41|030025|1|0|22|1R|2|T|2|3|N|0|0| |13| |0|0| |0|L| |P|007000100S00|      |45923940|119324790|    |      |77|00|059|Y|000I08200000|Y|1|00000082|0|00000000|0.58 mile south of Oregon-Washington State Line   
S|41|030025|5|0|22|1R|2|T|2|3|N|0|0| |13| |0|0| |0|L| |P|007000100S00|      |45923940|119324790|    |      |77|00|059|Y|000I08200000|Y|1|00000082|0|00000000|0.58 mile south of Oregon-Washington State Line   
S|41|030026|3|0|22|1R|2|T|2|3|N|0|0| |13| |0|0| |0|L| |P|000600100S00|216810|45630720|118672630|    |      |07|00|059|Y|000I08421604|Y|1|00000084|0|00000000|0.76 mile southeast of Umatilla-Mission Highway No
S|41|030026|7|0|22|1R|2|T|2|3|N|0|0| |13| |0|0| |0|L| |P|000600100S00|216810|45630720|118672630|    |      |07|00|059|Y|000I08421604|Y|1|00000084|0|00000000|0.76 mile southeast of Umatilla-Mission Highway No
S|41|030027|3|0|22|1R|2|T|2|3|N|0|0| |13| |0|0| |0|L| |P|000600100S00|191400|45753900|119152500|    |      |07|00|059|Y|000I08418883|Y|1|00000084|0|00000000|2.56 miles east of Umatilla-Stanfield Highway No. 
S|41|030027|7|0|22|1R|2|T|2|3|N|0|0| |13| |0|0| |0|L| |P|000600100S00|191400|45753900|119152500|    |      |07|00|059|Y|000I08418883|Y|1|00000084|0|00000000|2.56 miles east of Umatilla-Stanfield Highway No. 
S|41|031003|3|0|22|3R|1|T|1|3|N|0|0| |13| |0|0| |0|L| |P|001000100S00|      |45338268|118057613|    |      |99|00|061|N|            |Y|3|00000082|0|00000000|0.82 mile east of Old Oregon Trail Highway No. 6 (
S|41|031003|7|0|22|3R|1|T|1|3|N|0|0| |13| |0|0| |0|L| |P|001000100S00|      |45338268|118057613|    |      |99|00|061|N|            |Y|3|00000082|0|00000000|0.82 mile east of Old Oregon Trail Highway No. 6 (
S|41|031005|3|0|22|3R|1|T|1|3|N|0|0| |13| |0|0| |0|L| |P|001000100S00|      |45567270|117909810|    |      |57|00|061|Y|001001002073|Y|3|00000082|0|00000000|0.45 mile northeast of Weston-Elgin Highway No. 33
S|41|031005|7|0|22|3R|1|T|1|3|N|0|0| |13| |0|0| |0|L| |P|001000100S00|      |45567270|117909810|    |      |57|00|061|Y|001001002073|Y|3|00000082|0|00000000|0.45 mile northeast of Weston-Elgin Highway No. 33
S|41|031007|3|0|22|1U|2|T|2|3|N|0|0| |13| |0|0| |0|L| |P|000600100S00|260120|45342260|118099250|    |      |09|00|061|Y|000I08425074|Y|1|00000084|0|00000000|1.05 miles east of La Grande-Baker Highway No. 66 
S|41|031007|7|0|22|1U|2|T|2|3|N|0|0| |13| |0|0| |0|L| |P|000600100S00|260120|45342260|118099250|    |      |09|00|061|Y|000I08425074|Y|1|00000084|0|00000000|1.05 miles east of La Grande-Baker Highway No. 66 
S|41|031008|3|0|22|1R|2|T|2|3|N|0|0| |13| |0|0| |0|L| |P|000600100S00|272190|45211774|118025773|    |      |08|00|061|Y|000I08427074|Y|1|00000084|0|00000000|1.72 miles northwest of Ladd Canyon Road          
S|41|031008|7|0|22|1R|2|T|2|3|N|0|0| |13| |0|0| |0|L| |P|000600100S00|272190|45211774|118025773|    |      |08|00|061|Y|000I08427074|Y|1|00000084|0|00000000|1.72 miles northwest of Ladd Canyon Road          
S|41|033001|3|0|22|1R|2|T|2|3|N|0|0| |13| |0|0| |0|L| |P|000200100S00|      |45681517|121290590|    |      |38|00|065|Y|000I08406984|Y|1|00000084|0|00000000|0.72 mile west of the Rowena Interchange          
S|41|033001|7|0|22|1R|2|T|2|3|N|0|0| |13| |0|0| |0|L| |P|000200100S00|      |45681517|121290590|    |      |38|00|065|Y|000I08406984|Y|1|00000084|0|00000000|0.72 mile west of the Rowena Interchange          
S|41|033005|1|0|22|4R|1|T|1|3|N|0|0| |13| |0|0| |0|L| |P|000400100S00|      |45488530|121104980|    |      |57|00|065|Y|001000400946|N|2|00000197|0|00000000|0.84 mile south of Boyd Market Road (North Jct)   
S|41|033005|5|0|22|4R|1|T|1|3|N|0|0| |13| |0|0| |0|L| |P|000400100S00|      |45488530|121104980|    |      |57|00|065|Y|001000400946|N|2|00000197|0|00000000|0.84 mile south of Boyd Market Road (North Jct)   
S|41|034004|3|0|22|4R|1|T|1|3|N|0|0| |13| |0|0| |0|L| |P|003700100S00|      |45651460|123282030|    |      |56|00|067|N|            |N|3|00000006|0|00000000|0.75 mile west of Glenwood Lane                   
S|41|034004|7|0|22|4R|1|T|1|3|N|0|0| |13| |0|0| |0|L| |P|003700100S00|      |45651460|123282030|    |      |56|00|067|N|            |N|3|00000006|0|00000000|0.75 mile west of Glenwood Lane                   
S|41|034005|3|0|22|3R|2|T|2|3|N|0|0| |13| |0|0| |0|L| |P|004700100S00|      |45759903|123301156|    |      |04|00|067|N|            |Y|2|00000026|0|00000000|0.03 mile west of Vernonia Road                   
S|41|034005|7|0|22|3R|2|T|2|3|N|0|0| |13| |0|0| |0|L| |P|004700100S00|      |45759903|123301156|    |      |04|00|067|N|            |Y|2|00000026|0|00000000|0.03 mile west of Vernonia Road                   
S|41|034007|3|0|22|3R|2|T|2|3|N|2|0| |13| |2|0| |0|A| |P|004700100S00|      |45596870|123014020|    |      |05|00|000|N|  1004705519|N|2|      26|0|       0|0.93 mile northwest of North Plains (Glencoe Road)
S|41|034007|7|0|22|3R|2|T|2|3|N|2|0| |13| |2|0| |0|A| |P|004700100S00|      |45596870|123014020|    |      |05|00|000|N|  1004705519|N|2|      26|0|       0|0.93 mile northwest of North Plains (Glencoe Road)
S|41|034008|1|0|22|1R|4|T|4|3|N|0|0| |13| |0|0| |0|L| |P|000100100S00|290140|45391790|122749170|    |      |07|00|067|Y|000I00528966|Y|1|00000005|0|00000000|0.34 mile south of Boones Ferry Road Interchange  
S|41|034008|5|0|22|1R|4|T|4|3|N|0|0| |13| |0|0| |0|L| |P|000100100S00|290140|45391790|122749170|    |      |07|00|067|Y|000I00528966|Y|1|00000005|0|00000000|0.34 mile south of Boones Ferry Road Interchange  
S|41|034009|3|0|22|3U|2|T|2|3|N|0|0| |13| |0|0| |0|L| |P|002900100S00|      |45519990|123021560|    |      |07|00|067|N|            |Y|3|00000008|0|00000000|0.28 mile west of N.W. 334th Avenue               
S|41|034009|7|0|22|3U|2|T|2|3|N|0|0| |13| |0|0| |0|L| |P|002900100S00|      |45519990|123021560|    |      |07|00|067|N|            |Y|3|00000008|0|00000000|0.28 mile west of N.W. 334th Avenue               
S|41|034010|3|0|22|2U|3|T|3|3|N|0|0| |13| |0|0| |0|Z| |P|004700100S00|      |45528374|122831858|    |      |13|00|067|Y|000000000000|Y|2|00000026|0|00000000|0.73 mile east of 185th Avenue overcrossing       
S|41|034010|7|0|22|2U|3|T|3|3|N|0|0| |13| |0|0| |0|Z| |P|004700100S00|      |45528374|122831858|    |      |13|00|067|Y|000000000000|Y|2|00000026|0|00000000|0.73 mile east of 185th Avenue overcrossing       
S|41|036004|1|0|22|3U|1|T|1|3|N|0|0| |13| |0|0| |0|L| |P|009100100S00|      |45307870|122942280|    |      |69|00|071|Y|001009102236|Y|3|0000099W|3|00000219|0.01 mile west of Brutscher Street                
S|41|036004|5|0|22|3U|1|T|1|3|N|0|0| |13| |0|0| |0|L| |P|009100100S00|      |45307870|122942280|    |      |69|00|071|Y|001009102236|Y|3|0000099W|3|00000219|0.01 mile west of Brutscher Street                
S|41|036005|1|0|22|4R|1|T|1|3|N|0|0| |13| |0|0| |0|L| |P|009100100S00|      |45080350|123209460|    |      |56|00|071|N|            |N|3|0000099W|0|00000000|0.07 mile north of Yamhill-Polk County Line       
S|41|036005|5|0|22|4R|1|T|1|3|N|0|0| |13| |0|0| |0|L| |P|009100100S00|      |45080350|123209460|    |      |56|00|071|N|            |N|3|0000099W|0|00000000|0.07 mile north of Yamhill-Polk County Line       
S|41|036006|1|0|22|3R|1|T|1|3|N|0|0| |13| |0|0| |0|L| |P|003900100S00|      |45159470|123261060|    |      |00|00|071|N|            |Y|3|00000018|0|00000000|3.36 miles south of Pacific Highway West No. 91 (O
S|41|036006|5|0|22|3R|1|T|1|3|N|0|0| |13| |0|0| |0|L| |P|003900100S00|      |45159470|123261060|    |      |00|00|071|N|            |Y|3|00000018|0|00000000|3.36 miles south of Pacific Highway West No. 91 (O
S|41|MC0906|1|1|22|3R|2|N|1|0|H|2|3|K|13|T|2|5|C|1|E| |E|000400100S00|146570|43951997|121349638|    |      |05|00|017|Y|000000000000|Y|2|00000097|0|00000000|Bend NB WIM 906, 4.33 miles south of China Hat Roa
S|41|MC0906|1|2|22|3R|2|N|1|0|H|2|3|K|13|T|2|5|C|1|E| |E|000400100S00|146570|43951997|121349638|    |      |05|00|017|Y|000000000000|Y|2|00000097|0|00000000|Bend NB WIM 906, 4.33 miles south of China Hat Roa
S|41|MC1007|5|1|22|1R|2|N|1|0| |1|2|3|13|3|1|2|5|0|E|E| |E000100200S0|      |43058930|123339593|    |      |11|00|000|N|Y00000000000|Y|1|10000000|5|00000000|0Booth Ranch SB WIM 1007, 0.61 mile south of Dole 
S|41|MC1007|5|2|22|1R|2|N|1|0| |1|2|3|13|3|1|2|5|0|E|E| |E000100200S0|      |43058930|123339593|    |      |11|00|000|N|Y00000000000|Y|1|10000000|5|00000000|0Booth Ranch SB WIM 1007, 0.61 mile south of Dole 
S|41|MC1008|1|1|22|1R|2|N|1|0| |1|2|3|13|3|1|2|5|0|E|E| |E000100200S0|      |43046248|123331683|    |      |00|00|000|N|Y00000000000|Y|1|10000000|5|00000000|0Booth Ranch NB WIM 1008, 0.29 mile north of Boome
S|41|MC1402|7|1|22|1R|2|N|1|0| |1|2|3|13|3|1|2|5|0|E|E| |E000200200S0|      |45691386|121687736|    |      |01|00|000|N|Y00000000000|Y|1|10000008|4|00000000|0Wyeth WB WIM 1402, 10.05 miles east of Cascade Av
S|41|MC1404|3|1|22|1R|2|N|1|0| |1|2|3|13|3|1|2|5|0|E|E| |E000200100S0|      |45664975|121891551|    |      |01|00|000|N|Y00000000000|Y|1|10000008|4|00000000|0Cascade Locks EB POE 1404, 0.98 mile west of Casc
S|41|MC1506|5|1|22|1U|2|N|1|0| |1|2|3|13|3|1|2|5|0|E|E| |E000100100S0|      |42225530|122735069|    |      |99|00|000|N|Y00000000000|Y|1|10000000|5|00000000|0Ashland SB WIM 1506, 1.34 miles north of Eagle Mi
S|41|MC1506|5|2|22|1U|2|N|1|0| |1|2|3|13|3|1|2|5|0|E|E| |E000100100S0|      |42225530|122735069|    |      |99|00|000|N|Y00000000000|Y|1|10000000|5|00000000|0Ashland SB WIM 1506, 1.34 miles north of Eagle Mi
S|41|MC1507|1|1|22|1U|2|N|1|0| |1|2|3|13|3|1|2|5|0|E|E| |E000100200S0|      |42218537|122714510|    |      |99|00|000|N|Y00000000000|Y|1|10000000|5|00000000|0Ashland NB POE 1507, 0.31 mile north of Eagle Mil
S|41|MC1507|1|2|22|1U|2|N|1|0| |1|2|3|13|3|1|2|5|0|E|E| |E000100200S0|      |42218537|122714510|    |      |99|00|000|N|Y00000000000|Y|1|10000000|5|00000000|0Ashland NB POE 1507, 0.31 mile north of Eagle Mil
S|41|MC1603|1|1|22|3R|1|N|1|0| |1|1|3|13|3|1|1|5|0|E|E| |E000400100S0|      |44458300|121199504|    |      |00|00|000|N|N00000000000|Y|1|20000009|7|00000000|0Juniper Butte NB WIM 1603, 0.69 mile north of SW 
S|41|MC1604|5|1|22|3R|2|N|1|0| |1|2|3|13|3|1|2|5|0|E|E| |E000400100S0|      |44476380|121193946|    |      |00|00|000|N|N00000000000|Y|1|10000009|7|00000000|0Juniper Butte SB WIM 1604, 1.05 miles south of SW
S|41|MC1805|5|1|22|3R|1|N|1|0| |1|1|3|13|3|1|1|5|0|E|E| |E000400100S0|      |42274518|121811528|    |      |00|00|000|N|N00000000000|Y|2|20000009|7|00000000|0Klamath Falls SB WIM 1805, 0.60 mile south of Cov
S|41|MC1807|1|1|22|3U|1|N|1|0| |1|1|3|13|3|1|1|5|0|E|E| |E000400100S0|      |42257275|121801015|    |      |00|00|000|N|N00000000000|Y|2|20000009|7|00000000|0Klamath Falls NB POE 1807, 0.06 mile south of Dan
S|41|MC2005|7|1|22|3R|2|N|1|0| |1|2|3|13|3|1|2|5|0|E|E| |E001800100S0|      |43882047|122710870|    |      |00|00|000|N|N00000000000|Y|3|30000005|8|00000000|0Lowell WB WIM 2005, 1.22 mile southeast of Minnow
S|41|MC2305|3|1|22|1R|2|N|1|0| |1|2|3|13|3|1|2|5|0|E|E| |E000600100S0|      |44281189|117210896|    |      |99|00|000|N|Y00000000000|Y|1|10000008|4|00000000|0Olds Ferry EB WIM 2305, 1.95 miles south of Baker
S|41|MC2305|3|2|22|1R|2|N|1|0| |1|2|3|13|3|1|2|5|0|E|E| |E000600100S0|      |44281189|117210896|    |      |99|00|000|N|Y00000000000|Y|1|10000008|4|00000000|0Olds Ferry EB WIM 2305, 1.95 miles south of Baker
S|41|MC2306|7|1|22|1R|2|N|1|0| |1|2|3|13|3|1|2|5|0|E|E| |E000600200S0|      |44282354|117211633|    |      |99|00|000|N|Y00000000000|Y|1|10000008|4|00000000|0Farewell Bend WB POE 2306, 1.58 miles south of Ba
S|41|MC2306|7|2|22|1R|2|N|1|0| |1|2|3|13|3|1|2|5|0|E|E| |E000600200S0|      |44282354|117211633|    |      |99|00|000|N|Y00000000000|Y|1|10000008|4|00000000|0Farewell Bend WB POE 2306, 1.58 miles south of Ba
S|41|MC2408|1|1|22|1U|3|N|3|0| |3|3|3|13|3|3|3|5|0|E|E| |E000100200S0|      |45145639|122886182|    |      |00|00|000|N|Y00000000000|Y|1|10000000|5|00000000|0Woodburn NB WIM 2408, 0.90 mi                    
S|41|MC2408|1|2|22|1U|3|N|3|0| |3|3|3|13|3|3|3|5|0|E|E| |E000100200S0|      |45145639|122886182|    |      |00|00|000|N|Y00000000000|Y|1|10000000|5|00000000|0Woodburn NB WIM 2408, 0.90 mi                    
S|41|MC2408|1|3|22|1U|3|N|3|0| |3|3|3|13|3|3|3|5|0|E|E| |E000100200S0|      |45145639|122886182|    |      |00|00|000|N|Y00000000000|Y|1|10000000|5|00000000|0Woodburn NB WIM 2408, 0.90 mi                    
S|41|MC2409|5|1|22|1R|3|N|1|0| |1|3|3|13|3|1|3|5|0|E|E| |E000100100S0|      |45200672|122832465|    |      |98|00|000|N|Y00000000000|Y|1|10000000|5|00000000|0Woodburn SB POE 2409, 0.39 mile south of NE Felle
S|41|MC2409|5|2|22|1R|3|N|1|0| |1|3|3|13|3|1|3|5|0|E|E| |E000100100S0|      |45200672|122832465|    |      |98|00|000|N|Y00000000000|Y|1|10000000|5|00000000|0Woodburn SB POE 2409, 0.39 mile south of NE Felle
S|41|MC2409|5|3|22|1R|3|N|1|0| |1|3|3|13|3|1|3|5|0|E|E| |E000100100S0|      |45200672|122832465|    |      |98|00|000|N|Y00000000000|Y|1|10000000|5|00000000|0Woodburn SB POE 2409, 0.39 mile south of NE Felle
S|41|MC2601|7|1|22|3R|2|N|1|0| |1|2|3|13|3|1|2|5|0|E|E| |E009200100S0|      |45689263|122872179|    |      |01|00|000|N|N00000000000|Y|2|20000003|0|00000000|0Rocky Point WB WIM 2601, 0.71 mile north of Galla
S|41|MC3003|1|1|22|4R|1|N|1|0| |1|1|3|13|3|1|1|5|0|E|L| |E000200100S0|      |45913094|119140302|    |      |11|00|000|N|Y00000000000|N|2|20000073|0|00000000|0West of Pendleton-Cold Springs Highway No. 36 (OR
S|41|MC3004|3|1|22|4R|1|N|1|0| |1|1|3|13|3|1|1|5|0|E|L| |E000200100S0|      |45917234|119130382|    |      |62|00|000|N|Y00000000000|N|2|20000073|0|00000000|00.24 mile east of Pendleton-Cold Springs Highway 
S|41|MC3005|7|1|22|1R|2|N|1|0| |1|2|3|13|3|1|2|5|0|E|E| |E000600200S0|      |45593309|118534654|    |      |00|00|000|N|Y00000000000|Y|1|10000008|4|00000000|0Emigrant Hill WB WIM 3005, 1.45 miles north of De
S|41|MC3006|5|1|22|1R|2|N|1|0| |1|2|3|13|3|1|2|5|0|E|E| |E007000100S0|      |45926864|119326469|    |      |99|00|000|N|Y00000000000|Y|1|10000008|2|00000000|0Umatilla SB POE 3006, 0.48 mile south of the Oreg
S|41|MC3103|3|1|22|1R|2|N|1|0| |1|2|3|13|3|1|2|5|0|E|E| |E000600100S0|      |45343975|118134024|    |      |99|00|000|N|Y00000000000|Y|1|10000008|4|00000000|0LaGrande EB WIM 3103, 2.93 miles north of N. Spru
