Record_Type|Year_Record|State_Code|Station_Id|Travel_Dir|Travel_Lane|F_System|Num_Lanes|Sample_Type_Volume|Num_Lanes_Volume|Method_Volume|Sample_Type_Class|Num_Lanes_Class|Method_Class|Algorithm_Volume|Num_Classes|Sample_Type_Truck|Num_Lanes_Truck|Method_Truck|Calibration|Data_Retrieval|Type_Sensor_1|Type_Sensor_2|Primary_Purpose|LRS_Id|LRS_Point|Latitude|Longitude|SHRP_Id|Prev_Station_Id|Year_Established|Year_Discontinued|County_Code|Is_Sample|Sample_Id|NHS|Posted_Route_Signing|Posted_Signed_Route|Con_Route_Signing|Con_Signed_Route|Station_Location
S|46|000002|3|1|22|1R|1|T|1|3| |0|0| |15| |0|0| |2|L| |P|000000090004|185000|44279635|103421480|    |      |00|00|093|N|            |Y|1|00000090|0|        |EAST OF TILFORD ON I-90                           
S|46|000002|7|1|22|1R|1|T|1|3| |0|0| |15| |0|0| |2|L| |P|000000090004|185000|44279635|103421480|    |      |00|00|093|N|            |Y|1|00000090|0|        |EAST OF TILFORD ON I-90                           
S|46|000005|3|1|22|1R|1|T|1|3| |0|0| |15| |0|0| |2|L| |P|000000090002|181400|43912262|100205193|    |      |00|00|085|N|            |Y|1|00000090|0|        |WEST OF PRESHO ON I-90                            
S|46|000005|7|1|22|1R|1|T|1|3| |0|0| |15| |0|0| |2|L| |P|000000090002|181400|43912262|100205193|    |      |00|00|085|N|            |Y|1|00000090|0|        |WEST OF PRESHO ON I-90                            
S|46|000006|3|1|22|1R|1|T|1|3| |0|0| |15| |0|0| |2|L| |P|000000090002|642100|43783659| 99338711|    |      |00|00|015|N|            |Y|1|00000090|0|        |SOUTH OF CHAMBERLAIN ON I-90                      
S|46|000008|3|1|22|1R|1|T|1|3| |0|0| |15| |0|0| |2|L| |P|000000090003|620900|43666504| 97426711|    |      |00|00|087|N|            |Y|1|00000090|0|        |EAST OF SALEM ON I-90                             
S|46|000008|7|1|22|1R|1|T|1|3| |0|0| |15| |0|0| |2|L| |P|000000090003|620900|43666504| 97426711|    |      |00|00|087|N|            |Y|1|00000090|0|        |EAST OF SALEM ON I-90                             
S|46|000010|1|1|22|1R|1|T|1|3| |0|0| |15| |0|0| |2|L| |P|000000029004|170800|42786232| 96783795|    |      |00|00|127|N|            |Y|1|00000029|0|        |SOUTH OF JCT SD 50 & I-90                         
S|46|000011|1|1|22|1R|1|T|1|3| |0|0| |15| |0|0| |1|L| |P|000000029001|218400|44152478| 96757125|    |      |00|00|101|N|            |Y|1|00000029|0|        |WEST OF WARD ON I-90                              
S|46|000014|1|1|22|1R|1|T|1|3| |0|0| |15| |0|0| |2|L| |P|       29002|      |45403412| 97016527|    |      |00|00|109|N|            |N|1|     029|0|        |EAST OF WILMOT ON I-90                            
S|46|000101|3|1|22|3R|1|T|1|3|H|1|3|F|15| |0|0| |2|L|L|P|000000001200|138000|45920183|101225009|    |      |06|00|031|Y|160012137755|Y|2|00000012|0|        |CORSON CO EAST OF JCT US12-SD6                    
S|46|000101|7|1|22|3R|1|T|1|3|H|1|3|F|15| |0|0| |2|L|L|P|000000001200|138000|45920183|101225009|    |      |06|00|031|Y|160012137755|Y|2|00000012|0|        |CORSON CO EAST OF JCT US12-S                      
S|46|000102|1|1|22|1R|1|T|1|3|H|1|3|F|15| |0|0| |2|L|L|P|000000007900|129700|44670567|103428535|    |      |06|00|019|N|000079125010|Y|3|00000079|0|        |BUTTE CO NORTH OF STURGIS ON S                    
S|46|000102|5|1|22|1R|1|T|1|3|H|1|3|F|15| |0|0| |2|L|L|P|000000007900|129700|44670567|103428535|    |      |06|00|019|N|000079125010|Y|3|00000079|0|        |BUTTE CO NORTH OF STURGIS ON S                    
S|46|000103|3|1|22|1R|2|T|2|3|H|1|3|F|15| |0|0| |2|L|L|P|000000005000|405000|42808000| 96998000|    |      |13|00|027|N|            |Y|1|00000050|0|        |EAST OF GAYVILLE                                  
S|46|000103|3|2|22|1R|2|T|2|3|H|1|3|F|15| |0|0| |2|L|L|P|000000005000|405000|42808000| 96998000|    |      |13|00|027|N|            |Y|1|00000050|0|        |EAST OF GAYVILLE                                  
S|46|000103|7|1|22|1R|2|T|2|3|H|1|3|F|15| |0|0| |2|L|L|P|000000005000|405000|42808000| 96998000|    |      |13|00|027|N|            |Y|1|00000050|0|        |EAST OF GAYVILLE                                  
S|46|000103|7|2|22|1R|2|T|2|3|H|1|3|F|15| |0|0| |2|L|L|P|000000005000|405000|42808000| 96998000|    |      |13|00|027|N|            |Y|1|00000050|0|        |EAST OF GAYVILLE                                  
S|46|000104|1|1|22|1R|1|T|1|3|H|1|3|F|15| |0|0| |2|L|L|P|000000007300|440000|43491000|101501000|    |      |13|00|071|N|            |Y|1|00000073|0|        |SOUTH OF KADOKA                                   
S|46|000104|5|1|22|1R|1|T|1|3|H|1|3|F|15| |0|0| |2|L|L|P|000000007300|440000|43491000|101501000|    |      |13|00|071|N|            |Y|1|00000073|0|        |SOUTH OF KADOKA                                   
S|46|000105|3|1|22|3R|1|T|1|3|H|1|3|F|15| |0|0| |2|L|L|P|000000000018|365790|43239622| 98156043|	   |   10 |10|67|000|N|018360750Y20|N|0|00018   |0|     WES|T OF TRIPP ON US18                                
S|46|000105|7|1|22|3R|1|T|1|3|H|1|3|F|15| |0|0| |2|L|L|P|000000000018|365790|43239622| 98156043|	   |   10 |10|67|000|N|018360750Y20|N|0|00018   |0|     WES|T OF TRIPP ON US18                                
S|46|000106|3|1|22|4R|1|T|1|3|H|1|3|F|15| |0|0| |2|L|L|P|000000000014|156743|44056375|101388715|    |      |00|00|071|Y|280014155000|N|2|00000014|0|        |WEST OF MIDLAND ON US14                           
S|46|000106|7|1|22|4R|1|T|1|3|H|1|3|F|15| |0|0| |2|L|L|P|000000000014|156743|44056375|101388715|    |      |00|00|071|Y|280014155000|N|2|00000014|0|        |WEST OF MIDLAND ON US14                           
S|46|000108|1|1|22|3R|1|T|2|3|N|2|3|F|15| |0|0| |2|L|P|0|       81000|310004|43303168| 97420368|	   |    16|16|00|000|N|         Y20|N|0|      81|0|        |SouTH OF FREEMAN                                  
S|46|000108|5|1|22|3R|1|T|2|3|N|2|3|F|15| |0|0| |2|L|P|0|       81000|310004|43303168| 97420368|	   |    16|16|00|000|N|         Y20|N|0|00081	  |0|        |south OF FREEMAN                                  
S|46|000110|1|1|22|1R|1|T|1|3|H|1|3|F|15| |0|0| |2|L|L|P|        8500|112004|45382457|103553989|    |      |15|00|000|N|    85125010|N|3|      85|0|        |HARDING CO SOUTH OF BUFFALO ON                    
S|46|000110|5|1|22|1R|1|T|1|3|H|1|3|F|15| |0|0| |2|L|L|P|        8500|112004|45382457|103553989|    |      |15|00|000|N|    85125010|N|3|      85|0|        |HARDING CO SOUTH OF BUFFALO ON                    
S|46|000111|1|1|22|1R|2|T|2|3|H|2|3|F|15| |0|0| |2|L|L|P|            |      |43133000| 96797000|    |      |15|00|000|N|    85125010|N|3|     085|0|        |xxx                                               
S|46|000111|1|2|22|1R|2|T|2|3|H|2|3|F|15| |0|0| |2|L|L|P|            |      |43133000| 96797000|    |      |15|00|000|N|    85125010|N|3|      85|0|        |xxx                                               
S|46|000111|5|1|22|1R|2|T|2|3|H|2|3|F|15| |0|0| |2|L|L|P|            |      |43133000| 96797000|    |      |15|00|000|N|    85125010|N|3|      85|0|        |xxx                                               
S|46|000111|5|2|22|1R|2|T|2|3|H|2|3|F|15| |0|0| |2|L|L|P|            |      |43133000| 96797000|    |      |15|00|000|N|    85125010|N|3|      85|0|        |xxx                                               
S|46|000151|3|1|22|4R|1|T|1|3| |0|0| |15| |0|0| |2|L|L|P|000000003400|316000|44067112| 98502830|    |      |40|00|073|Y|370034313300|N|3|00000034|0|        |JERAULD EAST OF WESSINGTON SPR                    
S|46|000151|7|1|22|4R|1|T|1|3| |0|0| |15| |0|0| |2|L|L|P|000000003400|316000|44067112| 98502830|    |      |40|00|073|Y|370034313300|N|3|00000034|0|        |JERAULD EAST OF WESSINGTON SPR                    
S|46|000154|3|1|22|1R|2|T|2|3| |0|0| |15| |0|0| |2|L|L|P|000000009000|411510|43609125| 96472107|    |      |89|00|099|Y|000090410570|Y|1|00000090|0|        |MINNEHAHA CO 1MI W OF MINN STA                    
S|46|000154|3|2|22|1R|2|T|2|3| |0|0| |15| |0|0| |2|L|L|P|000000009000|411510|43609125| 96472107|    |      |89|00|099|Y|000090410570|Y|1|00000090|0|        |MINNEHAHA CO 1MI W OF MINN STA                    
S|46|000154|7|1|22|1R|2|T|2|3| |0|0| |15| |0|0| |2|L|L|P|000000009000|411510|43609125| 96472107|    |      |89|00|099|Y|000090410570|Y|1|00000090|0|        |MINNEHAHA CO 1MI W OF MINN STA                    
S|46|000154|7|2|22|1R|2|T|2|3| |0|0| |15| |0|0| |2|L|L|P|000000009000|411510|43609125| 96472107|    |      |89|00|099|Y|000090410570|Y|1|00000090|0|        |MINNEHAHA CO 1MI W OF MINN STA                    
S|46|000157|3|1|22|1R|1|T|1|3| |0|0| |15| |0|0| |2|L|L|P|000000001400|234850|44426607|100228274|    |      |53|00|065|Y|330014233938|Y|2|00000014|0|        |HUGHESCO 4MI E OF JCT US14-83                     
S|46|000157|7|1|22|1R|1|T|1|3| |0|0| |15| |0|0| |2|L|L|P|000000001400|234850|44426607|100228274|    |      |53|00|065|Y|330014233938|Y|2|00000014|0|        |HUGHESCO 4MI E OF JCT US14-83                     
S|46|000158|3|1|22|1R|1|T|1|3|H|1|3|F|15| |0|0| |2|L|L|P|000000021200|358300|44876606| 97478308|    |      |53|00|029|Y|150212357710|Y|2|00000212|0|        |CODINGTON CO 2.9MI E OF JCT US                    
S|46|000158|7|1|22|1R|1|T|1|3|H|1|3|F|15| |0|0| |2|L|L|P|000000021200|358300|44876606| 97478308|    |      |53|00|029|Y|150212357710|Y|2|00000212|0|        |CODINGTON CO 2.9MI E OF JCT US                    
S|46|000159|1|1|22|1R|1|T|1|3| |0|0| |15| |0|0| |2|L|L|P|000000028100|158000|44943176| 98512960|    |      |53|00|115|N|000281155566|Y|2|00000281|0|        |SPINK CO .11 MI N OF JCT US281                    
S|46|000159|5|1|22|1R|1|T|1|3| |0|0| |15| |0|0| |2|L|L|P|000000028100|158000|44943176| 98512960|    |      |53|00|115|N|000281155566|Y|2|00000281|0|        |SPINK CO .11 MI N OF JCT US281                    
S|46|000160|3|1|22|3R|1|T|1|3|H|1|3|F|15| |0|0| |2|L|L|P|000000001200|197240|45537016|100277982|    |      |53|00|129|Y|650012191925|Y|2|00000012|0|        |WALWORTH CO 10.5MI W OF JCT US                    
S|46|000160|7|1|22|3R|1|T|1|3|H|1|3|F|15| |0|0| |2|L|L|P|000000001200|197240|45537016|100277982|    |      |53|00|129|Y|650012191925|Y|2|00000012|0|        |WALWORTH CO 10.5MI W OF JCT US                    
S|46|000161|3|1|22|3R|1|T|1|3|H|1|3|F|15| |0|0| |2|L|L|P|000000001600|      |44388201|103712215|    |      |53|00|103|Y|520016045179|Y|2|00000016|0|        |PENNINGTON CO 2MI N OF JCT US1                    
S|46|000161|7|1|22|3R|1|T|1|3|H|1|3|F|15| |0|0| |2|L|L|P|000000001600|      |44388201|103712215|    |      |53|00|103|Y|520016045179|Y|2|00000016|0|        |PENNINGTON CO 2MI N OF JCT US1                    
S|46|000165|1|1|22|3R|2|T|2|3|N|1|3|F|15| |0|0| |2|P|L|P|000000003700|      |43994474| 98030824|    |      |53|00|111|Y|560037091150|Y|3|00000037|0|        |SANBORN CO 1.01MI S OF E JCT S                    
S|46|000165|1|2|22|3R|2|T|2|3|N|1|3|F|15| |0|0| |2|P|L|P|000000003700|      |43994474| 98030824|    |      |53|00|111|Y|560037091150|Y|3|00000037|0|        |SANBORN CO 1.01MI S OF E JCT S                    
S|46|000165|5|1|22|3R|2|T|2|3|N|1|3|F|15| |0|0| |2|P|L|P|000000003700|      |43994474| 98030824|    |      |53|00|111|Y|560037091150|Y|3|00000037|0|        |SANBORN CO 1.01MI S OF E JCT S                    
S|46|000165|5|2|22|3R|2|T|2|3|N|1|3|F|15| |0|0| |2|P|L|P|000000003700|      |43994474| 98030824|    |      |53|00|111|Y|560037091150|Y|3|00000037|0|        |SANBORN CO 1.01MI S OF E JCT S                    
S|46|000166|3|1|22|1R|2|T|2|3| |0|0| |15| |0|0| |2|L|L|P|        9000|223000|43898235|100106415|    |      |53|00|000|N|    90220310|N|1|      90|0|        |LYMAN CO 3.1 MI W OF JCT I90-U                    
S|46|000166|3|2|22|1R|2|T|2|3| |0|0| |15| |0|0| |2|L|L|P|        9000|223000|43898235|100106415|    |      |53|00|000|N|    90220310|N|1|      90|0|        |LYMAN CO 3.1 MI W OF JCT I90-U                    
S|46|000166|7|1|22|1R|2|T|2|3| |0|0| |15| |0|0| |2|L|L|P|        9000|223000|43898235|100106415|    |      |53|00|000|N|    90220310|N|1|      90|0|        |LYMAN CO 3.1 MI W OF JCT I90-U                    
S|46|000166|7|2|22|1R|2|T|2|3| |0|0| |15| |0|0| |2|L|L|P|        9000|223000|43898235|100106415|    |      |53|00|000|N|    90220310|N|1|      90|0|        |LYMAN CO 3.1 MI W OF JCT I90-U                    
S|46|000170|3|1|22|4R|1|T|1|3|H|1|3|F|15| |0|0| |2|L|L|P|000000002000|188160|45491756|100587208|    |      |53|00|031|Y|160020187729|N|3|00000020|0|        |CORSON CO 4.6MI S OF W JCT SD2                    
S|46|000170|7|1|22|4R|1|T|1|3|H|1|3|F|15| |0|0| |2|L|L|P|000000002000|188160|45491756|100587208|    |      |53|00|031|Y|160020187729|N|3|00000020|0|        |CORSON CO 4.6MI S OF W JCT SD2                    
S|46|000174|1|1|22|3R|1|T|1|3|N|1|3|F|15| |0|0| |2|L|P|P|000000038500|      |43482115|103462004|    |      |53|00|047|Y|240385036990|N|2|00000385|0|        |FALL RIVER CO 2.7MI N OF JCT U                    
S|46|000174|5|1|22|3R|1|T|1|3|N|1|3|F|15| |0|0| |2|L|P|P|000000038500|      |43482115|103462004|    |      |53|00|047|Y|240385036990|N|2|00000385|0|        |FALL RIVER CO 2.7MI N OF JCT U                    
S|46|000178|1|1|22|3R|1|T|1|3|N|1|3|F|15| |0|0| |2|L|P|P|000000008500|      |44698373|103852041|    |      |53|00|019|Y|100085056570|Y|2|00000085|0|        |BUTTE CO 1.5MI N OF JCT US85-U                    
S|46|000178|5|1|22|3R|1|T|1|3|N|1|3|F|15| |0|0| |2|L|P|P|000000008500|      |44698373|103852041|    |      |53|00|019|Y|100085056570|Y|2|00000085|0|        |BUTTE CO 1.5MI N OF JCT US85-U                    
S|46|000179|3|1|22|4R|1|T|1|3| |0|0| |15| |0|0| |2|L|L|P|000000003200|420040|44051365| 96648302|    |      |70|00|101|Y|510032414300|N|5|00000032|0|        |MOODY CO 6MI E OF JCT SD32-I29                    
S|46|000179|7|1|22|4R|1|T|1|3| |0|0| |15| |0|0| |2|L|L|P|000000003200|420040|44051365| 96648302|    |      |70|00|101|Y|510032414300|N|5|00000032|0|        |MOODY CO 6MI E OF JCT SD32-I29                    
S|46|000180|1|1|22|5R|1|T|1|3| |0|0| |15| |0|0| |2|L|L|P|           0|      |45456682| 98329343|    |      |53|00|000|N|07039O033000|N|5|       0|0|        |BROWN CO .5MI S OF JCT FAS6251                    
S|46|000180|5|1|22|5R|1|T|1|3| |0|0| |15| |0|0| |2|L|L|P|           0|      |45456682| 98329343|    |      |53|00|000|N|07039O033000|N|5|       0|0|        |BROWN CO .5MI S OF JCT FAS6251                    
S|46|000181|3|1|22|1R|2|T|2|3| |0|0| |15| |0|0| |2|L|L|P|        9000|116000|43936108|102151524|    |      |70|00|103|N|    90116940|N|1|      90|0|        |PENNINGTON CO 3.5MI SE OF JCT                     
S|46|000181|3|2|22|1R|2|T|2|3| |0|0| |15| |0|0| |2|L|L|P|        9000|116000|43936108|102151524|    |      |70|00|103|N|    90116940|N|1|      90|0|        |PENNINGTON CO 3.5MI SE OF JCT                     
S|46|000181|7|1|22|1R|2|T|2|3| |0|0| |15| |0|0| |2|L|L|P|        9000|116000|43936108|102151524|    |      |70|00|103|N|    90116940|N|1|      90|0|        |PENNINGTON CO 3.5MI SE OF JCT                     
S|46|000181|7|2|22|1R|2|T|2|3| |0|0| |15| |0|0| |2|L|L|P|        9000|116000|43936108|102151524|    |      |70|00|103|N|    90116940|N|1|      90|0|        |PENNINGTON CO 3.5MI SE OF JCT                     
S|46|000182|1|1|22|1R|2|T|2|3| |0|0| |15| |0|0| |2|L|L|P|000000002900|      |42779910| 96786539|    |      |53|00|127|Y|000029018310|Y|1|00000029|0|        |UNION CO .75MI S OF JCT I29-SD                    
S|46|000182|1|2|22|1R|2|T|2|3| |0|0| |15| |0|0| |2|L|L|P|000000002900|      |42779910| 96786539|    |      |53|00|127|Y|000029018310|Y|1|00000029|0|        |UNION CO .75MI S OF JCT I29-SD                    
S|46|000182|5|1|22|1R|2|T|2|3| |0|0| |15| |0|0| |2|L|L|P|000000002900|      |42779910| 96786539|    |      |53|00|127|Y|000029018310|Y|1|00000029|0|        |UNION CO .75MI S OF JCT I29-SD                    
S|46|000182|5|2|22|1R|2|T|2|3| |0|0| |15| |0|0| |2|L|L|P|000000002900|      |42779910| 96786539|    |      |53|00|127|Y|000029018310|Y|1|00000029|0|        |UNION CO .75MI S OF JCT I29-SD                    
S|46|000183|3|1|22|3R|1|T|1|3| |0|0| |15| |0|0| |2|L|L|P|        1600|      |43738943|103769103|    |      |53|00|000|N| 1.70016E+11|N|2|      16|0|        |CUSTER CO 2MI E OF JCT US16-WY                    
S|46|000183|7|1|22|3R|1|T|1|3| |0|0| |15| |0|0| |2|L|L|P|        1600|      |43738943|103769103|    |      |53|00|000|N| 1.70016E+11|N|2|      16|0|        |CUSTER CO 2MI E OF JCT US16-WY                    
S|46|000186|3|1|22|1R|2|T|2|3|H|1|3|F|15| |0|0| |2|L|L|P|000000009000|296000|43730969| 98760274|    |      |53|00|015|Y|000090292220|Y|1|00000090|0|        |BRULE CO 2.9 MI W OF JCT I90-S                    
S|46|000186|3|2|22|1R|2|T|2|3|H|1|3|F|15| |0|0| |2|L|L|P|000000009000|296000|43730969| 98760274|    |      |53|00|015|Y|000090292220|Y|1|00000090|0|        |BRULE CO 2.9 MI W OF JCT I90-S                    
S|46|000186|7|1|22|1R|2|T|2|3|H|1|3|F|15| |0|0| |2|L|L|P|000000009000|296000|43730969| 98760274|    |      |53|00|015|Y|000090292220|Y|1|00000090|0|        |BRULE CO 2.9 MI W OF JCT I90-S                    
S|46|000186|7|2|22|1R|2|T|2|3|H|1|3|F|15| |0|0| |2|L|L|P|000000009000|296000|43730969| 98760274|    |      |53|00|015|Y|000090292220|Y|1|00000090|0|        |BRULE CO 2.9 MI W OF JCT I90-S                    
S|46|000188|3|1|22|4R|1|T|1|3|N|1|3|F|15| |0|0| |2|L|P|P|000000004200|376000|43513598| 96529726|    |      |53|00|099|Y|500042373560|N|3|00000042|0|        |MINNEHAHA CO 7MI E OF JCT SD38                    
S|46|000188|7|1|22|4R|1|T|1|3|N|1|3|F|15| |0|0| |2|L|P|P|000000004200|376000|43513598| 96529726|    |      |53|00|099|Y|500042373560|N|3|00000042|0|        |MINNEHAHA CO 7MI E OF JCT SD38                    
S|46|000191|1|1|22|5R|1|T|1|3| |0|0| |15| |0|0| |2|W| |P|000000000000|      |43885522| 98271178|    |      |72|00|111|Y|56007O021000|N|5|00000000|0|        |SANBORN CO 11.5MI S OF JCT FAS                    
S|46|000191|5|1|22|5R|1|T|1|3| |0|0| |15| |0|0| |2|W| |P|000000000000|      |43885522| 98271178|    |      |72|00|111|Y|56007O021000|N|5|00000000|0|        |SANBORN CO 11.5MI S OF JCT FAS                    
S|46|000193|3|1|22|1R|2|T|2|3|N|2|3|F|15| |0|0| |2|L|P|P|        9000|      |44476041|103796506|    |      |94|00|000|N|    90015040|N|1|      90|0|        |LAWRENCE CO EAST OF SPEARFISH                     
S|46|000193|3|2|22|1R|2|T|2|3|N|2|3|F|15| |0|0| |2|L|P|P|        9000|      |44476041|103796506|    |      |94|00|000|N|    90015040|N|1|      90|0|        |LAWRENCE CO EAST OF SPEARFISH                     
S|46|000193|7|1|22|1R|2|T|2|3|N|2|3|F|15| |0|0| |2|L|P|P|        9000|      |44476041|103796506|    |      |94|00|000|N|    90015040|N|1|      90|0|        |LAWRENCE CO EAST OF SPEARFISH                     
S|46|000193|7|2|22|1R|2|T|2|3|N|2|3|F|15| |0|0| |2|L|P|P|        9000|      |44476041|103796506|    |      |94|00|000|N|    90015040|N|1|      90|0|        |LAWRENCE CO EAST OF SPEARFISH                     
S|46|000195|1|1|22|1R|2|T|2|3| |0|0| |15| |0|0| |2|L|L|P|000000002900|184000|44977246| 97055141|    |      |77|00|029|Y|000029180950|Y|1|00000029|0|        |CODINGTON CO 6.05MI N OF JCT I                    
S|46|000195|1|2|22|1R|2|T|2|3| |0|0| |15| |0|0| |2|L|L|P|000000002900|184000|44977246| 97055141|    |      |77|00|029|Y|000029180950|Y|1|00000029|0|        |CODINGTON CO 6.05MI N OF JCT I                    
S|46|000195|5|1|22|1R|2|T|2|3| |0|0| |15| |0|0| |2|L|L|P|000000002900|184000|44977246| 97055141|    |      |77|00|029|Y|000029180950|Y|1|00000029|0|        |CODINGTON CO 6.05MI N OF JCT I                    
S|46|000195|5|2|22|1R|2|T|2|3| |0|0| |15| |0|0| |2|L|L|P|000000002900|184000|44977246| 97055141|    |      |77|00|029|Y|000029180950|Y|1|00000029|0|        |CODINGTON CO 6.05MI N OF JCT I                    
S|46|000196|1|1|22|5R|1|T|1|3| |0|0| |15| |0|0| |2|L|L|P|000000000000|      |44051365| 96648302|    |      |78|00|101|Y|51025O009000|N|5|00000000|0|        |MOODY CO .04MI N OF SD32                          
S|46|000196|5|1|22|5R|1|T|1|3| |0|0| |15| |0|0| |2|L|L|P|000000000000|      |44051365| 96648302|    |      |78|00|101|Y|51025O009000|N|5|00000000|0|        |MOODY CO .04MI N OF SD32                          
S|46|000197|3|1|22|6R|1|T|1|3| |0|0| |15| |0|0| |2|L|L|P|000000000000|      |44413176| 98486552|    |      |84|00|005|Y|03032O008000|N|5|00000000|0|        |BEADLE CO .60MI WEST OF WOLSEY                    
S|46|000197|7|1|22|6R|1|T|1|3| |0|0| |15| |0|0| |2|L|L|P|000000000000|      |44413176| 98486552|    |      |84|00|005|Y|03032O008000|N|5|00000000|0|        |BEADLE CO .60MI WEST OF WOLSEY                    
S|46|000200|3|1|22|4R|2|T|2|3|N|2|3|F|15|T|0|0|T|2|P|L|P|        1600|      |43914140|103439345|    |      |15|00|103|N| 20016058000|N|2|      16|0|        |PENNINGTON CO .99MI S OF JCT U                    
S|46|000200|3|2|22|4R|2|T|2|3|N|2|3|F|15|T|0|0|T|2|P|L|P|        1600|      |43914140|103439345|    |      |15|00|103|N| 20016058000|N|2|      16|0|        |PENNINGTON CO .99MI S OF JCT U                    
S|46|000200|7|1|22|4R|2|T|2|3|N|2|3|F|15|T|0|0|T|2|P|L|P|        1600|      |43914140|103439345|    |      |15|00|103|N| 20016058000|N|2|      16|0|        |PENNINGTON CO .99MI S OF JCT U                    
S|46|000200|7|2|22|4R|2|T|2|3|N|2|3|F|15|T|0|0|T|2|P|L|P|        1600|      |43914140|103439345|    |      |15|00|103|N| 20016058000|N|2|      16|0|        |PENNINGTON CO .99MI S OF JCT U                    
S|46|000202|3|1|22|3R|2|T|2|3|N|1|3|F|15| |0|0| |2|L|P|P|000000001400|      |44388188|103712224|    |      |91|00|081|Y|411014041950|N|3|00000014|0|        |LAWRENCE EAST OF US85 DEADWOOD                    
S|46|000202|7|1|22|3R|2|T|2|3|N|1|3|F|15| |0|0| |2|L|P|P|000000001400|      |44388188|103712224|    |      |91|00|081|Y|411014041950|N|3|00000014|0|        |LAWRENCE EAST OF US85 DEADWOOD                    
S|46|000204|1|1|22|3R|2|T|2|3|N|1|3|F|15| |0|0| |2|P|L|P|000000008500|      |44454153|103721101|    |      |95|00|081|Y|410085034870|Y|2|00000085|0|        |LAWRENCE 2 MI SOUTH OF I90                        
S|46|000204|1|2|22|3R|2|T|2|3|N|1|3|F|15| |0|0| |2|P|L|P|000000008500|      |44454153|103721101|    |      |95|00|081|Y|410085034870|Y|2|00000085|0|        |LAWRENCE 2 MI SOUTH OF I90                        
S|46|000204|5|1|22|3R|2|T|2|3|N|1|3|F|15| |0|0| |2|P|L|P|000000008500|      |44454153|103721101|    |      |95|00|081|Y|410085034870|Y|2|00000085|0|        |LAWRENCE 2 MI SOUTH OF I90                        
S|46|000204|5|2|22|3R|2|T|2|3|N|1|3|F|15| |0|0| |2|P|L|P|000000008500|      |44454153|103721101|    |      |95|00|081|Y|410085034870|Y|2|00000085|0|        |LAWRENCE 2 MI SOUTH OF I90                        
S|46|000602|3|1|22|3R|1|T|1|3| |0|0| |15| |0|0| |2|L|L|P|000000000000|      |43536737| 96734557|    |      |97|00|099|Y|SX262O020700|N|0|00000000|0|        |BETWEEN DULUTH & NORTON IN SIO                    
S|46|000602|7|1|22|3R|1|T|1|3| |0|0| |15| |0|0| |2|L|L|P|000000000000|      |43536737| 96734557|    |      |97|00|099|Y|SX262O020700|N|0|00000000|0|        |BETWEEN DULUTH & NORTON IN SIO                    
S|46|000603|3|1|22|3R|2|T|2|3| |0|0| |15| |0|0| |2|P|L|P|000000001400|228000|44370121|100372471|    |      |66|00|117|N|000014227900|Y|2|00000014|0|        |EAST OF JCT 14-83/34 MISSOURI                     
S|46|000603|3|2|22|3R|2|T|2|3| |0|0| |15| |0|0| |2|P|L|P|000000001400|228000|44370121|100372471|    |      |66|00|117|N|000014227900|Y|2|00000014|0|        |EAST OF JCT 14-83/34 MISSOURI                     
S|46|000603|7|1|22|3R|2|T|2|3| |0|0| |15| |0|0| |2|P|L|P|000000001400|228000|44370121|100372471|    |      |66|00|117|N|000014227900|Y|2|00000014|0|        |EAST OF JCT 14-83/34 MISSOURI                     
S|46|000603|7|2|22|3R|2|T|2|3| |0|0| |15| |0|0| |2|P|L|P|000000001400|228000|44370121|100372471|    |      |66|00|117|N|000014227900|Y|2|00000014|0|        |EAST OF JCT 14-83/34 MISSOURI                     
S|46|000604|1|1|22|3R|2|T|2|3| |0|0| |15| |0|0| |2|L|L|P|000000028100|194000|45459018| 98393322|    |      |66|00|013|Y|070281193080|N|2|00000281|0|        |BROWN CO .50MI N OF E JCT US28                    
S|46|000604|1|2|22|3R|2|T|2|3| |0|0| |15| |0|0| |2|L|L|P|000000028100|194000|45459018| 98393322|    |      |66|00|013|Y|070281193080|N|2|00000281|0|        |BROWN CO .50MI N OF E JCT US28                    
S|46|000604|5|1|22|3R|2|T|2|3| |0|0| |13| |0|0| |2|L|L|P|000000028100|194000|45459018| 98393322|    |      |66|00|013|Y|070281193080|N|2|00000281|0|        |BROWN CO .50MI N OF E JCT US28                    
S|46|000604|5|2|22|3R|2|T|2|3| |0|0| |13| |0|0| |2|L|L|P|000000028100|194000|45459018| 98393322|    |      |66|00|013|Y|070281193080|N|2|00000281|0|        |BROWN CO .50MI N OF E JCT US28                    
S|46|000605|3|1|22|3R|2|T|2|3| |0|0| |13| |0|0| |2|L|L|P|           0|      |43546680| 96699840|    |      |66|00|000|N| 5.00042E+11|N|0|       0|0|        |MINN CO .10MI E OF JCT 10TH ST                    
S|46|000605|3|2|22|3R|2|T|2|3| |0|0| |13| |0|0| |2|L|L|P|           0|      |43546680| 96699840|    |      |66|00|000|N| 5.00042E+11|N|0|       0|0|        |MINN CO .10MI E OF JCT 10TH ST                    
S|46|000605|7|1|22|3R|2|T|2|3| |0|0| |13| |0|0| |2|L|L|P|           0|      |43546680| 96699840|    |      |66|00|000|N| 5.00042E+11|N|0|       0|0|        |MINN CO .10MI E OF JCT 10TH ST                    
S|46|000605|7|2|22|3R|2|T|2|3| |0|0| |13| |0|0| |2|L|L|P|           0|      |43546680| 96699840|    |      |66|00|000|N| 5.00042E+11|N|0|       0|0|        |MINN CO .10MI E OF JCT 10TH ST                    
S|46|000609|1|1|22|3U|2|T|2|3|N|4|3|F|15| |0|0| |2|P|L|P|000000000000|      |44072012|103226812|    |      |66|00|103|Y|RJ755O030400|N|0|00000000|0|        |PENN CO .10MI S OF JCT 5TH/ST                     
S|46|000609|1|2|22|3U|2|T|2|3|N|4|3|F|15| |0|0| |2|P|L|P|000000000000|      |44072012|103226812|    |      |66|00|103|Y|RJ755O030400|N|0|00000000|0|        |PENN CO .10MI S OF JCT 5TH/ST                     
S|46|000609|5|1|22|3U|2|T|2|3|N|4|3|F|15| |0|0| |2|P|L|P|000000000000|      |44072012|103226812|    |      |66|00|103|Y|RJ755O030400|N|0|00000000|0|        |PENN CO .10MI S OF JCT 5TH/ST                     
S|46|000609|5|2|22|3U|2|T|2|3|N|4|3|F|15| |0|0| |2|P|L|P|000000000000|      |44072012|103226812|    |      |66|00|103|Y|RJ755O030400|N|0|00000000|0|        |PENN CO .10MI S OF JCT 5TH/ST                     
S|46|000610|1|1|22|1U|3|T|3|3| |0|0| |13| |0|0| |2|L|L|P|000000022900|      |43506654| 96741549|    |      |84|00|099|Y|000229002080|Y|0|00000229|0|        |MINN CO .25MI W MINNESOTA AVE                     
S|46|000610|1|2|22|1U|3|T|3|3| |0|0| |13| |0|0| |2|L|L|P|000000022900|      |43506654| 96741549|    |      |84|00|099|Y|000229002080|Y|0|00000229|0|        |MINN CO .25MI W MINNESOTA AVE                     
S|46|000610|1|3|22|1U|3|T|3|3| |0|0| |13| |0|0| |2|L|L|P|000000022900|      |43506654| 96741549|    |      |84|00|099|Y|000229002080|Y|0|00000229|0|        |MINN CO .25MI W MINNESOTA AVE                     
S|46|000610|5|1|22|1U|3|T|3|3| |0|0| |13| |0|0| |2|L|L|P|000000022900|      |43506654| 96741549|    |      |84|00|099|Y|000229002080|Y|0|00000229|0|        |MINN CO .25MI W MINNESOTA AVE                     
S|46|000610|5|2|22|1U|3|T|3|3| |0|0| |13| |0|0| |2|L|L|P|000000022900|      |43506654| 96741549|    |      |84|00|099|Y|000229002080|Y|0|00000229|0|        |MINN CO .25MI W MINNESOTA AVE                     
S|46|000610|5|3|22|1U|3|T|3|3| |0|0| |13| |0|0| |2|L|L|P|000000022900|      |43506654| 96741549|    |      |84|00|099|Y|000229002080|Y|0|00000229|0|        |MINN CO .25MI W MINNESOTA AVE                     
S|46|000611|3|1|22|1U|3|T|3|3| |0|0| |13| |0|0| |2|L|L|P|000000009000|      |44105108|103227938|    |      |89|00|103|Y|000090057720|Y|0|00000090|0|        |PENN CO .10MI E OF JCT I90-I19                    
S|46|000611|3|2|22|1U|3|T|3|3| |0|0| |13| |0|0| |2|L|L|P|000000009000|      |44105108|103227938|    |      |89|00|103|Y|000090057720|Y|0|00000090|0|        |PENN CO .10MI E OF JCT I90-I19                    
S|46|000611|3|3|22|1U|3|T|3|3| |0|0| |13| |0|0| |2|L|L|P|000000009000|      |44105108|103227938|    |      |89|00|103|Y|000090057720|Y|0|00000090|0|        |PENN CO .10MI E OF JCT I90-I19                    
S|46|000611|7|1|22|1U|3|T|3|3| |0|0| |13| |0|0| |2|L|L|P|000000009000|      |44105108|103227938|    |      |89|00|103|Y|000090057720|Y|0|00000090|0|        |PENN CO .10MI E OF JCT I90-I19                    
S|46|000611|7|2|22|1U|3|T|3|3| |0|0| |13| |0|0| |2|L|L|P|000000009000|      |44105108|103227938|    |      |89|00|103|Y|000090057720|Y|0|00000090|0|        |PENN CO .10MI E OF JCT I90-I19                    
S|46|000611|7|3|22|1U|3|T|3|3| |0|0| |13| |0|0| |2|L|L|P|000000009000|      |44105108|103227938|    |      |89|00|103|Y|000090057720|Y|0|00000090|0|        |PENN CO .10MI E OF JCT I90-I19                    
S|46|000612|1|1|22|4U|1|T|1|3| |0|0| |13| |0|0| |2|W| |P|           0|      |44299592| 96768263|    |      |84|00|000|N|CZ770O016500|N|0|       0|0|        |BROOKINGS CO 22ND/ORCHARD & DE                    
S|46|000612|1|2|22|4U|1|T|1|3| |0|0| |13| |0|0| |2|W| |P|           0|      |44299592| 96768263|    |      |84|00|000|N|CZ770O016500|N|0|       0|0|        |BROOKINGS CO 22ND/ORCHARD & DE                    
S|46|000612|5|1|22|4U|1|T|1|3| |0|0| |13| |0|0| |2|W| |P|           0|      |44299592| 96768263|    |      |84|00|000|N|CZ770O016500|N|0|       0|0|        |BROOKINGS CO 22ND/ORCHARD & DE                    
S|46|000612|5|2|22|4U|1|T|1|3| |0|0| |13| |0|0| |2|W| |P|           0|      |44299592| 96768263|    |      |84|00|000|N|CZ770O016500|N|0|       0|0|        |BROOKINGS CO 22ND/ORCHARD & DE                    
S|46|000612|5|3|22|4U|1|T|1|3| |0|0| |13| |0|0| |2|W| |P|           0|      |44299592| 96768263|    |      |84|00|000|N|CZ770O016500|N|0|       0|0|        |BROOKINGS CO 22ND/ORCHARD & DE                    
S|46|000613|3|1|22|3U|1|T|1|3| |0|0| |13| |0|0| |2|L|L|P|           0|      |44096740|103220319|    |      |84|00|103|N|RJ211O042800|N|0|       0|0|        |PENN CO ANAMOSA BTWN WOOD&WILL                    
S|46|000613|7|1|22|3U|1|T|1|3| |0|0| |13| |0|0| |2|L|L|P|           0|      |44096740|103220319|    |      |84|00|103|N|RJ211O042800|N|0|       0|0|        |PENN CO ANAMOSA BTWN WOOD&WILL                    
S|46|000613|7|2|22|3U|1|T|1|3| |0|0| |13| |0|0| |2|L|L|P|           0|      |44096740|103220319|    |      |84|00|103|N|RJ211O042800|N|0|       0|0|        |PENN CO ANAMOSA BTWN WOOD&WILL                    
S|46|000614|3|1|22|7U|1|T|1|3| |0|0| |13| |0|0| |2|L|L|P|           0|      |42782535| 96938374|    |      |84|00|000|N|           0|N|0|       0|0|        |CLAY CO-W CLARK ST W OF FRANKL                    
S|46|000614|7|1|22|7U|1|T|1|3| |0|0| |13| |0|0| |2|L|L|P|           0|      |42782535| 96938374|    |      |84|00|000|N|           0|N|0|       0|0|        |CLAY CO-W CLARK ST W OF FRANKL                    
S|46|000619|3|1|22|4U|1|T|1|3| |0|0| |13| |0|0| |2|L|L|P|000000000000|      |43529351| 96722743|    |      |84|00|099|Y|SX270O021500|N|0|00000000|0|        |MINN CO 26TH BTWN 4TH & 2ND AV                    
S|46|000619|7|1|22|4U|1|T|1|3| |0|0| |13| |0|0| |2|L|L|P|000000000000|      |43529351| 96722743|    |      |84|00|099|Y|SX270O021500|N|0|00000000|0|        |MINN CO 26TH BTWN 4TH & 2ND AV                    
S|46|000619|7|2|22|4U|1|T|1|3| |0|0| |13| |0|0| |2|L|L|P|000000000000|      |43529351| 96722743|    |      |84|00|099|Y|SX270O021500|N|0|00000000|0|        |MINN CO 26TH BTWN 4TH & 2ND AV                    
S|46|000622|3|1|22|1U|2|T|2|3| |0|0| |13| |0|0| |2|L|L|P|000000009000|      |44109003|103127706|    |      |89|00|103|Y|000090061840|Y|1|00000090|0|        |PENNINGTON CO 4.9MI E OF JCT I                    
S|46|000622|3|2|22|1U|2|T|2|3| |0|0| |13| |0|0| |2|L|L|P|000000009000|      |44109003|103127706|    |      |89|00|103|Y|000090061840|Y|1|00000090|0|        |PENNINGTON CO 4.9MI E OF JCT I                    
S|46|000622|7|1|22|1U|2|T|2|3| |0|0| |13| |0|0| |2|L|L|P|000000009000|      |44109003|103127706|    |      |89|00|103|Y|000090061840|Y|1|00000090|0|        |PENNINGTON CO 4.9MI E OF JCT I                    
S|46|000622|7|2|22|1U|2|T|2|3| |0|0| |13| |0|0| |2|L|L|P|000000009000|      |44109003|103127706|    |      |89|00|103|Y|000090061840|Y|1|00000090|0|        |PENNINGTON CO 4.9MI E OF JCT I                    
S|46|000801|1|1|22|3R|1|T|1|3|H|1|3|F|15|T|1|5|T|2|B|L|L|000000003700|      |43455779| 97997574|    |      |01|00|067|Y|340037052859|Y|3|00000037|0|        |HUTCHINSON CO NORTH OF PARKSTO                    
S|46|000801|5|1|22|3R|1|T|1|3|H|1|3|F|15|T|1|5|T|2|B|L|L|000000003700|      |43455779| 97997574|    |      |01|00|067|Y|340037052859|Y|3|00000037|0|        |HUTCHINSON CO NORTH OF PARKSTO                    
S|46|000802|3|1|22|3R|1|T|1|3|H|1|3|F|15|T|1|5|T|2|B|L|L|000000001800|215000|43303464|100532339|    |      |96|00|121|N|000018209690|Y|2|00000018|0|        |TODD CO EAST OF MISSION                           
S|46|000802|7|1|22|3R|1|T|1|3|H|1|3|F|15|T|1|5|T|2|B|L|L|000000001800|215000|43303464|100532339|    |      |96|00|121|N|000018209690|Y|2|00000018|0|        |TODD CO EAST OF MISSION                           
S|46|000804|1|1|22|3R|1|T|1|3|H|1|3|F|15|T|1|5|T|2|B|L|L|000000008300|165000|44883464|100082076|    |      |99|00|119|N|000083158630|Y|2|00000083|0|        |SULLY CO NORTH OF AGAR                            
S|46|000804|5|1|22|3R|1|T|1|3|H|1|3|F|15|T|1|5|T|2|B|L|L|000000008300|165000|44883464|100082076|    |      |99|00|119|N|000083158630|Y|2|00000083|0|        |SULLY CO NORTH OF AGAR                            
S|46|000805|3|1|22|1R|1|T|1|3|H|1|3|F|15|T|1|5|T|2|B|L|L|000000009000|211000|43911399|100346546|    |      |99|00|085|Y|000090210140|Y|1|00000090|0|        |LYMAN CO WEST OF VIVIAN                           
S|46|000805|3|2|22|1R|1|T|1|3|H|1|3|F|15|T|1|5|T|2|B|L|L|000000009000|211000|43911399|100346546|    |      |99|00|085|Y|000090210140|Y|1|00000090|0|        |LYMAN CO WEST OF VIVIAN                           
S|46|000805|7|1|22|1R|1|T|1|3|H|1|3|F|15|T|1|5|T|2|B|L|L|000000009000|211000|43911399|100346546|    |      |99|00|085|Y|000090210140|Y|1|00000090|0|        |LYMAN CO WEST OF VIVIAN                           
S|46|000805|7|2|22|1R|1|T|1|3|H|1|3|F|15|T|1|5|T|2|B|L|L|000000009000|211000|43911399|100346546|    |      |99|00|085|Y|000090210140|Y|1|00000090|0|        |LYMAN CO WEST OF VIVIAN                           
S|46|000806|1|1|22|1R|1|T|1|3|H|1|3|F|15|T|1|5|T|2|B|L|L|        2900|      |43630640| 96769888|    |      |99|00|000|N|    29084390|N|1|     029|0|        |MINNEHAHA CO NORTH OF SIOUX FA                    
S|46|000806|1|2|22|1R|1|T|1|3|H|1|3|F|15|T|1|5|T|2|B|L|L|        2900|      |43630640| 96769888|    |      |99|00|000|N|    29084390|N|1|      29|0|        |MINNEHAHA CO NORTH OF SIOUX FA                    
S|46|000806|5|1|22|1R|1|T|1|3|H|1|3|F|15|T|1|5|T|2|B|L|L|        2900|      |43630640| 96769888|    |      |99|00|000|N|    29084390|N|1|      29|0|        |MINNEHAHA CO NORTH OF SIOUX FA                    
S|46|000806|5|2|22|1R|1|T|1|3|H|1|3|F|15|T|1|5|T|2|B|L|L|        2900|      |43630640| 96769888|    |      |99|00|000|N|    29084390|N|1|      29|0|        |MINNEHAHA CO NORTH OF SIOUX FA                    
S|46|000807|3|1|22|1R|1|T|1|3|H|1|3|F|15|T|1|5|T|2|B|L|L|000000009000|343000|43665649| 97807574|    |      |02|00|061|Y|000090335430|Y|1|00000090|0|        |HANSON CO EAST OF MITCHELL                        
S|46|000807|3|2|22|1R|1|T|1|3|H|1|3|F|15|T|1|5|T|2|B|L|L|000000009000|343000|43665649| 97807574|    |      |02|00|061|Y|000090335430|Y|1|00000090|0|        |HANSON CO EAST OF MITCHELL                        
S|46|000807|7|1|22|1R|1|T|1|3|H|1|3|F|15|T|1|5|T|2|B|L|L|000000009000|343000|43665649| 97807574|    |      |02|00|061|Y|000090335430|Y|1|00000090|0|        |HANSON CO EAST OF MITCHELL                        
S|46|000807|7|2|22|1R|1|T|1|3|H|1|3|F|15|T|1|5|T|2|B|L|L|000000009000|343000|43665649| 97807574|    |      |02|00|061|Y|000090335430|Y|1|00000090|0|        |HANSON CO EAST OF MITCHELL                        
S|46|000809|1|1|22|1R|1|T|1|3|H|1|3|F|15|T|1|5|T|2|B|L|L|000000002900|290000|42646408| 96630271|    |      |05|00|127|Y|000029025000|Y|1|00000029|0|        |UNION CO  SOUTH OF ELK POINT                      
S|46|000809|1|2|22|1R|1|T|1|3|H|1|3|F|15|T|1|5|T|2|B|L|L|000000002900|290000|42646408| 96630271|    |      |05|00|127|Y|000029025000|Y|1|00000029|0|        |UNION CO  SOUTH OF ELK POINT                      
S|46|000809|5|1|22|1R|1|T|1|3|H|1|3|F|15|T|1|5|T|2|B|L|L|000000002900|290000|42646408| 96630271|    |      |05|00|127|Y|000029025000|Y|1|00000029|0|        |UNION CO  SOUTH OF ELK POINT                      
S|46|000809|5|2|22|1R|1|T|1|3|H|1|3|F|15|T|1|5|T|2|B|L|L|000000002900|290000|42646408| 96630271|    |      |05|00|127|Y|000029025000|Y|1|00000029|0|        |UNION CO  SOUTH OF ELK POINT                      
S|46|000811|1|1|22|3R|1|T|1|3|H|1|3|F|15|T|1|5|T|2|B|L|L|000000008500|      |44601730|103860951|    |      |06|00|019|N|000085050140|Y|2|00000085|0|        |BUTTE CO SOUTH OF BELLE FOURCH                    
S|46|000811|1|2|22|3R|1|T|1|3|H|1|3|F|15|T|1|5|T|2|B|L|L|000000008500|      |44601730|103860951|    |      |06|00|019|N|000085050140|Y|2|00000085|0|        |BUTTE CO SOUTH OF BELLE FOURCH                    
S|46|000811|5|1|22|3R|1|T|1|3|H|1|3|F|15|T|1|5|T|2|B|L|L|000000008500|      |44601730|103860951|    |      |06|00|019|N|000085050140|Y|2|00000085|0|        |BUTTE CO SOUTH OF BELLE FOURCH                    
S|46|000811|5|2|22|3R|1|T|1|3|H|1|3|F|15|T|1|5|T|2|B|L|L|000000008500|      |44601730|103860951|    |      |06|00|019|N|000085050140|Y|2|00000085|0|        |BUTTE CO SOUTH OF BELLE FOURCH                    
S|46|000812|1|1|22|3R|2|T|1|3|H|1|3|F|15|T|4|5|T|2|B|L|L|        7907|100043|43999000|103180000|    |      |15|00|103|N|  5200790732|N|2|      79|0|        |South of Rapid City                               
S|46|000812|1|2|22|3R|2|T|1|3|H|1|3|F|15|T|4|5|T|2|B|L|L|        7907|100043|43999000|103180000|    |      |15|00|103|N|  5200790732|N|2|      79|0|        |South of Rapid City                               
S|46|000812|5|1|22|3R|2|T|1|3|H|1|3|F|15|T|4|5|T|2|B|L|L|        7907|100043|43999000|103180000|    |      |15|00|103|N|  5200790732|N|2|      79|0|        |South of Rapid City                               
S|46|000812|5|2|22|3R|2|T|1|3|H|1|3|F|15|T|4|5|T|2|B|L|L|        7907|100043|43999000|103180000|    |      |15|00|103|N|  5200790732|N|2|      79|0|        |South of Rapid City                               
S|46|000813|3|1|22|1R|2|T|2|3|H|2|3|F|15|T|2|5|T|2|B|L|L|      412560|      |43608887| 96461030|    |      |20|00|000|N|410570Y10000|N|0|10000009|0|        |Valley Springs                                    
S|46|000813|3|2|22|1R|2|T|2|3|H|2|3|F|15|T|2|5|T|2|B|L|L|      412560|      |43608887| 96461030|    |      |20|00|000|N|410570Y10000|N|0|10000009|0|        |Valley Springs                                    
S|46|000813|7|1|22|1R|2|T|2|3|H|2|3|F|15|T|2|5|T|2|B|L|L|      412560|      |43608887| 96461030|    |      |20|00|000|N|410570Y10000|N|0|10000009|0|        |Valley Springs                                    
S|46|000813|7|2|22|1R|2|T|2|3|H|2|3|F|15|T|2|5|T|2|B|L|L|      412560|      |43608887| 96461030|    |      |20|00|000|N|410570Y10000|N|0|10000009|0|        |Valley Springs                                    
S|46|000901|3|1|22|1R|1|T|1|3|H|1|3|F|15|B|1|5|T|2|B|L|L|        2902|900004|44324664|103435561|    |      |11|00|000|N|    29231980|N|1|      90|0|        |MEADE CO EAST OF TILFORD                          
S|46|000901|3|2|22|1R|1|T|1|3|H|1|3|F|15|B|1|5|T|2|B|L|L|        2902|900004|44324664|103435561|    |      |11|00|000|N|    29231980|N|1|      90|0|        |MEADE CO EAST OF TILFORD                          
S|46|000901|7|1|22|1R|1|T|1|3|H|1|3|F|15|B|1|5|T|2|B|L|L|        2902|900004|44324664|103435561|    |      |11|00|000|N|    29231980|N|1|      90|0|        |MEADE CO EAST OF TILFORD                          
S|46|000901|7|2|22|1R|1|T|1|3|H|1|3|F|15|B|1|5|T|2|B|L|L|        2902|900004|44324664|103435561|    |      |11|00|000|N|    29231980|N|1|      90|0|        |MEADE CO EAST OF TILFORD                          
S|46|000903|3|1|22|3R|1|T|1|3|H|1|3|F|15|B|1|5|T|2|B|L|L|000000001200|307000|45457754| 98152935|    |      |92|00|013|Y|070012302798|Y|2|00000012|0|        |BROWN CO EAST OF ABERDEEN                         
S|46|000903|3|2|22|3R|1|T|1|3|H|1|3|F|15|B|1|5|T|2|B|L|L|000000001200|307000|45457754| 98152935|    |      |92|00|013|Y|070012302798|Y|2|00000012|0|        |BROWN CO EAST OF ABERDEEN                         
S|46|000903|7|1|22|3R|1|T|1|3|H|1|3|F|15|B|1|5|T|2|B|L|L|000000001200|307000|45457754| 98152935|    |      |92|00|013|Y|070012302798|Y|2|00000012|0|        |BROWN CO EAST OF ABERDEEN                         
S|46|000903|7|2|22|3R|1|T|1|3|H|1|3|F|15|B|1|5|T|2|B|L|L|000000001200|307000|45457754| 98152935|    |      |92|00|013|Y|070012302798|Y|2|00000012|0|        |BROWN CO EAST OF ABERDEEN                         
S|46|000909|3|1|22|3R|1|T|1|3|H|1|3|F|15|B|1|5|T|2|B|L|L|000000001400|368000|44368299| 97733411|    |      |96|00|077|Y|390014365000|Y|2|00000014|0|        |KINGSBURY CO WEST OF MANCHESTE                    
S|46|000909|7|1|22|3R|1|T|1|3|H|1|3|F|15|B|1|5|T|2|B|L|L|000000001400|368000|44368299| 97733411|    |      |96|00|077|Y|390014365000|Y|2|00000014|0|        |KINGSBURY CO WEST OF MANCHESTE                    
S|46|000910|1|1|22|1R|1|T|1|3|H|1|3|F|15|B|1|5|T|2|B|L|L|000000002900|229000|45630702| 96989979|    |      |99|00|109|Y|000029223950|Y|1|00000029|0|        |ROBERTS CO SOUTH OF SISSETON                      
S|46|000910|1|2|22|1R|1|T|1|3|H|1|3|F|15|B|1|5|T|2|B|L|L|000000002900|229000|45630702| 96989979|    |      |99|00|109|Y|000029223950|Y|1|00000029|0|        |ROBERTS CO SOUTH OF SISSETON                      
S|46|000910|5|1|22|1R|1|T|1|3|H|1|3|F|15|B|1|5|T|2|B|L|L|000000002900|229000|45630702| 96989979|    |      |99|00|109|Y|000029223950|Y|1|00000029|0|        |ROBERTS CO SOUTH OF SISSETON                      
S|46|000910|5|2|22|1R|1|T|1|3|H|1|3|F|15|B|1|5|T|2|B|L|L|000000002900|229000|45630702| 96989979|    |      |99|00|109|Y|000029223950|Y|1|00000029|0|        |ROBERTS CO SOUTH OF SISSETON                      
S|46|000922|3|1|22|3R|1|T|1|3|H|1|3|F|15|N|1|5|C|2|E|N|P|000000001400|245000|44493200|100086499|0000|    99|17|65|000|Y|014233938Y20|Y|0|00014	  |0|  WEST O|F JCT US14 & 83                                   
S|46|000922|5|1|22|3R|1|T|1|3|H|1|3|F|15|N|1|5|C|2|E|N|P|000000001400|245000|44493200|100086499|0000|    99|17|65|000|Y|014233938Y20|Y|0|00014	  |0|  WEST O|F JCT US14 & 83                                   
S|46|000922|7|1|22|3R|1|T|1|3|H|1|3|F|15|N|1|5|C|2|E|N|P|000000001400|245000|44493200|100086499|0000|    99|17|65|000|Y|014233938Y20|Y|0|00014	  |0|  WEST O|F JCT US14 & 83                                   
S|46|000923|3|1|22|3R|1|T|1|3|H|1|3|F|15|H|1|5|C|2|E|N|P|000000001401|248000|44512799|100036068|	   |   17 |17|65|000|Y|014247830Y20|Y|0|00083	  |0|  EAST O|F JCT US14 & 83                                   
S|46|000923|7|1|22|3R|1|T|1|3|H|1|3|F|15|H|1|5|C|2|E|N|P|000000001401|248000|44512799|100036068|	   |   17 |17|65|000|Y|014247830Y20|Y|0|00083	  |0|  EAST O|F JCT US14 & 83                                   
S|46|000924|1|1|22|3R|1|T|1|3|H|1|3|F|15|T|1|5|S|2|E|N|P|000000001402|140000|44522488|100067789|	   |   17 |17|65|000|N|         Y20|Y|0|00015   |0|     NOR|TH OF JCT US14 & 83                               
S|46|000924|5|1|22|3R|1|T|1|3|H|1|3|F|15|T|1|5|S|2|E|N|P|000000001402|140000|44522488|100067789|	   |   17 |17|65|000|N|         Y20|Y|0|00015   |0|     NOR|TH OF JCT US14 & 83                               
