Record_Type|Year_Record|State_Code|Station_Id|Travel_Dir|Travel_Lane|F_System|Num_Lanes|Sample_Type_Volume|Num_Lanes_Volume|Method_Volume|Sample_Type_Class|Num_Lanes_Class|Method_Class|Algorithm_Volume|Num_Classes|Sample_Type_Truck|Num_Lanes_Truck|Method_Truck|Calibration|Data_Retrieval|Type_Sensor_1|Type_Sensor_2|Primary_Purpose|LRS_Id|LRS_Point|Latitude|Longitude|SHRP_Id|Prev_Station_Id|Year_Established|Year_Discontinued|County_Code|Is_Sample|Sample_Id|NHS|Posted_Route_Signing|Posted_Signed_Route|Con_Route_Signing|Con_Signed_Route|Station_Location
S|47|000003|1|1|22|3U|2|N|2|3|N|2|3|D|13|N|2|5|A|1|H|N|P|7801S0712109|      |35773695| 83538119|    |      |70|00|155|N|7801S0712109|N|3|000SR071|0|        |XXXXXXXXXXXXXXXXXXXXXXXXXXXXXX                    
S|47|000003|1|2|22|3U|2|N|2|3|N|2|3|D|13|N|2|5|A|1|H|N|P|7801S0712109|      |35773695| 83538119|    |      |70|00|155|N|7801S0712109|N|3|000SR071|0|        |XXXXXXXXXXXXXXXXXXXXXXXXXXXXXX                    
S|47|000003|5|1|22|3U|2|N|2|3|N|2|3|D|13|N|2|5|A|1|H|N|P|7801S0712109|      |35773695| 83538119|    |      |70|00|155|N|7801S0712109|N|3|000SR071|0|        |XXXXXXXXXXXXXXXXXXXXXXXXXXXXXX                    
S|47|000003|5|2|22|3U|2|N|2|3|N|2|3|D|13|N|2|5|A|1|H|N|P|7801S0712109|      |35773695| 83538119|    |      |70|00|155|N|7801S0712109|N|3|000SR071|0|        |XXXXXXXXXXXXXXXXXXXXXXXXXXXXXX                    
S|47|000004|1|1|22|2U|2|N|2|3|N|2|3|D|13|N|2|5|A|1|H|N|P|190113250185|      |36200954| 86751158|    |      |12|00|037|Y|190113250185|N|0|00001325|0|        |XXXXXXXXXXXXXXXXXXXXXXXXXXXXXX                    
S|47|000004|1|2|22|2U|2|N|2|3|N|2|3|D|13|N|2|5|A|1|H|N|P|190113250185|      |36200954| 86751158|    |      |12|00|037|Y|190113250185|N|0|00001325|0|        |XXXXXXXXXXXXXXXXXXXXXXXXXXXXXX                    
S|47|000004|5|1|22|2U|2|N|2|3|N|2|3|D|13|N|2|5|A|1|H|N|P|190113250185|      |36200954| 86751158|    |      |12|00|037|Y|190113250185|N|0|00001325|0|        |XXXXXXXXXXXXXXXXXXXXXXXXXXXXXX                    
S|47|000004|5|2|22|2U|2|N|2|3|N|2|3|D|13|N|2|5|A|1|H|N|P|190113250185|      |36200954| 86751158|    |      |12|00|037|Y|190113250185|N|0|00001325|0|        |XXXXXXXXXXXXXXXXXXXXXXXXXXXXXX                    
S|47|000005|1|1|22|2U|2|N|2|3|N|2|3|D|13|N|2|5|A|1|H|N|P|7101S1110077|      |36094693| 85505211|    |      |89|00|141|Y|7101S1110077|N|3|000SR111|0|        |XXXXXXXXXXXXXXXXXXXXXXXXXXXXXX                    
S|47|000005|1|2|22|2U|2|N|2|3|N|2|3|D|13|N|2|5|A|1|H|N|P|7101S1110077|      |36094693| 85505211|    |      |89|00|141|Y|7101S1110077|N|3|000SR111|0|        |XXXXXXXXXXXXXXXXXXXXXXXXXXXXXX                    
S|47|000005|5|1|22|2U|2|N|2|3|N|2|3|D|13|N|2|5|A|1|H|N|P|7101S1110077|      |36094693| 85505211|    |      |89|00|141|Y|7101S1110077|N|3|000SR111|0|        |XXXXXXXXXXXXXXXXXXXXXXXXXXXXXX                    
S|47|000005|5|2|22|2U|2|N|2|3|N|2|3|D|13|N|2|5|A|1|H|N|P|7101S1110077|      |36094693| 85505211|    |      |89|00|141|Y|7101S1110077|N|3|000SR111|0|        |XXXXXXXXXXXXXXXXXXXXXXXXXXXXXX                    
S|47|000006|1|1|22|4R|1|N|1|3|N|1|3|D|13|N|1|5|A|1|H|N|P|7501S0020241|      |35804018| 86364657|    |      |70|00|149|Y|7501S0020241|Y|3|000SR002|0|        |XXXXXXXXXXXXXXXXXXXXXXXXXXXXXX                    
S|47|000006|5|1|22|4R|1|N|1|3|N|1|3|D|13|N|1|5|A|1|H|N|P|7501S0020241|      |35804018| 86364657|    |      |70|00|149|Y|7501S0020241|Y|3|000SR002|0|        |XXXXXXXXXXXXXXXXXXXXXXXXXXXXXX                    
S|47|000007|1|1|22|2U|2|N|2|3|N|2|3|D|13|N|2|5|A|1|H|N|P|6001S0061973|      |35626724| 87075772|    |      |12|00|119|N|6001S0061973|Y|3|000SR006|0|        |XXXXXXXXXXXXXXXXXXXXXXXXXXXXXX                    
S|47|000007|1|2|22|2U|2|N|2|3|N|2|3|D|13|N|2|5|A|1|H|N|P|6001S0061973|      |35626724| 87075772|    |      |12|00|119|N|6001S0061973|Y|3|000SR006|0|        |XXXXXXXXXXXXXXXXXXXXXXXXXXXXXX                    
S|47|000007|5|1|22|2U|2|N|2|3|N|2|3|D|13|N|2|5|A|1|H|N|P|6001S0061973|      |35626724| 87075772|    |      |12|00|119|N|6001S0061973|Y|3|000SR006|0|        |XXXXXXXXXXXXXXXXXXXXXXXXXXXXXX                    
S|47|000007|5|2|22|2U|2|N|2|3|N|2|3|D|13|N|2|5|A|1|H|N|P|6001S0061973|      |35626724| 87075772|    |      |12|00|119|N|6001S0061973|Y|3|000SR006|0|        |XXXXXXXXXXXXXXXXXXXXXXXXXXXXXX                    
S|47|000008|1|1|22|4R|1|N|1|3|N|1|3|D|13|N|1|5|A|1|H|N|P|7301S0580763|      |35808813| 84557077|    |      |08|00|145|N|7301S0580763|N|3|000SR058|0|        |XXXXXXXXXXXXXXXXXXXXXXXXXXXXXX                    
S|47|000008|5|1|22|4R|1|N|1|3|N|1|3|D|13|N|1|5|A|1|H|N|P|7301S0580763|      |35808813| 84557077|    |      |08|00|145|N|7301S0580763|N|3|000SR058|0|        |XXXXXXXXXXXXXXXXXXXXXXXXXXXXXX                    
S|47|000009|3|1|22|3U|1|N|1|3|N|1|3|D|13|N|1|5|A|1|H|N|P|3801S0011484|      |35578873| 89285497|    |      |70|00|075|N|3801S0011484|N|3|000SR001|0|        |XXXXXXXXXXXXXXXXXXXXXXXXXXXXXX                    
S|47|000009|7|1|22|3U|1|N|1|3|N|1|3|D|13|N|1|5|A|1|H|N|P|3801S0011484|      |35578873| 89285497|    |      |70|00|075|N|3801S0011484|N|3|000SR001|0|        |XXXXXXXXXXXXXXXXXXXXXXXXXXXXXX                    
S|47|000010|3|1|22|6R|1|N|1|3|N|1|3|D|13|N|1|5|A|1|H|N|P|3101S1080614|      |35372672| 86500150|    |      |08|00|061|N|3101S1080614|N|3|000SR108|0|        |XXXXXXXXXXXXXXXXXXXXXXXXXXXXXX                    
S|47|000010|7|1|22|6R|1|N|1|3|N|1|3|D|13|N|1|5|A|1|H|N|P|3101S1080614|      |35372672| 86500150|    |      |08|00|061|N|3101S1080614|N|3|000SR108|0|        |XXXXXXXXXXXXXXXXXXXXXXXXXXXXXX                    
S|47|000012|1|1|22|5R|1|N|1|3|N|1|3|D|13|N|1|5|A|1|H|N|P|4101S0451858|      |35841881| 87438654|    |      |70|00|081|N|4101S0451858|N|3|000SR045|0|        |XXXXXXXXXXXXXXXXXXXXXXXXXXXXXX                    
S|47|000012|5|1|22|5R|1|N|1|3|N|1|3|D|13|N|1|5|A|1|H|N|P|4101S0451858|      |35841881| 87438654|    |      |70|00|081|N|4101S0451858|N|3|000SR045|0|        |XXXXXXXXXXXXXXXXXXXXXXXXXXXXXX                    
S|47|000013|1|1|22|6R|1|N|1|3|N|1|3|D|13|N|1|5|A|1|H|N|P|180111740810|      |36048849| 85156972|    |      |04|00|035|N|180111740810|N|0|00001174|0|        |XXXXXXXXXXXXXXXXXXXXXXXXXXXXXX                    
S|47|000013|5|1|22|6R|1|N|1|3|N|1|3|D|13|N|1|5|A|1|H|N|P|180111740810|      |36048849| 85156972|    |      |04|00|035|N|180111740810|N|0|00001174|0|        |XXXXXXXXXXXXXXXXXXXXXXXXXXXXXX                    
S|47|000014|3|1|22|6U|1|N|1|3|N|1|3|D|13|N|1|5|A|1|H|N|P|570108731299|      |35569690| 88860391|    |      |70|00|113|N|570108731299|N|0|00000873|0|        |XXXXXXXXXXXXXXXXXXXXXXXXXXXXXX                    
S|47|000014|7|1|22|6U|1|N|1|3|N|1|3|D|13|N|1|5|A|1|H|N|P|570108731299|      |35569690| 88860391|    |      |70|00|113|N|570108731299|N|0|00000873|0|        |XXXXXXXXXXXXXXXXXXXXXXXXXXXXXX                    
S|47|000015|3|1|22|3R|1|N|1|3|N|1|3|D|13|N|1|5|A|1|H|N|P|6801S0200712|      |35619059| 87916899|    |      |70|00|135|N|6801S0200712|Y|3|000SR020|0|        |XXXXXXXXXXXXXXXXXXXXXXXXXXXXXX                    
S|47|000015|7|1|22|3R|1|N|1|3|N|1|3|D|13|N|1|5|A|1|H|N|P|6801S0200712|      |35619059| 87916899|    |      |70|00|135|N|6801S0200712|Y|3|000SR020|0|        |XXXXXXXXXXXXXXXXXXXXXXXXXXXXXX                    
S|47|000016|1|1|22|3R|2|N|2|3|N|2|3|D|13|N|2|5|A|1|H|N|P|6201S0331710|      |35607663| 84208574|    |      |70|00|123|N|6201S0331710|Y|3|000SR033|0|        |XXXXXXXXXXXXXXXXXXXXXXXXXXXXXX                    
S|47|000016|1|2|22|3R|2|N|2|3|N|2|3|D|13|N|2|5|A|1|H|N|P|6201S0331710|      |35607663| 84208574|    |      |70|00|123|N|6201S0331710|Y|3|000SR033|0|        |XXXXXXXXXXXXXXXXXXXXXXXXXXXXXX                    
S|47|000016|5|1|22|3R|2|N|2|3|N|2|3|D|13|N|2|5|A|1|H|N|P|6201S0331710|      |35607663| 84208574|    |      |70|00|123|N|6201S0331710|Y|3|000SR033|0|        |XXXXXXXXXXXXXXXXXXXXXXXXXXXXXX                    
S|47|000016|5|2|22|3R|2|N|2|3|N|2|3|D|13|N|2|5|A|1|H|N|P|6201S0331710|      |35607663| 84208574|    |      |70|00|123|N|6201S0331710|Y|3|000SR033|0|        |XXXXXXXXXXXXXXXXXXXXXXXXXXXXXX                    
S|47|000017|3|1|22|3U|2|N|2|3|N|2|3|D|13|N|2|5|A|1|H|N|P|0601S0400572|      |35140984| 84791176|    |      |70|00|011|N|0601S0400572|Y|3|000SR040|0|        |XXXXXXXXXXXXXXXXXXXXXXXXXXXXXX                    
S|47|000017|3|2|22|3U|2|N|2|3|N|2|3|D|13|N|2|5|A|1|H|N|P|0601S0400572|      |35140984| 84791176|    |      |70|00|011|N|0601S0400572|Y|3|000SR040|0|        |XXXXXXXXXXXXXXXXXXXXXXXXXXXXXX                    
S|47|000017|7|1|22|3U|2|N|2|3|N|2|3|D|13|N|2|5|A|1|H|N|P|0601S0400572|      |35140984| 84791176|    |      |70|00|011|N|0601S0400572|Y|3|000SR040|0|        |XXXXXXXXXXXXXXXXXXXXXXXXXXXXXX                    
S|47|000017|7|2|22|3U|2|N|2|3|N|2|3|D|13|N|2|5|A|1|H|N|P|0601S0400572|      |35140984| 84791176|    |      |70|00|011|N|0601S0400572|Y|3|000SR040|0|        |XXXXXXXXXXXXXXXXXXXXXXXXXXXXXX                    
S|47|000018|1|1|22|3R|2|N|2|3|N|2|3|D|13|N|2|5|A|1|H|N|P|6901S1110258|      |36531347| 85161457|    |      |08|00|137|Y|6901S1110258|Y|3|000SR111|0|        |XXXXXXXXXXXXXXXXXXXXXXXXXXXXXX                    
S|47|000018|5|1|22|3R|2|N|2|3|N|2|3|D|13|N|2|5|A|1|H|N|P|6901S1110258|      |36531347| 85161457|    |      |08|00|137|Y|6901S1110258|Y|3|000SR111|0|        |XXXXXXXXXXXXXXXXXXXXXXXXXXXXXX                    
S|47|000019|3|1|22|3R|2|N|2|3|N|2|3|D|13|N|2|5|A|1|H|N|P|5201S0153238|      |35063536| 86342450|    |      |11|00|103|N|5201S0153238|Y|3|000SR015|0|        |XXXXXXXXXXXXXXXXXXXXXXXXXXXXXX                    
S|47|000019|3|2|22|3R|2|N|2|3|N|2|3|D|13|N|2|5|A|1|H|N|P|5201S0153238|      |35063536| 86342450|    |      |11|00|103|N|5201S0153238|Y|3|000SR015|0|        |XXXXXXXXXXXXXXXXXXXXXXXXXXXXXX                    
S|47|000019|7|1|22|3R|2|N|2|3|N|2|3|D|13|N|2|5|A|1|H|N|P|5201S0153238|      |35063536| 86342450|    |      |11|00|103|N|5201S0153238|Y|3|000SR015|0|        |XXXXXXXXXXXXXXXXXXXXXXXXXXXXXX                    
S|47|000019|7|2|22|3R|2|N|2|3|N|2|3|D|13|N|2|5|A|1|H|N|P|5201S0153238|      |35063536| 86342450|    |      |11|00|103|N|5201S0153238|Y|3|000SR015|0|        |XXXXXXXXXXXXXXXXXXXXXXXXXXXXXX                    
S|47|000020|1|1|22|3R|2|N|2|3|N|2|3|D|13|N|2|5|A|1|H|N|P|1901S0112455|      |36330029| 86715328|    |      |70|00|000|N|1901S0112455|N|3|000SR011|0|        |North of Goodlettsville                           
S|47|000020|1|2|22|3R|2|N|2|3|N|2|3|D|13|N|2|5|A|1|H|N|P|1901S0112455|      |36330029| 86715328|    |      |70|00|000|N|1901S0112455|N|3|000SR011|0|        |North of Goodlettsville                           
S|47|000020|5|1|22|3R|2|N|2|3|N|2|3|D|13|N|2|5|A|1|H|N|P|1901S0112455|      |36330029| 86715328|    |      |70|00|000|N|1901S0112455|N|3|000SR011|0|        |North of Goodlettsville                           
S|47|000020|5|2|22|3R|2|N|2|3|N|2|3|D|13|N|2|5|A|1|H|N|P|1901S0112455|      |36330029| 86715328|    |      |70|00|000|N|1901S0112455|N|3|000SR011|0|        |North of Goodlettsville                           
S|47|000021|3|1|22|4R|1|N|1|3|N|1|3|D|13|N|1|5|A|1|H|N|P|4301S0012290|      |36105318| 87625475|    |      |70|00|085|N|4301S0012290|N|3|000SR001|0|        |XXXXXXXXXXXXXXXXXXXXXXXXXXXXXX                    
S|47|000021|7|1|22|4R|1|N|1|3|N|1|3|D|13|N|1|5|A|1|H|N|P|4301S0012290|      |36105318| 87625475|    |      |70|00|085|N|4301S0012290|N|3|000SR001|0|        |XXXXXXXXXXXXXXXXXXXXXXXXXXXXXX                    
S|47|000022|1|1|22|4R|2|N|2|3|N|2|3|D|13|N|2|5|A|1|H|N|P|7901S2041062|      |35316163| 89875911|    |      |08|00|157|N|7901S2041062|N|3|000SR204|0|        |XXXXXXXXXXXXXXXXXXXXXXXXXXXXXX                    
S|47|000022|1|2|22|4R|2|N|2|3|N|2|3|D|13|N|2|5|A|1|H|N|P|7901S2041062|      |35316163| 89875911|    |      |08|00|157|N|7901S2041062|N|3|000SR204|0|        |XXXXXXXXXXXXXXXXXXXXXXXXXXXXXX                    
S|47|000022|5|1|22|4R|2|N|2|3|N|2|3|D|13|N|2|5|A|1|H|N|P|7901S2041062|      |35316163| 89875911|    |      |08|00|157|N|7901S2041062|N|3|000SR204|0|        |XXXXXXXXXXXXXXXXXXXXXXXXXXXXXX                    
S|47|000022|5|2|22|4R|2|N|2|3|N|2|3|D|13|N|2|5|A|1|H|N|P|7901S2041062|      |35316163| 89875911|    |      |08|00|157|N|7901S2041062|N|3|000SR204|0|        |XXXXXXXXXXXXXXXXXXXXXXXXXXXXXX                    
S|47|000023|1|1|22|4U|1|N|1|3|N|1|3|D|13|N|1|5|A|1|H|N|P|2201S0460184|      |35995495| 87321654|    |      |09|00|043|N|2201S0460184|N|3|000SR046|0|        |XXXXXXXXXXXXXXXXXXXXXXXXXXXXXX                    
S|47|000023|5|1|22|4U|1|N|1|3|N|1|3|D|13|N|1|5|A|1|H|N|P|2201S0460184|      |35995495| 87321654|    |      |09|00|043|N|2201S0460184|N|3|000SR046|0|        |XXXXXXXXXXXXXXXXXXXXXXXXXXXXXX                    
S|47|000024|3|1|22|4R|1|N|1|3|N|1|3|D|13|N|1|5|A|1|H|N|P|7501S0962238|      |35929722| 86239267|    |      |09|00|149|N|7501S0962238|N|3|000SR096|0|        |XXXXXXXXXXXXXXXXXXXXXXXXXXXXXX                    
S|47|000024|7|1|22|4R|1|N|1|3|N|1|3|D|13|N|1|5|A|1|H|N|P|7501S0962238|      |35929722| 86239267|    |      |09|00|149|N|7501S0962238|N|3|000SR096|0|        |XXXXXXXXXXXXXXXXXXXXXXXXXXXXXX                    
S|47|000025|1|1|22|4R|1|N|1|3|N|1|3|D|13|N|1|5|A|1|H|N|P|2901S0920656|      |36247924| 83524725|    |      |70|00|057|N|2901S0920656|N|3|000SR092|0|        |XXXXXXXXXXXXXXXXXXXXXXXXXXXXXX                    
S|47|000025|5|1|22|4R|1|N|1|3|N|1|3|D|13|N|1|5|A|1|H|N|P|2901S0920656|      |36247924| 83524725|    |      |70|00|057|N|2901S0920656|N|3|000SR092|0|        |XXXXXXXXXXXXXXXXXXXXXXXXXXXXXX                    
S|47|000026|1|1|22|4R|1|N|1|3|N|1|3|D|13|N|1|5|A|1|H|N|P|2901S0011311|      |36265153| 83559140|    |      |70|00|057|N|2901S0011311|N|3|000SR001|0|        |XXXXXXXXXXXXXXXXXXXXXXXXXXXXXX                    
S|47|000026|3|1|22|4R|1|N|1|3|N|1|3|D|13|N|1|5|A|1|H|N|P|2901S0011311|      |36265153| 83559140|    |      |70|00|057|N|2901S0011311|N|3|000SR001|0|        |XXXXXXXXXXXXXXXXXXXXXXXXXXXXXX                    
S|47|000026|5|1|22|4R|1|N|1|3|N|1|3|D|13|N|1|5|A|1|H|N|P|2901S0011311|      |36265153| 83559140|    |      |70|00|057|N|2901S0011311|N|3|000SR001|0|        |XXXXXXXXXXXXXXXXXXXXXXXXXXXXXX                    
S|47|000026|7|1|22|4R|1|N|1|3|N|1|3|D|13|N|1|5|A|1|H|N|P|2901S0011311|      |36265153| 83559140|    |      |70|00|057|N|2901S0011311|N|3|000SR001|0|        |XXXXXXXXXXXXXXXXXXXXXXXXXXXXXX                    
S|47|000027|3|1|22|4R|2|N|2|3|N|2|3|D|13|N|2|5|A|1|H|N|P|0301S0011262|      |36017057| 88004524|    |      |06|00|005|N|0301S0011262|N|3|000SR001|0|        |XXXXXXXXXXXXXXXXXXXXXXXXXXXXXX                    
S|47|000027|3|2|22|4R|2|N|2|3|N|2|3|D|13|N|2|5|A|1|H|N|P|0301S0011262|      |36017057| 88004524|    |      |06|00|005|N|0301S0011262|N|3|000SR001|0|        |XXXXXXXXXXXXXXXXXXXXXXXXXXXXXX                    
S|47|000027|7|1|22|4R|2|N|2|3|N|2|3|D|13|N|2|5|A|1|H|N|P|0301S0011262|      |36017057| 88004524|    |      |06|00|005|N|0301S0011262|N|3|000SR001|0|        |XXXXXXXXXXXXXXXXXXXXXXXXXXXXXX                    
S|47|000027|7|2|22|4R|2|N|2|3|N|2|3|D|13|N|2|5|A|1|H|N|P|0301S0011262|      |36017057| 88004524|    |      |06|00|005|N|0301S0011262|N|3|000SR001|0|        |XXXXXXXXXXXXXXXXXXXXXXXXXXXXXX                    
S|47|000028|3|1|22|3R|1|N|1|3|N|1|3|D|13|N|1|5|A|1|H|N|P|2001S0200904|      |35628192| 88035403|    |      |06|00|039|N|2001S0200904|Y|3|000SR020|0|        |XXXXXXXXXXXXXXXXXXXXXXXXXXXXXX                    
S|47|000028|7|1|22|3R|1|N|1|3|N|1|3|D|13|N|1|5|A|1|H|N|P|2001S0200904|      |35628192| 88035403|    |      |06|00|039|N|2001S0200904|Y|3|000SR020|0|        |XXXXXXXXXXXXXXXXXXXXXXXXXXXXXX                    
S|47|000029|3|1|22|3R|2|N|2|3|N|2|3|D|13|N|2|5|A|1|H|N|P|5501S0151489|      |35173476| 88542759|    |      |70|00|109|N|5501S0151489|N|3|000SR015|0|        |East of Selmer                                    
S|47|000029|3|2|22|3R|2|N|2|3|N|2|3|D|13|N|2|5|A|1|H|N|P|5501S0151489|      |35173476| 88542759|    |      |70|00|109|N|5501S0151489|N|3|000SR015|0|        |East of Selmer                                    
S|47|000029|7|1|22|3R|2|N|2|3|N|2|3|D|13|N|2|5|A|1|H|N|P|5501S0151489|      |35173476| 88542759|    |      |70|00|109|N|5501S0151489|N|3|000SR015|0|        |East of Selmer                                    
S|47|000029|7|2|22|3R|2|N|2|3|N|2|3|D|13|N|2|5|A|1|H|N|P|5501S0151489|      |35173476| 88542759|    |      |70|00|109|N|5501S0151489|N|3|000SR015|0|        |East of Selmer                                    
S|47|000031|3|1|22|1U|3|N|3|3|N|3|3|D|13|N|3|5|A|1|H|N|P|7901I2401557|      |35123392| 89868474|    |      |70|00|157|Y|7901I2401557|N|1|000I0240|0|        |XXXXXXXXXXXXXXXXXXXXXXXXXXXXXX                    
S|47|000031|3|2|22|1U|3|N|3|3|N|3|3|D|13|N|3|5|A|1|H|N|P|7901I2401557|      |35123392| 89868474|    |      |70|00|157|Y|7901I2401557|N|1|000I0240|0|        |XXXXXXXXXXXXXXXXXXXXXXXXXXXXXX                    
S|47|000031|3|3|22|1U|3|N|3|3|N|3|3|D|13|N|3|5|A|1|H|N|P|7901I2401557|      |35123392| 89868474|    |      |70|00|157|Y|7901I2401557|N|1|000I0240|0|        |XXXXXXXXXXXXXXXXXXXXXXXXXXXXXX                    
S|47|000031|7|1|22|1U|3|N|3|3|N|3|3|D|13|N|3|5|A|1|H|N|P|7901I2401557|      |35123392| 89868474|    |      |70|00|157|Y|7901I2401557|N|1|000I0240|0|        |XXXXXXXXXXXXXXXXXXXXXXXXXXXXXX                    
S|47|000031|7|2|22|1U|3|N|3|3|N|3|3|D|13|N|3|5|A|1|H|N|P|7901I2401557|      |35123392| 89868474|    |      |70|00|157|Y|7901I2401557|N|1|000I0240|0|        |XXXXXXXXXXXXXXXXXXXXXXXXXXXXXX                    
S|47|000031|7|3|22|1U|3|N|3|3|N|3|3|D|13|N|3|5|A|1|H|N|P|7901I2401557|      |35123392| 89868474|    |      |70|00|157|Y|7901I2401557|N|1|000I0240|0|        |XXXXXXXXXXXXXXXXXXXXXXXXXXXXXX                    
S|47|000033|1|1|22|1U|4|N|4|3|N|4|3|D|13|N|4|5|A|1|H|N|P|1901I0241952|      |36097161| 86709110|    |      |70|00|037|N|1901I0241952|N|1|000I0024|0|        |XXXXXXXXXXXXXXXXXXXXXXXXXXXXXX                    
S|47|000033|1|2|22|1U|4|N|4|3|N|4|3|D|13|N|4|5|A|1|H|N|P|1901I0241952|      |36097161| 86709110|    |      |70|00|037|N|1901I0241952|N|1|000I0024|0|        |XXXXXXXXXXXXXXXXXXXXXXXXXXXXXX                    
S|47|000033|1|3|22|1U|4|N|4|3|N|4|3|D|13|N|4|5|A|1|H|N|P|1901I0241952|      |36097161| 86709110|    |      |70|00|037|N|1901I0241952|N|1|000I0024|0|        |XXXXXXXXXXXXXXXXXXXXXXXXXXXXXX                    
S|47|000033|1|4|22|1U|4|N|4|3|N|4|3|D|13|N|4|5|A|1|H|N|P|1901I0241952|      |36097161| 86709110|    |      |70|00|037|N|1901I0241952|N|1|000I0024|0|        |XXXXXXXXXXXXXXXXXXXXXXXXXXXXXX                    
S|47|000033|3|1|22|1U|4|N|4|3|N|4|3|D|13|N|4|5|A|1|H|N|P|1901I0241952|      |36097161| 86709110|    |      |70|00|037|N|1901I0241952|N|1|000I0024|0|        |XXXXXXXXXXXXXXXXXXXXXXXXXXXXXX                    
S|47|000033|3|2|22|1U|4|N|4|3|N|4|3|D|13|N|4|5|A|1|H|N|P|1901I0241952|      |36097161| 86709110|    |      |70|00|037|N|1901I0241952|N|1|000I0024|0|        |XXXXXXXXXXXXXXXXXXXXXXXXXXXXXX                    
S|47|000033|3|3|22|1U|4|N|4|3|N|4|3|D|13|N|4|5|A|1|H|N|P|1901I0241952|      |36097161| 86709110|    |      |70|00|037|N|1901I0241952|N|1|000I0024|0|        |XXXXXXXXXXXXXXXXXXXXXXXXXXXXXX                    
S|47|000033|3|4|22|1U|4|N|4|3|N|4|3|D|13|N|4|5|A|1|H|N|P|1901I0241952|      |36097161| 86709110|    |      |70|00|037|N|1901I0241952|N|1|000I0024|0|        |XXXXXXXXXXXXXXXXXXXXXXXXXXXXXX                    
S|47|000033|5|1|22|1U|4|N|4|3|N|4|3|D|13|N|4|5|A|1|H|N|P|1901I0241952|      |36097161| 86709110|    |      |70|00|037|N|1901I0241952|N|1|000I0024|0|        |XXXXXXXXXXXXXXXXXXXXXXXXXXXXXX                    
S|47|000033|5|2|22|1U|4|N|4|3|N|4|3|D|13|N|4|5|A|1|H|N|P|1901I0241952|      |36097161| 86709110|    |      |70|00|037|N|1901I0241952|N|1|000I0024|0|        |XXXXXXXXXXXXXXXXXXXXXXXXXXXXXX                    
S|47|000033|5|3|22|1U|4|N|4|3|N|4|3|D|13|N|4|5|A|1|H|N|P|1901I0241952|      |36097161| 86709110|    |      |70|00|037|N|1901I0241952|N|1|000I0024|0|        |XXXXXXXXXXXXXXXXXXXXXXXXXXXXXX                    
S|47|000033|5|4|22|1U|4|N|4|3|N|4|3|D|13|N|4|5|A|1|H|N|P|1901I0241952|      |36097161| 86709110|    |      |70|00|037|N|1901I0241952|N|1|000I0024|0|        |XXXXXXXXXXXXXXXXXXXXXXXXXXXXXX                    
S|47|000033|7|1|22|1U|4|N|4|3|N|4|3|D|13|N|4|5|A|1|H|N|P|1901I0241952|      |36097161| 86709110|    |      |70|00|037|N|1901I0241952|N|1|000I0024|0|        |XXXXXXXXXXXXXXXXXXXXXXXXXXXXXX                    
S|47|000033|7|2|22|1U|4|N|4|3|N|4|3|D|13|N|4|5|A|1|H|N|P|1901I0241952|      |36097161| 86709110|    |      |70|00|037|N|1901I0241952|N|1|000I0024|0|        |XXXXXXXXXXXXXXXXXXXXXXXXXXXXXX                    
S|47|000033|7|3|22|1U|4|N|4|3|N|4|3|D|13|N|4|5|A|1|H|N|P|1901I0241952|      |36097161| 86709110|    |      |70|00|037|N|1901I0241952|N|1|000I0024|0|        |XXXXXXXXXXXXXXXXXXXXXXXXXXXXXX                    
S|47|000033|7|4|22|1U|4|N|4|3|N|4|3|D|13|N|4|5|A|1|H|N|P|1901I0241952|      |36097161| 86709110|    |      |70|00|037|N|1901I0241952|N|1|000I0024|0|        |XXXXXXXXXXXXXXXXXXXXXXXXXXXXXX                    
S|47|000036|3|1|22|1R|2|N|2|3|N|2|3|D|13|N|2|5|A|1|H|N|P|8601I0262106|      |36027787| 82542009|    |      |70|00|171|N|8601I0262106|Y|1|000I0026|0|        |XXXXXXXXXXXXXXXXXXXXXXXXXXXXXX                    
S|47|000036|3|2|22|1R|2|N|2|3|N|2|3|D|13|N|2|5|A|1|H|N|P|8601I0262106|      |36027787| 82542009|    |      |70|00|171|N|8601I0262106|Y|1|000I0026|0|        |XXXXXXXXXXXXXXXXXXXXXXXXXXXXXX                    
S|47|000036|7|1|22|1R|2|N|2|3|N|2|3|D|13|N|2|5|A|1|H|N|P|8601I0262106|      |36027787| 82542009|    |      |70|00|171|N|8601I0262106|Y|1|000I0026|0|        |XXXXXXXXXXXXXXXXXXXXXXXXXXXXXX                    
S|47|000036|7|2|22|1R|2|N|2|3|N|2|3|D|13|N|2|5|A|1|H|N|P|8601I0262106|      |36027787| 82542009|    |      |70|00|171|N|8601I0262106|Y|1|000I0026|0|        |XXXXXXXXXXXXXXXXXXXXXXXXXXXXXX                    
S|47|000039|3|1|22|1R|2|N|2|3|N|2|3|D|13|N|2|5|A|1|H|N|P|4301I0400020|      |35865971| 87936442|    |      |09|00|085|N|4301I0400020|Y|1|000I0040|0|        |XXXXXXXXXXXXXXXXXXXXXXXXXXXXXX                    
S|47|000039|3|2|22|1R|2|N|2|3|N|2|3|D|13|N|2|5|A|1|H|N|P|4301I0400020|      |35865971| 87936442|    |      |09|00|085|N|4301I0400020|Y|1|000I0040|0|        |XXXXXXXXXXXXXXXXXXXXXXXXXXXXXX                    
S|47|000039|7|1|22|1R|2|N|2|3|N|2|3|D|13|N|2|5|A|1|H|N|P|4301I0400020|      |35865971| 87936442|    |      |09|00|085|N|4301I0400020|Y|1|000I0040|0|        |XXXXXXXXXXXXXXXXXXXXXXXXXXXXXX                    
S|47|000039|7|2|22|1R|2|N|2|3|N|2|3|D|13|N|2|5|A|1|H|N|P|4301I0400020|      |35865971| 87936442|    |      |09|00|085|N|4301I0400020|Y|1|000I0040|0|        |XXXXXXXXXXXXXXXXXXXXXXXXXXXXXX                    
S|47|000040|1|1|22|3R|2|N|2|3|N|2|3|D|13|N|2|5|A|1|H|N|P|7501S0100074|      |35706589| 86418229|    |      |08|00|149|N|7501S0100074|Y|3|000SR010|0|        |XXXXXXXXXXXXXXXXXXXXXXXXXXXXXX                    
S|47|000040|1|2|22|3R|2|N|2|3|N|2|3|D|13|N|2|5|A|1|H|N|P|7501S0100074|      |35706589| 86418229|    |      |08|00|149|N|7501S0100074|Y|3|000SR010|0|        |XXXXXXXXXXXXXXXXXXXXXXXXXXXXXX                    
S|47|000040|5|1|22|3R|2|N|2|3|N|2|3|D|13|N|2|5|A|1|H|N|P|7501S0100074|      |35706589| 86418229|    |      |08|00|149|N|7501S0100074|Y|3|000SR010|0|        |XXXXXXXXXXXXXXXXXXXXXXXXXXXXXX                    
S|47|000040|5|2|22|3R|2|N|2|3|N|2|3|D|13|N|2|5|A|1|H|N|P|7501S0100074|      |35706589| 86418229|    |      |08|00|149|N|7501S0100074|Y|3|000SR010|0|        |XXXXXXXXXXXXXXXXXXXXXXXXXXXXXX                    
S|47|000042|3|1|22|1U|3|N|3|3|N|3|3|D|13|N|3|5|A|1|H|N|P|7801I0400305|      |35985995| 83585218|    |      |09|00|155|Y|7801I0400305|N|1|000I0040|0|        |XXXXXXXXXXXXXXXXXXXXXXXXXXXXXX                    
S|47|000042|3|2|22|1U|3|N|3|3|N|3|3|D|13|N|3|5|A|1|H|N|P|7801I0400305|      |35985995| 83585218|    |      |09|00|155|Y|7801I0400305|N|1|000I0040|0|        |XXXXXXXXXXXXXXXXXXXXXXXXXXXXXX                    
S|47|000042|3|3|22|1U|3|N|3|3|N|3|3|D|13|N|3|5|A|1|H|N|P|7801I0400305|      |35985995| 83585218|    |      |09|00|155|Y|7801I0400305|N|1|000I0040|0|        |XXXXXXXXXXXXXXXXXXXXXXXXXXXXXX                    
S|47|000042|7|1|22|1U|3|N|3|3|N|3|3|D|13|N|3|5|A|1|H|N|P|7801I0400305|      |35985995| 83585218|    |      |09|00|155|Y|7801I0400305|N|1|000I0040|0|        |XXXXXXXXXXXXXXXXXXXXXXXXXXXXXX                    
S|47|000042|7|2|22|1U|3|N|3|3|N|3|3|D|13|N|3|5|A|1|H|N|P|7801I0400305|      |35985995| 83585218|    |      |09|00|155|Y|7801I0400305|N|1|000I0040|0|        |XXXXXXXXXXXXXXXXXXXXXXXXXXXXXX                    
S|47|000042|7|3|22|1U|3|N|3|3|N|3|3|D|13|N|3|5|A|1|H|N|P|7801I0400305|      |35985995| 83585218|    |      |09|00|155|Y|7801I0400305|N|1|000I0040|0|        |XXXXXXXXXXXXXXXXXXXXXXXXXXXXXX                    
S|47|000043|1|1|22|4R|1|N|1|3|N|1|3|D|13|N|1|5|A|1|H|N|P|8001S0530102|      |36097146| 86018610|    |      |10|00|159|N|8001S0530102|N|3|000SR053|0|        |XXXXXXXXXXXXXXXXXXXXXXXXXXXXXX                    
S|47|000043|5|1|22|4R|1|N|1|3|N|1|3|D|13|N|1|5|A|1|H|N|P|8001S0530102|      |36097146| 86018610|    |      |10|00|159|N|8001S0530102|N|3|000SR053|0|        |XXXXXXXXXXXXXXXXXXXXXXXXXXXXXX                    
S|47|000044|3|1|22|1R|3|N|3|3|N|3|3|D|13|N|3|5|A|1|H|N|P|8001I0401706|      |36139428| 85804292|    |      |10|00|159|N|8001I0401706|N|1|000I0040|0|        |Near Putnam County Line                           
S|47|000044|3|2|22|1R|3|N|3|3|N|3|3|D|13|N|3|5|A|1|H|N|P|8001I0401706|      |36139428| 85804292|    |      |10|00|159|N|8001I0401706|N|1|000I0040|0|        |Near Putnam County Line                           
S|47|000044|3|3|22|1R|3|N|3|3|N|3|3|D|13|N|3|5|A|1|H|N|P|8001I0401706|      |36139428| 85804292|    |      |10|00|159|N|8001I0401706|N|1|000I0040|0|        |Near Putnam County Line                           
S|47|000044|7|1|22|1R|3|N|3|3|N|3|3|D|13|N|3|5|A|1|H|N|P|8001I0401706|      |36139428| 85804292|    |      |10|00|159|N|8001I0401706|N|1|000I0040|0|        |Near Putnam County Line                           
S|47|000044|7|2|22|1R|3|N|3|3|N|3|3|D|13|N|3|5|A|1|H|N|P|8001I0401706|      |36139428| 85804292|    |      |10|00|159|N|8001I0401706|N|1|000I0040|0|        |Near Putnam County Line                           
S|47|000044|7|3|22|1R|3|N|3|3|N|3|3|D|13|N|3|5|A|1|H|N|P|8001I0401706|      |36139428| 85804292|    |      |10|00|159|N|8001I0401706|N|1|000I0040|0|        |Near Putnam County Line                           
S|47|000045|1|1|22|1U|2|N|2|3|N|2|3|D|13|N|2|5|A|1|H|N|P|2301I1551325|      |36067537| 89362564|    |      |10|00|045|Y|2301I1551325|N|1|000I0155|0|        |XXXXXXXXXXXXXXXXXXXXXXXXXXXXXX                    
S|47|000045|1|2|22|1U|2|N|2|3|N|2|3|D|13|N|2|5|A|1|H|N|P|2301I1551325|      |36067537| 89362564|    |      |10|00|045|Y|2301I1551325|N|1|000I0155|0|        |XXXXXXXXXXXXXXXXXXXXXXXXXXXXXX                    
S|47|000045|5|1|22|1U|2|N|2|3|N|2|3|D|13|N|2|5|A|1|H|N|P|2301I1551325|      |36067537| 89362564|    |      |10|00|045|Y|2301I1551325|N|1|000I0155|0|        |XXXXXXXXXXXXXXXXXXXXXXXXXXXXXX                    
S|47|000045|5|2|22|1U|2|N|2|3|N|2|3|D|13|N|2|5|A|1|H|N|P|2301I1551325|      |36067537| 89362564|    |      |10|00|045|Y|2301I1551325|N|1|000I0155|0|        |XXXXXXXXXXXXXXXXXXXXXXXXXXXXXX                    
S|47|000046|1|1|22|4R|1|N|1|3|N|1|3|D|13|N|1|5|A|1|H|N|P|1401S0530914|      |36543735| 85470188|    |      |12|00|027|N|1401S0530914|N|3|000SR053|0|        |XXXXXXXXXXXXXXXXXXXXXXXXXXXXXX                    
S|47|000046|5|1|22|4R|1|N|1|3|N|1|3|D|13|N|1|5|A|1|H|N|P|1401S0530914|      |36543735| 85470188|    |      |12|00|027|N|1401S0530914|N|3|000SR053|0|        |XXXXXXXXXXXXXXXXXXXXXXXXXXXXXX                    
S|47|000047|3|1|22|4R|1|N|1|3|N|1|3|D|13|N|1|5|A|1|H|N|P|0401S0300133|      |35683836| 85276246|    |      |12|00|007|N|0401S0300133|N|3|000SR030|0|        |XXXXXXXXXXXXXXXXXXXXXXXXXXXXXX                    
S|47|000047|7|1|22|4R|1|N|1|3|N|1|3|D|13|N|1|5|A|1|H|N|P|0401S0300133|      |35683836| 85276246|    |      |12|00|007|N|0401S0300133|N|3|000SR030|0|        |XXXXXXXXXXXXXXXXXXXXXXXXXXXXXX                    
S|47|000051|3|1|22|5R|1|T|2|3|N|1|0| |13|N|0|0| |0|L|N|P|8801S2840030|      |35628812| 85470528|    |      |19|00|165|N|8801S2840030|Y|3|000SR284|0|        |XXXXXXXXXXXXXXXXXXXXXXXXXXXXXXXXXXXXXXXXXXXXXXXXXX
S|47|000051|7|1|22|5R|1|T|2|3|N|1|0| |13|N|0|0| |0|L|N|P|8801S2840030|      |35628812| 85470528|    |      |19|00|165|N|8801S2840030|Y|3|000SR284|0|        |XXXXXXXXXXXXXXXXXXXXXXXXXXXXXXXXXXXXXXXXXXXXXXXXXX
S|47|000059|1|1|22|5R|1|N|1|3|N|1|3|D|13|N|1|5|A|1|H|N|P|1801S2980907|      |36060656| 84961741|    |      |09|00|035|N|1801S2980907|N|3|000SR298|0|        |XXXXXXXXXXXXXXXXXXXXXXXXXXXXXX                    
S|47|000059|5|1|22|5R|1|N|1|3|N|1|3|D|13|N|1|5|A|1|H|N|P|1801S2980907|      |36060656| 84961741|    |      |09|00|035|N|1801S2980907|N|3|000SR298|0|        |XXXXXXXXXXXXXXXXXXXXXXXXXXXXXX                    
S|47|000060|3|1|22|5R|1|N|1|3|N|1|3|D|13|N|1|5|A|1|H|N|P|2702S1520040|      |35832191| 88980849|    |      |09|00|053|N|2702S1520040|N|3|000SR152|0|        |XXXXXXXXXXXXXXXXXXXXXXXXXXXXXX                    
S|47|000060|7|1|22|5R|1|N|1|3|N|1|3|D|13|N|1|5|A|1|H|N|P|2702S1520040|      |35832191| 88980849|    |      |09|00|053|N|2702S1520040|N|3|000SR152|0|        |XXXXXXXXXXXXXXXXXXXXXXXXXXXXXX                    
S|47|000061|1|1|22|5R|1|N|1|3|N|1|3|D|13|N|1|5|A|1|H|N|P|3501S1252072|      |35294845| 88941796|    |      |70|00|069|N|3501S1252072|N|3|000SR125|0|        |XXXXXXXXXXXXXXXXXXXXXXXXXXXXXX                    
S|47|000061|3|1|22|5R|1|N|1|3|N|1|3|D|13|N|1|5|A|1|H|N|P|3501S1252072|      |35294845| 88941796|    |      |70|00|069|N|3501S1252072|N|3|000SR125|0|        |XXXXXXXXXXXXXXXXXXXXXXXXXXXXXX                    
S|47|000061|5|1|22|5R|1|N|1|3|N|1|3|D|13|N|1|5|A|1|H|N|P|3501S1252072|      |35294845| 88941796|    |      |70|00|069|N|3501S1252072|N|3|000SR125|0|        |XXXXXXXXXXXXXXXXXXXXXXXXXXXXXX                    
S|47|000061|7|1|22|5R|1|N|1|3|N|1|3|D|13|N|1|5|A|1|H|N|P|3501S1252072|      |35294845| 88941796|    |      |70|00|069|N|3501S1252072|N|3|000SR125|0|        |XXXXXXXXXXXXXXXXXXXXXXXXXXXXXX                    
S|47|000062|3|1|22|5R|1|N|1|3|N|1|3|D|13|N|1|5|A|1|H|N|P|7401S0520439|      |36603169| 86640599|    |      |11|00|147|N|7401S0520439|N|3|000SR052|0|        |XXXXXXXXXXXXXXXXXXXXXXXXXXXXXX                    
S|47|000062|7|1|22|5R|1|N|1|3|N|1|3|D|13|N|1|5|A|1|H|N|P|7401S0520439|      |36603169| 86640599|    |      |11|00|147|N|7401S0520439|N|3|000SR052|0|        |XXXXXXXXXXXXXXXXXXXXXXXXXXXXXX                    
S|47|000063|3|1|22|4R|1|N|1|3|N|1|3|D|13|N|1|5|A|1|H|N|P|7501S2661385|      |35944885| 86370890|    |      |09|00|149|N|7501S2661385|N|3|000SR266|0|        |XXXXXXXXXXXXXXXXXXXXXXXXXXXXXX                    
S|47|000063|7|1|22|4R|1|N|1|3|N|1|3|D|13|N|1|5|A|1|H|N|P|7501S2661385|      |35944885| 86370890|    |      |09|00|149|N|7501S2661385|N|3|000SR266|0|        |XXXXXXXXXXXXXXXXXXXXXXXXXXXXXX                    
S|47|000064|1|1|22|5R|1|N|1|3|N|1|3|D|13|N|1|5|A|1|H|N|P|3102S0500109|      |35304611| 85890253|    |      |12|00|061|N|3102S0500109|N|3|000SR050|0|        |XXXXXXXXXXXXXXXXXXXXXXXXXXXXXX                    
S|47|000064|5|1|22|5R|1|N|1|3|N|1|3|D|13|N|1|5|A|1|H|N|P|3102S0500109|      |35304611| 85890253|    |      |12|00|061|N|3102S0500109|N|3|000SR050|0|        |XXXXXXXXXXXXXXXXXXXXXXXXXXXXXX                    
S|47|000065|1|1|22|5R|1|N|1|3|N|1|3|D|13|N|1|5|A|1|H|N|P|1601S1270609|      |35414845| 85970358|    |      |12|00|031|N|1601S1270609|N|3|000SR127|0|        |XXXXXXXXXXXXXXXXXXXXXXXXXXXXXX                    
S|47|000065|5|1|22|5R|1|N|1|3|N|1|3|D|13|N|1|5|A|1|H|N|P|1601S1270609|      |35414845| 85970358|    |      |12|00|031|N|1601S1270609|N|3|000SR127|0|        |XXXXXXXXXXXXXXXXXXXXXXXXXXXXXX                    
S|47|000066|3|1|22|6R|1|N|1|3|N|1|3|D|13|N|1|5|A|1|H|N|P|930222140050|      |36041882| 85592480|    |      |12|00|147|N|930222140050|N|0|00002214|0|        |XXXXXXXXXXXXXXXXXXXXXXXXXXXXXX                    
S|47|000075|1|1|22|7R|1|N|1|3|N|1|3|D|13|N|1|5|A|1|H|N|P|2201A2370080|      |36099486| 87284852|    |      |12|00|043|N|2201A2370080|N|0|0000A237|0|        |XXXXXXXXXXXXXXXXXXXXXXXXXXXXXX                    
S|47|000075|5|1|22|7R|1|N|1|3|N|1|3|D|13|N|1|5|A|1|H|N|P|2201A2370080|      |36099486| 87284852|    |      |12|00|043|N|2201A2370080|N|0|0000A237|0|        |XXXXXXXXXXXXXXXXXXXXXXXXXXXXXX                    
S|47|000078|3|1|22|1R|2|T|2|3|N|2|0| |13|N|0|0| |0|L|N|P|5701I0402461|      |35708816| 88663789|    |      |19|00|113|N|5701I0402461|Y|1|000I0040|0|        |XXXXXXXXXXXXXXXXXXXXXXXXXXXXXXXXXXXXXXXXXXXXXXXXXX
S|47|000078|3|2|22|1R|2|T|2|3|N|2|0| |13|N|0|0| |0|L|N|P|5701I0402461|      |35708816| 88663789|    |      |19|00|113|N|5701I0402461|Y|1|000I0040|0|        |XXXXXXXXXXXXXXXXXXXXXXXXXXXXXXXXXXXXXXXXXXXXXXXXXX
S|47|000078|7|1|22|1R|2|T|2|3|N|2|0| |13|N|0|0| |0|L|N|P|5701I0402461|      |35708816| 88663789|    |      |19|00|113|N|5701I0402461|Y|1|000I0040|0|        |XXXXXXXXXXXXXXXXXXXXXXXXXXXXXXXXXXXXXXXXXXXXXXXXXX
S|47|000078|7|2|22|1R|2|T|2|3|N|2|0| |13|N|0|0| |0|L|N|P|5701I0402461|      |35708816| 88663789|    |      |19|00|113|N|5701I0402461|Y|1|000I0040|0|        |XXXXXXXXXXXXXXXXXXXXXXXXXXXXXXXXXXXXXXXXXXXXXXXXXX
S|47|000111|1|1|22|2U|2|T|2|3|N|2|0| |13|N|0|0| |0|L|N|P|3301S1530760|      |35116023| 85232032|    |      |19|00|065|N|3301S1530760|Y|3|000SR153|0|        |XXXXXXXXXXXXXXXXXXXXXXXXXXXXXXXXXXXXXXXXXXXXXXXXXX
S|47|000111|1|2|22|2U|2|T|2|3|N|2|0| |13|N|0|0| |0|L|N|P|3301S1530760|      |35116023| 85232032|    |      |19|00|065|N|3301S1530760|Y|3|000SR153|0|        |XXXXXXXXXXXXXXXXXXXXXXXXXXXXXXXXXXXXXXXXXXXXXXXXXX
S|47|000138|1|1|22|1R|2|N|2|3|N|2|3|D|13|N|2|5|A|1|H|N|P|0101I0750541|      |36178926| 84091897|    |      |70|00|001|Y|0101I0750541|Y|1|000I0075|0|        |XXXXXXXXXXXXXXXXXXXXXXXXXXXXXX                    
S|47|000138|1|2|22|1R|2|N|2|3|N|2|3|D|13|N|2|5|A|1|H|N|P|0101I0750541|      |36178926| 84091897|    |      |70|00|001|Y|0101I0750541|Y|1|000I0075|0|        |XXXXXXXXXXXXXXXXXXXXXXXXXXXXXX                    
S|47|000152|1|1|22|2U|4|T|4|3|N|4|0| |13|N|0|0| |0|L|N|P|3301S1530123|      |35036376| 85183925|    |      |19|00|065|N|3301S1530123|Y|3|000SR153|0|        |XXXXXXXXXXXXXXXXXXXXXXXXXXXXXXXXXXXXXXXXXXXXXXXXXX
S|47|000152|1|2|22|2U|4|T|4|3|N|4|0| |13|N|0|0| |0|L|N|P|3301S1530123|      |35036376| 85183925|    |      |19|00|065|N|3301S1530123|Y|3|000SR153|0|        |XXXXXXXXXXXXXXXXXXXXXXXXXXXXXXXXXXXXXXXXXXXXXXXXXX
S|47|000152|1|3|22|2U|4|T|4|3|N|4|0| |13|N|0|0| |0|L|N|P|3301S1530123|      |35036376| 85183925|    |      |19|00|065|N|3301S1530123|Y|3|000SR153|0|        |XXXXXXXXXXXXXXXXXXXXXXXXXXXXXXXXXXXXXXXXXXXXXXXXXX
S|47|000152|1|4|22|2U|4|T|4|3|N|4|0| |13|N|0|0| |0|L|N|P|3301S1530123|      |35036376| 85183925|    |      |19|00|065|N|3301S1530123|Y|3|000SR153|0|        |XXXXXXXXXXXXXXXXXXXXXXXXXXXXXXXXXXXXXXXXXXXXXXXXXX
S|47|000154|1|1|22|2U|4|T|4|3|N|4|0| |13|N|4|0| |0|A|N|P|3301S1530210|      |35048224| 85188437|    |      |19|00|000|N|3301S1530210|Y|1|00SR153 |0|        |NORTH OF SHALLOWFORD ROAD                         
S|47|000154|1|2|22|2U|4|T|4|3|N|4|0| |13|N|4|0| |0|A|N|P|3301S1530210|      |35048224| 85188437|    |      |19|00|000|N|3301S1530210|Y|1|00SR153 |0|        |NORTH OF SHALLOWFORD ROAD                         
S|47|000154|1|3|22|2U|4|T|4|3|N|4|0| |13|N|4|0| |0|A|N|P|3301S1530210|      |35048224| 85188437|    |      |19|00|000|N|3301S1530210|Y|1|00SR153 |0|        |NORTH OF SHALLOWFORD ROAD                         
S|47|000154|1|4|22|2U|4|T|4|3|N|4|0| |13|N|4|0| |0|A|N|P|3301S1530210|      |35048224| 85188437|    |      |19|00|000|N|3301S1530210|Y|1|00SR153 |0|        |NORTH OF SHALLOWFORD ROAD                         
S|47|000155|1|1|22|3U|2|T|2|3|N|2|0| |13|N|0|0| |0|L|N|P|5701S0052543|      |35786867| 88867829|    |      |19|00|113|N|5701S0052543|Y|3|000SR005|0|        |XXXXXXXXXXXXXXXXXXXXXXXXXXXXXXXXXXXXXXXXXXXXXXXXXX
S|47|000155|1|2|22|3U|2|T|2|3|N|2|0| |13|N|0|0| |0|L|N|P|5701S0052543|      |35786867| 88867829|    |      |19|00|113|N|5701S0052543|Y|3|000SR005|0|        |XXXXXXXXXXXXXXXXXXXXXXXXXXXXXXXXXXXXXXXXXXXXXXXXXX
S|47|000156|1|1|22|3R|2|T|2|3|N|2|0| |13|N|0|0| |0|L|N|P|3301S1110268|      |35328797| 85163594|    |      |19|00|065|N|3301S1110268|Y|3|000SR153|0|        |XXXXXXXXXXXXXXXXXXXXXXXXXXXXXXXXXXXXXXXXXXXXXXXXXX
S|47|000156|1|2|22|3R|2|T|2|3|N|2|0| |13|N|0|0| |0|L|N|P|3301S1110268|      |35328797| 85163594|    |      |19|00|065|N|3301S1110268|Y|3|000SR153|0|        |XXXXXXXXXXXXXXXXXXXXXXXXXXXXXXXXXXXXXXXXXXXXXXXXXX
S|47|000168|1|1|22|3R|2|N|2|3|N|2|3|D|13|N|2|5|A|1|H|N|P|1901S0112455|      |36163540| 83344160|    |      |22|00|000|N|1901S0112455|N|3|000SR011|0|        |North of Nelson School Road                       
S|47|000168|1|2|22|3R|2|N|2|3|N|2|3|D|13|N|2|5|A|1|H|N|P|1901S0112455|      |36163540| 83344160|    |      |22|00|000|N|1901S0112455|N|3|000SR011|0|        |North of Nelson School Road                       
S|47|000169|1|1|22|1U|3|N|3|3|N|3|3|D|13|N|3|5|A|1|H|N|P|7401I0651573|      |36610379| 86580210|    |      |70|00|147|N|7401I0651573|Y|1|000I0065|0|        |XXXXXXXXXXXXXXXXXXXXXXXXXXXXXX                    
S|47|000169|1|2|22|1U|3|N|3|3|N|3|3|D|13|N|3|5|A|1|H|N|P|7401I0651573|      |36610379| 86580210|    |      |70|00|147|N|7401I0651573|Y|1|000I0065|0|        |XXXXXXXXXXXXXXXXXXXXXXXXXXXXXX                    
S|47|000169|1|3|22|1U|3|N|3|3|N|3|3|D|13|N|3|5|A|1|H|N|P|7401I0651573|      |36610379| 86580210|    |      |70|00|147|N|7401I0651573|Y|1|000I0065|0|        |XXXXXXXXXXXXXXXXXXXXXXXXXXXXXX                    
S|47|000171|1|1|22|1U|3|T|3|3|N|3|0| |13|N|0|0| |0|L|N|P|7901I0401125|      |35184355| 89914610|    |      |19|00|157|N|7901I0401125|Y|1|000I0040|0|        |XXXXXXXXXXXXXXXXXXXXXXXXXXXXXXXXXXXXXXXXXXXXXXXXXX
S|47|000171|1|2|22|1U|3|T|3|3|N|3|0| |13|N|0|0| |0|L|N|P|7901I0401125|      |35184355| 89914610|    |      |19|00|157|N|7901I0401125|Y|1|000I0040|0|        |XXXXXXXXXXXXXXXXXXXXXXXXXXXXXXXXXXXXXXXXXXXXXXXXXX
S|47|000171|1|3|22|1U|3|T|3|3|N|2|0| |13|N|0|0| |0|L|N|P|7901I0401125|      |35184355| 89914610|    |      |19|00|157|N|7901I0401125|Y|1|000I0040|0|        |XXXXXXXXXXXXXXXXXXXXXXXXXXXXXXXXXXXXXXXXXXXXXXXXXX
S|47|000176|1|1|22|2U|2|N|2|3|N|2|3|D|13|N|2|5|A|1|H|N|P|7901S2041062|      |36318440| 86462559|    |      |19|00|157|N|7901S2041062|N|3|000SR204|0|        |1.75 miles on SR386                               
S|47|000176|1|2|22|2U|2|N|2|3|N|2|3|D|13|N|2|5|A|1|H|N|P|7901S2041062|      |36318440| 86462559|    |      |19|00|157|N|7901S2041062|N|3|000SR204|0|        |1.75 miles on SR386                               
S|47|000177|1|1|22|2U|2|T|2|3|N|2|0| |13|N|0|0| |0|L|N|P|3301S1110055|      |35301332| 85150546|    |      |19|00|065|N|3301S1110055|Y|3|000SR111|0|        |XXXXXXXXXXXXXXXXXXXXXXXXXXXXXXXXXXXXXXXXXXXXXXXXXX
S|47|000177|1|2|22|2U|2|T|2|3|N|2|0| |13|N|0|0| |0|L|N|P|3301S1110055|      |35301332| 85150546|    |      |19|00|065|N|3301S1110055|Y|3|000SR111|0|        |XXXXXXXXXXXXXXXXXXXXXXXXXXXXXXXXXXXXXXXXXXXXXXXXXX
S|47|000181|1|1|22|2U|2|T|2|3|N|2|0| |13|N|0|0| |0|L|N|P|1901S3860012|      |36301620| 86709922|    |      |19|00|037|N|1901S3860012|Y|3|000SR386|0|        |XXXXXXXXXXXXXXXXXXXXXXXXXXXXXXXXXXXXXXXXXXXXXXXXXX
S|47|000181|1|2|22|2U|2|T|2|3|N|2|0| |13|N|0|0| |0|L|N|P|1901S3860012|      |36301620| 86709922|    |      |19|00|037|N|1901S3860012|Y|3|000SR386|0|        |XXXXXXXXXXXXXXXXXXXXXXXXXXXXXXXXXXXXXXXXXXXXXXXXXX
S|47|000194|1|1|22|1R|4|N|4|3|N|4|3|D|13|N|4|5|A|1|H|N|P|7901S2041062|      |35003840| 90002458|    |      |19|00|157|N|7901S2041062|N|3|000SR204|0|        |South of Holmes Road                              
S|47|000194|1|2|22|1R|4|N|4|3|N|4|3|D|13|N|4|5|A|1|H|N|P|7901S2041062|      |35003840| 90002458|    |      |19|00|157|N|7901S2041062|N|3|000SR204|0|        |South of Holmes Road                              
S|47|000194|1|3|22|1R|4|N|4|3|N|4|3|D|13|N|4|5|A|1|H|N|P|7901S2041062|      |35003840| 90002458|    |      |19|00|157|N|7901S2041062|N|3|000SR204|0|        |South of Holmes Road                              
S|47|000194|1|4|22|1R|4|N|4|3|N|4|3|D|13|N|4|5|A|1|H|N|P|7901S2041062|      |35003840| 90002458|    |      |19|00|157|N|7901S2041062|N|3|000SR204|0|        |South of Holmes Road                              
S|47|000230|3|1|22|1U|2|N|2|3|N|2|3|D|13|N|2|5|A|1|H|N|P|3301I0240892|      |35022606| 85298624|    |      |70|00|065|N|3301I0240892|N|1|000I0024|0|        |XXXXXXXXXXXXXXXXXXXXXXXXXXXXXX                    
S|47|000230|3|2|22|1U|2|N|2|3|N|2|3|D|13|N|2|5|A|1|H|N|P|3301I0240892|      |35022606| 85298624|    |      |70|00|065|N|3301I0240892|N|1|000I0024|0|        |XXXXXXXXXXXXXXXXXXXXXXXXXXXXXX                    
S|47|000230|3|3|22|1U|2|N|2|3|N|2|3|D|13|N|2|5|A|1|H|N|P|3301I0240892|      |35022606| 85298624|    |      |70|00|065|N|3301I0240892|N|1|000I0024|0|        |XXXXXXXXXXXXXXXXXXXXXXXXXXXXXX                    
S|47|000230|3|4|22|1U|2|N|2|3|N|2|3|D|13|N|2|5|A|1|H|N|P|3301I0240892|      |35022606| 85298624|    |      |70|00|065|N|3301I0240892|N|1|000I0024|0|        |XXXXXXXXXXXXXXXXXXXXXXXXXXXXXX                    
S|47|000231|3|1|22|1U|3|N|3|3|N|3|3|D|13|N|3|5|A|1|H|N|P|7901I2401557|      |35123392| 89868474|    |      |70|00|157|Y|7901I2401557|N|1|000I0240|0|        |XXXXXXXXXXXXXXXXXXXXXXXXXXXXXX                    
S|47|000231|3|2|22|1U|3|N|3|3|N|3|3|D|13|N|3|5|A|1|H|N|P|7901I2401557|      |35123392| 89868474|    |      |70|00|157|Y|7901I2401557|N|1|000I0240|0|        |XXXXXXXXXXXXXXXXXXXXXXXXXXXXXX                    
S|47|000231|3|3|22|1U|3|N|3|3|N|3|3|D|13|N|3|5|A|1|H|N|P|7901I2401557|      |35123392| 89868474|    |      |70|00|157|Y|7901I2401557|N|1|000I0240|0|        |XXXXXXXXXXXXXXXXXXXXXXXXXXXXXX                    
S|47|000231|3|4|22|1U|3|N|3|3|N|3|3|D|13|N|3|5|A|1|H|N|P|7901I2401557|      |35123392| 89868474|    |      |70|00|157|Y|7901I2401557|N|1|000I0240|0|        |XXXXXXXXXXXXXXXXXXXXXXXXXXXXXX                    
S|47|000234|3|1|22|1U|2|N|2|3|N|2|3|D|13|N|2|5|A|1|H|N|P|9501I0400557|      |36176467| 86169576|    |      |70|00|189|N|9501I0400557|N|1|000I0040|0|        |XXXXXXXXXXXXXXXXXXXXXXXXXXXXXX                    
S|47|000234|3|2|22|1U|2|N|2|3|N|2|3|D|13|N|2|5|A|1|H|N|P|9501I0400557|      |36176467| 86169576|    |      |70|00|189|N|9501I0400557|N|1|000I0040|0|        |XXXXXXXXXXXXXXXXXXXXXXXXXXXXXX                    
S|47|000234|3|3|22|1U|2|N|2|3|N|2|3|D|13|N|2|5|A|1|H|N|P|9501I0400557|      |36176467| 86169576|    |      |70|00|189|N|9501I0400557|N|1|000I0040|0|        |XXXXXXXXXXXXXXXXXXXXXXXXXXXXXX                    
S|47|000234|3|4|22|1U|2|N|2|3|N|2|3|D|13|N|2|5|A|1|H|N|P|9501I0400557|      |36176467| 86169576|    |      |70|00|189|N|9501I0400557|N|1|000I0040|0|        |XXXXXXXXXXXXXXXXXXXXXXXXXXXXXX                    
S|47|000235|3|1|22|1U|3|N|3|3|N|3|3|D|13|N|3|5|A|1|H|N|P|1601I0241760|      |35431753| 86031366|    |      |70|00|031|Y|1601I0241760|N|1|000I0024|0|        |XXXXXXXXXXXXXXXXXXXXXXXXXXXXXX                    
S|47|000235|3|2|22|1U|3|N|3|3|N|3|3|D|13|N|3|5|A|1|H|N|P|1601I0241760|      |35431753| 86031366|    |      |70|00|031|Y|1601I0241760|N|1|000I0024|0|        |XXXXXXXXXXXXXXXXXXXXXXXXXXXXXX                    
S|47|000235|3|3|22|1U|3|N|3|3|N|3|3|D|13|N|3|5|A|1|H|N|P|1601I0241760|      |35431753| 86031366|    |      |70|00|031|Y|1601I0241760|N|1|000I0024|0|        |XXXXXXXXXXXXXXXXXXXXXXXXXXXXXX                    
S|47|000237|3|1|22|1U|2|N|2|3|N|2|3|D|13|N|2|5|A|1|H|N|P|4701I0400248|      |35892167| 84201077|    |      |70|00|093|N|4701I0400248|N|1|000I0040|0|        |XXXXXXXXXXXXXXXXXXXXXXXXXXXXXX                    
S|47|000237|3|2|22|1U|2|N|2|3|N|2|3|D|13|N|2|5|A|1|H|N|P|4701I0400248|      |35892167| 84201077|    |      |70|00|093|N|4701I0400248|N|1|000I0040|0|        |XXXXXXXXXXXXXXXXXXXXXXXXXXXXXX                    
S|47|000237|3|3|22|1U|2|N|2|3|N|2|3|D|13|N|2|5|A|1|H|N|P|4701I0400248|      |35892167| 84201077|    |      |70|00|093|N|4701I0400248|N|1|000I0040|0|        |XXXXXXXXXXXXXXXXXXXXXXXXXXXXXX                    
S|47|000237|3|4|22|1U|2|N|2|3|N|2|3|D|13|N|2|5|A|1|H|N|P|4701I0400248|      |35892167| 84201077|    |      |70|00|093|N|4701I0400248|N|1|000I0040|0|        |XXXXXXXXXXXXXXXXXXXXXXXXXXXXXX                    
S|47|000241|3|1|22|1R|3|N|3|3|N|3|3|D|13|N|3|5|A|1|H|N|P|3801I0400638|      |35456482| 89308749|    |      |94|00|075|N|3801I0400638|Y|1|000I0040|0|        |XXXXXXXXXXXXXXXXXXXXXXXXXXXXXX                    
S|47|000241|3|2|22|1R|3|N|3|3|N|3|3|D|13|N|3|5|A|1|H|N|P|3801I0400638|      |35456482| 89308749|    |      |94|00|075|N|3801I0400638|Y|1|000I0040|0|        |XXXXXXXXXXXXXXXXXXXXXXXXXXXXXX                    
S|47|000241|3|3|22|1R|3|N|3|3|N|3|3|D|13|N|3|5|A|1|H|N|P|3801I0400638|      |35456482| 89308749|    |      |94|00|075|N|3801I0400638|Y|1|000I0040|0|        |XXXXXXXXXXXXXXXXXXXXXXXXXXXXXX                    
S|47|000267|3|1|22|2U|4|T|4|3|N|4|0| |13|N|0|0| |0|L|N|P|7901S3850429|      |35052417| 89817511|    |      |19|00|157|N|7901S3850429|Y|3|000SR385|0|        |XXXXXXXXXXXXXXXXXXXXXXXXXXXXXXXXXXXXXXXXXXXXXXXXXX
S|47|000267|3|2|22|2U|4|T|4|3|N|4|0| |13|N|0|0| |0|L|N|P|7901S3850429|      |35052417| 89817511|    |      |19|00|157|N|7901S3850429|Y|3|000SR385|0|        |XXXXXXXXXXXXXXXXXXXXXXXXXXXXXXXXXXXXXXXXXXXXXXXXXX
S|47|000267|3|3|22|2U|4|T|4|3|N|4|0| |13|N|0|0| |0|L|N|P|7901S3850429|      |35052417| 89817511|    |      |19|00|157|N|7901S3850429|Y|3|000SR385|0|        |XXXXXXXXXXXXXXXXXXXXXXXXXXXXXXXXXXXXXXXXXXXXXXXXXX
S|47|000267|3|4|22|2U|4|T|4|3|N|2|0| |13|N|0|0| |0|L|N|P|7901S3850429|      |35052417| 89817511|    |      |19|00|157|N|7901S3850429|Y|3|000SR385|0|        |XXXXXXXXXXXXXXXXXXXXXXXXXXXXXXXXXXXXXXXXXXXXXXXXXX
S|47|000273|3|1|22|1U|2|T|2|3|N|2|0| |13|N|0|0| |0|L|N|P|9401I8402334|      |35820775| 86871343|    |      |19|00|187|N|9401I8402334|Y|1|000I0840|0|        |XXXXXXXXXXXXXXXXXXXXXXXXXXXXXXXXXXXXXXXXXXXXXXXXXX
S|47|000273|3|2|22|1U|2|T|2|3|N|2|0| |13|N|0|0| |0|L|N|P|9401I8402334|      |35820775| 86871343|    |      |19|00|187|N|9401I8402334|Y|1|000I0840|0|        |XXXXXXXXXXXXXXXXXXXXXXXXXXXXXXXXXXXXXXXXXXXXXXXXXX
S|47|000279|3|1|22|1R|2|T|2|3|N|2|0| |13|N|0|0| |0|L|N|P|1901I0240096|      |36332243| 86902983|    |      |19|00|037|N|1901I0240096|Y|1|000I0024|0|        |XXXXXXXXXXXXXXXXXXXXXXXXXXXXXXXXXXXXXXXXXXXXXXXXXX
S|47|000279|3|2|22|1R|2|T|2|3|N|2|0| |13|N|0|0| |0|L|N|P|1901I0240096|      |36332243| 86902983|    |      |19|00|037|N|1901I0240096|Y|1|000I0024|0|        |XXXXXXXXXXXXXXXXXXXXXXXXXXXXXXXXXXXXXXXXXXXXXXXXXX
S|47|000280|3|1|22|1R|2|T|2|3|N|2|0| |13|N|0|0| |0|L|N|P|1501I0400958|      |35892634| 83186076|    |      |19|00|029|N|1501I0400958|Y|1|000I0040|0|        |XXXXXXXXXXXXXXXXXXXXXXXXXXXXXXXXXXXXXXXXXXXXXXXXXX
S|47|000280|3|2|22|1R|2|T|2|3|N|2|0| |13|N|0|0| |0|L|N|P|1501I0400958|      |35892634| 83186076|    |      |19|00|029|N|1501I0400958|Y|1|000I0040|0|        |XXXXXXXXXXXXXXXXXXXXXXXXXXXXXXXXXXXXXXXXXXXXXXXXXX
S|47|000282|3|1|22|1R|2|T|2|3|N|2|0| |13|N|0|0| |0|L|N|P|1501I0401198|      |35858076| 83184192|    |      |19|00|029|N|1501I0401198|Y|1|000I0040|0|        |XXXXXXXXXXXXXXXXXXXXXXXXXXXXXXXXXXXXXXXXXXXXXXXXXX
S|47|000282|3|2|22|1R|2|T|2|3|N|2|0| |13|N|0|0| |0|L|N|P|1501I0401198|      |35858076| 83184192|    |      |19|00|029|N|1501I0401198|Y|1|000I0040|0|        |XXXXXXXXXXXXXXXXXXXXXXXXXXXXXXXXXXXXXXXXXXXXXXXXXX
S|47|000283|3|1|22|1U|4|N|4|3|N|4|3|D|13|N|4|5|A|1|H|N|P|7901S2041062|      |36158480| 86780688|    |      |19|00|000|N|7901S2041062|N|3|000SR204|0|        |Near Division Street                              
S|47|000283|3|2|22|1U|4|N|4|3|N|4|3|D|13|N|4|5|A|1|H|N|P|7901S2041062|      |36158480| 86780688|    |      |19|00|000|N|7901S2041062|N|3|000SR204|0|        |Near Division Street                              
S|47|000283|3|3|22|1U|4|N|4|3|N|4|3|D|13|N|4|5|A|1|H|N|P|7901S2041062|      |36158480| 86780688|    |      |19|00|000|N|7901S2041062|N|3|000SR204|0|        |Near Division Street                              
S|47|000283|3|4|22|1U|4|N|4|3|N|4|3|D|13|N|4|5|A|1|H|N|P|7901S2041062|      |36158480| 86780688|    |      |19|00|000|N|7901S2041062|N|3|000SR204|0|        |Near Division Street                              
S|47|000286|3|1|22|1R|2|N|2|3|N|2|3|D|13|N|2|5|A|1|H|N|P|7901S2041062|      |35539460| 89242317|    |      |19|00|000|N|7901S2041062|N|3|000SR204|0|        |Near Brownsville City                             
S|47|000286|3|2|22|1R|2|N|2|3|N|2|3|D|13|N|2|5|A|1|H|N|P|7901S2041062|      |35539460| 89242317|    |      |19|00|000|N|7901S2041062|N|3|000SR204|0|        |Near Brownsville City                             
S|47|000288|3|1|22|1R|3|N|3|3|N|3|3|D|13|N|3|5|A|1|H|N|P|7901S2041062|      |36030070| 83458081|    |      |19|00|000|N|7901S2041062|N|3|000SR204|0|        |North of Lickton Pike                             
S|47|000288|3|2|22|1R|3|N|3|3|N|3|3|D|13|N|3|5|A|1|H|N|P|7901S2041062|      |36030070| 83458081|    |      |19|00|000|N|7901S2041062|N|3|000SR204|0|        |North of Lickton Pike                             
S|47|000288|3|3|22|1R|3|N|3|3|N|3|3|D|13|N|3|5|A|1|H|N|P|7901S2041062|      |36030070| 83458081|    |      |19|00|000|N|7901S2041062|N|3|000SR204|0|        |North of Lickton Pike                             
S|47|000289|3|1|22|1R|1|N|1|3|N|1|3|D|13|N|1|5|A|1|H|N|P|7901S2041062|      |36302670| 86812462|    |      |19|00|000|N|7901S2041062|N|3|000SR204|0|        |North of Lickton Pike                             
S|47|000289|3|2|22|1R|1|N|1|3|N|1|3|D|13|N|1|5|A|1|H|N|P|7901S2041062|      |36302670| 86812462|    |      |19|00|000|N|7901S2041062|N|3|000SR204|0|        |North of Lickton Pike                             
S|47|000289|7|1|22|1R|1|N|1|3|N|1|3|D|13|N|1|5|A|1|H|N|P|7901S2041062|      |36302670| 86812462|    |      |19|00|000|N|7901S2041062|N|3|000SR204|0|        |North of Lickton Pike                             
S|47|000289|7|2|22|1R|1|N|1|3|N|1|3|D|13|N|1|5|A|1|H|N|P|7901S2041062|      |36302670| 86812462|    |      |19|00|000|N|7901S2041062|N|3|000SR204|0|        |North of Lickton Pike                             
S|47|000290|3|1|22|1U|5|N|5|3|N|5|3|D|13|N|5|5|A|1|H|N|P|7901S2041062|      |36086030| 86700203|    |      |19|00|000|N|7901S2041062|N|3|000SR204|0|        |Harding Place                                     
S|47|000290|3|2|22|1U|5|N|5|3|N|5|3|D|13|N|5|5|A|1|H|N|P|7901S2041062|      |36086030| 86700203|    |      |19|00|000|N|7901S2041062|N|3|000SR204|0|        |Harding Place                                     
S|47|000290|3|3|22|1U|5|N|5|3|N|5|3|D|13|N|5|5|A|1|H|N|P|7901S2041062|      |36086030| 86700203|    |      |19|00|000|N|7901S2041062|N|3|000SR204|0|        |Harding Place                                     
S|47|000290|3|4|22|1U|5|N|5|3|N|5|3|D|13|N|5|5|A|1|H|N|P|7901S2041062|      |36086030| 86700203|    |      |19|00|000|N|7901S2041062|N|3|000SR204|0|        |Harding Place                                     
S|47|000290|3|5|22|1U|5|N|5|3|N|5|3|D|13|N|5|5|A|1|H|N|P|7901S2041062|      |36086030| 86700203|    |      |19|00|000|N|7901S2041062|N|3|000SR204|0|        |Harding Place                                     
S|47|000291|3|1|22|1U|4|N|4|3|N|4|3|D|13|N|4|5|A|1|H|N|P|            |      |35667336| 88842310|    |      |22|00|000|N|7901S2041062|N|3|000SR204|0|        |W of state road 45                                
S|47|000291|3|2|22|1U|4|N|4|3|N|4|3|D|13|N|4|5|A|1|H|N|P|            |      |35667336| 88842310|    |      |22|00|000|N|7901S2041062|N|3|000SR204|0|        |W of state road 45                                
S|47|000291|3|3|22|1U|4|N|4|3|N|4|3|D|13|N|4|5|A|1|H|N|P|            |      |35667336| 88842310|    |      |22|00|000|N|7901S2041062|N|3|000SR204|0|        |W of state road 45                                
S|47|000291|3|4|22|1U|4|N|4|3|N|4|3|D|13|N|4|5|A|1|H|N|P|            |      |35667336| 88842310|    |      |22|00|000|N|7901S2041062|N|3|000SR204|0|        |W of state road 45                                
S|47|000292|3|1|22|1R|3|N|3|3|N|3|3|D|13|N|3|5|A|1|H|N|P|7901S2041062|      |36048930| 83417881|    |      |19|00|000|N|7901S2041062|N|3|000SR204|0|        |East of Briggs Road                               
S|47|000292|3|2|22|1R|3|N|3|3|N|3|3|D|13|N|3|5|A|1|H|N|P|7901S2041062|      |36048930| 83417881|    |      |19|00|000|N|7901S2041062|N|3|000SR204|0|        |East of Briggs Road                               
S|47|000292|3|3|22|1R|3|N|3|3|N|3|3|D|13|N|3|5|A|1|H|N|P|7901S2041062|      |36048930| 83417881|    |      |19|00|000|N|7901S2041062|N|3|000SR204|0|        |East of Briggs Road                               
S|47|000293|3|1|22|1R|3|N|3|3|N|3|3|D|13|N|3|5|A|1|H|N|P|7901S2041062|      |36102450| 86412975|    |      |19|00|189|N|7901S2041062|N|3|000SR204|0|        |South of Stewarts Ferry Pike                      
S|47|000293|3|2|22|1R|3|N|3|3|N|3|3|D|13|N|3|5|A|1|H|N|P|7901S2041062|      |36102450| 86412975|    |      |19|00|189|N|7901S2041062|N|3|000SR204|0|        |South of Stewarts Ferry Pike                      
S|47|000293|3|3|22|1R|3|N|3|3|N|3|3|D|13|N|3|5|A|1|H|N|P|7901S2041062|      |36102450| 86412975|    |      |19|00|189|N|7901S2041062|N|3|000SR204|0|        |South of Stewarts Ferry Pike                      
S|47|000295|3|1|22|1U|4|N|4|3|N|4|3|D|13|N|2|5|A|1|H|N|P|            |      |36116062| 86784069|    |      |21|00|000|N|7801S0712109|N|3|000SR071|0|        |ON I-440 NEAR CRAIG AVE                           
S|47|000295|3|2|22|1U|4|N|4|3|N|4|3|D|13|N|2|5|A|1|H|N|P|            |      |36116062| 86784069|    |      |21|00|000|N|7801S0712109|N|3|000SR071|0|        |ON I-440 NEAR CRAIG AVE                           
S|47|000295|3|3|22|1U|4|N|4|3|N|4|3|D|13|N|2|5|A|1|H|N|P|            |      |36116062| 86784069|    |      |21|00|000|N|7801S0712109|N|3|000SR071|0|        |ON I-440 NEAR CRAIG AVE                           
S|47|000295|3|4|22|1U|4|N|4|3|N|4|3|D|13|N|2|5|A|1|H|N|P|            |      |36116062| 86784069|    |      |21|00|000|N|7801S0712109|N|3|000SR071|0|        |ON I-440 NEAR CRAIG AVE                           
S|47|000311|5|1|22|2U|2|T|2|3|N|2|0| |13|N|0|0| |0|L|N|P|3301S1530771|      |35117102| 85233331|    |      |19|00|065|N|3301S1530760|Y|3|000SR153|0|        |XXXXXXXXXXXXXXXXXXXXXXXXXXXXXXXXXXXXXXXXXXXXXXXXXX
S|47|000311|5|2|22|2U|2|T|2|3|N|2|0| |13|N|0|0| |0|L|N|P|3301S1530771|      |35117102| 85233331|    |      |19|00|065|N|3301S1530760|Y|3|000SR153|0|        |XXXXXXXXXXXXXXXXXXXXXXXXXXXXXXXXXXXXXXXXXXXXXXXXXX
S|47|000338|5|1|22|1R|2|N|2|3|N|2|3|D|13|N|2|5|A|1|H|N|P|0101I0750541|      |36178926| 84091897|    |      |70|00|001|Y|0101I0750541|Y|1|000I0075|0|        |XXXXXXXXXXXXXXXXXXXXXXXXXXXXXX                    
S|47|000338|5|2|22|1R|2|N|2|3|N|2|3|D|13|N|2|5|A|1|H|N|P|0101I0750541|      |36178926| 84091897|    |      |70|00|001|Y|0101I0750541|Y|1|000I0075|0|        |XXXXXXXXXXXXXXXXXXXXXXXXXXXXXX                    
S|47|000350|3|1|22|1U|3|T|3|3|N|3|3|D|13|N|0|5|A|0|L|N|P|3301S3520126|      |36486413| 82547434|    |      |22|00|163|N|3301S1530126|N|3|000SR153|0|        |James H Quillen Parkway                           
S|47|000350|3|2|22|1U|3|T|3|3|N|3|3|D|13|N|0|5|A|0|L|N|P|3301S3520126|      |36486413| 82547434|    |      |22|00|163|N|3301S1530126|N|3|000SR153|0|        |James H Quillen Parkway                           
S|47|000350|3|3|22|1U|3|T|3|3|N|3|3|D|13|N|0|5|A|0|L|N|P|3301S3520126|      |36486413| 82547434|    |      |22|00|163|N|3301S1530126|N|3|000SR153|0|        |James H Quillen Parkway                           
S|47|000352|5|1|22|2U|4|T|4|3|N|4|0| |13|N|0|0| |0|L|N|P|3301S3520126|      |35038818| 85184861|    |      |19|00|065|N|3301S1530126|Y|3|000SR153|0|        |XXXXXXXXXXXXXXXXXXXXXXXXXXXXXXXXXXXXXXXXXXXXXXXXXX
S|47|000352|5|2|22|2U|4|T|4|3|N|4|0| |13|N|0|0| |0|L|N|P|3301S3520126|      |35038818| 85184861|    |      |19|00|065|N|3301S1530126|Y|3|000SR153|0|        |XXXXXXXXXXXXXXXXXXXXXXXXXXXXXXXXXXXXXXXXXXXXXXXXXX
S|47|000352|5|3|22|2U|4|T|4|3|N|4|0| |13|N|0|0| |0|L|N|P|3301S3520126|      |35038818| 85184861|    |      |19|00|065|N|3301S1530126|Y|3|000SR153|0|        |XXXXXXXXXXXXXXXXXXXXXXXXXXXXXXXXXXXXXXXXXXXXXXXXXX
S|47|000352|5|4|22|2U|4|T|4|3|N|4|0| |13|N|0|0| |0|L|N|P|3301S3520126|      |35038818| 85184861|    |      |19|00|065|N|3301S1530126|Y|3|000SR153|0|        |XXXXXXXXXXXXXXXXXXXXXXXXXXXXXXXXXXXXXXXXXXXXXXXXXX
S|47|000354|5|1|22|2U|4|T|4|3|N|4|0| |13|N|4|0| |0|A|N|P|3301S1530210|      |35048224| 85188437|    |      |19|00|000|N|3301S1530210|Y|1|00SR153 |0|        |NORTH OF SHALLOWFORD ROAD                         
S|47|000354|5|2|22|2U|4|T|4|3|N|4|0| |13|N|4|0| |0|A|N|P|3301S1530210|      |35048224| 85188437|    |      |19|00|000|N|3301S1530210|Y|1|00SR153 |0|        |NORTH OF SHALLOWFORD ROAD                         
S|47|000354|5|3|22|2U|4|T|4|3|N|4|0| |13|N|4|0| |0|A|N|P|3301S1530210|      |35048224| 85188437|    |      |19|00|000|N|3301S1530210|Y|1|00SR153 |0|        |NORTH OF SHALLOWFORD ROAD                         
S|47|000354|5|4|22|2U|4|T|4|3|N|4|0| |13|N|4|0| |0|A|N|P|3301S1530210|      |35048224| 85188437|    |      |19|00|000|N|3301S1530210|Y|1|00SR153 |0|        |NORTH OF SHALLOWFORD ROAD                         
S|47|000355|5|1|22|3U|2|T|2|3|N|2|0| |13|N|0|0| |0|L|N|P|5701S0052546|      |35787213| 88868121|    |      |19|00|113|N|5701S0052546|Y|3|000SR005|0|        |XXXXXXXXXXXXXXXXXXXXXXXXXXXXXXXXXXXXXXXXXXXXXXXXXX
S|47|000355|5|2|22|3U|2|T|2|3|N|2|0| |13|N|0|0| |0|L|N|P|5701S0052546|      |35787213| 88868121|    |      |19|00|113|N|5701S0052546|Y|3|000SR005|0|        |XXXXXXXXXXXXXXXXXXXXXXXXXXXXXXXXXXXXXXXXXXXXXXXXXX
S|47|000356|5|1|22|3R|2|T|2|3|N|2|0| |13|N|0|0| |0|L|N|P|3301S1110267|      |35328559| 85163512|    |      |19|00|065|N|3301S1110267|Y|3|000SR111|0|        |XXXXXXXXXXXXXXXXXXXXXXXXXXXXXXXXXXXXXXXXXXXXXXXXXX
S|47|000356|5|2|22|3R|2|T|2|3|N|2|0| |13|N|0|0| |0|L|N|P|3301S1110267|      |35328559| 85163512|    |      |19|00|065|N|3301S1110267|Y|3|000SR111|0|        |XXXXXXXXXXXXXXXXXXXXXXXXXXXXXXXXXXXXXXXXXXXXXXXXXX
S|47|000368|5|1|22|3R|2|N|2|3|N|2|3|D|13|N|2|5|A|1|H|N|P|1901S0112455|      |36163540| 83344160|    |      |22|00|000|N|1901S0112455|N|3|000SR011|0|        |North of Nelson School Road                       
S|47|000368|5|2|22|3R|2|N|2|3|N|2|3|D|13|N|2|5|A|1|H|N|P|1901S0112455|      |36163540| 83344160|    |      |22|00|000|N|1901S0112455|N|3|000SR011|0|        |North of Nelson School Road                       
S|47|000369|5|1|22|1U|3|N|3|3|N|3|3|D|13|N|3|5|A|1|H|N|P|7401I0651556|      |36608115| 86581444|    |      |70|00|147|N|7401I0651556|Y|1|000I0065|0|        |XXXXXXXXXXXXXXXXXXXXXXXXXXXXXX                    
S|47|000369|5|2|22|1U|3|N|3|3|N|3|3|D|13|N|3|5|A|1|H|N|P|7401I0651556|      |36608115| 86581444|    |      |70|00|147|N|7401I0651556|Y|1|000I0065|0|        |XXXXXXXXXXXXXXXXXXXXXXXXXXXXXX                    
S|47|000369|5|3|22|1U|3|N|3|3|N|3|3|D|13|N|3|5|A|1|H|N|P|7401I0651556|      |36608115| 86581444|    |      |70|00|147|N|7401I0651556|Y|1|000I0065|0|        |XXXXXXXXXXXXXXXXXXXXXXXXXXXXXX                    
S|47|000370|3|1|22|1U|2|T|2|3|N|2|0| |13|N|0|0| |0|L|N|P|1901I0400341|      |36074945| 86979296|    |      |19|00|037|N|1901I0400341|Y|1|000I0024|0|        |XXXXXXXXXXXXXXXXXXXXXXXXXXXXXXXXXXXXXXXXXXXXXXXXXX
S|47|000370|3|2|22|1U|2|T|2|3|N|2|0| |13|N|0|0| |0|L|N|P|1901I0400341|      |36074945| 86979296|    |      |19|00|037|N|1901I0400341|Y|1|000I0040|0|        |XXXXXXXXXXXXXXXXXXXXXXXXXXXXXXXXXXXXXXXXXXXXXXXXXX
S|47|000371|5|1|22|1U|3|T|3|3|N|3|0| |13|N|0|0| |0|L|N|P|7901I0401125|      |35184943| 89914600|    |      |19|00|157|N|7901I0401125|Y|1|000I0040|0|        |XXXXXXXXXXXXXXXXXXXXXXXXXXXXXXXXXXXXXXXXXXXXXXXXXX
S|47|000371|5|2|22|1U|3|T|3|3|N|3|0| |13|N|0|0| |0|L|N|P|7901I0401125|      |35184943| 89914600|    |      |19|00|157|N|7901I0401125|Y|1|000I0040|0|        |XXXXXXXXXXXXXXXXXXXXXXXXXXXXXXXXXXXXXXXXXXXXXXXXXX
S|47|000371|5|3|22|1U|3|T|3|3|N|3|0| |13|N|0|0| |0|L|N|P|7901I0401125|      |35184943| 89914600|    |      |19|00|157|N|7901I0401125|Y|1|000I0040|0|        |XXXXXXXXXXXXXXXXXXXXXXXXXXXXXXXXXXXXXXXXXXXXXXXXXX
S|47|000372|3|1|22|1R|4|N|4|3|N|4|3|D|13|N|2|5|A|1|H|N|P|            |      |36047339| 86430009|    |      |21|00|149|N|7801S0712109|N|3|000SR071|0|        |WILSON CO LINE                                    
S|47|000372|3|2|22|1R|4|N|4|3|N|4|3|D|13|N|2|5|A|1|H|N|P|            |      |36047339| 86430009|    |      |21|00|149|N|7801S0712109|N|3|000SR071|0|        |WILSON CO LINE                                    
S|47|000372|3|3|22|1R|4|N|4|3|N|4|3|D|13|N|2|5|A|1|H|N|P|            |      |36047339| 86430009|    |      |21|00|149|N|7801S0712109|N|3|000SR071|0|        |WILSON CO LINE                                    
S|47|000372|3|4|22|1R|4|N|4|3|N|4|3|D|13|N|2|5|A|1|H|N|P|            |      |36047339| 86430009|    |      |21|00|149|N|7801S0712109|N|3|000SR071|0|        |WILSON CO LINE                                    
S|47|000372|7|1|22|1R|4|N|4|3|N|4|3|D|13|N|2|5|A|1|H|N|P|            |      |36047339| 86430009|    |      |21|00|149|N|7801S0712109|N|3|000SR071|0|        |WILSON CO LINE                                    
S|47|000372|7|2|22|1R|4|N|4|3|N|4|3|D|13|N|2|5|A|1|H|N|P|            |      |36047339| 86430009|    |      |21|00|149|N|7801S0712109|N|3|000SR071|0|        |WILSON CO LINE                                    
S|47|000372|7|3|22|1R|4|N|4|3|N|4|3|D|13|N|2|5|A|1|H|N|P|            |      |36047339| 86430009|    |      |21|00|149|N|7801S0712109|N|3|000SR071|0|        |WILSON CO LINE                                    
S|47|000372|7|4|22|1R|4|N|4|3|N|4|3|D|13|N|2|5|A|1|H|N|P|            |      |36047339| 86430009|    |      |21|00|149|N|7801S0712109|N|3|000SR071|0|        |WILSON CO LINE                                    
S|47|000374|3|1|22|1R|2|T|2|3|N|2|0| |13|N|0|0| |0|L|N|P|9401I8402596|      |35822389| 86824062|    |      |19|00|187|N|9401I8402596|Y|1|000I0840|0|        |XXXXXXXXXXXXXXXXXXXXXXXXXXXXXXXXXXXXXXXXXXXXXXXXXX
S|47|000374|3|2|22|1R|2|T|2|3|N|2|0| |13|N|0|0| |0|L|N|P|9401I8402596|      |35822389| 86824062|    |      |19|00|187|N|9401I8402596|Y|1|000I0840|0|        |XXXXXXXXXXXXXXXXXXXXXXXXXXXXXXXXXXXXXXXXXXXXXXXXXX
S|47|000376|5|1|22|2U|2|T|2|3|N|2|3| |13|N|2|5|A|1|L|N|P|3301S1110012|      |36318440| 86642559|    |      |19|00|000|N|3301S1110012|N|3|000SR111|0|        |Vietnam Veterens Blvd  near Hendersonville        
S|47|000376|5|2|22|2U|2|T|2|3|N|2|3| |13|N|2|5|A|1|L|N|P|3301S1110012|      |36318440| 86642559|    |      |19|00|000|N|3301S1110012|N|3|000SR111|0|        |Vietnam Veterens Blvd  near Hendersonville        
S|47|000377|5|1|22|2U|2|T|2|3|N|2|0| |13|N|0|0| |0|L|N|P|3301S1110012|      |35299912| 85150546|    |      |19|00|065|N|3301S1110012|Y|3|000SR111|0|        |XXXXXXXXXXXXXXXXXXXXXXXXXXXXXXXXXXXXXXXXXXXXXXXXXX
S|47|000377|5|2|22|2U|2|T|2|3|N|2|0| |13|N|0|0| |0|L|N|P|3301S1110012|      |35299912| 85150546|    |      |19|00|065|N|3301S1110012|Y|3|000SR111|0|        |XXXXXXXXXXXXXXXXXXXXXXXXXXXXXXXXXXXXXXXXXXXXXXXXXX
S|47|000381|5|1|22|2U|2|T|2|3|N|2|0| |13|N|0|0| |0|L|N|P|1901S3860017|      |36302257| 86709308|    |      |19|00|037|N|1901S3860017|Y|3|000SR386|0|        |XXXXXXXXXXXXXXXXXXXXXXXXXXXXXXXXXXXXXXXXXXXXXXXXXX
S|47|000381|5|2|22|2U|2|T|2|3|N|2|0| |13|N|0|0| |0|L|N|P|1901S3860017|      |36302257| 86709308|    |      |19|00|037|N|1901S3860017|Y|3|000SR386|0|        |XXXXXXXXXXXXXXXXXXXXXXXXXXXXXXXXXXXXXXXXXXXXXXXXXX
S|47|000384|3|1|22|1R|2|T|2|3|N|2|0| |13|N|0|0| |0|L|N|P|3801I0401011|      |35496276| 89268666|    |      |19|00|075|N|3801I0401011|Y|1|000I0040|0|        |XXXXXXXXXXXXXXXXXXXXXXXXXXXXXXXXXXXXXXXXXXXXXXXXXX
S|47|000384|3|2|22|1R|2|T|2|3|N|2|0| |13|N|0|0| |0|L|N|P|3801I0401011|      |35496276| 89268666|    |      |19|00|075|N|3801I0401011|Y|1|000I0040|0|        |XXXXXXXXXXXXXXXXXXXXXXXXXXXXXXXXXXXXXXXXXXXXXXXXXX
S|47|000386|3|1|22|1R|2|T|2|3|N|2|3| |13|N|2|5|A|1|L|N|P|3301S1110012|      |35539460| 89242317|    |      |19|00|000|N|3301S1110012|N|3|000SR111|0|        |I-40 Near Brownsville City                        
S|47|000386|3|2|22|1R|2|T|2|3|N|2|3| |13|N|2|5|A|1|L|N|P|3301S1110012|      |35539460| 89242317|    |      |19|00|000|N|3301S1110012|N|3|000SR111|0|        |I-40 Near Brownsville City                        
S|47|000394|5|1|22|1U|2|N|2|3|N|2|3|D|13|N|2|5|A|1|H|N|P|7901S2041062|      |35002810| 90002452|    |      |19|00|157|N|7901S2041062|N|3|000SR204|0|        |South of Holmes Road                              
S|47|000394|5|2|22|1U|2|N|2|3|N|2|3|D|13|N|2|5|A|1|H|N|P|7901S2041062|      |35002810| 90002452|    |      |19|00|157|N|7901S2041062|N|3|000SR204|0|        |South of Holmes Road                              
S|47|000430|7|1|22|1U|2|N|2|3|N|2|3|D|13|N|2|5|A|1|H|N|P|3301I0240891|      |35022724| 85298731|    |      |70|00|065|N|3301I0240891|N|1|000I0024|0|        |XXXXXXXXXXXXXXXXXXXXXXXXXXXXXX                    
S|47|000430|7|2|22|1U|2|N|2|3|N|2|3|D|13|N|2|5|A|1|H|N|P|3301I0240891|      |35022724| 85298731|    |      |70|00|065|N|3301I0240891|N|1|000I0024|0|        |XXXXXXXXXXXXXXXXXXXXXXXXXXXXXX                    
S|47|000430|7|3|22|1U|2|N|2|3|N|2|3|D|13|N|2|5|A|1|H|N|P|3301I0240891|      |35022724| 85298731|    |      |70|00|065|N|3301I0240891|N|1|000I0024|0|        |XXXXXXXXXXXXXXXXXXXXXXXXXXXXXX                    
S|47|000430|7|4|22|1U|2|N|2|3|N|2|3|D|13|N|2|5|A|1|H|N|P|3301I0240891|      |35022724| 85298731|    |      |70|00|065|N|3301I0240891|N|1|000I0024|0|        |XXXXXXXXXXXXXXXXXXXXXXXXXXXXXX                    
S|47|000431|7|1|22|1U|3|N|3|3|N|3|3|D|13|N|3|5|A|1|H|N|P|7901I2401557|      |35123392| 89868474|    |      |70|00|157|Y|7901I2401557|N|1|000I0240|0|        |XXXXXXXXXXXXXXXXXXXXXXXXXXXXXX                    
S|47|000431|7|2|22|1U|3|N|3|3|N|3|3|D|13|N|3|5|A|1|H|N|P|7901I2401557|      |35123392| 89868474|    |      |70|00|157|Y|7901I2401557|N|1|000I0240|0|        |XXXXXXXXXXXXXXXXXXXXXXXXXXXXXX                    
S|47|000431|7|3|22|1U|3|N|3|3|N|3|3|D|13|N|3|5|A|1|H|N|P|7901I2401557|      |35123392| 89868474|    |      |70|00|157|Y|7901I2401557|N|1|000I0240|0|        |XXXXXXXXXXXXXXXXXXXXXXXXXXXXXX                    
S|47|000431|7|4|22|1U|3|N|3|3|N|3|3|D|13|N|3|5|A|1|H|N|P|7901I2401557|      |35123392| 89868474|    |      |70|00|157|Y|7901I2401557|N|1|000I0240|0|        |XXXXXXXXXXXXXXXXXXXXXXXXXXXXXX                    
S|47|000431|7|5|22|1U|3|N|3|3|N|3|3|D|13|N|3|5|A|1|H|N|P|7901I2401557|      |35123392| 89868474|    |      |70|00|157|Y|7901I2401557|N|1|000I0240|0|        |XXXXXXXXXXXXXXXXXXXXXXXXXXXXXX                    
S|47|000434|7|1|22|1U|2|N|2|3|N|2|3|D|13|N|2|5|A|1|H|N|P|9501I0400564|      |36176635| 86468340|    |      |70|00|189|N|9501I0400564|N|1|000I0040|0|        |XXXXXXXXXXXXXXXXXXXXXXXXXXXXXX                    
S|47|000434|7|2|22|1U|2|N|2|3|N|2|3|D|13|N|2|5|A|1|H|N|P|9501I0400564|      |36176635| 86468340|    |      |70|00|189|N|9501I0400564|N|1|000I0040|0|        |XXXXXXXXXXXXXXXXXXXXXXXXXXXXXX                    
S|47|000434|7|3|22|1U|2|N|2|3|N|2|3|D|13|N|2|5|A|1|H|N|P|9501I0400564|      |36176635| 86468340|    |      |70|00|189|N|9501I0400564|N|1|000I0040|0|        |XXXXXXXXXXXXXXXXXXXXXXXXXXXXXX                    
S|47|000434|7|4|22|1U|2|N|2|3|N|2|3|D|13|N|2|5|A|1|H|N|P|9501I0400564|      |36176635| 86468340|    |      |70|00|189|N|9501I0400564|N|1|000I0040|0|        |XXXXXXXXXXXXXXXXXXXXXXXXXXXXXX                    
S|47|000435|7|1|22|1U|2|N|2|3|N|2|3|D|13|N|2|5|A|1|H|N|P|4701I0400248|      |35431753| 86031366|    |      |70|00|031|Y|4701I0400248|N|1|000I0040|0|        |XXXXXXXXXXXXXXXXXXXXXXXXXXXXXX                    
S|47|000435|7|2|22|1U|2|N|2|3|N|2|3|D|13|N|2|5|A|1|H|N|P|4701I0400248|      |35431753| 86031366|    |      |70|00|031|Y|4701I0400248|N|1|000I0040|0|        |XXXXXXXXXXXXXXXXXXXXXXXXXXXXXX                    
S|47|000435|7|3|22|1U|2|N|2|3|N|2|3|D|13|N|2|5|A|1|H|N|P|4701I0400248|      |35431753| 86031366|    |      |70|00|031|Y|4701I0400248|N|1|000I0040|0|        |XXXXXXXXXXXXXXXXXXXXXXXXXXXXXX                    
S|47|000435|7|4|22|1U|2|N|2|3|N|2|3|D|13|N|2|5|A|1|H|N|P|4701I0400248|      |35431753| 86031366|    |      |70|00|031|Y|4701I0400248|N|1|000I0040|0|        |XXXXXXXXXXXXXXXXXXXXXXXXXXXXXX                    
S|47|000437|7|1|22|1U|2|N|2|3|N|2|3|D|13|N|2|5|A|1|H|N|P|4701I0400286|      |35893778| 84194625|    |      |70|00|093|N|4701I0400286|N|1|000I0040|0|        |XXXXXXXXXXXXXXXXXXXXXXXXXXXXXX                    
S|47|000437|7|2|22|1U|2|N|2|3|N|2|3|D|13|N|2|5|A|1|H|N|P|4701I0400286|      |35893778| 84194625|    |      |70|00|093|N|4701I0400286|N|1|000I0040|0|        |XXXXXXXXXXXXXXXXXXXXXXXXXXXXXX                    
S|47|000437|7|3|22|1U|2|N|2|3|N|2|3|D|13|N|2|5|A|1|H|N|P|4701I0400286|      |35893778| 84194625|    |      |70|00|093|N|4701I0400286|N|1|000I0040|0|        |XXXXXXXXXXXXXXXXXXXXXXXXXXXXXX                    
S|47|000437|7|4|22|1U|2|N|2|3|N|2|3|D|13|N|2|5|A|1|H|N|P|4701I0400286|      |35893778| 84194625|    |      |70|00|093|N|4701I0400286|N|1|000I0040|0|        |XXXXXXXXXXXXXXXXXXXXXXXXXXXXXX                    
S|47|000441|7|1|22|1R|2|N|1|3|N|1|3|D|13|N|1|5|A|1|H|N|P|3801I0400681|      |35460170| 89302582|    |      |94|00|075|N|3801I0400681|Y|1|000I0040|0|        |XXXXXXXXXXXXXXXXXXXXXXXXXXXXXX                    
S|47|000441|7|2|22|1R|2|N|1|3|N|1|3|D|13|N|1|5|A|1|H|N|P|3801I0400681|      |35460170| 89302582|    |      |94|00|075|N|3801I0400681|Y|1|000I0040|0|        |XXXXXXXXXXXXXXXXXXXXXXXXXXXXXX                    
S|47|000441|7|3|22|1R|2|N|2|3|N|2|3|D|13|N|2|5|A|1|H|N|P|4701I0400681|      |35460170| 89302582|    |      |94|00|075|N|3801I0400681|Y|1|000I0040|0|        |XXXXXXXXXXXXXXXXXXXXXXXXXXXXXX                    
S|47|000450|7|1|22|1U|3|T|3|3|N|3|3|D|13|N|0|5|A|0|L|N|P|3301S3520126|      |36486413| 82547434|    |      |22|00|163|N|3301S1530126|N|3|000SR153|0|        |James H Quillen Parkway                           
S|47|000450|7|2|22|1U|3|T|3|3|N|3|3|D|13|N|0|5|A|0|L|N|P|3301S3520126|      |36486413| 82547434|    |      |22|00|163|N|3301S1530126|N|3|000SR153|0|        |James H Quillen Parkway                           
S|47|000450|7|3|22|1U|3|T|3|3|N|3|3|D|13|N|0|5|A|0|L|N|P|3301S3520126|      |36486413| 82547434|    |      |22|00|163|N|3301S1530126|N|3|000SR153|0|        |James H Quillen Parkway                           
S|47|000467|7|1|22|2U|4|T|4|3|N|4|0| |13|N|0|0| |0|L|N|P|7901S3850428|      |35052415| 89817794|    |      |19|00|157|N|7901S3850428|Y|3|000SR385|0|        |XXXXXXXXXXXXXXXXXXXXXXXXXXXXXXXXXXXXXXXXXXXXXXXXXX
S|47|000467|7|2|22|2U|4|T|4|3|N|4|0| |13|N|0|0| |0|L|N|P|7901S3850428|      |35052415| 89817794|    |      |19|00|157|N|7901S3850428|Y|3|000SR385|0|        |XXXXXXXXXXXXXXXXXXXXXXXXXXXXXXXXXXXXXXXXXXXXXXXXXX
S|47|000467|7|3|22|2U|4|T|4|3|N|4|0| |13|N|0|0| |0|L|N|P|7901S3850428|      |35052415| 89817794|    |      |19|00|157|N|7901S3850428|Y|3|000SR385|0|        |XXXXXXXXXXXXXXXXXXXXXXXXXXXXXXXXXXXXXXXXXXXXXXXXXX
S|47|000467|7|4|22|2U|4|T|4|3|N|4|0| |13|N|0|0| |0|L|N|P|7901S3850428|      |35052415| 89817794|    |      |19|00|157|N|7901S3850428|Y|3|000SR385|0|        |XXXXXXXXXXXXXXXXXXXXXXXXXXXXXXXXXXXXXXXXXXXXXXXXXX
S|47|000470|7|1|22|1U|2|T|2|3|N|2|0| |13|N|0|0| |0|L|N|P|1901I0400336|      |36075258| 86980178|    |      |19|00|037|N|1901I0400336|Y|1|000I0040|0|        |XXXXXXXXXXXXXXXXXXXXXXXXXXXXXXXXXXXXXXXXXXXXXXXXXX
S|47|000470|7|2|22|1U|2|T|2|3|N|2|0| |13|N|0|0| |0|L|N|P|1901I0400336|      |36075258| 86980178|    |      |19|00|037|N|1901I0400336|Y|1|000I0040|0|        |XXXXXXXXXXXXXXXXXXXXXXXXXXXXXXXXXXXXXXXXXXXXXXXXXX
S|47|000473|7|1|22|1U|2|T|2|3|N|2|0| |13|N|0|0| |0|L|N|P|9401I8402325|      |35820753| 85872920|    |      |19|00|187|N|9401I8402325|Y|1|000I0840|0|        |XXXXXXXXXXXXXXXXXXXXXXXXXXXXXXXXXXXXXXXXXXXXXXXXXX
S|47|000473|7|2|22|1U|2|T|2|3|N|2|0| |13|N|0|0| |0|L|N|P|9401I8402325|      |35820753| 85872920|    |      |19|00|187|N|9401I8402325|Y|1|000I0840|0|        |XXXXXXXXXXXXXXXXXXXXXXXXXXXXXXXXXXXXXXXXXXXXXXXXXX
S|47|000474|7|1|22|1R|2|T|2|3|N|2|0| |13|N|0|0| |0|L|N|P|9401I8402583|      |35822337| 86619800|    |      |19|00|187|N|9401I8402583|Y|1|000I0840|0|        |XXXXXXXXXXXXXXXXXXXXXXXXXXXXXXXXXXXXXXXXXXXXXXXXXX
S|47|000474|7|2|22|1R|2|T|2|3|N|2|0| |13|N|0|0| |0|L|N|P|9401I8402583|      |35822337| 86619800|    |      |19|00|187|N|9401I8402583|Y|1|000I0840|0|        |XXXXXXXXXXXXXXXXXXXXXXXXXXXXXXXXXXXXXXXXXXXXXXXXXX
S|47|000479|7|1|22|1R|2|T|2|3|N|2|0| |13|N|0|0| |0|L|N|P|1901I0240079|      |36333498| 86925733|    |      |19|00|037|N|1901I0240079|Y|1|000I0024|0|        |XXXXXXXXXXXXXXXXXXXXXXXXXXXXXXXXXXXXXXXXXXXXXXXXXX
S|47|000479|7|2|22|1R|2|T|2|3|N|2|0| |13|N|0|0| |0|L|N|P|1901I0240079|      |36333498| 86925733|    |      |19|00|037|N|1901I0240079|Y|1|000I0024|0|        |XXXXXXXXXXXXXXXXXXXXXXXXXXXXXXXXXXXXXXXXXXXXXXXXXX
S|47|000480|7|1|22|1R|2|T|2|3|N|2|0| |13|N|0|0| |0|L|N|P|1501I0400970|      |35891016| 83186579|    |      |19|00|029|N|1501I0400970|Y|1|000I0040|0|        |XXXXXXXXXXXXXXXXXXXXXXXXXXXXXXXXXXXXXXXXXXXXXXXXXX
S|47|000480|7|2|22|1R|2|T|2|3|N|2|0| |13|N|0|0| |0|L|N|P|1501I0400970|      |35891016| 83186579|    |      |19|00|029|N|1501I0400970|Y|1|000I0040|0|        |XXXXXXXXXXXXXXXXXXXXXXXXXXXXXXXXXXXXXXXXXXXXXXXXXX
S|47|000482|7|1|22|1R|2|T|2|3|N|2|0| |13|N|0|0| |0|L|N|P|1501I0401188|      |35859582| 83184328|    |      |19|00|029|N|1501I0401188|Y|1|000I0040|0|        |XXXXXXXXXXXXXXXXXXXXXXXXXXXXXXXXXXXXXXXXXXXXXXXXXX
S|47|000482|7|2|22|1R|2|T|2|3|N|2|0| |13|N|0|0| |0|L|N|P|1501I0401188|      |35859582| 83184328|    |      |19|00|029|N|1501I0401188|Y|1|000I0040|0|        |XXXXXXXXXXXXXXXXXXXXXXXXXXXXXXXXXXXXXXXXXXXXXXXXXX
S|47|000483|7|1|22|1U|4|N|4|3|N|4|3|D|13|N|4|5|A|1|H|N|P|7901S2041062|      |36148480| 86780688|    |      |19|00|000|N|7901S2041062|N|3|000SR204|0|        |Near Division Street                              
S|47|000483|7|2|22|1U|4|N|4|3|N|4|3|D|13|N|4|5|A|1|H|N|P|7901S2041062|      |36148480| 86780688|    |      |19|00|000|N|7901S2041062|N|3|000SR204|0|        |Near Division Street                              
S|47|000483|7|3|22|1U|4|N|4|3|N|4|3|D|13|N|4|5|A|1|H|N|P|7901S2041062|      |36148480| 86780688|    |      |19|00|000|N|7901S2041062|N|3|000SR204|0|        |Near Division Street                              
S|47|000483|7|4|22|1U|4|N|4|3|N|4|3|D|13|N|4|5|A|1|H|N|P|7901S2041062|      |36148480| 86780688|    |      |19|00|000|N|7901S2041062|N|3|000SR204|0|        |Near Division Street                              
S|47|000484|7|1|22|1R|2|T|2|3|N|2|0| |13|N|0|0| |0|L|N|P|3801I0401011|      |35496262| 89568671|    |      |19|00|075|N|3801I0401011|Y|1|000I0040|0|        |XXXXXXXXXXXXXXXXXXXXXXXXXXXXXXXXXXXXXXXXXXXXXXXXXX
S|47|000484|7|2|22|1R|2|T|2|3|N|2|0| |13|N|0|0| |0|L|N|P|3801I0401011|      |35496262| 89568671|    |      |19|00|075|N|3801I0401011|Y|1|000I0040|0|        |XXXXXXXXXXXXXXXXXXXXXXXXXXXXXXXXXXXXXXXXXXXXXXXXXX
S|47|000486|5|1|22|1R|2|N|2|3|N|2|3|D|13|N|2|5|A|1|H|N|P|7901S2041062|      |35539460| 89242317|    |      |19|00|000|N|7901S2041062|N|3|000SR204|0|        |Near Brownsville City                             
S|47|000486|5|2|22|1R|2|N|2|3|N|2|3|D|13|N|2|5|A|1|H|N|P|7901S2041062|      |35539460| 89242317|    |      |19|00|000|N|7901S2041062|N|3|000SR204|0|        |Near Brownsville City                             
S|47|000486|7|1|22|1R|2|T|2|3|N|2|0| |13|N|0|0| |0|L|N|P|3801I0401376|      |35539673| 89241320|    |      |19|00|075|N|3801I0401376|Y|1|000I0040|0|        |XXXXXXXXXXXXXXXXXXXXXXXXXXXXXXXXXXXXXXXXXXXXXXXXXX
S|47|000486|7|2|22|1R|2|T|2|3|N|2|0| |13|N|0|0| |0|L|N|P|3801I0401376|      |35539673| 89241320|    |      |19|00|075|N|3801I0401376|Y|1|000I0040|0|        |XXXXXXXXXXXXXXXXXXXXXXXXXXXXXXXXXXXXXXXXXXXXXXXXXX
S|47|000488|7|1|22|1R|3|N|3|3|N|3|3|D|13|N|3|5|A|1|H|N|P|7901S2041062|      |36028690| 83460148|    |      |19|00|000|N|7901S2041062|N|3|000SR204|0|        |South West of Goose Creek Road                    
S|47|000488|7|2|22|1R|3|N|3|3|N|3|3|D|13|N|3|5|A|1|H|N|P|7901S2041062|      |36028690| 83460148|    |      |19|00|000|N|7901S2041062|N|3|000SR204|0|        |South West of Goose Creek Road                    
S|47|000488|7|3|22|1R|3|N|3|3|N|3|3|D|13|N|3|5|A|1|H|N|P|7901S2041062|      |36028690| 83460148|    |      |19|00|000|N|7901S2041062|N|3|000SR204|0|        |South West of Goose Creek Road                    
S|47|000489|7|1|22|1R|2|N|2|3|N|2|3|D|13|N|2|5|A|1|H|N|P|7901S2041062|      |36302670| 86812462|    |      |19|00|000|N|7901S2041062|N|3|000SR204|0|        |North of Lickton Pike                             
S|47|000489|7|2|22|1R|2|N|2|3|N|2|3|D|13|N|2|5|A|1|H|N|P|7901S2041062|      |36302670| 86812462|    |      |19|00|000|N|7901S2041062|N|3|000SR204|0|        |North of Lickton Pike                             
S|47|000490|7|1|22|1R|4|N|4|3|N|4|3|D|13|N|4|5|A|1|H|N|P|7901S2041062|      |36084570| 86699271|    |      |19|00|000|N|7901S2041062|N|3|000SR204|0|        |Harding Place                                     
S|47|000490|7|2|22|1R|4|N|4|3|N|4|3|D|13|N|4|5|A|1|H|N|P|7901S2041062|      |36084570| 86699271|    |      |19|00|000|N|7901S2041062|N|3|000SR204|0|        |Harding Place                                     
S|47|000490|7|3|22|1R|4|N|4|3|N|4|3|D|13|N|4|5|A|1|H|N|P|7901S2041062|      |36084570| 86699271|    |      |19|00|000|N|7901S2041062|N|3|000SR204|0|        |Harding Place                                     
S|47|000490|7|4|22|1R|4|N|4|3|N|4|3|D|13|N|4|5|A|1|H|N|P|7901S2041062|      |36084570| 86699271|    |      |19|00|000|N|7901S2041062|N|3|000SR204|0|        |Harding Place                                     
S|47|000492|7|1|22|1R|3|N|3|3|N|3|3|D|13|N|3|5|A|1|H|N|P|7901S2041062|      |36047010| 83421166|    |      |19|00|000|N|7901S2041062|N|3|000SR204|0|        |South West of Briggs Road                         
S|47|000492|7|2|22|1R|3|N|3|3|N|3|3|D|13|N|3|5|A|1|H|N|P|7901S2041062|      |36047010| 83421166|    |      |19|00|000|N|7901S2041062|N|3|000SR204|0|        |South West of Briggs Road                         
S|47|000492|7|3|22|1R|3|N|3|3|N|3|3|D|13|N|3|5|A|1|H|N|P|7901S2041062|      |36047010| 83421166|    |      |19|00|000|N|7901S2041062|N|3|000SR204|0|        |South West of Briggs Road                         
S|47|000493|3|1|22|1R|2|N|2|3|N|2|3|D|13|N|2|5|A|1|H|N|P|            |      |36090035| 86444680|    |      |21|00|189|N|7801S0712109|N|3|000SR071|0|        |SOUTH OF STEWARTS FERRY PIKE                      
S|47|000493|3|2|22|1R|2|N|2|3|N|2|3|D|13|N|2|5|A|1|H|N|P|            |      |36090035| 86444680|    |      |21|00|189|N|7801S0712109|N|3|000SR071|0|        |SOUTH OF STEWARTS FERRY PIKE                      
S|47|000493|7|1|22|1R|2|N|2|3|N|2|3|D|13|N|2|5|A|1|H|N|P|7901S2041062|      |36102450| 86412975|    |      |19|00|189|N|7901S2041062|N|3|000SR204|0|        |South of Stewarts Ferry Pike                      
S|47|000493|7|2|22|1R|2|N|2|3|N|2|3|D|13|N|2|5|A|1|H|N|P|7901S2041062|      |36102450| 86412975|    |      |19|00|189|N|7901S2041062|N|3|000SR204|0|        |South of Stewarts Ferry Pike                      
S|47|000495|7|1|22|1U|4|N|4|3|N|4|3|D|13|N|2|5|A|1|H|N|P|            |      |36116062| 86784069|    |      |21|00|000|N|7801S0712109|N|3|000SR071|0|        |ON I-440                                          
S|47|000495|7|2|22|1U|4|N|4|3|N|4|3|D|13|N|2|5|A|1|H|N|P|            |      |36116062| 86784069|    |      |21|00|000|N|7801S0712109|N|3|000SR071|0|        |ON I-440                                          
S|47|000495|7|3|22|1U|4|N|4|3|N|4|3|D|13|N|2|5|A|1|H|N|P|            |      |36116062| 86784069|    |      |21|00|000|N|7801S0712109|N|3|000SR071|0|        |ON I-440                                          
S|47|000495|7|4|22|1U|4|N|4|3|N|4|3|D|13|N|2|5|A|1|H|N|P|            |      |36116062| 86784069|    |      |21|00|000|N|7801S0712109|N|3|000SR071|0|        |ON I-440                                          
S|47|000512|1|1|22|4U|2|N|2|3|N|2|3|A|13|N|2|5|A|1|H|N|P|7901S3880021|      |35238311| 90016722|    |      |11|00|157|N|7901S3880021|Y|3|000SR388|0|        |XXXXXXXXXXXXXXXXXXXXXXXXXXXXXX                    
S|47|000512|1|2|22|4U|2|N|2|3|N|2|3|A|13|N|2|5|A|1|H|N|P|7901S3880021|      |35238311| 90016722|    |      |11|00|157|N|7901S3880021|Y|3|000SR388|0|        |XXXXXXXXXXXXXXXXXXXXXXXXXXXXXX                    
S|47|000512|5|1|22|4U|2|N|2|3|N|2|3|A|13|N|2|5|A|1|H|N|P|7901S3880021|      |35238311| 90016722|    |      |11|00|157|N|7901S3880021|Y|3|000SR388|0|        |XXXXXXXXXXXXXXXXXXXXXXXXXXXXXX                    
S|47|000512|5|2|22|4U|2|N|2|3|N|2|3|A|13|N|2|5|A|1|H|N|P|7901S3880021|      |35238311| 90016722|    |      |11|00|157|N|7901S3880021|Y|3|000SR388|0|        |XXXXXXXXXXXXXXXXXXXXXXXXXXXXXX                    
S|47|000513|1|1|22|5U|1|N|1|3|N|1|3|A|13|N|1|5|A|1|H|N|P|3921S0220965|      |35620723| 88420777|    |      |12|00|077|N|3921S0220965|N|3|000SR022|0|        |XXXXXXXXXXXXXXXXXXXXXXXXXXXXXX                    
S|47|000513|5|1|22|5U|1|N|1|3|N|1|3|A|13|N|1|5|A|1|H|N|P|3921S0220965|      |35620723| 88420777|    |      |12|00|077|N|3921S0220965|N|3|000SR022|0|        |XXXXXXXXXXXXXXXXXXXXXXXXXXXXXX                    
S|47|000516|1|1|22|4U|2|N|2|3|N|2|3|A|13|N|2|5|A|1|H|N|P|600153680032|      |35624994| 87037632|    |      |05|00|119|N|600153680032|N|0|00005368|0|        |XXXXXXXXXXXXXXXXXXXXXXXXXXXXXX                    
S|47|000516|1|2|22|4U|2|N|2|3|N|2|3|A|13|N|2|5|A|1|H|N|P|600153680032|      |35624994| 87037632|    |      |05|00|119|N|600153680032|N|0|00005368|0|        |XXXXXXXXXXXXXXXXXXXXXXXXXXXXXX                    
S|47|000516|5|1|22|4U|2|N|2|3|N|2|3|A|13|N|2|5|A|1|H|N|P|600153680032|      |35624994| 87037632|    |      |05|00|119|N|600153680032|N|0|00005368|0|        |XXXXXXXXXXXXXXXXXXXXXXXXXXXXXX                    
S|47|000516|5|2|22|4U|2|N|2|3|N|2|3|A|13|N|2|5|A|1|H|N|P|600153680032|      |35624994| 87037632|    |      |05|00|119|N|600153680032|N|0|00005368|0|        |XXXXXXXXXXXXXXXXXXXXXXXXXXXXXX                    
S|47|000540|1|1|22|3U|2|N|2|3|N|2|3|A|13|N|2|5|A|1|H|N|P|3301S0021098|      |35027020| 85266607|    |      |70|00|065|N|3301S0021098|N|3|000SR021|0|        |XXXXXXXXXXXXXXXXXXXXXXXXXXXXXX                    
S|47|000540|1|2|22|3U|2|N|2|3|N|2|3|A|13|N|2|5|A|1|H|N|P|3301S0021098|      |35027020| 85266607|    |      |70|00|065|N|3301S0021098|N|3|000SR021|0|        |XXXXXXXXXXXXXXXXXXXXXXXXXXXXXX                    
S|47|000540|3|1|22|3U|2|N|2|3|N|2|3|D|13|N|2|5|A|1|H|N|P|            |      |35013749| 85155928|    |      |21|00|000|N|7801S0712109|N|3|000SR071|0|        |DOBBS AVE-E CBD                                   
S|47|000540|3|2|22|3U|2|N|2|3|N|2|3|D|13|N|2|5|A|1|H|N|P|            |      |35013749| 85155928|    |      |21|00|000|N|7801S0712109|N|3|000SR071|0|        |DOBBS AVE-E CBD                                   
S|47|000540|5|1|22|3U|2|N|2|3|N|2|3|A|13|N|2|5|A|1|H|N|P|3301S0021098|      |35027020| 85266607|    |      |70|00|065|N|3301S0021098|N|3|000SR021|0|        |XXXXXXXXXXXXXXXXXXXXXXXXXXXXXX                    
S|47|000540|5|2|22|3U|2|N|2|3|N|2|3|A|13|N|2|5|A|1|H|N|P|3301S0021098|      |35027020| 85266607|    |      |70|00|065|N|3301S0021098|N|3|000SR021|0|        |XXXXXXXXXXXXXXXXXXXXXXXXXXXXXX                    
S|47|000540|7|1|22|3U|2|N|2|3|N|2|3|D|13|N|2|5|A|1|H|N|P|            |      |35013749| 85155928|    |      |21|00|000|N|7801S0712109|N|3|000SR071|0|        |DOBBS AVE-E CBD                                   
S|47|000540|7|2|22|3U|2|N|2|3|N|2|3|D|13|N|2|5|A|1|H|N|P|            |      |35013749| 85155928|    |      |21|00|000|N|7801S0712109|N|3|000SR071|0|        |DOBBS AVE-E CBD                                   
S|47|000553|1|1|22|3U|2|N|2|3|N|2|3|A|13|N|2|5|A|1|H|N|P|4701S0331335|      |36056280| 83924086|    |      |09|00|093|N|4701S0331335|N|3|000SR033|0|        |XXXXXXXXXXXXXXXXXXXXXXXXXXXXXX                    
S|47|000553|1|2|22|3U|2|N|2|3|N|2|3|A|13|N|2|5|A|1|H|N|P|4701S0331335|      |36056280| 83924086|    |      |09|00|093|N|4701S0331335|N|3|000SR033|0|        |XXXXXXXXXXXXXXXXXXXXXXXXXXXXXX                    
S|47|000553|5|1|22|3U|2|N|2|3|N|2|3|A|13|N|2|5|A|1|H|N|P|4701S0331335|      |36056280| 83924086|    |      |09|00|093|N|4701S0331335|N|3|000SR033|0|        |XXXXXXXXXXXXXXXXXXXXXXXXXXXXXX                    
S|47|000553|5|2|22|3U|2|N|2|3|N|2|3|A|13|N|2|5|A|1|H|N|P|4701S0331335|      |36056280| 83924086|    |      |09|00|093|N|4701S0331335|N|3|000SR033|0|        |XXXXXXXXXXXXXXXXXXXXXXXXXXXXXX                    
S|47|000555|3|1|22|3U|3|N|3|3|N|3|3|A|13|N|3|5|A|1|H|N|P|1901S0012254|      |36123838| 86707476|    |      |70|00|000|N|1901S0012254|N|3|000SR001|0|        |On Murfreesboro Road near Mill Creek              
S|47|000555|3|2|22|3U|3|N|3|3|N|3|3|A|13|N|3|5|A|1|H|N|P|1901S0012254|      |36123838| 86707476|    |      |70|00|000|N|1901S0012254|N|3|000SR001|0|        |On Murfreesboro Road near Mill Creek              
S|47|000555|3|3|22|3U|3|N|3|3|N|3|3|A|13|N|3|5|A|1|H|N|P|1901S0012254|      |36123838| 86707476|    |      |70|00|000|N|1901S0012254|N|3|000SR001|0|        |On Murfreesboro Road near Mill Creek              
S|47|000555|7|1|22|3U|3|N|3|3|N|3|3|A|13|N|3|5|A|1|H|N|P|1901S0012254|      |36123838| 86707476|    |      |70|00|000|N|1901S0012254|N|3|000SR001|0|        |On Murfreesboro Road near Mill Creek              
S|47|000555|7|2|22|3U|3|N|3|3|N|3|3|A|13|N|3|5|A|1|H|N|P|1901S0012254|      |36123838| 86707476|    |      |70|00|000|N|1901S0012254|N|3|000SR001|0|        |On Murfreesboro Road near Mill Creek              
S|47|000555|7|3|22|3U|3|N|3|3|N|3|3|A|13|N|3|5|A|1|H|N|P|1901S0012254|      |36123838| 86707476|    |      |70|00|000|N|1901S0012254|N|3|000SR001|0|        |On Murfreesboro Road near Mill Creek              
S|47|N0401N|1|1|22|4R|1|T|1|3| |0|0| |13| |0|0| |2|L| |P|00000000GRSM|   740|35686969| 83535795|    |      |01|00|155|N|            |Y|2|   0010N|9|        |From Gatlinburg Bypass To Sugarlands Headquarters 
S|47|N0401N|5|1|22|4R|1|T|1|3| |0|0| |13| |0|0| |2|L| |P|00000000GRSM|   740|35686969| 83535795|    |      |01|00|155|N|            |Y|2|   0010N|9|        |From Gatlinburg Bypass To Sugarlands Headquarters 
S|47|N0406E|3|1|22|4R|1|T|1|3| |0|0| |13| |0|0| |2|L| |P|00000000GRSM|     0|35718388| 83821373|    |      |18|00|009|N|            |N|9|   0008E|9|        |From US 321 To Wears Valley Rd                    
S|47|N0406E|7|1|22|4R|1|T|1|3| |0|0| |13| |0|0| |2|L| |P|00000000GRSM|     0|35718388| 83821373|    |      |18|00|009|N|            |N|9|   0008E|9|        |From US 321 To Wears Valley Rd                    
S|47|N0407E|3|1|22|4R|1|T|1|3| |0|0| |13| |0|0| |2|L| |P|00000000GRSM|     0|35722361| 83646625|    |      |18|00|155|N|            |N|9|   0008F|9|        |From Wear Valley Rd To US 321                     
S|47|N0407E|7|1|22|4R|1|T|1|3| |0|0| |13| |0|0| |2|L| |P|00000000GRSM|     0|35722361| 83646625|    |      |18|00|155|N|            |N|9|   0008F|9|        |From Wear Valley Rd To US 321                     
S|47|N0410E|3|1|22|4R|1|T|1|3| |0|0| |13| |0|0| |2|L| |P|00000000GRSM|  3443|35654902| 83703138|    |      |97|00|009|N|            |N|9|    0128|9|        |From Laurel Creek Rd To End of Loop               
S|47|N0410E|7|1|22|4R|1|T|1|3| |0|0| |13| |0|0| |2|L| |P|00000000GRSM|  3443|35654902| 83703138|    |      |97|00|009|N|            |N|9|    0128|9|        |From Laurel Creek Rd To End of Loop               
S|47|N0411C|3|1|22|7R|1|T|1|3| |0|0| |13| |0|0| |2|L| |P|00000000GRSM|   354|35606008| 83774557|    |      |03|00|009|N|            |N|9|    0137|9|        |From Laurel Creek Rd To Cades Cove Loop Rd        
S|47|N0411C|7|1|22|7R|1|T|1|3| |0|0| |13| |0|0| |2|L| |P|00000000GRSM|   354|35606008| 83774557|    |      |03|00|009|N|            |N|9|    0137|9|        |From Laurel Creek Rd To Cades Cove Loop Rd        
S|47|N0411E|3|1|22|4R|1|T|1|3| |0|0| |13| |0|0| |2|L| |P|00000000GRSM| 11780|35606479| 83773259|    |      |03|00|009|N|            |N|9|    0015|9|        |From Tremont Rd To Cades Cove Loop Rd             
S|47|N0411E|7|1|22|4R|1|T|1|3| |0|0| |13| |0|0| |2|L| |P|00000000GRSM| 11780|35606479| 83773259|    |      |03|00|009|N|            |N|9|    0015|9|        |From Tremont Rd To Cades Cove Loop Rd             
S|47|N0411P|3|1|22|7R|1|T|1|3| |0|0| |13| |0|0| |2|L| |P|00000000GRSM|   708|35606091| 83773571|    |      |03|00|009|N|            |N|9|    0202|9|        |From Cades Cove Campground Entrance Rd To End of L
S|47|N0411P|7|1|22|7R|1|T|1|3| |0|0| |13| |0|0| |2|L| |P|00000000GRSM|   708|35606091| 83773571|    |      |03|00|009|N|            |N|9|    0202|9|        |From Cades Cove Campground Entrance Rd To End of L
S|47|N0411W|3|1|22|4R|1|T|1|3| |0|0| |13| |0|0| |2|L| |P|00000000GRSM| 16238|35606490| 83774868|    |      |03|00|009|N|            |N|9|    0026|9|        |From Laurel Creek Rd To Cades Cove Campground Entr
S|47|N0411W|7|1|22|4R|1|T|1|3| |0|0| |13| |0|0| |2|L| |P|00000000GRSM| 16238|35606490| 83774868|    |      |03|00|009|N|            |N|9|    0026|9|        |From Laurel Creek Rd To Cades Cove Campground Entr
S|47|N0416E|3|1|22|4R|1|T|1|3| |0|0| |13| |0|0| |2|L| |P|00000000GRSM|  9108|35813156| 83244224|    |      |12|00|029|N|            |N|9|   0008A|9|        |From TN Rt 32 To Interstate 40                    
S|47|N0416E|7|1|22|4R|1|T|1|3| |0|0| |13| |0|0| |2|L| |P|00000000GRSM|  9108|35813156| 83244224|    |      |12|00|029|N|            |N|9|   0008A|9|        |From TN Rt 32 To Interstate 40                    
S|47|N0418N|1|1|22|4R|1|T|1|3| |0|0| |13| |0|0| |2|L| |P|00000000GRSM|  5825|35688239| 83499048|    |      |11|00|155|N|            |N|9|    0027|9|        |From Park Boundary To Pavement Change to End of Lo
S|47|N0418N|5|1|22|4R|1|T|1|3| |0|0| |13| |0|0| |2|L| |P|00000000GRSM|  5825|35688239| 83499048|    |      |11|00|155|N|            |N|9|    0027|9|        |From Park Boundary To Pavement Change to End of Lo
S|47|N4207N|1|1|22|4R|1|T|1|3| |0|0| |13| |0|0| |2|L| |P|00000000NATR|     0|35254750| 87631990|    |      |00|00|181|N|            |N|9|   0001H|9|        |From MS 13 To US 64                               
S|47|N4207N|5|1|22|4R|1|T|1|3| |0|0| |13| |0|0| |2|L| |P|00000000NATR|     0|35254750| 87631990|    |      |00|00|181|N|            |N|9|   0001H|9|        |From MS 13 To US 64                               
S|47|N4208N|1|1|22|4R|1|T|1|3| |0|0| |13| |0|0| |2|L| |P|00000000NATR| 21339|35893163| 87021631|    |      |94|00|187|N|            |N|9|   0001I|9|        |From TN Rt 46 To TN Rt 100                        
S|47|N4208N|5|1|22|4R|1|T|1|3| |0|0| |13| |0|0| |2|L| |P|00000000NATR| 21339|35893163| 87021631|    |      |94|00|187|N|            |N|9|   0001I|9|        |From TN Rt 46 To TN Rt 100                        
