Record_Type|Year_Record|State_Code|Station_Id|Travel_Dir|Travel_Lane|F_System|Num_Lanes|Sample_Type_Volume|Num_Lanes_Volume|Method_Volume|Sample_Type_Class|Num_Lanes_Class|Method_Class|Algorithm_Volume|Num_Classes|Sample_Type_Truck|Num_Lanes_Truck|Method_Truck|Calibration|Data_Retrieval|Type_Sensor_1|Type_Sensor_2|Primary_Purpose|LRS_Id|LRS_Point|Latitude|Longitude|SHRP_Id|Prev_Station_Id|Year_Established|Year_Discontinued|County_Code|Is_Sample|Sample_Id|NHS|Posted_Route_Signing|Posted_Signed_Route|Con_Route_Signing|Con_Signed_Route|Station_Location
S|50|00A018|1|0|22|3R|1|T|1|3|N|0|3|F|14|N|0|0| |1|L|N|P|000U007-0109|      |43880043| 73104690|    |      |58|00|000|N|000000000000|Y|2|00000007|0|        |Leicester US7 S of Maple ST                       
S|50|00A018|5|0|22|3R|1|T|1|3|N|0|3|F|14|N|0|0| |1|L|N|P|000U007-0109|      |43880043| 73104690|    |      |58|00|000|N|000000000000|Y|2|00000007|0|        |Leicester US7 S of Maple ST                       
S|50|00A018|9|0|22|3R|1|T|1|3|N|0|0| |13| |0|0| |1|L|N|P|   U007-0109|      |43880285| 73104595|    |      |58|00|001|N|            |Y|2|00000070|0|        |Leicester: US7 0.3mi S of Maple St                
S|50|00A019|1|0|22|4R|1|T|1|3|N|0|3|F|14|N|0|0| |1|L|N|P|000V022A0114|      |43798567| 73305882|    |      |58|00|000|N|000000000000|N|3|0000022A|0|        |Orwell VT22A S of VT73                            
S|50|00A019|5|0|22|4R|1|T|1|3|N|0|3|F|14|N|0|0| |1|L|N|P|000V022A0114|      |43798567| 73305882|    |      |58|00|000|N|000000000000|N|3|0000022A|0|        |Orwell VT22A S of VT73                            
S|50|00A019|9|0|22|4R|1|T|1|3|N|0|0| |13| |0|0| |1|L|N|P|   V022A0114|      |43800236| 73305596|    |      |58|00|001|N|            |N|3|00000221|0|        |Orwell: VT22A 0.4 mi S of VT73                    
S|50|00A041|1|0|22|3R|1|T|1|3|H|1|3|F|14|L|1|5|M|2|P|L|P|000U007-0113|      |44119005| 73178801|1002|      |89|00|000|N|000000000000|Y|2|00000007|0|        |US7 South of VT17                                 
S|50|00A041|1|1|22|3R|1|T|1|3|H|1|3|F|14|L|1|5|M|2|P|L|P|000U007-0113|      |44119005| 73178801|1002|      |89|00|000|N|000000000000|Y|2|00000007|0|        |US7 South of VT17                                 
S|50|00A041|5|0|22|3R|1|T|1|3|H|1|3|F|14|L|1|5|M|2|P|L|P|000U007-0113|      |44119005| 73178801|1002|      |89|00|000|N|000000000000|Y|2|00000007|0|        |US7 South of VT17                                 
S|50|00A041|5|1|22|3R|1|T|1|3|H|1|3|F|14|L|1|5|M|2|P|L|P|000U007-0113|      |44119005| 73178801|1002|      |89|00|000|N|000000000000|Y|2|00000007|0|        |US7 South of VT17                                 
S|50|00A111|1|0|22|4R|1|T|1|3|H|1|3|F|14|N|1|5|M|2|P|L|P|000V022A0101|      |44105999| 73295501|    |      |02|00|000|Y|V022A036.990|N|3|0000022A|0|        |Addison VT22A N of VT17                           
S|50|00A111|1|1|22|4R|1|T|1|3|H|1|3|F|14|N|1|5|M|2|P|L|P|000V022A0101|      |44105999| 73295501|    |      |02|00|000|Y|V022A036.990|N|3|0000022A|0|        |Addison VT22A N of VT17                           
S|50|00A111|5|0|22|4R|1|T|1|3|H|1|3|F|14|N|1|5|M|2|P|L|P|000V022A0101|      |44105999| 73295501|    |      |02|00|000|Y|V022A036.990|N|3|0000022A|0|        |Addison VT22A N of VT17                           
S|50|00A111|5|1|22|4R|1|T|1|3|H|1|3|F|14|N|1|5|M|2|P|L|P|000V022A0101|      |44105999| 73295501|    |      |02|00|000|Y|V022A036.990|N|3|0000022A|0|        |Addison VT22A N of VT17                           
S|50|00A111|9|0|22|4R|1|T|1|3|N|0|0| |13| |0|0| |1|P|L|P|   V022A0101|      |44105999| 73295501|    |      |02|00|000|N|            |N|3|     221|0|        |Addison: VT22A 1.2 mi N of VT17                   
S|50|00B015|0|0|22|4R|1|T|1|3|N|0|0| |13| |0|0| |1|L|N|P|   V067-1100|      |42940393| 73273969|    |      |03|00|003|N|            |N|3|00000670|0|        |Shaftsbury: at NY s.l.                            
S|50|00B015|3|0|22|4R|1|T|1|3|N|0|0| |13| |0|0| |1|L|N|P|   V067-1100|      |42940393| 73273969|    |      |03|00|003|N|            |N|3|00000670|0|        |Shaftsbury: at NY s.l.                            
S|50|00B015|7|0|22|4R|1|T|1|3|N|0|0| |13| |0|0| |1|L|N|P|   V067-1100|      |42940393| 73273969|    |      |03|00|003|N|            |N|3|00000670|0|        |Shaftsbury: at NY s.l.                            
S|50|00B026|0|0|22|4R|1|T|1|3|N|0|0| |13| |0|0| |1|L|N|P|   V011-0216|      |43206474| 72943970|    |      |62|00|003|Y|000110010503|N|3|00000300|0|        |Winhall: VT11 0.3 mi E of VT30                    
S|50|00B026|3|0|22|4R|1|T|1|3|N|0|3|F|14|N|0|0| |1|L|N|P|000V011-0216|      |43204829| 72954432|    |      |62|00|000|N|000000000000|N|3|00000011|0|        |Winhall VT11 E of VT30                            
S|50|00B026|7|0|22|4R|1|T|1|3|N|0|3|F|14|N|0|0| |1|L|N|P|000V011-0216|      |43204829| 72954432|    |      |62|00|000|N|000000000000|N|3|00000011|0|        |Winhall VT11 E of VT30                            
S|50|00B037|1|0|22|3R|1|T|1|3|N|0|3|F|14|N|0|0| |2|L|N|P|000U007-0208|      |42754018| 73221301|    |      |01|00|000|Y|0U007000.000|Y|2|00000007|0|        |Pownal US7 S of VT346                             
S|50|00B037|1|1|22|3R|1|T|1|3|N|0|3|F|14|N|0|0| |2|L|N|P|000U007-0208|      |42754018| 73221301|    |      |01|00|000|Y|0U007000.000|Y|2|00000007|0|        |Pownal US7 S of VT346                             
S|50|00B037|5|0|22|3R|1|T|1|3|N|0|3|F|14|N|0|0| |2|L|N|P|000U007-0208|      |42754018| 73221301|    |      |01|00|000|Y|0U007000.000|Y|2|00000007|0|        |Pownal US7 S of VT346                             
S|50|00B037|5|1|22|3R|1|T|1|3|N|0|3|F|14|N|0|0| |2|L|N|P|000U007-0208|      |42754018| 73221301|    |      |01|00|000|Y|0U007000.000|Y|2|00000007|0|        |Pownal US7 S of VT346                             
S|50|00B037|9|0|22|3R|1|T|1|3|N|0|0| |13| |0|0| |1|L|N|P|   U007-0208|      |42754009| 73221256|    |      |01|00|003|Y|000070000000|Y|2|00000050|0|        |Pownal: US7 0.10 mi S of TH51                     
S|50|00B041|0|0|22|3U|1|T|1|3|N|0|0| |13| |0|0| |1|L|N|P|   V009-0202|      |42882134| 73225758|    |      |65|00|003|N|            |Y|3|00000090|0|        |Bennington: VT9 0.1 mi E of Gypsy Lane            
S|50|00B041|3|0|22|3U|1|T|1|3|N|0|3|F|14|N|0|0| |2|L|N|P|000V009-0202|      |42882083| 73226572|    |      |65|00|000|Y|0V009002.611|Y|3|00000009|0|        |Bennington VT9 W of Monument Ave                  
S|50|00B041|3|1|22|3U|1|T|1|3|N|0|3|F|14|N|0|0| |2|L|N|P|000V009-0202|      |42882083| 73226572|    |      |65|00|000|Y|0V009002.611|Y|3|00000009|0|        |Bennington VT9 W of Monument Ave                  
S|50|00B041|7|0|22|3U|1|T|1|3|N|0|3|F|14|N|0|0| |2|L|N|P|000V009-0202|      |42882083| 73226572|    |      |65|00|000|Y|0V009002.611|Y|3|00000009|0|        |Bennington VT9 W of Monument Ave                  
S|50|00B041|7|1|22|3U|1|T|1|3|N|0|3|F|14|N|0|0| |2|L|N|P|000V009-0202|      |42882083| 73226572|    |      |65|00|000|Y|0V009002.611|Y|3|00000009|0|        |Bennington VT9 W of Monument Ave                  
S|50|00B061|1|0|22|5R|1|T|1|3|N|0|3|F|14|N|0|0| |1|A|N|P|000S01180216|      |43135277| 72890794|    |      |85|00|000|N|000000000000|N|7|        |0|        |Stratton Mtn Rd TH1 S of Taylor Hill Rd           
S|50|00B061|5|0|22|5R|1|T|1|3|N|0|3|F|14|N|0|0| |1|A|N|P|000S01180216|      |43135277| 72890794|    |      |85|00|000|N|000000000000|N|7|        |0|        |Stratton Mtn Rd TH1 S of Taylor Hill Rd           
S|50|00B061|9|0|22|5R|1|T|1|3|N|0|0| |13| |0|0| |1|L|N|P|   S01180216|      |43135391| 72891549|    |      |85|00|003|N|            |N|6|00000010|0|        |Winhall: Stratton Mtn 1.4 mi S of VT30            
S|50|00B282|1|0|22|3R|1|T|1|3|H|1|3|F|14|N|1|5|M|2|P|L|P|000U007-0213|      |42967619| 73162884|    |      |16|00|000|N|000000000000|N|2|00000007|0|        |US7 betw Exits 2 & 3                              
S|50|00B282|1|1|22|3R|1|T|1|3|H|1|3|F|14|N|1|5|M|2|P|L|P|000U007-0213|      |42967619| 73162884|    |      |16|00|000|N|000000000000|N|2|00000007|0|        |US7 betw Exits 2 & 3                              
S|50|00B282|5|0|22|3R|1|T|1|3|H|1|3|F|14|N|1|5|M|2|P|L|P|000U007-0213|      |42967619| 73162884|    |      |16|00|000|N|000000000000|N|2|00000007|0|        |US7 betw Exits 2 & 3                              
S|50|00B282|5|1|22|3R|1|T|1|3|H|1|3|F|14|N|1|5|M|2|P|L|P|000U007-0213|      |42967619| 73162884|    |      |16|00|000|N|000000000000|N|2|00000007|0|        |US7 betw Exits 2 & 3                              
S|50|00B282|9|0|22|3R|1|T|1|3|N|0|0| |13| |0|0| |1|P|L|P|   U007-0213|      |42970553| 73161337|    |      |80|00|003|N|            |Y|2|00000070|0|        |Shaftsbury: US7 betw Exits 2 & 3                  
S|50|00B379|0|0|22|3R|1|T|1|3|N|0|0| |13| |0|0| |1|P|L|P|   V279-0202|      |42905963| 73245177|    |      |06|00|000|N|            |N|3|    2790|0|        |Bennington: VT279 1.8 mi E of NY s.l.             
S|50|00B379|3|0|22|3R|1|T|1|3|H|1|3|F|14|N|1|5|M|2|Q|L|P|000V279-0202|      |42905998| 73245201|    |      |06|00|000|Y|0V279000.000|Y|3|00000279|0|        |VT279 1.8 mi E of NY SL                           
S|50|00B379|3|1|22|3R|1|T|1|3|H|1|3|F|14|N|1|5|M|2|Q|L|P|000V279-0202|      |42905998| 73245201|    |      |06|00|000|Y|0V279000.000|Y|3|00000279|0|        |VT279 1.8 mi E of NY SL                           
S|50|00B379|7|0|22|3R|1|T|1|3|H|1|3|F|14|N|1|5|M|2|Q|L|P|000V279-0202|      |42905998| 73245201|    |      |06|00|000|Y|0V279000.000|Y|3|00000279|0|        |VT279 1.8 mi E of NY SL                           
S|50|00B379|7|1|22|3R|1|T|1|3|H|1|3|F|14|N|1|5|M|2|Q|L|P|000V279-0202|      |42905998| 73245201|    |      |06|00|000|Y|0V279000.000|Y|3|00000279|0|        |VT279 1.8 mi E of NY SL                           
S|50|00C002|1|0|22|1R|2|T|2|3|N|0|3|F|14|N|0|0| |1|L|N|P|000I091-0000|146500|44610525| 72116377|    |      |74|00|000|Y|0I091140.178|Y|1|00000091|0|        |Sheffield I91 btw Exits 24 and 25                 
S|50|00C002|1|1|22|1R|2|T|2|3|N|0|3|F|14|N|0|0| |1|L|N|P|000I091-0000|146500|44610525| 72116377|    |      |74|00|000|Y|0I091140.178|Y|1|00000091|0|        |Sheffield I91 btw Exits 24 and 25                 
S|50|00C002|1|2|22|1R|2|T|2|3|N|0|3|F|14|N|0|0| |1|L|N|P|000I091-0000|146500|44610525| 72116377|    |      |74|00|000|Y|0I091140.178|Y|1|00000091|0|        |Sheffield I91 btw Exits 24 and 25                 
S|50|00C002|5|0|22|1R|2|T|2|3|N|0|3|F|14|N|0|0| |1|L|N|P|000I091-0000|146500|44610525| 72116377|    |      |74|00|000|Y|0I091140.178|Y|1|00000091|0|        |Sheffield I91 btw Exits 24 and 25                 
S|50|00C002|5|1|22|1R|2|T|2|3|N|0|3|F|14|N|0|0| |1|L|N|P|000I091-0000|146500|44610525| 72116377|    |      |74|00|000|Y|0I091140.178|Y|1|00000091|0|        |Sheffield I91 btw Exits 24 and 25                 
S|50|00C002|5|2|22|1R|2|T|2|3|N|0|3|F|14|N|0|0| |1|L|N|P|000I091-0000|146500|44610525| 72116377|    |      |74|00|000|Y|0I091140.178|Y|1|00000091|0|        |Sheffield I91 btw Exits 24 and 25                 
S|50|00C002|9|0|22|1R|2|T|1|3|N|0|0| |13| |0|0| |1|L|N|P|   I091-0000|      |44615997| 72119523|    |      |74|00|005|Y|000910033269|Y|1|00000910|0|        |Sheffield: I91 6.22 mi N of VT122(Ex 24)          
S|50|00C007|0|0|22|4R|1|T|1|3|N|0|0| |13| |0|0| |1|L|N|P|   V015-0305|      |44516589| 72383277|    |      |44|00|005|N|            |N|3|00000150|0|        |Hardwick: VT15 700ft W of VT14                    
S|50|00C007|3|0|22|4R|1|T|1|3|N|0|3|F|14|N|0|0| |1|L|N|P|000V015-0305|      |44517208| 72381803|    |      |44|00|000|N|000000000000|N|3|00000015|0|        |Hardwick VT15 West of VT14                        
S|50|00C007|7|0|22|4R|1|T|1|3|N|0|3|F|14|N|0|0| |1|L|N|P|000V015-0305|      |44517208| 72381803|    |      |44|00|000|N|000000000000|N|3|00000015|0|        |Hardwick VT15 West of VT14                        
S|50|00C015|1|0|22|1R|2|T|2|3|H|2|3|F|14|N|2|5|M|2|P|L|P|000I093-0000|      |44422429| 71961183|    |      |83|00|000|Y|0I093007.510|Y|1|00000093|0|        |I-93 Waterford                                    
S|50|00C015|1|1|22|1R|2|T|2|3|H|2|3|F|14|N|2|5|M|2|P|L|P|000I093-0000|      |44422429| 71961183|    |      |83|00|000|Y|0I093007.510|Y|1|00000093|0|        |I-93 Waterford                                    
S|50|00C015|1|2|22|1R|2|T|2|3|H|2|3|F|14|N|2|5|M|2|P|L|P|000I093-0000|      |44422429| 71961183|    |      |83|00|000|Y|0I093007.510|Y|1|00000093|0|        |I-93 Waterford                                    
S|50|00C015|5|0|22|1R|2|T|2|3|H|2|3|F|14|N|2|5|M|2|P|L|P|000I093-0000|      |44422429| 71961183|    |      |83|00|000|Y|0I093007.510|Y|1|00000093|0|        |I-93 Waterford                                    
S|50|00C015|5|1|22|1R|2|T|2|3|H|2|3|F|14|N|2|5|M|2|P|L|P|000I093-0000|      |44422429| 71961183|    |      |83|00|000|Y|0I093007.510|Y|1|00000093|0|        |I-93 Waterford                                    
S|50|00C015|5|2|22|1R|2|T|2|3|H|2|3|F|14|N|2|5|M|2|P|L|P|000I093-0000|      |44422429| 71961183|    |      |83|00|000|Y|0I093007.510|Y|1|00000093|0|        |I-93 Waterford                                    
S|50|00C015|9|0|22|1R|2|T|1|3|N|1|0| |15| |0|0| |1|L|N|P|   I093-0000|      |44422130| 71962167|    |      |83|00|005|Y|000930007515|Y|1|00000930|0|        |Waterford: I93 0.60 mi N of VT                    
S|50|00C028|0|0|22|3R|1|T|1|3|N|0|0| |13| |0|0| |1|P|L|P|   U002-0303|      |44431257| 72098657|    |      |63|00|005|N|            |Y|2|00000020|0|        |Danville: US2 0.3 mi W of VT2B                    
S|50|00C028|3|0|22|3R|1|T|1|3|N|0|3|F|14|N|0|0| |1|L|N|P|000U002-0303|      |44431236| 72098943|    |      |63|00|000|Y|0U002105.708|Y|2|00000002|0|        |Danville US2 btw Parker Rd and VT2B               
S|50|00C028|3|1|22|3R|1|T|1|3|N|0|3|F|14|N|0|0| |1|L|N|P|000U002-0303|      |44431236| 72098943|    |      |63|00|000|Y|0U002105.708|Y|2|00000002|0|        |Danville US2 btw Parker Rd and VT2B               
S|50|00C028|7|0|22|3R|2|T|2|3|N|0|3|F|14|N|0|0| |1|L|N|P|000U002-0303|      |44431236| 72098943|    |      |63|00|000|Y|0U002105.708|Y|2|00000002|0|        |Danville US2 btw Parker Rd and VT2B               
S|50|00C028|7|1|22|3R|2|T|2|3|N|0|3|F|14|N|0|0| |1|L|N|P|000U002-0303|      |44431236| 72098943|    |      |63|00|000|Y|0U002105.708|Y|2|00000002|0|        |Danville US2 btw Parker Rd and VT2B               
S|50|00C028|7|2|22|3R|2|T|2|3|N|0|3|F|14|N|0|0| |1|L|N|P|000U002-0303|      |44431236| 72098943|    |      |63|00|000|Y|0U002105.708|Y|2|00000002|0|        |Danville US2 btw Parker Rd and VT2B               
S|50|00C043|1|0|22|5R|1|T|1|3|N|0|3|F|14|N|0|0| |1|A|L|P|000V114-0302|      |44587983| 71946217|    |      |89|00|000|N|000000000000|N|3|00000114|0|        |VT114 North of E Darling Hill Rd                  
S|50|00C043|5|0|22|5R|1|T|1|3|N|0|3|F|14|N|0|0| |1|A|L|P|000V114-0302|      |44587983| 71946217|    |      |89|00|000|N|000000000000|N|3|00000114|0|        |VT114 North of E Darling Hill Rd                  
S|50|00C043|9|0|22|5R|1|T|1|3|N|0|0| |13| |0|0| |1|L|N|P|   V114-0302|      |44587662| 71946538|    |      |89|00|005|N|            |N|3|00001140|0|        |Burke: VT114 N of jct w Burke Hollow Rd           
S|50|00C309|0|0|22|5R|1|T|1|3|N|0|0| |13| |0|0| |1|L|N|P|   S02680302|      |44589337| 71923086|    |      |08|00|005|N|            |N|6|00000010|0|        |Burke: TH7 0.9 mi E of TH8                        
S|50|00C309|3|0|22|5R|1|T|1|3|N|0|3|F|14|N|0|0| |1|L|N|P|000S02680302|      |44590333| 71919527|    |      |08|00|000|N|000000000000|N|7|        |0|        |MountainRd ski access rd                          
S|50|00C309|7|0|22|5R|1|T|1|3|N|0|3|F|14|N|0|0| |1|L|N|P|000S02680302|      |44590333| 71919527|    |      |08|00|000|N|000000000000|N|7|        |0|        |MountainRd ski access rd                          
S|50|00D001|1|0|22|2U|1|T|1|3|N|0|3|F|14|N|0|0| |1|L|N|P|000S50090403|      |44492589| 73223908|    |      |71|00|000|Y|S5009000.000|N|3|00000127|0|        |Burlington VT127 North of Manhattan Dr            
S|50|00D001|5|0|22|2U|1|T|1|3|N|0|3|F|14|N|0|0| |1|L|N|P|000S50090403|      |44492589| 73223908|    |      |71|00|000|Y|S5009000.000|N|3|00000127|0|        |Burlington VT127 North of Manhattan Dr            
S|50|00D001|9|0|22|2U|1|T|1|3|N|0|0| |13| |0|0| |1|L|N|P|   S50090403|      |44487447| 73219440|    |      |71|00|007|N|            |N|6|00000090|0|        |Burlington: VT127 0.40miNof ManhattanDr           
S|50|00D040|1|0|22|3U|1|T|1|3|N|0|3|F|14|N|0|0| |1|L|N|P|000U007-0405|      |44521686| 73172982|    |      |64|00|000|N|000000000000|N|2|00000007|0|        |Colchester US7 North of Sunderland Woods          
S|50|00D040|5|0|22|3U|1|T|1|3|N|0|3|F|14|N|0|0| |1|L|N|P|000U007-0405|      |44521686| 73172982|    |      |64|00|000|N|000000000000|N|2|00000007|0|        |Colchester US7 North of Sunderland Woods          
S|50|00D040|9|0|22|3U|1|T|1|3|N|0|0| |13| |0|0| |1|L|N|P|   U007-0405|      |44516603| 73178757|    |      |64|00|007|Y|000070018917|N|2|00000070|0|        |Colchester: US7 0.6 mi S of Blakely Rd            
S|50|00D059|1|0|22|5R|1|T|1|3|N|0|3|F|14|N|0|0| |1|L|N|P|000S02230401|      |44391141| 72875725|    |      |93|00|000|N|000000000000|N|7|        |0|        |Bolton Bolton Valley Access Rd btw US2 and ski are
S|50|00D059|5|0|22|5R|1|T|1|3|N|0|3|F|14|N|0|0| |1|L|N|P|000S02230401|      |44391141| 72875725|    |      |93|00|000|N|000000000000|N|7|        |0|        |Bolton Bolton Valley Access Rd btw US2 and ski are
S|50|00D059|9|0|22|5R|1|T|1|3|N|0|0| |13| |0|0| |1|L|N|P|   S02230401|      |44407833| 72871868|    |      |93|00|007|N|            |N|6|00000030|0|        |Bolton: TH3 ski Acc 1.5 mi N of US2               
S|50|00D061|0|0|22|3U|1|T|1|3|N|0|0| |13| |0|0| |1|L|N|P|   U002-0417|      |44456915| 73127365|    |      |97|00|007|Y|000020009882|N|2|00000020|0|        |Williston: US2 0.2 mi E of Industrial Av          
S|50|00D061|3|0|22|3U|1|T|1|3|N|0|3|F|14|N|0|0| |1|L|N|P|000U002-0417|      |44456735| 73127009|    |      |97|00|000|N|000000000000|N|2|00000002|0|        |Williston US2 East of Munson Way                  
S|50|00D061|7|0|22|3U|1|T|1|3|N|0|3|F|14|N|0|0| |1|L|N|P|000U002-0417|      |44456735| 73127009|    |      |97|00|000|N|000000000000|N|2|00000002|0|        |Williston US2 East of Munson Way                  
S|50|00D091|1|0|22|1U|2|T|2|3|N|0|3|F|14|N|0|0| |1|L|N|P|000I089-0000|      |44478666| 73176897|    |      |63|00|000|Y|0I089088.730|Y|1|00000089|0|        |Burlington I89 btw Exit 14 and Exit 15            
S|50|00D091|1|1|22|1U|2|T|2|3|N|0|3|F|14|N|0|0| |1|L|N|P|000I089-0000|      |44478666| 73176897|    |      |63|00|000|Y|0I089088.730|Y|1|00000089|0|        |Burlington I89 btw Exit 14 and Exit 15            
S|50|00D091|1|2|22|1U|2|T|2|3|N|0|3|F|14|N|0|0| |1|L|N|P|000I089-0000|      |44478666| 73176897|    |      |63|00|000|Y|0I089088.730|Y|1|00000089|0|        |Burlington I89 btw Exit 14 and Exit 15            
S|50|00D091|5|0|22|1U|2|T|2|3|N|0|3|F|14|N|0|0| |1|L|N|P|000I089-0000|      |44478666| 73176897|    |      |63|00|000|Y|0I089088.730|Y|1|00000089|0|        |Burlington I89 btw Exit 14 and Exit 15            
S|50|00D091|5|1|22|1U|2|T|2|3|N|0|3|F|14|N|0|0| |1|L|N|P|000I089-0000|      |44478666| 73176897|    |      |63|00|000|Y|0I089088.730|Y|1|00000089|0|        |Burlington I89 btw Exit 14 and Exit 15            
S|50|00D091|5|2|22|1U|2|T|2|3|N|0|3|F|14|N|0|0| |1|L|N|P|000I089-0000|      |44478666| 73176897|    |      |63|00|000|Y|0I089088.730|Y|1|00000089|0|        |Burlington I89 btw Exit 14 and Exit 15            
S|50|00D091|9|0|22|1U|2|T|1|3|N|0|0| |13| |0|0| |1|L|N|P|   I089-0000|      |44478773| 73176608|    |      |63|00|007|Y|000890019742|Y|1|00000890|0|        |S Burlington: I89 0.70 mi N of US2(Ex14)          
S|50|00D092|1|0|22|1U|2|T|2|3|H|2|3|F|14|N|2|5|M|2|P|L|P|000I089-0000|      |44555102| 73184242|    |      |65|00|000|Y|0I089091.490|N|1|00000089|0|        |I89 BETWEEN EXITS 16 AND 17                       
S|50|00D092|1|1|22|1U|2|T|2|3|H|2|3|F|14|N|2|5|M|2|P|L|P|000I089-0000|      |44555102| 73184242|    |      |65|00|000|Y|0I089091.490|N|1|00000089|0|        |I89 BETWEEN EXITS 16 AND 17                       
S|50|00D092|1|2|22|1U|2|T|2|3|H|2|3|F|14|N|2|5|M|2|P|L|P|000I089-0000|      |44555102| 73184242|    |      |65|00|000|Y|0I089091.490|N|1|00000089|0|        |I89 BETWEEN EXITS 16 AND 17                       
S|50|00D092|5|0|22|1U|2|T|2|3|H|2|3|F|14|N|2|5|M|2|P|L|P|000I089-0000|      |44555102| 73184242|    |      |65|00|000|Y|0I089091.490|N|1|00000089|0|        |I89 BETWEEN EXITS 16 AND 17                       
S|50|00D092|5|1|22|1U|2|T|2|3|H|2|3|F|14|N|2|5|M|2|P|L|P|000I089-0000|      |44555102| 73184242|    |      |65|00|000|Y|0I089091.490|N|1|00000089|0|        |I89 BETWEEN EXITS 16 AND 17                       
S|50|00D092|5|2|22|1U|2|T|2|3|H|2|3|F|14|N|2|5|M|2|P|L|P|000I089-0000|      |44555102| 73184242|    |      |65|00|000|Y|0I089091.490|N|1|00000089|0|        |I89 BETWEEN EXITS 16 AND 17                       
S|50|00D092|9|0|22|1U|2|t|1|3|N|0|0| |13| |0|0| |1|L|P|L|   I089-0000|      |44555102| 73184242|    |      |65|00|000|N|   890224076|N|1|     890|0|        |Colchester: I89 1.95 mi N of US7(Ex16)            
S|50|00D099|0|0|22|1U|2|T|1|3|N|1|0| |15| |0|0| |1|L|N|P|   I099-0000|      |44451319| 73191079|    |      |69|00|007|Y|001890000000|Y|1|00001890|0|        |S Burlington: I189 0.40 mi E o                    
S|50|00D099|3|0|22|1U|2|T|2|3|N|0|3|F|14|N|0|0| |1|L|N|P|000I189-0000|      |44449295| 73199405|    |      |01|00|000|Y|0I189000.222|N|1|00000189|0|        |S Burlington I189 btw I89 Exit 13 and US7         
S|50|00D099|3|1|22|1U|2|T|2|3|N|0|3|F|14|N|0|0| |1|L|N|P|000I189-0000|      |44449295| 73199405|    |      |01|00|000|Y|0I189000.222|N|1|00000189|0|        |S Burlington I189 btw I89 Exit 13 and US7         
S|50|00D099|3|2|22|1U|2|T|2|3|N|0|3|F|14|N|0|0| |1|L|N|P|000I189-0000|      |44449295| 73199405|    |      |01|00|000|Y|0I189000.222|N|1|00000189|0|        |S Burlington I189 btw I89 Exit 13 and US7         
S|50|00D099|7|0|22|1U|2|T|2|3|N|0|3|F|14|N|0|0| |1|L|N|P|000I189-0000|      |44449295| 73199405|    |      |01|00|000|Y|0I189000.222|N|1|00000189|0|        |S Burlington I189 btw I89 Exit 13 and US7         
S|50|00D099|7|1|22|1U|2|T|2|3|N|0|3|F|14|N|0|0| |1|L|N|P|000I189-0000|      |44449295| 73199405|    |      |01|00|000|Y|0I189000.222|N|1|00000189|0|        |S Burlington I189 btw I89 Exit 13 and US7         
S|50|00D099|7|2|22|1U|2|T|2|3|N|0|3|F|14|N|0|0| |1|L|N|P|000I189-0000|      |44449295| 73199405|    |      |01|00|000|Y|0I189000.222|N|1|00000189|0|        |S Burlington I189 btw I89 Exit 13 and US7         
S|50|00D129|1|0|22|3U|1|T|1|3|N|0|3|F|14|N|0|0| |1|L|N|P|000V002A0417|      |44445201| 73111801|    |      |92|00|000|Y|V002A005.322|Y|3|0000002A|0|        |Williston VT2A btw Marshall Ave and Connor Way    
S|50|00D129|1|1|22|3U|1|T|1|3|N|0|3|F|14|N|0|0| |1|L|N|P|000V002A0417|      |44445201| 73111801|    |      |92|00|000|Y|V002A005.322|Y|3|0000002A|0|        |Williston VT2A btw Marshall Ave and Connor Way    
S|50|00D129|5|0|22|3U|2|T|2|3|N|0|3|F|14|N|0|0| |1|L|N|P|000V002A0417|      |44445201| 73111801|    |      |92|00|000|Y|V002A005.322|Y|3|0000002A|0|        |Williston VT2A btw Marshall Ave and Connor Way    
S|50|00D129|5|1|22|3U|2|T|2|3|N|0|3|F|14|N|0|0| |1|L|N|P|000V002A0417|      |44445201| 73111801|    |      |92|00|000|Y|V002A005.322|Y|3|0000002A|0|        |Williston VT2A btw Marshall Ave and Connor Way    
S|50|00D129|5|2|22|3U|2|T|2|3|N|0|3|F|14|N|0|0| |1|L|N|P|000V002A0417|      |44445201| 73111801|    |      |92|00|000|Y|V002A005.322|Y|3|0000002A|0|        |Williston VT2A btw Marshall Ave and Connor Way    
S|50|00D129|9|0|22|3U|1|T|1|3|N|0|0| |13| |0|0| |1|L|N|P|   V002A0417|      |44445246| 73111850|    |      |92|00|007|Y|000021005013|N|3|00000021|0|        |Williston: VT2A just N of Marshall Ave            
S|50|00D132|1|0|22|3R|1|T|1|3|H|1|3|F|14|L|1|5|M|2|P|L|P|000U007-0404|      |44304990| 73244333|1681|      |91|00|000|Y|0U007118.231|N|1|00000091|0|        |US-7    S of F-5 to Ferry                         
S|50|00D132|1|1|22|3R|1|T|1|3|H|1|3|F|14|L|1|5|M|2|P|L|P|000U007-0404|      |44304990| 73244333|1681|      |91|00|000|Y|0U007118.231|N|1|00000091|0|        |US-7    S of F-5 to Ferry                         
S|50|00D132|5|0|22|3R|1|T|1|3|H|1|3|F|14|L|1|5|M|2|P|L|P|000U007-0404|      |44304990| 73244333|1681|      |91|00|000|Y|0U007118.231|N|1|00000091|0|        |US-7    S of F-5 to Ferry                         
S|50|00D132|5|1|22|3R|1|T|1|3|H|1|3|F|14|L|1|5|M|2|P|L|P|000U007-0404|      |44304990| 73244333|1681|      |91|00|000|Y|0U007118.231|N|1|00000091|0|        |US-7    S of F-5 to Ferry                         
S|50|00D132|9|0|22|3R|1|T|1|3|N|0|0| |13| |0|0| |1|P|L|R|   U007-0404|      |44304990| 73244333|1681|      |91|00|000|N|    70002450|N|2|      70|0|        |Charlorre: US7 0.50 mi S of Hinesburg Rd          
S|50|00D277|1|0|22|3U|1|T|1|3|N|0|3|F|14|N|0|0| |1|L|N|P|000U007-0413|      |44388599| 73223999|    |      |05|00|000|N|000000000000|Y|2|00000007|0|        |Shelburne US7 btw Webster Rd and Lower Webster Rd 
S|50|00D277|1|1|22|3U|1|T|1|3|N|0|3|F|14|N|0|0| |1|L|N|P|000U007-0413|      |44388599| 73223999|    |      |05|00|000|N|000000000000|Y|2|00000007|0|        |Shelburne US7 btw Webster Rd and Lower Webster Rd 
S|50|00D277|5|0|22|3U|1|T|1|3|N|0|3|F|14|N|0|0| |1|L|N|P|000U007-0413|      |44388599| 73223999|    |      |05|00|000|N|000000000000|Y|2|00000007|0|        |Shelburne US7 btw Webster Rd and Lower Webster Rd 
S|50|00D277|5|1|22|3U|1|T|1|3|N|0|3|F|14|N|0|0| |1|L|N|P|000U007-0413|      |44388599| 73223999|    |      |05|00|000|N|000000000000|Y|2|00000007|0|        |Shelburne US7 btw Webster Rd and Lower Webster Rd 
S|50|00D277|9|0|22|3U|1|T|1|3|N|0|0| |13| |0|0| |1|L|N|P|   U007-0413|      |44388613| 73224014|    |      |05|00|007|Y|000070008705|Y|2|00000070|0|        |Shelburne: US7 betw Webster Rd jcts               
S|50|00D530|0|0|22|2U|1|T|1|3|N|0|0| |13| |0|0| |1|L|N|P|   V289-0000|      |44516634| 73111063|    |      |94|00|007|Y|002890007860|N|3|00002890|0|        |Essex: VT289 0.6 mi W of VT15                     
S|50|00D530|3|0|22|2U|1|T|1|3|N|0|3|F|14|N|0|0| |1|L|N|P|000V289-0000|      |44516601| 73111099|    |      |94|00|000|Y|0V289007.860|Y|3|00000289|0|        |Essex VT289 btw VT2A and VT15                     
S|50|00D530|7|0|22|2U|1|T|1|3|N|0|3|F|14|N|0|0| |1|L|N|P|000V289-0000|      |44516601| 73111099|    |      |94|00|000|Y|0V289007.860|Y|3|00000289|0|        |Essex VT289 btw VT2A and VT15                     
S|50|00D531|0|0|22|2U|1|T|1|3|N|0|0| |13| |0|0| |1|L|N|P|   V289-0000|      |44486338| 73064546|    |      |94|00|007|Y|002890009498|N|3|00002890|0|        |Essex: VT289 1.3 mi W of VT117                    
S|50|00D531|3|0|22|2U|1|T|1|3|N|0|3|F|14|N|0|0| |1|L|N|P|000V289-0000|      |44486301| 73064598|    |      |94|00|000|Y|0V289011.070|Y|3|00000289|0|        |Essex VT289 btw VT15 and VT117                    
S|50|00D531|7|0|22|2U|1|T|1|3|N|0|3|F|14|N|0|0| |1|L|N|P|000V289-0000|      |44486301| 73064598|    |      |94|00|000|Y|0V289011.070|Y|3|00000289|0|        |Essex VT289 btw VT15 and VT117                    
S|50|00E020|0|0|22|3R|1|T|1|3|H|1|3|F|13| |0|0| |2|P|L|P|   U002-0507|      |44457733| 71865854|    |      |02|00|009|Y|000020004092|Y|2|00000020|0|        |Concord: US2 0.7 mi E of Ladd                     
S|50|00E020|3|0|22|3R|1|T|1|3|N|1|3|F|14|N|1|5|M|2|P|L|P|000U002-0507|      |44460620| 71863535|    |      |05|00|000|N|000000000000|N|2|00000002|0|        |US2   0.7 mi E of Ladd Rd                         
S|50|00E020|3|1|22|3R|1|T|1|3|N|1|3|F|14|N|1|5|M|2|P|L|P|000U002-0507|      |44460620| 71863535|    |      |05|00|000|N|000000000000|N|2|00000002|0|        |US2   0.7 mi E of Ladd Rd                         
S|50|00E020|7|0|22|3R|1|T|1|3|N|1|3|F|14|N|1|5|M|2|P|L|P|000U002-0507|      |44460620| 71863535|    |      |05|00|000|N|000000000000|N|2|00000002|0|        |US2   0.7 mi E of Ladd Rd                         
S|50|00E020|7|1|22|3R|1|T|1|3|N|1|3|F|14|N|1|5|M|2|P|L|P|000U002-0507|      |44460620| 71863535|    |      |05|00|000|N|000000000000|N|2|00000002|0|        |US2   0.7 mi E of Ladd Rd                         
S|50|00E131|0|0|22|3R|1|T|1|3|N|0|0| |13| |0|0| |1|L|N|P|   U002-0511|      |44496129| 71595396|    |      |83|00|009|N|            |Y|2|00000020|0|        |Guildhall: US2 100 ft E of VT102                  
S|50|00E131|3|0|22|3R|1|T|1|3|N|0|0| |13| |0|0| |1|L|N|P|   U002-0511|      |44496129| 71595396|    |      |83|00|009|N|            |Y|2|00000020|0|        |Guildhall: US2 100 ft E of VT102                  
S|50|00E131|7|0|22|3R|1|T|1|3|N|0|0| |13| |0|0| |1|L|N|P|   U002-0511|      |44496129| 71595396|    |      |83|00|009|N|            |Y|2|00000020|0|        |Guildhall: US2 100 ft E of VT102                  
S|50|00F029|1|0|22|5R|1|T|1|3|N|0|3|F|14|N|0|0| |1|L|N|P|000U007-0608|      |44718467| 73113088|    |      |63|00|000|N|000000000000|N|2|00000007|0|        |Georgia US7 btw Ballard Rd and Oakland Station Rd 
S|50|00F029|5|0|22|5R|1|T|1|3|N|0|3|F|14|N|0|0| |1|L|N|P|000U007-0608|      |44718467| 73113088|    |      |63|00|000|N|000000000000|N|2|00000007|0|        |Georgia US7 btw Ballard Rd and Oakland Station Rd 
S|50|00F029|9|0|22|5R|1|T|1|3|N|0|0| |13| |0|0| |1|L|N|P|   U007-0608|      |44716326| 73111280|    |      |63|00|011|N|            |N|2|00000070|0|        |Georgia: US7 1.70 mi N of I89                     
S|50|00F096|1|0|22|1R|2|T|2|3|N|0|3|F|14|N|0|0| |2|L|N|P|000I089-0000|120280|44881091| 73084356|    |      |69|00|000|Y|0I089117.909|Y|1|00000089|0|        |Swanton I89 btw Exits 20 and 21                   
S|50|00F096|1|1|22|1R|2|T|2|3|N|0|3|F|14|N|0|0| |2|L|N|P|000I089-0000|120280|44881091| 73084356|    |      |69|00|000|Y|0I089117.909|Y|1|00000089|0|        |Swanton I89 btw Exits 20 and 21                   
S|50|00F096|1|2|22|1R|2|T|2|3|N|0|3|F|14|N|0|0| |2|L|N|P|000I089-0000|120280|44881091| 73084356|    |      |69|00|000|Y|0I089117.909|Y|1|00000089|0|        |Swanton I89 btw Exits 20 and 21                   
S|50|00F096|5|0|22|1R|2|T|2|3|N|0|3|F|14|N|0|0| |2|L|N|P|000I089-0000|120280|44881091| 73084356|    |      |69|00|000|Y|0I089117.909|Y|1|00000089|0|        |Swanton I89 btw Exits 20 and 21                   
S|50|00F096|5|1|22|1R|2|T|2|3|N|0|3|F|14|N|0|0| |2|L|N|P|000I089-0000|120280|44881091| 73084356|    |      |69|00|000|Y|0I089117.909|Y|1|00000089|0|        |Swanton I89 btw Exits 20 and 21                   
S|50|00F096|5|2|22|1R|2|T|2|3|N|0|3|F|14|N|0|0| |2|L|N|P|000I089-0000|120280|44881091| 73084356|    |      |69|00|000|Y|0I089117.909|Y|1|00000089|0|        |Swanton I89 btw Exits 20 and 21                   
S|50|00F096|9|0|22|1R|2|T|1|3|N|0|0| |13| |0|0| |1|L|N|P|   I089-0000|      |44880736| 73083882|    |      |69|00|011|Y|000890012557|Y|1|00000890|0|        |Swanton: I89 2.65 mi N of Exit 20                 
S|50|00G005|0|0|22|4R|1|T|1|3|N|0|0| |13| |0|0| |1|P|L|R|   U002-0705|      |44646598| 73293098|1004|      |89|00|000|N|    20030644|N|2|      20|0|        |S Hero: US2 0.5 mi E of South Rd                  
S|50|00G005|3|0|22|4R|1|T|1|3|H|1|3|F|14|L|1|5|M|2|P|L|P|000U002-0705|      |44646628| 73293106|1004|      |89|00|000|Y|0U002030.389|N|2|00000002|0|        |US2 E OF SOUTH ST                                 
S|50|00G005|3|1|22|4R|1|T|1|3|H|1|3|F|14|L|1|5|M|2|P|L|P|000U002-0705|      |44646628| 73293106|1004|      |89|00|000|Y|0U002030.389|N|2|00000002|0|        |US2 E OF SOUTH ST                                 
S|50|00G005|7|0|22|4R|1|T|1|3|H|1|3|F|14|L|1|5|M|2|P|L|P|000U002-0705|      |44646628| 73293106|1004|      |89|00|000|Y|0U002030.389|N|2|00000002|0|        |US2 E OF SOUTH ST                                 
S|50|00G005|7|1|22|4R|1|T|1|3|H|1|3|F|14|L|1|5|M|2|P|L|P|000U002-0705|      |44646628| 73293106|1004|      |89|00|000|Y|0U002030.389|N|2|00000002|0|        |US2 E OF SOUTH ST                                 
S|50|00G025|0|0|22|4R|1|T|1|3|N|0|0| |13| |0|0| |1|L|N|R|   U002-0702|      |44765745| 73289481|    |      |62|00|013|N|            |N|2|00000020|0|        |Grand Isle: US2 0.32 miWof TH16 Drwbr Ln          
S|50|00G025|3|0|22|4R|1|T|1|3|N|0|3|F|14|N|0|0| |2|A|N|P|000U002-0702|      |44765723| 73289464|    |      |62|00|000|Y|0U002021.072|N|2|00000002|0|        |Grand Isle US2 on N Hero-Grand Isle Bridge        
S|50|00G025|7|0|22|4R|1|T|1|3|N|0|3|F|14|N|0|0| |2|A|N|P|000U002-0702|      |44765723| 73289464|    |      |62|00|000|Y|0U002021.072|N|2|00000002|0|        |Grand Isle US2 on N Hero-Grand Isle Bridge        
S|50|00G118|0|0|22|3R|1|T|1|3|N|0|0| |13| |0|0| |1|P|L|P|   U002-0701|      |44990932| 73313744|    |      |03|00|000|N|    20001050|N|2|      20|0|        |Alburgh: US2                                      
S|50|00G118|3|0|22|3R|1|T|1|3|H|1|3|F|14|N|1|5|M|2|P|L|P|000U002-0701|      |44990966| 73312882|    |      |03|00|000|Y|0U002001.050|N|2|00000002|0|        |US2  btw NY SL/VT78                               
S|50|00G118|3|1|22|3R|1|T|1|3|H|1|3|F|14|N|1|5|M|2|P|L|P|000U002-0701|      |44990966| 73312882|    |      |03|00|000|Y|0U002001.050|N|2|00000002|0|        |US2  btw NY SL/VT78                               
S|50|00G118|7|0|22|3R|1|T|1|3|H|1|3|F|14|N|1|5|M|2|P|L|P|000U002-0701|      |44990966| 73312882|    |      |03|00|000|Y|0U002001.050|N|2|00000002|0|        |US2  btw NY SL/VT78                               
S|50|00G118|7|1|22|3R|1|T|1|3|H|1|3|F|14|N|1|5|M|2|P|L|P|000U002-0701|      |44990966| 73312882|    |      |03|00|000|Y|0U002001.050|N|2|00000002|0|        |US2  btw NY SL/VT78                               
S|50|00L047|1|0|22|5R|1|T|1|3|N|0|3|F|14|N|0|0| |1|L|N|P|000V012-0804|      |44493211| 72520576|    |      |61|00|000|N|000000000000|N|3|00000012|0|        |Elmore VT12 S of Lacasse Rd                       
S|50|00L047|5|0|22|5R|1|T|1|3|N|0|3|F|14|N|0|0| |1|L|N|P|000V012-0804|      |44493211| 72520576|    |      |61|00|000|N|000000000000|N|3|00000012|0|        |Elmore VT12 S of Lacasse Rd                       
S|50|00L047|9|0|22|5R|1|T|1|3|N|0|0| |13| |0|0| |1|L|N|P|   V012-0804|      |44496947| 72518182|    |      |61|00|015|N|            |N|3|00000120|0|        |Elmore: VT12 1.4 mi S of Lacasse (TH1)            
S|50|00L057|1|0|22|5R|1|T|1|3|N|0|3|F|14|N|0|0| |2|L|N|P|000V108-0808|      |44517258| 72768990|    |      |63|00|000|N|000000000000|N|3|00000108|0|        |Stowe VT108 btw TollHouse and Spruce Peak Ski Area
S|50|00L057|1|1|22|5R|1|T|1|3|N|0|3|F|14|N|0|0| |2|L|N|P|000V108-0808|      |44517258| 72768990|    |      |63|00|000|N|000000000000|N|3|00000108|0|        |Stowe VT108 btw TollHouse and Spruce Peak Ski Area
S|50|00L057|5|0|22|5R|1|T|1|3|N|0|3|F|14|N|0|0| |2|L|N|P|000V108-0808|      |44517258| 72768990|    |      |63|00|000|N|000000000000|N|3|00000108|0|        |Stowe VT108 btw TollHouse and Spruce Peak Ski Area
S|50|00L057|5|1|22|5R|1|T|1|3|N|0|3|F|14|N|0|0| |2|L|N|P|000V108-0808|      |44517258| 72768990|    |      |63|00|000|N|000000000000|N|3|00000108|0|        |Stowe VT108 btw TollHouse and Spruce Peak Ski Area
S|50|00L057|9|0|22|5R|1|T|1|3|N|0|0| |13| |0|0| |1|L|N|P|   V108-0808|      |44525994| 72777716|    |      |63|00|015|N|            |N|3|00001080|0|        |Stowe: VT108 1.3 miNof Notch Brk (TH19)           
S|50|00L203|1|0|22|4R|1|T|1|3|H|1|3|F|14|N|1|5|M|2|A|L|P|000A100-0807|      |44570957| 72600122|    |      |14|00|000|N|000000000000|N|3|00000100|0|        |ALT VT100 0.5 mi SofVT15                          
S|50|00L203|1|1|22|4R|1|T|1|3|H|1|3|F|14|N|1|5|M|2|A|L|P|000A100-0807|      |44570957| 72600122|    |      |14|00|000|N|000000000000|N|3|00000100|0|        |ALT VT100 0.5 mi SofVT15                          
S|50|00L203|5|0|22|4R|1|T|1|3|H|1|3|F|14|N|1|5|M|2|A|L|P|000A100-0807|      |44570957| 72600122|    |      |14|00|000|N|000000000000|N|3|00000100|0|        |ALT VT100 0.5 mi SofVT15                          
S|50|00L203|5|1|22|4R|1|T|1|3|H|1|3|F|14|N|1|5|M|2|A|L|P|000A100-0807|      |44570957| 72600122|    |      |14|00|000|N|000000000000|N|3|00000100|0|        |ALT VT100 0.5 mi SofVT15                          
S|50|00N001|1|0|22|1R|2|T|2|3|H|2|3|F|14|N|2|5|M|2|P|L|P|000I091-0000|      |43900524| 72159064|    |      |18|00|000|Y|0I091084.210|N|1|00000091|0|        |I91 BETWEEN EXITS 14 AND 15                       
S|50|00N001|1|1|22|1R|2|T|2|3|H|2|3|F|14|N|2|5|M|2|P|L|P|000I091-0000|      |43900524| 72159064|    |      |18|00|000|Y|0I091084.210|N|1|00000091|0|        |I91 BETWEEN EXITS 14 AND 15                       
S|50|00N001|1|2|22|1R|2|T|2|3|H|2|3|F|14|N|2|5|M|2|P|L|P|000I091-0000|      |43900524| 72159064|    |      |18|00|000|Y|0I091084.210|N|1|00000091|0|        |I91 BETWEEN EXITS 14 AND 15                       
S|50|00N001|5|0|22|1R|2|T|2|3|H|2|3|F|14|N|2|5|M|2|P|L|P|000I091-0000|      |43900524| 72159064|    |      |18|00|000|Y|0I091084.210|N|1|00000091|0|        |I91 BETWEEN EXITS 14 AND 15                       
S|50|00N001|5|1|22|1R|2|T|2|3|H|2|3|F|14|N|2|5|M|2|P|L|P|000I091-0000|      |43900524| 72159064|    |      |18|00|000|Y|0I091084.210|N|1|00000091|0|        |I91 BETWEEN EXITS 14 AND 15                       
S|50|00N001|5|2|22|1R|2|T|2|3|H|2|3|F|14|N|2|5|M|2|P|L|P|000I091-0000|      |43900524| 72159064|    |      |18|00|000|Y|0I091084.210|N|1|00000091|0|        |I91 BETWEEN EXITS 14 AND 15                       
S|50|00N001|9|0|22|1R|2|T|1|3|N|0|0| |13| |0|0| |1|P|L|P|   I091-0000|      |43900528| 72158714|    |      |72|00|017|Y|000910007352|Y|1|00000910|0|        |Fairlee: I91 0.56 mi S of Exit 15                 
S|50|00N002|1|0|22|1R|2|T|2|3|N|0|3|F|14|N|0|0| |1|L|N|P|000I091-0000|      |43976723| 72125791|    |      |73|00|000|Y|0I091091.540|Y|1|00000091|0|        |Fairlee I91 btw Exits 15 and 16                   
S|50|00N002|1|1|22|1R|2|T|2|3|N|0|3|F|14|N|0|0| |1|L|N|P|000I091-0000|      |43976723| 72125791|    |      |73|00|000|Y|0I091091.540|Y|1|00000091|0|        |Fairlee I91 btw Exits 15 and 16                   
S|50|00N002|1|2|22|1R|2|T|2|3|N|0|3|F|14|N|0|0| |1|L|N|P|000I091-0000|      |43976723| 72125791|    |      |73|00|000|Y|0I091091.540|Y|1|00000091|0|        |Fairlee I91 btw Exits 15 and 16                   
S|50|00N002|5|0|22|1R|2|T|2|3|N|0|3|F|14|N|0|0| |1|L|N|P|000I091-0000|      |43976723| 72125791|    |      |73|00|000|Y|0I091091.540|Y|1|00000091|0|        |Fairlee I91 btw Exits 15 and 16                   
S|50|00N002|5|1|22|1R|2|T|2|3|N|0|3|F|14|N|0|0| |1|L|N|P|000I091-0000|      |43976723| 72125791|    |      |73|00|000|Y|0I091091.540|Y|1|00000091|0|        |Fairlee I91 btw Exits 15 and 16                   
S|50|00N002|5|2|22|1R|2|T|2|3|N|0|3|F|14|N|0|0| |1|L|N|P|000I091-0000|      |43976723| 72125791|    |      |73|00|000|Y|0I091091.540|Y|1|00000091|0|        |Fairlee I91 btw Exits 15 and 16                   
S|50|00N002|9|0|22|1R|2|T|1|3|N|0|0| |13| |0|0| |1|L|N|P|   I091-0000|      |43976737| 72125436|    |      |73|00|017|Y|000910014706|Y|1|00000910|0|        |Bradford: I91 0.55 mi S of VT25 (Ex16)            
S|50|00N151|0|0|22|4R|1|T|1|3|N|0|0| |13| |0|0| |1|L|N|P|   U302-0907|      |44154048| 72041387|    |      |82|00|017|N|            |N|2|00003020|0|        |Newbury: US302 Railroad St                        
S|50|00N151|3|0|22|4R|1|T|1|3|N|0|3|F|14|N|0|0| |1|L|N|P|000U302-0907|      |44153818| 72042207|    |      |82|00|000|N|000000000000|N|2|00000302|0|        |Newbury US302 btw Engle Dr and Bridge to NH       
S|50|00N151|7|0|22|4R|1|T|1|3|N|0|3|F|14|N|0|0| |1|L|N|P|000U302-0907|      |44153818| 72042207|    |      |82|00|000|N|000000000000|N|2|00000302|0|        |Newbury US302 btw Engle Dr and Bridge to NH       
S|50|00N451|3|0|22|4R|1|T|1|3|N|1|3|F|14|N|1|0| |1|L|N|P|            |      |44154064| 72041437|    |      |22|00|000|N|           0|N|3|       5|0|        |NEWBURY: RAIROAD ST AT NH BORDER                  
S|50|00N451|7|0|22|4R|1|T|1|3|N|1|3|F|14|N|1|0| |1|L|N|P|            |      |44154064| 72041437|    |      |22|00|000|N|           0|N|3|       5|0|        |NEWBURY: RAIROAD ST AT NH BORDER                  
S|50|00P004|1|0|22|4R|1|T|1|3|N|0|3|F|14|N|0|0| |1|L|N|P|000V100-1018|      |44897476| 72412676|    |      |44|00|000|N|000000000000|N|3|00000100|0|        |Westfield VT100 btw Loop Rd and VT101             
S|50|00P004|5|0|22|4R|1|T|1|3|N|0|3|F|14|N|0|0| |1|L|N|P|000V100-1018|      |44897476| 72412676|    |      |44|00|000|N|000000000000|N|3|00000100|0|        |Westfield VT100 btw Loop Rd and VT101             
S|50|00P004|9|0|22|4R|1|T|1|3|N|0|0| |13| |0|0| |1|L|N|P|   V100-1018|      |44897458| 72412692|    |      |44|00|019|N|            |N|3|00001000|0|        |Westfield: VT100 0.8 mi S of VT101                
S|50|00P052|1|0|22|7R|1|T|1|3|N|0|0| |13| |0|0| |1|L|N|P|            |      |44930714| 72500367|    |      |88|00|019|N|            |N|9|00000000|0|        |Jay: Ski Access Rd 0.1 mi N of VT242              
S|50|00P052|5|0|22|7R|1|T|1|3|N|0|0| |13| |0|0| |1|L|N|P|            |      |44930714| 72500367|    |      |88|00|019|N|            |N|9|00000000|0|        |Jay: Ski Access Rd 0.1 mi N of VT242              
S|50|00P052|9|0|22|7R|1|T|1|3|N|0|0| |13| |0|0| |1|L|N|P|            |      |44930714| 72500367|    |      |88|00|019|N|            |N|9|00000000|0|        |Jay: Ski Access Rd 0.1 mi N of VT242              
S|50|00P082|1|0|22|1R|2|T|2|3|H|2|3|F|14|N|2|5|M|2|P|L|P|000I091-0000|174470|44974852| 72126085|    |      |63|00|000|Y|0I091172.400|N|1|00000091|0|        |I91 BETWEEN EXITS 21 AND 22                       
S|50|00P082|1|1|22|1R|2|T|2|3|H|2|3|F|14|N|2|5|M|2|P|L|P|000I091-0000|174470|44974852| 72126085|    |      |63|00|000|Y|0I091172.400|N|1|00000091|0|        |I91 BETWEEN EXITS 21 AND 22                       
S|50|00P082|1|2|22|1R|2|T|2|3|H|2|3|F|14|N|2|5|M|2|P|L|P|000I091-0000|174470|44974852| 72126085|    |      |63|00|000|Y|0I091172.400|N|1|00000091|0|        |I91 BETWEEN EXITS 21 AND 22                       
S|50|00P082|5|0|22|1R|2|T|2|3|H|2|3|F|14|N|2|5|M|2|P|L|P|000I091-0000|174470|44974852| 72126085|    |      |63|00|000|Y|0I091172.400|N|1|00000091|0|        |I91 BETWEEN EXITS 21 AND 22                       
S|50|00P082|5|1|22|1R|2|T|2|3|H|2|3|F|14|N|2|5|M|2|P|L|P|000I091-0000|174470|44974852| 72126085|    |      |63|00|000|Y|0I091172.400|N|1|00000091|0|        |I91 BETWEEN EXITS 21 AND 22                       
S|50|00P082|5|2|22|1R|2|T|2|3|H|2|3|F|14|N|2|5|M|2|P|L|P|000I091-0000|174470|44974852| 72126085|    |      |63|00|000|Y|0I091172.400|N|1|00000091|0|        |I91 BETWEEN EXITS 21 AND 22                       
S|50|00P082|9|0|22|1R|2|T|1|3|N|0|0| |13| |0|0| |1|L|N|P|   I091-0000|      |44974852| 72126085|    |      |63|00|000|N|   910019623|N|1|     910|0|        |Derby: I91 2.16 mi N of US5 (exit 28)             
S|50|00P215|1|0|22|4R|2|T|2|3|N|0|3|F|14|N|0|0| |1|L|N|P|000U005-1007|      |44951599| 72160677|    |      |06|00|000|N|000000000000|N|2|00000005|0|        |Derby US5 btw Quarry Rd and Crawford Rd           
S|50|00P215|1|1|22|4R|2|T|2|3|N|0|3|F|14|N|0|0| |1|L|N|P|000U005-1007|      |44951599| 72160677|    |      |06|00|000|N|000000000000|N|2|00000005|0|        |Derby US5 btw Quarry Rd and Crawford Rd           
S|50|00P215|1|2|22|4R|2|T|2|3|N|0|3|F|14|N|0|0| |1|L|N|P|000U005-1007|      |44951599| 72160677|    |      |06|00|000|N|000000000000|N|2|00000005|0|        |Derby US5 btw Quarry Rd and Crawford Rd           
S|50|00P215|5|0|22|4R|1|T|1|3|N|0|3|F|14|N|0|0| |1|L|N|P|000U005-1007|      |44951599| 72160677|    |      |06|00|000|N|000000000000|N|2|00000005|0|        |Derby US5 btw Quarry Rd and Crawford Rd           
S|50|00P215|5|1|22|4R|1|T|1|3|N|0|3|F|14|N|0|0| |1|L|N|P|000U005-1007|      |44951599| 72160677|    |      |06|00|000|N|000000000000|N|2|00000005|0|        |Derby US5 btw Quarry Rd and Crawford Rd           
S|50|00P215|9|0|22|4R|1|T|1|3|N|0|0| |13| |0|0| |1|L|N|P|   U005-1007|      |44951590| 72160374|    |      |06|00|019|N|            |N|2|00000050|0|        |Derby: US5 betw Quarry & Crawford Rds             
S|50|00R001|0|0|22|3R|2|T|1|3|N|0|0| |13| |0|0| |1|P|L|P|   U004-1107|      |43596110| 73283759|    |      |72|00|021|Y|000040000130|Y|2|00000040|0|        |Fair Haven: US4 1.0 mi E of NY bdr                
S|50|00R001|3|0|22|3R|2|T|2|3|H|2|3|F|14|N|2|5|M|2|P|L|P|000U004-1107|      |43596450| 73283793|    |      |72|00|000|Y|0U004000.133|N|2|00000004|0|        |US4   1.0 mi E of NY SL                           
S|50|00R001|3|1|22|3R|2|T|2|3|H|2|3|F|14|N|2|5|M|2|P|L|P|000U004-1107|      |43596450| 73283793|    |      |72|00|000|Y|0U004000.133|N|2|00000004|0|        |US4   1.0 mi E of NY SL                           
S|50|00R001|3|2|22|3R|2|T|2|3|H|2|3|F|14|N|2|5|M|2|P|L|P|000U004-1107|      |43596450| 73283793|    |      |72|00|000|Y|0U004000.133|N|2|00000004|0|        |US4   1.0 mi E of NY SL                           
S|50|00R001|7|0|22|3R|2|T|2|3|H|2|3|F|14|N|2|5|M|2|P|L|P|000U004-1107|      |43596450| 73283793|    |      |72|00|000|Y|0U004000.133|N|2|00000004|0|        |US4   1.0 mi E of NY SL                           
S|50|00R001|7|1|22|3R|2|T|2|3|H|2|3|F|14|N|2|5|M|2|P|L|P|000U004-1107|      |43596450| 73283793|    |      |72|00|000|Y|0U004000.133|N|2|00000004|0|        |US4   1.0 mi E of NY SL                           
S|50|00R001|7|2|22|3R|2|T|2|3|H|2|3|F|14|N|2|5|M|2|P|L|P|000U004-1107|      |43596450| 73283793|    |      |72|00|000|Y|0U004000.133|N|2|00000004|0|        |US4   1.0 mi E of NY SL                           
S|50|00R005|0|0|22|3R|1|T|1|3|N|0|0| |13| |0|0| |1|L|N|P|   U004-1121|      |43666350| 72809914|    |      |57|00|021|N|            |Y|4|00000040|0|        |Killington: US4 1000' W of VT100                  
S|50|00R005|3|0|22|3R|1|T|1|3|N|0|3|F|14|N|0|0| |1|L|N|P|000U004-1121|      |43667454| 72808083|    |      |57|00|000|N|000000000000|Y|2|00000004|0|        |Killington US4 East of VT100 N                    
S|50|00R005|3|1|22|3R|1|T|1|3|N|0|3|F|14|N|0|0| |1|L|N|P|000U004-1121|      |43667454| 72808083|    |      |57|00|000|N|000000000000|Y|2|00000004|0|        |Killington US4 East of VT100 N                    
S|50|00R005|7|0|22|3R|2|T|2|3|N|0|3|F|14|N|0|0| |1|L|N|P|000U004-1121|      |43667454| 72808083|    |      |57|00|000|N|000000000000|Y|2|00000004|0|        |Killington US4 East of VT100 N                    
S|50|00R005|7|1|22|3R|2|T|2|3|N|0|3|F|14|N|0|0| |1|L|N|P|000U004-1121|      |43667454| 72808083|    |      |57|00|000|N|000000000000|Y|2|00000004|0|        |Killington US4 East of VT100 N                    
S|50|00R005|7|2|22|3R|2|T|2|3|N|0|3|F|14|N|0|0| |1|L|N|P|000U004-1121|      |43667454| 72808083|    |      |57|00|000|N|000000000000|Y|2|00000004|0|        |Killington US4 East of VT100 N                    
S|50|00R017|0|0|22|3R|1|T|1|3|N|0|0| |13| |0|0| |1|L|N|P|   V103-1112|      |43437026| 72742435|    |      |57|00|021|Y|V103-26.006 |Y|3|00001030|0|        |Mt Holly: VT103 0.6 mi W of Station Rd            
S|50|00R017|1|0|22|3R|1|T|1|3|N|0|3|F|14|N|0|0| |1|L|N|P|000V103-1112|      |43437131| 72744933|    |      |57|00|000|N|000000000000|Y|3|00000103|0|        |Mount Holly VT103 btw Station Rd and Burttermilk R
S|50|00R017|5|0|22|3R|1|T|1|3|N|0|3|F|14|N|0|0| |1|L|N|P|000V103-1112|      |43437131| 72744933|    |      |57|00|000|N|000000000000|Y|3|00000103|0|        |Mount Holly VT103 btw Station Rd and Burttermilk R
S|50|00R022|1|0|22|3U|2|T|2|3|N|0|3|F|14|N|0|0| |1|L|N|P|000U007-1120|      |43581449| 72967306|    |      |58|00|000|Y|0U007063.844|Y|2|00000007|0|        |Rutland US 7 btw US4 and Holiday Dr               
S|50|00R022|1|1|22|3U|2|T|2|3|N|0|3|F|14|N|0|0| |1|L|N|P|000U007-1120|      |43581449| 72967306|    |      |58|00|000|Y|0U007063.844|Y|2|00000007|0|        |Rutland US 7 btw US4 and Holiday Dr               
S|50|00R022|1|2|22|3U|2|T|2|3|N|0|3|F|14|N|0|0| |1|L|N|P|000U007-1120|      |43581449| 72967306|    |      |58|00|000|Y|0U007063.844|Y|2|00000007|0|        |Rutland US 7 btw US4 and Holiday Dr               
S|50|00R022|5|0|22|3U|2|T|2|3|N|0|3|F|14|N|0|0| |1|L|N|P|000U007-1120|      |43581449| 72967306|    |      |58|00|000|Y|0U007063.844|Y|2|00000007|0|        |Rutland US 7 btw US4 and Holiday Dr               
S|50|00R022|5|1|22|3U|2|T|2|3|N|0|3|F|14|N|0|0| |1|L|N|P|000U007-1120|      |43581449| 72967306|    |      |58|00|000|Y|0U007063.844|Y|2|00000007|0|        |Rutland US 7 btw US4 and Holiday Dr               
S|50|00R022|5|2|22|3U|2|T|2|3|N|0|3|F|14|N|0|0| |1|L|N|P|000U007-1120|      |43581449| 72967306|    |      |58|00|000|Y|0U007063.844|Y|2|00000007|0|        |Rutland US 7 btw US4 and Holiday Dr               
S|50|00R022|9|0|22|3U|2|T|1|3|N|0|0| |13| |0|0| |1|L|N|P|   U007-1120|      |43582227| 72967337|    |      |58|00|021|Y|000070019516|Y|2|00000070|0|        |Rutland Town: US7 0.20 mi N of US4 W              
S|50|00R054|1|0|22|5R|2|T|2|3|N|0|3|F|14|N|0|0| |1|L|N|P|000S01591121|      |43663495| 72799682|    |      |83|00|000|N|000000000000|N|7|        |0|        |Killington Killington Rd S of US 4                
S|50|00R054|1|1|22|5R|2|T|2|3|N|0|3|F|14|N|0|0| |1|L|N|P|000S01591121|      |43663495| 72799682|    |      |83|00|000|N|000000000000|N|7|        |0|        |Killington Killington Rd S of US 4                
S|50|00R054|1|2|22|5R|2|T|2|3|N|0|3|F|14|N|0|0| |1|L|N|P|000S01591121|      |43663495| 72799682|    |      |83|00|000|N|000000000000|N|7|        |0|        |Killington Killington Rd S of US 4                
S|50|00R054|5|0|22|5R|1|T|1|3|N|0|3|F|14|N|0|0| |1|L|N|P|000S01591121|      |43663495| 72799682|    |      |83|00|000|N|000000000000|N|7|        |0|        |Killington Killington Rd S of US 4                
S|50|00R054|5|1|22|5R|1|T|1|3|N|0|3|F|14|N|0|0| |1|L|N|P|000S01591121|      |43663495| 72799682|    |      |83|00|000|N|000000000000|N|7|        |0|        |Killington Killington Rd S of US 4                
S|50|00R054|9|0|22|5R|1|T|1|3|N|0|0| |13| |0|0| |1|L|N|P|   S01591121|      |43665904| 72801889|    |      |83|00|000|N|            |N|6|00000020|0|        |Killington: TH2 0.4 mi S of US4                   
S|50|00R084|0|0|22|3R|2|T|1|3|N|0|0| |13| |0|0| |1|L|N|P|   U004-1128|      |43590388| 73050344|    |      |70|00|021|Y|000040014696|Y|2|00000040|0|        |W Rutland: US4 0.15 mi W of Exit 6                
S|50|00R084|3|0|22|3U|2|T|2|3|N|0|3|F|14|N|0|0| |1|L|N|P|000U004-1128|      |43588800| 73047790|    |      |70|00|000|Y|0U004014.355|Y|2|00000004|0|        |West Rutland US4 btw Exits 5 and 6                
S|50|00R084|3|1|22|3U|2|T|2|3|N|0|3|F|14|N|0|0| |1|L|N|P|000U004-1128|      |43588800| 73047790|    |      |70|00|000|Y|0U004014.355|Y|2|00000004|0|        |West Rutland US4 btw Exits 5 and 6                
S|50|00R084|3|2|22|3U|2|T|2|3|N|0|3|F|14|N|0|0| |1|L|N|P|000U004-1128|      |43588800| 73047790|    |      |70|00|000|Y|0U004014.355|Y|2|00000004|0|        |West Rutland US4 btw Exits 5 and 6                
S|50|00R084|7|0|22|3U|2|T|2|3|N|0|3|F|14|N|0|0| |1|L|N|P|000U004-1128|      |43588800| 73047790|    |      |70|00|000|Y|0U004014.355|Y|2|00000004|0|        |West Rutland US4 btw Exits 5 and 6                
S|50|00R084|7|1|22|3U|2|T|2|3|N|0|3|F|14|N|0|0| |1|L|N|P|000U004-1128|      |43588800| 73047790|    |      |70|00|000|Y|0U004014.355|Y|2|00000004|0|        |West Rutland US4 btw Exits 5 and 6                
S|50|00R084|7|2|22|3U|2|T|2|3|N|0|3|F|14|N|0|0| |1|L|N|P|000U004-1128|      |43588800| 73047790|    |      |70|00|000|Y|0U004014.355|Y|2|00000004|0|        |West Rutland US4 btw Exits 5 and 6                
S|50|00R100|1|0|22|3R|1|T|1|3|N|0|0| |13| |0|0| |1|P|L|P|   U007-1102|      |43826561| 73104625|    |      |02|00|021|Y|000070040059|Y|2|00000070|0|        |Brandon: US7 1.7 miSof Leicester Jct Rd           
S|50|00R100|5|0|22|3R|1|T|1|3|N|0|0| |13| |0|0| |1|P|L|P|   U007-1102|      |43826561| 73104625|    |      |02|00|021|Y|000070040059|Y|2|00000070|0|        |Brandon: US7 1.7 miSof Leicester Jct Rd           
S|50|00R100|9|0|22|3R|1|T|1|3|N|0|0| |13| |0|0| |1|P|L|P|   U007-1102|      |43826561| 73104625|    |      |02|00|021|Y|000070040059|Y|2|00000070|0|        |Brandon: US7 1.7 miSof Leicester Jct Rd           
S|50|00W002|1|0|22|1U|2|T|2|3|N|0|3|F|14|N|0|0| |1|L|N|P|000I089-0000|      |44223688| 72585482|    |      |71|00|000|Y|0I089050.290|Y|1|00000089|0|        |Berlin I89 btw Exits 7 and 8                      
S|50|00W002|1|1|22|1U|2|T|2|3|N|0|3|F|14|N|0|0| |1|L|N|P|000I089-0000|      |44223688| 72585482|    |      |71|00|000|Y|0I089050.290|Y|1|00000089|0|        |Berlin I89 btw Exits 7 and 8                      
S|50|00W002|1|2|22|1U|2|T|2|3|N|0|3|F|14|N|0|0| |1|L|N|P|000I089-0000|      |44223688| 72585482|    |      |71|00|000|Y|0I089050.290|Y|1|00000089|0|        |Berlin I89 btw Exits 7 and 8                      
S|50|00W002|5|0|22|1U|2|T|2|3|N|0|3|F|14|N|0|0| |1|L|N|P|000I089-0000|      |44223688| 72585482|    |      |71|00|000|Y|0I089050.290|Y|1|00000089|0|        |Berlin I89 btw Exits 7 and 8                      
S|50|00W002|5|1|22|1U|2|T|2|3|N|0|3|F|14|N|0|0| |1|L|N|P|000I089-0000|      |44223688| 72585482|    |      |71|00|000|Y|0I089050.290|Y|1|00000089|0|        |Berlin I89 btw Exits 7 and 8                      
S|50|00W002|5|2|22|1U|2|T|2|3|N|0|3|F|14|N|0|0| |1|L|N|P|000I089-0000|      |44223688| 72585482|    |      |71|00|000|Y|0I089050.290|Y|1|00000089|0|        |Berlin I89 btw Exits 7 and 8                      
S|50|00W002|9|0|22|1R|2|T|1|3|N|0|0| |13| |0|0| |1|L|N|P|   I089-0000|      |44222490| 72585016|    |      |71|00|023|Y|000890000661|Y|1|00000890|0|        |Berlin: I89 0.4 mi N of Exit 7                    
S|50|00W004|0|0|22|2U|2|T|1|3|N|0|0| |13| |0|0| |1|L|N|P|   V062-1202|      |44205754| 72517854|    |      |75|00|023|Y|000620003886|N|3|00000620|0|        |Barre City: VT62 0.2 mi W of Berlin St            
S|50|00W004|3|0|22|2U|2|T|2|3|N|0|3|F|14|N|0|0| |1|L|N|P|000V062-1201|      |44205799| 72517898|    |      |75|00|000|Y|0V062001.515|N|3|00000062|0|        |Barre VT62 W of Berlin St                         
S|50|00W004|3|1|22|2U|2|T|2|3|N|0|3|F|14|N|0|0| |1|L|N|P|000V062-1201|      |44205799| 72517898|    |      |75|00|000|Y|0V062001.515|N|3|00000062|0|        |Barre VT62 W of Berlin St                         
S|50|00W004|3|2|22|2U|2|T|2|3|N|0|3|F|14|N|0|0| |1|L|N|P|000V062-1201|      |44205799| 72517898|    |      |75|00|000|Y|0V062001.515|N|3|00000062|0|        |Barre VT62 W of Berlin St                         
S|50|00W004|7|0|22|2U|2|T|2|3|N|0|3|F|14|N|0|0| |1|L|N|P|000V062-1201|      |44205799| 72517898|    |      |75|00|000|Y|0V062001.515|N|3|00000062|0|        |Barre VT62 W of Berlin St                         
S|50|00W004|7|1|22|2U|2|T|2|3|N|0|3|F|14|N|0|0| |1|L|N|P|000V062-1201|      |44205799| 72517898|    |      |75|00|000|Y|0V062001.515|N|3|00000062|0|        |Barre VT62 W of Berlin St                         
S|50|00W004|7|2|22|2U|2|T|2|3|N|0|3|F|14|N|0|0| |1|L|N|P|000V062-1201|      |44205799| 72517898|    |      |75|00|000|Y|0V062001.515|N|3|00000062|0|        |Barre VT62 W of Berlin St                         
S|50|00W006|0|0|22|3U|1|T|1|3|N|0|0| |13| |0|0| |1|L|N|P|   U302-1203|      |44235119| 72554165|    |      |44|00|023|Y|003020000877|N|2|00003020|0|        |Berlin: US302 0.2 mi W of Benjamin Falls          
S|50|00W006|3|0|22|3U|1|T|1|3|N|0|3|F|14|N|0|0| |1|L|N|P|000U302-1203|      |44234253| 72554007|    |      |44|00|000|N|000000000000|N|2|00000302|0|        |Berlin US302 btw Hersey Rd and Sherwood Dr        
S|50|00W006|3|1|22|3U|1|T|1|3|N|0|3|F|14|N|0|0| |1|L|N|P|000U302-1203|      |44234253| 72554007|    |      |44|00|000|N|000000000000|N|2|00000302|0|        |Berlin US302 btw Hersey Rd and Sherwood Dr        
S|50|00W006|7|0|22|3U|2|T|2|3|N|0|3|F|14|N|0|0| |1|L|N|P|000U302-1203|      |44234253| 72554007|    |      |44|00|000|N|000000000000|N|2|00000302|0|        |Berlin US302 btw Hersey Rd and Sherwood Dr        
S|50|00W006|7|1|22|3U|2|T|2|3|N|0|3|F|14|N|0|0| |1|L|N|P|000U302-1203|      |44234253| 72554007|    |      |44|00|000|N|000000000000|N|2|00000302|0|        |Berlin US302 btw Hersey Rd and Sherwood Dr        
S|50|00W006|7|2|22|3U|2|T|2|3|N|0|3|F|14|N|0|0| |1|L|N|P|000U302-1203|      |44234253| 72554007|    |      |44|00|000|N|000000000000|N|2|00000302|0|        |Berlin US302 btw Hersey Rd and Sherwood Dr        
S|50|00W014|0|0|22|3U|1|T|1|3|N|0|0| |13| |0|0| |1|L|N|P|   U302-1201|      |44208017| 72513750|    |      |53|00|023|N|            |N|3|00003020|0|        |Barre City: US302 100' E of Depot Sq              
S|50|00W014|3|0|22|3U|1|T|1|3|N|0|0| |13| |0|0| |1|L|N|P|   U302-1201|      |44208017| 72513750|    |      |53|00|023|N|            |N|3|00003020|0|        |Barre City: US302 100' E of Depot Sq              
S|50|00W014|7|0|22|3U|1|T|1|3|N|0|0| |13| |0|0| |1|L|N|P|   U302-1201|      |44208017| 72513750|    |      |53|00|023|N|            |N|3|00003020|0|        |Barre City: US302 100' E of Depot Sq              
S|50|00W024|0|0|22|3U|2|T|1|3|N|0|0| |13| |0|0| |1|L|N|P|   U002-1211|      |44259959| 72581939|    |      |59|00|023|Y|000020015646|Y|2|00000020|0|        |Montpelier: US2 0.1 mi W of Taylor St             
S|50|00W024|3|0|22|3U|2|T|2|3|N|0|3|F|14|N|0|0| |1|L|N|P|000U002-1211|      |44259899| 72581901|    |      |59|00|000|N|000000000000|N|2|00000002|0|        |Montpelier US2 btw Bailey Ave and Taylor St       
S|50|00W024|3|1|22|3U|2|T|2|3|N|0|3|F|14|N|0|0| |1|L|N|P|000U002-1211|      |44259899| 72581901|    |      |59|00|000|N|000000000000|N|2|00000002|0|        |Montpelier US2 btw Bailey Ave and Taylor St       
S|50|00W024|3|2|22|3U|2|T|2|3|N|0|3|F|14|N|0|0| |1|L|N|P|000U002-1211|      |44259899| 72581901|    |      |59|00|000|N|000000000000|N|2|00000002|0|        |Montpelier US2 btw Bailey Ave and Taylor St       
S|50|00W024|7|0|22|3U|2|T|2|3|N|0|3|F|14|N|0|0| |1|L|N|P|000U002-1211|      |44259899| 72581901|    |      |59|00|000|N|000000000000|N|2|00000002|0|        |Montpelier US2 btw Bailey Ave and Taylor St       
S|50|00W024|7|1|22|3U|2|T|2|3|N|0|3|F|14|N|0|0| |1|L|N|P|000U002-1211|      |44259899| 72581901|    |      |59|00|000|N|000000000000|N|2|00000002|0|        |Montpelier US2 btw Bailey Ave and Taylor St       
S|50|00W024|7|2|22|3U|2|T|2|3|N|0|3|F|14|N|0|0| |1|L|N|P|000U002-1211|      |44259899| 72581901|    |      |59|00|000|N|000000000000|N|2|00000002|0|        |Montpelier US2 btw Bailey Ave and Taylor St       
S|50|00W055|0|0|22|5R|1|T|1|3|N|0|0| |13| |0|0| |1|L|N|P|   V017-1208|      |44202944| 72896412|    |      |88|00|023|N|            |N|3|00000170|0|        |Fayston: VT17 25' W of Battleground Condos        
S|50|00W055|3|0|22|5R|1|T|1|3|N|0|3|F|14|N|0|0| |1|L|N|P|000V017-1208|      |44200938| 72895313|    |      |88|00|000|N|000000000000|N|3|00000017|0|        |VT17 W of German Flats Rd                         
S|50|00W055|7|0|22|5R|1|T|1|3|N|0|3|F|14|N|0|0| |1|L|N|P|000V017-1208|      |44200938| 72895313|    |      |88|00|000|N|000000000000|N|3|00000017|0|        |VT17 W of German Flats Rd                         
S|50|00W062|0|0|22|5R|1|T|1|3|N|0|0| |13| |0|0| |1|L|N|P|   S02031217|      |44142082| 72884269|    |      |82|00|023|N|            |N|6|00000050|0|        |Warren: SgrbushAcc 0.2 miWofGermanFlats           
S|50|00W062|3|0|22|5R|1|T|1|3|N|0|3|F|14|N|0|0| |1|L|N|P|000S02031217|      |44141801| 72884327|    |      |82|00|000|N|000000000000|N|7|        |0|        |Warren Sugarbush Access Rd W of German Flats Rd   
S|50|00W062|7|0|22|5R|1|T|1|3|N|0|3|F|14|N|0|0| |1|L|N|P|000S02031217|      |44141801| 72884327|    |      |82|00|000|N|000000000000|N|7|        |0|        |Warren Sugarbush Access Rd W of German Flats Rd   
S|50|00W088|1|0|22|1R|2|T|2|3|H|2|3|F|14|N|2|5|M|2|P|L|P|000I089-0000|      |44284948| 72662035|    |      |01|00|000|Y|0I089054.097|N|1|00000089|0|        |I89 BETWEEN EXITS 8 AND 9                         
S|50|00W088|1|1|22|1R|2|T|2|3|H|2|3|F|14|N|2|5|M|2|P|L|P|000I089-0000|      |44284948| 72662035|    |      |01|00|000|Y|0I089054.097|N|1|00000089|0|        |I89 BETWEEN EXITS 8 AND 9                         
S|50|00W088|1|2|22|1R|2|T|2|3|H|2|3|F|14|N|2|5|M|2|P|L|P|000I089-0000|      |44284948| 72662035|    |      |01|00|000|Y|0I089054.097|N|1|00000089|0|        |I89 BETWEEN EXITS 8 AND 9                         
S|50|00W088|5|0|22|1R|2|T|2|3|H|2|3|F|14|N|2|5|M|2|P|L|P|000I089-0000|      |44284948| 72662035|    |      |01|00|000|Y|0I089054.097|N|1|00000089|0|        |I89 BETWEEN EXITS 8 AND 9                         
S|50|00W088|5|1|22|1R|2|T|2|3|H|2|3|F|14|N|2|5|M|2|P|L|P|000I089-0000|      |44284948| 72662035|    |      |01|00|000|Y|0I089054.097|N|1|00000089|0|        |I89 BETWEEN EXITS 8 AND 9                         
S|50|00W088|5|2|22|1R|2|T|2|3|H|2|3|F|14|N|2|5|M|2|P|L|P|000I089-0000|      |44284948| 72662035|    |      |01|00|000|Y|0I089054.097|N|1|00000089|0|        |I89 BETWEEN EXITS 8 AND 9                         
S|50|00W088|9|0|22|1R|2|T|1|3|N|1|0| |15| |0|0| |1|P|L|P|   I089-0000|      |44276844| 72651185|    |      |61|00|023|Y|000890007089|Y|1|00000890|0|        |Middlesex: I89 btw Exits 8 & 9                    
S|50|00W089|1|0|22|1R|2|T|2|3|N|0|3|F|14|N|0|0| |1|L|N|P|000I089-0000|      |44349092| 72770617|    |      |62|00|000|Y|0I089063.760|Y|1|00000089|0|        |Waterbury I89 btw Exits 10 and 11                 
S|50|00W089|1|1|22|1R|2|T|2|3|N|0|3|F|14|N|0|0| |1|L|N|P|000I089-0000|      |44349092| 72770617|    |      |62|00|000|Y|0I089063.760|Y|1|00000089|0|        |Waterbury I89 btw Exits 10 and 11                 
S|50|00W089|1|2|22|1R|2|T|2|3|N|0|3|F|14|N|0|0| |1|L|N|P|000I089-0000|      |44349092| 72770617|    |      |62|00|000|Y|0I089063.760|Y|1|00000089|0|        |Waterbury I89 btw Exits 10 and 11                 
S|50|00W089|5|0|22|1R|2|T|2|3|N|0|3|F|14|N|0|0| |1|L|N|P|000I089-0000|      |44349092| 72770617|    |      |62|00|000|Y|0I089063.760|Y|1|00000089|0|        |Waterbury I89 btw Exits 10 and 11                 
S|50|00W089|5|1|22|1R|2|T|2|3|N|0|3|F|14|N|0|0| |1|L|N|P|000I089-0000|      |44349092| 72770617|    |      |62|00|000|Y|0I089063.760|Y|1|00000089|0|        |Waterbury I89 btw Exits 10 and 11                 
S|50|00W089|5|2|22|1R|2|T|2|3|N|0|3|F|14|N|0|0| |1|L|N|P|000I089-0000|      |44349092| 72770617|    |      |62|00|000|Y|0I089063.760|Y|1|00000089|0|        |Waterbury I89 btw Exits 10 and 11                 
S|50|00W089|9|0|22|1R|2|T|1|3|N|0|0| |13| |0|0| |1|L|N|P|   I089-0000|      |44352653| 72778112|    |      |62|00|023|Y|000890017504|Y|1|00000890|0|        |Waterbury: I89 1.5 mi N of Exit 10                
S|50|00W227|1|0|22|4R|1|T|1|3|N|0|3|F|14|N|0|0| |1|L|N|P|000V100-1216|      |44180903| 72839956|    |      |98|00|000|N|000000000000|N|3|00000100|0|        |Waitsfield S of VT17                              
S|50|00W227|5|0|22|4R|1|T|1|3|N|0|3|F|14|N|0|0| |1|L|N|P|000V100-1216|      |44180903| 72839956|    |      |98|00|000|N|000000000000|N|3|00000100|0|        |Waitsfield S of VT17                              
S|50|00W227|9|0|22|4R|1|T|1|3|N|0|0| |13| |0|0| |1|L|N|P|   V100-1216|      |44180932| 72839961|    |      |98|00|023|Y|001000006348|N|3|00001000|0|        |Waitsfield: VT100 15 ft S of VT17                 
S|50|00W228|1|0|22|4R|1|T|1|3|N|0|3|F|14|N|0|0| |1|L|N|P|000V100-1216|      |44181598| 72839996|    |      |98|00|000|N|000000000000|N|3|00000100|0|        |Waitsfield N of VT17                              
S|50|00W228|5|0|22|4R|1|T|1|3|N|0|3|F|14|N|0|0| |1|L|N|P|000V100-1216|      |44181598| 72839996|    |      |98|00|000|N|000000000000|N|3|00000100|0|        |Waitsfield N of VT17                              
S|50|00W228|9|0|22|4R|1|T|1|3|N|0|0| |13| |0|0| |1|L|N|P|   V100-1216|      |44181607| 72840002|    |      |98|00|023|N|            |N|3|00001000|0|        |Waitsfield: VT100 15 ft N of VT17                 
S|50|00W229|0|0|22|5R|1|T|1|3|N|0|0| |13| |0|0| |1|L|N|P|   V017-1216|      |44181110| 72840687|    |      |98|00|023|N|            |N|3|00000170|0|        |Waitsfield: VT17 15 ft W of VT100                 
S|50|00W229|3|0|22|5R|1|T|1|3|N|0|3|F|14|N|0|0| |1|L|N|P|000V017-1216|      |44181107| 72840757|    |      |98|00|000|N|000000000000|N|3|00000017|0|        |Waitsfield VT17 W of VT100                        
S|50|00W229|7|0|22|5R|1|T|1|3|N|0|3|F|14|N|0|0| |1|L|N|P|000V017-1216|      |44181107| 72840757|    |      |98|00|000|N|000000000000|N|3|00000017|0|        |Waitsfield VT17 W of VT100                        
S|50|00X008|1|0|22|5R|1|T|1|3|N|0|3|F|14|N|0|0| |1|L|N|P|000U005-1314|      |43167947| 72457382|    |      |44|00|000|Y|0U005033.626|N|2|00000005|0|        |Rockingham US 5 S of I89 Exit 6 NB off ramp       
S|50|00X008|5|0|22|5R|1|T|1|3|N|0|3|F|14|N|0|0| |1|L|N|P|000U005-1314|      |43167947| 72457382|    |      |44|00|000|Y|0U005033.626|N|2|00000005|0|        |Rockingham US 5 S of I89 Exit 6 NB off ramp       
S|50|00X008|9|0|22|5R|1|T|1|3|N|0|0| |13| |0|0| |1|L|N|P|   U005-1314|      |43167181| 72457131|    |      |44|00|025|N|            |N|2|00000050|0|        |Rockingham: US5 0.35 mi S of IMTEC Lane           
S|50|00X009|0|0|22|3R|1|T|1|3|N|0|0| |13| |0|0| |1|P|L|P|   V009-1311|      |42865550| 72734667|    |      |02|00|000|N|            |N|3|      90|0|        |Marlboro: VT9 0.1 mi W of Church Hollow           
S|50|00X009|3|0|22|3R|1|T|1|3|H|1|3|F|14|N|1|5|M|2|P|L|P|000V009-1311|      |42865766| 72734263|    |      |02|00|000|N|000000000000|N|3|00000009|0|        |VT9   at mm 4.71                                  
S|50|00X009|3|1|22|3R|1|T|1|3|H|1|3|F|14|N|1|5|M|2|P|L|P|000V009-1311|      |42865766| 72734263|    |      |02|00|000|N|000000000000|N|3|00000009|0|        |VT9   at mm 4.71                                  
S|50|00X009|7|0|22|3R|1|T|1|3|H|1|3|F|14|N|1|5|M|2|P|L|P|000V009-1311|      |42865766| 72734263|    |      |02|00|000|N|000000000000|N|3|00000009|0|        |VT9   at mm 4.71                                  
S|50|00X009|7|1|22|3R|1|T|1|3|H|1|3|F|14|N|1|5|M|2|P|L|P|000V009-1311|      |42865766| 72734263|    |      |02|00|000|N|000000000000|N|3|00000009|0|        |VT9   at mm 4.71                                  
S|50|00X011|1|0|22|4U|1|T|1|3|N|0|3|F|14|N|0|0| |1|L|N|P|000U005-1302|      |42866991| 72556524|    |      |47|00|000|N|000000000000|N|3|00000005|0|        |Brattleboro US 5 at West River bridge             
S|50|00X011|5|0|22|4U|1|T|1|3|N|0|3|F|14|N|0|0| |1|L|N|P|000U005-1302|      |42866991| 72556524|    |      |47|00|000|N|000000000000|N|3|00000005|0|        |Brattleboro US 5 at West River bridge             
S|50|00X011|9|0|22|4U|1|T|1|3|N|0|0| |13| |0|0| |1|L|N|P|   U005-1302|      |42867631| 72556735|    |      |47|00|025|N|            |N|2|00000050|0|        |Brattleboro: US5 50ftNof Br on WestRiver          
S|50|00X027|0|0|22|3R|1|T|1|3|N|0|0| |13| |0|0| |1|P|L|P|   V009-1322|      |42870660| 72903860|    |      |62|00|025|Y|0000900000  |Y|3|00000090|0|        |Wilmington: VT9 0.7 mi W of Haystack Rd           
S|50|00X027|3|0|22|3R|1|T|1|3|N|0|3|F|14|N|0|0| |2|L|N|P|000V009-1322|      |42870161| 72913438|    |      |62|00|000|Y|0V009021.982|Y|3|00000009|0|        |Wilmington VT9 btw VT8 and VT100 N                
S|50|00X027|3|1|22|3R|1|T|1|3|N|0|3|F|14|N|0|0| |2|L|N|P|000V009-1322|      |42870161| 72913438|    |      |62|00|000|Y|0V009021.982|Y|3|00000009|0|        |Wilmington VT9 btw VT8 and VT100 N                
S|50|00X027|7|0|22|3R|1|T|1|3|N|0|3|F|14|N|0|0| |2|L|N|P|000V009-1322|      |42870161| 72913438|    |      |62|00|000|Y|0V009021.982|Y|3|00000009|0|        |Wilmington VT9 btw VT8 and VT100 N                
S|50|00X027|7|1|22|3R|1|T|1|3|N|0|3|F|14|N|0|0| |2|L|N|P|000V009-1322|      |42870161| 72913438|    |      |62|00|000|Y|0V009021.982|Y|3|00000009|0|        |Wilmington VT9 btw VT8 and VT100 N                
S|50|00X064|1|0|22|4R|1|T|1|3|N|0|3|F|14|N|0|0| |2|L|N|P|000V100-1304|      |42945373| 72864071|    |      |62|00|000|N|000000000000|N|3|00000100|0|        |Dover VT100 N of Country Club Rd                  
S|50|00X064|1|1|22|4R|1|T|1|3|N|0|3|F|14|N|0|0| |2|L|N|P|000V100-1304|      |42945373| 72864071|    |      |62|00|000|N|000000000000|N|3|00000100|0|        |Dover VT100 N of Country Club Rd                  
S|50|00X064|5|0|22|4R|1|T|1|3|N|0|3|F|14|N|0|0| |2|L|N|P|000V100-1304|      |42945373| 72864071|    |      |62|00|000|N|000000000000|N|3|00000100|0|        |Dover VT100 N of Country Club Rd                  
S|50|00X064|5|1|22|4R|1|T|1|3|N|0|3|F|14|N|0|0| |2|L|N|P|000V100-1304|      |42945373| 72864071|    |      |62|00|000|N|000000000000|N|3|00000100|0|        |Dover VT100 N of Country Club Rd                  
S|50|00X064|9|0|22|4R|1|T|1|3|N|0|0| |13| |0|0| |1|L|N|P|   V100-1304|      |42945186| 72863838|    |      |62|00|025|N|            |N|3|00001000|0|        |Dover: VT100 0.30 mi S of Blue Brook Rd           
S|50|00X068|1|0|22|5R|1|T|1|3|N|0|3|F|14|N|0|0| |2|A|N|P|000S01151322|      |42897899| 72857299|    |      |88|00|000|N|000000000000|N|7|        |0|        |Wilmington Haystack Access Rd W of VT100          
S|50|00X068|1|1|22|5R|1|T|1|3|N|0|3|F|14|N|0|0| |2|A|N|P|000S01151322|      |42897899| 72857299|    |      |88|00|000|N|000000000000|N|7|        |0|        |Wilmington Haystack Access Rd W of VT100          
S|50|00X068|5|0|22|5R|1|T|1|3|N|0|3|F|14|N|0|0| |2|A|N|P|000S01151322|      |42897899| 72857299|    |      |88|00|000|N|000000000000|N|7|        |0|        |Wilmington Haystack Access Rd W of VT100          
S|50|00X068|5|1|22|5R|1|T|1|3|N|0|3|F|14|N|0|0| |2|A|N|P|000S01151322|      |42897899| 72857299|    |      |88|00|000|N|000000000000|N|7|        |0|        |Wilmington Haystack Access Rd W of VT100          
S|50|00X068|9|0|22|5R|1|T|1|3|N|0|0| |13| |0|0| |1|L|N|P|   S01151322|      |42897394| 72855537|    |      |88|00|025|N|            |N|6|00000010|0|        |Wilmington: TH1 Coldbrook Rd.1miWof VT100         
S|50|00X071|1|0|22|1R|2|T|2|3|H|2|3|F|14|N|2|5|M|2|P|L|P|000I091-0000|      |42787516| 72560471|    |      |18|00|000|Y|0I091000.000|N|1|00000091|0|        |I-91 btw MassSL/exit 1                            
S|50|00X071|1|1|22|1R|2|T|2|3|H|2|3|F|14|N|2|5|M|2|P|L|P|000I091-0000|      |42787516| 72560471|    |      |18|00|000|Y|0I091000.000|N|1|00000091|0|        |I-91 btw MassSL/exit 1                            
S|50|00X071|1|2|22|1R|2|T|2|3|H|2|3|F|14|N|2|5|M|2|P|L|P|000I091-0000|      |42787516| 72560471|    |      |18|00|000|Y|0I091000.000|N|1|00000091|0|        |I-91 btw MassSL/exit 1                            
S|50|00X071|5|0|22|1R|2|T|2|3|H|2|3|F|14|N|2|5|M|2|P|L|P|000I091-0000|      |42787516| 72560471|    |      |18|00|000|Y|0I091000.000|N|1|00000091|0|        |I-91 btw MassSL/exit 1                            
S|50|00X071|5|1|22|1R|2|T|2|3|H|2|3|F|14|N|2|5|M|2|P|L|P|000I091-0000|      |42787516| 72560471|    |      |18|00|000|Y|0I091000.000|N|1|00000091|0|        |I-91 btw MassSL/exit 1                            
S|50|00X071|5|2|22|1R|2|T|2|3|H|2|3|F|14|N|2|5|M|2|P|L|P|000I091-0000|      |42787516| 72560471|    |      |18|00|000|Y|0I091000.000|N|1|00000091|0|        |I-91 btw MassSL/exit 1                            
S|50|00X071|9|0|22|1R|2|T|1|3|N|0|0| |13| |0|0| |1|L|N|P|   I091-0000|      |42790940| 72560809|    |      |60|00|025|Y|000910002314|Y|1|00000910|0|        |Vernon: I91 btw Exit 1 & MA bdr                   
S|50|00X072|1|0|22|1U|2|T|2|3|N|0|3|F|14|N|0|0| |1|L|N|P|000I091-0000|      |42881803| 72562719|    |      |61|00|000|Y|0I091009.095|Y|1|00000091|0|        |Brattleboro I91 btw Exits 2 and 3                 
S|50|00X072|1|1|22|1U|2|T|2|3|N|0|3|F|14|N|0|0| |1|L|N|P|000I091-0000|      |42881803| 72562719|    |      |61|00|000|Y|0I091009.095|Y|1|00000091|0|        |Brattleboro I91 btw Exits 2 and 3                 
S|50|00X072|1|2|22|1U|2|T|2|3|N|0|3|F|14|N|0|0| |1|L|N|P|000I091-0000|      |42881803| 72562719|    |      |61|00|000|Y|0I091009.095|Y|1|00000091|0|        |Brattleboro I91 btw Exits 2 and 3                 
S|50|00X072|5|0|22|1U|2|T|2|3|N|0|3|F|14|N|0|0| |1|L|N|P|000I091-0000|      |42881803| 72562719|    |      |61|00|000|Y|0I091009.095|Y|1|00000091|0|        |Brattleboro I91 btw Exits 2 and 3                 
S|50|00X072|5|1|22|1U|2|T|2|3|N|0|3|F|14|N|0|0| |1|L|N|P|000I091-0000|      |42881803| 72562719|    |      |61|00|000|Y|0I091009.095|Y|1|00000091|0|        |Brattleboro I91 btw Exits 2 and 3                 
S|50|00X072|5|2|22|1U|2|T|2|3|N|0|3|F|14|N|0|0| |1|L|N|P|000I091-0000|      |42881803| 72562719|    |      |61|00|000|Y|0I091009.095|Y|1|00000091|0|        |Brattleboro I91 btw Exits 2 and 3                 
S|50|00X072|9|0|22|1U|2|T|1|3|N|0|0| |13| |0|0| |1|L|N|P|   I091-0000|      |42882311| 72562025|    |      |61|00|025|Y|000910009193|Y|1|00000910|0|        |Brattleboro: I91 0.30 mi S of exit 3              
S|50|00X073|1|0|22|1R|2|T|2|3|H|2|3|F|14|N|2|5|M|2|P|L|P|000I091-0000|      |43009899| 72470298|    |      |63|00|000|Y|0I091017.952|N|1|00000091|0|        |I91 BETWEEN EXITS 4 AND 5                         
S|50|00X073|1|1|22|1R|2|T|2|3|H|2|3|F|14|N|2|5|M|2|P|L|P|000I091-0000|      |43009899| 72470298|    |      |63|00|000|Y|0I091017.952|N|1|00000091|0|        |I91 BETWEEN EXITS 4 AND 5                         
S|50|00X073|1|2|22|1R|2|T|2|3|H|2|3|F|14|N|2|5|M|2|P|L|P|000I091-0000|      |43009899| 72470298|    |      |63|00|000|Y|0I091017.952|N|1|00000091|0|        |I91 BETWEEN EXITS 4 AND 5                         
S|50|00X073|5|0|22|1R|2|T|2|3|H|2|3|F|14|N|2|5|M|2|P|L|P|000I091-0000|      |43009899| 72470298|    |      |63|00|000|Y|0I091017.952|N|1|00000091|0|        |I91 BETWEEN EXITS 4 AND 5                         
S|50|00X073|5|1|22|1R|2|T|2|3|H|2|3|F|14|N|2|5|M|2|P|L|P|000I091-0000|      |43009899| 72470298|    |      |63|00|000|Y|0I091017.952|N|1|00000091|0|        |I91 BETWEEN EXITS 4 AND 5                         
S|50|00X073|5|2|22|1R|2|T|2|3|H|2|3|F|14|N|2|5|M|2|P|L|P|000I091-0000|      |43009899| 72470298|    |      |63|00|000|Y|0I091017.952|N|1|00000091|0|        |I91 BETWEEN EXITS 4 AND 5                         
S|50|00X073|9|0|22|1R|2|T|1|3|N|0|0| |13| |0|0| |1|P|L|P|   I091-0000|      |43009899| 72470298|    |      |63|00|000|N|   910018159|N|1|     910|0|        |Putney: I91 4.59 mi N of Exit 3                   
S|50|00X074|1|0|22|1R|2|T|2|3|N|0|3|F|14|N|0|0| |1|L|N|P|000I091-0000|      |43158275| 72468979|    |      |64|00|000|Y|0I091031.081|Y|1|00000091|0|        |Rockingham btw Exits 5 and 6                      
S|50|00X074|1|1|22|1R|2|T|2|3|N|0|3|F|14|N|0|0| |1|L|N|P|000I091-0000|      |43158275| 72468979|    |      |64|00|000|Y|0I091031.081|Y|1|00000091|0|        |Rockingham btw Exits 5 and 6                      
S|50|00X074|1|2|22|1R|2|T|2|3|N|0|3|F|14|N|0|0| |1|L|N|P|000I091-0000|      |43158275| 72468979|    |      |64|00|000|Y|0I091031.081|Y|1|00000091|0|        |Rockingham btw Exits 5 and 6                      
S|50|00X074|5|0|22|1R|2|T|2|3|N|0|3|F|14|N|0|0| |1|L|N|P|000I091-0000|      |43158275| 72468979|    |      |64|00|000|Y|0I091031.081|Y|1|00000091|0|        |Rockingham btw Exits 5 and 6                      
S|50|00X074|5|1|22|1R|2|T|2|3|N|0|3|F|14|N|0|0| |1|L|N|P|000I091-0000|      |43158275| 72468979|    |      |64|00|000|Y|0I091031.081|Y|1|00000091|0|        |Rockingham btw Exits 5 and 6                      
S|50|00X074|5|2|22|1R|2|T|2|3|N|0|3|F|14|N|0|0| |1|L|N|P|000I091-0000|      |43158275| 72468979|    |      |64|00|000|Y|0I091031.081|Y|1|00000091|0|        |Rockingham btw Exits 5 and 6                      
S|50|00X074|9|0|22|1R|2|T|1|3|N|0|0| |13| |0|0| |1|L|N|P|   I091-0000|      |43158102| 72468953|    |      |64|00|025|Y|000910031201|Y|1|00000910|0|        |Rockingham: I91 1.50 mi S of Exit 6               
S|50|00X249|0|0|22|3R|1|T|1|3|N|0|0| |13| |0|0| |1|P|L|P|   V103-1314|      |43196345| 72503100|    |      |04|00|000|N|            |N|3|    1030|0|        |Rockingham: VT103 0.3miWof Rock.Hill Rd           
S|50|00X249|1|0|22|3R|1|T|1|3|H|1|3|F|14|N|1|5|M|2|P|L|P|000V103-1314|      |43196998| 72503832|    |      |93|00|000|N|000000000000|Y|3|00000103|0|        |VT103 S OF PLEASANT VALLEY RD                     
S|50|00X249|1|1|22|3R|1|T|1|3|H|1|3|F|14|N|1|5|M|2|P|L|P|000V103-1314|      |43196998| 72503832|    |      |93|00|000|N|000000000000|Y|3|00000103|0|        |VT103 S OF PLEASANT VALLEY RD                     
S|50|00X249|5|0|22|3R|1|T|1|3|H|1|3|F|14|N|1|5|M|2|P|L|P|000V103-1314|      |43196998| 72503832|    |      |93|00|000|N|000000000000|Y|3|00000103|0|        |VT103 S OF PLEASANT VALLEY RD                     
S|50|00X249|5|1|22|3R|1|T|1|3|H|1|3|F|14|N|1|5|M|2|P|L|P|000V103-1314|      |43196998| 72503832|    |      |93|00|000|N|000000000000|Y|3|00000103|0|        |VT103 S OF PLEASANT VALLEY RD                     
S|50|00X443|3|0|22|4R|1|T|1|3|N|1|3|F|14|N|1|0| |1|L|N|P|            |      |43084623| 72434871|    |      |22|00|000|N|           0|N|3|       5|0|        |WESTMINSTER: VT 123 AT NH BORDER                  
S|50|00X443|7|0|22|4R|1|T|1|3|N|1|3|F|14|N|1|0| |1|L|N|P|            |      |43084623| 72434871|    |      |22|00|000|N|           0|N|3|       5|0|        |WESTMINSTER: VT 123 AT NH BORDER                  
S|50|00X471|1|0|22|1U|3|T|3|3|N|3|3|F|14|N|3|0| |1|L|N|P|            |      |42812570| 72568135|    |      |22|00|000|N|           0|N|3|       5|0|        |GUILFORD: I-91 BETWEEN REST AREA AND EXIT 1       
S|50|00X471|5|0|22|1U|2|T|2|3|N|2|3|F|14|N|2|0| |1|L|N|P|            |      |42812570| 72568135|    |      |22|00|000|N|           0|N|3|       5|0|        |GUILFORD: I-91 BETWEEN REST AREA AND EXIT 1       
S|50|00Y001|1|0|22|1R|2|T|2|3|N|0|3|F|14|N|0|0| |1|L|N|P|000I089-0000|      |43851324| 72603787|    |      |71|00|000|Y|0I089022.120|Y|1|00000089|0|        |Bethel I89 btw Exits 3 and 4                      
S|50|00Y001|1|1|22|1R|2|T|2|3|N|0|3|F|14|N|0|0| |1|L|N|P|000I089-0000|      |43851324| 72603787|    |      |71|00|000|Y|0I089022.120|Y|1|00000089|0|        |Bethel I89 btw Exits 3 and 4                      
S|50|00Y001|1|2|22|1R|2|T|2|3|N|0|3|F|14|N|0|0| |1|L|N|P|000I089-0000|      |43851324| 72603787|    |      |71|00|000|Y|0I089022.120|Y|1|00000089|0|        |Bethel I89 btw Exits 3 and 4                      
S|50|00Y001|5|0|22|1R|2|T|2|3|N|0|3|F|14|N|0|0| |1|L|N|P|000I089-0000|      |43851324| 72603787|    |      |71|00|000|Y|0I089022.120|Y|1|00000089|0|        |Bethel I89 btw Exits 3 and 4                      
S|50|00Y001|5|1|22|1R|2|T|2|3|N|0|3|F|14|N|0|0| |1|L|N|P|000I089-0000|      |43851324| 72603787|    |      |71|00|000|Y|0I089022.120|Y|1|00000089|0|        |Bethel I89 btw Exits 3 and 4                      
S|50|00Y001|5|2|22|1R|2|T|2|3|N|0|3|F|14|N|0|0| |1|L|N|P|000I089-0000|      |43851324| 72603787|    |      |71|00|000|Y|0I089022.120|Y|1|00000089|0|        |Bethel I89 btw Exits 3 and 4                      
S|50|00Y001|9|0|22|1R|2|T|1|3|N|0|0| |13| |0|0| |1|L|N|P|   I089-0000|      |43851596| 72603964|    |      |71|00|027|Y|000890023752|Y|1|00000890|0|        |Bethel: I89 2.15 mi N of Exit 3 (VT107)           
S|50|00Y002|1|0|22|1U|2|T|2|3|N|0|3|F|14|N|0|0| |1|L|N|P|000I091-0000|      |43716491| 72293967|    |      |72|00|000|Y|0I091074.830|Y|1|00000091|0|        |Norwich I91 btw Exits 13 and 14                   
S|50|00Y002|1|1|22|1U|2|T|2|3|N|0|3|F|14|N|0|0| |1|L|N|P|000I091-0000|      |43716491| 72293967|    |      |72|00|000|Y|0I091074.830|Y|1|00000091|0|        |Norwich I91 btw Exits 13 and 14                   
S|50|00Y002|1|2|22|1U|2|T|2|3|N|0|3|F|14|N|0|0| |1|L|N|P|000I091-0000|      |43716491| 72293967|    |      |72|00|000|Y|0I091074.830|Y|1|00000091|0|        |Norwich I91 btw Exits 13 and 14                   
S|50|00Y002|5|0|22|1U|2|T|2|3|N|0|3|F|14|N|0|0| |1|L|N|P|000I091-0000|      |43716491| 72293967|    |      |72|00|000|Y|0I091074.830|Y|1|00000091|0|        |Norwich I91 btw Exits 13 and 14                   
S|50|00Y002|5|1|22|1U|2|T|2|3|N|0|3|F|14|N|0|0| |1|L|N|P|000I091-0000|      |43716491| 72293967|    |      |72|00|000|Y|0I091074.830|Y|1|00000091|0|        |Norwich I91 btw Exits 13 and 14                   
S|50|00Y002|5|2|22|1U|2|T|2|3|N|0|3|F|14|N|0|0| |1|L|N|P|000I091-0000|      |43716491| 72293967|    |      |72|00|000|Y|0I091074.830|Y|1|00000091|0|        |Norwich I91 btw Exits 13 and 14                   
S|50|00Y002|9|0|22|1R|2|T|1|3|N|0|0| |13| |0|0| |1|L|N|P|   I091-0000|      |43717042| 72293295|    |      |72|00|027|Y|000910034779|Y|1|00000910|0|        |Norwich: I91 btw Exits 13 & 14                    
S|50|00Y005|1|0|22|3R|1|T|1|3|N|1|3|F|14|N|1|0| |1|L|N|P|            |      |43403247| 72401759|    |      |22|00|000|N|           0|N|3|       5|0|        |WEATHERSFIELD: VT 12 AT NH BORDER                 
S|50|00Y005|5|0|22|3R|1|T|1|3|N|1|3|F|14|N|1|0| |1|L|N|P|            |      |43403247| 72401759|    |      |22|00|000|N|           0|N|3|       5|0|        |WEATHERSFIELD: VT 12 AT NH BORDER                 
S|50|00Y006|3|0|22|4U|1|T|1|3|N|1|3|F|14|N|1|0| |1|L|N|P|            |      |43650902| 72315300|    |      |22|00|000|N|           0|N|3|       5|0|        |HARTFORD: MAPLE ST AT NH BORDER                   
S|50|00Y006|7|0|22|4U|1|T|1|3|N|1|3|F|14|N|1|0| |1|L|N|P|            |      |43650902| 72315300|    |      |22|00|000|N|           0|N|3|       5|0|        |HARTFORD: MAPLE ST AT NH BORDER                   
S|50|00Y031|1|0|22|5R|1|T|1|3|N|0|3|F|14|N|0|0| |1|L|N|P|000U005-1411|      |43750194| 72231872|    |      |63|00|000|N|000000000000|N|2|00000005|0|        |Norwich US5 S of VT132                            
S|50|00Y031|5|0|22|5R|1|T|1|3|N|0|3|F|14|N|0|0| |1|L|N|P|000U005-1411|      |43750194| 72231872|    |      |63|00|000|N|000000000000|N|2|00000005|0|        |Norwich US5 S of VT132                            
S|50|00Y031|9|0|22|5R|1|T|1|3|N|0|0| |13| |0|0| |1|L|N|P|   U005-1411|      |43749660| 72232654|    |      |63|00|027|Y|000050043274|N|2|00000050|0|        |Norwich: US5 0.6 mi S of VT132                    
S|50|00Y033|0|0|22|5R|1|T|1|3|N|0|0| |13| |0|0| |1|L|N|P|   V010A1411|      |43703805| 72300388|    |      |69|00|027|N|            |N|3|00000101|0|        |Norwich: VT10A on br over CT River                
S|50|00Y033|3|0|22|5U|1|T|1|3|N|0|3|F|14|N|0|0| |2|L|N|P|000V010A1411|      |43703800| 72300399|    |      |69|00|000|N|000000000000|Y|3|0000010A|0|        |Norwich VT10A at NH Bridge                        
S|50|00Y033|3|1|22|5U|1|T|1|3|N|0|3|F|14|N|0|0| |2|L|N|P|000V010A1411|      |43703800| 72300399|    |      |69|00|000|N|000000000000|Y|3|0000010A|0|        |Norwich VT10A at NH Bridge                        
S|50|00Y033|7|0|22|5U|1|T|1|3|N|0|3|F|14|N|0|0| |2|L|N|P|000V010A1411|      |43703800| 72300399|    |      |69|00|000|N|000000000000|Y|3|0000010A|0|        |Norwich VT10A at NH Bridge                        
S|50|00Y033|7|1|22|5U|1|T|1|3|N|0|3|F|14|N|0|0| |2|L|N|P|000V010A1411|      |43703800| 72300399|    |      |69|00|000|N|000000000000|Y|3|0000010A|0|        |Norwich VT10A at NH Bridge                        
S|50|00Y085|1|0|22|1U|2|T|2|3|H|2|3|F|14|N|2|5|M|2|P|L|P|000I089-0000|      |43648380| 72346636|    |      |01|00|000|Y|0I089000.570|N|1|00000089|0|        |I-89 between Exit 1 and I-91                      
S|50|00Y085|1|1|22|1U|2|T|2|3|H|2|3|F|14|N|2|5|M|2|P|L|P|000I089-0000|      |43648380| 72346636|    |      |01|00|000|Y|0I089000.570|N|1|00000089|0|        |I-89 between Exit 1 and I-91                      
S|50|00Y085|1|2|22|1U|2|T|2|3|H|2|3|F|14|N|2|5|M|2|P|L|P|000I089-0000|      |43648380| 72346636|    |      |01|00|000|Y|0I089000.570|N|1|00000089|0|        |I-89 between Exit 1 and I-91                      
S|50|00Y085|5|0|22|1U|2|T|2|3|H|2|3|F|14|N|2|5|M|2|P|L|P|000I089-0000|      |43648380| 72346636|    |      |01|00|000|Y|0I089000.570|N|1|00000089|0|        |I-89 between Exit 1 and I-91                      
S|50|00Y085|5|1|22|1U|2|T|2|3|H|2|3|F|14|N|2|5|M|2|P|L|P|000I089-0000|      |43648380| 72346636|    |      |01|00|000|Y|0I089000.570|N|1|00000089|0|        |I-89 between Exit 1 and I-91                      
S|50|00Y085|5|2|22|1U|2|T|2|3|H|2|3|F|14|N|2|5|M|2|P|L|P|000I089-0000|      |43648380| 72346636|    |      |01|00|000|Y|0I089000.570|N|1|00000089|0|        |I-89 between Exit 1 and I-91                      
S|50|00Y085|9|0|22|1R|2|T|1|3|N|1|0| |15| |0|0| |1|P|L|P|   I089-0000|      |43658285| 72351244|    |      |68|00|027|Y|000980000599|Y|1|00000890|0|        |Hartford: I89 betw I91 & Exit                     
S|50|00Y117|0|0|22|3R|1|T|1|3|N|0|0| |13| |0|0| |1|P|L|P|   U004-1405|      |43601944| 72742151|    |      |01|00|000|N|    40000057|N|2|      40|0|        |Bridgewater: US4 0.4 mi E of VT100 S              
S|50|00Y117|3|0|22|3R|1|T|1|3|H|1|3|F|14|N|1|5|M|2|P|L|P|000U004-1405|      |43601944| 72742151|    |      |01|00|000|N|000000000000|Y|2|00000004|0|        |US4 E of VT100S                                   
S|50|00Y117|3|1|22|3R|1|T|1|3|H|1|3|F|14|N|1|5|M|2|P|L|P|000U004-1405|      |43601944| 72742151|    |      |01|00|000|N|000000000000|Y|2|00000004|0|        |US4 E of VT100S                                   
S|50|00Y117|7|0|22|3R|1|T|1|3|H|1|3|F|14|N|1|5|M|2|P|L|P|000U004-1405|      |43601944| 72742151|    |      |01|00|000|N|000000000000|Y|2|00000004|0|        |US4 E of VT100S                                   
S|50|00Y117|7|1|22|3R|1|T|1|3|H|1|3|F|14|N|1|5|M|2|P|L|P|000U004-1405|      |43601944| 72742151|    |      |01|00|000|N|000000000000|Y|2|00000004|0|        |US4 E of VT100S                                   
S|50|00Y119|0|0|22|3R|1|T|1|3|N|0|0| |13| |0|0| |1|L|N|P|   U004-1408|      |43637057| 72406569|    |      |97|00|027|N|            |Y|2|00000040|0|        |Hartford: US4 300ft Eof Quechee Gorge Br          
S|50|00Y119|3|0|22|3R|1|T|1|3|N|0|3|F|14|N|0|0| |1|L|N|P|000U004-1408|      |43637083| 72406785|    |      |97|00|000|Y|0U004056.163|Y|2|00000004|0|        |Hartford US 4 West of Dewey Mills Rd              
S|50|00Y119|7|0|22|3R|1|T|1|3|N|0|3|F|14|N|0|0| |1|L|N|P|000U004-1408|      |43637083| 72406785|    |      |97|00|000|Y|0U004056.163|Y|2|00000004|0|        |Hartford US 4 West of Dewey Mills Rd              
S|50|00Y209|0|0|22|5R|1|T|1|3|N|0|0| |13| |0|0| |1|L|N|P|   S01891410|      |43400305| 72708563|    |      |99|00|027|N|            |N|6|00000020|0|        |Ludlow: Okemo Mt Rd 300 ft from VT103             
S|50|00Y209|3|0|22|5R|1|T|1|3|N|0|3|F|14|N|0|0| |1|L|N|P|000S01891410|      |43400299| 72708602|    |      |99|00|000|N|000000000000|N|7|        |0|        |Ludlow Okemo Access Rd btw RR overpass and VT103  
S|50|00Y209|7|0|22|5R|1|T|1|3|N|0|3|F|14|N|0|0| |1|L|N|P|000S01891410|      |43400299| 72708602|    |      |99|00|000|N|000000000000|N|7|        |0|        |Ludlow Okemo Access Rd btw RR overpass and VT103  
S|50|00Y476|1|0|22|4R|1|T|1|3|N|0|3|F|14|N|0|0| |1|L|N|P|000V100-1421|      |43337533| 72784995|    |      |95|00|000|N|000000000000|N|3|00000100|0|        |Weston VT 100 N of VT155                          
S|50|00Y476|5|0|22|4R|1|T|1|3|N|0|3|F|14|N|0|0| |1|L|N|P|000V100-1421|      |43337533| 72784995|    |      |95|00|000|N|000000000000|N|3|00000100|0|        |Weston VT 100 N of VT155                          
S|50|00Y476|9|0|22|4R|1|T|1|3|N|0|0| |13| |0|0| |1|L|N|P|   V100-1421|      |43337771| 72784684|    |      |95|00|027|N|            |N|3|00001000|0|        |Weston: VT100 800 ft E of VT155                   
