Record_Type|Year_Record|State_Code|Station_Id|Travel_Dir|Travel_Lane|F_System|Num_Lanes|Sample_Type_Volume|Num_Lanes_Volume|Method_Volume|Sample_Type_Class|Num_Lanes_Class|Method_Class|Algorithm_Volume|Num_Classes|Sample_Type_Truck|Num_Lanes_Truck|Method_Truck|Calibration|Data_Retrieval|Type_Sensor_1|Type_Sensor_2|Primary_Purpose|LRS_Id|LRS_Point|Latitude|Longitude|SHRP_Id|Prev_Station_Id|Year_Established|Year_Discontinued|County_Code|Is_Sample|Sample_Id|NHS|Posted_Route_Signing|Posted_Signed_Route|Con_Route_Signing|Con_Signed_Route|Station_Location
S|54|000001|3|1|22|1R|2|T|2|3|H|2|3|F|14|B|2|5|A|2|P|L|P| 45100640000|228816|37800800| 80836600|    |      |10|00|089|Y|450640014218|Y|1|    I-64|9|        |1.0 mile West of Green Sulphur Springs (WV 20 Inte
S|54|000001|3|2|22|1R|2|T|2|3|H|2|3|F|14|B|2|5|A|2|P|L|P| 45100640000|228816|37800800| 80836600|    |      |10|00|089|Y|450640014218|Y|1|    I-64|9|        |1.0 mile West of Green Sulphur Springs (WV 20 Inte
S|54|000001|7|1|22|1R|2|T|2|3|H|2|3|F|14|B|2|5|A|2|P|L|P| 45100640000|228816|37800800| 80836600|    |      |10|00|089|Y|450640014218|Y|1|    I-64|9|        |1.0 mile West of Green Sulphur Springs (WV 20 Inte
S|54|000001|7|2|22|1R|2|T|2|3|H|2|3|F|14|B|2|5|A|2|P|L|P| 45100640000|228816|37800800| 80836600|    |      |10|00|089|Y|450640014218|Y|1|    I-64|9|        |1.0 mile West of Green Sulphur Springs (WV 20 Inte
S|54|000002|1|1|22|1R|2|T|2|3|H|2|3|F|14|B|2|5|A|2|P|L|P|020100770000|184269|38527700| 81644700|    |      |10|00|039|Y|200770011450|Y|1|    I-77|9|        |1.2 mile North of WV 622 (Exit 114)               
S|54|000002|1|2|22|1R|2|T|2|3|H|2|3|F|14|B|2|5|A|2|P|L|P|020100770000|184269|38527700| 81644700|    |      |10|00|039|Y|200770011450|Y|1|    I-77|9|        |1.2 mile North of WV 622 (Exit 114)               
S|54|000002|5|1|22|1R|2|T|2|3|H|2|3|F|14|B|2|5|A|2|P|L|P|020100770000|184269|38527700| 81644700|    |      |10|00|039|Y|200770011450|Y|1|    I-77|9|        |1.2 mile North of WV 622 (Exit 114)               
S|54|000002|5|2|22|1R|2|T|2|3|H|2|3|F|14|B|2|5|A|2|P|L|P|020100770000|184269|38527700| 81644700|    |      |10|00|039|Y|200770011450|Y|1|    I-77|9|        |1.2 mile North of WV 622 (Exit 114)               
S|54|000003|1|1|22|1R|2|T|2|3|H|2|3|F|14|B|2|5|A|2|P|L|P|020100770016|110111|38057100| 81375300|4004|      |10|00|039|Y|200770006842|Y|1|    I-77|9|        |2.1 mile North of CO 15 (Mahan Interchange/Exit 66
S|54|000003|1|2|22|1R|2|T|2|3|H|2|3|F|14|B|2|5|A|2|P|L|P|020100770016|110111|38057100| 81375300|4004|      |10|00|039|Y|200770006842|Y|1|    I-77|9|        |2.1 mile North of CO 15 (Mahan Interchange/Exit 66
S|54|000003|5|1|22|1R|2|T|2|3|H|2|3|F|14|B|2|5|A|2|P|L|P|020100770016|110111|38057100| 81375300|4004|      |10|00|039|Y|200770006842|Y|1|    I-77|9|        |2.1 mile North of CO 15 (Mahan Interchange/Exit 66
S|54|000003|5|2|22|1R|2|T|2|3|H|2|3|F|14|B|2|5|A|2|P|L|P|020100770016|110111|38057100| 81375300|4004|      |10|00|039|Y|200770006842|Y|1|    I-77|9|        |2.1 mile North of CO 15 (Mahan Interchange/Exit 66
S|54|000004|1|1|22|1R|2|T|2|3|H|2|3|F|14|B|2|5|A|2|P|L|P| 17100790000|202938|39354500| 80217300|    |      |10|00|033|Y|170790012610|Y|1|    I-79|9|        |1.1 mile North of Exit 125                        
S|54|000004|1|2|22|1R|2|T|2|3|H|2|3|F|14|B|2|5|A|2|P|L|P| 17100790000|202938|39354500| 80217300|    |      |10|00|033|Y|170790012610|Y|1|    I-79|9|        |1.1 mile North of Exit 125                        
S|54|000004|5|1|22|1R|2|T|2|3|H|2|3|F|14|B|2|5|A|2|P|L|P| 17100790000|202938|39354500| 80217300|    |      |10|00|033|Y|170790012610|Y|1|    I-79|9|        |1.1 mile North of Exit 125                        
S|54|000004|5|2|22|1R|2|T|2|3|H|2|3|F|14|B|2|5|A|2|P|L|P| 17100790000|202938|39354500| 80217300|    |      |10|00|033|Y|170790012610|Y|1|    I-79|9|        |1.1 mile North of Exit 125                        
S|54|000005|1|1|22|1R|2|T|2|3|H|2|3|F|14|B|2|5|A|2|P|L|P| 21100790000|151487|39008000| 80497000|    |      |10|00|041|Y|210790009413|Y|1|    I-79|9|        |1.6 mile South of CO 30                           
S|54|000005|1|2|22|1R|2|T|2|3|H|2|3|F|14|B|2|5|A|2|P|L|P| 21100790000|151487|39008000| 80497000|    |      |10|00|041|Y|210790009413|Y|1|    I-79|9|        |1.6 mile South of CO 30                           
S|54|000005|5|1|22|1R|2|T|2|3|H|2|3|F|14|B|2|5|A|2|P|L|P| 21100790000|151487|39008000| 80497000|    |      |10|00|041|Y|210790009413|Y|1|    I-79|9|        |1.6 mile South of CO 30                           
S|54|000005|5|2|22|1R|2|T|2|3|H|2|3|F|14|B|2|5|A|2|P|L|P| 21100790000|151487|39008000| 80497000|    |      |10|00|041|Y|210790009413|Y|1|    I-79|9|        |1.6 mile South of CO 30                           
S|54|000006|1|1|22|1R|2|T|2|3|H|2|3|F|14|B|2|5|A|2|P|L|P| 20100790000|      |38480876| 81463672|    |      |10|00|039|Y|200790001214|Y|1|    I-79|9|        |2.46 mile North of CO 43 (Exit 9 Elkview)         
S|54|000006|1|2|22|1R|2|T|2|3|H|2|3|F|14|B|2|5|A|2|P|L|P| 20100790000|      |38480876| 81463672|    |      |10|00|039|Y|200790001214|Y|1|    I-79|9|        |2.46 mile North of CO 43 (Exit 9 Elkview)         
S|54|000006|5|1|22|1R|2|T|2|3|H|2|3|F|14|B|2|5|A|2|P|L|P| 20100790000|      |38480876| 81463672|    |      |10|00|039|Y|200790001214|Y|1|    I-79|9|        |2.46 mile North of CO 43 (Exit 9 Elkview)         
S|54|000006|5|2|22|1R|2|T|2|3|H|2|3|F|14|B|2|5|A|2|P|L|P| 20100790000|      |38480876| 81463672|    |      |10|00|039|Y|200790001214|Y|1|    I-79|9|        |2.46 mile North of CO 43 (Exit 9 Elkview)         
S|54|000007|1|1|22|3R|1|T|1|3|H|1|3|F|14|B|1|5|A|2|P|L|P| 48300020000|      |39464900| 81108900|    |      |10|00|095|Y|480020000000|Y|3|    WV 2|9|        |0.4 mile North of Pleasants County Line           
S|54|000007|5|1|22|3R|1|T|1|3|H|1|3|F|14|B|1|5|A|2|P|L|P| 48300020000|      |39464900| 81108900|    |      |10|00|095|Y|480020000000|Y|3|    WV 2|9|        |0.4 mile North of Pleasants County Line           
S|54|000008|1|1|22|3R|2|T|2|3|H|2|3|F|14|B|2|5|A|2|P|L|P| 34200190000|      |38342600| 80835900|    |      |10|00|067|N|            |Y|0|   US 19|9|        |0.2 mile North of CO 19/45 (Center Rd)            
S|54|000008|1|2|22|3R|2|T|2|3|H|2|3|F|14|B|2|5|A|2|P|L|P| 34200190000|      |38342600| 80835900|    |      |10|00|067|N|            |Y|0|   US 19|9|        |0.2 mile North of CO 19/45 (Center Rd)            
S|54|000008|5|1|22|3R|2|T|2|3|H|2|3|F|14|B|2|5|A|2|P|L|P| 34200190000|      |38342600| 80835900|    |      |10|00|067|N|            |Y|0|   US 19|9|        |0.2 mile North of CO 19/45 (Center Rd)            
S|54|000008|5|2|22|3R|2|T|2|3|H|2|3|F|14|B|2|5|A|2|P|L|P| 34200190000|      |38342600| 80835900|    |      |10|00|067|N|            |Y|0|   US 19|9|        |0.2 mile North of CO 19/45 (Center Rd)            
S|54|000009|3|1|22|3R|2|T|2|3|H|2|3|F|14|B|2|5|A|2|P|L|P| 54200500000|      |39245927| 81389613|    |      |10|00|107|N|            |Y|2|   US 50|9|        |0.6 mile East of CO 26                            
S|54|000009|3|2|22|3R|2|T|2|3|H|2|3|F|14|B|2|5|A|2|P|L|P| 54200500000|      |39245927| 81389613|    |      |10|00|107|N|            |Y|2|   US 50|9|        |0.6 mile East of CO 26                            
S|54|000009|7|1|22|3R|2|T|2|3|H|2|3|F|14|B|2|5|A|2|P|L|P| 54200500000|      |39245927| 81389613|    |      |10|00|107|N|            |Y|2|   US 50|9|        |0.6 mile East of CO 26                            
S|54|000009|7|2|22|3R|2|T|2|3|H|2|3|F|14|B|2|5|A|2|P|L|P| 54200500000|      |39245927| 81389613|    |      |10|00|107|N|            |Y|2|   US 50|9|        |0.6 mile East of CO 26                            
S|54|000010|3|1|22|4R|1|T|1|3|H|1|3|F|14|B|1|5|A|2|P|L|P| 13200600000|      |37907746| 80634521|    |      |10|00|025|N|            |N|2|   US 60|9|        |0.1 mile West of CO 60/4                          
S|54|000010|7|1|22|4R|1|T|1|3|H|1|3|F|14|B|1|5|A|2|P|L|P| 13200600000|      |37907746| 80634521|    |      |10|00|025|N|            |N|2|   US 60|9|        |0.1 mile West of CO 60/4                          
S|54|000011|1|1|22|3R|2|T|2|3|H|2|3|F|14|B|2|5|A|2|P|L|P| 03201190000|      |38145286| 81845304|    |      |10|00|005|N|            |Y|2|  US 119|9|        |0.84 mile South of WV 3                           
S|54|000011|1|2|22|3R|2|T|2|3|H|2|3|F|14|B|2|5|A|2|P|L|P| 03201190000|      |38145286| 81845304|    |      |10|00|005|N|            |Y|2|  US 119|9|        |0.84 mile South of WV 3                           
S|54|000011|5|1|22|3R|2|T|2|3|H|2|3|F|14|B|2|5|A|2|P|L|P| 03201190000|      |38145286| 81845304|    |      |10|00|005|N|            |Y|2|  US 119|9|        |0.84 mile South of WV 3                           
S|54|000011|5|2|22|3R|2|T|2|3|H|2|3|F|14|B|2|5|A|2|P|L|P| 03201190000|      |38145286| 81845304|    |      |10|00|005|N|            |Y|2|  US 119|9|        |0.84 mile South of WV 3                           
S|54|000012|3|1|22|3R|2|T|2|3|H|2|3|F|14|B|2|5|A|2|P|L|P| 28204600000|      |37342364| 80993979|    |      |10|00|055|N|            |Y|2|  US 460|9|        |0.3 mile East of CO 38/4                          
S|54|000012|3|2|22|3R|2|T|2|3|H|2|3|F|14|B|2|5|A|2|P|L|P| 28204600000|      |37342364| 80993979|    |      |10|00|055|N|            |Y|2|  US 460|9|        |0.3 mile East of CO 38/4                          
S|54|000012|7|1|22|3R|2|T|2|3|H|2|3|F|14|B|2|5|A|2|P|L|P| 28204600000|      |37342364| 80993979|    |      |10|00|055|N|            |Y|2|  US 460|9|        |0.3 mile East of CO 38/4                          
S|54|000012|7|2|22|3R|2|T|2|3|H|2|3|F|14|B|2|5|A|2|P|L|P| 28204600000|      |37342364| 80993979|    |      |10|00|055|N|            |Y|2|  US 460|9|        |0.3 mile East of CO 38/4                          
S|54|000013|1|1|22|5R|1|T|1|3|H|1|3|F|14|B|1|5|A|2|P|L|P| 50301520000|      |38375500| 82454500|    |      |10|00|099|Y|501520004457|N|3|  WV 152|9|        |0.4 mile North of CO 52/1                         
S|54|000013|5|1|22|5R|1|T|1|3|H|1|3|F|14|B|1|5|A|2|P|L|P| 50301520000|      |38375500| 82454500|    |      |10|00|099|Y|501520004457|N|3|  WV 152|9|        |0.4 mile North of CO 52/1                         
S|54|000014|3|1|22|3U|2|T|2|3|H|2|3|F|14|B|2|5|A|2|P|L|P|021200330000| 33812|39009700| 80399400|    |      |10|00|041|Y|210330002101|Y|3|   US 33|9|        |0.4 mile East of CO 13                            
S|54|000014|3|2|22|3U|2|T|2|3|H|2|3|F|14|B|2|5|A|2|P|L|P|021200330000| 33812|39009700| 80399400|    |      |10|00|041|Y|210330002101|Y|3|   US 33|9|        |0.4 mile East of CO 13                            
S|54|000014|7|1|22|3U|2|T|2|3|H|2|3|F|14|B|2|5|A|2|P|L|P|021200330000| 33812|39009700| 80399400|    |      |10|00|041|Y|210330002101|Y|3|   US 33|9|        |0.4 mile East of CO 13                            
S|54|000014|7|2|22|3U|2|T|2|3|H|2|3|F|14|B|2|5|A|2|P|L|P|021200330000| 33812|39009700| 80399400|    |      |10|00|041|Y|210330002101|Y|3|   US 33|9|        |0.4 mile East of CO 13                            
S|54|000015|3|1|22|6R|1|T|1|3|H|1|3|F|14|B|1|5|A|2|P|L|P|273081700000| 21323|38797120| 82073247|    |      |10|00|053|N|            |N|3|  WV 817|9|        |0.3 mile North of CO 27                           
S|54|000015|7|1|22|6R|1|T|1|3|H|1|3|F|14|B|1|5|A|2|P|L|P|273081700000| 21323|38797120| 82073247|    |      |10|00|053|N|            |N|3|  WV 817|9|        |0.3 mile North of CO 27                           
S|54|000016|3|1|22|3R|1|T|1|3|H|1|3|F|14|B|1|5|A|2|P|L|P| 24200520000|      |37423800| 81548400|    |      |10|00|047|N|            |Y|2|   US 52|9|        |0.5 mile East of CO 52/47                         
S|54|000016|7|1|22|3R|1|T|1|3|H|1|3|F|14|B|1|5|A|2|P|L|P| 24200520000|      |37423800| 81548400|    |      |10|00|047|N|            |Y|2|   US 52|9|        |0.5 mile East of CO 52/47                         
S|54|000017|1|1|22|5R|1| |1|3| |0|3| |13| |1|5| |2|P|L| |000000000000| 49889|37911400| 81979100|    |      |00|00|045|N|            |N|3|   WV 10|0|        |1.1 MI. S. OF CO 52/17                            
S|54|000017|5|1|22|5R|1| |1|3| |0|3| |13| |1|5| |2|P|L| |000000000000| 49889|37911400| 81979100|    |      |00|00|045|N|            |N|3|   WV 10|0|        |1.1 MI. S. OF CO 52/17                            
S|54|000018|1|1|22|3R|1|T|1|3|H|1|3|F|14|B|1|5|A|2|P|L|P| 42202190000|      |38656800| 80004800|    |      |10|00|083|N|            |Y|2|  US 219|9|        |1.42 mile North of CO 56                          
S|54|000018|5|1|22|3R|1|T|1|3|H|1|3|F|14|B|1|5|A|2|P|L|P| 42202190000|      |38656800| 80004800|    |      |10|00|083|N|            |Y|2|  US 219|9|        |1.42 mile North of CO 56                          
S|54|000019|1|1|22|5R|1|T|1|3|H|1|3|F|14|B|1|5|A|2|P|L|P| 18400210000|      |38913800| 81659300|    |      |10|00|035|Y|180210002902|N|5|   CO 21|9|        |0.4 mile North of CO 33/12                        
S|54|000019|5|1|22|5R|1|T|1|3|H|1|3|F|14|B|1|5|A|2|P|L|P| 18400210000|      |38913800| 81659300|    |      |10|00|035|Y|180210002902|N|5|   CO 21|9|        |0.4 mile North of CO 33/12                        
S|54|000020|1|1|22|5R|1|T|1|3|H|1|3|F|14|B|1|5|A|2|P|L|P| 12202200000|      |38926304| 79176166|    |      |10|00|023|Y|122200000479|N|2|  US 220|9|        |1.5 mile South of CO 220/4                        
S|54|000020|5|1|22|5R|1|T|1|3|H|1|3|F|14|B|1|5|A|2|P|L|P| 12202200000|      |38926304| 79176166|    |      |10|00|023|Y|122200000479|N|2|  US 220|9|        |1.5 mile South of CO 220/4                        
S|54|000021|1|1|22|4R|1| |1|3| |0|3| |13| |1|5| |2|P|L| |000000000000| 38913|38836200| 79374300|    |      |00|00|071|N|            |N|3|   WV 28|0|        |.2 MI. N . OF US 33                               
S|54|000021|5|1|22|4R|1| |1|3| |0|3| |13| |1|5| |2|P|L| |000000000000| 38913|38836200| 79374300|    |      |00|00|071|N|            |N|3|   WV 28|0|        |.2 MI. N . OF US 33                               
S|54|000022|1|1|22|5R|1|T|1|3|H|1|3|F|14|B|1|5|A|2|P|L|P| 04200190000|      |38738277| 80656096|    |      |10|00|007|N|            |N|2|   US 19|9|        |1.5 mile North of CO 19/36                        
S|54|000022|5|1|22|5R|1|T|1|3|H|1|3|F|14|B|1|5|A|2|P|L|P| 04200190000|      |38738277| 80656096|    |      |10|00|007|N|            |N|2|   US 19|9|        |1.5 mile North of CO 19/36                        
S|54|000023|1|1|22|5U|1|T|1|3|H|1|3|F|14|B|1|5|A|2|P|L|P| 41200190000|      |37678400| 81100100|    |      |10|00|081|N|            |N|2|   US 19|9|        |0.43 mile North of CO 19/69                       
S|54|000023|5|1|22|5U|1|T|1|3|H|1|3|F|14|B|1|5|A|2|P|L|P| 41200190000|      |37678400| 81100100|    |      |10|00|081|N|            |N|2|   US 19|9|        |0.43 mile North of CO 19/69                       
S|54|000024|3|1|22|5R|1|T|1|3|H|1|3|F|14|B|1|5|A|2|P|L|P| 35200400000|      |40070900| 80600300|    |      |10|00|069|N|            |N|2|   US 40|9|        |0.2 mile West of CO 41                            
S|54|000024|7|1|22|5R|1|T|1|3|H|1|3|F|14|B|1|5|A|2|P|L|P| 35200400000|      |40070900| 80600300|    |      |10|00|069|N|            |N|2|   US 40|9|        |0.2 mile West of CO 41                            
S|54|000025|3|1|22|4U|1|T|1|3|H|1|3|F|14|B|1|5|A|2|P|L|P| 06200600000|      |38418404| 82079075|    |      |10|00|011|N|            |N|2|   US 60|9|        |0.1 mile West of CO 25/1                          
S|54|000025|7|1|22|4U|1|T|1|3|H|1|3|F|14|B|1|5|A|2|P|L|P| 06200600000|      |38418404| 82079075|    |      |10|00|011|N|            |N|2|   US 60|9|        |0.1 mile West of CO 25/1                          
S|54|000026|1|1|22|1U|2| |2|3| |0|3| |14| |0|5| |2|P|L| |050100640000|  1250|38398400| 82496900|    |      |00|00|099|N|            |N|1|    I-64|0|        |.9 MI. W. US 52 (EXIT 6)                          
S|54|000026|3|1|22|1U|2|T|2|3|H|2|3|F|14|B|2|5|A|2|P|L|P| 50100640000|      |38398400| 82496900|    |      |10|00|099|Y|500640000035|Y|1|    I-64|9|        |0.9 mile West of US 52 (Exit 6)                   
S|54|000026|3|2|22|1U|2|T|2|3|H|2|3|F|14|B|2|5|A|2|P|L|P| 50100640000|      |38398400| 82496900|    |      |10|00|099|Y|500640000035|Y|1|    I-64|9|        |0.9 mile West of US 52 (Exit 6)                   
S|54|000026|5|1|22|1U|2| |2|3| |0|3| |14| |0|5| |2|P|L| |050100640000|  1250|38398400| 82496900|    |      |00|00|099|N|            |N|1|    I-64|0|        |.9 MI. W. US 52 (EXIT 6)                          
S|54|000026|7|1|22|1U|2|T|2|3|H|2|3|F|14|B|2|5|A|2|P|L|P| 50100640000|      |38398400| 82496900|    |      |10|00|099|Y|500640000035|Y|1|    I-64|9|        |0.9 mile West of US 52 (Exit 6)                   
S|54|000026|7|2|22|1U|2|T|2|3|H|2|3|F|14|B|2|5|A|2|P|L|P| 50100640000|      |38398400| 82496900|    |      |10|00|099|Y|500640000035|Y|1|    I-64|9|        |0.9 mile West of US 52 (Exit 6)                   
S|54|000027|3|1|22|1U|3|T|3|3|H|3|3|F|14|B|3|5|A|2|P|L|P| 40100640000|      |38433700| 81826800|    |      |10|00|039|Y|400640004500|Y|1|    I-64|9|        |2 miles West of WV 622 Interchange (Exit 47)      
S|54|000027|3|2|22|1U|3|T|3|3|H|3|3|F|14|B|3|5|A|2|P|L|P| 40100640000|      |38433700| 81826800|    |      |10|00|039|Y|400640004500|Y|1|    I-64|9|        |2 miles West of WV 622 Interchange (Exit 47)      
S|54|000027|3|3|22|1U|3|T|3|3|H|3|3|F|14|B|3|5|A|2|P|L|P| 40100640000|      |38433700| 81826800|    |      |10|00|039|Y|400640004500|Y|1|    I-64|9|        |2 miles West of WV 622 Interchange (Exit 47)      
S|54|000027|7|1|22|1U|3|T|3|3|H|3|3|F|14|B|3|5|A|2|P|L|P| 40100640000|      |38433700| 81826800|    |      |10|00|039|Y|400640004500|Y|1|    I-64|9|        |2 miles West of WV 622 Interchange (Exit 47)      
S|54|000027|7|2|22|1U|3|T|3|3|H|3|3|F|14|B|3|5|A|2|P|L|P| 40100640000|      |38433700| 81826800|    |      |10|00|039|Y|400640004500|Y|1|    I-64|9|        |2 miles West of WV 622 Interchange (Exit 47)      
S|54|000027|7|3|22|1U|3|T|3|3|H|3|3|F|14|B|3|5|A|2|P|L|P| 40100640000|      |38433700| 81826800|    |      |10|00|039|Y|400640004500|Y|1|    I-64|9|        |2 miles West of WV 622 Interchange (Exit 47)      
S|54|000028|1|1|22|3R|1|T|1|3| |1|3| |14| |0|5| |2|P|L| | 50200520000|      |38143125| 82603486|    |      |10|00|000|N|            |N|2|   US 52|0|        |1/3 mile N  of WV 37                              
S|54|000028|3|1|22|3R|1|T|1|3|H|1|3|F|14|B|1|5|A|2|P|L|P| 50200520000|      |38143125| 82603486|    |      |10|00|000|N|            |N|2|   US 52|9|        |0.33 mile Northwest of WV 37                      
S|54|000028|5|1|22|3R|1|T|1|3| |1|3| |14| |0|5| |2|P|L| | 50200520000|      |38143125| 82603486|    |      |10|00|000|N|            |N|2|   US 52|0|        |1/3 mile N  of WV 37                              
S|54|000028|7|1|22|3R|1|T|1|3|H|1|3|F|14|B|1|5|A|2|P|L|P| 50200520000|      |38143125| 82603486|    |      |10|00|000|N|            |N|2|   US 52|9|        |0.33 mile Northwest of WV 37                      
S|54|000029|3|1|22|1U|2|T|2|3|H|2|3|F|14|B|2|5|A|2|P|L|P| 35100700000|      |40044100| 80622800|    |      |10|00|069|Y|350700000700|Y|1|    I-70|9|        |East of Elm Grove (Exit 5)                        
S|54|000029|3|2|22|1U|2|T|2|3|H|2|3|F|14|B|2|5|A|2|P|L|P| 35100700000|      |40044100| 80622800|    |      |10|00|069|Y|350700000700|Y|1|    I-70|9|        |East of Elm Grove (Exit 5)                        
S|54|000029|7|1|22|1U|2|T|2|3|H|2|3|F|14|B|2|5|A|2|P|L|P| 35100700000|      |40044100| 80622800|    |      |10|00|069|Y|350700000700|Y|1|    I-70|9|        |East of Elm Grove (Exit 5)                        
S|54|000029|7|2|22|1U|2|T|2|3|H|2|3|F|14|B|2|5|A|2|P|L|P| 35100700000|      |40044100| 80622800|    |      |10|00|069|Y|350700000700|Y|1|    I-70|9|        |East of Elm Grove (Exit 5)                        
S|54|000030|1|1|22|3R|2|T|2|3|H|2|3|F|14|B|2|5|A|2|P|L|P| 23201190000|      |37942700| 82019100|    |      |10|00|045|Y|231190001296|Y|2|  US 119|9|        |0.22 mile North of CO 3/6 (Carney Branch Rd)      
S|54|000030|1|2|22|3R|2|T|2|3|H|2|3|F|14|B|2|5|A|2|P|L|P| 23201190000|      |37942700| 82019100|    |      |10|00|045|Y|231190001296|Y|2|  US 119|9|        |0.22 mile North of CO 3/6 (Carney Branch Rd)      
S|54|000030|5|1|22|3R|2|T|2|3|H|2|3|F|14|B|2|5|A|2|P|L|P| 23201190000|      |37942700| 82019100|    |      |10|00|045|Y|231190001296|Y|2|  US 119|9|        |0.22 mile North of CO 3/6 (Carney Branch Rd)      
S|54|000030|5|2|22|3R|2|T|2|3|H|2|3|F|14|B|2|5|A|2|P|L|P| 23201190000|      |37942700| 82019100|    |      |10|00|045|Y|231190001296|Y|2|  US 119|9|        |0.22 mile North of CO 3/6 (Carney Branch Rd)      
S|54|000031|1|1|22|3U|2|T|2|3|H|2|3|F|14|B|2|5|A|2|P|L|P| 26300020000|      |39906200| 80755800|    |      |10|00|051|Y|260020001826|Y|3|    WV 2|9|        |0.6 mile South of CO 17                           
S|54|000031|1|2|22|3U|2|T|2|3|H|2|3|F|14|B|2|5|A|2|P|L|P| 26300020000|      |39906200| 80755800|    |      |10|00|051|Y|260020001826|Y|3|    WV 2|9|        |0.6 mile South of CO 17                           
S|54|000031|5|1|22|3U|2|T|2|3|H|2|3|F|14|B|2|5|A|2|P|L|P| 26300020000|      |39906200| 80755800|    |      |10|00|051|Y|260020001826|Y|3|    WV 2|9|        |0.6 mile South of CO 17                           
S|54|000031|5|2|22|3U|2|T|2|3|H|2|3|F|14|B|2|5|A|2|P|L|P| 26300020000|      |39906200| 80755800|    |      |10|00|051|Y|260020001826|Y|3|    WV 2|9|        |0.6 mile South of CO 17                           
S|54|000032|3|1|22|3U|2|T|2|3|H|2|3|F|14|B|2|5|A|2|P|L|P| 17200500000|      |39285200| 80389900|    |      |10|00|033|Y|170500001178|Y|2|   US 50|9|        |0.4 mile East of CO 50/40                         
S|54|000032|3|2|22|3U|2|T|2|3|H|2|3|F|14|B|2|5|A|2|P|L|P| 17200500000|      |39285200| 80389900|    |      |10|00|033|Y|170500001178|Y|2|   US 50|9|        |0.4 mile East of CO 50/40                         
S|54|000032|7|1|22|3U|2|T|2|3|H|2|3|F|14|B|2|5|A|2|P|L|P| 17200500000|      |39285200| 80389900|    |      |10|00|033|Y|170500001178|Y|2|   US 50|9|        |0.4 mile East of CO 50/40                         
S|54|000032|7|2|22|3U|2|T|2|3|H|2|3|F|14|B|2|5|A|2|P|L|P| 17200500000|      |39285200| 80389900|    |      |10|00|033|Y|170500001178|Y|2|   US 50|9|        |0.4 mile East of CO 50/40                         
S|54|000033|3|1|22|4R|1|T|1|3|H|1|3|F|14|B|1|5|A|2|P|L|P| 18200330000|      |38819200| 81620500|    |      |10|00|035|N|            |N|2|   US 33|9|        |0.1 mile West of CO 14                            
S|54|000033|7|1|22|4R|1|T|1|3|H|1|3|F|14|B|1|5|A|2|P|L|P| 18200330000|      |38819200| 81620500|    |      |10|00|035|N|            |N|2|   US 33|9|        |0.1 mile West of CO 14                            
S|54|000034|3|1|22|3U|1|T|1|3|H|1|3|F|14|B|1|5|A|2|P|L|P| 20300250000|      |38388300| 81798200|    |      |10|00|039|Y|200250000428|Y|3|   WV 25|9|        |0.96 mile West of WV 622                          
S|54|000034|7|1|22|3U|1|T|1|3|H|1|3|F|14|B|1|5|A|2|P|L|P| 20300250000|      |38388300| 81798200|    |      |10|00|039|Y|200250000428|Y|3|   WV 25|9|        |0.96 mile West of WV 622                          
S|54|000035|1|1|22|5R|1|T|1|3|H|1|3|F|14|B|1|5|A|2|P|L|P| 07300160000|      |38719000| 81101700|    |      |10|00|013|N|            |N|3|   WV 16|9|        |0.4 mile North of CO 13 (North of Wallback)       
S|54|000035|5|1|22|5R|1|T|1|3|H|1|3|F|14|B|1|5|A|2|P|L|P| 07300160000|      |38719000| 81101700|    |      |10|00|013|N|            |N|3|   WV 16|9|        |0.4 mile North of CO 13 (North of Wallback)       
S|54|000036|3|1|22|3U|1|T|1|3|H|1|3|F|14|B|1|5|A|2|P|L|P| 20200600000|      |38187075| 81349127|    |      |10|00|039|N|            |Y|2|   US 60|0|        |0.3 mile East of CO 60/30 East                    
S|54|000036|7|1|22|3U|1|T|1|3|H|1|3|F|14|B|1|5|A|2|P|L|P| 20200600000|      |38187075| 81349127|    |      |10|00|039|N|            |Y|2|   US 60|0|        |0.3 mile East of CO 60/30 East                    
S|54|000037|3|1|22|5R|1|T|1|3|H|1|3|F|14|B|1|5|A|2|P|L|P| 02300510000|      |39329900| 78011800|    |      |10|00|003|Y|020510000793|N|3|   WV 51|9|        |0.5 mile West of CO 51/9                          
S|54|000037|7|1|22|5R|1|T|1|3|H|1|3|F|14|B|1|5|A|2|P|L|P| 02300510000|      |39329900| 78011800|    |      |10|00|003|Y|020510000793|N|3|   WV 51|9|        |0.5 mile West of CO 51/9                          
S|54|000038|1|1|22|4U|1|T|1|3|H|1|3|F|14|B|1|5|A|2|P|L|P| 20300610000|      |38290200| 81568600|    |      |10|00|039|Y|200610001990|N|3|   WV 61|9|        |1.4 mile South of I-77 (at Kanawha City Interchang
S|54|000038|3|1|22|4U|1| |1|3| |0|3| |14| |0|5| |2|P|L| | 20300610000|      |38290200| 81568600|    |      |13|00|039|N|            |N|3|   WV 61|0|        |1.4 mile  S  of  I-77 at  Kanawha City interchange
S|54|000038|5|1|22|4U|1|T|1|3|H|1|3|F|14|B|1|5|A|2|P|L|P| 20300610000|      |38290200| 81568600|    |      |10|00|039|Y|200610001990|N|3|   WV 61|9|        |1.4 mile South of I-77 (at Kanawha City Interchang
S|54|000038|7|1|22|4U|1| |1|3| |0|3| |14| |0|5| |2|P|L| | 20300610000|      |38290200| 81568600|    |      |13|00|039|N|            |N|3|   WV 61|0|        |1.4 mile  S  of  I-77 at  Kanawha City interchange
S|54|000039|3|1|22|1U|2|T|2|3|H|2|3|F|14|B|2|5|A|2|P|L|P| 40100640000|      |38455400| 81981100|    |      |10|00|079|Y|400640003445|Y|1|    I-64|9|        |0.14 mile West of CO 40 Overpass                  
S|54|000039|3|2|22|1U|2|T|2|3|H|2|3|F|14|B|2|5|A|2|P|L|P| 40100640000|      |38455400| 81981100|    |      |10|00|079|Y|400640003445|Y|1|    I-64|9|        |0.14 mile West of CO 40 Overpass                  
S|54|000039|7|1|22|1U|2|T|2|3|H|2|3|F|14|B|2|5|A|2|P|L|P| 40100640000|      |38455400| 81981100|    |      |10|00|079|Y|400640003445|Y|1|    I-64|9|        |0.14 mile West of CO 40 Overpass                  
S|54|000039|7|2|22|1U|2|T|2|3|H|2|3|F|14|B|2|5|A|2|P|L|P| 40100640000|      |38455400| 81981100|    |      |10|00|079|Y|400640003445|Y|1|    I-64|9|        |0.14 mile West of CO 40 Overpass                  
S|54|000040|1|1|22|4U|1|T|1|3|H|1|3|F|14|B|1|5|A|2|P|L|P| 20301140000|      |38359100| 81591600|    |      |10|00|039|N|            |N|3|  WV 114|9|        |0.5 mile North of CO 114/1                        
S|54|000040|5|1|22|4U|1|T|1|3|H|1|3|F|14|B|1|5|A|2|P|L|P| 20301140000|      |38359100| 81591600|    |      |10|00|039|N|            |N|3|  WV 114|9|        |0.5 mile North of CO 114/1                        
S|54|000041|1|1|22|4U|1|T|1|3|H|1|3|F|14|B|1|5|A|2|P|L|P| 20201190000|      |38370900| 81607500|    |      |10|00|039|N|            |N|2|  US 119|9|        |0.38 mile South of CO 119/16                      
S|54|000041|5|1|22|4U|1|T|1|3|H|1|3|F|14|B|1|5|A|2|P|L|P| 20201190000|      |38370900| 81607500|    |      |10|00|039|N|            |N|2|  US 119|9|        |0.38 mile South of CO 119/16                      
S|54|000042|1|1|22|1U|2|T|2|3|H|2|3|F|14|B|2|5|A|2|P|L|P| 20100770000|156798|38331700| 81583600|    |      |10|00|000|N|  2.0077E+11|N|1|    I-77|1|    I-64|between Kanawha City and US 60 Interchange        
S|54|000042|1|2|22|1U|2|T|2|3|H|2|3|F|14|B|2|5|A|2|P|L|P| 20100770000|156798|38331700| 81583600|    |      |10|00|000|N|  2.0077E+11|N|1|    I-77|1|    I-64|between Kanawha City and US 60 Interchange        
S|54|000042|3|1|22|1U|2| |2|3| |0|3| |14| |0|5| |2|P|L| | 20100640000|156798|38331700| 81583600|    |      |10|00|000|N|  2.0077E+11|N|1|    I-64|1|      77|between Kanawha City and US 60 interchange        
S|54|000042|3|2|22|1U|2| |2|3| |0|3| |14| |0|5| |2|P|L| | 20100640000|156798|38331700| 81583600|    |      |10|00|000|N|  2.0077E+11|N|1|    I-64|1|      77|between Kanawha City and US 60 interchange        
S|54|000042|5|1|22|1U|2|T|2|3|H|2|3|F|14|B|2|5|A|2|P|L|P| 20100770000|156798|38331700| 81583600|    |      |10|00|000|N|  2.0077E+11|N|1|    I-77|1|    I-64|between Kanawha City and US 60 Interchange        
S|54|000042|5|2|22|1U|2|T|2|3|H|2|3|F|14|B|2|5|A|2|P|L|P| 20100770000|156798|38331700| 81583600|    |      |10|00|000|N|  2.0077E+11|N|1|    I-77|1|    I-64|between Kanawha City and US 60 Interchange        
S|54|000042|7|1|22|1U|2| |2|3| |0|3| |14| |0|5| |2|P|L| | 20100640000|156798|38331700| 81583600|    |      |10|00|000|N|  2.0077E+11|N|1|    I-64|1|      77|between Kanawha City and US 60 interchange        
S|54|000042|7|2|22|1U|2| |2|3| |0|3| |14| |0|5| |2|P|L| | 20100640000|156798|38331700| 81583600|    |      |10|00|000|N|  2.0077E+11|N|1|    I-64|1|      77|between Kanawha City and US 60 interchange        
S|54|000043|1|1|22|4U|1|T|1|3|H|1|3|F|14|B|1|5|A|2|P|L|P| 23300440000|      |37839900| 82006300|    |      |10|00|045|Y|230440001657|N|3|   WV 44|9|        |0.5 mile South of US 119                          
S|54|000043|5|1|22|4U|1|T|1|3|H|1|3|F|14|B|1|5|A|2|P|L|P| 23300440000|      |37839900| 82006300|    |      |10|00|045|Y|230440001657|N|3|   WV 44|9|        |0.5 mile South of US 119                          
S|54|000044|1|1|22|5R|1|T|1|3|H|1|3|F|14|B|1|5|A|2|P|L|P| 03300940000|      |38147700| 81651900|    |      |10|00|005|Y|030940000030|N|3|   WV 94|9|        |0.3 mile North of WV 3                            
S|54|000044|5|1|22|5R|1|T|1|3|H|1|3|F|14|B|1|5|A|2|P|L|P| 03300940000|      |38147700| 81651900|    |      |10|00|005|Y|030940000030|N|3|   WV 94|9|        |0.3 mile North of WV 3                            
S|54|000045|3|1|22|4U|1|T|1|3|H|1|3|F|14|B|1|5|A|2|P|L|P| 52300070000|      |39635785| 80854770|    |      |10|00|103|Y|520070000219|N|3|    WV 7|9|        |0.2 mile East of WV 2                             
S|54|000045|7|1|22|4U|1|T|1|3|H|1|3|F|14|B|1|5|A|2|P|L|P| 52300070000|      |39635785| 80854770|    |      |10|00|103|Y|520070000219|N|3|    WV 7|9|        |0.2 mile East of WV 2                             
S|54|000046|1|1|22|4R|1| |1|3| |0|3| |14| |0|5| |2|P|L| |042202500000| 19070|38678000| 79962200|    |      |00|00|083|N|            |N|2|  US 250|0|        |.6 MI. S. OF CO 56/1                              
S|54|000046|5|1|22|4R|1| |1|3| |0|3| |14| |0|5| |2|P|L| |042202500000| 19070|38678000| 79962200|    |      |00|00|083|N|            |N|2|  US 250|0|        |.6 MI. S. OF CO 56/1                              
S|54|000047|1|1|22|1R|2|T|2|3|H|2|3|F|14|B|2|5|A|2|P|L|P| 28100770000|      |37311800| 81062200|    |      |10|00|055|Y|280770000411|Y|1|    I-77|9|        |0.90 mile South of WV 112 Interchange             
S|54|000047|1|2|22|1R|2|T|2|3|H|2|3|F|14|B|2|5|A|2|P|L|P| 28100770000|      |37311800| 81062200|    |      |10|00|055|Y|280770000411|Y|1|    I-77|9|        |0.90 mile South of WV 112 Interchange             
S|54|000047|5|1|22|1R|2|T|2|3|H|2|3|F|14|B|2|5|A|2|P|L|P| 28100770000|      |37311800| 81062200|    |      |10|00|055|Y|280770000411|Y|1|    I-77|9|        |0.90 mile South of WV 112 Interchange             
S|54|000047|5|2|22|1R|2|T|2|3|H|2|3|F|14|B|2|5|A|2|P|L|P| 28100770000|      |37311800| 81062200|    |      |10|00|055|Y|280770000411|Y|1|    I-77|9|        |0.90 mile South of WV 112 Interchange             
S|54|000048|1|1|22|4R|1|T|1|3|H|1|3|F|14|B|1|5|A|2|P|L|P| 28300200000|      |37329300| 81194100|    |      |10|00|055|N|            |N|3|   WV 20|9|        |0.2 mile Southwest of CO 20/12                    
S|54|000048|5|1|22|4R|1|T|1|3|H|1|3|F|14|B|1|5|A|2|P|L|P| 28300200000|      |37329300| 81194100|    |      |10|00|055|N|            |N|3|   WV 20|9|        |0.2 mile Southwest of CO 20/12                    
S|54|000049|1|1|22|3R|1|T|1|3|H|1|3|F|14|B|1|5|A|2|P|L|P| 13202190000|      |38042802| 80320110|    |      |10|00|025|Y|132190003156|Y|3|  US 219|9|        |0.04 mile North of CO 219/1                       
S|54|000049|5|1|22|3R|1|T|1|3|H|1|3|F|14|B|1|5|A|2|P|L|P| 13202190000|      |38042802| 80320110|    |      |10|00|025|Y|132190003156|Y|3|  US 219|9|        |0.04 mile North of CO 219/1                       
S|54|000050|1|1|22|1R|2|T|2|3|H|2|3|F|14|B|2|5|A|2|P|L|P| 02100810000|      |39425100| 78002500|    |      |10|00|003|Y|020810001003|Y|1|    I-81|9|        |1.6 mile South of Exit 12 (WV 45)                 
S|54|000050|1|2|22|1R|2|T|2|3|H|2|3|F|14|B|2|5|A|2|P|L|P| 02100810000|      |39425100| 78002500|    |      |10|00|003|Y|020810001003|Y|1|    I-81|9|        |1.6 mile South of Exit 12 (WV 45)                 
S|54|000050|5|1|22|1R|2|T|2|3|H|2|3|F|14|B|2|5|A|2|P|L|P| 02100810000|      |39425100| 78002500|    |      |10|00|003|Y|020810001003|Y|1|    I-81|9|        |1.6 mile South of Exit 12 (WV 45)                 
S|54|000050|5|2|22|1R|2|T|2|3|H|2|3|F|14|B|2|5|A|2|P|L|P| 02100810000|      |39425100| 78002500|    |      |10|00|003|Y|020810001003|Y|1|    I-81|9|        |1.6 mile South of Exit 12 (WV 45)                 
S|54|000051|1|1|22|5R|1| |1|3| |0|3| |14| |0|5| |2|P|L| | 34100550000|      |38341800| 80684900|    |      |13|00|067|N|            |N|3|   WV 55|0|        |.1 mile W  of  CO 15/4 (Alderson Church Rd)       
S|54|000051|3|1|22|5R|1|T|1|3|H|1|3|F|14|B|1|5|A|2|P|L|P| 34300550000|      |38341800| 80684900|    |      |10|00|067|N|            |N|3|   WV 55|9|        |0.1 mile West of CO 15/4 (Alderson Church Rd)     
S|54|000051|5|1|22|5R|1| |1|3| |0|3| |14| |0|5| |2|P|L| | 34100550000|      |38341800| 80684900|    |      |13|00|067|N|            |N|3|   WV 55|0|        |.1 mile W  of  CO 15/4 (Alderson Church Rd)       
S|54|000051|7|1|22|5R|1|T|1|3|H|1|3|F|14|B|1|5|A|2|P|L|P| 34300550000|      |38341800| 80684900|    |      |10|00|067|N|            |N|3|   WV 55|9|        |0.1 mile West of CO 15/4 (Alderson Church Rd)     
S|54|000052|1|1|22|3R|1|T|1|3|H|1|3|F|14|B|1|5|A|2|P|L|P| 33205220000|      |39453400| 78310100|    |      |10|00|065|Y|335220000090|N|2|  US 522|9|        |0.1 mile South of CO 522/12                       
S|54|000052|5|1|22|3R|1|T|1|3|H|1|3|F|14|B|1|5|A|2|P|L|P| 33205220000|      |39453400| 78310100|    |      |10|00|065|Y|335220000090|N|2|  US 522|9|        |0.1 mile South of CO 522/12                       
S|54|000053|3|1|22|1R|2|T|2|3|H|2|3|F|14|B|2|5|A|2|P|L|P| 31100680000|      |39588700| 79939000|    |      |10|00|061|Y|310680000225|Y|1|    I-68|9|        |0.9 mile East of US 119 (Exit 1)                  
S|54|000053|3|2|22|1R|2|T|2|3|H|2|3|F|14|B|2|5|A|2|P|L|P| 31100680000|      |39588700| 79939000|    |      |10|00|061|Y|310680000225|Y|1|    I-68|9|        |0.9 mile East of US 119 (Exit 1)                  
S|54|000053|7|1|22|1R|2|T|2|3|H|2|3|F|14|B|2|5|A|2|P|L|P| 31100680000|      |39588700| 79939000|    |      |10|00|061|Y|310680000225|Y|1|    I-68|9|        |0.9 mile East of US 119 (Exit 1)                  
S|54|000053|7|2|22|1R|2|T|2|3|H|2|3|F|14|B|2|5|A|2|P|L|P| 31100680000|      |39588700| 79939000|    |      |10|00|061|Y|310680000225|Y|1|    I-68|9|        |0.9 mile East of US 119 (Exit 1)                  
S|54|000054|3|1|22|4R|1|T|1|3|H|1|3|F|14|B|1|5|A|2|P|L|P| 29200500000|      |39337500| 78913300|    |      |10|00|057|N|            |N|2|   US 50|9|        |0.4 mile East of CO 11                            
S|54|000054|7|1|22|4R|1|T|1|3|H|1|3|F|14|B|1|5|A|2|P|L|P| 29200500000|      |39337500| 78913300|    |      |10|00|057|N|            |N|2|   US 50|9|        |0.4 mile East of CO 11                            
S|54|000055|3|1|22|3R|2|T|2|3|H|2|3|F|14|B|2|5|A|2|P|L|P| 16300550000|      |39054400| 78780400|    |      |10|00|031|N|            |Y|3|   WV 55|9|        |2.35 mile West of WV 259                          
S|54|000055|3|2|22|3R|2|T|2|3|H|2|3|F|14|B|2|5|A|2|P|L|P| 16300550000|      |39054400| 78780400|    |      |10|00|031|N|            |Y|3|   WV 55|9|        |2.35 mile West of WV 259                          
S|54|000055|7|1|22|3R|2|T|2|3|H|2|3|F|14|B|2|5|A|2|P|L|P| 16300550000|      |39054400| 78780400|    |      |10|00|031|N|            |Y|3|   WV 55|9|        |2.35 mile West of WV 259                          
S|54|000055|7|2|22|3R|2|T|2|3|H|2|3|F|14|B|2|5|A|2|P|L|P| 16300550000|      |39054400| 78780400|    |      |10|00|031|N|            |Y|3|   WV 55|9|        |2.35 mile West of WV 259                          
S|54|000056|1|1|22|3R|2| |2|3| |0|3| |14| |0|5| |2|P|L| |019203400000|  8046|39228200| 77900500|    |      |00|00|037|N|            |N|2|  US 340|0|        |.55 MI. S. OF CO. 340/19                          
S|54|000056|1|2|22|3R|2| |2|3| |0|3| |14| |0|5| |2|P|L| |019203400000|  8046|39228200| 77900500|    |      |00|00|037|N|            |N|2|  US 340|0|        |.55 MI. S. OF CO. 340/19                          
S|54|000056|5|1|22|3R|2| |2|3| |0|3| |14| |0|5| |2|P|L| |019203400000|  8046|39228200| 77900500|    |      |00|00|037|N|            |N|2|  US 340|0|        |.55 MI. S. OF CO. 340/19                          
S|54|000056|5|2|22|3R|2| |2|3| |0|3| |14| |0|5| |2|P|L| |019203400000|  8046|39228200| 77900500|    |      |00|00|037|N|            |N|2|  US 340|0|        |.55 MI. S. OF CO. 340/19                          
S|54|000057|1|1|22|3U|2|T|2|3|H|2|3|F|14|B|2|5|A|2|P|L|P| 35300020000|      |40149800| 80699200|    |      |10|00|069|N|            |Y|3|    WV 2|9|        |North of CO 4                                     
S|54|000057|1|2|22|3U|2|T|2|3|H|2|3|F|14|B|2|5|A|2|P|L|P| 35300020000|      |40149800| 80699200|    |      |10|00|069|N|            |Y|3|    WV 2|9|        |North of CO 4                                     
S|54|000057|5|1|22|3U|2|T|2|3|H|2|3|F|14|B|2|5|A|2|P|L|P| 35300020000|      |40149800| 80699200|    |      |10|00|069|N|            |Y|3|    WV 2|9|        |North of CO 4                                     
S|54|000057|5|2|22|3U|2|T|2|3|H|2|3|F|14|B|2|5|A|2|P|L|P| 35300020000|      |40149800| 80699200|    |      |10|00|069|N|            |Y|3|    WV 2|9|        |North of CO 4                                     
S|54|000058|3|1|22|2U|2|T|2|3|H|2|3|F|14|B|2|5|A|2|P|L|P| 05200220000|      |40398300| 80537700|    |      |10|00|009|Y|050220000490|Y|2|   US 22|9|        |0.6 mile East of CO 13                            
S|54|000058|3|2|22|2U|2|T|2|3|H|2|3|F|14|B|2|5|A|2|P|L|P| 05200220000|      |40398300| 80537700|    |      |10|00|009|Y|050220000490|Y|2|   US 22|9|        |0.6 mile East of CO 13                            
S|54|000058|7|1|22|2U|2|T|2|3|H|2|3|F|14|B|2|5|A|2|P|L|P| 05200220000|      |40398300| 80537700|    |      |10|00|009|Y|050220000490|Y|2|   US 22|9|        |0.6 mile East of CO 13                            
S|54|000058|7|2|22|2U|2|T|2|3|H|2|3|F|14|B|2|5|A|2|P|L|P| 05200220000|      |40398300| 80537700|    |      |10|00|009|Y|050220000490|Y|2|   US 22|9|        |0.6 mile East of CO 13                            
S|54|000059|3|1|22|4R|1|T|1|3|H|1|3|F|14|B|1|5|A|2|P|L|P| 21200330000|      |39036714| 80674292|    |      |10|00|041|N|            |N|2|   US 33|9|        |0.8 mile West of CO 10                            
S|54|000059|7|1|22|4R|1|T|1|3|H|1|3|F|14|B|1|5|A|2|P|L|P| 21200330000|      |39036714| 80674292|    |      |10|00|041|N|            |N|2|   US 33|9|        |0.8 mile West of CO 10                            
S|54|000060|1|1|22|5R|1|T|1|3|H|1|3|F|14|B|1|5|A|2|P|L|P| 01300920000|      |39217900| 79895100|    |      |10|00|001|Y|010920002070|N|3|   WV 92|9|        |1.25 mile North of CO 10                          
S|54|000060|5|1|22|5R|1|T|1|3|H|1|3|F|14|B|1|5|A|2|P|L|P| 01300920000|      |39217900| 79895100|    |      |10|00|001|Y|010920002070|N|3|   WV 92|9|        |1.25 mile North of CO 10                          
S|54|000061|3|1|22|4R|1|T|1|3|H|1|3|F|14|B|1|5|A|2|P|L|P| 38300390000|      |38183300| 80006900|    |      |10|00|075|N|            |N|3|   WV 39|9|        |0.8 mile West of CO 28/8 (Browns Mountain Rd)     
S|54|000061|7|1|22|4R|1|T|1|3|H|1|3|F|14|B|1|5|A|2|P|L|P| 38300390000|      |38183300| 80006900|    |      |10|00|075|N|            |N|3|   WV 39|9|        |0.8 mile West of CO 28/8 (Browns Mountain Rd)     
S|54|000062|3|1|22|1R|2|T|2|3|H|2|3|F|14|B|2|5|A|2|P|L|P| 13100640000|284692|37770647| 80325506|    |      |10|00|000|N|  1.3064E+11|N|1|    I-64|9|        |1.5 miles East of Exit 175                        
S|54|000062|3|2|22|1R|2|T|2|3|H|2|3|F|14|B|2|5|A|2|P|L|P| 13100640000|284692|37770647| 80325506|    |      |10|00|000|N|  1.3064E+11|N|1|    I-64|9|        |1.5 miles East of Exit 175                        
S|54|000062|7|1|22|1R|2|T|2|3|H|2|3|F|14|B|2|5|A|2|P|L|P| 13100640000|284692|37770647| 80325506|    |      |10|00|000|N|  1.3064E+11|N|1|    I-64|9|        |1.5 miles East of Exit 175                        
S|54|000062|7|2|22|1R|2|T|2|3|H|2|3|F|14|B|2|5|A|2|P|L|P| 13100640000|284692|37770647| 80325506|    |      |10|00|000|N|  1.3064E+11|N|1|    I-64|9|        |1.5 miles East of Exit 175                        
S|54|000062|7|3|22|1R|2|T|2|3| |2|3| |14| |2|5| |0|D| | |           0|288925|37770647| 80325506|    |      |10|00|000|N|            |N|0|    I-64|0|        |.8 MI. W. OF EXIT 181                             
S|54|000062|7|4|22|1R|2|T|2|3| |2|3| |14| |2|5| |0|D| | |           0|288925|37770647| 80325506|    |      |10|00|000|N|            |N|0|    I-64|0|        |.8 MI. W. OF EXIT 181                             
S|54|000063|1|1|22|5U|1|T|1|3|H|1|3|F|14|B|1|5|A|2|P|L|P| 20400790300|      |38161200| 81448600|    |      |10|00|039|N|            |N|5| CO 79/3|9|        |0.2 mile North of CO 79/6                         
S|54|000063|5|2|22|5U|1|T|1|3|H|1|3|F|14|B|1|5|A|2|P|L|P| 20400790300|      |38161200| 81448600|    |      |10|00|039|N|            |N|5| CO 79/3|9|        |0.2 mile North of CO 79/6                         
S|54|000064|1|1|22|3R|2|T|2|3|H|2|3|F|14|B|2|5|A|2|P|L|P|040200350000| 22128|38525200| 81937000|    |      |10|00|079|N|            |Y|2|   US 35|9|        |2.25 mile South of CO 19 (Hurricane Creek Rd)     
S|54|000064|1|2|22|3R|2|T|2|3|H|2|3|F|14|B|2|5|A|2|P|L|P|040200350000| 22128|38525200| 81937000|    |      |10|00|079|N|            |Y|2|   US 35|9|        |2.25 mile South of CO 19 (Hurricane Creek Rd)     
S|54|000064|5|1|22|3R|2|T|2|3|H|2|3|F|14|B|2|5|A|2|P|L|P|040200350000| 22128|38525200| 81937000|    |      |10|00|079|N|            |Y|2|   US 35|9|        |2.25 mile South of CO 19 (Hurricane Creek Rd)     
S|54|000064|5|2|22|3R|2|T|2|3|H|2|3|F|14|B|2|5|A|2|P|L|P|040200350000| 22128|38525200| 81937000|    |      |10|00|079|N|            |Y|2|   US 35|9|        |2.25 mile South of CO 19 (Hurricane Creek Rd)     
S|54|000065|3|1|22|3R|2|T|2|3|H|2|3|F|14|B|2|5|A|2|P|L|P| 42200330000|      |38948500| 79876500|    |      |10|00|083|N|            |Y|2|   US 33|9|        |0.9 mile West US 219/250 S exit at Elkins         
S|54|000065|3|2|22|3R|2|T|2|3|H|2|3|F|14|B|2|5|A|2|P|L|P| 42200330000|      |38948500| 79876500|    |      |10|00|083|N|            |Y|2|   US 33|9|        |0.9 mile West US 219/250 S exit at Elkins         
S|54|000065|7|1|22|3R|2|T|2|3|H|2|3|F|14|B|2|5|A|2|P|L|P| 42200330000|      |38948500| 79876500|    |      |10|00|083|N|            |Y|2|   US 33|9|        |0.9 mile West US 219/250 S exit at Elkins         
S|54|000065|7|2|22|3R|2|T|2|3|H|2|3|F|14|B|2|5|A|2|P|L|P| 42200330000|      |38948500| 79876500|    |      |10|00|083|N|            |Y|2|   US 33|9|        |0.9 mile West US 219/250 S exit at Elkins         
S|54|000066|3|1|22|3U|2|T|2|3|H|2|3|F|14|B|2|5|A|2|P|L|P|002300090000| 18779|39410000| 77926000|    |      |10|00|003|Y|020090001818|Y|3|    WV 9|9|        |0.9 mile East of CO 9/17 (Baker Heights)          
S|54|000066|3|2|22|3U|2|T|2|3|H|2|3|F|14|B|2|5|A|2|P|L|P|002300090000| 18779|39410000| 77926000|    |      |10|00|003|Y|020090001818|Y|3|    WV 9|9|        |0.9 mile East of CO 9/17 (Baker Heights)          
S|54|000066|7|1|22|3U|2|T|2|3|H|2|3|F|14|B|2|5|A|2|P|L|P|002300090000| 18779|39410000| 77926000|    |      |10|00|003|Y|020090001818|Y|3|    WV 9|9|        |0.9 mile East of CO 9/17 (Baker Heights)          
S|54|000066|7|2|22|3U|2|T|2|3|H|2|3|F|14|B|2|5|A|2|P|L|P|002300090000| 18779|39410000| 77926000|    |      |10|00|003|Y|020090001818|Y|3|    WV 9|9|        |0.9 mile East of CO 9/17 (Baker Heights)          
S|54|000067|3|1|22|5R|1|T|1|3|H|1|3|F|14|B|1|5|A|2|P|L|P| 53300050000|      |38949700| 81275000|    |      |10|00|105|N|            |N|3|    WV 5|9|        |0.25 mile East of CO 5/4 (Lamp Black Lane)        
S|54|000067|7|1|22|5R|1|T|1|3|H|1|3|F|14|B|1|5|A|2|P|L|P| 53300050000|      |38949700| 81275000|    |      |10|00|105|N|            |N|3|    WV 5|9|        |0.25 mile East of CO 5/4 (Lamp Black Lane)        
S|54|000067|7|2|22|5R|1| |1|3| |0|3| |13| |1|5| |0| | | |000000000000|     0|38949700| 81275000|    |      |00|00|000|N|            |N|0|    WV 5|0|        |.25 MI. E. OF CO 5/4 (LAMP BLACK LANE)            
S|54|000068|1|1|22|3R|2|T|2|3|H|2|3|F|14|B|2|5|A|2|P|L|P| 23300100000|      |37764000| 81918000|    |      |10|00|045|N|            |Y|3|   WV 10|9|        |0.9 mile South of CO 10/4 (Rich Creek Rd)         
S|54|000068|1|2|22|3R|2|T|2|3|H|2|3|F|14|B|2|5|A|2|P|L|P| 23300100000|      |37764000| 81918000|    |      |10|00|045|N|            |Y|3|   WV 10|9|        |0.9 mile South of CO 10/4 (Rich Creek Rd)         
S|54|000068|5|1|22|3R|2|T|2|3|H|2|3|F|14|B|2|5|A|2|P|L|P| 23300100000|      |37764000| 81918000|    |      |10|00|045|N|            |Y|3|   WV 10|9|        |0.9 mile South of CO 10/4 (Rich Creek Rd)         
S|54|000068|5|2|22|3R|2|T|2|3|H|2|3|F|14|B|2|5|A|2|P|L|P| 23300100000|      |37764000| 81918000|    |      |10|00|045|N|            |Y|3|   WV 10|9|        |0.9 mile South of CO 10/4 (Rich Creek Rd)         
S|54|000069|3|1|22|3U|1|T|1|3|H|1|3|F|14|B|1|5|A|2|Q|L|P| 05300020003|      |40359200| 80612500|    |      |12|00|009|N|            |Y|3|WV 2 SPU|9|        |Market Street Bridge in Ohio                      
S|54|000069|7|1|22|3U|1|T|1|3|H|1|3|F|14|B|1|5|A|2|Q|L|P| 05300020003|      |40359200| 80612500|    |      |12|00|009|N|            |Y|3|WV 2 SPU|9|        |Market Street Bridge in Ohio                      
S|54|000070|1|1|22|4R|1|T|1|3|H|1|3|F|14|B|1|5|A|2|P|L|P| 22300100000|      |38157849| 82176554|    |    17|15|00|043|N|            |N|3|   WV 10|9|        |0.03 mile South of CO 52                          
S|54|000070|5|1|22|4R|1|T|1|3|H|1|3|F|14|B|1|5|A|2|P|L|P| 22300100000|      |38157849| 82176554|    |    17|15|00|043|N|            |N|3|   WV 10|9|        |0.03 mile South of CO 52                          
S|54|000072|1|1|22|3R|1|T|1|3|H|1|3|F|14|B|1|5|A|2|P|L|P| 42202190000|      |38807754| 79883271|    |    46|15|00|083|N|            |Y|2|  US 219|2|  US 250|0.15 mile South of CO 38                          
S|54|000072|5|1|22|3R|1|T|1|3|H|1|3|F|14|B|1|5|A|2|P|L|P| 42202190000|      |38807754| 79883271|    |    46|15|00|083|N|            |Y|2|  US 219|2|  US 250|0.15 mile South of CO 38                          
S|54|000090|3|1|22|1U|3|T|3|3|H|3|3|F|14|B|3|5|A|2|P|L|P| 35100700000|      |40056700| 80679200|    |      |10|00|069|Y|350700000435|Y|1|    I-70|9|        |3.0 miles East of Washington Ave (Wheeling)       
S|54|000090|3|2|22|1U|3|T|3|3|H|3|3|F|14|B|3|5|A|2|P|L|P| 35100700000|      |40056700| 80679200|    |      |10|00|069|Y|350700000435|Y|1|    I-70|9|        |3.0 miles East of Washington Ave (Wheeling)       
S|54|000090|3|3|22|1U|3|T|3|3|H|3|3|F|14|B|3|5|A|2|P|L|P| 35100700000|      |40056700| 80679200|    |      |10|00|069|Y|350700000435|Y|1|    I-70|9|        |3.0 miles East of Washington Ave (Wheeling)       
S|54|000091|1|1|22|1R|2|T|2|3|H|2|3|F|14|B|2|5|A|2|P|L|P| 25100790000|225308|39497900| 80074800|    |      |10|00|000|N|  2.5079E+11|N|1|    I-79|9|        |1.22 miles North of CO 33                         
S|54|000091|1|2|22|1R|2|T|2|3|H|2|3|F|14|B|2|5|A|2|P|L|P| 25100790000|225308|39497900| 80074800|    |      |10|00|000|N|  2.5079E+11|N|1|    I-79|9|        |1.22 miles North of CO 33                         
S|54|000091|5|1|22|1R|2|T|2|3|H|2|3|F|14|B|2|5|A|2|P|L|P| 25100790000|228526|39497900| 80074800|    |      |10|00|000|N|  2.5079E+11|N|1|    I-79|9|        |3.22 miles North of CO 33                         
S|54|000091|5|2|22|1R|2|T|2|3|H|2|3|F|14|B|2|5|A|2|P|L|P| 25100790000|228526|39497900| 80074800|    |      |10|00|000|N|  2.5079E+11|N|1|    I-79|9|        |3.22 miles North of CO 33                         
S|54|000092|5|1|22|1R|2|T|2|3|H|2|3|F|14|B|2|5|A|2|P|L|P| 25100790000|228526|39516700| 80054100|    |      |10|00|049|Y|250790014200|Y|1|    I-79|9|        |3.22 miles North of CO 33                         
S|54|000092|5|2|22|1R|2|T|2|3|H|2|3|F|14|B|2|5|A|2|P|L|P| 25100790000|228526|39516700| 80054100|    |      |10|00|049|Y|250790014200|Y|1|    I-79|9|        |3.22 miles North of CO 33                         
S|54|000093|1|1|22|1U|2|T|2|3|H|2|3|F|14|B|2|5|A|2|P|L|P| 54100770000|270031|39158800| 81545100|    |      |10|00|107|N|  5.4077E+11|N|1|    I-77|9|        |2.24 miles South of Mineral Wells Interchange     
S|54|000093|1|2|22|1U|2|T|2|3|H|2|3|F|14|B|2|5|A|2|P|L|P| 54100770000|270031|39158800| 81545100|    |      |10|00|107|N|  5.4077E+11|N|1|    I-77|9|        |2.24 miles South of Mineral Wells Interchange     
S|54|000093|5|1|22|1U|2|T|2|3|H|2|3|F|14|B|2|5|A|2|P|L|P| 54100770000|273137|39158800| 81545100|    |      |10|00|107|N|  5.4077E+11|N|1|    I-77|9|        |0.31 mile South of Mineral Wells Interchange      
S|54|000093|5|2|22|1U|2|T|2|3|H|2|3|F|14|B|2|5|A|2|P|L|P| 54100770000|273137|39158800| 81545100|    |      |10|00|107|N|  5.4077E+11|N|1|    I-77|9|        |0.31 mile South of Mineral Wells Interchange      
S|54|000094|5|1|22|1U|2|T|2|3|H|2|3|F|14|B|2|5|A|2|P|L|P| 54100770000|273137|39184700| 81531700|    |      |10|00|107|Y|540770016972|Y|1|    I-77|9|        |0.31 mile South of Mineral Wells Interchange      
S|54|000094|5|2|22|1U|2|T|2|3|H|2|3|F|14|B|2|5|A|2|P|L|P| 54100770000|273137|39184700| 81531700|    |      |10|00|107|Y|540770016972|Y|1|    I-77|9|        |0.31 mile South of Mineral Wells Interchange      
